Client->GAME [12:28:43 07/23/09] packet size: 12
00 00 00 00 00 01 04 08 2a 58 78 00 
........*Xx.

GAME->Client [12:28:43 07/23/09] packet size: 12
00 00 00 00 00 01 04 08 2a 58 78 00 
........*Xx.

Client->GAME [12:28:47 07/23/09] packet size: 13 CRYPTED, Flags: 7f ServerSeq: 4 ClientSeq: 271
02 04 01 00 08 01 06 81 51 00 00 00 00 
........Q....

GAME->Client [12:28:47 07/23/09] packet size: 1 CRYPTED, Flags: 7f ServerSeq: 165 ClientSeq: 271
02 
.

Client->GAME [12:28:47 07/23/09] packet size: 15 CRYPTED, Flags: 7f ServerSeq: 5 ClientSeq: 272
02 04 01 00 09 01 08 80 c7 03 00 05 00 02 00 
...............

GAME->Client [12:28:47 07/23/09] packet size: 16 CRYPTED, Flags: 7f ServerSeq: 166 ClientSeq: 256
82 14 c9 11 49 03 03 00 01 01 17 00 00 00 00 00 
....I...........

Client->GAME [12:28:48 07/23/09] packet size: 1 CRYPTED, Flags: 7f ServerSeq: 6 ClientSeq: 273
02 
.

GAME->Client [12:28:48 07/23/09] packet size: 711 CRYPTED, Flags: 7f ServerSeq: 167 ClientSeq: 256
02 04 01 01 3b 21 16 80 bc 15 00 3a 01 00 f7 03 00 00 08 02 00 00 00 00 01 00 00 00 00 16 80 bc 
15 00 3b 01 00 f7 03 00 00 07 02 ec ff ff ff 01 00 00 00 00 16 80 bc 15 00 3c 01 00 f7 03 00 00 
50 04 00 00 00 00 01 00 00 00 00 16 80 bc 15 00 3d 01 00 f7 03 00 00 f4 03 00 00 00 00 01 00 00 
00 00 16 80 bc 15 00 3e 01 00 f7 03 00 00 51 04 f6 ff ff ff 01 00 00 00 00 16 80 bc 15 00 3f 01 
00 f7 03 00 00 52 04 0f 00 00 00 01 00 00 00 00 16 80 bc 11 00 40 01 00 00 00 00 00 cb 02 00 00 
00 00 01 00 00 00 00 16 80 bc 19 00 88 01 00 d9 00 00 00 70 02 00 00 00 00 01 00 00 00 00 0b 80 
bd 01 d9 00 04 00 00 f0 41 01 06 80 c1 19 00 c8 00 16 80 bc 1d 00 89 01 00 70 02 00 00 00 00 00 
00 00 00 01 00 00 00 00 0b 80 bd 05 d9 00 00 00 00 00 00 00 16 80 bc 15 00 8a 01 00 0c 00 00 00 
6d 03 0a 00 00 00 01 85 6c f0 43 16 80 bc 15 00 8b 01 00 0c 00 00 00 6e 03 0a 00 00 00 01 85 6c 
f0 43 16 80 bc 1d 00 8c 01 00 0c 00 00 00 73 00 2d 00 00 00 01 85 6c f0 43 06 80 c1 00 00 c8 00 
16 80 bc 56 00 8d 01 00 c5 a7 00 00 7e 02 16 00 00 00 01 00 00 00 00 16 80 bc 56 00 8e 01 00 c5 
a7 00 00 cc 00 19 00 00 00 01 00 00 00 00 16 80 bc 56 00 8f 01 00 c5 a7 00 00 41 02 28 00 00 00 
01 00 00 00 00 16 80 bc 56 00 90 01 00 c5 a7 00 00 09 04 16 00 00 00 01 00 00 00 00 16 80 bc 56 
00 91 01 00 c5 a7 00 00 16 04 01 00 00 00 01 00 00 00 00 16 80 bc 56 00 92 01 00 95 b7 00 00 b4 
00 16 00 00 00 01 00 00 00 00 16 80 bc 56 00 93 01 00 95 b7 00 00 09 04 16 00 00 00 01 00 00 00 
00 16 80 bc 56 00 94 01 00 95 b7 00 00 9d 00 16 00 00 00 01 00 00 00 00 16 80 bc 56 00 95 01 00 
95 b7 00 00 b5 00 16 00 00 00 01 00 00 00 00 16 80 bc 56 00 96 01 00 24 b3 00 00 89 02 02 00 00 
00 01 00 00 00 00 16 80 bc 56 00 97 01 00 24 b3 00 00 1a 04 01 00 00 00 01 00 00 00 00 16 80 bc 
56 00 98 01 00 24 b3 00 00 b4 00 21 00 00 00 01 00 00 00 00 16 80 bc 56 00 99 01 00 24 b3 00 00 
09 04 21 00 00 00 01 00 00 00 00 16 80 bc 56 00 9a 01 00 24 b3 00 00 15 04 02 00 00 00 01 00 00 
00 00 16 80 bc 56 00 9b 01 00 24 b3 00 00 b5 00 21 00 00 00 01 00 00 00 00 16 80 bc 56 00 9c 01 
00 95 a7 00 00 b4 00 12 00 00 00 01 00 00 00 00 16 80 bc 56 00 9d 01 00 95 a7 00 00 b5 00 12 00 
00 00 01 00 00 00 00 
....;!.....:......................;......................<......P...............=...............
.......>......Q...............?......R...............@.............................p............
........A................p......................................m.......l.C............n.......l
.C............s.-.....l.C..........V........~.............V......................V........A.(...
........V......................V......................V......................V..................
....V......................V......................V....$.................V....$.................
V....$.....!...........V....$.....!...........V....$.................V....$.....!...........V...
...................V...................

Client->GAME [12:28:48 07/23/09] packet size: 1 CRYPTED, Flags: 7f ServerSeq: 7 ClientSeq: 274
02 
.

GAME->Client [12:28:48 07/23/09] packet size: 696 CRYPTED, Flags: 7f ServerSeq: 168 ClientSeq: 257
02 04 01 01 5c 1e 16 80 bc 56 00 9e 01 00 95 a7 00 00 09 04 12 00 00 00 01 00 00 00 00 16 80 bc 
56 00 9f 01 00 95 a7 00 00 70 00 0f 00 00 00 01 00 00 00 00 16 80 bc 56 00 a0 01 00 2c b3 00 00 
17 04 01 00 00 00 01 00 00 00 00 16 80 bc 56 00 a1 01 00 2c b3 00 00 b4 00 21 00 00 00 01 00 00 
00 00 16 80 bc 56 00 a2 01 00 2c b3 00 00 09 04 21 00 00 00 01 00 00 00 00 16 80 bc 56 00 a3 01 
00 2c b3 00 00 12 04 02 00 00 00 01 00 00 00 00 16 80 bc 56 00 a4 01 00 2c b3 00 00 07 04 02 00 
00 00 01 00 00 00 00 16 80 bc 56 00 a5 01 00 2c b3 00 00 b5 00 21 00 00 00 01 00 00 00 00 16 80 
bc 56 00 a6 01 00 c3 b2 00 00 89 02 02 00 00 00 01 00 00 00 00 16 80 bc 56 00 a7 01 00 c3 b2 00 
00 21 04 02 00 00 00 01 00 00 00 00 16 80 bc 56 00 a8 01 00 c3 b2 00 00 b4 00 1f 00 00 00 01 00 
00 00 00 16 80 bc 56 00 a9 01 00 c3 b2 00 00 09 04 1f 00 00 00 01 00 00 00 00 16 80 bc 56 00 aa 
01 00 c3 b2 00 00 1e 04 01 00 00 00 01 00 00 00 00 16 80 bc 56 00 ab 01 00 c3 b2 00 00 9d 00 1f 
00 00 00 01 00 00 00 00 16 80 bc 55 00 b5 01 00 02 00 00 00 cc 00 0c 00 00 00 01 00 00 00 00 16 
80 bc 55 00 bf 01 00 0b 00 00 00 37 02 96 00 00 00 01 00 00 00 00 16 80 bc 55 00 c0 01 00 2d 00 
00 00 23 04 0a 00 00 00 01 00 00 00 00 16 80 bc 55 00 c1 01 00 2d 00 00 00 20 04 0a 00 00 00 01 
00 00 00 00 16 80 bc 55 00 c2 01 00 2d 00 00 00 19 04 05 00 00 00 01 00 00 00 00 16 80 bc 55 00 
c3 01 00 2d 00 00 00 42 04 05 00 00 00 01 00 00 00 00 16 80 bc 55 00 c4 01 00 34 00 00 00 83 02 
c8 00 00 00 01 00 00 00 00 16 80 bc 55 00 c5 01 00 4b 00 00 00 1f 04 19 00 00 00 01 00 00 00 00 
16 80 bc 55 00 c6 01 00 5f 00 00 00 7c 04 0f 00 00 00 01 00 00 00 00 16 80 bc 55 00 c7 01 00 5f 
00 00 00 07 04 0f 00 00 00 01 00 00 00 00 16 80 bc 55 00 c8 01 00 62 00 00 00 06 04 01 00 00 00 
01 00 00 00 00 16 80 bc 55 00 c9 01 00 62 00 00 00 15 04 01 00 00 00 01 00 00 00 00 16 80 bc 55 
00 ca 01 00 a5 00 00 00 c0 02 05 00 00 00 01 00 00 00 00 16 80 bc 55 00 cb 01 00 d7 00 00 00 bf 
02 05 00 00 00 01 00 00 00 00 16 80 bc 55 00 cc 01 00 2a 01 00 00 7e 02 04 00 00 00 01 00 00 00 
00 16 80 bc 55 00 cd 01 00 2a 01 00 00 cc 00 00 00 00 00 01 00 00 00 00 
....\....V......................V........p.............V....,.................V....,.....!......
.....V....,.....!...........V....,.................V....,.................V....,.....!..........
.V......................V........!.............V......................V......................V..
....................V......................U......................U........7.............U....-.
..#.............U....-... .............U....-.................U....-...B.............U....4.....
............U....K.................U...._...|.............U...._.................U....b.........
........U....b.................U......................U......................U....*...~.........
....U....*..............

Client->GAME [12:28:48 07/23/09] packet size: 1 CRYPTED, Flags: 7f ServerSeq: 8 ClientSeq: 275
02 
.

GAME->Client [12:28:48 07/23/09] packet size: 700 CRYPTED, Flags: 7f ServerSeq: 169 ClientSeq: 258
02 04 02 01 7a 03 16 80 bc 55 00 ce 01 00 5a 01 00 00 07 04 05 00 00 00 01 00 00 00 00 16 80 bc 
55 00 cf 01 00 5a 01 00 00 1d 04 0f 00 00 00 01 00 00 00 00 16 80 bc 55 00 d0 01 00 64 01 00 00 
1f 04 05 00 00 00 01 00 00 00 00 01 7d 1c 16 80 bc 55 00 d1 01 00 66 01 00 00 7b 04 05 00 00 00 
01 00 00 00 00 16 80 bc 55 00 d2 01 00 66 01 00 00 12 04 0a 00 00 00 01 00 00 00 00 16 80 bc 55 
00 d3 01 00 66 01 00 00 06 04 0b 00 00 00 01 00 00 00 00 16 80 bc 55 00 d4 01 00 8e 01 00 00 03 
04 05 00 00 00 01 00 00 00 00 16 80 bc 55 00 d5 01 00 8e 01 00 00 12 04 0f 00 00 00 01 00 00 00 
00 16 80 bc 55 00 d6 01 00 8e 01 00 00 77 04 05 00 00 00 01 00 00 00 00 16 80 bc 55 00 d7 01 00 
cd 01 00 00 e5 03 05 00 00 00 01 00 00 00 00 16 80 bc 55 00 d8 01 00 cd 01 00 00 73 04 05 00 00 
00 01 00 00 00 00 16 80 bc 55 00 d9 01 00 cd 01 00 00 e3 03 0f 00 00 00 01 00 00 00 00 16 80 bc 
55 00 da 01 00 d5 01 00 00 e3 03 05 00 00 00 01 00 00 00 00 16 80 bc 55 00 db 01 00 36 02 00 00 
37 02 0a 00 00 00 01 00 00 00 00 16 80 bc 55 00 dc 01 00 74 02 00 00 34 02 1e 00 00 00 01 00 00 
00 00 16 80 bc 15 00 dd 01 00 11 00 00 00 ab 00 0d 00 00 00 01 00 00 00 00 16 80 bc 15 00 de 01 
00 11 00 00 00 0a 02 4d 00 00 00 01 00 00 00 00 16 80 bc 15 00 df 01 00 11 00 00 00 f2 03 34 00 
00 00 01 00 00 00 00 16 80 bc 15 00 e0 01 00 11 00 00 00 ed 03 4d 00 00 00 01 00 00 00 00 16 80 
bc 15 00 e1 01 00 11 00 00 00 9f 00 19 00 00 00 01 00 00 00 00 16 80 bc 15 00 e2 01 00 11 00 00 
00 f1 03 34 00 00 00 01 00 00 00 00 16 80 bc 15 00 e3 01 00 11 00 00 00 0c 02 34 00 00 00 01 00 
00 00 00 16 80 bc 15 00 e4 01 00 11 00 00 00 b7 00 4c 00 00 00 01 00 00 00 00 16 80 bc 15 00 e5 
01 00 11 00 00 00 f3 03 46 00 00 00 01 00 00 00 00 0b 80 bd 01 d9 00 04 00 00 f0 41 00 0b 80 bd 
05 11 00 00 00 00 00 00 00 16 80 bc 15 00 e6 01 00 11 00 00 00 ab 00 0c 00 00 00 00 00 00 00 00 
16 80 bc 15 00 e7 01 00 11 00 00 00 0a 02 4b 00 00 00 00 00 00 00 00 16 80 bc 15 00 e8 01 00 11 
00 00 00 f2 03 31 00 00 00 00 00 00 00 00 16 80 bc 15 00 e9 01 00 11 00 00 00 ed 03 4b 00 00 00 
00 00 00 00 00 16 80 bc 15 00 ea 01 00 11 00 00 00 9f 00 19 00 00 00 00 00 00 00 00 
....z....U....Z.................U....Z.................U....d...............}....U....f...{.....
........U....f.................U....f.................U......................U..................
....U........w.............U......................U........s.............U......................
U......................U....6...7.............U....t...4........................................
.......M......................4......................M..........................................
...4......................4......................L......................F..................A....
..............................................K......................1......................K...
............................

Client->GAME [12:28:48 07/23/09] packet size: 1 CRYPTED, Flags: 7f ServerSeq: 9 ClientSeq: 276
02 
.

GAME->Client [12:28:48 07/23/09] packet size: 488 CRYPTED, Flags: 7f ServerSeq: 170 ClientSeq: 259
02 04 01 01 99 1b 16 80 bc 15 00 eb 01 00 11 00 00 00 f1 03 31 00 00 00 00 00 00 00 00 16 80 bc 
15 00 ec 01 00 11 00 00 00 0c 02 34 00 00 00 00 00 00 00 00 16 80 bc 15 00 ed 01 00 11 00 00 00 
b7 00 46 00 00 00 00 00 00 00 00 16 80 bc 15 00 ee 01 00 11 00 00 00 f3 03 46 00 00 00 00 00 00 
00 00 0b 80 bd 05 11 00 00 00 00 00 00 01 16 80 bc 15 00 e6 01 00 11 00 00 00 ab 00 0c 00 00 00 
01 00 00 00 00 16 80 bc 15 00 e7 01 00 11 00 00 00 0a 02 4b 00 00 00 01 00 00 00 00 16 80 bc 15 
00 e8 01 00 11 00 00 00 f2 03 31 00 00 00 01 00 00 00 00 16 80 bc 15 00 e9 01 00 11 00 00 00 ed 
03 4b 00 00 00 01 00 00 00 00 16 80 bc 15 00 ea 01 00 11 00 00 00 9f 00 19 00 00 00 01 00 00 00 
00 16 80 bc 15 00 eb 01 00 11 00 00 00 f1 03 31 00 00 00 01 00 00 00 00 16 80 bc 15 00 ec 01 00 
11 00 00 00 0c 02 34 00 00 00 01 00 00 00 00 16 80 bc 15 00 ed 01 00 11 00 00 00 b7 00 46 00 00 
00 01 00 00 00 00 16 80 bc 15 00 ee 01 00 11 00 00 00 f3 03 46 00 00 00 01 00 00 00 00 04 80 b3 
11 00 16 80 bc 45 03 11 00 00 02 00 00 00 11 00 32 00 00 00 01 00 00 00 00 04 80 b3 35 04 16 80 
bc 45 03 35 04 00 62 00 00 00 35 04 00 00 00 00 01 00 00 00 00 04 80 b3 3d 04 16 80 bc 45 03 3d 
04 00 43 00 00 00 3d 04 00 00 00 00 01 00 00 00 00 04 80 b3 3e 04 16 80 bc 45 03 3e 04 00 4f 01 
00 00 3e 04 00 00 00 00 01 00 00 00 00 04 80 b3 3f 04 16 80 bc 45 03 3f 04 00 64 01 00 00 3f 04 
00 00 00 00 01 00 00 00 00 04 80 b3 40 04 16 80 bc 45 03 40 04 00 d5 01 00 00 40 04 00 00 00 00 
01 00 00 00 00 02 81 07 
....................1......................4......................F......................F......
...................................................K......................1.....................
.K.............................................1......................4......................F..
....................F................E..........2...........5....E.5..b...5.............=....E.=
..C...=.............>....E.>..O...>.............?....E.?..d...?.............@....E.@......@.....
........

Client->GAME [12:28:48 07/23/09] packet size: 13 CRYPTED, Flags: 7f ServerSeq: 10 ClientSeq: 277
02 04 01 00 0a 01 06 81 08 00 00 00 00 
.............

GAME->Client [12:28:48 07/23/09] packet size: 1 CRYPTED, Flags: 7f ServerSeq: 171 ClientSeq: 261
02 
.

Client->GAME [12:28:49 07/23/09] packet size: 1 CRYPTED, Flags: 7f ServerSeq: 11 ClientSeq: 278
02 
.

Client->GAME [12:28:49 07/23/09] packet size: 1 CRYPTED, Flags: 7f ServerSeq: 11 ClientSeq: 279
02 
.

GAME->Client [12:28:49 07/23/09] packet size: 1 CRYPTED, Flags: 7f ServerSeq: 172 ClientSeq: 261
42 
B

Client->GAME [12:28:49 07/23/09] packet size: 1 CRYPTED, Flags: 7f ServerSeq: 12 ClientSeq: 280
42 
B

GAME->Client [12:28:49 07/23/09] packet size: 5 CRYPTED, Flags: 7f ServerSeq: 173 ClientSeq: 263
c2 2f c9 11 49 
./..I

Client->GAME [12:28:49 07/23/09] packet size: 13 CRYPTED, Flags: 0 ServerSeq: 0 ClientSeq: 1
22 04 01 00 00 01 06 81 51 00 00 00 00 
".......Q....

GAME->Client [12:28:50 07/23/09] packet size: 72 CRYPTED, Flags: 1 ServerSeq: 2 ClientSeq: 1
02 04 01 00 03 01 41 81 67 17 00 27 00 1c 22 00 c6 01 11 00 00 00 00 00 00 00 37 00 00 08 0e 00 
41 66 74 65 72 57 68 6f 72 75 4e 65 6f 00 0e 00 41 66 74 65 72 57 68 6f 72 75 4e 65 6f 00 02 00 
4b 00 00 00 00 00 00 00 
......A.g..'.."...........7.....AfterWhoruNeo...AfterWhoruNeo...K.......

Client->GAME [12:28:50 07/23/09] packet size: 1 CRYPTED, Flags: 2 ServerSeq: 2 ClientSeq: 2
02 
.

GAME->Client [12:28:50 07/23/09] packet size: 139 CRYPTED, Flags: 3 ServerSeq: 3 ClientSeq: 2
02 04 01 00 00 03 6e 06 0e 00 01 00 00 00 2a c9 11 49 01 44 00 34 00 72 65 73 6f 75 72 63 65 2f 
77 6f 72 6c 64 73 2f 66 69 6e 61 6c 5f 77 6f 72 6c 64 2f 73 6c 75 6d 73 5f 62 61 72 72 65 6e 73 
5f 66 75 6c 6c 2e 6d 65 74 72 00 28 00 48 61 6c 6c 6f 77 65 65 6e 5f 45 76 65 6e 74 2c 57 69 6e 
74 65 72 33 48 61 6c 6c 6f 77 65 65 6e 46 6c 79 54 53 45 43 00 0a 80 e5 e7 cb c0 12 00 00 00 00 
0a 80 e4 3b 6f da 00 00 00 00 00 
......n.......*..I.D.4.resource/worlds/final_world/slums_barrens_full.metr.(.Halloween_Event,Win
ter3HalloweenFlyTSEC...............;o......

Client->GAME [12:28:50 07/23/09] packet size: 6 CRYPTED, Flags: 5 ServerSeq: 3 ClientSeq: 3
02 05 02 0c 00 00 
......

Client->GAME [12:28:51 07/23/09] packet size: 8 CRYPTED, Flags: 5 ServerSeq: 3 ClientSeq: 4
02 04 01 00 01 01 01 05 
........

GAME->Client [12:28:51 07/23/09] packet size: 1 CRYPTED, Flags: 7 ServerSeq: 4 ClientSeq: 3
02 
.

GAME->Client [12:28:51 07/23/09] packet size: 240 CRYPTED, Flags: f ServerSeq: 5 ClientSeq: 4
82 4d c9 11 49 03 01 00 0c 0c 00 b7 cd ab 23 9b 81 ff 71 02 00 00 41 6e 64 65 72 73 6f 6e 00 00 
00 00 00 00 00 00 00 00 00 00 00 00 00 00 00 00 00 00 00 00 00 00 01 d0 54 68 6f 6d 61 73 00 00 
00 00 00 00 00 00 00 00 00 00 00 00 00 00 00 00 00 00 00 00 00 00 00 00 66 66 e6 3e 85 0a d7 23 
40 ff d8 28 0a 25 00 00 08 01 ce 81 ff f7 00 31 5e 00 00 02 c6 67 00 41 66 74 65 72 57 68 6f 72 
75 4e 65 6f 00 00 00 00 00 00 00 00 00 00 00 00 00 00 00 00 00 00 00 28 0a fd 64 01 00 00 67 00 
75 d4 01 00 4b b1 00 00 00 00 23 1a e9 90 80 b0 04 02 02 8e 00 00 00 f7 00 dd 00 00 00 00 00 f3 
d6 40 00 00 00 00 00 c0 57 40 00 00 00 00 00 40 cf c0 81 ff 32 12 56 06 00 28 90 00 10 89 98 2d 
96 23 46 1c 01 11 00 00 00 67 00 02 00 00 00 00 
.M..I.........#...q...Anderson..........................Thomas..........................ff.>...#
@..(.%.........1^....g.AfterWhoruNeo...................(..d...g.u...K.....#.....................
.@......W@.....@....2.V..(.....-.#F......g......

Client->GAME [12:28:52 07/23/09] packet size: 74 CRYPTED, Flags: 17 ServerSeq: 5 ClientSeq: 5
02 03 02 00 02 60 08 41 6e 64 65 72 73 6f 6e 06 54 68 6f 6d 61 73 00 00 04 01 00 02 06 12 80 c9 
07 00 60 00 00 70 94 46 00 00 20 41 00 10 a4 c6 02 80 be 07 3f 45 00 10 00 00 00 08 3e 6b ee 03 
00 00 00 00 02 81 48 02 0c 01 
.....`.Anderson.Thomas............`..p.F.. A........?E......>k........H...

GAME->Client [12:28:52 07/23/09] packet size: 723 CRYPTED, Flags: 1f ServerSeq: 6 ClientSeq: 5
02 03 01 00 08 b5 19 b1 05 10 3e 3f cd ab 01 01 00 00 00 00 80 a2 d9 40 00 00 00 00 00 80 46 40 
00 00 00 00 00 97 cd c0 17 00 00 01 00 0c 57 02 b8 cd ab 13 8e 42 6c 61 63 6b 77 6f 6f 64 20 4d 
75 73 68 66 61 6b 65 00 00 00 00 00 00 00 00 00 00 00 00 00 00 00 10 00 00 22 d4 0e 95 1c 00 c6 
01 80 d1 b6 01 00 58 0a 00 00 00 88 fb bf dc 40 00 00 00 00 00 c0 57 40 00 00 00 c8 92 b0 d2 c0 
c0 01 8b 01 02 0d a8 05 06 01 b2 09 06 01 07 08 00 00 80 02 01 15 00 00 01 00 08 b5 19 b3 05 10 
3e 59 cd ab 01 01 00 00 00 00 80 89 d9 40 00 00 00 00 00 80 46 40 00 00 00 00 00 97 cd c0 13 00 
00 01 00 0c 57 02 b9 cd ab 13 8e 42 6c 61 63 6b 77 6f 6f 64 20 4d 75 73 68 66 61 6b 65 00 00 00 
00 00 00 00 00 00 00 00 00 00 00 00 10 00 00 22 d4 f2 95 1c 00 c6 01 80 d1 b6 01 00 58 0a 00 00 
00 82 12 ee d4 40 00 00 00 00 00 c0 57 40 00 00 00 90 da 1c c6 c0 c0 01 8b 01 02 16 a8 05 06 01 
b2 09 06 01 07 08 00 00 80 02 01 11 00 00 01 00 0c 57 02 ba cd ab 12 8e 42 6c 61 63 6b 77 6f 6f 
64 20 41 63 65 00 00 00 00 00 00 00 00 00 00 00 00 00 00 00 00 00 00 00 00 10 00 00 22 d4 f0 96 
1c 00 c6 01 80 c1 b7 01 00 58 00 00 00 80 4b be d4 40 00 00 00 00 00 c0 57 40 00 00 00 20 dc fa 
c5 c0 c0 01 8b 05 01 10 a8 05 5e 01 b2 04 5e 01 07 08 00 00 80 02 01 0f 00 00 01 00 0c 69 09 7e 
cd ab 02 05 00 00 00 40 7c be db 40 00 00 00 00 00 00 41 40 00 00 00 20 5a 07 c9 c0 00 00 00 80 
f3 04 35 3f 00 00 00 80 f3 04 35 3f 0d 00 00 00 00 04 01 00 04 0b 16 80 bc 56 00 f2 01 00 c5 a7 
00 00 7e 02 16 00 00 00 01 00 00 00 00 16 80 bc 56 00 f3 01 00 c5 a7 00 00 cc 00 19 00 00 00 01 
00 00 00 00 16 80 bc 56 00 f4 01 00 c5 a7 00 00 41 02 28 00 00 00 01 00 00 00 00 16 80 bc 56 00 
f5 01 00 c5 a7 00 00 09 04 16 00 00 00 01 00 00 00 00 16 80 bc 56 00 f6 01 00 c5 a7 00 00 16 04 
01 00 00 00 01 00 00 00 00 16 80 bc 56 00 39 02 00 c5 a7 00 00 7e 02 16 00 00 00 00 00 00 00 00 
16 80 bc 56 00 3a 02 00 c5 a7 00 00 cc 00 19 00 00 00 00 00 00 00 00 16 80 bc 56 00 3b 02 00 c5 
a7 00 00 41 02 28 00 00 00 00 00 00 00 00 16 80 bc 56 00 3c 02 00 c5 a7 00 00 09 04 16 00 00 00 
00 00 00 00 00 16 80 bc 56 00 3d 02 00 c5 a7 00 00 16 04 01 00 00 00 00 00 00 00 00 16 80 bc 56 
00 f7 01 00 95 b7 00 00 b4 00 16 00 00 00 01 00 00 00 00 
..........>?...........@......F@..............W......Blackwood Mushfake.................."......
......X........@......W@........................................>Y...........@......F@..........
....W......Blackwood Mushfake.................."............X........@......W@..................
.................W......Blackwood Ace......................."............X....K..@......W@... ..
..........^...^..............i.~.......@|..@......A@... Z.........5?......5?.............V......
..~.............V......................V........A.(...........V......................V..........
............V.9......~.............V.:....................V.;......A.(...........V.<............
........V.=....................V...................

Client->GAME [12:28:52 07/23/09] packet size: 25 CRYPTED, Flags: 17 ServerSeq: 5 ClientSeq: 6
02 04 01 00 08 01 12 80 c9 07 00 c0 01 00 50 c3 46 00 00 20 41 00 b0 b3 c6 
..............P.F.. A....

GAME->Client [12:28:52 07/23/09] packet size: 713 CRYPTED, Flags: 1f ServerSeq: 7 ClientSeq: 5
82 5e c9 11 49 03 01 00 0c 57 02 bb cd ab 12 8e 42 6c 61 63 6b 77 6f 6f 64 20 41 63 65 00 00 00 
00 00 00 00 00 00 00 00 00 00 00 00 00 00 00 00 00 10 00 00 22 d4 5f 96 1c 00 c6 01 80 d1 b7 01 
00 58 0a 00 00 00 60 5c 73 dc 40 00 00 00 00 00 c0 57 40 00 00 00 98 8b 5a d3 c0 c0 01 83 01 01 
a8 05 5e 01 b2 04 5e 01 07 08 00 00 80 02 01 0b 00 00 01 00 0c 57 02 bc cd ab 12 8e 42 6c 61 63 
6b 77 6f 6f 64 20 47 6f 6f 66 00 00 00 00 00 00 00 00 00 00 00 00 00 00 00 00 00 00 00 10 00 00 
22 d4 10 94 1c 00 c6 01 80 c1 b3 01 00 58 00 00 00 60 b6 1c d5 40 00 00 00 00 00 c0 57 40 00 00 
00 80 94 56 c6 c0 c0 01 8b 04 03 12 a8 05 af 00 b2 09 af 00 07 08 00 00 80 02 01 09 00 00 01 00 
08 b5 19 aa 05 10 3e b9 cd ab 01 01 00 00 00 00 80 4b db 40 00 00 00 00 00 80 46 40 00 00 00 00 
00 97 cd c0 07 00 00 01 00 08 b5 19 ab 05 10 3e 9b cd ab 01 01 00 00 00 00 80 32 db 40 00 00 00 
00 00 80 46 40 00 00 00 00 00 97 cd c0 05 00 00 01 00 08 b5 19 af 05 10 3e 5a cd ab 02 03 00 00 
00 00 80 ed d9 40 00 00 00 00 00 80 46 40 00 00 00 00 00 c7 c5 c0 00 00 00 00 00 00 80 3f 00 00 
00 00 2e bd 3b b3 03 00 00 00 00 04 01 00 0f 0f 16 80 bc 56 00 f8 01 00 95 b7 00 00 09 04 16 00 
00 00 01 00 00 00 00 16 80 bc 56 00 f9 01 00 95 b7 00 00 9d 00 16 00 00 00 01 00 00 00 00 16 80 
bc 56 00 fa 01 00 95 b7 00 00 b5 00 16 00 00 00 01 00 00 00 00 16 80 bc 56 00 3e 02 00 95 b7 00 
00 b4 00 16 00 00 00 00 00 00 00 00 16 80 bc 56 00 3f 02 00 95 b7 00 00 09 04 16 00 00 00 00 00 
00 00 00 16 80 bc 56 00 40 02 00 95 b7 00 00 9d 00 16 00 00 00 00 00 00 00 00 16 80 bc 56 00 41 
02 00 95 b7 00 00 b5 00 16 00 00 00 00 00 00 00 00 16 80 bc 56 00 fb 01 00 24 b3 00 00 89 02 02 
00 00 00 01 00 00 00 00 16 80 bc 56 00 fc 01 00 24 b3 00 00 1a 04 01 00 00 00 01 00 00 00 00 16 
80 bc 56 00 fd 01 00 24 b3 00 00 b4 00 21 00 00 00 01 00 00 00 00 16 80 bc 56 00 fe 01 00 24 b3 
00 00 09 04 21 00 00 00 01 00 00 00 00 16 80 bc 56 00 ff 01 00 24 b3 00 00 15 04 02 00 00 00 01 
00 00 00 00 16 80 bc 56 00 00 02 00 24 b3 00 00 b5 00 21 00 00 00 01 00 00 00 00 16 80 bc 56 00 
42 02 00 24 b3 00 00 89 02 02 00 00 00 00 00 00 00 00 16 80 bc 56 00 43 02 00 24 b3 00 00 1a 04 
01 00 00 00 00 00 00 00 00 
.^..I....W......Blackwood Ace......................."._..........X....`\s.@......W@.....Z.......
..^...^..............W......Blackwood Goof......................"............X...`...@......W@..
...V..................................>..........K.@......F@...................>..........2.@...
...F@...................>Z...........@......F@...............?......;..............V............
..........V......................V......................V.>....................V.?..............
......V.@....................V.A....................V....$.................V....$...............
..V....$.....!...........V....$.....!...........V....$.................V....$.....!...........V.
B..$.................V.C..$..............

Client->GAME [12:28:52 07/23/09] packet size: 1 CRYPTED, Flags: 5f ServerSeq: 7 ClientSeq: 7
02 
.

GAME->Client [12:28:53 07/23/09] packet size: 696 CRYPTED, Flags: 1f ServerSeq: 8 ClientSeq: 5
02 03 01 00 02 13 00 0f 00 02 0c e7 5c f2 a5 46 00 00 be 42 e1 d6 2f c6 01 00 02 13 00 0b 00 02 
0c 60 8a b8 e3 46 00 00 be 42 5b f1 9a c6 01 00 02 13 00 09 00 02 0c 19 b3 e5 a8 46 00 00 be 42 
a4 b4 32 c6 00 00 04 01 00 1e 1b 16 80 bc 56 00 44 02 00 24 b3 00 00 b4 00 21 00 00 00 00 00 00 
00 00 16 80 bc 56 00 45 02 00 24 b3 00 00 09 04 21 00 00 00 00 00 00 00 00 16 80 bc 56 00 46 02 
00 24 b3 00 00 15 04 02 00 00 00 00 00 00 00 00 16 80 bc 56 00 47 02 00 24 b3 00 00 b5 00 21 00 
00 00 00 00 00 00 00 16 80 bc 56 00 01 02 00 95 a7 00 00 b4 00 12 00 00 00 01 00 00 00 00 16 80 
bc 56 00 02 02 00 95 a7 00 00 b5 00 12 00 00 00 01 00 00 00 00 16 80 bc 56 00 03 02 00 95 a7 00 
00 09 04 12 00 00 00 01 00 00 00 00 16 80 bc 56 00 04 02 00 95 a7 00 00 70 00 0f 00 00 00 01 00 
00 00 00 16 80 bc 56 00 48 02 00 95 a7 00 00 b4 00 12 00 00 00 00 00 00 00 00 16 80 bc 56 00 49 
02 00 95 a7 00 00 b5 00 12 00 00 00 00 00 00 00 00 16 80 bc 56 00 4a 02 00 95 a7 00 00 09 04 12 
00 00 00 00 00 00 00 00 16 80 bc 56 00 4b 02 00 95 a7 00 00 70 00 0f 00 00 00 00 00 00 00 00 16 
80 bc 56 00 05 02 00 2c b3 00 00 17 04 01 00 00 00 01 00 00 00 00 16 80 bc 56 00 06 02 00 2c b3 
00 00 b4 00 21 00 00 00 01 00 00 00 00 16 80 bc 56 00 07 02 00 2c b3 00 00 09 04 21 00 00 00 01 
00 00 00 00 16 80 bc 56 00 08 02 00 2c b3 00 00 12 04 02 00 00 00 01 00 00 00 00 16 80 bc 56 00 
09 02 00 2c b3 00 00 07 04 02 00 00 00 01 00 00 00 00 16 80 bc 56 00 0a 02 00 2c b3 00 00 b5 00 
21 00 00 00 01 00 00 00 00 16 80 bc 56 00 4c 02 00 2c b3 00 00 17 04 01 00 00 00 00 00 00 00 00 
16 80 bc 56 00 4d 02 00 2c b3 00 00 b4 00 21 00 00 00 00 00 00 00 00 16 80 bc 56 00 4e 02 00 2c 
b3 00 00 09 04 21 00 00 00 00 00 00 00 00 16 80 bc 56 00 4f 02 00 2c b3 00 00 12 04 02 00 00 00 
00 00 00 00 00 16 80 bc 56 00 50 02 00 2c b3 00 00 07 04 02 00 00 00 00 00 00 00 00 16 80 bc 56 
00 51 02 00 2c b3 00 00 b5 00 21 00 00 00 00 00 00 00 00 16 80 bc 56 00 0b 02 00 c3 b2 00 00 89 
02 02 00 00 00 01 00 00 00 00 16 80 bc 56 00 0c 02 00 c3 b2 00 00 21 04 02 00 00 00 01 00 00 00 
00 16 80 bc 56 00 0d 02 00 c3 b2 00 00 b4 00 1f 00 00 00 01 00 00 00 00 
............\..F...B../..........`...F...B[................F...B..2...........V.D..$.....!......
.....V.E..$.....!...........V.F..$.................V.G..$.....!...........V.....................
.V......................V......................V........p.............V.H....................V.I
....................V.J....................V.K......p.............V....,.................V....,.
....!...........V....,.....!...........V....,.................V....,.................V....,.....
!...........V.L..,.................V.M..,.....!...........V.N..,.....!...........V.O..,.........
........V.P..,.................V.Q..,.....!...........V......................V........!.........
....V...................

Client->GAME [12:28:53 07/23/09] packet size: 1 CRYPTED, Flags: 3f ServerSeq: 8 ClientSeq: 8
02 
.

GAME->Client [12:28:53 07/23/09] packet size: 708 CRYPTED, Flags: 7f ServerSeq: 9 ClientSeq: 7
02 03 0f 00 02 0c dd 5c f2 a5 46 00 00 be 42 e1 d6 2f c6 0b 00 02 0c 5f bf d8 e3 46 00 00 be 42 
c7 10 9b c6 09 00 02 0c 23 b3 e5 a8 46 00 00 be 42 a4 b4 32 c6 00 00 04 02 00 39 0a 16 80 bc 56 
00 0e 02 00 c3 b2 00 00 09 04 1f 00 00 00 01 00 00 00 00 16 80 bc 56 00 0f 02 00 c3 b2 00 00 1e 
04 01 00 00 00 01 00 00 00 00 16 80 bc 56 00 10 02 00 c3 b2 00 00 9d 00 1f 00 00 00 01 00 00 00 
00 16 80 bc 56 00 52 02 00 c3 b2 00 00 89 02 02 00 00 00 00 00 00 00 00 16 80 bc 56 00 53 02 00 
c3 b2 00 00 21 04 02 00 00 00 00 00 00 00 00 16 80 bc 56 00 54 02 00 c3 b2 00 00 b4 00 1f 00 00 
00 00 00 00 00 00 16 80 bc 56 00 55 02 00 c3 b2 00 00 09 04 1f 00 00 00 00 00 00 00 00 16 80 bc 
56 00 56 02 00 c3 b2 00 00 1e 04 01 00 00 00 00 00 00 00 00 16 80 bc 56 00 57 02 00 c3 b2 00 00 
9d 00 1f 00 00 00 00 00 00 00 00 16 80 bc 15 00 30 02 00 11 00 00 00 ab 00 0d 00 00 00 01 00 00 
00 00 00 43 13 16 80 bc 15 00 31 02 00 11 00 00 00 0a 02 4d 00 00 00 01 00 00 00 00 16 80 bc 15 
00 32 02 00 11 00 00 00 f2 03 34 00 00 00 01 00 00 00 00 16 80 bc 15 00 33 02 00 11 00 00 00 ed 
03 4d 00 00 00 01 00 00 00 00 16 80 bc 15 00 34 02 00 11 00 00 00 9f 00 19 00 00 00 01 00 00 00 
00 16 80 bc 15 00 35 02 00 11 00 00 00 f1 03 34 00 00 00 01 00 00 00 00 16 80 bc 15 00 36 02 00 
11 00 00 00 0c 02 34 00 00 00 01 00 00 00 00 16 80 bc 15 00 37 02 00 11 00 00 00 b7 00 4c 00 00 
00 01 00 00 00 00 16 80 bc 15 00 38 02 00 11 00 00 00 f3 03 46 00 00 00 01 00 00 00 00 0b 80 bd 
05 11 00 00 00 00 00 00 00 16 80 bc 15 00 58 02 00 11 00 00 00 ab 00 0d 00 00 00 00 00 00 00 00 
16 80 bc 15 00 59 02 00 11 00 00 00 0a 02 4d 00 00 00 00 00 00 00 00 16 80 bc 15 00 5a 02 00 11 
00 00 00 f2 03 34 00 00 00 00 00 00 00 00 16 80 bc 15 00 5b 02 00 11 00 00 00 ed 03 4d 00 00 00 
00 00 00 00 00 16 80 bc 15 00 5c 02 00 11 00 00 00 9f 00 19 00 00 00 00 00 00 00 00 16 80 bc 15 
00 5d 02 00 11 00 00 00 f1 03 34 00 00 00 00 00 00 00 00 16 80 bc 15 00 5e 02 00 11 00 00 00 0c 
02 34 00 00 00 00 00 00 00 00 16 80 bc 15 00 5f 02 00 11 00 00 00 b7 00 4c 00 00 00 00 00 00 00 
00 16 80 bc 15 00 60 02 00 11 00 00 00 f3 03 46 00 00 00 00 00 00 00 00 0b 80 bd 05 11 00 00 00 
00 00 00 01 
.......\..F...B../....._...F...B........#...F...B..2......9....V......................V.........
.............V......................V.R....................V.S......!.............V.T...........
.........V.U....................V.V....................V.W......................0...............
...C......1........M.............2........4.............3........M.............4................
......5........4.............6........4.............7........L.............8........F...........
..............X......................Y........M.............Z........4.............[........M...
..........\......................]........4.............^........4............._........L.......
......`........F....................

Client->GAME [12:28:53 07/23/09] packet size: 44 CRYPTED, Flags: 3f ServerSeq: 8 ClientSeq: 9
02 04 01 00 09 02 12 80 c9 0f 00 d0 1a 00 40 9c 45 00 80 13 c4 00 30 f2 c6 12 80 c9 04 00 00 0e 
00 28 6b 46 00 00 96 44 00 f0 9b c5 
..............@.E.....0..........(kF...D....

GAME->Client [12:28:53 07/23/09] packet size: 701 CRYPTED, Flags: 7f ServerSeq: 10 ClientSeq: 8
02 03 0f 00 02 0c d3 5c f2 a5 46 00 00 be 42 e1 d6 2f c6 09 00 02 0c 2d b3 e5 a8 46 00 00 be 42 
a4 b4 32 c6 00 00 04 01 00 56 1e 16 80 bc 15 00 58 02 00 11 00 00 00 ab 00 0d 00 00 00 01 00 00 
00 00 16 80 bc 15 00 59 02 00 11 00 00 00 0a 02 4d 00 00 00 01 00 00 00 00 16 80 bc 15 00 5a 02 
00 11 00 00 00 f2 03 34 00 00 00 01 00 00 00 00 16 80 bc 15 00 5b 02 00 11 00 00 00 ed 03 4d 00 
00 00 01 00 00 00 00 16 80 bc 15 00 5c 02 00 11 00 00 00 9f 00 19 00 00 00 01 00 00 00 00 16 80 
bc 15 00 5d 02 00 11 00 00 00 f1 03 34 00 00 00 01 00 00 00 00 16 80 bc 15 00 5e 02 00 11 00 00 
00 0c 02 34 00 00 00 01 00 00 00 00 16 80 bc 15 00 5f 02 00 11 00 00 00 b7 00 4c 00 00 00 01 00 
00 00 00 16 80 bc 15 00 60 02 00 11 00 00 00 f3 03 46 00 00 00 01 00 00 00 00 04 80 b3 11 00 16 
80 bc 45 03 11 00 00 02 00 00 00 11 00 32 00 00 00 01 00 00 00 00 16 80 bc 55 00 11 02 00 02 00 
00 00 cc 00 0c 00 00 00 01 00 00 00 00 08 80 b2 11 00 32 00 08 02 16 80 bc 45 03 11 00 00 02 00 
00 00 11 00 32 00 00 00 00 00 00 00 00 16 80 bc 55 00 61 02 00 02 00 00 00 cc 00 0c 00 00 00 00 
00 00 00 00 16 80 bc 15 00 62 02 00 11 00 00 00 ab 00 0d 00 00 00 00 00 00 00 00 16 80 bc 15 00 
63 02 00 11 00 00 00 0a 02 4d 00 00 00 00 00 00 00 00 16 80 bc 15 00 64 02 00 11 00 00 00 f2 03 
34 00 00 00 00 00 00 00 00 16 80 bc 15 00 65 02 00 11 00 00 00 ed 03 4d 00 00 00 00 00 00 00 00 
16 80 bc 15 00 66 02 00 11 00 00 00 9f 00 19 00 00 00 00 00 00 00 00 16 80 bc 15 00 67 02 00 11 
00 00 00 f1 03 34 00 00 00 00 00 00 00 00 16 80 bc 15 00 68 02 00 11 00 00 00 0c 02 34 00 00 00 
00 00 00 00 00 16 80 bc 15 00 69 02 00 11 00 00 00 b7 00 4c 00 00 00 00 00 00 00 00 16 80 bc 15 
00 6a 02 00 11 00 00 00 f3 03 46 00 00 00 00 00 00 00 00 16 80 bc 55 00 12 02 00 0b 00 00 00 37 
02 96 00 00 00 01 00 00 00 00 16 80 bc 55 00 6b 02 00 0b 00 00 00 37 02 96 00 00 00 00 00 00 00 
00 16 80 bc 55 00 13 02 00 2d 00 00 00 23 04 0a 00 00 00 01 00 00 00 00 16 80 bc 55 00 14 02 00 
2d 00 00 00 20 04 0a 00 00 00 01 00 00 00 00 16 80 bc 55 00 15 02 00 2d 00 00 00 19 04 05 00 00 
00 01 00 00 00 00 16 80 bc 55 00 16 02 00 2d 00 00 00 42 04 05 00 00 00 01 00 00 00 00 
.......\..F...B../.....-...F...B..2......V......X......................Y........M.............Z.
.......4.............[........M.............\......................]........4.............^.....
...4............._........L.............`........F................E..........2...........U......
..................2......E..........2...........U.a......................b......................
c........M.............d........4.............e........M.............f......................g...
.....4.............h........4.............i........L.............j........F...........U........7
.............U.k......7.............U....-...#.............U....-... .............U....-........
.........U....-...B..........

Client->GAME [12:28:53 07/23/09] packet size: 1 CRYPTED, Flags: 7f ServerSeq: 9 ClientSeq: 10
02 
.

Client->GAME [12:28:53 07/23/09] packet size: 1 CRYPTED, Flags: 7f ServerSeq: 10 ClientSeq: 11
02 
.

GAME->Client [12:28:53 07/23/09] packet size: 696 CRYPTED, Flags: 7f ServerSeq: 11 ClientSeq: 9
02 03 0f 00 02 0c c9 5c f2 a5 46 00 00 be 42 e1 d6 2f c6 0b 00 02 2e 00 40 00 00 00 10 01 5f 28 
19 e4 46 00 00 be 42 a1 4f 9b c6 09 00 02 0c 37 b3 e5 a8 46 00 00 be 42 a4 b4 32 c6 00 00 04 02 
00 74 13 16 80 bc 55 00 6c 02 00 2d 00 00 00 23 04 0a 00 00 00 00 00 00 00 00 16 80 bc 55 00 6d 
02 00 2d 00 00 00 20 04 0a 00 00 00 00 00 00 00 00 16 80 bc 55 00 6e 02 00 2d 00 00 00 19 04 05 
00 00 00 00 00 00 00 00 16 80 bc 55 00 6f 02 00 2d 00 00 00 42 04 05 00 00 00 00 00 00 00 00 16 
80 bc 55 00 17 02 00 34 00 00 00 83 02 c8 00 00 00 01 00 00 00 00 16 80 bc 55 00 70 02 00 34 00 
00 00 83 02 c8 00 00 00 00 00 00 00 00 04 80 b3 3d 04 16 80 bc 45 03 3d 04 00 43 00 00 00 3d 04 
00 00 00 00 01 00 00 00 00 08 80 b2 3d 04 00 00 08 02 16 80 bc 45 03 3d 04 00 43 00 00 00 3d 04 
00 00 00 00 00 00 00 00 00 16 80 bc 55 00 18 02 00 4b 00 00 00 1f 04 19 00 00 00 01 00 00 00 00 
16 80 bc 55 00 71 02 00 4b 00 00 00 1f 04 19 00 00 00 00 00 00 00 00 16 80 bc 55 00 19 02 00 5f 
00 00 00 7c 04 0f 00 00 00 01 00 00 00 00 16 80 bc 55 00 1a 02 00 5f 00 00 00 07 04 0f 00 00 00 
01 00 00 00 00 16 80 bc 55 00 72 02 00 5f 00 00 00 7c 04 0f 00 00 00 00 00 00 00 00 16 80 bc 55 
00 73 02 00 5f 00 00 00 07 04 0f 00 00 00 00 00 00 00 00 16 80 bc 55 00 1b 02 00 62 00 00 00 06 
04 01 00 00 00 01 00 00 00 00 04 80 b3 35 04 16 80 bc 45 03 35 04 00 62 00 00 00 35 04 00 00 00 
00 01 00 00 00 00 00 87 0b 16 80 bc 55 00 1c 02 00 62 00 00 00 15 04 01 00 00 00 01 00 00 00 00 
16 80 bc 55 00 74 02 00 62 00 00 00 06 04 01 00 00 00 00 00 00 00 00 08 80 b2 35 04 00 00 08 02 
16 80 bc 45 03 35 04 00 62 00 00 00 35 04 00 00 00 00 00 00 00 00 00 16 80 bc 55 00 75 02 00 62 
00 00 00 15 04 01 00 00 00 00 00 00 00 00 16 80 bc 55 00 1d 02 00 a5 00 00 00 c0 02 05 00 00 00 
01 00 00 00 00 16 80 bc 55 00 76 02 00 a5 00 00 00 c0 02 05 00 00 00 00 00 00 00 00 16 80 bc 55 
00 1e 02 00 d7 00 00 00 bf 02 05 00 00 00 01 00 00 00 00 16 80 bc 55 00 77 02 00 d7 00 00 00 bf 
02 05 00 00 00 00 00 00 00 00 16 80 bc 55 00 1f 02 00 2a 01 00 00 7e 02 04 00 00 00 01 00 00 00 
00 16 80 bc 55 00 20 02 00 2a 01 00 00 cc 00 00 00 00 00 01 00 00 00 00 
.......\..F...B../......@....._(..F...B.O......7...F...B..2......t....U.l..-...#.............U.m
..-... .............U.n..-.................U.o..-...B.............U....4.................U.p..4.
................=....E.=..C...=.............=........E.=..C...=.............U....K..............
...U.q..K.................U...._...|.............U...._.................U.r.._...|.............U
.s.._.................U....b.................5....E.5..b...5................U....b..............
...U.t..b.................5........E.5..b...5.............U.u..b.................U..............
........U.v....................U......................U.w....................U....*...~.........
....U. ..*..............

Client->GAME [12:28:53 07/23/09] packet size: 44 CRYPTED, Flags: 7f ServerSeq: 11 ClientSeq: 12
02 04 01 00 0b 02 12 80 c9 03 00 70 54 00 24 01 47 00 00 48 44 00 b0 b3 c6 12 80 c9 0b 00 70 54 
00 e8 00 47 00 00 20 41 00 b0 b3 c6 
...........pT.$.G..HD.........pT...G.. A....

GAME->Client [12:28:53 07/23/09] packet size: 708 CRYPTED, Flags: 7f ServerSeq: 12 ClientSeq: 10
02 03 15 00 02 08 61 4c e6 46 00 00 be 42 bc ae 94 c6 0f 00 02 0c bd 5c f2 a5 46 00 00 be 42 e1 
d6 2f c6 09 00 02 0c 43 b3 e5 a8 46 00 00 be 42 a4 b4 32 c6 00 00 04 01 00 92 1f 16 80 bc 55 00 
78 02 00 2a 01 00 00 7e 02 04 00 00 00 00 00 00 00 00 16 80 bc 55 00 79 02 00 2a 01 00 00 cc 00 
00 00 00 00 00 00 00 00 00 04 80 b3 3e 04 16 80 bc 45 03 3e 04 00 4f 01 00 00 3e 04 00 00 00 00 
01 00 00 00 00 08 80 b2 3e 04 00 00 08 02 16 80 bc 45 03 3e 04 00 4f 01 00 00 3e 04 00 00 00 00 
00 00 00 00 00 16 80 bc 55 00 21 02 00 5a 01 00 00 07 04 05 00 00 00 01 00 00 00 00 16 80 bc 55 
00 22 02 00 5a 01 00 00 1d 04 0f 00 00 00 01 00 00 00 00 16 80 bc 55 00 7a 02 00 5a 01 00 00 07 
04 05 00 00 00 00 00 00 00 00 16 80 bc 55 00 7b 02 00 5a 01 00 00 1d 04 0f 00 00 00 00 00 00 00 
00 04 80 b3 3f 04 16 80 bc 45 03 3f 04 00 64 01 00 00 3f 04 00 00 00 00 01 00 00 00 00 16 80 bc 
55 00 23 02 00 64 01 00 00 1f 04 05 00 00 00 01 00 00 00 00 08 80 b2 3f 04 00 00 08 02 16 80 bc 
45 03 3f 04 00 64 01 00 00 3f 04 00 00 00 00 00 00 00 00 00 16 80 bc 55 00 7c 02 00 64 01 00 00 
1f 04 05 00 00 00 00 00 00 00 00 16 80 bc 55 00 24 02 00 66 01 00 00 7b 04 05 00 00 00 01 00 00 
00 00 16 80 bc 55 00 25 02 00 66 01 00 00 12 04 0a 00 00 00 01 00 00 00 00 16 80 bc 55 00 26 02 
00 66 01 00 00 06 04 0b 00 00 00 01 00 00 00 00 16 80 bc 55 00 7d 02 00 66 01 00 00 7b 04 05 00 
00 00 00 00 00 00 00 16 80 bc 55 00 7e 02 00 66 01 00 00 12 04 0a 00 00 00 00 00 00 00 00 16 80 
bc 55 00 7f 02 00 66 01 00 00 06 04 0b 00 00 00 00 00 00 00 00 16 80 bc 55 00 27 02 00 8e 01 00 
00 03 04 05 00 00 00 01 00 00 00 00 16 80 bc 55 00 28 02 00 8e 01 00 00 12 04 0f 00 00 00 01 00 
00 00 00 16 80 bc 55 00 29 02 00 8e 01 00 00 77 04 05 00 00 00 01 00 00 00 00 16 80 bc 55 00 80 
02 00 8e 01 00 00 03 04 05 00 00 00 00 00 00 00 00 16 80 bc 55 00 81 02 00 8e 01 00 00 12 04 0f 
00 00 00 00 00 00 00 00 16 80 bc 55 00 82 02 00 8e 01 00 00 77 04 05 00 00 00 00 00 00 00 00 16 
80 bc 55 00 2a 02 00 cd 01 00 00 e5 03 05 00 00 00 01 00 00 00 00 16 80 bc 55 00 2b 02 00 cd 01 
00 00 73 04 05 00 00 00 01 00 00 00 00 16 80 bc 55 00 2c 02 00 cd 01 00 00 e3 03 0f 00 00 00 01 
00 00 00 00 
......aL.F...B.........\..F...B../.....C...F...B..2...........U.x..*...~.............U.y..*.....
............>....E.>..O...>.............>........E.>..O...>.............U.!..Z.................U
."..Z.................U.z..Z.................U.{..Z.................?....E.?..d...?.............
U.#..d.................?........E.?..d...?.............U.|..d.................U.$..f...{........
.....U.%..f.................U.&..f.................U.}..f...{.............U.~..f................
.U....f.................U.'....................U.(....................U.)......w.............U..
....................U......................U........w.............U.*....................U.+....
..s.............U.,.................

Client->GAME [12:28:53 07/23/09] packet size: 1 CRYPTED, Flags: 7f ServerSeq: 12 ClientSeq: 13
02 
.

GAME->Client [12:28:53 07/23/09] packet size: 693 CRYPTED, Flags: 7f ServerSeq: 13 ClientSeq: 11
02 03 0f 00 02 0c b4 5c f2 a5 46 00 00 be 42 e1 d6 2f c6 09 00 02 0c 4c b3 e5 a8 46 00 00 be 42 
a4 b4 32 c6 00 00 04 02 00 b1 1b 16 80 bc 55 00 83 02 00 cd 01 00 00 e5 03 05 00 00 00 00 00 00 
00 00 16 80 bc 55 00 84 02 00 cd 01 00 00 73 04 05 00 00 00 00 00 00 00 00 16 80 bc 55 00 85 02 
00 cd 01 00 00 e3 03 0f 00 00 00 00 00 00 00 00 04 80 b3 40 04 16 80 bc 45 03 40 04 00 d5 01 00 
00 40 04 00 00 00 00 01 00 00 00 00 16 80 bc 55 00 2d 02 00 d5 01 00 00 e3 03 05 00 00 00 01 00 
00 00 00 08 80 b2 40 04 00 00 08 02 16 80 bc 45 03 40 04 00 d5 01 00 00 40 04 00 00 00 00 00 00 
00 00 00 16 80 bc 55 00 86 02 00 d5 01 00 00 e3 03 05 00 00 00 00 00 00 00 00 16 80 bc 55 00 2e 
02 00 36 02 00 00 37 02 0a 00 00 00 01 00 00 00 00 16 80 bc 55 00 87 02 00 36 02 00 00 37 02 0a 
00 00 00 00 00 00 00 00 16 80 bc 55 00 2f 02 00 74 02 00 00 34 02 1e 00 00 00 01 00 00 00 00 16 
80 bc 55 00 88 02 00 74 02 00 00 34 02 1e 00 00 00 00 00 00 00 00 16 80 bc 15 00 62 02 00 11 00 
00 00 ab 00 0d 00 00 00 01 00 00 00 00 16 80 bc 15 00 63 02 00 11 00 00 00 0a 02 4d 00 00 00 01 
00 00 00 00 16 80 bc 15 00 64 02 00 11 00 00 00 f2 03 34 00 00 00 01 00 00 00 00 16 80 bc 15 00 
65 02 00 11 00 00 00 ed 03 4d 00 00 00 01 00 00 00 00 16 80 bc 15 00 66 02 00 11 00 00 00 9f 00 
19 00 00 00 01 00 00 00 00 16 80 bc 15 00 67 02 00 11 00 00 00 f1 03 34 00 00 00 01 00 00 00 00 
16 80 bc 15 00 68 02 00 11 00 00 00 0c 02 34 00 00 00 01 00 00 00 00 16 80 bc 15 00 69 02 00 11 
00 00 00 b7 00 4c 00 00 00 01 00 00 00 00 16 80 bc 15 00 6a 02 00 11 00 00 00 f3 03 46 00 00 00 
01 00 00 00 00 0b 80 bd 05 11 00 00 00 00 00 00 00 16 80 bc 15 00 89 02 00 11 00 00 00 ab 00 0d 
00 00 00 00 00 00 00 00 16 80 bc 15 00 8a 02 00 11 00 00 00 0a 02 4d 00 00 00 00 00 00 00 00 16 
80 bc 15 00 8b 02 00 11 00 00 00 f2 03 34 00 00 00 00 00 00 00 00 16 80 bc 15 00 8c 02 00 11 00 
00 00 ed 03 4d 00 00 00 00 00 00 00 00 00 cc 03 16 80 bc 15 00 8d 02 00 11 00 00 00 9f 00 19 00 
00 00 00 00 00 00 00 16 80 bc 15 00 8e 02 00 11 00 00 00 f1 03 34 00 00 00 00 00 00 00 00 16 80 
bc 15 00 8f 02 00 11 00 00 00 0c 02 34 00 00 00 00 00 00 00 00 
.......\..F...B../.....L...F...B..2...........U......................U........s.............U...
...................@....E.@......@.............U.-....................@........E.@......@.......
......U......................U....6...7.............U....6...7.............U./..t...4...........
..U....t...4...............b......................c........M.............d........4.............
e........M.............f......................g........4.............h........4.............i...
.....L.............j........F.........................................................M.........
.............4......................M................................................4..........
............4........

Client->GAME [12:28:53 07/23/09] packet size: 1 CRYPTED, Flags: 7f ServerSeq: 13 ClientSeq: 14
02 
.

GAME->Client [12:28:53 07/23/09] packet size: 714 CRYPTED, Flags: 7f ServerSeq: 14 ClientSeq: 13
02 03 11 00 02 08 da 03 a7 46 00 00 be 42 14 87 2e c6 0f 00 02 0c a8 5c f2 a5 46 00 00 be 42 e1 
d6 2f c6 0b 00 02 0e 05 5e e4 7a e4 46 00 00 be 42 c5 ae 9b c6 09 00 02 0e 01 56 b3 e5 a8 46 00 
00 be 42 a4 b4 32 c6 00 00 04 01 00 cf 18 16 80 bc 15 00 90 02 00 11 00 00 00 b7 00 4c 00 00 00 
00 00 00 00 00 16 80 bc 15 00 91 02 00 11 00 00 00 f3 03 46 00 00 00 00 00 00 00 00 0b 80 bd 05 
11 00 00 00 00 00 00 01 17 3a 05 00 11 00 0a 00 50 76 50 53 65 72 76 65 72 00 04 00 06 00 00 00 
1d 3a 05 00 17 00 10 00 50 76 50 4d 61 78 53 61 66 65 4c 65 76 65 6c 00 04 00 0f 00 00 00 3e 3a 
05 00 14 00 0d 00 57 52 5f 52 65 7a 45 76 65 6e 74 73 00 28 00 48 61 6c 6c 6f 77 65 65 6e 5f 45 
76 65 6e 74 2c 57 69 6e 74 65 72 33 48 61 6c 6c 6f 77 65 65 6e 46 6c 79 54 53 45 43 00 1b 3a 05 
00 19 00 12 00 45 76 65 6e 74 53 6c 6f 74 31 5f 45 66 66 65 63 74 00 00 00 28 3a 05 00 19 00 12 
00 45 76 65 6e 74 53 6c 6f 74 32 5f 45 66 66 65 63 74 00 0d 00 66 6c 79 6d 61 6e 5f 69 64 6c 65 
33 00 25 3a 05 00 19 00 12 00 45 76 65 6e 74 53 6c 6f 74 33 5f 45 66 66 65 63 74 00 0a 00 66 6c 
79 5f 76 69 72 75 73 00 1f 3a 05 00 1b 00 14 00 46 69 78 65 64 42 69 6e 6b 49 44 4f 76 65 72 72 
69 64 65 00 02 00 20 00 16 80 bc 15 00 e6 01 00 f7 03 00 00 08 02 00 00 00 00 00 00 00 00 00 16 
80 bc 15 00 e7 01 00 f7 03 00 00 07 02 ec ff ff ff 00 00 00 00 00 16 80 bc 15 00 e8 01 00 f7 03 
00 00 50 04 00 00 00 00 00 00 00 00 00 16 80 bc 15 00 e9 01 00 f7 03 00 00 f4 03 00 00 00 00 00 
00 00 00 00 16 80 bc 15 00 ea 01 00 f7 03 00 00 51 04 f6 ff ff ff 00 00 00 00 00 16 80 bc 15 00 
eb 01 00 f7 03 00 00 52 04 0f 00 00 00 00 00 00 00 00 16 80 bc 11 00 ec 01 00 00 00 00 00 cb 02 
00 00 00 00 00 00 00 00 00 16 80 bc 19 00 ed 01 00 d9 00 00 00 70 02 00 00 00 00 00 00 00 00 00 
16 80 bc 1d 00 ee 01 00 70 02 00 00 00 00 00 00 00 00 00 00 00 00 00 16 80 bc 15 00 ef 01 00 0c 
00 00 00 6d 03 0a 00 00 00 00 85 6c f0 43 16 80 bc 15 00 f0 01 00 0c 00 00 00 6e 03 0a 00 00 00 
00 85 6c f0 43 16 80 bc 1d 00 f1 01 00 0c 00 00 00 73 00 2d 00 00 00 00 85 6c f0 43 16 80 bc 56 
00 39 02 00 c5 a7 00 00 7e 02 16 00 00 00 00 00 00 00 00 16 80 bc 56 00 3a 02 00 c5 a7 00 00 cc 
00 19 00 00 00 00 00 00 00 00 
.........F...B.........\..F...B../......^.z.F...B.........V...F...B..2......................L...
...................F.....................:......PvPServer........:......PvPMaxSafeLevel.......>:
......WR_RezEvents.(.Halloween_Event,Winter3HalloweenFlyTSEC..:......EventSlot1_Effect...(:.....
.EventSlot2_Effect...flyman_idle3.%:......EventSlot3_Effect...fly_virus..:......FixedBinkIDOverr
ide... ...........................................................P.............................
................Q......................R.............................................p..........
........p..........................m.......l.C............n.......l.C............s.-.....l.C...V
.9......~.............V.:.................

Client->GAME [12:28:53 07/23/09] packet size: 1 CRYPTED, Flags: 7f ServerSeq: 14 ClientSeq: 15
02 
.

GAME->Client [12:28:53 07/23/09] packet size: 717 CRYPTED, Flags: 7f ServerSeq: 15 ClientSeq: 14
02 03 01 00 0c 57 02 bd cd ab 12 8e 42 6c 61 63 6b 77 6f 6f 64 20 47 6f 6f 66 00 00 00 00 00 00 
00 00 00 00 00 00 00 00 00 00 00 00 00 10 00 00 22 d4 f6 94 1c 00 c6 01 80 c1 b2 01 00 58 00 00 
00 00 80 7c d7 40 00 00 00 00 00 c0 57 40 00 00 00 00 80 8b d2 c0 c0 01 8b 05 03 12 a8 05 af 00 
b2 09 af 00 f9 07 00 00 80 02 01 04 00 00 01 00 0c 57 02 be cd ab 12 8e 42 6c 61 63 6b 77 6f 6f 
64 20 4d 75 73 68 66 61 6b 65 00 00 00 00 00 00 00 00 00 00 00 00 00 00 00 10 00 00 22 d4 ea 95 
1c 00 c6 01 80 c1 b6 01 00 58 00 00 00 60 5f d2 d3 40 00 00 00 00 00 c0 57 40 00 00 00 40 d3 01 
cd c0 c0 01 8b 05 02 0c a8 05 06 01 b2 09 06 01 07 08 00 00 80 02 01 16 00 00 01 00 0c 57 02 bf 
cd ab 12 8e 42 6c 61 63 6b 77 6f 6f 64 20 4d 75 73 68 66 61 6b 65 00 00 00 00 00 00 00 00 00 00 
00 00 00 00 00 10 00 00 22 d4 14 95 1c 00 c6 01 80 c1 b5 01 00 58 00 00 00 a0 f0 db d3 40 00 00 
00 00 00 c0 57 40 00 00 00 00 a0 a7 cd c0 c0 01 8b 04 02 0d a8 05 06 01 b2 09 06 01 07 08 00 00 
80 02 01 12 00 00 01 00 0c 57 02 c0 cd ab 12 8e 42 6c 61 63 6b 77 6f 6f 64 20 47 6f 6f 66 00 00 
00 00 00 00 00 00 00 00 00 00 00 00 00 00 00 00 00 10 00 00 22 d4 0a 94 1c 00 c6 01 80 c1 b3 01 
00 58 00 00 00 80 0b c9 d7 40 00 00 00 00 00 c0 57 40 00 00 00 00 69 88 d2 c0 c0 01 8b 04 03 13 
a8 05 af 00 b2 09 af 00 07 08 00 00 80 02 01 0c 00 00 00 00 04 01 00 e7 0c 16 80 bc 56 00 3b 02 
00 c5 a7 00 00 41 02 28 00 00 00 00 00 00 00 00 16 80 bc 56 00 3c 02 00 c5 a7 00 00 09 04 16 00 
00 00 00 00 00 00 00 16 80 bc 56 00 3d 02 00 c5 a7 00 00 16 04 01 00 00 00 00 00 00 00 00 16 80 
bc 56 00 3e 02 00 95 b7 00 00 b4 00 16 00 00 00 00 00 00 00 00 16 80 bc 56 00 3f 02 00 95 b7 00 
00 09 04 16 00 00 00 00 00 00 00 00 16 80 bc 56 00 40 02 00 95 b7 00 00 9d 00 16 00 00 00 00 00 
00 00 00 16 80 bc 56 00 41 02 00 95 b7 00 00 b5 00 16 00 00 00 00 00 00 00 00 16 80 bc 56 00 42 
02 00 24 b3 00 00 89 02 02 00 00 00 00 00 00 00 00 16 80 bc 56 00 43 02 00 24 b3 00 00 1a 04 01 
00 00 00 00 00 00 00 00 16 80 bc 56 00 44 02 00 24 b3 00 00 b4 00 21 00 00 00 00 00 00 00 00 16 
80 bc 56 00 45 02 00 24 b3 00 00 09 04 21 00 00 00 00 00 00 00 00 16 80 bc 56 00 46 02 00 24 b3 
00 00 15 04 02 00 00 00 00 00 00 00 00 
.....W......Blackwood Goof......................"............X.....|.@......W@..................
.................W......Blackwood Mushfake.................."............X...`_..@......W@...@..
.............................W......Blackwood Mushfake.................."............X.......@..
....W@...................................W......Blackwood Goof......................"...........
.X.......@......W@....i.....................................V.;......A.(...........V.<..........
..........V.=....................V.>....................V.?....................V.@..............
......V.A....................V.B..$.................V.C..$.................V.D..$.....!.........
..V.E..$.....!...........V.F..$..............

Client->GAME [12:28:54 07/23/09] packet size: 1 CRYPTED, Flags: 7f ServerSeq: 15 ClientSeq: 16
02 
.

GAME->Client [12:28:55 07/23/09] packet size: 723 CRYPTED, Flags: 7f ServerSeq: 16 ClientSeq: 14
82 70 c9 11 49 03 01 00 02 13 00 04 00 02 0c ec 00 e4 bb 46 00 00 be 42 00 5c 94 c6 01 00 02 13 
00 16 00 02 0c e0 fb 92 9e 46 00 00 be 42 9a 0e 68 c6 01 00 02 13 00 12 00 02 0c 1e 85 df 9e 46 
00 00 be 42 00 3d 6d c6 01 00 02 13 00 0c 00 02 0c 14 5c 48 be 46 00 00 be 42 48 43 94 c6 01 00 
0c 57 02 c1 cd ab 12 8e 42 6c 61 63 6b 77 6f 6f 64 20 47 6f 6f 66 00 00 00 00 00 00 00 00 00 00 
00 00 00 00 00 00 00 00 00 10 00 00 22 d4 e3 94 1c 00 c6 01 80 c1 b3 01 00 58 00 00 00 fe d9 6c 
d1 40 00 00 00 00 00 c0 57 40 00 00 00 fa 2a a5 c5 c0 c0 01 8b 05 03 0d a8 05 af 00 b2 09 af 00 
07 08 00 00 80 02 01 08 00 00 0f 00 02 0e 01 90 3e e3 a5 46 00 00 be 42 f4 12 30 c6 0b 00 02 0e 
05 46 e4 7a e4 46 00 00 be 42 c5 ae 9b c6 09 00 02 0e 01 67 13 21 a9 46 00 00 be 42 cc 36 33 c6 
00 00 04 01 00 f3 14 16 80 bc 56 00 47 02 00 24 b3 00 00 b5 00 21 00 00 00 00 00 00 00 00 16 80 
bc 56 00 48 02 00 95 a7 00 00 b4 00 12 00 00 00 00 00 00 00 00 16 80 bc 56 00 49 02 00 95 a7 00 
00 b5 00 12 00 00 00 00 00 00 00 00 16 80 bc 56 00 4a 02 00 95 a7 00 00 09 04 12 00 00 00 00 00 
00 00 00 16 80 bc 56 00 4b 02 00 95 a7 00 00 70 00 0f 00 00 00 00 00 00 00 00 16 80 bc 56 00 4c 
02 00 2c b3 00 00 17 04 01 00 00 00 00 00 00 00 00 16 80 bc 56 00 4d 02 00 2c b3 00 00 b4 00 21 
00 00 00 00 00 00 00 00 16 80 bc 56 00 4e 02 00 2c b3 00 00 09 04 21 00 00 00 00 00 00 00 00 16 
80 bc 56 00 4f 02 00 2c b3 00 00 12 04 02 00 00 00 00 00 00 00 00 16 80 bc 56 00 50 02 00 2c b3 
00 00 07 04 02 00 00 00 00 00 00 00 00 16 80 bc 56 00 51 02 00 2c b3 00 00 b5 00 21 00 00 00 00 
00 00 00 00 16 80 bc 56 00 52 02 00 c3 b2 00 00 89 02 02 00 00 00 00 00 00 00 00 16 80 bc 56 00 
53 02 00 c3 b2 00 00 21 04 02 00 00 00 00 00 00 00 00 16 80 bc 56 00 54 02 00 c3 b2 00 00 b4 00 
1f 00 00 00 00 00 00 00 00 16 80 bc 56 00 55 02 00 c3 b2 00 00 09 04 1f 00 00 00 00 00 00 00 00 
16 80 bc 56 00 56 02 00 c3 b2 00 00 1e 04 01 00 00 00 00 00 00 00 00 16 80 bc 56 00 57 02 00 c3 
b2 00 00 9d 00 1f 00 00 00 00 00 00 00 00 16 80 bc 55 00 61 02 00 02 00 00 00 cc 00 0c 00 00 00 
00 00 00 00 00 16 80 bc 55 00 6b 02 00 0b 00 00 00 37 02 96 00 00 00 00 00 00 00 00 16 80 bc 55 
00 6c 02 00 2d 00 00 00 23 04 0a 00 00 00 00 00 00 00 00 
.p..I..............F...B.\...............F...B..h..............F...B.=m...........\H.F...BHC....
.W......Blackwood Goof......................"............X.....l.@......W@....*.................
................>..F...B..0......F.z.F...B.........g.!.F...B.63...........V.G..$.....!..........
.V.H....................V.I....................V.J....................V.K......p.............V.L
..,.................V.M..,.....!...........V.N..,.....!...........V.O..,.................V.P..,.
................V.Q..,.....!...........V.R....................V.S......!.............V.T........
............V.U....................V.V....................V.W....................U.a............
........U.k......7.............U.l..-...#..........

Client->GAME [12:28:55 07/23/09] packet size: 1 CRYPTED, Flags: 7f ServerSeq: 0 ClientSeq: 17
02 
.

GAME->Client [12:28:55 07/23/09] packet size: 713 CRYPTED, Flags: 7f ServerSeq: 17 ClientSeq: 0
02 03 01 00 02 14 00 08 00 02 0e 05 d7 d0 66 8b 46 00 00 be 42 58 29 2d c6 16 00 02 0c d6 fb 92 
9e 46 00 00 be 42 9a 0e 68 c6 12 00 02 0c 28 85 df 9e 46 00 00 be 42 00 3d 6d c6 0f 00 02 0e 01 
86 5e d9 a5 46 00 00 be 42 df 6a 30 c6 0c 00 02 0c 1e 5c 48 be 46 00 00 be 42 48 43 94 c6 0b 00 
02 0c 3a e4 7a e4 46 00 00 be 42 c5 ae 9b c6 04 00 02 0c e2 00 e4 bb 46 00 00 be 42 00 5c 94 c6 
00 00 04 02 01 07 01 16 80 bc 55 00 6d 02 00 2d 00 00 00 20 04 0a 00 00 00 00 00 00 00 00 01 08 
18 16 80 bc 55 00 6e 02 00 2d 00 00 00 19 04 05 00 00 00 00 00 00 00 00 16 80 bc 55 00 6f 02 00 
2d 00 00 00 42 04 05 00 00 00 00 00 00 00 00 16 80 bc 55 00 70 02 00 34 00 00 00 83 02 c8 00 00 
00 00 00 00 00 00 16 80 bc 55 00 71 02 00 4b 00 00 00 1f 04 19 00 00 00 00 00 00 00 00 16 80 bc 
55 00 72 02 00 5f 00 00 00 7c 04 0f 00 00 00 00 00 00 00 00 16 80 bc 55 00 73 02 00 5f 00 00 00 
07 04 0f 00 00 00 00 00 00 00 00 16 80 bc 55 00 74 02 00 62 00 00 00 06 04 01 00 00 00 00 00 00 
00 00 16 80 bc 55 00 75 02 00 62 00 00 00 15 04 01 00 00 00 00 00 00 00 00 16 80 bc 55 00 76 02 
00 a5 00 00 00 c0 02 05 00 00 00 00 00 00 00 00 16 80 bc 55 00 77 02 00 d7 00 00 00 bf 02 05 00 
00 00 00 00 00 00 00 16 80 bc 55 00 78 02 00 2a 01 00 00 7e 02 04 00 00 00 00 00 00 00 00 16 80 
bc 55 00 79 02 00 2a 01 00 00 cc 00 00 00 00 00 00 00 00 00 00 16 80 bc 55 00 7a 02 00 5a 01 00 
00 07 04 05 00 00 00 00 00 00 00 00 16 80 bc 55 00 7b 02 00 5a 01 00 00 1d 04 0f 00 00 00 00 00 
00 00 00 16 80 bc 55 00 7c 02 00 64 01 00 00 1f 04 05 00 00 00 00 00 00 00 00 16 80 bc 55 00 7d 
02 00 66 01 00 00 7b 04 05 00 00 00 00 00 00 00 00 16 80 bc 55 00 7e 02 00 66 01 00 00 12 04 0a 
00 00 00 00 00 00 00 00 16 80 bc 55 00 7f 02 00 66 01 00 00 06 04 0b 00 00 00 00 00 00 00 00 16 
80 bc 55 00 80 02 00 8e 01 00 00 03 04 05 00 00 00 00 00 00 00 00 16 80 bc 55 00 81 02 00 8e 01 
00 00 12 04 0f 00 00 00 00 00 00 00 00 16 80 bc 55 00 82 02 00 8e 01 00 00 77 04 05 00 00 00 00 
00 00 00 00 16 80 bc 55 00 83 02 00 cd 01 00 00 e5 03 05 00 00 00 00 00 00 00 00 16 80 bc 55 00 
84 02 00 cd 01 00 00 73 04 05 00 00 00 00 00 00 00 00 16 80 bc 55 00 85 02 00 cd 01 00 00 e3 03 
0f 00 00 00 00 00 00 00 00 
..............f.F...BX)-.........F...B..h.....(...F...B.=m.......^..F...B.j0......\H.F...BHC....
..:.z.F...B............F...B.\............U.m..-... ................U.n..-.................U.o..
-...B.............U.p..4.................U.q..K.................U.r.._...|.............U.s.._...
..............U.t..b.................U.u..b.................U.v....................U.w..........
..........U.x..*...~.............U.y..*.................U.z..Z.................U.{..Z...........
......U.|..d.................U.}..f...{.............U.~..f.................U....f...............
..U......................U......................U........w.............U......................U.
.......s.............U...................

Client->GAME [12:28:55 07/23/09] packet size: 63 CRYPTED, Flags: 7f ServerSeq: 0 ClientSeq: 18
02 04 01 00 0d 03 12 80 c9 03 00 00 21 00 80 bb 45 00 00 20 41 00 00 fa c4 12 80 c9 06 00 30 10 
00 60 6a 46 00 00 20 41 00 00 fa c4 12 80 c9 07 00 50 36 00 f8 27 47 00 00 20 41 00 80 3b c5 
............!...E.. A.........0..`jF.. A.........P6..'G.. A..;.

Client->GAME [12:28:55 07/23/09] packet size: 1 CRYPTED, Flags: 7f ServerSeq: 1 ClientSeq: 19
02 
.

GAME->Client [12:28:55 07/23/09] packet size: 697 CRYPTED, Flags: 7f ServerSeq: 18 ClientSeq: 1
02 03 16 00 02 0c cc fb 92 9e 46 00 00 be 42 9a 0e 68 c6 12 00 02 0c 32 85 df 9e 46 00 00 be 42 
00 3d 6d c6 0c 00 02 0c 28 5c 48 be 46 00 00 be 42 48 43 94 c6 0b 00 02 0c 2e e4 7a e4 46 00 00 
be 42 c5 ae 9b c6 08 00 02 0e 05 cb d0 66 8b 46 00 00 be 42 58 29 2d c6 04 00 02 0e 01 d8 00 e4 
bb 46 00 00 be 42 00 5c 94 c6 00 00 04 01 01 20 18 16 80 bc 55 00 86 02 00 d5 01 00 00 e3 03 05 
00 00 00 00 00 00 00 00 16 80 bc 55 00 87 02 00 36 02 00 00 37 02 0a 00 00 00 00 00 00 00 00 16 
80 bc 55 00 88 02 00 74 02 00 00 34 02 1e 00 00 00 00 00 00 00 00 16 80 bc 15 00 89 02 00 11 00 
00 00 ab 00 0d 00 00 00 00 00 00 00 00 16 80 bc 15 00 8a 02 00 11 00 00 00 0a 02 4d 00 00 00 00 
00 00 00 00 16 80 bc 15 00 8b 02 00 11 00 00 00 f2 03 34 00 00 00 00 00 00 00 00 16 80 bc 15 00 
8c 02 00 11 00 00 00 ed 03 4d 00 00 00 00 00 00 00 00 16 80 bc 15 00 8d 02 00 11 00 00 00 9f 00 
19 00 00 00 00 00 00 00 00 16 80 bc 15 00 8e 02 00 11 00 00 00 f1 03 34 00 00 00 00 00 00 00 00 
16 80 bc 15 00 8f 02 00 11 00 00 00 0c 02 34 00 00 00 00 00 00 00 00 16 80 bc 15 00 90 02 00 11 
00 00 00 b7 00 4c 00 00 00 00 00 00 00 00 16 80 bc 15 00 91 02 00 11 00 00 00 f3 03 46 00 00 00 
00 00 00 00 00 06 80 c1 1a 00 c8 00 06 80 c1 1a 00 c8 00 16 80 bc 45 03 11 00 00 02 00 00 00 11 
00 32 00 00 00 00 00 00 00 00 16 80 bc 45 03 35 04 00 62 00 00 00 35 04 00 00 00 00 00 00 00 00 
00 16 80 bc 45 03 3d 04 00 43 00 00 00 3d 04 00 00 00 00 00 00 00 00 00 16 80 bc 45 03 3e 04 00 
4f 01 00 00 3e 04 00 00 00 00 00 00 00 00 00 16 80 bc 45 03 3f 04 00 64 01 00 00 3f 04 00 00 00 
00 00 00 00 00 00 16 80 bc 45 03 40 04 00 d5 01 00 00 40 04 00 00 00 00 00 00 00 00 00 0b 80 bd 
05 11 00 00 00 00 00 00 01 0b 80 bd 05 d9 00 00 00 00 00 00 01 41 81 67 17 00 27 00 1c 22 00 c6 
01 11 00 00 00 00 00 00 00 37 00 00 08 0e 00 41 66 74 65 72 57 68 6f 72 75 4e 65 6f 00 0e 00 41 
66 74 65 72 57 68 6f 72 75 4e 65 6f 00 02 00 4d 00 00 00 00 00 00 00 41 81 67 17 00 27 00 1c 22 
00 c6 01 11 00 00 00 00 00 00 00 37 00 00 08 0e 00 41 66 74 65 72 57 68 6f 72 75 4e 65 6f 00 0e 
00 41 66 74 65 72 57 68 6f 72 75 4e 65 6f 00 02 00 4d 00 00 00 00 00 00 00 
..........F...B..h.....2...F...B.=m.....(\H.F...BHC........z.F...B...........f.F...BX)-.........
.F...B.\....... ....U......................U....6...7.............U....t...4....................
...........................M......................4......................M......................
.......................4......................4......................L......................F...
......................E..........2...........E.5..b...5.............E.=..C...=.............E.>..
O...>.............E.?..d...?.............E.@......@..................................A.g..'.."..
.........7.....AfterWhoruNeo...AfterWhoruNeo...M.......A.g..'.."...........7.....AfterWhoruNeo..
.AfterWhoruNeo...M.......

Client->GAME [12:28:55 07/23/09] packet size: 1 CRYPTED, Flags: 7f ServerSeq: 2 ClientSeq: 20
02 
.

GAME->Client [12:28:55 07/23/09] packet size: 205 CRYPTED, Flags: 7f ServerSeq: 19 ClientSeq: 2
02 03 16 00 02 0e 01 c2 85 7c 9e 46 00 00 be 42 65 0c 68 c6 12 00 02 0c 3c 85 df 9e 46 00 00 be 
42 00 3d 6d c6 0f 00 02 2e 00 40 00 00 00 10 01 86 2e cc a5 46 00 00 be 42 ab 1c 31 c6 0c 00 02 
0e 01 32 88 5d be 46 00 00 be 42 b5 3b 94 c6 0b 00 02 0c 22 e4 7a e4 46 00 00 be 42 c5 ae 9b c6 
08 00 02 0e 00 bf d0 66 8b 46 00 00 be 42 58 29 2d c6 04 00 02 0e 01 ce a4 ba bb 46 00 00 be 42 
46 4a 94 c6 00 00 04 01 01 38 01 41 81 67 17 00 27 00 1c 22 00 c6 01 11 00 00 00 00 00 00 00 37 
00 00 08 0e 00 41 66 74 65 72 57 68 6f 72 75 4e 65 6f 00 0e 00 41 66 74 65 72 57 68 6f 72 75 4e 
65 6f 00 02 00 4d 00 00 00 00 00 00 00 
.........|.F...Be.h.....<...F...B.=m......@.........F...B..1......2.].F...B.;......".z.F...B....
.......f.F...BX)-..........F...BFJ.......8.A.g..'.."...........7.....AfterWhoruNeo...AfterWhoruN
eo...M.......

Client->GAME [12:28:55 07/23/09] packet size: 1 CRYPTED, Flags: 7f ServerSeq: 3 ClientSeq: 21
02 
.

Client->GAME [12:28:55 07/23/09] packet size: 63 CRYPTED, Flags: 7f ServerSeq: 3 ClientSeq: 22
02 04 01 00 10 03 12 80 c9 07 00 40 3e 00 d0 84 46 00 80 13 c4 00 30 f2 c6 12 80 c9 03 00 80 16 
00 ac 00 47 00 00 48 44 00 58 18 c7 12 80 c9 07 00 30 19 00 f8 27 47 00 00 20 41 00 10 a4 c6 
...........@>...F.....0............G..HD.X.......0...'G.. A....

GAME->Client [12:28:55 07/23/09] packet size: 129 CRYPTED, Flags: 7f ServerSeq: 20 ClientSeq: 3
02 03 16 00 02 0e 01 b8 eb 4f 9e 46 00 00 be 42 85 18 68 c6 12 00 02 0e 01 46 85 df 9e 46 00 00 
be 42 00 3d 6d c6 11 00 02 0e 05 ed 76 b0 a6 46 00 00 be 42 f8 b4 2c c6 0c 00 02 0e 01 3c f9 89 
be 46 00 00 be 42 8f 34 94 c6 0b 00 02 0c 16 e4 7a e4 46 00 00 be 42 c5 ae 9b c6 08 00 02 0e 00 
b6 d0 66 8b 46 00 00 be 42 58 29 2d c6 04 00 02 0e 01 c4 4f 8e bb 46 00 00 be 42 28 43 94 c6 00 
00 
.........O.F...B..h......F...F...B.=m.......v..F...B..,......<...F...B.4........z.F...B.........
..f.F...BX)-.......O..F...B(C....

Client->GAME [12:28:55 07/23/09] packet size: 1 CRYPTED, Flags: 7f ServerSeq: 4 ClientSeq: 23
02 
.

GAME->Client [12:28:55 07/23/09] packet size: 108 CRYPTED, Flags: 7f ServerSeq: 21 ClientSeq: 5
02 03 16 00 02 0c b1 b0 25 9e 46 00 00 be 42 bc 36 68 c6 15 00 02 08 e9 d2 e6 46 00 00 be 42 bd 
36 93 c6 12 00 02 0e 01 50 da 09 9f 46 00 00 be 42 1b 5a 6d c6 11 00 02 0e 05 e3 76 b0 a6 46 00 
00 be 42 f8 b4 2c c6 0c 00 02 0c 40 d7 b6 be 46 00 00 be 42 8f 34 94 c6 0b 00 02 0e 00 0a e4 7a 
e4 46 00 00 be 42 c5 ae 9b c6 00 00 
........%.F...B.6h........F...B.6.......P...F...B.Zm.......v..F...B..,.....@...F...B.4.........z
.F...B......

Client->GAME [12:28:55 07/23/09] packet size: 1 CRYPTED, Flags: 7f ServerSeq: 5 ClientSeq: 24
02 
.

GAME->Client [12:28:55 07/23/09] packet size: 123 CRYPTED, Flags: 7f ServerSeq: 22 ClientSeq: 6
02 03 15 00 02 0e 00 09 83 da e6 46 00 00 be 42 7f 21 93 c6 12 00 02 0e 01 57 7f 30 9f 46 00 00 
be 42 6e 88 6d c6 11 00 02 0e 05 d9 76 b0 a6 46 00 00 be 42 f8 b4 2c c6 0b 00 02 0e 00 00 e4 7a 
e4 46 00 00 be 42 c5 ae 9b c6 08 00 02 2c 00 40 00 00 00 10 b6 d0 66 8b 46 00 00 be 42 58 29 2d 
c6 04 00 02 2e 00 40 00 00 00 10 01 c4 d4 34 bb 46 00 00 be 42 57 3a 94 c6 00 00 
...........F...B.!.......W.0.F...Bn.m.......v..F...B..,........z.F...B.......,.@......f.F...BX)-
......@.......4.F...BW:....

Client->GAME [12:28:55 07/23/09] packet size: 1 CRYPTED, Flags: 7f ServerSeq: 6 ClientSeq: 25
02 
.

GAME->Client [12:28:55 07/23/09] packet size: 38 CRYPTED, Flags: 7f ServerSeq: 23 ClientSeq: 7
02 03 11 00 02 0c cf 76 b0 a6 46 00 00 be 42 f8 b4 2c c6 09 00 02 0c 68 7e d5 a9 46 00 00 be 42 
fb 3a 35 c6 00 00 
.......v..F...B..,.....h~..F...B.:5...

Client->GAME [12:28:55 07/23/09] packet size: 1 CRYPTED, Flags: 7f ServerSeq: 7 ClientSeq: 26
02 
.

GAME->Client [12:28:55 07/23/09] packet size: 37 CRYPTED, Flags: 7f ServerSeq: 24 ClientSeq: 8
02 03 11 00 02 0c c5 76 b0 a6 46 00 00 be 42 f8 b4 2c c6 0f 00 02 08 2b ab a5 46 00 00 be 42 c0 
d9 32 c6 00 00 
.......v..F...B..,.....+..F...B..2...

Client->GAME [12:28:55 07/23/09] packet size: 44 CRYPTED, Flags: 7f ServerSeq: 7 ClientSeq: 27
02 04 01 00 13 02 12 80 c9 07 00 90 4c 00 60 6a 46 00 00 20 41 00 58 18 c7 12 80 c9 0a 00 90 4c 
00 30 4a 46 00 00 48 44 00 58 18 c7 
............L.`jF.. A.X........L.0JF..HD.X..

Client->GAME [12:28:55 07/23/09] packet size: 1 CRYPTED, Flags: 7f ServerSeq: 8 ClientSeq: 28
02 
.

GAME->Client [12:28:56 07/23/09] packet size: 25 CRYPTED, Flags: 7f ServerSeq: 25 ClientSeq: 10
82 82 c9 11 49 03 11 00 02 0c bb 76 b0 a6 46 00 00 be 42 f8 b4 2c c6 00 00 
....I......v..F...B..,...

Client->GAME [12:28:56 07/23/09] packet size: 1 CRYPTED, Flags: 7f ServerSeq: 9 ClientSeq: 29
02 
.

Client->GAME [12:28:56 07/23/09] packet size: 1 CRYPTED, Flags: 7f ServerSeq: 10 ClientSeq: 30
02 
.

GAME->Client [12:28:56 07/23/09] packet size: 56 CRYPTED, Flags: 7f ServerSeq: 27 ClientSeq: 13
02 03 16 00 02 0e 04 bb b9 53 9d 46 00 00 be 42 b9 d8 68 c6 11 00 02 0e 00 a7 76 b0 a6 46 00 00 
be 42 f8 b4 2c c6 04 00 02 08 fe 54 ba 46 00 00 be 42 4c 24 94 c6 00 00 
.........S.F...B..h.......v..F...B..,......T.F...BL$....

Client->GAME [12:28:56 07/23/09] packet size: 1 CRYPTED, Flags: 7f ServerSeq: 11 ClientSeq: 31
02 
.

GAME->Client [12:28:56 07/23/09] packet size: 55 CRYPTED, Flags: 7f ServerSeq: 28 ClientSeq: 14
02 03 16 00 02 0c c5 b9 53 9d 46 00 00 be 42 b9 d8 68 c6 11 00 02 0e 00 9d 76 b0 a6 46 00 00 be 
42 f8 b4 2c c6 0c 00 02 08 d8 f1 bf 46 00 00 be 42 8f 34 94 c6 00 00 
........S.F...B..h.......v..F...B..,........F...B.4....

Client->GAME [12:28:56 07/23/09] packet size: 1 CRYPTED, Flags: 7f ServerSeq: 12 ClientSeq: 32
02 
.

GAME->Client [12:28:56 07/23/09] packet size: 72 CRYPTED, Flags: 7f ServerSeq: 29 ClientSeq: 15
02 03 16 00 02 0c cf b9 53 9d 46 00 00 be 42 b9 d8 68 c6 12 00 02 08 05 3c a0 46 00 00 be 42 b5 
d4 6e c6 11 00 02 0c 94 76 b0 a6 46 00 00 be 42 f8 b4 2c c6 09 00 02 0e 00 67 3d 6e aa 46 00 00 
be 42 43 f8 36 c6 00 00 
........S.F...B..h......<.F...B..n......v..F...B..,......g=n.F...BC.6...

Client->GAME [12:28:56 07/23/09] packet size: 1 CRYPTED, Flags: 7f ServerSeq: 13 ClientSeq: 33
02 
.

GAME->Client [12:28:56 07/23/09] packet size: 39 CRYPTED, Flags: 7f ServerSeq: 30 ClientSeq: 0
02 03 16 00 02 0c d9 b9 53 9d 46 00 00 be 42 b9 d8 68 c6 09 00 02 0e 00 6a 3d 6e aa 46 00 00 be 
42 43 f8 36 c6 00 00 
........S.F...B..h......j=n.F...BC.6...

Client->GAME [12:28:56 07/23/09] packet size: 25 CRYPTED, Flags: 7f ServerSeq: 13 ClientSeq: 34
02 04 01 00 15 01 12 80 c9 03 00 00 35 00 a4 3f 47 00 00 48 44 00 10 a4 c6 
............5..?G..HD....

GAME->Client [12:28:56 07/23/09] packet size: 86 CRYPTED, Flags: 7f ServerSeq: 31 ClientSeq: 0
02 03 16 00 02 0c e3 b9 53 9d 46 00 00 be 42 b9 d8 68 c6 12 00 02 2e 00 40 00 00 00 10 01 56 b4 
88 a0 46 00 00 be 42 33 33 6f c6 11 00 02 2c 00 40 00 00 00 10 94 76 b0 a6 46 00 00 be 42 f8 b4 
2c c6 09 00 02 0e 00 6a 3d 6e aa 46 00 00 be 42 43 f8 36 c6 00 00 
........S.F...B..h......@.....V...F...B33o....,.@.....v..F...B..,......j=n.F...BC.6...

Client->GAME [12:28:56 07/23/09] packet size: 1 CRYPTED, Flags: 7f ServerSeq: 15 ClientSeq: 35
02 
.

GAME->Client [12:28:56 07/23/09] packet size: 38 CRYPTED, Flags: 7f ServerSeq: 32 ClientSeq: 1
02 03 16 00 02 0e 00 ed b9 53 9d 46 00 00 be 42 b9 d8 68 c6 0f 00 02 08 89 72 a5 46 00 00 be 42 
b0 a0 35 c6 00 00 
.........S.F...B..h......r.F...B..5...

Client->GAME [12:28:56 07/23/09] packet size: 1 CRYPTED, Flags: 7f ServerSeq: 0 ClientSeq: 36
02 
.

Client->GAME [12:28:56 07/23/09] packet size: 44 CRYPTED, Flags: 7f ServerSeq: 0 ClientSeq: 37
02 04 01 00 16 02 12 80 c9 07 00 60 39 00 b0 b3 46 00 00 20 41 00 58 18 c7 12 80 c9 07 00 70 33 
00 c8 2f 47 00 00 20 41 00 58 18 c7 
...........`9...F.. A.X.......p3../G.. A.X..

GAME->Client [12:28:56 07/23/09] packet size: 91 CRYPTED, Flags: 7f ServerSeq: 33 ClientSeq: 2
02 03 16 00 02 0e 00 f7 b9 53 9d 46 00 00 be 42 b9 d8 68 c6 12 00 02 2e 00 40 00 00 00 10 01 56 
43 d5 a0 46 00 00 be 42 8f 91 6f c6 11 00 02 28 00 40 00 00 00 10 76 b0 a6 46 00 00 be 42 f8 b4 
2c c6 09 00 02 2c 00 40 00 00 00 10 6a 3d 6e aa 46 00 00 be 42 43 f8 36 c6 00 00 
.........S.F...B..h......@.....VC..F...B..o....(.@....v..F...B..,....,.@....j=n.F...BC.6...

Client->GAME [12:28:57 07/23/09] packet size: 1 CRYPTED, Flags: 7f ServerSeq: 1 ClientSeq: 38
02 
.

GAME->Client [12:28:57 07/23/09] packet size: 25 CRYPTED, Flags: 7f ServerSeq: 34 ClientSeq: 4
82 94 c9 11 49 03 16 00 02 0c 01 b9 53 9d 46 00 00 be 42 b9 d8 68 c6 00 00 
....I.......S.F...B..h...

Client->GAME [12:28:57 07/23/09] packet size: 1 CRYPTED, Flags: 7f ServerSeq: 2 ClientSeq: 39
02 
.

GAME->Client [12:28:57 07/23/09] packet size: 87 CRYPTED, Flags: 7f ServerSeq: 35 ClientSeq: 5
02 03 12 00 02 2a 00 40 00 00 00 10 01 e6 21 a1 46 00 00 be 42 00 f0 6f c6 11 00 02 28 00 40 00 
00 00 10 76 b0 a6 46 00 00 be 42 f8 b4 2c c6 09 00 02 28 00 40 00 00 00 10 3d 6e aa 46 00 00 be 
42 43 f8 36 c6 04 00 02 08 ea ee b8 46 00 00 be 42 ce fe 93 c6 00 00 
.....*.@......!.F...B..o....(.@....v..F...B..,....(.@....=n.F...BC.6........F...B......

GAME->Client [12:28:57 07/23/09] packet size: 75 CRYPTED, Flags: 7f ServerSeq: 36 ClientSeq: 6
02 03 0f 00 02 0c 86 d9 56 a5 46 00 00 be 42 40 fa 36 c6 0c 00 02 0c 41 12 49 c1 46 00 00 be 42 
5d 37 94 c6 04 00 06 2e 01 40 00 25 aa 00 00 10 00 c5 e8 d2 b8 46 00 00 be 42 0b fc 93 c6 80 80 
80 80 80 80 01 38 21 00 00 00 00 
........V.F...B@.6.....A.I.F...B]7.......@.%.........F...B...........8!....

Client->GAME [12:28:57 07/23/09] packet size: 1 CRYPTED, Flags: 7f ServerSeq: 3 ClientSeq: 40
02 
.

Client->GAME [12:28:57 07/23/09] packet size: 1 CRYPTED, Flags: 7f ServerSeq: 4 ClientSeq: 41
02 
.

GAME->Client [12:28:57 07/23/09] packet size: 197 CRYPTED, Flags: 7f ServerSeq: 37 ClientSeq: 7
02 03 12 00 02 0e 05 51 46 60 a1 46 00 00 be 42 18 3c 70 c6 04 00 06 2e 01 40 00 25 aa 00 00 10 
00 c5 e8 d2 b8 46 00 00 be 42 0b fc 93 c6 ff 00 00 00 10 00 00 00 00 00 01 ff 00 00 00 00 00 00 
00 00 00 00 00 00 00 00 00 00 00 00 00 00 00 00 00 00 00 00 03 ff 00 00 00 00 00 00 00 00 af 00 
00 00 00 00 05 00 00 00 00 00 00 ff 00 00 00 00 00 00 00 00 00 00 00 00 00 00 00 00 00 00 00 00 
00 00 00 00 00 00 00 00 00 00 01 00 af 00 ff 00 00 00 00 00 00 00 00 00 00 00 00 00 00 00 00 ff 
00 00 00 00 00 00 00 00 00 00 00 00 b2 01 00 58 37 08 00 00 1f 38 21 00 00 00 00 00 00 22 00 00 
00 00 00 00 00 
.......QF`.F...B.<p......@.%.........F...B......................................................
...............................................................................X7....8!......"..
.....

Client->GAME [12:28:57 07/23/09] packet size: 44 CRYPTED, Flags: 7f ServerSeq: 4 ClientSeq: 42
02 04 01 00 18 02 12 80 c9 03 00 40 02 00 40 9c 45 00 00 48 44 00 64 20 c7 12 80 c9 07 00 e0 45 
00 f8 27 47 00 00 20 41 00 a0 0c 46 
...........@..@.E..HD.d .......E..'G.. A...F

Client->GAME [12:28:57 07/23/09] packet size: 1 CRYPTED, Flags: 7f ServerSeq: 5 ClientSeq: 43
02 
.

GAME->Client [12:28:57 07/23/09] packet size: 22 CRYPTED, Flags: 7f ServerSeq: 38 ClientSeq: 9
02 03 12 00 02 0e 05 47 46 60 a1 46 00 00 be 42 18 3c 70 c6 00 00 
.......GF`.F...B.<p...

Client->GAME [12:28:57 07/23/09] packet size: 1 CRYPTED, Flags: 7f ServerSeq: 6 ClientSeq: 44
02 
.

GAME->Client [12:28:57 07/23/09] packet size: 196 CRYPTED, Flags: 7f ServerSeq: 39 ClientSeq: 10
02 03 12 00 02 0e 05 3d 46 60 a1 46 00 00 be 42 18 3c 70 c6 04 00 06 2a 01 40 00 25 aa 00 00 10 
00 e8 d2 b8 46 00 00 be 42 0b fc 93 c6 ff 00 00 00 10 00 00 00 00 00 01 ff 00 00 00 00 00 00 00 
00 00 00 00 00 00 00 00 00 00 00 00 00 00 00 00 00 00 00 03 ff 00 00 00 00 00 00 00 00 af 00 00 
00 00 00 05 00 00 00 00 00 00 ff 00 00 00 00 00 00 00 00 00 00 00 00 00 00 00 00 00 00 00 00 00 
00 00 00 00 00 00 00 00 00 01 00 af 00 ff 00 00 00 00 00 00 00 00 00 00 00 00 00 00 00 00 ff 00 
00 00 00 00 00 00 00 00 00 00 00 b2 01 00 58 37 08 00 00 1f 38 21 00 00 00 00 00 00 22 00 00 00 
00 00 00 00 
.......=F`.F...B.<p....*.@.%........F...B.......................................................
..............................................................................X7....8!......"...
....

Client->GAME [12:28:57 07/23/09] packet size: 1 CRYPTED, Flags: 7f ServerSeq: 7 ClientSeq: 45
02 
.

GAME->Client [12:28:57 07/23/09] packet size: 37 CRYPTED, Flags: 7f ServerSeq: 40 ClientSeq: 12
02 03 12 00 02 0c 33 46 60 a1 46 00 00 be 42 18 3c 70 c6 0f 00 02 08 59 3a a5 46 00 00 be 42 c2 
5c 38 c6 00 00 
......3F`.F...B.<p.....Y:.F...B.\8...

Client->GAME [12:28:57 07/23/09] packet size: 63 CRYPTED, Flags: 7f ServerSeq: 7 ClientSeq: 46
02 04 01 00 1a 03 12 80 c9 07 00 30 12 00 38 47 47 00 00 20 41 00 58 18 c7 12 80 c9 0f 00 10 02 
00 38 47 47 00 00 20 41 00 90 e2 c6 12 80 c9 07 00 b0 5c 00 38 47 47 00 00 20 41 00 10 a4 c6 
...........0..8GG.. A.X..........8GG.. A..........\.8GG.. A....

Client->GAME [12:28:57 07/23/09] packet size: 1 CRYPTED, Flags: 7f ServerSeq: 8 ClientSeq: 47
02 
.

GAME->Client [12:28:57 07/23/09] packet size: 26 CRYPTED, Flags: 7f ServerSeq: 41 ClientSeq: 13
02 03 12 00 02 0c 29 46 60 a1 46 00 00 be 42 18 3c 70 c6 04 00 02 02 00 00 00 
......)F`.F...B.<p........

Client->GAME [12:28:57 07/23/09] packet size: 1 CRYPTED, Flags: 7f ServerSeq: 9 ClientSeq: 48
02 
.

