Client->GAME [10:11:22 07/09/09] packet size: 48 CRYPTED, Flags: 7f ServerSeq: 14 ClientSeq: 236
02 04 01 00 0e 01 29 80 c2 00 00 00 60 50 85 d6 40 00 00 00 00 00 7e a3 40 00 00 00 80 25 da c9 
c0 1c 00 25 00 15 00 00 f0 20 46 01 c1 43 69 00 
......).....`P..@.....~.@....%.....%..... F..Ci.

GAME->Client [10:11:23 07/09/09] packet size: 65 CRYPTED, Flags: 7f ServerSeq: 191 ClientSeq: 12
02 03 02 00 03 01 08 00 80 80 b8 04 00 8e 16 84 28 00 00 00 60 50 85 d6 40 00 00 00 00 00 7e a3 
40 00 00 00 80 25 da c9 c0 10 e3 00 05 00 01 80 00 e3 00 00 00 04 01 01 42 01 06 80 c3 c1 43 69 
00 
................(...`P..@.....~.@....%..................B.....Ci.

Client->GAME [10:11:23 07/09/09] packet size: 1 CRYPTED, Flags: 7f ServerSeq: 15 ClientSeq: 237
02 
.

GAME->Client [10:11:23 07/09/09] packet size: 226 CRYPTED, Flags: 7f ServerSeq: 192 ClientSeq: 12
82 76 f3 25 49 03 02 00 03 09 08 00 0f f8 6d 46 fa 98 43 44 27 d2 51 c6 69 f0 83 28 ff 01 64 01 
00 00 00 00 00 00 00 00 00 00 00 08 41 6e 64 65 72 73 6f 6e 06 54 68 6f 6d 61 73 ff 04 80 73 1a 
e9 82 80 60 04 00 02 8e 00 00 00 01 00 00 00 00 00 00 8f 01 00 02 00 2a 03 02 ff 28 0a 32 00 f0 
20 46 04 00 8e 16 84 28 00 00 00 60 50 85 d6 40 00 00 00 00 00 7e a3 40 00 00 00 80 25 da c9 c0 
00 ff 00 00 00 00 00 f7 00 00 00 e3 00 00 00 00 00 28 0a ff 00 31 5e 00 00 00 00 00 00 00 00 00 
00 00 00 00 00 00 00 ff 00 00 00 00 00 00 00 00 00 00 00 00 80 3f 11 00 00 00 4b b1 00 00 71 02 
00 00 3f 00 00 00 01 22 00 00 00 00 00 00 00 05 00 01 00 04 0f f8 6d 46 fa 98 43 44 27 d2 51 c6 
00 00 
.v.%I.........mF..CD'.Q.i..(..d.............Anderson.Thomas...s....`...................*...(.2..
 F.....(...`P..@.....~.@....%....................(...1^..............................?....K...q.
..?...."..............mF..CD'.Q...

Client->GAME [10:11:23 07/09/09] packet size: 1 CRYPTED, Flags: 7f ServerSeq: 0 ClientSeq: 238
02 
.

GAME->Client [10:11:23 07/09/09] packet size: 220 CRYPTED, Flags: 7f ServerSeq: 193 ClientSeq: 13
02 03 02 00 03 08 89 91 6f 46 73 74 ac 44 1a c8 51 c6 f6 f0 83 28 ff 01 64 01 00 00 00 00 00 00 
00 00 00 00 00 08 41 6e 64 65 72 73 6f 6e 06 54 68 6f 6d 61 73 ff 04 80 73 1a e9 82 80 60 04 00 
02 8e 00 00 00 01 00 00 00 00 00 00 8f 01 00 02 00 2a 03 02 ff 28 0a 32 00 f0 20 46 04 00 8e 16 
84 28 00 00 00 60 50 85 d6 40 00 00 00 00 00 7e a3 40 00 00 00 80 25 da c9 c0 00 ff 00 00 00 00 
00 f7 00 00 00 e3 00 00 00 00 00 28 0a ff 00 31 5e 00 00 00 00 00 00 00 00 00 00 00 00 00 00 00 
00 ff 00 00 00 00 00 00 00 00 00 00 00 00 80 3f 11 00 00 00 4b b1 00 00 71 02 00 00 3f 00 00 00 
01 22 00 00 00 00 00 00 00 05 00 01 00 04 89 91 6f 46 73 74 ac 44 1a c8 51 c6 00 00 
........oFst.D..Q....(..d.............Anderson.Thomas...s....`...................*...(.2.. F....
.(...`P..@.....~.@....%....................(...1^..............................?....K...q...?...
."..............oFst.D..Q...

Client->GAME [10:11:23 07/09/09] packet size: 1 CRYPTED, Flags: 7f ServerSeq: 1 ClientSeq: 239
02 
.

GAME->Client [10:11:23 07/09/09] packet size: 220 CRYPTED, Flags: 7f ServerSeq: 194 ClientSeq: 14
02 03 02 00 03 08 46 5e 70 46 b2 11 d1 44 13 c3 51 c6 73 f1 83 28 ff 01 64 01 00 00 00 00 00 00 
00 00 00 00 00 08 41 6e 64 65 72 73 6f 6e 06 54 68 6f 6d 61 73 ff 04 80 73 1a e9 82 80 60 04 00 
02 8e 00 00 00 01 00 00 00 00 00 00 8f 01 00 02 00 2a 03 02 ff 28 0a 32 00 f0 20 46 04 00 8e 16 
84 28 00 00 00 60 50 85 d6 40 00 00 00 00 00 7e a3 40 00 00 00 80 25 da c9 c0 00 ff 00 00 00 00 
00 f7 00 00 00 e3 00 00 00 00 00 28 0a ff 00 31 5e 00 00 00 00 00 00 00 00 00 00 00 00 00 00 00 
00 ff 00 00 00 00 00 00 00 00 00 00 00 00 80 3f 11 00 00 00 4b b1 00 00 71 02 00 00 3f 00 00 00 
01 22 00 00 00 00 00 00 00 05 00 01 00 04 46 5e 70 46 b2 11 d1 44 13 c3 51 c6 00 00 
......F^pF...D..Q.s..(..d.............Anderson.Thomas...s....`...................*...(.2.. F....
.(...`P..@.....~.@....%....................(...1^..............................?....K...q...?...
."............F^pF...D..Q...

Client->GAME [10:11:23 07/09/09] packet size: 1 CRYPTED, Flags: 7f ServerSeq: 2 ClientSeq: 240
02 
.

GAME->Client [10:11:23 07/09/09] packet size: 220 CRYPTED, Flags: 7f ServerSeq: 195 ClientSeq: 15
02 03 02 00 03 08 3a 91 73 46 34 62 2f 45 f8 ae 51 c6 ff f1 83 28 ff 01 64 01 00 00 00 00 00 00 
00 00 00 00 00 08 41 6e 64 65 72 73 6f 6e 06 54 68 6f 6d 61 73 ff 04 80 73 1a e9 82 80 60 04 00 
02 8e 00 00 00 01 00 00 00 00 00 00 8f 01 00 02 00 2a 03 02 ff 28 0a 32 00 f0 20 46 04 00 8e 16 
84 28 00 00 00 60 50 85 d6 40 00 00 00 00 00 7e a3 40 00 00 00 80 25 da c9 c0 00 ff 00 00 00 00 
00 f7 00 00 00 e3 00 00 00 00 00 28 0a ff 00 31 5e 00 00 00 00 00 00 00 00 00 00 00 00 00 00 00 
00 ff 00 00 00 00 00 00 00 00 00 00 00 00 80 3f 11 00 00 00 4b b1 00 00 71 02 00 00 3f 00 00 00 
01 22 00 00 00 00 00 00 00 05 00 01 00 04 3a 91 73 46 34 62 2f 45 f8 ae 51 c6 00 00 
......:.sF4b/E..Q....(..d.............Anderson.Thomas...s....`...................*...(.2.. F....
.(...`P..@.....~.@....%....................(...1^..............................?....K...q...?...
."............:.sF4b/E..Q...

Client->GAME [10:11:23 07/09/09] packet size: 1 CRYPTED, Flags: 7f ServerSeq: 3 ClientSeq: 241
02 
.

GAME->Client [10:11:23 07/09/09] packet size: 203 CRYPTED, Flags: 7f ServerSeq: 196 ClientSeq: 0
02 03 02 00 03 08 3a 91 73 46 34 62 2f 45 f8 ae 51 c6 5d f2 83 28 ff 01 64 01 00 00 00 00 00 00 
00 00 00 00 00 08 41 6e 64 65 72 73 6f 6e 06 54 68 6f 6d 61 73 ff 04 80 73 1a e9 82 80 60 04 00 
02 8e 00 00 00 01 00 00 00 00 00 00 8f 01 00 02 00 2a 03 02 ff 28 0a 32 00 f0 20 46 04 00 8e 16 
84 28 00 00 00 60 50 85 d6 40 00 00 00 00 00 7e a3 40 00 00 00 80 25 da c9 c0 00 ff 00 00 00 00 
00 f7 00 00 00 e3 00 00 00 00 00 28 0a ff 00 31 5e 00 00 00 00 00 00 00 00 00 00 00 00 00 00 00 
00 ff 00 00 00 00 00 00 00 00 00 00 00 00 80 3f 11 00 00 00 4b b1 00 00 71 02 00 00 3f 00 00 00 
01 22 00 00 00 00 00 00 00 00 00 
......:.sF4b/E..Q.]..(..d.............Anderson.Thomas...s....`...................*...(.2.. F....
.(...`P..@.....~.@....%....................(...1^..............................?....K...q...?...
.".........

Client->GAME [10:11:23 07/09/09] packet size: 1 CRYPTED, Flags: 7f ServerSeq: 4 ClientSeq: 242
02 
.

GAME->Client [10:11:23 07/09/09] packet size: 220 CRYPTED, Flags: 7f ServerSeq: 197 ClientSeq: 1
02 03 02 00 03 08 2e c4 76 46 f7 6c 72 45 de 9a 51 c6 ea f2 83 28 ff 01 64 01 00 00 00 00 00 00 
00 00 00 00 00 08 41 6e 64 65 72 73 6f 6e 06 54 68 6f 6d 61 73 ff 04 80 73 1a e9 82 80 60 04 00 
02 8e 00 00 00 01 00 00 00 00 00 00 8f 01 00 02 00 2a 03 02 ff 28 0a 32 00 f0 20 46 04 00 8e 16 
84 28 00 00 00 60 50 85 d6 40 00 00 00 00 00 7e a3 40 00 00 00 80 25 da c9 c0 00 ff 00 00 00 00 
00 f7 00 00 00 e3 00 00 00 00 00 28 0a ff 00 31 5e 00 00 00 00 00 00 00 00 00 00 00 00 00 00 00 
00 ff 00 00 00 00 00 00 00 00 00 00 00 00 80 3f 11 00 00 00 4b b1 00 00 71 02 00 00 3f 00 00 00 
01 22 00 00 00 00 00 00 00 05 00 01 00 04 2e c4 76 46 f7 6c 72 45 de 9a 51 c6 00 00 
........vF.lrE..Q....(..d.............Anderson.Thomas...s....`...................*...(.2.. F....
.(...`P..@.....~.@....%....................(...1^..............................?....K...q...?...
."..............vF.lrE..Q...

Client->GAME [10:11:23 07/09/09] packet size: 1 CRYPTED, Flags: 7f ServerSeq: 5 ClientSeq: 243
02 
.

GAME->Client [10:11:23 07/09/09] packet size: 220 CRYPTED, Flags: 7f ServerSeq: 198 ClientSeq: 2
02 03 02 00 03 08 a8 5d 78 46 70 42 89 45 d0 90 51 c6 67 f3 83 28 ff 01 64 01 00 00 00 00 00 00 
00 00 00 00 00 08 41 6e 64 65 72 73 6f 6e 06 54 68 6f 6d 61 73 ff 04 80 73 1a e9 82 80 60 04 00 
02 8e 00 00 00 01 00 00 00 00 00 00 8f 01 00 02 00 2a 03 02 ff 28 0a 32 00 f0 20 46 04 00 8e 16 
84 28 00 00 00 60 50 85 d6 40 00 00 00 00 00 7e a3 40 00 00 00 80 25 da c9 c0 00 ff 00 00 00 00 
00 f7 00 00 00 e3 00 00 00 00 00 28 0a ff 00 31 5e 00 00 00 00 00 00 00 00 00 00 00 00 00 00 00 
00 ff 00 00 00 00 00 00 00 00 00 00 00 00 80 3f 11 00 00 00 4b b1 00 00 71 02 00 00 3f 00 00 00 
01 22 00 00 00 00 00 00 00 05 00 01 00 04 a8 5d 78 46 70 42 89 45 d0 90 51 c6 00 00 
.......]xFpB.E..Q.g..(..d.............Anderson.Thomas...s....`...................*...(.2.. F....
.(...`P..@.....~.@....%....................(...1^..............................?....K...q...?...
.".............]xFpB.E..Q...

Client->GAME [10:11:24 07/09/09] packet size: 1 CRYPTED, Flags: 7f ServerSeq: 6 ClientSeq: 244
02 
.

GAME->Client [10:11:24 07/09/09] packet size: 49 CRYPTED, Flags: 7f ServerSeq: 199 ClientSeq: 3
02 03 02 00 03 08 65 2a 79 46 ba 1a 91 45 ca 8b 51 c6 f3 f3 83 28 80 80 80 10 e7 00 05 00 01 80 
04 e7 00 65 2a 79 46 ba 1a 91 45 ca 8b 51 c6 00 00 
......e*yF...E..Q....(.............e*yF...E..Q...

Client->GAME [10:11:24 07/09/09] packet size: 1 CRYPTED, Flags: 7f ServerSeq: 7 ClientSeq: 245
02 
.

GAME->Client [10:11:24 07/09/09] packet size: 220 CRYPTED, Flags: 7f ServerSeq: 200 ClientSeq: 4
02 03 02 00 03 08 df c3 7a 46 f1 6f a0 45 bc 81 51 c6 51 f4 83 28 ff 01 64 01 00 00 00 00 00 00 
00 00 00 00 00 08 41 6e 64 65 72 73 6f 6e 06 54 68 6f 6d 61 73 ff 04 80 73 1a e9 82 80 60 04 00 
02 8e 00 00 00 01 00 00 00 00 00 00 8f 01 00 02 00 2a 03 02 ff 28 0a 32 00 f0 20 46 04 00 8e 16 
84 28 00 00 00 60 50 85 d6 40 00 00 00 00 00 7e a3 40 00 00 00 80 25 da c9 c0 00 ff 00 00 00 00 
00 f7 00 00 00 e7 00 00 00 00 00 28 0a ff 00 31 5e 00 00 00 00 00 00 00 00 00 00 00 00 00 00 00 
00 ff 00 00 00 00 00 00 00 00 00 00 00 00 80 3f 11 00 00 00 4b b1 00 00 71 02 00 00 3f 00 00 00 
01 22 00 00 00 00 00 00 00 05 00 01 00 04 df c3 7a 46 f1 6f a0 45 bc 81 51 c6 00 00 
........zF.o.E..Q.Q..(..d.............Anderson.Thomas...s....`...................*...(.2.. F....
.(...`P..@.....~.@....%....................(...1^..............................?....K...q...?...
."..............zF.o.E..Q...

Client->GAME [10:11:24 07/09/09] packet size: 1 CRYPTED, Flags: 7f ServerSeq: 8 ClientSeq: 246
02 
.

GAME->Client [10:11:24 07/09/09] packet size: 224 CRYPTED, Flags: 7f ServerSeq: 201 ClientSeq: 5
82 89 f3 25 49 03 02 00 03 08 59 5d 7c 46 54 4b af 45 af 77 51 c6 de f4 83 28 ff 01 64 01 00 00 
00 00 00 00 00 00 00 00 00 08 41 6e 64 65 72 73 6f 6e 06 54 68 6f 6d 61 73 ff 04 80 73 1a e9 82 
80 60 04 00 02 8e 00 00 00 01 00 00 00 00 00 00 8f 01 00 02 00 2a 03 02 ff 28 0a 32 00 f0 20 46 
04 00 8e 16 84 28 00 00 00 60 50 85 d6 40 00 00 00 00 00 7e a3 40 00 00 00 80 25 da c9 c0 00 ff 
00 00 00 00 00 f7 00 00 00 e7 00 00 00 00 00 28 0a ff 00 31 5e 00 00 00 00 00 00 00 00 00 00 00 
00 00 00 00 00 ff 00 00 00 00 00 00 00 00 00 00 00 00 80 3f 11 00 00 00 4b b1 00 00 71 02 00 00 
3f 00 00 00 01 22 00 00 00 00 00 00 00 05 00 01 00 04 59 5d 7c 46 54 4b af 45 af 77 51 c6 00 00 
...%I.....Y]|FTK.E.wQ....(..d.............Anderson.Thomas...s....`...................*...(.2.. F
.....(...`P..@.....~.@....%....................(...1^..............................?....K...q...
?...."............Y]|FTK.E.wQ...

Client->GAME [10:11:24 07/09/09] packet size: 1 CRYPTED, Flags: 7f ServerSeq: 9 ClientSeq: 247
02 
.

GAME->Client [10:11:24 07/09/09] packet size: 220 CRYPTED, Flags: 7f ServerSeq: 202 ClientSeq: 6
02 03 02 00 03 08 d3 f6 7d 46 e5 ac bd 45 a2 6d 51 c6 4b f5 83 28 ff 01 64 01 00 00 00 00 00 00 
00 00 00 00 00 08 41 6e 64 65 72 73 6f 6e 06 54 68 6f 6d 61 73 ff 04 80 73 1a e9 82 80 60 04 00 
02 8e 00 00 00 01 00 00 00 00 00 00 8f 01 00 02 00 2a 03 02 ff 28 0a 32 00 f0 20 46 04 00 8e 16 
84 28 00 00 00 60 50 85 d6 40 00 00 00 00 00 7e a3 40 00 00 00 80 25 da c9 c0 00 ff 00 00 00 00 
00 f7 00 00 00 e7 00 00 00 00 00 28 0a ff 00 31 5e 00 00 00 00 00 00 00 00 00 00 00 00 00 00 00 
00 ff 00 00 00 00 00 00 00 00 00 00 00 00 80 3f 11 00 00 00 4b b1 00 00 71 02 00 00 3f 00 00 00 
01 22 00 00 00 00 00 00 00 05 00 01 00 04 d3 f6 7d 46 e5 ac bd 45 a2 6d 51 c6 00 00 
........}F...E.mQ.K..(..d.............Anderson.Thomas...s....`...................*...(.2.. F....
.(...`P..@.....~.@....%....................(...1^..............................?....K...q...?...
."..............}F...E.mQ...

Client->GAME [10:11:24 07/09/09] packet size: 1 CRYPTED, Flags: 7f ServerSeq: 10 ClientSeq: 248
02 
.

GAME->Client [10:11:24 07/09/09] packet size: 220 CRYPTED, Flags: 7f ServerSeq: 203 ClientSeq: 7
02 03 02 00 03 08 4d 90 7f 46 a3 94 cb 45 94 63 51 c6 c8 f5 83 28 ff 01 64 01 00 00 00 00 00 00 
00 00 00 00 00 08 41 6e 64 65 72 73 6f 6e 06 54 68 6f 6d 61 73 ff 04 80 73 1a e9 82 80 60 04 00 
02 8e 00 00 00 01 00 00 00 00 00 00 8f 01 00 02 00 2a 03 02 ff 28 0a 32 00 f0 20 46 04 00 8e 16 
84 28 00 00 00 60 50 85 d6 40 00 00 00 00 00 7e a3 40 00 00 00 80 25 da c9 c0 00 ff 00 00 00 00 
00 f7 00 00 00 e7 00 00 00 00 00 28 0a ff 00 31 5e 00 00 00 00 00 00 00 00 00 00 00 00 00 00 00 
00 ff 00 00 00 00 00 00 00 00 00 00 00 00 80 3f 11 00 00 00 4b b1 00 00 71 02 00 00 3f 00 00 00 
01 22 00 00 00 00 00 00 00 05 00 01 00 04 4d 90 7f 46 a3 94 cb 45 94 63 51 c6 00 00 
......M..F...E.cQ....(..d.............Anderson.Thomas...s....`...................*...(.2.. F....
.(...`P..@.....~.@....%....................(...1^..............................?....K...q...?...
."............M..F...E.cQ...

Client->GAME [10:11:24 07/09/09] packet size: 1 CRYPTED, Flags: 7f ServerSeq: 11 ClientSeq: 249
02 
.

GAME->Client [10:11:24 07/09/09] packet size: 220 CRYPTED, Flags: 7f ServerSeq: 204 ClientSeq: 8
02 03 02 00 03 08 e3 94 80 46 8d 02 d9 45 87 59 51 c6 55 f6 83 28 ff 01 64 01 00 00 00 00 00 00 
00 00 00 00 00 08 41 6e 64 65 72 73 6f 6e 06 54 68 6f 6d 61 73 ff 04 80 73 1a e9 82 80 60 04 00 
02 8e 00 00 00 01 00 00 00 00 00 00 8f 01 00 02 00 2a 03 02 ff 28 0a 32 00 f0 20 46 04 00 8e 16 
84 28 00 00 00 60 50 85 d6 40 00 00 00 00 00 7e a3 40 00 00 00 80 25 da c9 c0 00 ff 00 00 00 00 
00 f7 00 00 00 e7 00 00 00 00 00 28 0a ff 00 31 5e 00 00 00 00 00 00 00 00 00 00 00 00 00 00 00 
00 ff 00 00 00 00 00 00 00 00 00 00 00 00 80 3f 11 00 00 00 4b b1 00 00 71 02 00 00 3f 00 00 00 
01 22 00 00 00 00 00 00 00 05 00 01 00 04 e3 94 80 46 8d 02 d9 45 87 59 51 c6 00 00 
.........F...E.YQ.U..(..d.............Anderson.Thomas...s....`...................*...(.2.. F....
.(...`P..@.....~.@....%....................(...1^..............................?....K...q...?...
."...............F...E.YQ...

Client->GAME [10:11:24 07/09/09] packet size: 1 CRYPTED, Flags: 7f ServerSeq: 12 ClientSeq: 250
02 
.

GAME->Client [10:11:24 07/09/09] packet size: 220 CRYPTED, Flags: 7f ServerSeq: 205 ClientSeq: 9
02 03 02 00 03 08 a0 61 81 46 a4 f6 e5 45 7a 4f 51 c6 d2 f6 83 28 ff 01 64 01 00 00 00 00 00 00 
00 00 00 00 00 08 41 6e 64 65 72 73 6f 6e 06 54 68 6f 6d 61 73 ff 04 80 73 1a e9 82 80 60 04 00 
02 8e 00 00 00 01 00 00 00 00 00 00 8f 01 00 02 00 2a 03 02 ff 28 0a 32 00 f0 20 46 04 00 8e 16 
84 28 00 00 00 60 50 85 d6 40 00 00 00 00 00 7e a3 40 00 00 00 80 25 da c9 c0 00 ff 00 00 00 00 
00 f7 00 00 00 e7 00 00 00 00 00 28 0a ff 00 31 5e 00 00 00 00 00 00 00 00 00 00 00 00 00 00 00 
00 ff 00 00 00 00 00 00 00 00 00 00 00 00 80 3f 11 00 00 00 4b b1 00 00 71 02 00 00 3f 00 00 00 
01 22 00 00 00 00 00 00 00 05 00 01 00 04 a0 61 81 46 a4 f6 e5 45 7a 4f 51 c6 00 00 
.......a.F...EzOQ....(..d.............Anderson.Thomas...s....`...................*...(.2.. F....
.(...`P..@.....~.@....%....................(...1^..............................?....K...q...?...
.".............a.F...EzOQ...

Client->GAME [10:11:24 07/09/09] packet size: 1 CRYPTED, Flags: 7f ServerSeq: 13 ClientSeq: 251
02 
.

GAME->Client [10:11:24 07/09/09] packet size: 220 CRYPTED, Flags: 7f ServerSeq: 206 ClientSeq: 10
02 03 02 00 03 08 ff c7 81 46 01 43 ec 45 73 4a 51 c6 3f f7 83 28 ff 01 64 01 00 00 00 00 00 00 
00 00 00 00 00 08 41 6e 64 65 72 73 6f 6e 06 54 68 6f 6d 61 73 ff 04 80 73 1a e9 82 80 60 04 00 
02 8e 00 00 00 01 00 00 00 00 00 00 8f 01 00 02 00 2a 03 02 ff 28 0a 32 00 f0 20 46 04 00 8e 16 
84 28 00 00 00 60 50 85 d6 40 00 00 00 00 00 7e a3 40 00 00 00 80 25 da c9 c0 00 ff 00 00 00 00 
00 f7 00 00 00 e7 00 00 00 00 00 28 0a ff 00 31 5e 00 00 00 00 00 00 00 00 00 00 00 00 00 00 00 
00 ff 00 00 00 00 00 00 00 00 00 00 00 00 80 3f 11 00 00 00 4b b1 00 00 71 02 00 00 3f 00 00 00 
01 22 00 00 00 00 00 00 00 05 00 01 00 04 ff c7 81 46 01 43 ec 45 73 4a 51 c6 00 00 
.........F.C.EsJQ.?..(..d.............Anderson.Thomas...s....`...................*...(.2.. F....
.(...`P..@.....~.@....%....................(...1^..............................?....K...q...?...
."...............F.C.EsJQ...

Client->GAME [10:11:25 07/09/09] packet size: 1 CRYPTED, Flags: 7f ServerSeq: 14 ClientSeq: 252
02 
.

GAME->Client [10:11:25 07/09/09] packet size: 49 CRYPTED, Flags: 7f ServerSeq: 207 ClientSeq: 11
02 03 02 00 03 08 bc 94 82 46 5b 80 f8 45 66 40 51 c6 bc f7 83 28 80 80 80 10 eb 00 05 00 01 80 
04 eb 00 bc 94 82 46 5b 80 f8 45 66 40 51 c6 00 00 
.........F[..Ef@Q....(................F[..Ef@Q...

Client->GAME [10:11:25 07/09/09] packet size: 1 CRYPTED, Flags: 7f ServerSeq: 15 ClientSeq: 253
02 
.

GAME->Client [10:11:25 07/09/09] packet size: 220 CRYPTED, Flags: 7f ServerSeq: 208 ClientSeq: 12
02 03 02 00 03 08 d8 c7 83 46 fb fb 04 46 52 31 51 c6 49 f8 83 28 ff 01 64 01 00 00 00 00 00 00 
00 00 00 00 00 08 41 6e 64 65 72 73 6f 6e 06 54 68 6f 6d 61 73 ff 04 80 73 1a e9 82 80 60 04 00 
02 8e 00 00 00 01 00 00 00 00 00 00 8f 01 00 02 00 2a 03 02 ff 28 0a 32 00 f0 20 46 04 00 8e 16 
84 28 00 00 00 60 50 85 d6 40 00 00 00 00 00 7e a3 40 00 00 00 80 25 da c9 c0 00 ff 00 00 00 00 
00 f7 00 00 00 eb 00 00 00 00 00 28 0a ff 00 31 5e 00 00 00 00 00 00 00 00 00 00 00 00 00 00 00 
00 ff 00 00 00 00 00 00 00 00 00 00 00 00 80 3f 11 00 00 00 4b b1 00 00 71 02 00 00 3f 00 00 00 
01 22 00 00 00 00 00 00 00 05 00 01 00 04 d8 c7 83 46 fb fb 04 46 52 31 51 c6 00 00 
.........F...FR1Q.I..(..d.............Anderson.Thomas...s....`...................*...(.2.. F....
.(...`P..@.....~.@....%....................(...1^..............................?....K...q...?...
."...............F...FR1Q...

Client->GAME [10:11:25 07/09/09] packet size: 1 CRYPTED, Flags: 7f ServerSeq: 0 ClientSeq: 254
02 
.

GAME->Client [10:11:25 07/09/09] packet size: 220 CRYPTED, Flags: 7f ServerSeq: 209 ClientSeq: 13
02 03 02 00 03 08 94 94 84 46 60 82 0a 46 44 27 51 c6 c6 f8 83 28 ff 01 64 01 00 00 00 00 00 00 
00 00 00 00 00 08 41 6e 64 65 72 73 6f 6e 06 54 68 6f 6d 61 73 ff 04 80 73 1a e9 82 80 60 04 00 
02 8e 00 00 00 01 00 00 00 00 00 00 8f 01 00 02 00 2a 03 02 ff 28 0a 32 00 f0 20 46 04 00 8e 16 
84 28 00 00 00 60 50 85 d6 40 00 00 00 00 00 7e a3 40 00 00 00 80 25 da c9 c0 00 ff 00 00 00 00 
00 f7 00 00 00 eb 00 00 00 00 00 28 0a ff 00 31 5e 00 00 00 00 00 00 00 00 00 00 00 00 00 00 00 
00 ff 00 00 00 00 00 00 00 00 00 00 00 00 80 3f 11 00 00 00 4b b1 00 00 71 02 00 00 3f 00 00 00 
01 22 00 00 00 00 00 00 00 05 00 01 00 04 94 94 84 46 60 82 0a 46 44 27 51 c6 00 00 
.........F`..FD'Q....(..d.............Anderson.Thomas...s....`...................*...(.2.. F....
.(...`P..@.....~.@....%....................(...1^..............................?....K...q...?...
."...............F`..FD'Q...

Client->GAME [10:11:25 07/09/09] packet size: 1 CRYPTED, Flags: 7f ServerSeq: 1 ClientSeq: 255
02 
.

GAME->Client [10:11:25 07/09/09] packet size: 224 CRYPTED, Flags: 7f ServerSeq: 210 ClientSeq: 14
82 9a f3 25 49 03 02 00 03 08 f3 fa 84 46 bb 2e 0d 46 3e 22 51 c6 33 f9 83 28 ff 01 64 01 00 00 
00 00 00 00 00 00 00 00 00 08 41 6e 64 65 72 73 6f 6e 06 54 68 6f 6d 61 73 ff 04 80 73 1a e9 82 
80 60 04 00 02 8e 00 00 00 01 00 00 00 00 00 00 8f 01 00 02 00 2a 03 02 ff 28 0a 32 00 f0 20 46 
04 00 8e 16 84 28 00 00 00 60 50 85 d6 40 00 00 00 00 00 7e a3 40 00 00 00 80 25 da c9 c0 00 ff 
00 00 00 00 00 f7 00 00 00 eb 00 00 00 00 00 28 0a ff 00 31 5e 00 00 00 00 00 00 00 00 00 00 00 
00 00 00 00 00 ff 00 00 00 00 00 00 00 00 00 00 00 00 80 3f 11 00 00 00 4b b1 00 00 71 02 00 00 
3f 00 00 00 01 22 00 00 00 00 00 00 00 05 00 01 00 04 f3 fa 84 46 bb 2e 0d 46 3e 22 51 c6 00 00 
...%I........F...F>"Q.3..(..d.............Anderson.Thomas...s....`...................*...(.2.. F
.....(...`P..@.....~.@....%....................(...1^..............................?....K...q...
?...."...............F...F>"Q...

Client->GAME [10:11:25 07/09/09] packet size: 1 CRYPTED, Flags: 7f ServerSeq: 2 ClientSeq: 256
02 
.

GAME->Client [10:11:25 07/09/09] packet size: 220 CRYPTED, Flags: 7f ServerSeq: 211 ClientSeq: 15
02 03 02 00 03 08 b0 c7 85 46 c2 59 12 46 30 18 51 c6 b0 f9 83 28 ff 01 64 01 00 00 00 00 00 00 
00 00 00 00 00 08 41 6e 64 65 72 73 6f 6e 06 54 68 6f 6d 61 73 ff 04 80 73 1a e9 82 80 60 04 00 
02 8e 00 00 00 01 00 00 00 00 00 00 8f 01 00 02 00 2a 03 02 ff 28 0a 32 00 f0 20 46 04 00 8e 16 
84 28 00 00 00 60 50 85 d6 40 00 00 00 00 00 7e a3 40 00 00 00 80 25 da c9 c0 00 ff 00 00 00 00 
00 f7 00 00 00 eb 00 00 00 00 00 28 0a ff 00 31 5e 00 00 00 00 00 00 00 00 00 00 00 00 00 00 00 
00 ff 00 00 00 00 00 00 00 00 00 00 00 00 80 3f 11 00 00 00 4b b1 00 00 71 02 00 00 3f 00 00 00 
01 22 00 00 00 00 00 00 00 05 00 01 00 04 b0 c7 85 46 c2 59 12 46 30 18 51 c6 00 00 
.........F.Y.F0.Q....(..d.............Anderson.Thomas...s....`...................*...(.2.. F....
.(...`P..@.....~.@....%....................(...1^..............................?....K...q...?...
."...............F.Y.F0.Q...

Client->GAME [10:11:25 07/09/09] packet size: 1 CRYPTED, Flags: 7f ServerSeq: 3 ClientSeq: 257
02 
.

GAME->Client [10:11:25 07/09/09] packet size: 220 CRYPTED, Flags: 7f ServerSeq: 212 ClientSeq: 256
02 03 02 00 03 08 6d 94 86 46 df 47 17 46 23 0e 51 c6 3d fa 83 28 ff 01 64 01 00 00 00 00 00 00 
00 00 00 00 00 08 41 6e 64 65 72 73 6f 6e 06 54 68 6f 6d 61 73 ff 04 80 73 1a e9 82 80 60 04 00 
02 8e 00 00 00 01 00 00 00 00 00 00 8f 01 00 02 00 2a 03 02 ff 28 0a 32 00 f0 20 46 04 00 8e 16 
84 28 00 00 00 60 50 85 d6 40 00 00 00 00 00 7e a3 40 00 00 00 80 25 da c9 c0 00 ff 00 00 00 00 
00 f7 00 00 00 eb 00 00 00 00 00 28 0a ff 00 31 5e 00 00 00 00 00 00 00 00 00 00 00 00 00 00 00 
00 ff 00 00 00 00 00 00 00 00 00 00 00 00 80 3f 11 00 00 00 4b b1 00 00 71 02 00 00 3f 00 00 00 
01 22 00 00 00 00 00 00 00 05 00 01 00 04 6d 94 86 46 df 47 17 46 23 0e 51 c6 00 00 
......m..F.G.F#.Q.=..(..d.............Anderson.Thomas...s....`...................*...(.2.. F....
.(...`P..@.....~.@....%....................(...1^..............................?....K...q...?...
."............m..F.G.F#.Q...

Client->GAME [10:11:25 07/09/09] packet size: 1 CRYPTED, Flags: 7f ServerSeq: 4 ClientSeq: 258
02 
.

GAME->Client [10:11:25 07/09/09] packet size: 220 CRYPTED, Flags: 7f ServerSeq: 213 ClientSeq: 257
02 03 02 00 03 08 2a 61 87 46 13 f9 1b 46 16 04 51 c6 ba fa 83 28 ff 01 64 01 00 00 00 00 00 00 
00 00 00 00 00 08 41 6e 64 65 72 73 6f 6e 06 54 68 6f 6d 61 73 ff 04 80 73 1a e9 82 80 60 04 00 
02 8e 00 00 00 01 00 00 00 00 00 00 8f 01 00 02 00 2a 03 02 ff 28 0a 32 00 f0 20 46 04 00 8e 16 
84 28 00 00 00 60 50 85 d6 40 00 00 00 00 00 7e a3 40 00 00 00 80 25 da c9 c0 00 ff 00 00 00 00 
00 f7 00 00 00 eb 00 00 00 00 00 28 0a ff 00 31 5e 00 00 00 00 00 00 00 00 00 00 00 00 00 00 00 
00 ff 00 00 00 00 00 00 00 00 00 00 00 00 80 3f 11 00 00 00 4b b1 00 00 71 02 00 00 3f 00 00 00 
01 22 00 00 00 00 00 00 00 05 00 01 00 04 2a 61 87 46 13 f9 1b 46 16 04 51 c6 00 00 
......*a.F...F..Q....(..d.............Anderson.Thomas...s....`...................*...(.2.. F....
.(...`P..@.....~.@....%....................(...1^..............................?....K...q...?...
."............*a.F...F..Q...

Client->GAME [10:11:25 07/09/09] packet size: 1 CRYPTED, Flags: 7f ServerSeq: 5 ClientSeq: 259
02 
.

GAME->Client [10:11:25 07/09/09] packet size: 220 CRYPTED, Flags: 7f ServerSeq: 214 ClientSeq: 258
02 03 02 00 03 08 e7 2d 88 46 5c 6d 20 46 09 fa 50 c6 27 fb 83 28 ff 01 64 01 00 00 00 00 00 00 
00 00 00 00 00 08 41 6e 64 65 72 73 6f 6e 06 54 68 6f 6d 61 73 ff 04 80 73 1a e9 82 80 60 04 00 
02 8e 00 00 00 01 00 00 00 00 00 00 8f 01 00 02 00 2a 03 02 ff 28 0a 32 00 f0 20 46 04 00 8e 16 
84 28 00 00 00 60 50 85 d6 40 00 00 00 00 00 7e a3 40 00 00 00 80 25 da c9 c0 00 ff 00 00 00 00 
00 f7 00 00 00 eb 00 00 00 00 00 28 0a ff 00 31 5e 00 00 00 00 00 00 00 00 00 00 00 00 00 00 00 
00 ff 00 00 00 00 00 00 00 00 00 00 00 00 80 3f 11 00 00 00 4b b1 00 00 71 02 00 00 3f 00 00 00 
01 22 00 00 00 00 00 00 00 05 00 01 00 04 e7 2d 88 46 5c 6d 20 46 09 fa 50 c6 00 00 
.......-.F\m F..P.'..(..d.............Anderson.Thomas...s....`...................*...(.2.. F....
.(...`P..@.....~.@....%....................(...1^..............................?....K...q...?...
.".............-.F\m F..P...

Client->GAME [10:11:26 07/09/09] packet size: 1 CRYPTED, Flags: 7f ServerSeq: 6 ClientSeq: 260
02 
.

GAME->Client [10:11:26 07/09/09] packet size: 49 CRYPTED, Flags: 7f ServerSeq: 215 ClientSeq: 259
02 03 02 00 03 08 a4 fa 88 46 bd a4 24 46 fb ef 50 c6 a4 fb 83 28 80 80 80 10 ef 00 05 00 01 80 
04 ef 00 a4 fa 88 46 bd a4 24 46 fb ef 50 c6 00 00 
.........F..$F..P....(................F..$F..P...

Client->GAME [10:11:26 07/09/09] packet size: 1 CRYPTED, Flags: 7f ServerSeq: 7 ClientSeq: 261
02 
.

GAME->Client [10:11:26 07/09/09] packet size: 220 CRYPTED, Flags: 7f ServerSeq: 216 ClientSeq: 260
02 03 02 00 03 08 61 c7 89 46 33 9f 28 46 ee e5 50 c6 31 fc 83 28 ff 01 64 01 00 00 00 00 00 00 
00 00 00 00 00 08 41 6e 64 65 72 73 6f 6e 06 54 68 6f 6d 61 73 ff 04 80 73 1a e9 82 80 60 04 00 
02 8e 00 00 00 01 00 00 00 00 00 00 8f 01 00 02 00 2a 03 02 ff 28 0a 32 00 f0 20 46 04 00 8e 16 
84 28 00 00 00 60 50 85 d6 40 00 00 00 00 00 7e a3 40 00 00 00 80 25 da c9 c0 00 ff 00 00 00 00 
00 f7 00 00 00 ef 00 00 00 00 00 28 0a ff 00 31 5e 00 00 00 00 00 00 00 00 00 00 00 00 00 00 00 
00 ff 00 00 00 00 00 00 00 00 00 00 00 00 80 3f 11 00 00 00 4b b1 00 00 71 02 00 00 3f 00 00 00 
01 22 00 00 00 00 00 00 00 05 00 01 00 04 61 c7 89 46 33 9f 28 46 ee e5 50 c6 00 00 
......a..F3.(F..P.1..(..d.............Anderson.Thomas...s....`...................*...(.2.. F....
.(...`P..@.....~.@....%....................(...1^..............................?....K...q...?...
."............a..F3.(F..P...

Client->GAME [10:11:26 07/09/09] packet size: 1 CRYPTED, Flags: 7f ServerSeq: 8 ClientSeq: 262
02 
.

GAME->Client [10:11:26 07/09/09] packet size: 220 CRYPTED, Flags: 7f ServerSeq: 217 ClientSeq: 261
02 03 02 00 03 08 1e 94 8a 46 c1 5c 2c 46 e1 db 50 c6 9e fc 83 28 ff 01 64 01 00 00 00 00 00 00 
00 00 00 00 00 08 41 6e 64 65 72 73 6f 6e 06 54 68 6f 6d 61 73 ff 04 80 73 1a e9 82 80 60 04 00 
02 8e 00 00 00 01 00 00 00 00 00 00 8f 01 00 02 00 2a 03 02 ff 28 0a 32 00 f0 20 46 04 00 8e 16 
84 28 00 00 00 60 50 85 d6 40 00 00 00 00 00 7e a3 40 00 00 00 80 25 da c9 c0 00 ff 00 00 00 00 
00 f7 00 00 00 ef 00 00 00 00 00 28 0a ff 00 31 5e 00 00 00 00 00 00 00 00 00 00 00 00 00 00 00 
00 ff 00 00 00 00 00 00 00 00 00 00 00 00 80 3f 11 00 00 00 4b b1 00 00 71 02 00 00 3f 00 00 00 
01 22 00 00 00 00 00 00 00 05 00 01 00 04 1e 94 8a 46 c1 5c 2c 46 e1 db 50 c6 00 00 
.........F.\,F..P....(..d.............Anderson.Thomas...s....`...................*...(.2.. F....
.(...`P..@.....~.@....%....................(...1^..............................?....K...q...?...
."...............F.\,F..P...

Client->GAME [10:11:26 07/09/09] packet size: 1 CRYPTED, Flags: 7f ServerSeq: 9 ClientSeq: 263
02 
.

GAME->Client [10:11:26 07/09/09] packet size: 220 CRYPTED, Flags: 7f ServerSeq: 218 ClientSeq: 262
02 03 02 00 03 08 db 60 8b 46 64 dd 2f 46 d3 d1 50 c6 1b fd 83 28 ff 01 64 01 00 00 00 00 00 00 
00 00 00 00 00 08 41 6e 64 65 72 73 6f 6e 06 54 68 6f 6d 61 73 ff 04 80 73 1a e9 82 80 60 04 00 
02 8e 00 00 00 01 00 00 00 00 00 00 8f 01 00 02 00 2a 03 02 ff 28 0a 32 00 f0 20 46 04 00 8e 16 
84 28 00 00 00 60 50 85 d6 40 00 00 00 00 00 7e a3 40 00 00 00 80 25 da c9 c0 00 ff 00 00 00 00 
00 f7 00 00 00 ef 00 00 00 00 00 28 0a ff 00 31 5e 00 00 00 00 00 00 00 00 00 00 00 00 00 00 00 
00 ff 00 00 00 00 00 00 00 00 00 00 00 00 80 3f 11 00 00 00 4b b1 00 00 71 02 00 00 3f 00 00 00 
01 22 00 00 00 00 00 00 00 05 00 01 00 04 db 60 8b 46 64 dd 2f 46 d3 d1 50 c6 00 00 
.......`.Fd./F..P....(..d.............Anderson.Thomas...s....`...................*...(.2.. F....
.(...`P..@.....~.@....%....................(...1^..............................?....K...q...?...
.".............`.Fd./F..P...

Client->GAME [10:11:26 07/09/09] packet size: 1 CRYPTED, Flags: 7f ServerSeq: 10 ClientSeq: 264
02 
.

GAME->Client [10:11:26 07/09/09] packet size: 224 CRYPTED, Flags: 7f ServerSeq: 219 ClientSeq: 262
82 ad f3 25 49 03 02 00 03 08 98 2d 8c 46 1e 21 33 46 c6 c7 50 c6 a7 fd 83 28 ff 01 64 01 00 00 
00 00 00 00 00 00 00 00 00 08 41 6e 64 65 72 73 6f 6e 06 54 68 6f 6d 61 73 ff 04 80 73 1a e9 82 
80 60 04 00 02 8e 00 00 00 01 00 00 00 00 00 00 8f 01 00 02 00 2a 03 02 ff 28 0a 32 00 f0 20 46 
04 00 8e 16 84 28 00 00 00 60 50 85 d6 40 00 00 00 00 00 7e a3 40 00 00 00 80 25 da c9 c0 00 ff 
00 00 00 00 00 f7 00 00 00 ef 00 00 00 00 00 28 0a ff 00 31 5e 00 00 00 00 00 00 00 00 00 00 00 
00 00 00 00 00 ff 00 00 00 00 00 00 00 00 00 00 00 00 80 3f 11 00 00 00 4b b1 00 00 71 02 00 00 
3f 00 00 00 01 22 00 00 00 00 00 00 00 05 00 01 00 04 98 2d 8c 46 1e 21 33 46 c6 c7 50 c6 00 00 
...%I......-.F.!3F..P....(..d.............Anderson.Thomas...s....`...................*...(.2.. F
.....(...`P..@.....~.@....%....................(...1^..............................?....K...q...
?....".............-.F.!3F..P...

Client->GAME [10:11:26 07/09/09] packet size: 1 CRYPTED, Flags: 7f ServerSeq: 11 ClientSeq: 265
02 
.

GAME->Client [10:11:26 07/09/09] packet size: 220 CRYPTED, Flags: 7f ServerSeq: 220 ClientSeq: 264
02 03 02 00 03 08 55 fa 8c 46 ef 27 36 46 b9 bd 50 c6 24 fe 83 28 ff 01 64 01 00 00 00 00 00 00 
00 00 00 00 00 08 41 6e 64 65 72 73 6f 6e 06 54 68 6f 6d 61 73 ff 04 80 73 1a e9 82 80 60 04 00 
02 8e 00 00 00 01 00 00 00 00 00 00 8f 01 00 02 00 2a 03 02 ff 28 0a 32 00 f0 20 46 04 00 8e 16 
84 28 00 00 00 60 50 85 d6 40 00 00 00 00 00 7e a3 40 00 00 00 80 25 da c9 c0 00 ff 00 00 00 00 
00 f7 00 00 00 ef 00 00 00 00 00 28 0a ff 00 31 5e 00 00 00 00 00 00 00 00 00 00 00 00 00 00 00 
00 ff 00 00 00 00 00 00 00 00 00 00 00 00 80 3f 11 00 00 00 4b b1 00 00 71 02 00 00 3f 00 00 00 
01 22 00 00 00 00 00 00 00 05 00 01 00 04 55 fa 8c 46 ef 27 36 46 b9 bd 50 c6 00 00 
......U..F.'6F..P.$..(..d.............Anderson.Thomas...s....`...................*...(.2.. F....
.(...`P..@.....~.@....%....................(...1^..............................?....K...q...?...
."............U..F.'6F..P...

Client->GAME [10:11:26 07/09/09] packet size: 1 CRYPTED, Flags: 7f ServerSeq: 12 ClientSeq: 266
02 
.

GAME->Client [10:11:26 07/09/09] packet size: 220 CRYPTED, Flags: 7f ServerSeq: 221 ClientSeq: 265
02 03 02 00 03 08 b4 60 8d 46 7f 94 37 46 b2 b8 50 c6 92 fe 83 28 ff 01 64 01 00 00 00 00 00 00 
00 00 00 00 00 08 41 6e 64 65 72 73 6f 6e 06 54 68 6f 6d 61 73 ff 04 80 73 1a e9 82 80 60 04 00 
02 8e 00 00 00 01 00 00 00 00 00 00 8f 01 00 02 00 2a 03 02 ff 28 0a 32 00 f0 20 46 04 00 8e 16 
84 28 00 00 00 60 50 85 d6 40 00 00 00 00 00 7e a3 40 00 00 00 80 25 da c9 c0 00 ff 00 00 00 00 
00 f7 00 00 00 ef 00 00 00 00 00 28 0a ff 00 31 5e 00 00 00 00 00 00 00 00 00 00 00 00 00 00 00 
00 ff 00 00 00 00 00 00 00 00 00 00 00 00 80 3f 11 00 00 00 4b b1 00 00 71 02 00 00 3f 00 00 00 
01 22 00 00 00 00 00 00 00 05 00 01 00 04 b4 60 8d 46 7f 94 37 46 b2 b8 50 c6 00 00 
.......`.F..7F..P....(..d.............Anderson.Thomas...s....`...................*...(.2.. F....
.(...`P..@.....~.@....%....................(...1^..............................?....K...q...?...
.".............`.F..7F..P...

Client->GAME [10:11:26 07/09/09] packet size: 1 CRYPTED, Flags: 7f ServerSeq: 13 ClientSeq: 267
02 
.

GAME->Client [10:11:26 07/09/09] packet size: 220 CRYPTED, Flags: 7f ServerSeq: 222 ClientSeq: 266
02 03 02 00 03 08 71 2d 8e 46 f1 3f 3a 46 a5 ae 50 c6 0f ff 83 28 ff 01 64 01 00 00 00 00 00 00 
00 00 00 00 00 08 41 6e 64 65 72 73 6f 6e 06 54 68 6f 6d 61 73 ff 04 80 73 1a e9 82 80 60 04 00 
02 8e 00 00 00 01 00 00 00 00 00 00 8f 01 00 02 00 2a 03 02 ff 28 0a 32 00 f0 20 46 04 00 8e 16 
84 28 00 00 00 60 50 85 d6 40 00 00 00 00 00 7e a3 40 00 00 00 80 25 da c9 c0 00 ff 00 00 00 00 
00 f7 00 00 00 ef 00 00 00 00 00 28 0a ff 00 31 5e 00 00 00 00 00 00 00 00 00 00 00 00 00 00 00 
00 ff 00 00 00 00 00 00 00 00 00 00 00 00 80 3f 11 00 00 00 4b b1 00 00 71 02 00 00 3f 00 00 00 
01 22 00 00 00 00 00 00 00 05 00 01 00 04 71 2d 8e 46 f1 3f 3a 46 a5 ae 50 c6 00 00 
......q-.F.?:F..P....(..d.............Anderson.Thomas...s....`...................*...(.2.. F....
.(...`P..@.....~.@....%....................(...1^..............................?....K...q...?...
."............q-.F.?:F..P...

Client->GAME [10:11:27 07/09/09] packet size: 1 CRYPTED, Flags: 7f ServerSeq: 14 ClientSeq: 268
02 
.

GAME->Client [10:11:27 07/09/09] packet size: 49 CRYPTED, Flags: 7f ServerSeq: 223 ClientSeq: 267
02 03 02 00 03 08 2e fa 8e 46 79 ae 3c 46 97 a4 50 c6 9c ff 83 28 80 80 80 10 f2 00 05 00 01 80 
04 f2 00 2e fa 8e 46 79 ae 3c 46 97 a4 50 c6 00 00 
.........Fy.<F..P....(................Fy.<F..P...

Client->GAME [10:11:27 07/09/09] packet size: 1 CRYPTED, Flags: 7f ServerSeq: 15 ClientSeq: 269
02 
.

GAME->Client [10:11:27 07/09/09] packet size: 220 CRYPTED, Flags: 7f ServerSeq: 224 ClientSeq: 268
02 03 02 00 03 08 eb c6 8f 46 18 e0 3e 46 8a 9a 50 c6 19 00 84 28 ff 01 64 01 00 00 00 00 00 00 
00 00 00 00 00 08 41 6e 64 65 72 73 6f 6e 06 54 68 6f 6d 61 73 ff 04 80 73 1a e9 82 80 60 04 00 
02 8e 00 00 00 01 00 00 00 00 00 00 8f 01 00 02 00 2a 03 02 ff 28 0a 32 00 f0 20 46 04 00 8e 16 
84 28 00 00 00 60 50 85 d6 40 00 00 00 00 00 7e a3 40 00 00 00 80 25 da c9 c0 00 ff 00 00 00 00 
00 f7 00 00 00 f2 00 00 00 00 00 28 0a ff 00 31 5e 00 00 00 00 00 00 00 00 00 00 00 00 00 00 00 
00 ff 00 00 00 00 00 00 00 00 00 00 00 00 80 3f 11 00 00 00 4b b1 00 00 71 02 00 00 3f 00 00 00 
01 22 00 00 00 00 00 00 00 05 00 01 00 04 eb c6 8f 46 18 e0 3e 46 8a 9a 50 c6 00 00 
.........F..>F..P....(..d.............Anderson.Thomas...s....`...................*...(.2.. F....
.(...`P..@.....~.@....%....................(...1^..............................?....K...q...?...
."...............F..>F..P...

Client->GAME [10:11:27 07/09/09] packet size: 1 CRYPTED, Flags: 7f ServerSeq: 0 ClientSeq: 270
02 
.

GAME->Client [10:11:27 07/09/09] packet size: 220 CRYPTED, Flags: 7f ServerSeq: 225 ClientSeq: 269
02 03 02 00 03 08 a8 93 90 46 cd d4 40 46 7d 90 50 c6 86 00 84 28 ff 01 64 01 00 00 00 00 00 00 
00 00 00 00 00 08 41 6e 64 65 72 73 6f 6e 06 54 68 6f 6d 61 73 ff 04 80 73 1a e9 82 80 60 04 00 
02 8e 00 00 00 01 00 00 00 00 00 00 8f 01 00 02 00 2a 03 02 ff 28 0a 32 00 f0 20 46 04 00 8e 16 
84 28 00 00 00 60 50 85 d6 40 00 00 00 00 00 7e a3 40 00 00 00 80 25 da c9 c0 00 ff 00 00 00 00 
00 f7 00 00 00 f2 00 00 00 00 00 28 0a ff 00 31 5e 00 00 00 00 00 00 00 00 00 00 00 00 00 00 00 
00 ff 00 00 00 00 00 00 00 00 00 00 00 00 80 3f 11 00 00 00 4b b1 00 00 71 02 00 00 3f 00 00 00 
01 22 00 00 00 00 00 00 00 05 00 01 00 04 a8 93 90 46 cd d4 40 46 7d 90 50 c6 00 00 
.........F..@F}.P....(..d.............Anderson.Thomas...s....`...................*...(.2.. F....
.(...`P..@.....~.@....%....................(...1^..............................?....K...q...?...
."...............F..@F}.P...

Client->GAME [10:11:27 07/09/09] packet size: 1 CRYPTED, Flags: 7f ServerSeq: 1 ClientSeq: 271
02 
.

GAME->Client [10:11:27 07/09/09] packet size: 220 CRYPTED, Flags: 7f ServerSeq: 226 ClientSeq: 269
02 03 02 00 03 08 65 60 91 46 99 8c 42 46 6f 86 50 c6 03 01 84 28 ff 01 64 01 00 00 00 00 00 00 
00 00 00 00 00 08 41 6e 64 65 72 73 6f 6e 06 54 68 6f 6d 61 73 ff 04 80 73 1a e9 82 80 60 04 00 
02 8e 00 00 00 01 00 00 00 00 00 00 8f 01 00 02 00 2a 03 02 ff 28 0a 32 00 f0 20 46 04 00 8e 16 
84 28 00 00 00 60 50 85 d6 40 00 00 00 00 00 7e a3 40 00 00 00 80 25 da c9 c0 00 ff 00 00 00 00 
00 f7 00 00 00 f2 00 00 00 00 00 28 0a ff 00 31 5e 00 00 00 00 00 00 00 00 00 00 00 00 00 00 00 
00 ff 00 00 00 00 00 00 00 00 00 00 00 00 80 3f 11 00 00 00 4b b1 00 00 71 02 00 00 3f 00 00 00 
01 22 00 00 00 00 00 00 00 05 00 01 00 04 65 60 91 46 99 8c 42 46 6f 86 50 c6 00 00 
......e`.F..BFo.P....(..d.............Anderson.Thomas...s....`...................*...(.2.. F....
.(...`P..@.....~.@....%....................(...1^..............................?....K...q...?...
."............e`.F..BFo.P...

Client->GAME [10:11:27 07/09/09] packet size: 1 CRYPTED, Flags: 7f ServerSeq: 2 ClientSeq: 272
02 
.

GAME->Client [10:11:27 07/09/09] packet size: 220 CRYPTED, Flags: 7f ServerSeq: 227 ClientSeq: 271
02 03 02 00 03 08 22 2d 92 46 7b 07 44 46 62 7c 50 c6 8f 01 84 28 ff 01 64 01 00 00 00 00 00 00 
00 00 00 00 00 08 41 6e 64 65 72 73 6f 6e 06 54 68 6f 6d 61 73 ff 04 80 73 1a e9 82 80 60 04 00 
02 8e 00 00 00 01 00 00 00 00 00 00 8f 01 00 02 00 2a 03 02 ff 28 0a 32 00 f0 20 46 04 00 8e 16 
84 28 00 00 00 60 50 85 d6 40 00 00 00 00 00 7e a3 40 00 00 00 80 25 da c9 c0 00 ff 00 00 00 00 
00 f7 00 00 00 f2 00 00 00 00 00 28 0a ff 00 31 5e 00 00 00 00 00 00 00 00 00 00 00 00 00 00 00 
00 ff 00 00 00 00 00 00 00 00 00 00 00 00 80 3f 11 00 00 00 4b b1 00 00 71 02 00 00 3f 00 00 00 
01 22 00 00 00 00 00 00 00 05 00 01 00 04 22 2d 92 46 7b 07 44 46 62 7c 50 c6 00 00 
......"-.F{.DFb|P....(..d.............Anderson.Thomas...s....`...................*...(.2.. F....
.(...`P..@.....~.@....%....................(...1^..............................?....K...q...?...
."............"-.F{.DFb|P...

Client->GAME [10:11:27 07/09/09] packet size: 1 CRYPTED, Flags: 7f ServerSeq: 3 ClientSeq: 273
02 
.

GAME->Client [10:11:27 07/09/09] packet size: 224 CRYPTED, Flags: 7f ServerSeq: 228 ClientSeq: 256
82 bf f3 25 49 03 02 00 03 08 df f9 92 46 73 45 45 46 55 72 50 c6 0c 02 84 28 ff 01 64 01 00 00 
00 00 00 00 00 00 00 00 00 08 41 6e 64 65 72 73 6f 6e 06 54 68 6f 6d 61 73 ff 04 80 73 1a e9 82 
80 60 04 00 02 8e 00 00 00 01 00 00 00 00 00 00 8f 01 00 02 00 2a 03 02 ff 28 0a 32 00 f0 20 46 
04 00 8e 16 84 28 00 00 00 60 50 85 d6 40 00 00 00 00 00 7e a3 40 00 00 00 80 25 da c9 c0 00 ff 
00 00 00 00 00 f7 00 00 00 f2 00 00 00 00 00 28 0a ff 00 31 5e 00 00 00 00 00 00 00 00 00 00 00 
00 00 00 00 00 ff 00 00 00 00 00 00 00 00 00 00 00 00 80 3f 11 00 00 00 4b b1 00 00 71 02 00 00 
3f 00 00 00 01 22 00 00 00 00 00 00 00 05 00 01 00 04 df f9 92 46 73 45 45 46 55 72 50 c6 00 00 
...%I........FsEEFUrP....(..d.............Anderson.Thomas...s....`...................*...(.2.. F
.....(...`P..@.....~.@....%....................(...1^..............................?....K...q...
?...."...............FsEEFUrP...

Client->GAME [10:11:27 07/09/09] packet size: 1 CRYPTED, Flags: 7f ServerSeq: 4 ClientSeq: 274
02 
.

GAME->Client [10:11:27 07/09/09] packet size: 220 CRYPTED, Flags: 7f ServerSeq: 229 ClientSeq: 257
02 03 02 00 03 08 9c c6 93 46 82 46 46 46 47 68 50 c6 7a 02 84 28 ff 01 64 01 00 00 00 00 00 00 
00 00 00 00 00 08 41 6e 64 65 72 73 6f 6e 06 54 68 6f 6d 61 73 ff 04 80 73 1a e9 82 80 60 04 00 
02 8e 00 00 00 01 00 00 00 00 00 00 8f 01 00 02 00 2a 03 02 ff 28 0a 32 00 f0 20 46 04 00 8e 16 
84 28 00 00 00 60 50 85 d6 40 00 00 00 00 00 7e a3 40 00 00 00 80 25 da c9 c0 00 ff 00 00 00 00 
00 f7 00 00 00 f2 00 00 00 00 00 28 0a ff 00 31 5e 00 00 00 00 00 00 00 00 00 00 00 00 00 00 00 
00 ff 00 00 00 00 00 00 00 00 00 00 00 00 80 3f 11 00 00 00 4b b1 00 00 71 02 00 00 3f 00 00 00 
01 22 00 00 00 00 00 00 00 05 00 01 00 04 9c c6 93 46 82 46 46 46 47 68 50 c6 00 00 
.........F.FFFGhP.z..(..d.............Anderson.Thomas...s....`...................*...(.2.. F....
.(...`P..@.....~.@....%....................(...1^..............................?....K...q...?...
."...............F.FFFGhP...

Client->GAME [10:11:27 07/09/09] packet size: 1 CRYPTED, Flags: 7f ServerSeq: 5 ClientSeq: 275
02 
.

GAME->Client [10:11:27 07/09/09] packet size: 220 CRYPTED, Flags: 7f ServerSeq: 230 ClientSeq: 258
02 03 02 00 03 08 59 93 94 46 a7 0a 47 46 3a 5e 50 c6 f7 02 84 28 ff 01 64 01 00 00 00 00 00 00 
00 00 00 00 00 08 41 6e 64 65 72 73 6f 6e 06 54 68 6f 6d 61 73 ff 04 80 73 1a e9 82 80 60 04 00 
02 8e 00 00 00 01 00 00 00 00 00 00 8f 01 00 02 00 2a 03 02 ff 28 0a 32 00 f0 20 46 04 00 8e 16 
84 28 00 00 00 60 50 85 d6 40 00 00 00 00 00 7e a3 40 00 00 00 80 25 da c9 c0 00 ff 00 00 00 00 
00 f7 00 00 00 f2 00 00 00 00 00 28 0a ff 00 31 5e 00 00 00 00 00 00 00 00 00 00 00 00 00 00 00 
00 ff 00 00 00 00 00 00 00 00 00 00 00 00 80 3f 11 00 00 00 4b b1 00 00 71 02 00 00 3f 00 00 00 
01 22 00 00 00 00 00 00 00 05 00 01 00 04 59 93 94 46 a7 0a 47 46 3a 5e 50 c6 00 00 
......Y..F..GF:^P....(..d.............Anderson.Thomas...s....`...................*...(.2.. F....
.(...`P..@.....~.@....%....................(...1^..............................?....K...q...?...
."............Y..F..GF:^P...

Client->GAME [10:11:27 07/09/09] packet size: 1 CRYPTED, Flags: 7f ServerSeq: 6 ClientSeq: 276
02 
.

GAME->Client [10:11:28 07/09/09] packet size: 49 CRYPTED, Flags: 7f ServerSeq: 231 ClientSeq: 259
02 03 02 00 03 08 16 60 95 46 e3 91 47 46 2d 54 50 c6 93 03 84 28 80 80 80 10 f6 00 05 00 01 80 
04 f6 00 16 60 95 46 e3 91 47 46 2d 54 50 c6 00 00 
.......`.F..GF-TP....(..............`.F..GF-TP...

Client->GAME [10:11:28 07/09/09] packet size: 1 CRYPTED, Flags: 7f ServerSeq: 7 ClientSeq: 277
02 
.

GAME->Client [10:11:28 07/09/09] packet size: 220 CRYPTED, Flags: 7f ServerSeq: 232 ClientSeq: 260
02 03 02 00 03 08 d3 2c 96 46 35 dc 47 46 1f 4a 50 c6 f1 03 84 28 ff 01 64 01 00 00 00 00 00 00 
00 00 00 00 00 08 41 6e 64 65 72 73 6f 6e 06 54 68 6f 6d 61 73 ff 04 80 73 1a e9 82 80 60 04 00 
02 8e 00 00 00 01 00 00 00 00 00 00 8f 01 00 02 00 2a 03 02 ff 28 0a 32 00 f0 20 46 04 00 8e 16 
84 28 00 00 00 60 50 85 d6 40 00 00 00 00 00 7e a3 40 00 00 00 80 25 da c9 c0 00 ff 00 00 00 00 
00 f7 00 00 00 f6 00 00 00 00 00 28 0a ff 00 31 5e 00 00 00 00 00 00 00 00 00 00 00 00 00 00 00 
00 ff 00 00 00 00 00 00 00 00 00 00 00 00 80 3f 11 00 00 00 4b b1 00 00 71 02 00 00 3f 00 00 00 
01 22 00 00 00 00 00 00 00 05 00 01 00 04 d3 2c 96 46 35 dc 47 46 1f 4a 50 c6 00 00 
.......,.F5.GF.JP....(..d.............Anderson.Thomas...s....`...................*...(.2.. F....
.(...`P..@.....~.@....%....................(...1^..............................?....K...q...?...
.".............,.F5.GF.JP...

Client->GAME [10:11:28 07/09/09] packet size: 1 CRYPTED, Flags: 7f ServerSeq: 8 ClientSeq: 278
02 
.

GAME->Client [10:11:28 07/09/09] packet size: 220 CRYPTED, Flags: 7f ServerSeq: 233 ClientSeq: 261
02 03 02 00 03 08 90 f9 96 46 9d e9 47 46 12 40 50 c6 6e 04 84 28 ff 01 64 01 00 00 00 00 00 00 
00 00 00 00 00 08 41 6e 64 65 72 73 6f 6e 06 54 68 6f 6d 61 73 ff 04 80 73 1a e9 82 80 60 04 00 
02 8e 00 00 00 01 00 00 00 00 00 00 8f 01 00 02 00 2a 03 02 ff 28 0a 32 00 f0 20 46 04 00 8e 16 
84 28 00 00 00 60 50 85 d6 40 00 00 00 00 00 7e a3 40 00 00 00 80 25 da c9 c0 00 ff 00 00 00 00 
00 f7 00 00 00 f6 00 00 00 00 00 28 0a ff 00 31 5e 00 00 00 00 00 00 00 00 00 00 00 00 00 00 00 
00 ff 00 00 00 00 00 00 00 00 00 00 00 00 80 3f 11 00 00 00 4b b1 00 00 71 02 00 00 3f 00 00 00 
01 22 00 00 00 00 00 00 00 05 00 01 00 04 90 f9 96 46 9d e9 47 46 12 40 50 c6 00 00 
.........F..GF.@P.n..(..d.............Anderson.Thomas...s....`...................*...(.2.. F....
.(...`P..@.....~.@....%....................(...1^..............................?....K...q...?...
."...............F..GF.@P...

Client->GAME [10:11:28 07/09/09] packet size: 1 CRYPTED, Flags: 7f ServerSeq: 9 ClientSeq: 279
02 
.

GAME->Client [10:11:28 07/09/09] packet size: 220 CRYPTED, Flags: 7f ServerSeq: 234 ClientSeq: 262
02 03 02 00 03 08 ee 5f 97 46 7a d9 47 46 0b 3b 50 c6 fa 04 84 28 ff 01 64 01 00 00 00 00 00 00 
00 00 00 00 00 08 41 6e 64 65 72 73 6f 6e 06 54 68 6f 6d 61 73 ff 04 80 73 1a e9 82 80 60 04 00 
02 8e 00 00 00 01 00 00 00 00 00 00 8f 01 00 02 00 2a 03 02 ff 28 0a 32 00 f0 20 46 04 00 8e 16 
84 28 00 00 00 60 50 85 d6 40 00 00 00 00 00 7e a3 40 00 00 00 80 25 da c9 c0 00 ff 00 00 00 00 
00 f7 00 00 00 f6 00 00 00 00 00 28 0a ff 00 31 5e 00 00 00 00 00 00 00 00 00 00 00 00 00 00 00 
00 ff 00 00 00 00 00 00 00 00 00 00 00 00 80 3f 11 00 00 00 4b b1 00 00 71 02 00 00 3f 00 00 00 
01 22 00 00 00 00 00 00 00 05 00 01 00 04 ee 5f 97 46 7a d9 47 46 0b 3b 50 c6 00 00 
......._.Fz.GF.;P....(..d.............Anderson.Thomas...s....`...................*...(.2.. F....
.(...`P..@.....~.@....%....................(...1^..............................?....K...q...?...
."............._.Fz.GF.;P...

Client->GAME [10:11:28 07/09/09] packet size: 1 CRYPTED, Flags: 7f ServerSeq: 10 ClientSeq: 280
02 
.

GAME->Client [10:11:28 07/09/09] packet size: 220 CRYPTED, Flags: 7f ServerSeq: 235 ClientSeq: 263
02 03 02 00 03 08 68 f9 98 46 a4 00 47 46 f1 26 50 c6 87 05 84 28 ff 01 64 01 00 00 00 00 00 00 
00 00 00 00 00 08 41 6e 64 65 72 73 6f 6e 06 54 68 6f 6d 61 73 ff 04 80 73 1a e9 82 80 60 04 00 
02 8e 00 00 00 01 00 00 00 00 00 00 8f 01 00 02 00 2a 03 02 ff 28 0a 32 00 f0 20 46 04 00 8e 16 
84 28 00 00 00 60 50 85 d6 40 00 00 00 00 00 7e a3 40 00 00 00 80 25 da c9 c0 00 ff 00 00 00 00 
00 f7 00 00 00 f6 00 00 00 00 00 28 0a ff 00 31 5e 00 00 00 00 00 00 00 00 00 00 00 00 00 00 00 
00 ff 00 00 00 00 00 00 00 00 00 00 00 00 80 3f 11 00 00 00 4b b1 00 00 71 02 00 00 3f 00 00 00 
01 22 00 00 00 00 00 00 00 05 00 01 00 04 68 f9 98 46 a4 00 47 46 f1 26 50 c6 00 00 
......h..F..GF.&P....(..d.............Anderson.Thomas...s....`...................*...(.2.. F....
.(...`P..@.....~.@....%....................(...1^..............................?....K...q...?...
."............h..F..GF.&P...

Client->GAME [10:11:28 07/09/09] packet size: 1 CRYPTED, Flags: 7f ServerSeq: 11 ClientSeq: 281
02 
.

GAME->Client [10:11:28 07/09/09] packet size: 203 CRYPTED, Flags: 7f ServerSeq: 236 ClientSeq: 264
02 03 02 00 03 08 68 f9 98 46 a4 00 47 46 f1 26 50 c6 e5 05 84 28 ff 01 64 01 00 00 00 00 00 00 
00 00 00 00 00 08 41 6e 64 65 72 73 6f 6e 06 54 68 6f 6d 61 73 ff 04 80 73 1a e9 82 80 60 04 00 
02 8e 00 00 00 01 00 00 00 00 00 00 8f 01 00 02 00 2a 03 02 ff 28 0a 32 00 f0 20 46 04 00 8e 16 
84 28 00 00 00 60 50 85 d6 40 00 00 00 00 00 7e a3 40 00 00 00 80 25 da c9 c0 00 ff 00 00 00 00 
00 f7 00 00 00 f6 00 00 00 00 00 28 0a ff 00 31 5e 00 00 00 00 00 00 00 00 00 00 00 00 00 00 00 
00 ff 00 00 00 00 00 00 00 00 00 00 00 00 80 3f 11 00 00 00 4b b1 00 00 71 02 00 00 3f 00 00 00 
01 22 00 00 00 00 00 00 00 00 00 
......h..F..GF.&P....(..d.............Anderson.Thomas...s....`...................*...(.2.. F....
.(...`P..@.....~.@....%....................(...1^..............................?....K...q...?...
.".........

Client->GAME [10:11:28 07/09/09] packet size: 1 CRYPTED, Flags: 7f ServerSeq: 12 ClientSeq: 282
02 
.

GAME->Client [10:11:28 07/09/09] packet size: 220 CRYPTED, Flags: 7f ServerSeq: 237 ClientSeq: 265
02 03 02 00 03 08 26 c6 99 46 db 38 46 46 e4 1c 50 c6 62 06 84 28 ff 01 64 01 00 00 00 00 00 00 
00 00 00 00 00 08 41 6e 64 65 72 73 6f 6e 06 54 68 6f 6d 61 73 ff 04 80 73 1a e9 82 80 60 04 00 
02 8e 00 00 00 01 00 00 00 00 00 00 8f 01 00 02 00 2a 03 02 ff 28 0a 32 00 f0 20 46 04 00 8e 16 
84 28 00 00 00 60 50 85 d6 40 00 00 00 00 00 7e a3 40 00 00 00 80 25 da c9 c0 00 ff 00 00 00 00 
00 f7 00 00 00 f6 00 00 00 00 00 28 0a ff 00 31 5e 00 00 00 00 00 00 00 00 00 00 00 00 00 00 00 
00 ff 00 00 00 00 00 00 00 00 00 00 00 00 80 3f 11 00 00 00 4b b1 00 00 71 02 00 00 3f 00 00 00 
01 22 00 00 00 00 00 00 00 05 00 01 00 04 26 c6 99 46 db 38 46 46 e4 1c 50 c6 00 00 
......&..F.8FF..P.b..(..d.............Anderson.Thomas...s....`...................*...(.2.. F....
.(...`P..@.....~.@....%....................(...1^..............................?....K...q...?...
."............&..F.8FF..P...

Client->GAME [10:11:28 07/09/09] packet size: 1 CRYPTED, Flags: 7f ServerSeq: 13 ClientSeq: 283
02 
.

GAME->Client [10:11:28 07/09/09] packet size: 224 CRYPTED, Flags: 7f ServerSeq: 238 ClientSeq: 266
82 d3 f3 25 49 03 02 00 03 08 e2 92 9a 46 28 34 45 46 d6 12 50 c6 ee 06 84 28 ff 01 64 01 00 00 
00 00 00 00 00 00 00 00 00 08 41 6e 64 65 72 73 6f 6e 06 54 68 6f 6d 61 73 ff 04 80 73 1a e9 82 
80 60 04 00 02 8e 00 00 00 01 00 00 00 00 00 00 8f 01 00 02 00 2a 03 02 ff 28 0a 32 00 f0 20 46 
04 00 8e 16 84 28 00 00 00 60 50 85 d6 40 00 00 00 00 00 7e a3 40 00 00 00 80 25 da c9 c0 00 ff 
00 00 00 00 00 f7 00 00 00 f6 00 00 00 00 00 28 0a ff 00 31 5e 00 00 00 00 00 00 00 00 00 00 00 
00 00 00 00 00 ff 00 00 00 00 00 00 00 00 00 00 00 00 80 3f 11 00 00 00 4b b1 00 00 71 02 00 00 
3f 00 00 00 01 22 00 00 00 00 00 00 00 05 00 01 00 04 e2 92 9a 46 28 34 45 46 d6 12 50 c6 00 00 
...%I........F(4EF..P....(..d.............Anderson.Thomas...s....`...................*...(.2.. F
.....(...`P..@.....~.@....%....................(...1^..............................?....K...q...
?...."...............F(4EF..P...

Client->GAME [10:11:29 07/09/09] packet size: 1 CRYPTED, Flags: 7f ServerSeq: 14 ClientSeq: 284
02 
.

GAME->Client [10:11:29 07/09/09] packet size: 220 CRYPTED, Flags: 7f ServerSeq: 239 ClientSeq: 267
02 03 02 00 03 08 5c 2c 9c 46 05 74 42 46 bc fe 4f c6 7b 07 84 28 ff 01 64 01 00 00 00 00 00 00 
00 00 00 00 00 08 41 6e 64 65 72 73 6f 6e 06 54 68 6f 6d 61 73 ff 04 80 73 1a e9 82 80 60 04 00 
02 8e 00 00 00 01 00 00 00 00 00 00 8f 01 00 02 00 2a 03 02 ff 28 0a 32 00 f0 20 46 04 00 8e 16 
84 28 00 00 00 60 50 85 d6 40 00 00 00 00 00 7e a3 40 00 00 00 80 25 da c9 c0 00 ff 00 00 00 00 
00 f7 00 00 00 f6 00 00 00 00 00 28 0a ff 00 31 5e 00 00 00 00 00 00 00 00 00 00 00 00 00 00 00 
00 ff 00 00 00 00 00 00 00 00 00 00 00 00 80 3f 11 00 00 00 4b b1 00 00 71 02 00 00 3f 00 00 00 
01 22 00 00 00 00 00 00 00 05 00 01 00 04 5c 2c 9c 46 05 74 42 46 bc fe 4f c6 00 00 
......\,.F.tBF..O.{..(..d.............Anderson.Thomas...s....`...................*...(.2.. F....
.(...`P..@.....~.@....%....................(...1^..............................?....K...q...?...
."............\,.F.tBF..O...

Client->GAME [10:11:29 07/09/09] packet size: 1 CRYPTED, Flags: 7f ServerSeq: 15 ClientSeq: 285
02 
.

GAME->Client [10:11:29 07/09/09] packet size: 37 CRYPTED, Flags: 7f ServerSeq: 240 ClientSeq: 268
02 03 02 00 03 08 5c 2c 9c 46 05 74 42 46 bc fe 4f c6 d9 07 84 28 80 80 80 10 f7 00 05 00 01 80 
00 f7 00 00 00 
......\,.F.tBF..O....(...............

Client->GAME [10:11:29 07/09/09] packet size: 1 CRYPTED, Flags: 7f ServerSeq: 0 ClientSeq: 286
02 
.

GAME->Client [10:11:29 07/09/09] packet size: 220 CRYPTED, Flags: 7f ServerSeq: 241 ClientSeq: 269
02 03 02 00 03 08 1a f9 9c 46 96 b8 40 46 ae f4 4f c6 56 08 84 28 ff 01 64 01 00 00 00 00 00 00 
00 00 00 00 00 08 41 6e 64 65 72 73 6f 6e 06 54 68 6f 6d 61 73 ff 04 80 73 1a e9 82 80 60 04 00 
02 8e 00 00 00 01 00 00 00 00 00 00 8f 01 00 02 00 2a 03 02 ff 28 0a 32 00 f0 20 46 04 00 8e 16 
84 28 00 00 00 60 50 85 d6 40 00 00 00 00 00 7e a3 40 00 00 00 80 25 da c9 c0 00 ff 00 00 00 00 
00 f7 00 00 00 f7 00 00 00 00 00 28 0a ff 00 31 5e 00 00 00 00 00 00 00 00 00 00 00 00 00 00 00 
00 ff 00 00 00 00 00 00 00 00 00 00 00 00 80 3f 11 00 00 00 4b b1 00 00 71 02 00 00 3f 00 00 00 
01 22 00 00 00 00 00 00 00 05 00 01 00 04 1a f9 9c 46 96 b8 40 46 ae f4 4f c6 00 00 
.........F..@F..O.V..(..d.............Anderson.Thomas...s....`...................*...(.2.. F....
.(...`P..@.....~.@....%....................(...1^..............................?....K...q...?...
."...............F..@F..O...

Client->GAME [10:11:29 07/09/09] packet size: 1 CRYPTED, Flags: 7f ServerSeq: 1 ClientSeq: 287
02 
.

GAME->Client [10:11:29 07/09/09] packet size: 220 CRYPTED, Flags: 7f ServerSeq: 242 ClientSeq: 270
02 03 02 00 03 08 d6 c5 9d 46 3c c0 3e 46 a1 ea 4f c6 e2 08 84 28 ff 01 64 01 00 00 00 00 00 00 
00 00 00 00 00 08 41 6e 64 65 72 73 6f 6e 06 54 68 6f 6d 61 73 ff 04 80 73 1a e9 82 80 60 04 00 
02 8e 00 00 00 01 00 00 00 00 00 00 8f 01 00 02 00 2a 03 02 ff 28 0a 32 00 f0 20 46 04 00 8e 16 
84 28 00 00 00 60 50 85 d6 40 00 00 00 00 00 7e a3 40 00 00 00 80 25 da c9 c0 00 ff 00 00 00 00 
00 f7 00 00 00 f7 00 00 00 00 00 28 0a ff 00 31 5e 00 00 00 00 00 00 00 00 00 00 00 00 00 00 00 
00 ff 00 00 00 00 00 00 00 00 00 00 00 00 80 3f 11 00 00 00 4b b1 00 00 71 02 00 00 3f 00 00 00 
01 22 00 00 00 00 00 00 00 05 00 01 00 04 d6 c5 9d 46 3c c0 3e 46 a1 ea 4f c6 00 00 
.........F<.>F..O....(..d.............Anderson.Thomas...s....`...................*...(.2.. F....
.(...`P..@.....~.@....%....................(...1^..............................?....K...q...?...
."...............F<.>F..O...

Client->GAME [10:11:29 07/09/09] packet size: 1 CRYPTED, Flags: 7f ServerSeq: 2 ClientSeq: 288
02 
.

GAME->Client [10:11:29 07/09/09] packet size: 220 CRYPTED, Flags: 7f ServerSeq: 243 ClientSeq: 271
02 03 02 00 03 08 50 5f 9f 46 cd 18 3a 46 86 d6 4f c6 6f 09 84 28 ff 01 64 01 00 00 00 00 00 00 
00 00 00 00 00 08 41 6e 64 65 72 73 6f 6e 06 54 68 6f 6d 61 73 ff 04 80 73 1a e9 82 80 60 04 00 
02 8e 00 00 00 01 00 00 00 00 00 00 8f 01 00 02 00 2a 03 02 ff 28 0a 32 00 f0 20 46 04 00 8e 16 
84 28 00 00 00 60 50 85 d6 40 00 00 00 00 00 7e a3 40 00 00 00 80 25 da c9 c0 00 ff 00 00 00 00 
00 f7 00 00 00 f7 00 00 00 00 00 28 0a ff 00 31 5e 00 00 00 00 00 00 00 00 00 00 00 00 00 00 00 
00 ff 00 00 00 00 00 00 00 00 00 00 00 00 80 3f 11 00 00 00 4b b1 00 00 71 02 00 00 3f 00 00 00 
01 22 00 00 00 00 00 00 00 05 00 01 00 04 50 5f 9f 46 cd 18 3a 46 86 d6 4f c6 00 00 
......P_.F..:F..O.o..(..d.............Anderson.Thomas...s....`...................*...(.2.. F....
.(...`P..@.....~.@....%....................(...1^..............................?....K...q...?...
."............P_.F..:F..O...

Client->GAME [10:11:29 07/09/09] packet size: 1 CRYPTED, Flags: 7f ServerSeq: 3 ClientSeq: 289
02 
.

GAME->Client [10:11:29 07/09/09] packet size: 203 CRYPTED, Flags: 7f ServerSeq: 244 ClientSeq: 256
02 03 02 00 03 08 50 5f 9f 46 cd 18 3a 46 86 d6 4f c6 cd 09 84 28 ff 01 64 01 00 00 00 00 00 00 
00 00 00 00 00 08 41 6e 64 65 72 73 6f 6e 06 54 68 6f 6d 61 73 ff 04 80 73 1a e9 82 80 60 04 00 
02 8e 00 00 00 01 00 00 00 00 00 00 8f 01 00 02 00 2a 03 02 ff 28 0a 32 00 f0 20 46 04 00 8e 16 
84 28 00 00 00 60 50 85 d6 40 00 00 00 00 00 7e a3 40 00 00 00 80 25 da c9 c0 00 ff 00 00 00 00 
00 f7 00 00 00 f7 00 00 00 00 00 28 0a ff 00 31 5e 00 00 00 00 00 00 00 00 00 00 00 00 00 00 00 
00 ff 00 00 00 00 00 00 00 00 00 00 00 00 80 3f 11 00 00 00 4b b1 00 00 71 02 00 00 3f 00 00 00 
01 22 00 00 00 00 00 00 00 00 00 
......P_.F..:F..O....(..d.............Anderson.Thomas...s....`...................*...(.2.. F....
.(...`P..@.....~.@....%....................(...1^..............................?....K...q...?...
.".........

Client->GAME [10:11:29 07/09/09] packet size: 1 CRYPTED, Flags: 7f ServerSeq: 4 ClientSeq: 290
02 
.

GAME->Client [10:11:29 07/09/09] packet size: 220 CRYPTED, Flags: 7f ServerSeq: 245 ClientSeq: 257
02 03 02 00 03 08 0e 2c a0 46 b7 69 37 46 79 cc 4f c6 4a 0a 84 28 ff 01 64 01 00 00 00 00 00 00 
00 00 00 00 00 08 41 6e 64 65 72 73 6f 6e 06 54 68 6f 6d 61 73 ff 04 80 73 1a e9 82 80 60 04 00 
02 8e 00 00 00 01 00 00 00 00 00 00 8f 01 00 02 00 2a 03 02 ff 28 0a 32 00 f0 20 46 04 00 8e 16 
84 28 00 00 00 60 50 85 d6 40 00 00 00 00 00 7e a3 40 00 00 00 80 25 da c9 c0 00 ff 00 00 00 00 
00 f7 00 00 00 f7 00 00 00 00 00 28 0a ff 00 31 5e 00 00 00 00 00 00 00 00 00 00 00 00 00 00 00 
00 ff 00 00 00 00 00 00 00 00 00 00 00 00 80 3f 11 00 00 00 4b b1 00 00 71 02 00 00 3f 00 00 00 
01 22 00 00 00 00 00 00 00 05 00 01 00 04 0e 2c a0 46 b7 69 37 46 79 cc 4f c6 00 00 
.......,.F.i7Fy.O.J..(..d.............Anderson.Thomas...s....`...................*...(.2.. F....
.(...`P..@.....~.@....%....................(...1^..............................?....K...q...?...
.".............,.F.i7Fy.O...

Client->GAME [10:11:29 07/09/09] packet size: 1 CRYPTED, Flags: 7f ServerSeq: 5 ClientSeq: 291
02 
.

GAME->Client [10:11:30 07/09/09] packet size: 220 CRYPTED, Flags: 7f ServerSeq: 246 ClientSeq: 258
02 03 02 00 03 08 88 c5 a1 46 cf 54 31 46 5e b8 4f c6 e6 0a 84 28 ff 01 64 01 00 00 00 00 00 00 
00 00 00 00 00 08 41 6e 64 65 72 73 6f 6e 06 54 68 6f 6d 61 73 ff 04 80 73 1a e9 82 80 60 04 00 
02 8e 00 00 00 01 00 00 00 00 00 00 8f 01 00 02 00 2a 03 02 ff 28 0a 32 00 f0 20 46 04 00 8e 16 
84 28 00 00 00 60 50 85 d6 40 00 00 00 00 00 7e a3 40 00 00 00 80 25 da c9 c0 00 ff 00 00 00 00 
00 f7 00 00 00 f7 00 00 00 00 00 28 0a ff 00 31 5e 00 00 00 00 00 00 00 00 00 00 00 00 00 00 00 
00 ff 00 00 00 00 00 00 00 00 00 00 00 00 80 3f 11 00 00 00 4b b1 00 00 71 02 00 00 3f 00 00 00 
01 22 00 00 00 00 00 00 00 05 00 01 00 04 88 c5 a1 46 cf 54 31 46 5e b8 4f c6 00 00 
.........F.T1F^.O....(..d.............Anderson.Thomas...s....`...................*...(.2.. F....
.(...`P..@.....~.@....%....................(...1^..............................?....K...q...?...
."...............F.T1F^.O...

Client->GAME [10:11:30 07/09/09] packet size: 1 CRYPTED, Flags: 7f ServerSeq: 6 ClientSeq: 292
02 
.

GAME->Client [10:11:30 07/09/09] packet size: 207 CRYPTED, Flags: 7f ServerSeq: 247 ClientSeq: 259
82 e4 f3 25 49 03 02 00 03 08 88 c5 a1 46 cf 54 31 46 5e b8 4f c6 44 0b 84 28 ff 01 64 01 00 00 
00 00 00 00 00 00 00 00 00 08 41 6e 64 65 72 73 6f 6e 06 54 68 6f 6d 61 73 ff 04 80 73 1a e9 82 
80 60 04 00 02 8e 00 00 00 01 00 00 00 00 00 00 8f 01 00 02 00 2a 03 02 ff 28 0a 32 00 f0 20 46 
04 00 8e 16 84 28 00 00 00 60 50 85 d6 40 00 00 00 00 00 7e a3 40 00 00 00 80 25 da c9 c0 00 ff 
00 00 00 00 00 f7 00 00 00 f7 00 00 00 00 00 28 0a ff 00 31 5e 00 00 00 00 00 00 00 00 00 00 00 
00 00 00 00 00 ff 00 00 00 00 00 00 00 00 00 00 00 00 80 3f 11 00 00 00 4b b1 00 00 71 02 00 00 
3f 00 00 00 01 22 00 00 00 00 00 00 00 00 00 
...%I........F.T1F^.O.D..(..d.............Anderson.Thomas...s....`...................*...(.2.. F
.....(...`P..@.....~.@....%....................(...1^..............................?....K...q...
?....".........

Client->GAME [10:11:30 07/09/09] packet size: 1 CRYPTED, Flags: 7f ServerSeq: 7 ClientSeq: 293
02 
.

GAME->Client [10:11:30 07/09/09] packet size: 220 CRYPTED, Flags: 7f ServerSeq: 248 ClientSeq: 260
02 03 02 00 03 08 a3 f8 a2 46 3b 25 2c 46 4a a9 4f c6 d0 0b 84 28 ff 01 64 01 00 00 00 00 00 00 
00 00 00 00 00 08 41 6e 64 65 72 73 6f 6e 06 54 68 6f 6d 61 73 ff 04 80 73 1a e9 82 80 60 04 00 
02 8e 00 00 00 01 00 00 00 00 00 00 8f 01 00 02 00 2a 03 02 ff 28 0a 32 00 f0 20 46 04 00 8e 16 
84 28 00 00 00 60 50 85 d6 40 00 00 00 00 00 7e a3 40 00 00 00 80 25 da c9 c0 00 ff 00 00 00 00 
00 f7 00 00 00 f7 00 00 00 00 00 28 0a ff 00 31 5e 00 00 00 00 00 00 00 00 00 00 00 00 00 00 00 
00 ff 00 00 00 00 00 00 00 00 00 00 00 00 80 3f 11 00 00 00 4b b1 00 00 71 02 00 00 3f 00 00 00 
01 22 00 00 00 00 00 00 00 05 00 01 00 04 a3 f8 a2 46 3b 25 2c 46 4a a9 4f c6 00 00 
.........F;%,FJ.O....(..d.............Anderson.Thomas...s....`...................*...(.2.. F....
.(...`P..@.....~.@....%....................(...1^..............................?....K...q...?...
."...............F;%,FJ.O...

Client->GAME [10:11:30 07/09/09] packet size: 1 CRYPTED, Flags: 7f ServerSeq: 8 ClientSeq: 294
02 
.

GAME->Client [10:11:30 07/09/09] packet size: 220 CRYPTED, Flags: 7f ServerSeq: 249 ClientSeq: 260
02 03 02 00 03 08 60 c5 a3 46 09 64 28 46 3d 9f 4f c6 4d 0c 84 28 ff 01 64 01 00 00 00 00 00 00 
00 00 00 00 00 08 41 6e 64 65 72 73 6f 6e 06 54 68 6f 6d 61 73 ff 04 80 73 1a e9 82 80 60 04 00 
02 8e 00 00 00 01 00 00 00 00 00 00 8f 01 00 02 00 2a 03 02 ff 28 0a 32 00 f0 20 46 04 00 8e 16 
84 28 00 00 00 60 50 85 d6 40 00 00 00 00 00 7e a3 40 00 00 00 80 25 da c9 c0 00 ff 00 00 00 00 
00 f7 00 00 00 f7 00 00 00 00 00 28 0a ff 00 31 5e 00 00 00 00 00 00 00 00 00 00 00 00 00 00 00 
00 ff 00 00 00 00 00 00 00 00 00 00 00 00 80 3f 11 00 00 00 4b b1 00 00 71 02 00 00 3f 00 00 00 
01 22 00 00 00 00 00 00 00 05 00 01 00 04 60 c5 a3 46 09 64 28 46 3d 9f 4f c6 00 00 
......`..F.d(F=.O.M..(..d.............Anderson.Thomas...s....`...................*...(.2.. F....
.(...`P..@.....~.@....%....................(...1^..............................?....K...q...?...
."............`..F.d(F=.O...

Client->GAME [10:11:30 07/09/09] packet size: 1 CRYPTED, Flags: 7f ServerSeq: 9 ClientSeq: 295
02 
.

GAME->Client [10:11:30 07/09/09] packet size: 220 CRYPTED, Flags: 7f ServerSeq: 250 ClientSeq: 262
02 03 02 00 03 08 1d 92 a4 46 ef 65 24 46 30 95 4f c6 da 0c 84 28 ff 01 64 01 00 00 00 00 00 00 
00 00 00 00 00 08 41 6e 64 65 72 73 6f 6e 06 54 68 6f 6d 61 73 ff 04 80 73 1a e9 82 80 60 04 00 
02 8e 00 00 00 01 00 00 00 00 00 00 8f 01 00 02 00 2a 03 02 ff 28 0a 32 00 f0 20 46 04 00 8e 16 
84 28 00 00 00 60 50 85 d6 40 00 00 00 00 00 7e a3 40 00 00 00 80 25 da c9 c0 00 ff 00 00 00 00 
00 f7 00 00 00 f7 00 00 00 00 00 28 0a ff 00 31 5e 00 00 00 00 00 00 00 00 00 00 00 00 00 00 00 
00 ff 00 00 00 00 00 00 00 00 00 00 00 00 80 3f 11 00 00 00 4b b1 00 00 71 02 00 00 3f 00 00 00 
01 22 00 00 00 00 00 00 00 05 00 01 00 04 1d 92 a4 46 ef 65 24 46 30 95 4f c6 00 00 
.........F.e$F0.O....(..d.............Anderson.Thomas...s....`...................*...(.2.. F....
.(...`P..@.....~.@....%....................(...1^..............................?....K...q...?...
."...............F.e$F0.O...

Client->GAME [10:11:30 07/09/09] packet size: 1 CRYPTED, Flags: 7f ServerSeq: 10 ClientSeq: 296
02 
.

GAME->Client [10:11:30 07/09/09] packet size: 220 CRYPTED, Flags: 7f ServerSeq: 251 ClientSeq: 263
02 03 02 00 03 08 da 5e a5 46 ea 2a 20 46 22 8b 4f c6 38 0d 84 28 ff 01 64 01 00 00 00 00 00 00 
00 00 00 00 00 08 41 6e 64 65 72 73 6f 6e 06 54 68 6f 6d 61 73 ff 04 80 73 1a e9 82 80 60 04 00 
02 8e 00 00 00 01 00 00 00 00 00 00 8f 01 00 02 00 2a 03 02 ff 28 0a 32 00 f0 20 46 04 00 8e 16 
84 28 00 00 00 60 50 85 d6 40 00 00 00 00 00 7e a3 40 00 00 00 80 25 da c9 c0 00 ff 00 00 00 00 
00 f7 00 00 00 f7 00 00 00 00 00 28 0a ff 00 31 5e 00 00 00 00 00 00 00 00 00 00 00 00 00 00 00 
00 ff 00 00 00 00 00 00 00 00 00 00 00 00 80 3f 11 00 00 00 4b b1 00 00 71 02 00 00 3f 00 00 00 
01 22 00 00 00 00 00 00 00 05 00 01 00 04 da 5e a5 46 ea 2a 20 46 22 8b 4f c6 00 00 
.......^.F.* F".O.8..(..d.............Anderson.Thomas...s....`...................*...(.2.. F....
.(...`P..@.....~.@....%....................(...1^..............................?....K...q...?...
.".............^.F.* F".O...

Client->GAME [10:11:30 07/09/09] packet size: 1 CRYPTED, Flags: 7f ServerSeq: 11 ClientSeq: 297
02 
.

GAME->Client [10:11:30 07/09/09] packet size: 220 CRYPTED, Flags: 7f ServerSeq: 252 ClientSeq: 264
02 03 02 00 03 08 97 2b a6 46 fc b2 1b 46 15 81 4f c6 c4 0d 84 28 ff 01 64 01 00 00 00 00 00 00 
00 00 00 00 00 08 41 6e 64 65 72 73 6f 6e 06 54 68 6f 6d 61 73 ff 04 80 73 1a e9 82 80 60 04 00 
02 8e 00 00 00 01 00 00 00 00 00 00 8f 01 00 02 00 2a 03 02 ff 28 0a 32 00 f0 20 46 04 00 8e 16 
84 28 00 00 00 60 50 85 d6 40 00 00 00 00 00 7e a3 40 00 00 00 80 25 da c9 c0 00 ff 00 00 00 00 
00 f7 00 00 00 f7 00 00 00 00 00 28 0a ff 00 31 5e 00 00 00 00 00 00 00 00 00 00 00 00 00 00 00 
00 ff 00 00 00 00 00 00 00 00 00 00 00 00 80 3f 11 00 00 00 4b b1 00 00 71 02 00 00 3f 00 00 00 
01 22 00 00 00 00 00 00 00 05 00 01 00 04 97 2b a6 46 fc b2 1b 46 15 81 4f c6 00 00 
.......+.F...F..O....(..d.............Anderson.Thomas...s....`...................*...(.2.. F....
.(...`P..@.....~.@....%....................(...1^..............................?....K...q...?...
.".............+.F...F..O...

Client->GAME [10:11:30 07/09/09] packet size: 1 CRYPTED, Flags: 7f ServerSeq: 12 ClientSeq: 298
02 
.

GAME->Client [10:11:30 07/09/09] packet size: 220 CRYPTED, Flags: 7f ServerSeq: 253 ClientSeq: 265
02 03 02 00 03 08 54 f8 a6 46 24 fe 16 46 08 77 4f c6 41 0e 84 28 ff 01 64 01 00 00 00 00 00 00 
00 00 00 00 00 08 41 6e 64 65 72 73 6f 6e 06 54 68 6f 6d 61 73 ff 04 80 73 1a e9 82 80 60 04 00 
02 8e 00 00 00 01 00 00 00 00 00 00 8f 01 00 02 00 2a 03 02 ff 28 0a 32 00 f0 20 46 04 00 8e 16 
84 28 00 00 00 60 50 85 d6 40 00 00 00 00 00 7e a3 40 00 00 00 80 25 da c9 c0 00 ff 00 00 00 00 
00 f7 00 00 00 f7 00 00 00 00 00 28 0a ff 00 31 5e 00 00 00 00 00 00 00 00 00 00 00 00 00 00 00 
00 ff 00 00 00 00 00 00 00 00 00 00 00 00 80 3f 11 00 00 00 4b b1 00 00 71 02 00 00 3f 00 00 00 
01 22 00 00 00 00 00 00 00 05 00 01 00 04 54 f8 a6 46 24 fe 16 46 08 77 4f c6 00 00 
......T..F$..F.wO.A..(..d.............Anderson.Thomas...s....`...................*...(.2.. F....
.(...`P..@.....~.@....%....................(...1^..............................?....K...q...?...
."............T..F$..F.wO...

Client->GAME [10:11:30 07/09/09] packet size: 1 CRYPTED, Flags: 7f ServerSeq: 13 ClientSeq: 299
02 
.

GAME->Client [10:11:31 07/09/09] packet size: 220 CRYPTED, Flags: 7f ServerSeq: 254 ClientSeq: 266
02 03 02 00 03 08 11 c5 a7 46 64 0c 12 46 fa 6c 4f c6 ce 0e 84 28 ff 01 64 01 00 00 00 00 00 00 
00 00 00 00 00 08 41 6e 64 65 72 73 6f 6e 06 54 68 6f 6d 61 73 ff 04 80 73 1a e9 82 80 60 04 00 
02 8e 00 00 00 01 00 00 00 00 00 00 8f 01 00 02 00 2a 03 02 ff 28 0a 32 00 f0 20 46 04 00 8e 16 
84 28 00 00 00 60 50 85 d6 40 00 00 00 00 00 7e a3 40 00 00 00 80 25 da c9 c0 00 ff 00 00 00 00 
00 f7 00 00 00 f7 00 00 00 00 00 28 0a ff 00 31 5e 00 00 00 00 00 00 00 00 00 00 00 00 00 00 00 
00 ff 00 00 00 00 00 00 00 00 00 00 00 00 80 3f 11 00 00 00 4b b1 00 00 71 02 00 00 3f 00 00 00 
01 22 00 00 00 00 00 00 00 05 00 01 00 04 11 c5 a7 46 64 0c 12 46 fa 6c 4f c6 00 00 
.........Fd..F.lO....(..d.............Anderson.Thomas...s....`...................*...(.2.. F....
.(...`P..@.....~.@....%....................(...1^..............................?....K...q...?...
."...............Fd..F.lO...

Client->GAME [10:11:31 07/09/09] packet size: 1 CRYPTED, Flags: 7f ServerSeq: 14 ClientSeq: 300
02 
.

GAME->Client [10:11:31 07/09/09] packet size: 220 CRYPTED, Flags: 7f ServerSeq: 255 ClientSeq: 267
02 03 02 00 03 08 ce 91 a8 46 b8 dd 0c 46 ed 62 4f c6 2c 0f 84 28 ff 01 64 01 00 00 00 00 00 00 
00 00 00 00 00 08 41 6e 64 65 72 73 6f 6e 06 54 68 6f 6d 61 73 ff 04 80 73 1a e9 82 80 60 04 00 
02 8e 00 00 00 01 00 00 00 00 00 00 8f 01 00 02 00 2a 03 02 ff 28 0a 32 00 f0 20 46 04 00 8e 16 
84 28 00 00 00 60 50 85 d6 40 00 00 00 00 00 7e a3 40 00 00 00 80 25 da c9 c0 00 ff 00 00 00 00 
00 f7 00 00 00 f7 00 00 00 00 00 28 0a ff 00 31 5e 00 00 00 00 00 00 00 00 00 00 00 00 00 00 00 
00 ff 00 00 00 00 00 00 00 00 00 00 00 00 80 3f 11 00 00 00 4b b1 00 00 71 02 00 00 3f 00 00 00 
01 22 00 00 00 00 00 00 00 05 00 01 00 04 ce 91 a8 46 b8 dd 0c 46 ed 62 4f c6 00 00 
.........F...F.bO.,..(..d.............Anderson.Thomas...s....`...................*...(.2.. F....
.(...`P..@.....~.@....%....................(...1^..............................?....K...q...?...
."...............F...F.bO...

Client->GAME [10:11:31 07/09/09] packet size: 1 CRYPTED, Flags: 7f ServerSeq: 15 ClientSeq: 301
02 
.

GAME->Client [10:11:31 07/09/09] packet size: 224 CRYPTED, Flags: 7f ServerSeq: 256 ClientSeq: 268
82 f7 f3 25 49 03 02 00 03 08 8b 5e a9 46 23 72 07 46 e0 58 4f c6 b8 0f 84 28 ff 01 64 01 00 00 
00 00 00 00 00 00 00 00 00 08 41 6e 64 65 72 73 6f 6e 06 54 68 6f 6d 61 73 ff 04 80 73 1a e9 82 
80 60 04 00 02 8e 00 00 00 01 00 00 00 00 00 00 8f 01 00 02 00 2a 03 02 ff 28 0a 32 00 f0 20 46 
04 00 8e 16 84 28 00 00 00 60 50 85 d6 40 00 00 00 00 00 7e a3 40 00 00 00 80 25 da c9 c0 00 ff 
00 00 00 00 00 f7 00 00 00 f7 00 00 00 00 00 28 0a ff 00 31 5e 00 00 00 00 00 00 00 00 00 00 00 
00 00 00 00 00 ff 00 00 00 00 00 00 00 00 00 00 00 00 80 3f 11 00 00 00 4b b1 00 00 71 02 00 00 
3f 00 00 00 01 22 00 00 00 00 00 00 00 05 00 01 00 04 8b 5e a9 46 23 72 07 46 e0 58 4f c6 00 00 
...%I......^.F#r.F.XO....(..d.............Anderson.Thomas...s....`...................*...(.2.. F
.....(...`P..@.....~.@....%....................(...1^..............................?....K...q...
?....".............^.F#r.F.XO...

Client->GAME [10:11:31 07/09/09] packet size: 1 CRYPTED, Flags: 7f ServerSeq: 256 ClientSeq: 302
02 
.

GAME->Client [10:11:31 07/09/09] packet size: 220 CRYPTED, Flags: 7f ServerSeq: 257 ClientSeq: 269
02 03 02 00 03 08 48 2b aa 46 a7 c9 01 46 d2 4e 4f c6 35 10 84 28 ff 01 64 01 00 00 00 00 00 00 
00 00 00 00 00 08 41 6e 64 65 72 73 6f 6e 06 54 68 6f 6d 61 73 ff 04 80 73 1a e9 82 80 60 04 00 
02 8e 00 00 00 01 00 00 00 00 00 00 8f 01 00 02 00 2a 03 02 ff 28 0a 32 00 f0 20 46 04 00 8e 16 
84 28 00 00 00 60 50 85 d6 40 00 00 00 00 00 7e a3 40 00 00 00 80 25 da c9 c0 00 ff 00 00 00 00 
00 f7 00 00 00 f7 00 00 00 00 00 28 0a ff 00 31 5e 00 00 00 00 00 00 00 00 00 00 00 00 00 00 00 
00 ff 00 00 00 00 00 00 00 00 00 00 00 00 80 3f 11 00 00 00 4b b1 00 00 71 02 00 00 3f 00 00 00 
01 22 00 00 00 00 00 00 00 05 00 01 00 04 48 2b aa 46 a7 c9 01 46 d2 4e 4f c6 00 00 
......H+.F...F.NO.5..(..d.............Anderson.Thomas...s....`...................*...(.2.. F....
.(...`P..@.....~.@....%....................(...1^..............................?....K...q...?...
."............H+.F...F.NO...

Client->GAME [10:11:31 07/09/09] packet size: 1 CRYPTED, Flags: 7f ServerSeq: 257 ClientSeq: 303
02 
.

GAME->Client [10:11:31 07/09/09] packet size: 220 CRYPTED, Flags: 7f ServerSeq: 258 ClientSeq: 270
02 03 02 00 03 08 05 f8 aa 46 7d c8 f7 45 c5 44 4f c6 c2 10 84 28 ff 01 64 01 00 00 00 00 00 00 
00 00 00 00 00 08 41 6e 64 65 72 73 6f 6e 06 54 68 6f 6d 61 73 ff 04 80 73 1a e9 82 80 60 04 00 
02 8e 00 00 00 01 00 00 00 00 00 00 8f 01 00 02 00 2a 03 02 ff 28 0a 32 00 f0 20 46 04 00 8e 16 
84 28 00 00 00 60 50 85 d6 40 00 00 00 00 00 7e a3 40 00 00 00 80 25 da c9 c0 00 ff 00 00 00 00 
00 f7 00 00 00 f7 00 00 00 00 00 28 0a ff 00 31 5e 00 00 00 00 00 00 00 00 00 00 00 00 00 00 00 
00 ff 00 00 00 00 00 00 00 00 00 00 00 00 80 3f 11 00 00 00 4b b1 00 00 71 02 00 00 3f 00 00 00 
01 22 00 00 00 00 00 00 00 05 00 01 00 04 05 f8 aa 46 7d c8 f7 45 c5 44 4f c6 00 00 
.........F}..E.DO....(..d.............Anderson.Thomas...s....`...................*...(.2.. F....
.(...`P..@.....~.@....%....................(...1^..............................?....K...q...?...
."...............F}..E.DO...

Client->GAME [10:11:31 07/09/09] packet size: 1 CRYPTED, Flags: 7f ServerSeq: 258 ClientSeq: 304
02 
.

GAME->Client [10:11:31 07/09/09] packet size: 220 CRYPTED, Flags: 7f ServerSeq: 259 ClientSeq: 271
02 03 02 00 03 08 64 5e ab 46 66 b5 f1 45 bf 3f 4f c6 20 11 84 28 ff 01 64 01 00 00 00 00 00 00 
00 00 00 00 00 08 41 6e 64 65 72 73 6f 6e 06 54 68 6f 6d 61 73 ff 04 80 73 1a e9 82 80 60 04 00 
02 8e 00 00 00 01 00 00 00 00 00 00 8f 01 00 02 00 2a 03 02 ff 28 0a 32 00 f0 20 46 04 00 8e 16 
84 28 00 00 00 60 50 85 d6 40 00 00 00 00 00 7e a3 40 00 00 00 80 25 da c9 c0 00 ff 00 00 00 00 
00 f7 00 00 00 f7 00 00 00 00 00 28 0a ff 00 31 5e 00 00 00 00 00 00 00 00 00 00 00 00 00 00 00 
00 ff 00 00 00 00 00 00 00 00 00 00 00 00 80 3f 11 00 00 00 4b b1 00 00 71 02 00 00 3f 00 00 00 
01 22 00 00 00 00 00 00 00 05 00 01 00 04 64 5e ab 46 66 b5 f1 45 bf 3f 4f c6 00 00 
......d^.Ff..E.?O. ..(..d.............Anderson.Thomas...s....`...................*...(.2.. F....
.(...`P..@.....~.@....%....................(...1^..............................?....K...q...?...
."............d^.Ff..E.?O...

Client->GAME [10:11:31 07/09/09] packet size: 1 CRYPTED, Flags: 7f ServerSeq: 259 ClientSeq: 305
02 
.

GAME->Client [10:11:31 07/09/09] packet size: 220 CRYPTED, Flags: 7f ServerSeq: 260 ClientSeq: 256
02 03 02 00 03 08 80 91 ac 46 62 c5 de 45 ab 30 4f c6 ac 11 84 28 ff 01 64 01 00 00 00 00 00 00 
00 00 00 00 00 08 41 6e 64 65 72 73 6f 6e 06 54 68 6f 6d 61 73 ff 04 80 73 1a e9 82 80 60 04 00 
02 8e 00 00 00 01 00 00 00 00 00 00 8f 01 00 02 00 2a 03 02 ff 28 0a 32 00 f0 20 46 04 00 8e 16 
84 28 00 00 00 60 50 85 d6 40 00 00 00 00 00 7e a3 40 00 00 00 80 25 da c9 c0 00 ff 00 00 00 00 
00 f7 00 00 00 f7 00 00 00 00 00 28 0a ff 00 31 5e 00 00 00 00 00 00 00 00 00 00 00 00 00 00 00 
00 ff 00 00 00 00 00 00 00 00 00 00 00 00 80 3f 11 00 00 00 4b b1 00 00 71 02 00 00 3f 00 00 00 
01 22 00 00 00 00 00 00 00 05 00 01 00 04 80 91 ac 46 62 c5 de 45 ab 30 4f c6 00 00 
.........Fb..E.0O....(..d.............Anderson.Thomas...s....`...................*...(.2.. F....
.(...`P..@.....~.@....%....................(...1^..............................?....K...q...?...
."...............Fb..E.0O...

Client->GAME [10:11:31 07/09/09] packet size: 1 CRYPTED, Flags: 7f ServerSeq: 260 ClientSeq: 306
02 
.

GAME->Client [10:11:31 07/09/09] packet size: 220 CRYPTED, Flags: 7f ServerSeq: 261 ClientSeq: 257
02 03 02 00 03 08 de f7 ac 46 7e 38 d8 45 a4 2b 4f c6 1a 12 84 28 ff 01 64 01 00 00 00 00 00 00 
00 00 00 00 00 08 41 6e 64 65 72 73 6f 6e 06 54 68 6f 6d 61 73 ff 04 80 73 1a e9 82 80 60 04 00 
02 8e 00 00 00 01 00 00 00 00 00 00 8f 01 00 02 00 2a 03 02 ff 28 0a 32 00 f0 20 46 04 00 8e 16 
84 28 00 00 00 60 50 85 d6 40 00 00 00 00 00 7e a3 40 00 00 00 80 25 da c9 c0 00 ff 00 00 00 00 
00 f7 00 00 00 f7 00 00 00 00 00 28 0a ff 00 31 5e 00 00 00 00 00 00 00 00 00 00 00 00 00 00 00 
00 ff 00 00 00 00 00 00 00 00 00 00 00 00 80 3f 11 00 00 00 4b b1 00 00 71 02 00 00 3f 00 00 00 
01 22 00 00 00 00 00 00 00 05 00 01 00 04 de f7 ac 46 7e 38 d8 45 a4 2b 4f c6 00 00 
.........F~8.E.+O....(..d.............Anderson.Thomas...s....`...................*...(.2.. F....
.(...`P..@.....~.@....%....................(...1^..............................?....K...q...?...
."...............F~8.E.+O...

Client->GAME [10:11:31 07/09/09] packet size: 1 CRYPTED, Flags: 7f ServerSeq: 261 ClientSeq: 307
02 
.

GAME->Client [10:11:31 07/09/09] packet size: 220 CRYPTED, Flags: 7f ServerSeq: 262 ClientSeq: 258
02 03 02 00 03 08 9b c4 ad 46 4a c3 ca 45 97 21 4f c6 97 12 84 28 ff 01 64 01 00 00 00 00 00 00 
00 00 00 00 00 08 41 6e 64 65 72 73 6f 6e 06 54 68 6f 6d 61 73 ff 04 80 73 1a e9 82 80 60 04 00 
02 8e 00 00 00 01 00 00 00 00 00 00 8f 01 00 02 00 2a 03 02 ff 28 0a 32 00 f0 20 46 04 00 8e 16 
84 28 00 00 00 60 50 85 d6 40 00 00 00 00 00 7e a3 40 00 00 00 80 25 da c9 c0 00 ff 00 00 00 00 
00 f7 00 00 00 f7 00 00 00 00 00 28 0a ff 00 31 5e 00 00 00 00 00 00 00 00 00 00 00 00 00 00 00 
00 ff 00 00 00 00 00 00 00 00 00 00 00 00 80 3f 11 00 00 00 4b b1 00 00 71 02 00 00 3f 00 00 00 
01 22 00 00 00 00 00 00 00 05 00 01 00 04 9b c4 ad 46 4a c3 ca 45 97 21 4f c6 00 00 
.........FJ..E.!O....(..d.............Anderson.Thomas...s....`...................*...(.2.. F....
.(...`P..@.....~.@....%....................(...1^..............................?....K...q...?...
."...............FJ..E.!O...

Client->GAME [10:11:32 07/09/09] packet size: 1 CRYPTED, Flags: 7f ServerSeq: 262 ClientSeq: 308
02 
.

GAME->Client [10:11:32 07/09/09] packet size: 220 CRYPTED, Flags: 7f ServerSeq: 263 ClientSeq: 259
02 03 02 00 03 08 58 91 ae 46 42 d4 bc 45 89 17 4f c6 23 13 84 28 ff 01 64 01 00 00 00 00 00 00 
00 00 00 00 00 08 41 6e 64 65 72 73 6f 6e 06 54 68 6f 6d 61 73 ff 04 80 73 1a e9 82 80 60 04 00 
02 8e 00 00 00 01 00 00 00 00 00 00 8f 01 00 02 00 2a 03 02 ff 28 0a 32 00 f0 20 46 04 00 8e 16 
84 28 00 00 00 60 50 85 d6 40 00 00 00 00 00 7e a3 40 00 00 00 80 25 da c9 c0 00 ff 00 00 00 00 
00 f7 00 00 00 f7 00 00 00 00 00 28 0a ff 00 31 5e 00 00 00 00 00 00 00 00 00 00 00 00 00 00 00 
00 ff 00 00 00 00 00 00 00 00 00 00 00 00 80 3f 11 00 00 00 4b b1 00 00 71 02 00 00 3f 00 00 00 
01 22 00 00 00 00 00 00 00 05 00 01 00 04 58 91 ae 46 42 d4 bc 45 89 17 4f c6 00 00 
......X..FB..E..O.#..(..d.............Anderson.Thomas...s....`...................*...(.2.. F....
.(...`P..@.....~.@....%....................(...1^..............................?....K...q...?...
."............X..FB..E..O...

Client->GAME [10:11:32 07/09/09] packet size: 1 CRYPTED, Flags: 7f ServerSeq: 263 ClientSeq: 309
02 
.

Client->GAME [10:11:32 07/09/09] packet size: 39 CRYPTED, Flags: 7f ServerSeq: 263 ClientSeq: 310
02 04 01 00 0f 01 20 80 c4 00 00 00 a0 3a 3a d6 40 00 00 00 00 00 7e a3 40 00 00 00 40 d5 dd c9 
c0 1c 00 25 00 10 00 
...... ......::.@.....~.@...@......%...

GAME->Client [10:11:32 07/09/09] packet size: 220 CRYPTED, Flags: 7f ServerSeq: 264 ClientSeq: 260
02 03 02 00 03 08 15 5e af 46 67 6b ae 45 7c 0d 4f c6 a0 13 84 28 ff 01 64 01 00 00 00 00 00 00 
00 00 00 00 00 08 41 6e 64 65 72 73 6f 6e 06 54 68 6f 6d 61 73 ff 04 80 73 1a e9 82 80 60 04 00 
02 8e 00 00 00 01 00 00 00 00 00 00 8f 01 00 02 00 2a 03 02 ff 28 0a 32 00 f0 20 46 04 00 8e 16 
84 28 00 00 00 60 50 85 d6 40 00 00 00 00 00 7e a3 40 00 00 00 80 25 da c9 c0 00 ff 00 00 00 00 
00 f7 00 00 00 f7 00 00 00 00 00 28 0a ff 00 31 5e 00 00 00 00 00 00 00 00 00 00 00 00 00 00 00 
00 ff 00 00 00 00 00 00 00 00 00 00 00 00 80 3f 11 00 00 00 4b b1 00 00 71 02 00 00 3f 00 00 00 
01 22 00 00 00 00 00 00 00 05 00 01 00 04 15 5e af 46 67 6b ae 45 7c 0d 4f c6 00 00 
.......^.Fgk.E|.O....(..d.............Anderson.Thomas...s....`...................*...(.2.. F....
.(...`P..@.....~.@....%....................(...1^..............................?....K...q...?...
.".............^.Fgk.E|.O...

Client->GAME [10:11:32 07/09/09] packet size: 1 CRYPTED, Flags: 7f ServerSeq: 264 ClientSeq: 311
02 
.

GAME->Client [10:11:32 07/09/09] packet size: 224 CRYPTED, Flags: 7f ServerSeq: 265 ClientSeq: 261
82 08 f4 25 49 03 02 00 03 08 d2 2a b0 46 c1 88 9f 45 6f 03 4f c6 0e 14 84 28 ff 01 64 01 00 00 
00 00 00 00 00 00 00 00 00 08 41 6e 64 65 72 73 6f 6e 06 54 68 6f 6d 61 73 ff 04 80 73 1a e9 82 
80 60 04 00 02 8e 00 00 00 01 00 00 00 00 00 00 8f 01 00 02 00 2a 03 02 ff 28 0a 32 00 f0 20 46 
04 00 8e 16 84 28 00 00 00 60 50 85 d6 40 00 00 00 00 00 7e a3 40 00 00 00 80 25 da c9 c0 00 ff 
00 00 00 00 00 f7 00 00 00 f7 00 00 00 00 00 28 0a ff 00 31 5e 00 00 00 00 00 00 00 00 00 00 00 
00 00 00 00 00 ff 00 00 00 00 00 00 00 00 00 00 00 00 80 3f 11 00 00 00 4b b1 00 00 71 02 00 00 
3f 00 00 00 01 22 00 00 00 00 00 00 00 05 00 01 00 04 d2 2a b0 46 c1 88 9f 45 6f 03 4f c6 00 00 
...%I......*.F...Eo.O....(..d.............Anderson.Thomas...s....`...................*...(.2.. F
.....(...`P..@.....~.@....%....................(...1^..............................?....K...q...
?....".............*.F...Eo.O...

Client->GAME [10:11:32 07/09/09] packet size: 1 CRYPTED, Flags: 7f ServerSeq: 265 ClientSeq: 312
02 
.

GAME->Client [10:11:32 07/09/09] packet size: 74 CRYPTED, Flags: 7f ServerSeq: 266 ClientSeq: 263
02 03 02 00 03 08 4d f8 ab 46 06 1a 8f 45 30 38 4f c6 8b 14 84 28 80 80 38 14 00 9a 18 84 28 00 
00 00 a0 3a 3a d6 40 00 00 00 00 00 7e a3 40 00 00 00 40 d5 dd c9 c0 05 00 01 00 04 4d f8 ab 46 
06 1a 8f 45 30 38 4f c6 00 00 
......M..F...E08O....(..8.....(....::.@.....~.@...@.........M..F...E08O...

Client->GAME [10:11:32 07/09/09] packet size: 1 CRYPTED, Flags: 7f ServerSeq: 266 ClientSeq: 313
02 
.

GAME->Client [10:11:32 07/09/09] packet size: 220 CRYPTED, Flags: 7f ServerSeq: 267 ClientSeq: 264
02 03 02 00 03 08 7e b3 ac 46 ad 76 7e 45 ff 2e 4f c6 17 15 84 28 ff 01 64 01 00 00 00 00 00 00 
00 00 00 00 00 08 41 6e 64 65 72 73 6f 6e 06 54 68 6f 6d 61 73 ff 04 80 73 1a e9 82 80 60 04 00 
02 8e 00 00 00 01 00 00 00 00 00 00 8f 01 00 02 00 2a 03 02 ff 28 0a 32 00 f0 20 46 14 00 9a 18 
84 28 00 00 00 a0 3a 3a d6 40 00 00 00 00 00 7e a3 40 00 00 00 40 d5 dd c9 c0 00 ff 00 00 00 00 
00 f7 00 00 00 f7 00 00 00 00 00 28 0a ff 00 31 5e 00 00 00 00 00 00 00 00 00 00 00 00 00 00 00 
00 ff 00 00 00 00 00 00 00 00 00 00 00 00 80 3f 11 00 00 00 4b b1 00 00 71 02 00 00 3f 00 00 00 
01 22 00 00 00 00 00 00 00 05 00 01 00 04 7e b3 ac 46 ad 76 7e 45 ff 2e 4f c6 00 00 
......~..F.v~E..O....(..d.............Anderson.Thomas...s....`...................*...(.2.. F....
.(....::.@.....~.@...@.....................(...1^..............................?....K...q...?...
."............~..F.v~E..O...

Client->GAME [10:11:32 07/09/09] packet size: 1 CRYPTED, Flags: 7f ServerSeq: 267 ClientSeq: 314
02 
.

GAME->Client [10:11:32 07/09/09] packet size: 220 CRYPTED, Flags: 7f ServerSeq: 268 ClientSeq: 265
02 03 02 00 03 08 af 6e ad 46 a7 c5 5d 45 cf 25 4f c6 94 15 84 28 ff 01 64 01 00 00 00 00 00 00 
00 00 00 00 00 08 41 6e 64 65 72 73 6f 6e 06 54 68 6f 6d 61 73 ff 04 80 73 1a e9 82 80 60 04 00 
02 8e 00 00 00 01 00 00 00 00 00 00 8f 01 00 02 00 2a 03 02 ff 28 0a 32 00 f0 20 46 14 00 9a 18 
84 28 00 00 00 a0 3a 3a d6 40 00 00 00 00 00 7e a3 40 00 00 00 40 d5 dd c9 c0 00 ff 00 00 00 00 
00 f7 00 00 00 f7 00 00 00 00 00 28 0a ff 00 31 5e 00 00 00 00 00 00 00 00 00 00 00 00 00 00 00 
00 ff 00 00 00 00 00 00 00 00 00 00 00 00 80 3f 11 00 00 00 4b b1 00 00 71 02 00 00 3f 00 00 00 
01 22 00 00 00 00 00 00 00 05 00 01 00 04 af 6e ad 46 a7 c5 5d 45 cf 25 4f c6 00 00 
.......n.F..]E.%O....(..d.............Anderson.Thomas...s....`...................*...(.2.. F....
.(....::.@.....~.@...@.....................(...1^..............................?....K...q...?...
.".............n.F..]E.%O...

Client->GAME [10:11:32 07/09/09] packet size: 1 CRYPTED, Flags: 7f ServerSeq: 268 ClientSeq: 315
02 
.

GAME->Client [10:11:32 07/09/09] packet size: 367 CRYPTED, Flags: 7f ServerSeq: 269 ClientSeq: 266
02 03 02 00 03 08 e0 29 ae 46 0a 21 3c 45 9e 1c 4f c6 02 16 84 28 ff 01 64 01 00 00 00 00 00 00 
00 00 00 00 00 08 41 6e 64 65 72 73 6f 6e 06 54 68 6f 6d 61 73 ff 04 80 73 1a e9 82 80 60 04 00 
02 8e 00 00 00 01 00 00 00 00 00 00 8f 01 00 02 00 2a 03 02 ff 28 0a 32 00 f0 20 46 14 00 9a 18 
84 28 00 00 00 a0 3a 3a d6 40 00 00 00 00 00 7e a3 40 00 00 00 40 d5 dd c9 c0 00 ff 00 00 00 00 
00 f7 00 00 00 f7 00 00 00 00 00 28 0a ff 00 31 5e 00 00 00 00 00 00 00 00 00 00 00 00 00 00 00 
00 ff 00 00 00 00 00 00 00 00 00 00 00 00 80 3f 11 00 00 00 4b b1 00 00 71 02 00 00 3f 00 00 00 
01 22 00 00 00 00 00 00 00 01 00 08 a3 b8 43 05 70 01 35 cd ab 02 05 00 00 00 00 00 f3 d6 40 00 
00 00 80 51 bc 57 40 00 00 00 00 00 a4 cf c0 03 00 00 00 04 00 00 01 00 08 b5 19 b0 05 c0 01 89 
cd ab 01 01 00 00 00 00 80 89 d9 40 00 00 00 00 00 80 46 40 00 00 00 00 00 97 cd c0 06 00 00 01 
00 08 a3 b8 9b 01 b0 01 03 cd ab 03 15 00 00 00 00 00 da d6 40 00 00 00 80 51 bc 57 40 00 00 00 
00 00 5c c2 c0 0a 00 00 00 00 00 00 00 f2 04 35 3f 00 00 00 00 f3 04 35 3f 08 00 00 05 00 01 00 
04 e0 29 ae 46 0a 21 3c 45 9e 1c 4f c6 00 00 
.......).F.!<E..O....(..d.............Anderson.Thomas...s....`...................*...(.2.. F....
.(....::.@.....~.@...@.....................(...1^..............................?....K...q...?...
."............C.p.5...........@....Q.W@....................................@......F@............
....................@....Q.W@.....\............5?......5?.........).F.!<E..O...

Client->GAME [10:11:32 07/09/09] packet size: 1 CRYPTED, Flags: 7f ServerSeq: 269 ClientSeq: 316
02 
.

GAME->Client [10:11:32 07/09/09] packet size: 220 CRYPTED, Flags: 7f ServerSeq: 270 ClientSeq: 267
02 03 02 00 03 08 78 87 ae 46 56 f3 2a 45 05 18 4f c6 7f 16 84 28 ff 01 64 01 00 00 00 00 00 00 
00 00 00 00 00 08 41 6e 64 65 72 73 6f 6e 06 54 68 6f 6d 61 73 ff 04 80 73 1a e9 82 80 60 04 00 
02 8e 00 00 00 01 00 00 00 00 00 00 8f 01 00 02 00 2a 03 02 ff 28 0a 32 00 f0 20 46 14 00 9a 18 
84 28 00 00 00 a0 3a 3a d6 40 00 00 00 00 00 7e a3 40 00 00 00 40 d5 dd c9 c0 00 ff 00 00 00 00 
00 f7 00 00 00 f7 00 00 00 00 00 28 0a ff 00 31 5e 00 00 00 00 00 00 00 00 00 00 00 00 00 00 00 
00 ff 00 00 00 00 00 00 00 00 00 00 00 00 80 3f 11 00 00 00 4b b1 00 00 71 02 00 00 3f 00 00 00 
01 22 00 00 00 00 00 00 00 05 00 01 00 04 78 87 ae 46 56 f3 2a 45 05 18 4f c6 00 00 
......x..FV.*E..O....(..d.............Anderson.Thomas...s....`...................*...(.2.. F....
.(....::.@.....~.@...@.....................(...1^..............................?....K...q...?...
."............x..FV.*E..O...

Client->GAME [10:11:33 07/09/09] packet size: 1 CRYPTED, Flags: 7f ServerSeq: 270 ClientSeq: 317
02 
.

GAME->Client [10:11:33 07/09/09] packet size: 220 CRYPTED, Flags: 7f ServerSeq: 271 ClientSeq: 268
02 03 02 00 03 08 42 a0 af 46 7b f9 eb 44 3c 0a 4f c6 0b 17 84 28 ff 01 64 01 00 00 00 00 00 00 
00 00 00 00 00 08 41 6e 64 65 72 73 6f 6e 06 54 68 6f 6d 61 73 ff 04 80 73 1a e9 82 80 60 04 00 
02 8e 00 00 00 01 00 00 00 00 00 00 8f 01 00 02 00 2a 03 02 ff 28 0a 32 00 f0 20 46 14 00 9a 18 
84 28 00 00 00 a0 3a 3a d6 40 00 00 00 00 00 7e a3 40 00 00 00 40 d5 dd c9 c0 00 ff 00 00 00 00 
00 f7 00 00 00 f7 00 00 00 00 00 28 0a ff 00 31 5e 00 00 00 00 00 00 00 00 00 00 00 00 00 00 00 
00 ff 00 00 00 00 00 00 00 00 00 00 00 00 80 3f 11 00 00 00 4b b1 00 00 71 02 00 00 3f 00 00 00 
01 22 00 00 00 00 00 00 00 05 00 01 00 04 42 a0 af 46 7b f9 eb 44 3c 0a 4f c6 00 00 
......B..F{..D<.O....(..d.............Anderson.Thomas...s....`...................*...(.2.. F....
.(....::.@.....~.@...@.....................(...1^..............................?....K...q...?...
."............B..F{..D<.O...

Client->GAME [10:11:33 07/09/09] packet size: 1 CRYPTED, Flags: 7f ServerSeq: 271 ClientSeq: 318
02 
.

GAME->Client [10:11:33 07/09/09] packet size: 220 CRYPTED, Flags: 7f ServerSeq: 272 ClientSeq: 269
02 03 02 00 03 08 73 5b b0 46 3b fa a2 44 0c 01 4f c6 89 17 84 28 ff 01 64 01 00 00 00 00 00 00 
00 00 00 00 00 08 41 6e 64 65 72 73 6f 6e 06 54 68 6f 6d 61 73 ff 04 80 73 1a e9 82 80 60 04 00 
02 8e 00 00 00 01 00 00 00 00 00 00 8f 01 00 02 00 2a 03 02 ff 28 0a 32 00 f0 20 46 14 00 9a 18 
84 28 00 00 00 a0 3a 3a d6 40 00 00 00 00 00 7e a3 40 00 00 00 40 d5 dd c9 c0 00 ff 00 00 00 00 
00 f7 00 00 00 f7 00 00 00 00 00 28 0a ff 00 31 5e 00 00 00 00 00 00 00 00 00 00 00 00 00 00 00 
00 ff 00 00 00 00 00 00 00 00 00 00 00 00 80 3f 11 00 00 00 4b b1 00 00 71 02 00 00 3f 00 00 00 
01 22 00 00 00 00 00 00 00 05 00 01 00 04 73 5b b0 46 3b fa a2 44 0c 01 4f c6 00 00 
......s[.F;..D..O....(..d.............Anderson.Thomas...s....`...................*...(.2.. F....
.(....::.@.....~.@...@.....................(...1^..............................?....K...q...?...
."............s[.F;..D..O...

Client->GAME [10:11:33 07/09/09] packet size: 1 CRYPTED, Flags: 7f ServerSeq: 256 ClientSeq: 319
02 
.

GAME->Client [10:11:33 07/09/09] packet size: 220 CRYPTED, Flags: 7f ServerSeq: 273 ClientSeq: 270
02 03 02 00 03 08 0c b9 b0 46 04 88 7b 44 73 fc 4e c6 f6 17 84 28 ff 01 64 01 00 00 00 00 00 00 
00 00 00 00 00 08 41 6e 64 65 72 73 6f 6e 06 54 68 6f 6d 61 73 ff 04 80 73 1a e9 82 80 60 04 00 
02 8e 00 00 00 01 00 00 00 00 00 00 8f 01 00 02 00 2a 03 02 ff 28 0a 32 00 f0 20 46 14 00 9a 18 
84 28 00 00 00 a0 3a 3a d6 40 00 00 00 00 00 7e a3 40 00 00 00 40 d5 dd c9 c0 00 ff 00 00 00 00 
00 f7 00 00 00 f7 00 00 00 00 00 28 0a ff 00 31 5e 00 00 00 00 00 00 00 00 00 00 00 00 00 00 00 
00 ff 00 00 00 00 00 00 00 00 00 00 00 00 80 3f 11 00 00 00 4b b1 00 00 71 02 00 00 3f 00 00 00 
01 22 00 00 00 00 00 00 00 05 00 01 00 04 0c b9 b0 46 04 88 7b 44 73 fc 4e c6 00 00 
.........F..{Ds.N....(..d.............Anderson.Thomas...s....`...................*...(.2.. F....
.(....::.@.....~.@...@.....................(...1^..............................?....K...q...?...
."...............F..{Ds.N...

Client->GAME [10:11:33 07/09/09] packet size: 1 CRYPTED, Flags: 7f ServerSeq: 257 ClientSeq: 320
02 
.

GAME->Client [10:11:33 07/09/09] packet size: 224 CRYPTED, Flags: 7f ServerSeq: 274 ClientSeq: 271
82 1a f4 25 49 03 02 00 03 08 3c 74 b1 46 38 a7 c7 43 42 f3 4e c6 73 18 84 28 ff 01 64 01 00 00 
00 00 00 00 00 00 00 00 00 08 41 6e 64 65 72 73 6f 6e 06 54 68 6f 6d 61 73 ff 04 80 73 1a e9 82 
80 60 04 00 02 8e 00 00 00 01 00 00 00 00 00 00 8f 01 00 02 00 2a 03 02 ff 28 0a 32 00 f0 20 46 
14 00 9a 18 84 28 00 00 00 a0 3a 3a d6 40 00 00 00 00 00 7e a3 40 00 00 00 40 d5 dd c9 c0 00 ff 
00 00 00 00 00 f7 00 00 00 f7 00 00 00 00 00 28 0a ff 00 31 5e 00 00 00 00 00 00 00 00 00 00 00 
00 00 00 00 00 ff 00 00 00 00 00 00 00 00 00 00 00 00 80 3f 11 00 00 00 4b b1 00 00 71 02 00 00 
3f 00 00 00 01 22 00 00 00 00 00 00 00 05 00 01 00 04 3c 74 b1 46 38 a7 c7 43 42 f3 4e c6 00 00 
...%I.....<t.F8..CB.N.s..(..d.............Anderson.Thomas...s....`...................*...(.2.. F
.....(....::.@.....~.@...@.....................(...1^..............................?....K...q...
?...."............<t.F8..CB.N...

Client->GAME [10:11:33 07/09/09] packet size: 20 CRYPTED, Flags: 7f ServerSeq: 257 ClientSeq: 321
02 03 02 00 01 08 d5 d1 b1 46 00 f0 1b 45 aa ee 4e c6 00 00 
.........F...E..N...

Client->GAME [10:11:33 07/09/09] packet size: 1 CRYPTED, Flags: 7f ServerSeq: 258 ClientSeq: 322
02 
.

GAME->Client [10:11:33 07/09/09] packet size: 222 CRYPTED, Flags: 7f ServerSeq: 275 ClientSeq: 256
02 03 02 00 03 09 00 00 d5 d1 b1 46 00 f0 1b 45 aa ee 4e c6 ff 18 84 28 ff 01 64 01 00 00 00 00 
00 00 00 00 00 00 00 08 41 6e 64 65 72 73 6f 6e 06 54 68 6f 6d 61 73 ff 04 80 73 1a e9 82 80 60 
04 00 02 8e 00 00 00 01 00 00 00 00 00 00 8f 01 00 02 00 2a 03 02 ff 28 0a 32 00 f0 20 46 14 00 
9a 18 84 28 00 00 00 a0 3a 3a d6 40 00 00 00 00 00 7e a3 40 00 00 00 40 d5 dd c9 c0 00 ff 00 00 
00 00 00 f7 00 00 00 f7 00 00 00 00 00 28 0a ff 00 31 5e 00 00 00 00 00 00 00 00 00 00 00 00 00 
00 00 00 ff 00 00 00 00 00 00 00 00 00 00 00 00 80 3f 11 00 00 00 4b b1 00 00 71 02 00 00 3f 00 
00 00 01 22 00 00 00 00 00 00 00 05 00 01 00 04 d5 d1 b1 46 00 f0 1b 45 aa ee 4e c6 00 00 
...........F...E..N....(..d.............Anderson.Thomas...s....`...................*...(.2.. F..
...(....::.@.....~.@...@.....................(...1^..............................?....K...q...?.
..."...............F...E..N...

Client->GAME [10:11:33 07/09/09] packet size: 1 CRYPTED, Flags: 7f ServerSeq: 259 ClientSeq: 323
02 
.

GAME->Client [10:11:33 07/09/09] packet size: 205 CRYPTED, Flags: 7f ServerSeq: 276 ClientSeq: 257
02 03 02 00 03 09 00 00 d5 d1 b1 46 00 f0 1b 45 aa ee 4e c6 6d 19 84 28 ff 01 64 01 00 00 00 00 
00 00 00 00 00 00 00 08 41 6e 64 65 72 73 6f 6e 06 54 68 6f 6d 61 73 ff 04 80 73 1a e9 82 80 60 
04 00 02 8e 00 00 00 01 00 00 00 00 00 00 8f 01 00 02 00 2a 03 02 ff 28 0a 32 00 f0 20 46 14 00 
9a 18 84 28 00 00 00 a0 3a 3a d6 40 00 00 00 00 00 7e a3 40 00 00 00 40 d5 dd c9 c0 00 ff 00 00 
00 00 00 f7 00 00 00 f7 00 00 00 00 00 28 0a ff 00 31 5e 00 00 00 00 00 00 00 00 00 00 00 00 00 
00 00 00 ff 00 00 00 00 00 00 00 00 00 00 00 00 80 3f 11 00 00 00 4b b1 00 00 71 02 00 00 3f 00 
00 00 01 22 00 00 00 00 00 00 00 00 00 
...........F...E..N.m..(..d.............Anderson.Thomas...s....`...................*...(.2.. F..
...(....::.@.....~.@...@.....................(...1^..............................?....K...q...?.
...".........

Client->GAME [10:11:33 07/09/09] packet size: 1 CRYPTED, Flags: 7f ServerSeq: 260 ClientSeq: 324
02 
.

