Client->GAME [10:09:39 07/09/09] packet size: 48 CRYPTED, Flags: 7f ServerSeq: 2 ClientSeq: 121
02 04 01 00 0a 01 29 80 c2 00 00 00 c0 a9 e8 cb 40 00 00 00 00 00 c0 57 40 00 00 00 20 c2 ad ca 
c0 10 00 0c 00 0f 00 00 f0 20 46 01 3c ae 67 00 
......).........@......W@... ............ F.<.g.

GAME->Client [10:09:39 07/09/09] packet size: 99 CRYPTED, Flags: 7f ServerSeq: 99 ClientSeq: 9
82 f9 ec 25 49 03 02 00 03 09 08 00 be 22 80 46 d0 58 83 44 23 4c 4c c6 c8 5a 82 28 80 80 b4 00 
f0 20 46 cc 69 82 28 00 00 00 c0 a9 e8 cb 40 00 00 00 00 00 c0 57 40 00 00 00 20 c2 ad ca c0 10 
e3 00 05 00 01 80 04 e3 00 be 22 80 46 d0 58 83 44 23 4c 4c c6 00 00 04 01 01 40 01 06 80 c3 3c 
ae 67 00 
...%I........".F.X.D#LL..Z.(..... F.i.(.......@......W@... ...............".F.X.D#LL......@....<
.g.

Client->GAME [10:09:39 07/09/09] packet size: 1 CRYPTED, Flags: 7f ServerSeq: 3 ClientSeq: 122
02 
.

GAME->Client [10:09:39 07/09/09] packet size: 222 CRYPTED, Flags: 7f ServerSeq: 100 ClientSeq: 9
02 03 02 00 03 09 08 00 7f 30 7f 46 cc 89 0d 45 cb 98 4c c6 26 5b 82 28 ff 01 64 01 00 00 00 00 
00 00 00 00 00 00 00 08 41 6e 64 65 72 73 6f 6e 06 54 68 6f 6d 61 73 ff 04 80 73 1a e9 82 80 60 
04 00 02 8e 00 00 00 01 00 00 00 00 00 00 8f 01 00 02 00 2a 03 02 ff 28 0a 32 00 f0 20 46 04 00 
cc 69 82 28 00 00 00 c0 a9 e8 cb 40 00 00 00 00 00 c0 57 40 00 00 00 20 c2 ad ca c0 00 ff 00 00 
00 00 00 f7 00 00 00 e3 00 00 00 00 00 28 0a ff 00 31 5e 00 00 00 00 00 00 00 00 00 00 00 00 00 
00 00 00 ff 00 00 00 00 00 00 00 00 00 00 00 00 80 3f 11 00 00 00 4b b1 00 00 71 02 00 00 3f 00 
00 00 01 22 00 00 00 00 00 00 00 05 00 01 00 04 7f 30 7f 46 cc 89 0d 45 cb 98 4c c6 00 00 
.........0.F...E..L.&[.(..d.............Anderson.Thomas...s....`...................*...(.2.. F..
.i.(.......@......W@... .....................(...1^..............................?....K...q...?.
...".............0.F...E..L...

Client->GAME [10:09:39 07/09/09] packet size: 1 CRYPTED, Flags: 7f ServerSeq: 4 ClientSeq: 123
02 
.

GAME->Client [10:09:39 07/09/09] packet size: 220 CRYPTED, Flags: 7f ServerSeq: 101 ClientSeq: 10
02 03 02 00 03 08 81 1b 7e 46 7d 20 54 45 72 e5 4c c6 a3 5b 82 28 ff 01 64 01 00 00 00 00 00 00 
00 00 00 00 00 08 41 6e 64 65 72 73 6f 6e 06 54 68 6f 6d 61 73 ff 04 80 73 1a e9 82 80 60 04 00 
02 8e 00 00 00 01 00 00 00 00 00 00 8f 01 00 02 00 2a 03 02 ff 28 0a 32 00 f0 20 46 04 00 cc 69 
82 28 00 00 00 c0 a9 e8 cb 40 00 00 00 00 00 c0 57 40 00 00 00 20 c2 ad ca c0 00 ff 00 00 00 00 
00 f7 00 00 00 e3 00 00 00 00 00 28 0a ff 00 31 5e 00 00 00 00 00 00 00 00 00 00 00 00 00 00 00 
00 ff 00 00 00 00 00 00 00 00 00 00 00 00 80 3f 11 00 00 00 4b b1 00 00 71 02 00 00 3f 00 00 00 
01 22 00 00 00 00 00 00 00 05 00 01 00 04 81 1b 7e 46 7d 20 54 45 72 e5 4c c6 00 00 
........~F} TEr.L..[.(..d.............Anderson.Thomas...s....`...................*...(.2.. F...i
.(.......@......W@... .....................(...1^..............................?....K...q...?...
."..............~F} TEr.L...

Client->GAME [10:09:39 07/09/09] packet size: 1 CRYPTED, Flags: 7f ServerSeq: 5 ClientSeq: 124
02 
.

GAME->Client [10:09:39 07/09/09] packet size: 220 CRYPTED, Flags: 7f ServerSeq: 102 ClientSeq: 11
02 03 02 00 03 08 84 06 7d 46 3e b8 8a 45 19 32 4d c6 30 5c 82 28 ff 01 64 01 00 00 00 00 00 00 
00 00 00 00 00 08 41 6e 64 65 72 73 6f 6e 06 54 68 6f 6d 61 73 ff 04 80 73 1a e9 82 80 60 04 00 
02 8e 00 00 00 01 00 00 00 00 00 00 8f 01 00 02 00 2a 03 02 ff 28 0a 32 00 f0 20 46 04 00 cc 69 
82 28 00 00 00 c0 a9 e8 cb 40 00 00 00 00 00 c0 57 40 00 00 00 20 c2 ad ca c0 00 ff 00 00 00 00 
00 f7 00 00 00 e3 00 00 00 00 00 28 0a ff 00 31 5e 00 00 00 00 00 00 00 00 00 00 00 00 00 00 00 
00 ff 00 00 00 00 00 00 00 00 00 00 00 00 80 3f 11 00 00 00 4b b1 00 00 71 02 00 00 3f 00 00 00 
01 22 00 00 00 00 00 00 00 05 00 01 00 04 84 06 7d 46 3e b8 8a 45 19 32 4d c6 00 00 
........}F>..E.2M.0\.(..d.............Anderson.Thomas...s....`...................*...(.2.. F...i
.(.......@......W@... .....................(...1^..............................?....K...q...?...
."..............}F>..E.2M...

Client->GAME [10:09:39 07/09/09] packet size: 1 CRYPTED, Flags: 7f ServerSeq: 6 ClientSeq: 125
02 
.

GAME->Client [10:09:39 07/09/09] packet size: 220 CRYPTED, Flags: 7f ServerSeq: 103 ClientSeq: 12
02 03 02 00 03 08 87 f1 7b 46 e4 bc a8 45 c0 7e 4d c6 bc 5c 82 28 ff 01 64 01 00 00 00 00 00 00 
00 00 00 00 00 08 41 6e 64 65 72 73 6f 6e 06 54 68 6f 6d 61 73 ff 04 80 73 1a e9 82 80 60 04 00 
02 8e 00 00 00 01 00 00 00 00 00 00 8f 01 00 02 00 2a 03 02 ff 28 0a 32 00 f0 20 46 04 00 cc 69 
82 28 00 00 00 c0 a9 e8 cb 40 00 00 00 00 00 c0 57 40 00 00 00 20 c2 ad ca c0 00 ff 00 00 00 00 
00 f7 00 00 00 e3 00 00 00 00 00 28 0a ff 00 31 5e 00 00 00 00 00 00 00 00 00 00 00 00 00 00 00 
00 ff 00 00 00 00 00 00 00 00 00 00 00 00 80 3f 11 00 00 00 4b b1 00 00 71 02 00 00 3f 00 00 00 
01 22 00 00 00 00 00 00 00 05 00 01 00 04 87 f1 7b 46 e4 bc a8 45 c0 7e 4d c6 00 00 
........{F...E.~M..\.(..d.............Anderson.Thomas...s....`...................*...(.2.. F...i
.(.......@......W@... .....................(...1^..............................?....K...q...?...
."..............{F...E.~M...

Client->GAME [10:09:39 07/09/09] packet size: 1 CRYPTED, Flags: 7f ServerSeq: 7 ClientSeq: 126
02 
.

GAME->Client [10:09:39 07/09/09] packet size: 220 CRYPTED, Flags: 7f ServerSeq: 104 ClientSeq: 13
02 03 02 00 03 08 08 67 7b 46 f5 c1 b6 45 14 a5 4d c6 1a 5d 82 28 ff 01 64 01 00 00 00 00 00 00 
00 00 00 00 00 08 41 6e 64 65 72 73 6f 6e 06 54 68 6f 6d 61 73 ff 04 80 73 1a e9 82 80 60 04 00 
02 8e 00 00 00 01 00 00 00 00 00 00 8f 01 00 02 00 2a 03 02 ff 28 0a 32 00 f0 20 46 04 00 cc 69 
82 28 00 00 00 c0 a9 e8 cb 40 00 00 00 00 00 c0 57 40 00 00 00 20 c2 ad ca c0 00 ff 00 00 00 00 
00 f7 00 00 00 e3 00 00 00 00 00 28 0a ff 00 31 5e 00 00 00 00 00 00 00 00 00 00 00 00 00 00 00 
00 ff 00 00 00 00 00 00 00 00 00 00 00 00 80 3f 11 00 00 00 4b b1 00 00 71 02 00 00 3f 00 00 00 
01 22 00 00 00 00 00 00 00 05 00 01 00 04 08 67 7b 46 f5 c1 b6 45 14 a5 4d c6 00 00 
.......g{F...E..M..].(..d.............Anderson.Thomas...s....`...................*...(.2.. F...i
.(.......@......W@... .....................(...1^..............................?....K...q...?...
.".............g{F...E..M...

Client->GAME [10:09:40 07/09/09] packet size: 1 CRYPTED, Flags: 7f ServerSeq: 8 ClientSeq: 127
02 
.

GAME->Client [10:09:40 07/09/09] packet size: 220 CRYPTED, Flags: 7f ServerSeq: 105 ClientSeq: 14
02 03 02 00 03 08 0b 52 7a 46 96 d1 d0 45 bb f1 4d c6 97 5d 82 28 ff 01 64 01 00 00 00 00 00 00 
00 00 00 00 00 08 41 6e 64 65 72 73 6f 6e 06 54 68 6f 6d 61 73 ff 04 80 73 1a e9 82 80 60 04 00 
02 8e 00 00 00 01 00 00 00 00 00 00 8f 01 00 02 00 2a 03 02 ff 28 0a 32 00 f0 20 46 04 00 cc 69 
82 28 00 00 00 c0 a9 e8 cb 40 00 00 00 00 00 c0 57 40 00 00 00 20 c2 ad ca c0 00 ff 00 00 00 00 
00 f7 00 00 00 e3 00 00 00 00 00 28 0a ff 00 31 5e 00 00 00 00 00 00 00 00 00 00 00 00 00 00 00 
00 ff 00 00 00 00 00 00 00 00 00 00 00 00 80 3f 11 00 00 00 4b b1 00 00 71 02 00 00 3f 00 00 00 
01 22 00 00 00 00 00 00 00 05 00 01 00 04 0b 52 7a 46 96 d1 d0 45 bb f1 4d c6 00 00 
.......RzF...E..M..].(..d.............Anderson.Thomas...s....`...................*...(.2.. F...i
.(.......@......W@... .....................(...1^..............................?....K...q...?...
.".............RzF...E..M...

Client->GAME [10:09:40 07/09/09] packet size: 1 CRYPTED, Flags: 7f ServerSeq: 9 ClientSeq: 128
02 
.

GAME->Client [10:09:40 07/09/09] packet size: 49 CRYPTED, Flags: 7f ServerSeq: 106 ClientSeq: 15
02 03 02 00 03 08 0e 3d 79 46 dd 3d e8 45 63 3e 4e c6 23 5e 82 28 80 80 80 10 e7 00 05 00 01 80 
04 e7 00 0e 3d 79 46 dd 3d e8 45 63 3e 4e c6 00 00 
.......=yF.=.Ec>N.#^.(..............=yF.=.Ec>N...

Client->GAME [10:09:40 07/09/09] packet size: 1 CRYPTED, Flags: 7f ServerSeq: 10 ClientSeq: 129
02 
.

GAME->Client [10:09:40 07/09/09] packet size: 220 CRYPTED, Flags: 7f ServerSeq: 107 ClientSeq: 0
02 03 02 00 03 08 13 13 77 46 30 96 07 46 b1 d7 4e c6 b0 5e 82 28 ff 01 64 01 00 00 00 00 00 00 
00 00 00 00 00 08 41 6e 64 65 72 73 6f 6e 06 54 68 6f 6d 61 73 ff 04 80 73 1a e9 82 80 60 04 00 
02 8e 00 00 00 01 00 00 00 00 00 00 8f 01 00 02 00 2a 03 02 ff 28 0a 32 00 f0 20 46 04 00 cc 69 
82 28 00 00 00 c0 a9 e8 cb 40 00 00 00 00 00 c0 57 40 00 00 00 20 c2 ad ca c0 00 ff 00 00 00 00 
00 f7 00 00 00 e7 00 00 00 00 00 28 0a ff 00 31 5e 00 00 00 00 00 00 00 00 00 00 00 00 00 00 00 
00 ff 00 00 00 00 00 00 00 00 00 00 00 00 80 3f 11 00 00 00 4b b1 00 00 71 02 00 00 3f 00 00 00 
01 22 00 00 00 00 00 00 00 05 00 01 00 04 13 13 77 46 30 96 07 46 b1 d7 4e c6 00 00 
........wF0..F..N..^.(..d.............Anderson.Thomas...s....`...................*...(.2.. F...i
.(.......@......W@... .....................(...1^..............................?....K...q...?...
."..............wF0..F..N...

Client->GAME [10:09:40 07/09/09] packet size: 1 CRYPTED, Flags: 7f ServerSeq: 11 ClientSeq: 130
02 
.

GAME->Client [10:09:40 07/09/09] packet size: 207 CRYPTED, Flags: 7f ServerSeq: 108 ClientSeq: 1
82 0a ed 25 49 03 02 00 03 08 13 13 77 46 30 96 07 46 b1 d7 4e c6 0e 5f 82 28 ff 01 64 01 00 00 
00 00 00 00 00 00 00 00 00 08 41 6e 64 65 72 73 6f 6e 06 54 68 6f 6d 61 73 ff 04 80 73 1a e9 82 
80 60 04 00 02 8e 00 00 00 01 00 00 00 00 00 00 8f 01 00 02 00 2a 03 02 ff 28 0a 32 00 f0 20 46 
04 00 cc 69 82 28 00 00 00 c0 a9 e8 cb 40 00 00 00 00 00 c0 57 40 00 00 00 20 c2 ad ca c0 00 ff 
00 00 00 00 00 f7 00 00 00 e7 00 00 00 00 00 28 0a ff 00 31 5e 00 00 00 00 00 00 00 00 00 00 00 
00 00 00 00 00 ff 00 00 00 00 00 00 00 00 00 00 00 00 80 3f 11 00 00 00 4b b1 00 00 71 02 00 00 
3f 00 00 00 01 22 00 00 00 00 00 00 00 00 00 
...%I.......wF0..F..N.._.(..d.............Anderson.Thomas...s....`...................*...(.2.. F
...i.(.......@......W@... .....................(...1^..............................?....K...q...
?....".........

Client->GAME [10:09:40 07/09/09] packet size: 1 CRYPTED, Flags: 7f ServerSeq: 12 ClientSeq: 131
02 
.

GAME->Client [10:09:40 07/09/09] packet size: 220 CRYPTED, Flags: 7f ServerSeq: 109 ClientSeq: 2
02 03 02 00 03 08 16 fe 75 46 4e 57 0f 46 58 24 4f c6 8b 5f 82 28 ff 01 64 01 00 00 00 00 00 00 
00 00 00 00 00 08 41 6e 64 65 72 73 6f 6e 06 54 68 6f 6d 61 73 ff 04 80 73 1a e9 82 80 60 04 00 
02 8e 00 00 00 01 00 00 00 00 00 00 8f 01 00 02 00 2a 03 02 ff 28 0a 32 00 f0 20 46 04 00 cc 69 
82 28 00 00 00 c0 a9 e8 cb 40 00 00 00 00 00 c0 57 40 00 00 00 20 c2 ad ca c0 00 ff 00 00 00 00 
00 f7 00 00 00 e7 00 00 00 00 00 28 0a ff 00 31 5e 00 00 00 00 00 00 00 00 00 00 00 00 00 00 00 
00 ff 00 00 00 00 00 00 00 00 00 00 00 00 80 3f 11 00 00 00 4b b1 00 00 71 02 00 00 3f 00 00 00 
01 22 00 00 00 00 00 00 00 05 00 01 00 04 16 fe 75 46 4e 57 0f 46 58 24 4f c6 00 00 
........uFNW.FX$O.._.(..d.............Anderson.Thomas...s....`...................*...(.2.. F...i
.(.......@......W@... .....................(...1^..............................?....K...q...?...
."..............uFNW.FX$O...

Client->GAME [10:09:40 07/09/09] packet size: 1 CRYPTED, Flags: 7f ServerSeq: 13 ClientSeq: 132
02 
.

GAME->Client [10:09:40 07/09/09] packet size: 220 CRYPTED, Flags: 7f ServerSeq: 110 ClientSeq: 3
02 03 02 00 03 08 18 e9 74 46 bf c6 15 46 00 71 4f c6 17 60 82 28 ff 01 64 01 00 00 00 00 00 00 
00 00 00 00 00 08 41 6e 64 65 72 73 6f 6e 06 54 68 6f 6d 61 73 ff 04 80 73 1a e9 82 80 60 04 00 
02 8e 00 00 00 01 00 00 00 00 00 00 8f 01 00 02 00 2a 03 02 ff 28 0a 32 00 f0 20 46 04 00 cc 69 
82 28 00 00 00 c0 a9 e8 cb 40 00 00 00 00 00 c0 57 40 00 00 00 20 c2 ad ca c0 00 ff 00 00 00 00 
00 f7 00 00 00 e7 00 00 00 00 00 28 0a ff 00 31 5e 00 00 00 00 00 00 00 00 00 00 00 00 00 00 00 
00 ff 00 00 00 00 00 00 00 00 00 00 00 00 80 3f 11 00 00 00 4b b1 00 00 71 02 00 00 3f 00 00 00 
01 22 00 00 00 00 00 00 00 05 00 01 00 04 18 e9 74 46 bf c6 15 46 00 71 4f c6 00 00 
........tF...F.qO..`.(..d.............Anderson.Thomas...s....`...................*...(.2.. F...i
.(.......@......W@... .....................(...1^..............................?....K...q...?...
."..............tF...F.qO...

Client->GAME [10:09:40 07/09/09] packet size: 39 CRYPTED, Flags: 7f ServerSeq: 14 ClientSeq: 133
02 04 01 00 0b 01 20 80 c4 00 00 00 a0 29 d4 ce 40 00 00 00 00 00 40 55 40 00 00 00 a0 e5 de c9 
c0 10 00 0c 00 0a 00 
...... ......)..@.....@U@..............

GAME->Client [10:09:40 07/09/09] packet size: 220 CRYPTED, Flags: 7f ServerSeq: 111 ClientSeq: 4
02 03 02 00 03 08 1e bf 72 46 9b b0 1e 46 4e 0a 50 c6 a4 60 82 28 ff 01 64 01 00 00 00 00 00 00 
00 00 00 00 00 08 41 6e 64 65 72 73 6f 6e 06 54 68 6f 6d 61 73 ff 04 80 73 1a e9 82 80 60 04 00 
02 8e 00 00 00 01 00 00 00 00 00 00 8f 01 00 02 00 2a 03 02 ff 28 0a 32 00 f0 20 46 04 00 cc 69 
82 28 00 00 00 c0 a9 e8 cb 40 00 00 00 00 00 c0 57 40 00 00 00 20 c2 ad ca c0 00 ff 00 00 00 00 
00 f7 00 00 00 e7 00 00 00 00 00 28 0a ff 00 31 5e 00 00 00 00 00 00 00 00 00 00 00 00 00 00 00 
00 ff 00 00 00 00 00 00 00 00 00 00 00 00 80 3f 11 00 00 00 4b b1 00 00 71 02 00 00 3f 00 00 00 
01 22 00 00 00 00 00 00 00 05 00 01 00 04 1e bf 72 46 9b b0 1e 46 4e 0a 50 c6 00 00 
........rF...FN.P..`.(..d.............Anderson.Thomas...s....`...................*...(.2.. F...i
.(.......@......W@... .....................(...1^..............................?....K...q...?...
."..............rF...FN.P...

Client->GAME [10:09:40 07/09/09] packet size: 1 CRYPTED, Flags: 7f ServerSeq: 15 ClientSeq: 134
02 
.

GAME->Client [10:09:40 07/09/09] packet size: 57 CRYPTED, Flags: 7f ServerSeq: 112 ClientSeq: 5
02 03 02 00 03 08 1e bf 72 46 9b b0 1e 46 4e 0a 50 c6 02 61 82 28 80 80 38 14 00 e0 69 82 28 00 
00 00 a0 29 d4 ce 40 00 00 00 00 00 40 55 40 00 00 00 a0 e5 de c9 c0 00 00 
........rF...FN.P..a.(..8...i.(....)..@.....@U@..........

Client->GAME [10:09:41 07/09/09] packet size: 1 CRYPTED, Flags: 7f ServerSeq: 0 ClientSeq: 135
02 
.

GAME->Client [10:09:41 07/09/09] packet size: 220 CRYPTED, Flags: 7f ServerSeq: 113 ClientSeq: 6
02 03 02 00 03 08 75 7b 7c 46 d2 1c 20 46 95 58 4d c6 7f 61 82 28 ff 01 64 01 00 00 00 00 00 00 
00 00 00 00 00 08 41 6e 64 65 72 73 6f 6e 06 54 68 6f 6d 61 73 ff 04 80 73 1a e9 82 80 60 04 00 
02 8e 00 00 00 01 00 00 00 00 00 00 8f 01 00 02 00 2a 03 02 ff 28 0a 32 00 f0 20 46 14 00 e0 69 
82 28 00 00 00 a0 29 d4 ce 40 00 00 00 00 00 40 55 40 00 00 00 a0 e5 de c9 c0 00 ff 00 00 00 00 
00 f7 00 00 00 e7 00 00 00 00 00 28 0a ff 00 31 5e 00 00 00 00 00 00 00 00 00 00 00 00 00 00 00 
00 ff 00 00 00 00 00 00 00 00 00 00 00 00 80 3f 11 00 00 00 4b b1 00 00 71 02 00 00 3f 00 00 00 
01 22 00 00 00 00 00 00 00 05 00 01 00 04 75 7b 7c 46 d2 1c 20 46 95 58 4d c6 00 00 
......u{|F.. F.XM..a.(..d.............Anderson.Thomas...s....`...................*...(.2.. F...i
.(....)..@.....@U@.........................(...1^..............................?....K...q...?...
."............u{|F.. F.XM...

Client->GAME [10:09:41 07/09/09] packet size: 1 CRYPTED, Flags: 7f ServerSeq: 1 ClientSeq: 136
02 
.

GAME->Client [10:09:41 07/09/09] packet size: 49 CRYPTED, Flags: 7f ServerSeq: 114 ClientSeq: 7
02 03 02 00 03 08 0b fb 7b 46 bb 54 22 46 1e 7c 4d c6 1b 62 82 28 80 80 80 10 ea 00 05 00 01 80 
04 ea 00 0b fb 7b 46 bb 54 22 46 1e 7c 4d c6 00 00 
........{F.T"F.|M..b.(...............{F.T"F.|M...

Client->GAME [10:09:41 07/09/09] packet size: 1 CRYPTED, Flags: 7f ServerSeq: 2 ClientSeq: 137
02 
.

GAME->Client [10:09:41 07/09/09] packet size: 203 CRYPTED, Flags: 7f ServerSeq: 115 ClientSeq: 8
02 03 02 00 03 08 0b fb 7b 46 bb 54 22 46 1e 7c 4d c6 79 62 82 28 ff 01 64 01 00 00 00 00 00 00 
00 00 00 00 00 08 41 6e 64 65 72 73 6f 6e 06 54 68 6f 6d 61 73 ff 04 80 73 1a e9 82 80 60 04 00 
02 8e 00 00 00 01 00 00 00 00 00 00 8f 01 00 02 00 2a 03 02 ff 28 0a 32 00 f0 20 46 14 00 e0 69 
82 28 00 00 00 a0 29 d4 ce 40 00 00 00 00 00 40 55 40 00 00 00 a0 e5 de c9 c0 00 ff 00 00 00 00 
00 f7 00 00 00 ea 00 00 00 00 00 28 0a ff 00 31 5e 00 00 00 00 00 00 00 00 00 00 00 00 00 00 00 
00 ff 00 00 00 00 00 00 00 00 00 00 00 00 80 3f 11 00 00 00 4b b1 00 00 71 02 00 00 3f 00 00 00 
01 22 00 00 00 00 00 00 00 00 00 
........{F.T"F.|M.yb.(..d.............Anderson.Thomas...s....`...................*...(.2.. F...i
.(....)..@.....@U@.........................(...1^..............................?....K...q...?...
.".........

Client->GAME [10:09:41 07/09/09] packet size: 1 CRYPTED, Flags: 7f ServerSeq: 3 ClientSeq: 138
02 
.

GAME->Client [10:09:41 07/09/09] packet size: 220 CRYPTED, Flags: 7f ServerSeq: 116 ClientSeq: 9
02 03 02 00 03 08 d3 4f 7b 46 14 ac 20 46 80 ab 4d c6 05 63 82 28 ff 01 64 01 00 00 00 00 00 00 
00 00 00 00 00 08 41 6e 64 65 72 73 6f 6e 06 54 68 6f 6d 61 73 ff 04 80 73 1a e9 82 80 60 04 00 
02 8e 00 00 00 01 00 00 00 00 00 00 8f 01 00 02 00 2a 03 02 ff 28 0a 32 00 f0 20 46 14 00 e0 69 
82 28 00 00 00 a0 29 d4 ce 40 00 00 00 00 00 40 55 40 00 00 00 a0 e5 de c9 c0 00 ff 00 00 00 00 
00 f7 00 00 00 ea 00 00 00 00 00 28 0a ff 00 31 5e 00 00 00 00 00 00 00 00 00 00 00 00 00 00 00 
00 ff 00 00 00 00 00 00 00 00 00 00 00 00 80 3f 11 00 00 00 4b b1 00 00 71 02 00 00 3f 00 00 00 
01 22 00 00 00 00 00 00 00 05 00 01 00 04 d3 4f 7b 46 14 ac 20 46 80 ab 4d c6 00 00 
.......O{F.. F..M..c.(..d.............Anderson.Thomas...s....`...................*...(.2.. F...i
.(....)..@.....@U@.........................(...1^..............................?....K...q...?...
.".............O{F.. F..M...

Client->GAME [10:09:41 07/09/09] packet size: 1 CRYPTED, Flags: 7f ServerSeq: 4 ClientSeq: 139
02 
.

GAME->Client [10:09:41 07/09/09] packet size: 224 CRYPTED, Flags: 7f ServerSeq: 117 ClientSeq: 10
82 1d ed 25 49 03 02 00 03 08 37 fa 7a 46 3e dd 1d 46 31 c3 4d c6 82 63 82 28 ff 01 64 01 00 00 
00 00 00 00 00 00 00 00 00 08 41 6e 64 65 72 73 6f 6e 06 54 68 6f 6d 61 73 ff 04 80 73 1a e9 82 
80 60 04 00 02 8e 00 00 00 01 00 00 00 00 00 00 8f 01 00 02 00 2a 03 02 ff 28 0a 32 00 f0 20 46 
14 00 e0 69 82 28 00 00 00 a0 29 d4 ce 40 00 00 00 00 00 40 55 40 00 00 00 a0 e5 de c9 c0 00 ff 
00 00 00 00 00 f7 00 00 00 ea 00 00 00 00 00 28 0a ff 00 31 5e 00 00 00 00 00 00 00 00 00 00 00 
00 00 00 00 00 ff 00 00 00 00 00 00 00 00 00 00 00 00 80 3f 11 00 00 00 4b b1 00 00 71 02 00 00 
3f 00 00 00 01 22 00 00 00 00 00 00 00 05 00 01 00 04 37 fa 7a 46 3e dd 1d 46 31 c3 4d c6 00 00 
...%I.....7.zF>..F1.M..c.(..d.............Anderson.Thomas...s....`...................*...(.2.. F
...i.(....)..@.....@U@.........................(...1^..............................?....K...q...
?...."............7.zF>..F1.M...

Client->GAME [10:09:41 07/09/09] packet size: 1 CRYPTED, Flags: 7f ServerSeq: 5 ClientSeq: 140
02 
.

GAME->Client [10:09:41 07/09/09] packet size: 220 CRYPTED, Flags: 7f ServerSeq: 118 ClientSeq: 11
02 03 02 00 03 08 9b a4 7a 46 bb bc 19 46 e2 da 4d c6 0f 64 82 28 ff 01 64 01 00 00 00 00 00 00 
00 00 00 00 00 08 41 6e 64 65 72 73 6f 6e 06 54 68 6f 6d 61 73 ff 04 80 73 1a e9 82 80 60 04 00 
02 8e 00 00 00 01 00 00 00 00 00 00 8f 01 00 02 00 2a 03 02 ff 28 0a 32 00 f0 20 46 14 00 e0 69 
82 28 00 00 00 a0 29 d4 ce 40 00 00 00 00 00 40 55 40 00 00 00 a0 e5 de c9 c0 00 ff 00 00 00 00 
00 f7 00 00 00 ea 00 00 00 00 00 28 0a ff 00 31 5e 00 00 00 00 00 00 00 00 00 00 00 00 00 00 00 
00 ff 00 00 00 00 00 00 00 00 00 00 00 00 80 3f 11 00 00 00 4b b1 00 00 71 02 00 00 3f 00 00 00 
01 22 00 00 00 00 00 00 00 05 00 01 00 04 9b a4 7a 46 bb bc 19 46 e2 da 4d c6 00 00 
........zF...F..M..d.(..d.............Anderson.Thomas...s....`...................*...(.2.. F...i
.(....)..@.....@U@.........................(...1^..............................?....K...q...?...
."..............zF...F..M...

Client->GAME [10:09:41 07/09/09] packet size: 1 CRYPTED, Flags: 7f ServerSeq: 6 ClientSeq: 141
02 
.

GAME->Client [10:09:41 07/09/09] packet size: 220 CRYPTED, Flags: 7f ServerSeq: 119 ClientSeq: 12
02 03 02 00 03 08 00 4f 7a 46 8b 4a 14 46 93 f2 4d c6 6d 64 82 28 ff 01 64 01 00 00 00 00 00 00 
00 00 00 00 00 08 41 6e 64 65 72 73 6f 6e 06 54 68 6f 6d 61 73 ff 04 80 73 1a e9 82 80 60 04 00 
02 8e 00 00 00 01 00 00 00 00 00 00 8f 01 00 02 00 2a 03 02 ff 28 0a 32 00 f0 20 46 14 00 e0 69 
82 28 00 00 00 a0 29 d4 ce 40 00 00 00 00 00 40 55 40 00 00 00 a0 e5 de c9 c0 00 ff 00 00 00 00 
00 f7 00 00 00 ea 00 00 00 00 00 28 0a ff 00 31 5e 00 00 00 00 00 00 00 00 00 00 00 00 00 00 00 
00 ff 00 00 00 00 00 00 00 00 00 00 00 00 80 3f 11 00 00 00 4b b1 00 00 71 02 00 00 3f 00 00 00 
01 22 00 00 00 00 00 00 00 05 00 01 00 04 00 4f 7a 46 8b 4a 14 46 93 f2 4d c6 00 00 
.......OzF.J.F..M.md.(..d.............Anderson.Thomas...s....`...................*...(.2.. F...i
.(....)..@.....@U@.........................(...1^..............................?....K...q...?...
.".............OzF.J.F..M...

Client->GAME [10:09:41 07/09/09] packet size: 1 CRYPTED, Flags: 7f ServerSeq: 7 ClientSeq: 142
02 
.

GAME->Client [10:09:41 07/09/09] packet size: 220 CRYPTED, Flags: 7f ServerSeq: 120 ClientSeq: 13
02 03 02 00 03 08 64 f9 79 46 af 86 0d 46 44 0a 4e c6 f9 64 82 28 ff 01 64 01 00 00 00 00 00 00 
00 00 00 00 00 08 41 6e 64 65 72 73 6f 6e 06 54 68 6f 6d 61 73 ff 04 80 73 1a e9 82 80 60 04 00 
02 8e 00 00 00 01 00 00 00 00 00 00 8f 01 00 02 00 2a 03 02 ff 28 0a 32 00 f0 20 46 14 00 e0 69 
82 28 00 00 00 a0 29 d4 ce 40 00 00 00 00 00 40 55 40 00 00 00 a0 e5 de c9 c0 00 ff 00 00 00 00 
00 f7 00 00 00 ea 00 00 00 00 00 28 0a ff 00 31 5e 00 00 00 00 00 00 00 00 00 00 00 00 00 00 00 
00 ff 00 00 00 00 00 00 00 00 00 00 00 00 80 3f 11 00 00 00 4b b1 00 00 71 02 00 00 3f 00 00 00 
01 22 00 00 00 00 00 00 00 05 00 01 00 04 64 f9 79 46 af 86 0d 46 44 0a 4e c6 00 00 
......d.yF...FD.N..d.(..d.............Anderson.Thomas...s....`...................*...(.2.. F...i
.(....)..@.....@U@.........................(...1^..............................?....K...q...?...
."............d.yF...FD.N...

Client->GAME [10:09:42 07/09/09] packet size: 1 CRYPTED, Flags: 7f ServerSeq: 8 ClientSeq: 143
02 
.

GAME->Client [10:09:42 07/09/09] packet size: 220 CRYPTED, Flags: 7f ServerSeq: 121 ClientSeq: 14
02 03 02 00 03 08 c8 a3 79 46 26 71 05 46 f5 21 4e c6 76 65 82 28 ff 01 64 01 00 00 00 00 00 00 
00 00 00 00 00 08 41 6e 64 65 72 73 6f 6e 06 54 68 6f 6d 61 73 ff 04 80 73 1a e9 82 80 60 04 00 
02 8e 00 00 00 01 00 00 00 00 00 00 8f 01 00 02 00 2a 03 02 ff 28 0a 32 00 f0 20 46 14 00 e0 69 
82 28 00 00 00 a0 29 d4 ce 40 00 00 00 00 00 40 55 40 00 00 00 a0 e5 de c9 c0 00 ff 00 00 00 00 
00 f7 00 00 00 ea 00 00 00 00 00 28 0a ff 00 31 5e 00 00 00 00 00 00 00 00 00 00 00 00 00 00 00 
00 ff 00 00 00 00 00 00 00 00 00 00 00 00 80 3f 11 00 00 00 4b b1 00 00 71 02 00 00 3f 00 00 00 
01 22 00 00 00 00 00 00 00 05 00 01 00 04 c8 a3 79 46 26 71 05 46 f5 21 4e c6 00 00 
........yF&q.F.!N.ve.(..d.............Anderson.Thomas...s....`...................*...(.2.. F...i
.(....)..@.....@U@.........................(...1^..............................?....K...q...?...
."..............yF&q.F.!N...

Client->GAME [10:09:42 07/09/09] packet size: 1 CRYPTED, Flags: 7f ServerSeq: 9 ClientSeq: 144
02 
.

GAME->Client [10:09:42 07/09/09] packet size: 220 CRYPTED, Flags: 7f ServerSeq: 122 ClientSeq: 15
02 03 02 00 03 08 2c 4e 79 46 e5 13 f8 45 a6 39 4e c6 03 66 82 28 ff 01 64 01 00 00 00 00 00 00 
00 00 00 00 00 08 41 6e 64 65 72 73 6f 6e 06 54 68 6f 6d 61 73 ff 04 80 73 1a e9 82 80 60 04 00 
02 8e 00 00 00 01 00 00 00 00 00 00 8f 01 00 02 00 2a 03 02 ff 28 0a 32 00 f0 20 46 14 00 e0 69 
82 28 00 00 00 a0 29 d4 ce 40 00 00 00 00 00 40 55 40 00 00 00 a0 e5 de c9 c0 00 ff 00 00 00 00 
00 f7 00 00 00 ea 00 00 00 00 00 28 0a ff 00 31 5e 00 00 00 00 00 00 00 00 00 00 00 00 00 00 00 
00 ff 00 00 00 00 00 00 00 00 00 00 00 00 80 3f 11 00 00 00 4b b1 00 00 71 02 00 00 3f 00 00 00 
01 22 00 00 00 00 00 00 00 05 00 01 00 04 2c 4e 79 46 e5 13 f8 45 a6 39 4e c6 00 00 
......,NyF...E.9N..f.(..d.............Anderson.Thomas...s....`...................*...(.2.. F...i
.(....)..@.....@U@.........................(...1^..............................?....K...q...?...
."............,NyF...E.9N...

Client->GAME [10:09:42 07/09/09] packet size: 1 CRYPTED, Flags: 7f ServerSeq: 10 ClientSeq: 145
02 
.

GAME->Client [10:09:42 07/09/09] packet size: 49 CRYPTED, Flags: 7f ServerSeq: 123 ClientSeq: 0
02 03 02 00 03 08 90 f8 78 46 21 a2 e2 45 56 51 4e c6 61 66 82 28 80 80 80 10 ee 00 05 00 01 80 
04 ee 00 90 f8 78 46 21 a2 e2 45 56 51 4e c6 00 00 
........xF!..EVQN.af.(...............xF!..EVQN...

Client->GAME [10:09:42 07/09/09] packet size: 1 CRYPTED, Flags: 7f ServerSeq: 11 ClientSeq: 146
02 
.

GAME->Client [10:09:42 07/09/09] packet size: 220 CRYPTED, Flags: 7f ServerSeq: 124 ClientSeq: 1
02 03 02 00 03 08 f4 a2 78 46 04 8d ca 45 07 69 4e c6 ed 66 82 28 ff 01 64 01 00 00 00 00 00 00 
00 00 00 00 00 08 41 6e 64 65 72 73 6f 6e 06 54 68 6f 6d 61 73 ff 04 80 73 1a e9 82 80 60 04 00 
02 8e 00 00 00 01 00 00 00 00 00 00 8f 01 00 02 00 2a 03 02 ff 28 0a 32 00 f0 20 46 14 00 e0 69 
82 28 00 00 00 a0 29 d4 ce 40 00 00 00 00 00 40 55 40 00 00 00 a0 e5 de c9 c0 00 ff 00 00 00 00 
00 f7 00 00 00 ee 00 00 00 00 00 28 0a ff 00 31 5e 00 00 00 00 00 00 00 00 00 00 00 00 00 00 00 
00 ff 00 00 00 00 00 00 00 00 00 00 00 00 80 3f 11 00 00 00 4b b1 00 00 71 02 00 00 3f 00 00 00 
01 22 00 00 00 00 00 00 00 05 00 01 00 04 f4 a2 78 46 04 8d ca 45 07 69 4e c6 00 00 
........xF...E.iN..f.(..d.............Anderson.Thomas...s....`...................*...(.2.. F...i
.(....)..@.....@U@.........................(...1^..............................?....K...q...?...
."..............xF...E.iN...

Client->GAME [10:09:42 07/09/09] packet size: 12
00 00 00 00 00 01 04 08 aa bb 67 00 
..........g.

Client->GAME [10:09:42 07/09/09] packet size: 1 CRYPTED, Flags: 7f ServerSeq: 12 ClientSeq: 147
02 
.

GAME->Client [10:09:42 07/09/09] packet size: 220 CRYPTED, Flags: 7f ServerSeq: 125 ClientSeq: 2
02 03 02 00 03 08 58 4d 78 46 8d d4 af 45 b8 80 4e c6 6a 67 82 28 ff 01 64 01 00 00 00 00 00 00 
00 00 00 00 00 08 41 6e 64 65 72 73 6f 6e 06 54 68 6f 6d 61 73 ff 04 80 73 1a e9 82 80 60 04 00 
02 8e 00 00 00 01 00 00 00 00 00 00 8f 01 00 02 00 2a 03 02 ff 28 0a 32 00 f0 20 46 14 00 e0 69 
82 28 00 00 00 a0 29 d4 ce 40 00 00 00 00 00 40 55 40 00 00 00 a0 e5 de c9 c0 00 ff 00 00 00 00 
00 f7 00 00 00 ee 00 00 00 00 00 28 0a ff 00 31 5e 00 00 00 00 00 00 00 00 00 00 00 00 00 00 00 
00 ff 00 00 00 00 00 00 00 00 00 00 00 00 80 3f 11 00 00 00 4b b1 00 00 71 02 00 00 3f 00 00 00 
01 22 00 00 00 00 00 00 00 05 00 01 00 04 58 4d 78 46 8d d4 af 45 b8 80 4e c6 00 00 
......XMxF...E..N.jg.(..d.............Anderson.Thomas...s....`...................*...(.2.. F...i
.(....)..@.....@U@.........................(...1^..............................?....K...q...?...
."............XMxF...E..N...

Client->GAME [10:09:42 07/09/09] packet size: 1 CRYPTED, Flags: 7f ServerSeq: 13 ClientSeq: 148
02 
.

GAME->Client [10:09:42 07/09/09] packet size: 12
00 00 00 00 00 01 04 08 aa bb 67 00 
..........g.

GAME->Client [10:09:42 07/09/09] packet size: 224 CRYPTED, Flags: 7f ServerSeq: 126 ClientSeq: 3
82 2f ed 25 49 03 02 00 03 08 8a 22 78 46 0f 7b a1 45 91 8c 4e c6 f7 67 82 28 ff 01 64 01 00 00 
00 00 00 00 00 00 00 00 00 08 41 6e 64 65 72 73 6f 6e 06 54 68 6f 6d 61 73 ff 04 80 73 1a e9 82 
80 60 04 00 02 8e 00 00 00 01 00 00 00 00 00 00 8f 01 00 02 00 2a 03 02 ff 28 0a 32 00 f0 20 46 
14 00 e0 69 82 28 00 00 00 a0 29 d4 ce 40 00 00 00 00 00 40 55 40 00 00 00 a0 e5 de c9 c0 00 ff 
00 00 00 00 00 f7 00 00 00 ee 00 00 00 00 00 28 0a ff 00 31 5e 00 00 00 00 00 00 00 00 00 00 00 
00 00 00 00 00 ff 00 00 00 00 00 00 00 00 00 00 00 00 80 3f 11 00 00 00 4b b1 00 00 71 02 00 00 
3f 00 00 00 01 22 00 00 00 00 00 00 00 05 00 01 00 04 8a 22 78 46 0f 7b a1 45 91 8c 4e c6 00 00 
./.%I......"xF.{.E..N..g.(..d.............Anderson.Thomas...s....`...................*...(.2.. F
...i.(....)..@.....@U@.........................(...1^..............................?....K...q...
?...."............."xF.{.E..N...

Client->GAME [10:09:42 07/09/09] packet size: 1 CRYPTED, Flags: 7f ServerSeq: 14 ClientSeq: 149
02 
.

GAME->Client [10:09:42 07/09/09] packet size: 220 CRYPTED, Flags: 7f ServerSeq: 127 ClientSeq: 4
02 03 02 00 03 08 ef cc 77 46 93 cd 82 45 42 a4 4e c6 55 68 82 28 ff 01 64 01 00 00 00 00 00 00 
00 00 00 00 00 08 41 6e 64 65 72 73 6f 6e 06 54 68 6f 6d 61 73 ff 04 80 73 1a e9 82 80 60 04 00 
02 8e 00 00 00 01 00 00 00 00 00 00 8f 01 00 02 00 2a 03 02 ff 28 0a 32 00 f0 20 46 14 00 e0 69 
82 28 00 00 00 a0 29 d4 ce 40 00 00 00 00 00 40 55 40 00 00 00 a0 e5 de c9 c0 00 ff 00 00 00 00 
00 f7 00 00 00 ee 00 00 00 00 00 28 0a ff 00 31 5e 00 00 00 00 00 00 00 00 00 00 00 00 00 00 00 
00 ff 00 00 00 00 00 00 00 00 00 00 00 00 80 3f 11 00 00 00 4b b1 00 00 71 02 00 00 3f 00 00 00 
01 22 00 00 00 00 00 00 00 05 00 01 00 04 ef cc 77 46 93 cd 82 45 42 a4 4e c6 00 00 
........wF...EB.N.Uh.(..d.............Anderson.Thomas...s....`...................*...(.2.. F...i
.(....)..@.....@U@.........................(...1^..............................?....K...q...?...
."..............wF...EB.N...

Client->GAME [10:09:42 07/09/09] packet size: 1 CRYPTED, Flags: 7f ServerSeq: 15 ClientSeq: 150
02 
.

GAME->Client [10:09:42 07/09/09] packet size: 220 CRYPTED, Flags: 7f ServerSeq: 128 ClientSeq: 5
02 03 02 00 03 08 85 4c 77 46 26 ae 1f 45 cb c7 4e c6 e1 68 82 28 ff 01 64 01 00 00 00 00 00 00 
00 00 00 00 00 08 41 6e 64 65 72 73 6f 6e 06 54 68 6f 6d 61 73 ff 04 80 73 1a e9 82 80 60 04 00 
02 8e 00 00 00 01 00 00 00 00 00 00 8f 01 00 02 00 2a 03 02 ff 28 0a 32 00 f0 20 46 14 00 e0 69 
82 28 00 00 00 a0 29 d4 ce 40 00 00 00 00 00 40 55 40 00 00 00 a0 e5 de c9 c0 00 ff 00 00 00 00 
00 f7 00 00 00 ee 00 00 00 00 00 28 0a ff 00 31 5e 00 00 00 00 00 00 00 00 00 00 00 00 00 00 00 
00 ff 00 00 00 00 00 00 00 00 00 00 00 00 80 3f 11 00 00 00 4b b1 00 00 71 02 00 00 3f 00 00 00 
01 22 00 00 00 00 00 00 00 05 00 01 00 04 85 4c 77 46 26 ae 1f 45 cb c7 4e c6 00 00 
.......LwF&..E..N..h.(..d.............Anderson.Thomas...s....`...................*...(.2.. F...i
.(....)..@.....@U@.........................(...1^..............................?....K...q...?...
.".............LwF&..E..N...

Client->GAME [10:09:43 07/09/09] packet size: 1 CRYPTED, Flags: 7f ServerSeq: 0 ClientSeq: 151
02 
.

GAME->Client [10:09:43 07/09/09] packet size: 220 CRYPTED, Flags: 7f ServerSeq: 129 ClientSeq: 6
02 03 02 00 03 08 b7 21 77 46 38 22 f6 44 a4 d3 4e c6 4f 69 82 28 ff 01 64 01 00 00 00 00 00 00 
00 00 00 00 00 08 41 6e 64 65 72 73 6f 6e 06 54 68 6f 6d 61 73 ff 04 80 73 1a e9 82 80 60 04 00 
02 8e 00 00 00 01 00 00 00 00 00 00 8f 01 00 02 00 2a 03 02 ff 28 0a 32 00 f0 20 46 14 00 e0 69 
82 28 00 00 00 a0 29 d4 ce 40 00 00 00 00 00 40 55 40 00 00 00 a0 e5 de c9 c0 00 ff 00 00 00 00 
00 f7 00 00 00 ee 00 00 00 00 00 28 0a ff 00 31 5e 00 00 00 00 00 00 00 00 00 00 00 00 00 00 00 
00 ff 00 00 00 00 00 00 00 00 00 00 00 00 80 3f 11 00 00 00 4b b1 00 00 71 02 00 00 3f 00 00 00 
01 22 00 00 00 00 00 00 00 05 00 01 00 04 b7 21 77 46 38 22 f6 44 a4 d3 4e c6 00 00 
.......!wF8".D..N.Oi.(..d.............Anderson.Thomas...s....`...................*...(.2.. F...i
.(....)..@.....@U@.........................(...1^..............................?....K...q...?...
.".............!wF8".D..N...

Client->GAME [10:09:43 07/09/09] packet size: 1 CRYPTED, Flags: 7f ServerSeq: 1 ClientSeq: 152
02 
.

GAME->Client [10:09:43 07/09/09] packet size: 220 CRYPTED, Flags: 7f ServerSeq: 130 ClientSeq: 7
02 03 02 00 03 08 1b cc 76 46 2f 88 37 44 55 eb 4e c6 cc 69 82 28 ff 01 64 01 00 00 00 00 00 00 
00 00 00 00 00 08 41 6e 64 65 72 73 6f 6e 06 54 68 6f 6d 61 73 ff 04 80 73 1a e9 82 80 60 04 00 
02 8e 00 00 00 01 00 00 00 00 00 00 8f 01 00 02 00 2a 03 02 ff 28 0a 32 00 f0 20 46 14 00 e0 69 
82 28 00 00 00 a0 29 d4 ce 40 00 00 00 00 00 40 55 40 00 00 00 a0 e5 de c9 c0 00 ff 00 00 00 00 
00 f7 00 00 00 ee 00 00 00 00 00 28 0a ff 00 31 5e 00 00 00 00 00 00 00 00 00 00 00 00 00 00 00 
00 ff 00 00 00 00 00 00 00 00 00 00 00 00 80 3f 11 00 00 00 4b b1 00 00 71 02 00 00 3f 00 00 00 
01 22 00 00 00 00 00 00 00 05 00 01 00 04 1b cc 76 46 2f 88 37 44 55 eb 4e c6 00 00 
........vF/.7DU.N..i.(..d.............Anderson.Thomas...s....`...................*...(.2.. F...i
.(....)..@.....@U@.........................(...1^..............................?....K...q...?...
."..............vF/.7DU.N...

Client->GAME [10:09:43 07/09/09] packet size: 1 CRYPTED, Flags: 7f ServerSeq: 2 ClientSeq: 153
02 
.

Client->GAME [10:09:43 07/09/09] packet size: 20 CRYPTED, Flags: 7f ServerSeq: 2 ClientSeq: 154
02 03 02 00 01 08 4d a1 76 46 00 00 aa 42 2d f7 4e c6 00 00 
......M.vF...B-.N...

GAME->Client [10:09:43 07/09/09] packet size: 51 CRYPTED, Flags: 7f ServerSeq: 131 ClientSeq: 8
02 03 02 00 03 09 00 00 4d a1 76 46 00 00 aa 42 2d f7 4e c6 58 6a 82 28 80 80 80 10 f2 00 05 00 
01 80 04 f2 00 4d a1 76 46 00 00 aa 42 2d f7 4e c6 00 00 
........M.vF...B-.N.Xj.(.............M.vF...B-.N...

Client->GAME [10:09:43 07/09/09] packet size: 1 CRYPTED, Flags: 7f ServerSeq: 3 ClientSeq: 155
02 
.

GAME->Client [10:09:43 07/09/09] packet size: 205 CRYPTED, Flags: 7f ServerSeq: 132 ClientSeq: 10
02 03 02 00 03 09 00 00 4d a1 76 46 00 00 aa 42 2d f7 4e c6 d6 6a 82 28 ff 01 64 01 00 00 00 00 
00 00 00 00 00 00 00 08 41 6e 64 65 72 73 6f 6e 06 54 68 6f 6d 61 73 ff 04 80 73 1a e9 82 80 60 
04 00 02 8e 00 00 00 01 00 00 00 00 00 00 8f 01 00 02 00 2a 03 02 ff 28 0a 32 00 f0 20 46 14 00 
e0 69 82 28 00 00 00 a0 29 d4 ce 40 00 00 00 00 00 40 55 40 00 00 00 a0 e5 de c9 c0 00 ff 00 00 
00 00 00 f7 00 00 00 f2 00 00 00 00 00 28 0a ff 00 31 5e 00 00 00 00 00 00 00 00 00 00 00 00 00 
00 00 00 ff 00 00 00 00 00 00 00 00 00 00 00 00 80 3f 11 00 00 00 4b b1 00 00 71 02 00 00 3f 00 
00 00 01 22 00 00 00 00 00 00 00 00 00 
........M.vF...B-.N..j.(..d.............Anderson.Thomas...s....`...................*...(.2.. F..
.i.(....)..@.....@U@.........................(...1^..............................?....K...q...?.
...".........

Client->GAME [10:09:43 07/09/09] packet size: 1 CRYPTED, Flags: 7f ServerSeq: 4 ClientSeq: 156
02 
.

GAME->Client [10:09:44 07/09/09] packet size: 20 CRYPTED, Flags: 7f ServerSeq: 133 ClientSeq: 12
02 03 02 00 02 80 80 80 10 f5 00 05 00 01 80 00 f5 00 00 00 
....................

Client->GAME [10:09:44 07/09/09] packet size: 1 CRYPTED, Flags: 7f ServerSeq: 5 ClientSeq: 157
02 
.

GAME->Client [10:09:45 07/09/09] packet size: 24 CRYPTED, Flags: 7f ServerSeq: 134 ClientSeq: 13
82 59 ed 25 49 03 02 00 02 80 80 80 10 f7 00 05 00 01 80 00 f7 00 00 00 
.Y.%I...................

Client->GAME [10:09:45 07/09/09] packet size: 1 CRYPTED, Flags: 7f ServerSeq: 6 ClientSeq: 158
02 
.

