GAME->Client [11:10:29 07/23/09] packet size: 1323 CRYPTED, Flags: 0 ServerSeq: 1 ClientSeq: 0
82 69 a3 10 49 04 01 00 00 3d 6e 06 0e 00 01 00 00 00 69 a3 10 49 01 44 00 34 00 72 65 73 6f 75 
72 63 65 2f 77 6f 72 6c 64 73 2f 66 69 6e 61 6c 5f 77 6f 72 6c 64 2f 73 6c 75 6d 73 5f 62 61 72 
72 65 6e 73 5f 66 75 6c 6c 2e 6d 65 74 72 00 28 00 48 61 6c 6c 6f 77 65 65 6e 5f 45 76 65 6e 74 
2c 57 69 6e 74 65 72 33 48 61 6c 6c 6f 77 65 65 6e 46 6c 79 54 53 45 43 00 0a 80 e5 e7 cb c0 12 
00 00 00 00 0a 80 e4 3b 6f da 00 00 00 00 00 08 80 b2 4e 00 08 00 08 02 08 80 b2 52 00 1e 00 08 
02 08 80 b2 54 00 0d 00 08 02 08 80 b2 4f 00 08 00 08 02 08 80 b2 51 00 1e 00 08 02 08 80 b2 11 
00 32 00 08 02 16 80 bc 45 03 11 00 00 02 00 00 00 11 00 32 00 00 00 00 00 00 00 00 16 80 bc 45 
00 02 00 00 02 00 00 00 cc 00 0c 00 00 00 00 00 00 00 00 16 80 bc 45 00 03 00 00 0b 00 00 00 37 
02 96 00 00 00 00 00 00 00 00 16 80 bc 45 00 04 00 00 2d 00 00 00 23 04 0a 00 00 00 00 00 00 00 
00 16 80 bc 45 00 05 00 00 2d 00 00 00 20 04 0a 00 00 00 00 00 00 00 00 16 80 bc 45 00 06 00 00 
2d 00 00 00 19 04 05 00 00 00 00 00 00 00 00 16 80 bc 45 00 07 00 00 2d 00 00 00 42 04 05 00 00 
00 00 00 00 00 00 16 80 bc 45 00 08 00 00 34 00 00 00 83 02 c8 00 00 00 00 00 00 00 00 08 80 b2 
3d 04 00 00 08 02 16 80 bc 45 03 3d 04 00 43 00 00 00 3d 04 00 00 00 00 00 00 00 00 00 16 80 bc 
45 00 09 00 00 4b 00 00 00 1f 04 19 00 00 00 00 00 00 00 00 16 80 bc 45 00 0a 00 00 5f 00 00 00 
7c 04 0f 00 00 00 00 00 00 00 00 16 80 bc 45 00 0b 00 00 5f 00 00 00 07 04 0f 00 00 00 00 00 00 
00 00 16 80 bc 45 00 0c 00 00 62 00 00 00 06 04 01 00 00 00 00 00 00 00 00 08 80 b2 35 04 00 00 
08 02 16 80 bc 45 03 35 04 00 62 00 00 00 35 04 00 00 00 00 00 00 00 00 00 16 80 bc 45 00 0d 00 
00 62 00 00 00 15 04 01 00 00 00 00 00 00 00 00 16 80 bc 45 00 0e 00 00 a5 00 00 00 c0 02 05 00 
00 00 00 00 00 00 00 16 80 bc 45 00 0f 00 00 d7 00 00 00 bf 02 05 00 00 00 00 00 00 00 00 16 80 
bc 45 00 10 00 00 2a 01 00 00 7e 02 04 00 00 00 00 00 00 00 00 16 80 bc 45 00 11 00 00 2a 01 00 
00 cc 00 00 00 00 00 00 00 00 00 00 08 80 b2 3e 04 00 00 08 02 16 80 bc 45 03 3e 04 00 4f 01 00 
00 3e 04 00 00 00 00 00 00 00 00 00 16 80 bc 45 00 12 00 00 5a 01 00 00 07 04 05 00 00 00 00 00 
00 00 00 16 80 bc 45 00 13 00 00 5a 01 00 00 1d 04 0f 00 00 00 00 00 00 00 00 08 80 b2 3f 04 00 
00 08 02 16 80 bc 45 03 3f 04 00 64 01 00 00 3f 04 00 00 00 00 00 00 00 00 00 16 80 bc 45 00 14 
00 00 64 01 00 00 1f 04 05 00 00 00 00 00 00 00 00 16 80 bc 45 00 15 00 00 66 01 00 00 7b 04 05 
00 00 00 00 00 00 00 00 16 80 bc 45 00 16 00 00 66 01 00 00 12 04 0a 00 00 00 00 00 00 00 00 16 
80 bc 45 00 17 00 00 66 01 00 00 06 04 0b 00 00 00 00 00 00 00 00 16 80 bc 45 00 18 00 00 8e 01 
00 00 03 04 05 00 00 00 00 00 00 00 00 16 80 bc 45 00 19 00 00 8e 01 00 00 12 04 0f 00 00 00 00 
00 00 00 00 16 80 bc 45 00 1a 00 00 8e 01 00 00 77 04 05 00 00 00 00 00 00 00 00 16 80 bc 45 00 
1b 00 00 cd 01 00 00 e5 03 05 00 00 00 00 00 00 00 00 16 80 bc 45 00 1c 00 00 cd 01 00 00 73 04 
05 00 00 00 00 00 00 00 00 16 80 bc 45 00 1d 00 00 cd 01 00 00 e3 03 0f 00 00 00 00 00 00 00 00 
08 80 b2 40 04 00 00 08 02 16 80 bc 45 03 40 04 00 d5 01 00 00 40 04 00 00 00 00 00 00 00 00 00 
16 80 bc 45 00 1e 00 00 d5 01 00 00 e3 03 05 00 00 00 00 00 00 00 00 16 80 bc 45 00 1f 00 00 36 
02 00 00 37 02 0a 00 00 00 00 00 00 00 00 16 80 bc 45 00 20 00 00 74 02 00 00 34 02 1e 00 00 00 
00 00 00 00 00 16 80 bc 56 00 21 00 00 c5 a7 00 00 7e 02 16 00 00 00 00 00 00 00 00 16 80 bc 56 
00 22 00 00 c5 a7 00 00 cc 00 19 00 00 00 00 00 00 00 00 16 80 bc 56 00 23 00 00 c5 a7 00 00 41 
02 28 00 00 00 00 00 00 00 00 16 80 bc 56 00 24 00 00 c5 a7 00 00 09 04 16 00 00 00 00 00 00 00 
00 16 80 bc 56 00 25 00 00 c5 a7 00 00 16 04 01 00 00 00 00 00 00 00 00 16 80 bc 56 00 26 00 00 
95 b7 00 00 b4 00 16 00 00 00 00 00 00 00 00 16 80 bc 56 00 27 00 00 95 b7 00 00 09 04 16 00 00 
00 00 00 00 00 00 16 80 bc 56 00 28 00 00 95 b7 00 00 9d 00 16 00 00 00 00 00 00 00 00 16 80 bc 
56 00 29 00 00 95 b7 00 00 b5 00 16 00 00 00 00 00 00 00 00 16 80 bc 56 00 2a 00 00 24 b3 00 00 
89 02 02 00 00 00 00 00 00 00 00 
.i..I....=n.......i..I.D.4.resource/worlds/final_world/slums_barrens_full.metr.(.Halloween_Event
,Winter3HalloweenFlyTSEC...............;o.........N........R........T........O........Q.........
.2......E..........2...........E......................E........7.............E....-...#.........
....E....-... .............E....-.................E....-...B.............E....4.................
=........E.=..C...=.............E....K.................E...._...|.............E...._............
.....E....b.................5........E.5..b...5.............E....b.................E............
..........E......................E....*...~.............E....*.................>........E.>..O..
.>.............E....Z.................E....Z.................?........E.?..d...?.............E..
..d.................E....f...{.............E....f.................E....f.................E......
................E......................E........w.............E......................E........s.
............E......................@........E.@......@.............E......................E....6
...7.............E. ..t...4.............V.!......~.............V."....................V.#......A
.(...........V.$....................V.%....................V.&....................V.'...........
.........V.(....................V.)....................V.*..$..............

MRGN->Client [11:10:29 07/23/09] packet size: 6
00 00 00 00 00 00 
......

GAME->Client [11:10:30 07/23/09] packet size: 861 CRYPTED, Flags: 0 ServerSeq: 2 ClientSeq: 0
02 04 03 00 3d 07 16 80 bc 56 00 2b 00 00 24 b3 00 00 1a 04 01 00 00 00 00 00 00 00 00 16 80 bc 
56 00 2c 00 00 24 b3 00 00 b4 00 21 00 00 00 00 00 00 00 00 16 80 bc 56 00 2d 00 00 24 b3 00 00 
09 04 21 00 00 00 00 00 00 00 00 16 80 bc 56 00 2e 00 00 24 b3 00 00 15 04 02 00 00 00 00 00 00 
00 00 16 80 bc 56 00 2f 00 00 24 b3 00 00 b5 00 21 00 00 00 00 00 00 00 00 16 80 bc 56 00 30 00 
00 95 a7 00 00 b4 00 12 00 00 00 00 00 00 00 00 16 80 bc 56 00 31 00 00 95 a7 00 00 b5 00 12 00 
00 00 00 00 00 00 00 00 44 16 16 80 bc 56 00 32 00 00 95 a7 00 00 09 04 12 00 00 00 00 00 00 00 
00 16 80 bc 56 00 33 00 00 95 a7 00 00 70 00 0f 00 00 00 00 00 00 00 00 16 80 bc 56 00 34 00 00 
2c b3 00 00 17 04 01 00 00 00 00 00 00 00 00 16 80 bc 56 00 35 00 00 2c b3 00 00 b4 00 21 00 00 
00 00 00 00 00 00 16 80 bc 56 00 36 00 00 2c b3 00 00 09 04 21 00 00 00 00 00 00 00 00 16 80 bc 
56 00 37 00 00 2c b3 00 00 12 04 02 00 00 00 00 00 00 00 00 16 80 bc 56 00 38 00 00 2c b3 00 00 
07 04 02 00 00 00 00 00 00 00 00 16 80 bc 56 00 39 00 00 2c b3 00 00 b5 00 21 00 00 00 00 00 00 
00 00 16 80 bc 56 00 3a 00 00 c3 b2 00 00 89 02 02 00 00 00 00 00 00 00 00 16 80 bc 56 00 3b 00 
00 c3 b2 00 00 21 04 02 00 00 00 00 00 00 00 00 16 80 bc 56 00 3c 00 00 c3 b2 00 00 b4 00 1f 00 
00 00 00 00 00 00 00 16 80 bc 56 00 3d 00 00 c3 b2 00 00 09 04 1f 00 00 00 00 00 00 00 00 16 80 
bc 56 00 3e 00 00 c3 b2 00 00 1e 04 01 00 00 00 00 00 00 00 00 16 80 bc 56 00 3f 00 00 c3 b2 00 
00 9d 00 1f 00 00 00 00 00 00 00 00 16 80 bc 15 00 40 00 00 f7 03 00 00 08 02 00 00 00 00 00 00 
00 00 00 16 80 bc 15 00 41 00 00 f7 03 00 00 07 02 ec ff ff ff 00 00 00 00 00 16 80 bc 15 00 42 
00 00 f7 03 00 00 50 04 00 00 00 00 00 00 00 00 00 16 80 bc 15 00 43 00 00 f7 03 00 00 f4 03 00 
00 00 00 00 00 00 00 00 16 80 bc 15 00 44 00 00 f7 03 00 00 51 04 f6 ff ff ff 00 00 00 00 00 16 
80 bc 15 00 45 00 00 f7 03 00 00 52 04 0f 00 00 00 00 00 00 00 00 2f 47 00 00 04 01 00 00 00 00 
00 00 00 00 00 00 00 00 00 00 00 1a 00 06 00 00 00 01 00 00 00 00 01 01 00 00 00 00 00 80 00 00 
00 00 00 00 00 00 24 2e 07 00 00 00 00 00 00 00 00 00 00 00 59 00 00 2e 00 00 00 00 00 00 00 00 
00 00 00 00 00 00 00 00 00 00 00 00 5a 02 48 81 a9 00 00 07 00 05 3f 00 68 74 74 70 3a 2f 2f 74 
68 65 6d 61 74 72 69 78 6f 6e 6c 69 6e 65 2e 73 74 61 74 69 6f 6e 2e 73 6f 6e 79 2e 63 6f 6d 2f 
70 72 6f 63 65 73 73 46 6c 61 73 68 54 72 61 66 66 69 63 2e 76 6d 00 45 7c 75 d4 01 00 31 5e 00 
00 01 00 00 01 0f 00 34 00 01 54 68 65 20 44 75 61 6c 69 74 79 00 00 00 00 43 02 02 23 00 6a 02 
00 00 00 00 c2 fa e5 c0 00 00 00 00 00 60 82 c0 00 00 00 20 02 2f d8 01 00 66 a9 56 03 
....=....V.+..$.................V.,..$.....!...........V.-..$.....!...........V....$............
.....V./..$.....!...........V.0....................V.1..................D....V.2................
....V.3......p.............V.4..,.................V.5..,.....!...........V.6..,.....!...........
V.7..,.................V.8..,.................V.9..,.....!...........V.:....................V.;.
.....!.............V.<....................V.=....................V.>....................V.?.....
.................@......................A......................B......P...............C.........
.............D......Q...............E......R........../G........................................
......$.............Y.......................Z.H.......?.http://thematrixonline.station.sony.com/
processFlashTraffic.vm.E|u...1^........4..The Duality....C..#.j..............`..... ./...f.V.

Client->GAME [11:10:30 07/23/09] packet size: 6 CRYPTED, Flags: 1 ServerSeq: 1 ClientSeq: 1
02 05 02 0c 00 00 
......

GAME->Client [11:10:30 07/23/09] packet size: 876 CRYPTED, Flags: 1 ServerSeq: 3 ClientSeq: 1
02 04 01 00 5c 02 82 48 7c 75 d4 01 00 31 5e 00 00 02 00 01 02 0f 00 37 02 4b b1 00 00 52 65 73 
65 72 76 6f 69 72 20 44 6f 67 73 00 23 00 6a 02 00 00 00 00 c2 fa e5 c0 00 00 00 00 00 60 82 c0 
00 00 00 20 93 f5 01 00 54 68 65 41 76 65 6e 4e 69 67 65 72 61 00 db e8 04 00 10 f3 00 00 00 00 
00 00 00 00 00 00 00 63 00 02 13 71 00 00 44 75 61 6c 69 74 79 00 00 2b 00 5a 00 5c 00 06 00 5f 
00 76 00 78 00 54 00 55 00 74 00 5b 00 5d 00 77 00 57 00 58 00 25 2f 01 00 4d 65 64 61 6e 69 61 
00 76 00 78 00 5b 00 5d 00 77 00 61 00 63 00 79 00 57 00 58 00 39 00 2b 00 00 02 46 71 00 00 48 
69 67 68 73 70 65 65 64 00 74 00 61 00 63 00 79 00 57 00 58 00 39 00 2b 00 5a 00 5c 00 06 00 5f 
00 76 00 78 00 5b 66 ec 01 00 53 6f 6e 67 61 00 00 6d 00 5e 00 61 00 86 00 5f 00 60 00 85 00 63 
00 66 00 84 00 86 22 46 00 0d 00 02 35 72 00 00 52 65 76 6f 6c 75 74 69 6f 6e 00 00 00 00 00 00 
00 00 00 00 00 00 00 00 00 00 00 00 00 00 00 00 00 00 00 00 02 fd 02 bc d2 01 00 43 65 72 69 6f 
6e 65 00 00 00 00 00 00 00 00 00 00 00 00 00 00 00 00 00 00 00 00 00 00 02 ed e7 00 03 c6 72 00 
00 4b 69 6e 64 65 72 20 64 65 73 20 5a 6f 72 6e 73 00 6e 74 61 72 65 73 00 00 00 00 00 00 00 00 
00 00 00 00 00 00 00 00 6b db 01 00 50 61 72 74 79 61 6e 69 6d 61 6c 00 00 00 00 00 00 00 00 00 
00 00 00 00 00 00 00 00 00 00 00 00 00 03 2d 74 00 00 7a 69 6f 6e 73 20 74 61 63 20 6f 70 73 00 
6f 6e 2e 00 00 00 00 00 00 00 00 00 00 00 00 00 00 00 00 00 00 00 00 00 00 2f d8 01 00 65 6e 74 
69 6c 73 61 72 00 00 00 00 00 00 00 00 00 00 00 00 00 00 00 00 00 00 00 00 00 00 00 00 00 01 02 
a4 00 00 47 65 72 6d 61 6e 53 6f 6c 64 69 65 72 73 00 00 00 00 00 00 00 00 00 00 00 00 00 00 00 
00 00 00 00 00 00 00 00 00 00 86 4c 02 00 53 79 6d 62 69 00 00 00 00 00 00 00 00 00 00 00 00 00 
00 00 00 00 00 00 00 00 00 00 00 00 00 00 00 03 81 1a 80 86 75 d4 01 00 4b b1 00 00 01 21 00 93 
f5 01 00 75 d4 01 00 00 00 00 00 32 00 14 02 00 00 18 01 0f 00 52 65 73 65 72 76 6f 69 72 20 44 
6f 67 73 00 06 00 00 75 d4 01 00 41 66 74 65 72 57 68 6f 72 75 4e 65 6f 00 00 00 00 00 00 00 00 
00 00 00 00 00 00 00 00 00 00 00 01 00 99 10 01 00 43 68 65 72 62 65 72 75 73 00 00 00 00 00 00 
00 00 00 00 00 00 00 00 00 00 00 00 00 00 00 00 00 00 00 93 f5 01 00 54 68 65 41 76 65 6e 4e 69 
67 65 72 61 00 00 00 00 00 00 00 00 00 00 00 00 00 00 00 00 00 00 00 00 00 ee 55 02 00 4c 31 7a 
5a 00 00 00 00 00 00 00 00 00 00 00 00 00 00 00 00 00 00 00 00 00 00 00 00 00 00 00 00 00 00 c2 
98 02 00 4b 61 72 74 68 6f 73 00 00 00 00 00 00 00 00 00 00 00 00 00 00 00 00 00 00 00 00 00 00 
00 00 00 00 00 62 f9 02 00 54 68 65 57 68 6f 72 75 4e 65 6f 00 00 00 00 00 00 00 00 00 00 00 00 
00 00 00 00 00 00 00 00 00 00 00 00 
....\..H|u...1^........7.K...Reservoir Dogs.#.j..............`..... ....TheAvenNigera...........
.......c...q..Duality..+.Z.\..._.v.x.T.U.t.[.].w.W.X.%/..Medania.v.x.[.].w.a.c.y.W.X.9.+...Fq..H
ighspeed.t.a.c.y.W.X.9.+.Z.\..._.v.x.[f...Songa..m.^.a..._.`...c.f...."F....5r..Revolution......
...........................Cerione............................r..Kinder des Zorns.ntares........
........k...Partyanimal.......................-t..zions tac ops.on......................./...ent
ilsar..............................GermanSoldiers..........................L..Symbi.............
....................u...K....!.....u.......2.........Reservoir Dogs....u...AfterWhoruNeo........
.................Cherberus.............................TheAvenNigera......................U..L1z
Z..................................Karthos...........................b...TheWhoruNeo............
............

Client->GAME [11:10:30 07/23/09] packet size: 8 CRYPTED, Flags: 1 ServerSeq: 1 ClientSeq: 2
02 04 01 00 00 01 01 05 
........

Client->GAME [11:10:30 07/23/09] packet size: 1 CRYPTED, Flags: 7 ServerSeq: 3 ClientSeq: 3
02 
.

GAME->Client [11:10:30 07/23/09] packet size: 211 CRYPTED, Flags: 7 ServerSeq: 4 ClientSeq: 3
02 03 01 00 0c 0c 00 ae cd ab 1a 8b 81 ff 71 02 00 00 41 6e 64 65 72 73 6f 6e 00 00 00 00 00 00 
00 00 00 00 00 00 00 00 00 00 00 00 00 00 00 00 00 00 90 54 68 6f 6d 61 73 00 00 00 00 00 00 00 
00 00 00 00 00 00 00 00 00 00 00 00 00 00 00 00 00 00 00 80 98 28 0a 25 8e 81 ff f7 00 31 5e 00 
00 c6 67 00 41 66 74 65 72 57 68 6f 72 75 4e 65 6f 00 00 00 00 00 00 00 00 00 00 00 00 00 00 00 
00 00 00 00 28 0a fd 64 01 00 00 67 00 75 d4 01 00 4b b1 00 00 00 00 23 1a e9 90 80 b0 04 02 02 
8e 00 00 00 f7 00 9d 00 00 00 60 46 7f f0 c0 00 00 00 00 00 c0 57 40 00 00 00 60 86 0d d0 40 81 
ff 32 22 80 88 a4 1c 01 00 10 00 00 67 00 02 00 00 00 00 
..............q...Anderson.........................Thomas............................(.%.....1^.
..g.AfterWhoruNeo...................(..d...g.u...K.....#..................`F.........W@...`...@.
.2".........g......

Client->GAME [11:10:31 07/23/09] packet size: 55 CRYPTED, Flags: f ServerSeq: 4 ClientSeq: 4
02 03 02 00 02 60 08 41 6e 64 65 72 73 6f 6e 06 54 68 6f 6d 61 73 00 00 04 01 00 01 05 02 80 be 
07 3f 45 00 10 00 00 00 08 3e 6b ee 03 00 00 00 00 02 81 48 02 0c 01 
.....`.Anderson.Thomas...........?E......>k........H...

GAME->Client [11:10:31 07/23/09] packet size: 698 CRYPTED, Flags: f ServerSeq: 5 ClientSeq: 4
82 8b a3 10 49 03 02 00 02 80 80 80 80 80 90 11 00 00 00 01 00 00 00 01 00 00 04 01 00 5e 1d 16 
80 bc 56 00 21 00 00 c5 a7 00 00 7e 02 16 00 00 00 01 00 00 00 00 16 80 bc 56 00 22 00 00 c5 a7 
00 00 cc 00 19 00 00 00 01 00 00 00 00 16 80 bc 56 00 23 00 00 c5 a7 00 00 41 02 28 00 00 00 01 
00 00 00 00 16 80 bc 56 00 24 00 00 c5 a7 00 00 09 04 16 00 00 00 01 00 00 00 00 16 80 bc 56 00 
25 00 00 c5 a7 00 00 16 04 01 00 00 00 01 00 00 00 00 16 80 bc 56 00 46 00 00 c5 a7 00 00 7e 02 
16 00 00 00 00 00 00 00 00 16 80 bc 56 00 47 00 00 c5 a7 00 00 cc 00 19 00 00 00 00 00 00 00 00 
16 80 bc 56 00 48 00 00 c5 a7 00 00 41 02 28 00 00 00 00 00 00 00 00 16 80 bc 56 00 49 00 00 c5 
a7 00 00 09 04 16 00 00 00 00 00 00 00 00 16 80 bc 56 00 4a 00 00 c5 a7 00 00 16 04 01 00 00 00 
00 00 00 00 00 16 80 bc 56 00 26 00 00 95 b7 00 00 b4 00 16 00 00 00 01 00 00 00 00 16 80 bc 56 
00 27 00 00 95 b7 00 00 09 04 16 00 00 00 01 00 00 00 00 16 80 bc 56 00 28 00 00 95 b7 00 00 9d 
00 16 00 00 00 01 00 00 00 00 16 80 bc 56 00 29 00 00 95 b7 00 00 b5 00 16 00 00 00 01 00 00 00 
00 16 80 bc 56 00 4b 00 00 95 b7 00 00 b4 00 16 00 00 00 00 00 00 00 00 16 80 bc 56 00 4c 00 00 
95 b7 00 00 09 04 16 00 00 00 00 00 00 00 00 16 80 bc 56 00 4d 00 00 95 b7 00 00 9d 00 16 00 00 
00 00 00 00 00 00 16 80 bc 56 00 4e 00 00 95 b7 00 00 b5 00 16 00 00 00 00 00 00 00 00 16 80 bc 
56 00 2a 00 00 24 b3 00 00 89 02 02 00 00 00 01 00 00 00 00 16 80 bc 56 00 2b 00 00 24 b3 00 00 
1a 04 01 00 00 00 01 00 00 00 00 16 80 bc 56 00 2c 00 00 24 b3 00 00 b4 00 21 00 00 00 01 00 00 
00 00 16 80 bc 56 00 2d 00 00 24 b3 00 00 09 04 21 00 00 00 01 00 00 00 00 16 80 bc 56 00 2e 00 
00 24 b3 00 00 15 04 02 00 00 00 01 00 00 00 00 16 80 bc 56 00 2f 00 00 24 b3 00 00 b5 00 21 00 
00 00 01 00 00 00 00 16 80 bc 56 00 4f 00 00 24 b3 00 00 89 02 02 00 00 00 00 00 00 00 00 16 80 
bc 56 00 50 00 00 24 b3 00 00 1a 04 01 00 00 00 00 00 00 00 00 16 80 bc 56 00 51 00 00 24 b3 00 
00 b4 00 21 00 00 00 00 00 00 00 00 16 80 bc 56 00 52 00 00 24 b3 00 00 09 04 21 00 00 00 00 00 
00 00 00 16 80 bc 56 00 53 00 00 24 b3 00 00 15 04 02 00 00 00 00 00 00 00 00 
....I........................^....V.!......~.............V."....................V.#......A.(....
.......V.$....................V.%....................V.F......~.............V.G.................
...V.H......A.(...........V.I....................V.J....................V.&....................V
.'....................V.(....................V.)....................V.K....................V.L..
..................V.M....................V.N....................V.*..$.................V.+..$...
..............V.,..$.....!...........V.-..$.....!...........V....$.................V./..$.....!.
..........V.O..$.................V.P..$.................V.Q..$.....!...........V.R..$.....!.....
......V.S..$..............

Client->GAME [11:10:31 07/23/09] packet size: 1 CRYPTED, Flags: 1f ServerSeq: 5 ClientSeq: 5
02 
.

GAME->Client [11:10:31 07/23/09] packet size: 721 CRYPTED, Flags: f ServerSeq: 6 ClientSeq: 4
02 03 01 00 08 9c 1b 9b 08 f0 34 af cd ab 02 09 00 00 00 00 dd c8 ef c0 00 00 00 00 00 c0 57 40 
00 00 00 e0 45 a8 d2 40 00 00 00 00 7f 0d 72 3f 00 00 00 00 df b0 a6 3e 0d 00 00 01 00 0c 68 a7 
80 cd ab 01 01 00 00 00 c0 1c 0d ef c0 00 00 00 80 14 6e 4a 40 00 00 00 20 f5 82 d0 40 0b 00 00 
01 00 08 db b5 9a 08 f0 34 f5 cd ab 01 01 00 00 00 00 80 7e ef c0 00 00 00 80 0a bc 57 40 00 00 
00 00 00 ad d1 40 09 00 00 01 00 08 50 02 81 08 f0 34 44 cd ab 02 09 00 00 00 c0 94 95 f0 c0 00 
00 00 00 00 40 60 40 00 00 00 80 59 95 cf 40 00 00 00 00 e8 0d c8 3e 00 00 00 00 35 a6 6b 3f 07 
00 00 01 00 0c f7 bb 83 cd ab 02 05 00 00 00 00 8f c2 f5 be 00 00 00 00 52 b8 5e bf 00 00 00 00 
40 6e f0 c0 00 00 00 00 00 c0 57 40 00 00 00 00 00 32 c9 40 05 00 00 01 00 0c 14 a8 82 cd ab 02 
05 00 00 00 00 9a 99 59 bf 00 00 00 00 b8 1e 05 bf 00 00 00 00 40 6e f0 c0 00 00 00 00 00 c0 57 
40 00 00 00 00 00 fa c9 40 03 00 00 00 00 04 01 00 7b 12 16 80 bc 56 00 54 00 00 24 b3 00 00 b5 
00 21 00 00 00 00 00 00 00 00 16 80 bc 56 00 30 00 00 95 a7 00 00 b4 00 12 00 00 00 01 00 00 00 
00 16 80 bc 56 00 31 00 00 95 a7 00 00 b5 00 12 00 00 00 01 00 00 00 00 16 80 bc 56 00 32 00 00 
95 a7 00 00 09 04 12 00 00 00 01 00 00 00 00 16 80 bc 56 00 33 00 00 95 a7 00 00 70 00 0f 00 00 
00 01 00 00 00 00 16 80 bc 56 00 55 00 00 95 a7 00 00 b4 00 12 00 00 00 00 00 00 00 00 16 80 bc 
56 00 56 00 00 95 a7 00 00 b5 00 12 00 00 00 00 00 00 00 00 16 80 bc 56 00 57 00 00 95 a7 00 00 
09 04 12 00 00 00 00 00 00 00 00 16 80 bc 56 00 58 00 00 95 a7 00 00 70 00 0f 00 00 00 00 00 00 
00 00 16 80 bc 56 00 34 00 00 2c b3 00 00 17 04 01 00 00 00 01 00 00 00 00 16 80 bc 56 00 35 00 
00 2c b3 00 00 b4 00 21 00 00 00 01 00 00 00 00 16 80 bc 56 00 36 00 00 2c b3 00 00 09 04 21 00 
00 00 01 00 00 00 00 16 80 bc 56 00 37 00 00 2c b3 00 00 12 04 02 00 00 00 01 00 00 00 00 16 80 
bc 56 00 38 00 00 2c b3 00 00 07 04 02 00 00 00 01 00 00 00 00 16 80 bc 56 00 39 00 00 2c b3 00 
00 b5 00 21 00 00 00 01 00 00 00 00 16 80 bc 56 00 59 00 00 2c b3 00 00 17 04 01 00 00 00 00 00 
00 00 00 16 80 bc 56 00 5a 00 00 2c b3 00 00 b4 00 21 00 00 00 00 00 00 00 00 16 80 bc 56 00 5b 
00 00 2c b3 00 00 09 04 21 00 00 00 00 00 00 00 00 
..........4...................W@....E..@......r?.......>......h...................nJ@... ...@...
........4..........~........W@.......@......P....4D.................@`@....Y..@.......>....5.k?.
........................R.^.....@n........W@.....2.@...................Y.............@n........W
@.......@........{....V.T..$.....!...........V.0....................V.1....................V.2..
..................V.3......p.............V.U....................V.V....................V.W......
..............V.X......p.............V.4..,.................V.5..,.....!...........V.6..,.....!.
..........V.7..,.................V.8..,.................V.9..,.....!...........V.Y..,...........
......V.Z..,.....!...........V.[..,.....!........

Client->GAME [11:10:31 07/23/09] packet size: 1 CRYPTED, Flags: 3f ServerSeq: 6 ClientSeq: 6
02 
.

GAME->Client [11:10:32 07/23/09] packet size: 713 CRYPTED, Flags: 1f ServerSeq: 7 ClientSeq: 5
02 04 02 00 8d 11 16 80 bc 56 00 5c 00 00 2c b3 00 00 12 04 02 00 00 00 00 00 00 00 00 16 80 bc 
56 00 5d 00 00 2c b3 00 00 07 04 02 00 00 00 00 00 00 00 00 16 80 bc 56 00 5e 00 00 2c b3 00 00 
b5 00 21 00 00 00 00 00 00 00 00 16 80 bc 56 00 3a 00 00 c3 b2 00 00 89 02 02 00 00 00 01 00 00 
00 00 16 80 bc 56 00 3b 00 00 c3 b2 00 00 21 04 02 00 00 00 01 00 00 00 00 16 80 bc 56 00 3c 00 
00 c3 b2 00 00 b4 00 1f 00 00 00 01 00 00 00 00 16 80 bc 56 00 3d 00 00 c3 b2 00 00 09 04 1f 00 
00 00 01 00 00 00 00 16 80 bc 56 00 3e 00 00 c3 b2 00 00 1e 04 01 00 00 00 01 00 00 00 00 16 80 
bc 56 00 3f 00 00 c3 b2 00 00 9d 00 1f 00 00 00 01 00 00 00 00 16 80 bc 56 00 5f 00 00 c3 b2 00 
00 89 02 02 00 00 00 00 00 00 00 00 16 80 bc 56 00 60 00 00 c3 b2 00 00 21 04 02 00 00 00 00 00 
00 00 00 16 80 bc 56 00 61 00 00 c3 b2 00 00 b4 00 1f 00 00 00 00 00 00 00 00 16 80 bc 56 00 62 
00 00 c3 b2 00 00 09 04 1f 00 00 00 00 00 00 00 00 16 80 bc 56 00 63 00 00 c3 b2 00 00 1e 04 01 
00 00 00 00 00 00 00 00 16 80 bc 56 00 64 00 00 c3 b2 00 00 9d 00 1f 00 00 00 00 00 00 00 00 04 
80 b3 11 00 16 80 bc 45 03 11 00 00 02 00 00 00 11 00 32 00 00 00 01 00 00 00 00 00 9e 0f 16 80 
bc 45 00 02 00 00 02 00 00 00 cc 00 0c 00 00 00 01 00 00 00 00 08 80 b2 11 00 32 00 08 02 16 80 
bc 45 03 11 00 00 02 00 00 00 11 00 32 00 00 00 00 00 00 00 00 16 80 bc 55 00 65 00 00 02 00 00 
00 cc 00 0c 00 00 00 00 00 00 00 00 16 80 bc 45 00 03 00 00 0b 00 00 00 37 02 96 00 00 00 01 00 
00 00 00 16 80 bc 55 00 66 00 00 0b 00 00 00 37 02 96 00 00 00 00 00 00 00 00 16 80 bc 45 00 04 
00 00 2d 00 00 00 23 04 0a 00 00 00 01 00 00 00 00 16 80 bc 45 00 05 00 00 2d 00 00 00 20 04 0a 
00 00 00 01 00 00 00 00 16 80 bc 45 00 06 00 00 2d 00 00 00 19 04 05 00 00 00 01 00 00 00 00 16 
80 bc 45 00 07 00 00 2d 00 00 00 42 04 05 00 00 00 01 00 00 00 00 16 80 bc 55 00 67 00 00 2d 00 
00 00 23 04 0a 00 00 00 00 00 00 00 00 16 80 bc 55 00 68 00 00 2d 00 00 00 20 04 0a 00 00 00 00 
00 00 00 00 16 80 bc 55 00 69 00 00 2d 00 00 00 19 04 05 00 00 00 00 00 00 00 00 16 80 bc 55 00 
6a 00 00 2d 00 00 00 42 04 05 00 00 00 00 00 00 00 00 16 80 bc 45 00 08 00 00 34 00 00 00 83 02 
c8 00 00 00 01 00 00 00 00 
.........V.\..,.................V.]..,.................V.^..,.....!...........V.:...............
.....V.;......!.............V.<....................V.=....................V.>...................
.V.?....................V._....................V.`......!.............V.a....................V.b
....................V.c....................V.d.........................E..........2.............
.E........................2......E..........2...........U.e....................E........7.......
......U.f......7.............E....-...#.............E....-... .............E....-...............
..E....-...B.............U.g..-...#.............U.h..-... .............U.i..-.................U.
j..-...B.............E....4..............

Client->GAME [11:10:32 07/23/09] packet size: 1 CRYPTED, Flags: 7f ServerSeq: 7 ClientSeq: 7
02 
.

GAME->Client [11:10:32 07/23/09] packet size: 692 CRYPTED, Flags: 3f ServerSeq: 8 ClientSeq: 6
02 04 01 00 ad 22 16 80 bc 55 00 6b 00 00 34 00 00 00 83 02 c8 00 00 00 00 00 00 00 00 04 80 b3 
3d 04 16 80 bc 45 03 3d 04 00 43 00 00 00 3d 04 00 00 00 00 01 00 00 00 00 08 80 b2 3d 04 00 00 
08 02 16 80 bc 45 03 3d 04 00 43 00 00 00 3d 04 00 00 00 00 00 00 00 00 00 16 80 bc 45 00 09 00 
00 4b 00 00 00 1f 04 19 00 00 00 01 00 00 00 00 16 80 bc 55 00 6c 00 00 4b 00 00 00 1f 04 19 00 
00 00 00 00 00 00 00 16 80 bc 45 00 0a 00 00 5f 00 00 00 7c 04 0f 00 00 00 01 00 00 00 00 16 80 
bc 45 00 0b 00 00 5f 00 00 00 07 04 0f 00 00 00 01 00 00 00 00 16 80 bc 55 00 6d 00 00 5f 00 00 
00 7c 04 0f 00 00 00 00 00 00 00 00 16 80 bc 55 00 6e 00 00 5f 00 00 00 07 04 0f 00 00 00 00 00 
00 00 00 16 80 bc 45 00 0c 00 00 62 00 00 00 06 04 01 00 00 00 01 00 00 00 00 04 80 b3 35 04 16 
80 bc 45 03 35 04 00 62 00 00 00 35 04 00 00 00 00 01 00 00 00 00 16 80 bc 45 00 0d 00 00 62 00 
00 00 15 04 01 00 00 00 01 00 00 00 00 16 80 bc 55 00 6f 00 00 62 00 00 00 06 04 01 00 00 00 00 
00 00 00 00 08 80 b2 35 04 00 00 08 02 16 80 bc 45 03 35 04 00 62 00 00 00 35 04 00 00 00 00 00 
00 00 00 00 16 80 bc 55 00 70 00 00 62 00 00 00 15 04 01 00 00 00 00 00 00 00 00 16 80 bc 45 00 
0e 00 00 a5 00 00 00 c0 02 05 00 00 00 01 00 00 00 00 16 80 bc 55 00 71 00 00 a5 00 00 00 c0 02 
05 00 00 00 00 00 00 00 00 16 80 bc 45 00 0f 00 00 d7 00 00 00 bf 02 05 00 00 00 01 00 00 00 00 
16 80 bc 55 00 72 00 00 d7 00 00 00 bf 02 05 00 00 00 00 00 00 00 00 16 80 bc 45 00 10 00 00 2a 
01 00 00 7e 02 04 00 00 00 01 00 00 00 00 16 80 bc 45 00 11 00 00 2a 01 00 00 cc 00 00 00 00 00 
01 00 00 00 00 16 80 bc 55 00 73 00 00 2a 01 00 00 7e 02 04 00 00 00 00 00 00 00 00 16 80 bc 55 
00 74 00 00 2a 01 00 00 cc 00 00 00 00 00 00 00 00 00 00 04 80 b3 3e 04 16 80 bc 45 03 3e 04 00 
4f 01 00 00 3e 04 00 00 00 00 01 00 00 00 00 08 80 b2 3e 04 00 00 08 02 16 80 bc 45 03 3e 04 00 
4f 01 00 00 3e 04 00 00 00 00 00 00 00 00 00 16 80 bc 45 00 12 00 00 5a 01 00 00 07 04 05 00 00 
00 01 00 00 00 00 16 80 bc 45 00 13 00 00 5a 01 00 00 1d 04 0f 00 00 00 01 00 00 00 00 16 80 bc 
55 00 75 00 00 5a 01 00 00 07 04 05 00 00 00 00 00 00 00 00 
....."...U.k..4.................=....E.=..C...=.............=........E.=..C...=.............E...
.K.................U.l..K.................E...._...|.............E...._.................U.m.._..
.|.............U.n.._.................E....b.................5....E.5..b...5.............E....b.
................U.o..b.................5........E.5..b...5.............U.p..b.................E.
.....................U.q....................E......................U.r....................E....*
...~.............E....*.................U.s..*...~.............U.t..*.................>....E.>..
O...>.............>........E.>..O...>.............E....Z.................E....Z.................
U.u..Z..............

Client->GAME [11:10:32 07/23/09] packet size: 1 CRYPTED, Flags: 7f ServerSeq: 8 ClientSeq: 8
02 
.

GAME->Client [11:10:32 07/23/09] packet size: 704 CRYPTED, Flags: 7f ServerSeq: 9 ClientSeq: 7
02 04 02 00 cf 15 16 80 bc 55 00 76 00 00 5a 01 00 00 1d 04 0f 00 00 00 00 00 00 00 00 04 80 b3 
3f 04 16 80 bc 45 03 3f 04 00 64 01 00 00 3f 04 00 00 00 00 01 00 00 00 00 16 80 bc 45 00 14 00 
00 64 01 00 00 1f 04 05 00 00 00 01 00 00 00 00 08 80 b2 3f 04 00 00 08 02 16 80 bc 45 03 3f 04 
00 64 01 00 00 3f 04 00 00 00 00 00 00 00 00 00 16 80 bc 55 00 77 00 00 64 01 00 00 1f 04 05 00 
00 00 00 00 00 00 00 16 80 bc 45 00 15 00 00 66 01 00 00 7b 04 05 00 00 00 01 00 00 00 00 16 80 
bc 45 00 16 00 00 66 01 00 00 12 04 0a 00 00 00 01 00 00 00 00 16 80 bc 45 00 17 00 00 66 01 00 
00 06 04 0b 00 00 00 01 00 00 00 00 16 80 bc 55 00 78 00 00 66 01 00 00 7b 04 05 00 00 00 00 00 
00 00 00 16 80 bc 55 00 79 00 00 66 01 00 00 12 04 0a 00 00 00 00 00 00 00 00 16 80 bc 55 00 7a 
00 00 66 01 00 00 06 04 0b 00 00 00 00 00 00 00 00 16 80 bc 45 00 18 00 00 8e 01 00 00 03 04 05 
00 00 00 01 00 00 00 00 16 80 bc 45 00 19 00 00 8e 01 00 00 12 04 0f 00 00 00 01 00 00 00 00 16 
80 bc 45 00 1a 00 00 8e 01 00 00 77 04 05 00 00 00 01 00 00 00 00 16 80 bc 55 00 7b 00 00 8e 01 
00 00 03 04 05 00 00 00 00 00 00 00 00 16 80 bc 55 00 7c 00 00 8e 01 00 00 12 04 0f 00 00 00 00 
00 00 00 00 16 80 bc 55 00 7d 00 00 8e 01 00 00 77 04 05 00 00 00 00 00 00 00 00 16 80 bc 45 00 
1b 00 00 cd 01 00 00 e5 03 05 00 00 00 01 00 00 00 00 16 80 bc 45 00 1c 00 00 cd 01 00 00 73 04 
05 00 00 00 01 00 00 00 00 00 e4 0c 16 80 bc 45 00 1d 00 00 cd 01 00 00 e3 03 0f 00 00 00 01 00 
00 00 00 16 80 bc 55 00 7e 00 00 cd 01 00 00 e5 03 05 00 00 00 00 00 00 00 00 16 80 bc 55 00 7f 
00 00 cd 01 00 00 73 04 05 00 00 00 00 00 00 00 00 16 80 bc 55 00 80 00 00 cd 01 00 00 e3 03 0f 
00 00 00 00 00 00 00 00 04 80 b3 40 04 16 80 bc 45 03 40 04 00 d5 01 00 00 40 04 00 00 00 00 01 
00 00 00 00 16 80 bc 45 00 1e 00 00 d5 01 00 00 e3 03 05 00 00 00 01 00 00 00 00 08 80 b2 40 04 
00 00 08 02 16 80 bc 45 03 40 04 00 d5 01 00 00 40 04 00 00 00 00 00 00 00 00 00 16 80 bc 55 00 
81 00 00 d5 01 00 00 e3 03 05 00 00 00 00 00 00 00 00 16 80 bc 45 00 1f 00 00 36 02 00 00 37 02 
0a 00 00 00 01 00 00 00 00 16 80 bc 55 00 82 00 00 36 02 00 00 37 02 0a 00 00 00 00 00 00 00 00 
.........U.v..Z.................?....E.?..d...?.............E....d.................?........E.?.
.d...?.............U.w..d.................E....f...{.............E....f.................E....f..
...............U.x..f...{.............U.y..f.................U.z..f.................E...........
...........E......................E........w.............U.{....................U.|.............
.......U.}......w.............E......................E........s................E................
......U.~....................U........s.............U......................@....E.@......@......
.......E......................@........E.@......@.............U......................E....6...7.
............U....6...7..........

Client->GAME [11:10:32 07/23/09] packet size: 1 CRYPTED, Flags: 7f ServerSeq: 9 ClientSeq: 9
02 
.

GAME->Client [11:10:32 07/23/09] packet size: 711 CRYPTED, Flags: 7f ServerSeq: 10 ClientSeq: 8
02 04 01 00 f0 1b 16 80 bc 45 00 20 00 00 74 02 00 00 34 02 1e 00 00 00 01 00 00 00 00 16 80 bc 
55 00 83 00 00 74 02 00 00 34 02 1e 00 00 00 00 00 00 00 00 16 80 bc 15 00 84 00 00 11 00 00 00 
ab 00 0d 00 00 00 00 00 00 00 00 16 80 bc 15 00 85 00 00 11 00 00 00 0a 02 4d 00 00 00 00 00 00 
00 00 16 80 bc 15 00 86 00 00 11 00 00 00 f2 03 34 00 00 00 00 00 00 00 00 16 80 bc 15 00 87 00 
00 11 00 00 00 ed 03 4d 00 00 00 00 00 00 00 00 16 80 bc 15 00 88 00 00 11 00 00 00 9f 00 19 00 
00 00 00 00 00 00 00 16 80 bc 15 00 89 00 00 11 00 00 00 f1 03 34 00 00 00 00 00 00 00 00 16 80 
bc 15 00 8a 00 00 11 00 00 00 0c 02 34 00 00 00 00 00 00 00 00 16 80 bc 15 00 8b 00 00 11 00 00 
00 b7 00 4c 00 00 00 00 00 00 00 00 16 80 bc 15 00 8c 00 00 11 00 00 00 f3 03 46 00 00 00 00 00 
00 00 00 0b 80 bd 05 11 00 00 00 00 00 00 01 16 80 bc 11 00 8d 00 00 00 00 00 00 cb 02 00 00 00 
00 00 00 00 00 00 17 3a 05 00 11 00 0a 00 50 76 50 53 65 72 76 65 72 00 04 00 06 00 00 00 1d 3a 
05 00 17 00 10 00 50 76 50 4d 61 78 53 61 66 65 4c 65 76 65 6c 00 04 00 0f 00 00 00 3e 3a 05 00 
14 00 0d 00 57 52 5f 52 65 7a 45 76 65 6e 74 73 00 28 00 48 61 6c 6c 6f 77 65 65 6e 5f 45 76 65 
6e 74 2c 57 69 6e 74 65 72 33 48 61 6c 6c 6f 77 65 65 6e 46 6c 79 54 53 45 43 00 1b 3a 05 00 19 
00 12 00 45 76 65 6e 74 53 6c 6f 74 31 5f 45 66 66 65 63 74 00 00 00 28 3a 05 00 19 00 12 00 45 
76 65 6e 74 53 6c 6f 74 32 5f 45 66 66 65 63 74 00 0d 00 66 6c 79 6d 61 6e 5f 69 64 6c 65 33 00 
25 3a 05 00 19 00 12 00 45 76 65 6e 74 53 6c 6f 74 33 5f 45 66 66 65 63 74 00 0a 00 66 6c 79 5f 
76 69 72 75 73 00 1f 3a 05 00 1b 00 14 00 46 69 78 65 64 42 69 6e 6b 49 44 4f 76 65 72 72 69 64 
65 00 02 00 20 00 16 80 bc 15 00 40 00 00 f7 03 00 00 08 02 00 00 00 00 00 00 00 00 00 16 80 bc 
15 00 41 00 00 f7 03 00 00 07 02 ec ff ff ff 00 00 00 00 00 16 80 bc 15 00 42 00 00 f7 03 00 00 
50 04 00 00 00 00 00 00 00 00 00 16 80 bc 15 00 43 00 00 f7 03 00 00 f4 03 00 00 00 00 00 00 00 
00 00 16 80 bc 15 00 44 00 00 f7 03 00 00 51 04 f6 ff ff ff 00 00 00 00 00 16 80 bc 15 00 45 00 
00 f7 03 00 00 52 04 0f 00 00 00 00 00 00 00 00 16 80 bc 56 00 46 00 00 c5 a7 00 00 7e 02 16 00 
00 00 00 00 00 00 00 
.........E. ..t...4.............U....t...4...............................................M......
................4......................M.............................................4..........
............4......................L......................F.....................................
.......:......PvPServer........:......PvPMaxSafeLevel.......>:......WR_RezEvents.(.Halloween_Eve
nt,Winter3HalloweenFlyTSEC..:......EventSlot1_Effect...(:......EventSlot2_Effect...flyman_idle3.
%:......EventSlot3_Effect...fly_virus..:......FixedBinkIDOverride... ......@....................
..A......................B......P...............C......................D......Q...............E.
.....R.............V.F......~..........

Client->GAME [11:10:32 07/23/09] packet size: 25 CRYPTED, Flags: 7f ServerSeq: 10 ClientSeq: 10
02 04 01 00 06 01 12 80 c9 01 00 c0 47 00 88 90 c7 00 00 20 41 00 88 10 47 
............G...... A...G

GAME->Client [11:10:32 07/23/09] packet size: 699 CRYPTED, Flags: 7f ServerSeq: 11 ClientSeq: 9
02 04 02 01 0b 16 16 80 bc 56 00 47 00 00 c5 a7 00 00 cc 00 19 00 00 00 00 00 00 00 00 16 80 bc 
56 00 48 00 00 c5 a7 00 00 41 02 28 00 00 00 00 00 00 00 00 16 80 bc 56 00 49 00 00 c5 a7 00 00 
09 04 16 00 00 00 00 00 00 00 00 16 80 bc 56 00 4a 00 00 c5 a7 00 00 16 04 01 00 00 00 00 00 00 
00 00 16 80 bc 56 00 4b 00 00 95 b7 00 00 b4 00 16 00 00 00 00 00 00 00 00 16 80 bc 56 00 4c 00 
00 95 b7 00 00 09 04 16 00 00 00 00 00 00 00 00 16 80 bc 56 00 4d 00 00 95 b7 00 00 9d 00 16 00 
00 00 00 00 00 00 00 16 80 bc 56 00 4e 00 00 95 b7 00 00 b5 00 16 00 00 00 00 00 00 00 00 16 80 
bc 56 00 4f 00 00 24 b3 00 00 89 02 02 00 00 00 00 00 00 00 00 16 80 bc 56 00 50 00 00 24 b3 00 
00 1a 04 01 00 00 00 00 00 00 00 00 16 80 bc 56 00 51 00 00 24 b3 00 00 b4 00 21 00 00 00 00 00 
00 00 00 16 80 bc 56 00 52 00 00 24 b3 00 00 09 04 21 00 00 00 00 00 00 00 00 16 80 bc 56 00 53 
00 00 24 b3 00 00 15 04 02 00 00 00 00 00 00 00 00 16 80 bc 56 00 54 00 00 24 b3 00 00 b5 00 21 
00 00 00 00 00 00 00 00 16 80 bc 56 00 55 00 00 95 a7 00 00 b4 00 12 00 00 00 00 00 00 00 00 16 
80 bc 56 00 56 00 00 95 a7 00 00 b5 00 12 00 00 00 00 00 00 00 00 16 80 bc 56 00 57 00 00 95 a7 
00 00 09 04 12 00 00 00 00 00 00 00 00 16 80 bc 56 00 58 00 00 95 a7 00 00 70 00 0f 00 00 00 00 
00 00 00 00 16 80 bc 56 00 59 00 00 2c b3 00 00 17 04 01 00 00 00 00 00 00 00 00 16 80 bc 56 00 
5a 00 00 2c b3 00 00 b4 00 21 00 00 00 00 00 00 00 00 16 80 bc 56 00 5b 00 00 2c b3 00 00 09 04 
21 00 00 00 00 00 00 00 00 16 80 bc 56 00 5c 00 00 2c b3 00 00 12 04 02 00 00 00 00 00 00 00 00 
01 21 08 16 80 bc 56 00 5d 00 00 2c b3 00 00 07 04 02 00 00 00 00 00 00 00 00 16 80 bc 56 00 5e 
00 00 2c b3 00 00 b5 00 21 00 00 00 00 00 00 00 00 16 80 bc 56 00 5f 00 00 c3 b2 00 00 89 02 02 
00 00 00 00 00 00 00 00 16 80 bc 56 00 60 00 00 c3 b2 00 00 21 04 02 00 00 00 00 00 00 00 00 16 
80 bc 56 00 61 00 00 c3 b2 00 00 b4 00 1f 00 00 00 00 00 00 00 00 16 80 bc 56 00 62 00 00 c3 b2 
00 00 09 04 1f 00 00 00 00 00 00 00 00 16 80 bc 56 00 63 00 00 c3 b2 00 00 1e 04 01 00 00 00 00 
00 00 00 00 16 80 bc 56 00 64 00 00 c3 b2 00 00 9d 00 1f 00 00 00 00 00 00 00 00 
.........V.G....................V.H......A.(...........V.I....................V.J...............
.....V.K....................V.L....................V.M....................V.N...................
.V.O..$.................V.P..$.................V.Q..$.....!...........V.R..$.....!...........V.S
..$.................V.T..$.....!...........V.U....................V.V....................V.W....
................V.X......p.............V.Y..,.................V.Z..,.....!...........V.[..,.....
!...........V.\..,...............!....V.]..,.................V.^..,.....!...........V._.........
...........V.`......!.............V.a....................V.b....................V.c.............
.......V.d.................

Client->GAME [11:10:32 07/23/09] packet size: 44 CRYPTED, Flags: 7f ServerSeq: 11 ClientSeq: 11
02 04 01 00 07 02 12 80 c9 06 00 30 0e 00 88 90 c7 00 00 b4 c2 00 40 9c 45 12 80 c9 06 00 b0 10 
00 60 6a c7 00 00 b4 c2 00 40 9c 45 
...........0..........@.E........`j......@.E

GAME->Client [11:10:32 07/23/09] packet size: 696 CRYPTED, Flags: 7f ServerSeq: 12 ClientSeq: 10
02 04 01 01 29 1e 16 80 bc 55 00 65 00 00 02 00 00 00 cc 00 0c 00 00 00 00 00 00 00 00 16 80 bc 
55 00 66 00 00 0b 00 00 00 37 02 96 00 00 00 00 00 00 00 00 16 80 bc 55 00 67 00 00 2d 00 00 00 
23 04 0a 00 00 00 00 00 00 00 00 16 80 bc 55 00 68 00 00 2d 00 00 00 20 04 0a 00 00 00 00 00 00 
00 00 16 80 bc 55 00 69 00 00 2d 00 00 00 19 04 05 00 00 00 00 00 00 00 00 16 80 bc 55 00 6a 00 
00 2d 00 00 00 42 04 05 00 00 00 00 00 00 00 00 16 80 bc 55 00 6b 00 00 34 00 00 00 83 02 c8 00 
00 00 00 00 00 00 00 16 80 bc 55 00 6c 00 00 4b 00 00 00 1f 04 19 00 00 00 00 00 00 00 00 16 80 
bc 55 00 6d 00 00 5f 00 00 00 7c 04 0f 00 00 00 00 00 00 00 00 16 80 bc 55 00 6e 00 00 5f 00 00 
00 07 04 0f 00 00 00 00 00 00 00 00 16 80 bc 55 00 6f 00 00 62 00 00 00 06 04 01 00 00 00 00 00 
00 00 00 16 80 bc 55 00 70 00 00 62 00 00 00 15 04 01 00 00 00 00 00 00 00 00 16 80 bc 55 00 71 
00 00 a5 00 00 00 c0 02 05 00 00 00 00 00 00 00 00 16 80 bc 55 00 72 00 00 d7 00 00 00 bf 02 05 
00 00 00 00 00 00 00 00 16 80 bc 55 00 73 00 00 2a 01 00 00 7e 02 04 00 00 00 00 00 00 00 00 16 
80 bc 55 00 74 00 00 2a 01 00 00 cc 00 00 00 00 00 00 00 00 00 00 16 80 bc 55 00 75 00 00 5a 01 
00 00 07 04 05 00 00 00 00 00 00 00 00 16 80 bc 55 00 76 00 00 5a 01 00 00 1d 04 0f 00 00 00 00 
00 00 00 00 16 80 bc 55 00 77 00 00 64 01 00 00 1f 04 05 00 00 00 00 00 00 00 00 16 80 bc 55 00 
78 00 00 66 01 00 00 7b 04 05 00 00 00 00 00 00 00 00 16 80 bc 55 00 79 00 00 66 01 00 00 12 04 
0a 00 00 00 00 00 00 00 00 16 80 bc 55 00 7a 00 00 66 01 00 00 06 04 0b 00 00 00 00 00 00 00 00 
16 80 bc 55 00 7b 00 00 8e 01 00 00 03 04 05 00 00 00 00 00 00 00 00 16 80 bc 55 00 7c 00 00 8e 
01 00 00 12 04 0f 00 00 00 00 00 00 00 00 16 80 bc 55 00 7d 00 00 8e 01 00 00 77 04 05 00 00 00 
00 00 00 00 00 16 80 bc 55 00 7e 00 00 cd 01 00 00 e5 03 05 00 00 00 00 00 00 00 00 16 80 bc 55 
00 7f 00 00 cd 01 00 00 73 04 05 00 00 00 00 00 00 00 00 16 80 bc 55 00 80 00 00 cd 01 00 00 e3 
03 0f 00 00 00 00 00 00 00 00 16 80 bc 55 00 81 00 00 d5 01 00 00 e3 03 05 00 00 00 00 00 00 00 
00 16 80 bc 55 00 82 00 00 36 02 00 00 37 02 0a 00 00 00 00 00 00 00 00 
....)....U.e....................U.f......7.............U.g..-...#.............U.h..-... ........
.....U.i..-.................U.j..-...B.............U.k..4.................U.l..K................
.U.m.._...|.............U.n.._.................U.o..b.................U.p..b.................U.q
....................U.r....................U.s..*...~.............U.t..*.................U.u..Z.
................U.v..Z.................U.w..d.................U.x..f...{.............U.y..f.....
............U.z..f.................U.{....................U.|....................U.}......w.....
........U.~....................U........s.............U......................U..................
....U....6...7..........

Client->GAME [11:10:32 07/23/09] packet size: 1 CRYPTED, Flags: 7f ServerSeq: 12 ClientSeq: 12
02 
.

GAME->Client [11:10:32 07/23/09] packet size: 475 CRYPTED, Flags: 7f ServerSeq: 13 ClientSeq: 11
02 04 01 01 47 13 16 80 bc 55 00 83 00 00 74 02 00 00 34 02 1e 00 00 00 00 00 00 00 00 16 80 bc 
15 00 84 00 00 11 00 00 00 ab 00 0d 00 00 00 00 00 00 00 00 16 80 bc 15 00 85 00 00 11 00 00 00 
0a 02 4d 00 00 00 00 00 00 00 00 16 80 bc 15 00 86 00 00 11 00 00 00 f2 03 34 00 00 00 00 00 00 
00 00 16 80 bc 15 00 87 00 00 11 00 00 00 ed 03 4d 00 00 00 00 00 00 00 00 16 80 bc 15 00 88 00 
00 11 00 00 00 9f 00 19 00 00 00 00 00 00 00 00 16 80 bc 15 00 89 00 00 11 00 00 00 f1 03 34 00 
00 00 00 00 00 00 00 16 80 bc 15 00 8a 00 00 11 00 00 00 0c 02 34 00 00 00 00 00 00 00 00 16 80 
bc 15 00 8b 00 00 11 00 00 00 b7 00 4c 00 00 00 00 00 00 00 00 16 80 bc 15 00 8c 00 00 11 00 00 
00 f3 03 46 00 00 00 00 00 00 00 00 16 80 bc 11 00 8d 00 00 00 00 00 00 cb 02 00 00 00 00 00 00 
00 00 00 16 80 bc 45 03 11 00 00 02 00 00 00 11 00 32 00 00 00 00 00 00 00 00 16 80 bc 45 03 35 
04 00 62 00 00 00 35 04 00 00 00 00 00 00 00 00 00 16 80 bc 45 03 3d 04 00 43 00 00 00 3d 04 00 
00 00 00 00 00 00 00 00 16 80 bc 45 03 3e 04 00 4f 01 00 00 3e 04 00 00 00 00 00 00 00 00 00 16 
80 bc 45 03 3f 04 00 64 01 00 00 3f 04 00 00 00 00 00 00 00 00 00 16 80 bc 45 03 40 04 00 d5 01 
00 00 40 04 00 00 00 00 00 00 00 00 00 0b 80 bd 05 11 00 00 00 00 00 00 01 41 81 67 17 00 27 00 
1c 22 00 c6 01 11 00 00 00 00 00 00 00 37 00 00 08 0e 00 41 66 74 65 72 57 68 6f 72 75 4e 65 6f 
00 0e 00 41 66 74 65 72 57 68 6f 72 75 4e 65 6f 00 02 00 4d 00 00 00 00 00 00 00 
....G....U....t...4...............................................M......................4......
................M.............................................4......................4..........
............L......................F..................................E..........2...........E.5
..b...5.............E.=..C...=.............E.>..O...>.............E.?..d...?.............E.@....
..@......................A.g..'.."...........7.....AfterWhoruNeo...AfterWhoruNeo...M.......

Client->GAME [11:10:32 07/23/09] packet size: 1 CRYPTED, Flags: 7f ServerSeq: 13 ClientSeq: 13
02 
.

Client->GAME [11:10:32 07/23/09] packet size: 44 CRYPTED, Flags: 7f ServerSeq: 13 ClientSeq: 14
02 04 01 00 09 02 12 80 c9 07 00 e0 0a 00 1c a2 c7 00 00 20 41 00 50 c3 46 12 80 c9 0a 00 e0 0a 
00 d4 ad c7 00 00 48 44 00 c8 c3 46 
................... A.P.F.............HD...F

Client->GAME [11:10:33 07/23/09] packet size: 63 CRYPTED, Flags: 7f ServerSeq: 13 ClientSeq: 15
02 04 01 00 0b 03 12 80 c9 07 00 c0 37 00 f8 27 c7 00 00 20 41 00 e0 2b 46 12 80 c9 07 00 70 4b 
00 68 3f c7 00 00 cd 43 00 70 94 46 12 80 c9 0e 00 70 4b 00 08 4f c7 00 00 20 41 00 50 c3 46 
............7..'... A..+F.....pK.h?....C.p.F.....pK..O... A.P.F

GAME->Client [11:10:33 07/23/09] packet size: 5 CRYPTED, Flags: 7f ServerSeq: 14 ClientSeq: 14
82 a1 a3 10 49 
....I

Client->GAME [11:10:33 07/23/09] packet size: 1 CRYPTED, Flags: 7f ServerSeq: 14 ClientSeq: 16
02 
.

GAME->Client [11:10:33 07/23/09] packet size: 1 CRYPTED, Flags: 7f ServerSeq: 15 ClientSeq: 15
02 
.

Client->GAME [11:10:34 07/23/09] packet size: 25 CRYPTED, Flags: 7f ServerSeq: 15 ClientSeq: 17
02 04 01 00 0e 01 12 80 c9 07 00 90 27 00 1c a2 c7 00 00 20 41 00 40 9c c5 
............'...... A.@..

GAME->Client [11:10:34 07/23/09] packet size: 1 CRYPTED, Flags: 7f ServerSeq: 16 ClientSeq: 1
02 
.

Client->GAME [11:10:35 07/23/09] packet size: 44 CRYPTED, Flags: 7f ServerSeq: 0 ClientSeq: 18
02 04 01 00 0f 02 12 80 c9 03 00 a0 1c 00 b8 f1 c6 00 00 48 44 00 40 9c 45 12 80 c9 0b 00 a0 1c 
00 30 f2 c6 00 00 20 41 00 40 9c 45 
...................HD.@.E........0.... A.@.E

Client->GAME [11:10:35 07/23/09] packet size: 44 CRYPTED, Flags: 7f ServerSeq: 0 ClientSeq: 19
02 04 01 00 11 02 12 80 c9 0d 00 20 2e 00 5c c1 c7 00 00 48 44 00 60 9a c5 12 80 c9 15 00 20 2e 
00 5c c1 c7 00 00 20 41 00 40 9c c5 
........... ..\....HD.`....... ..\.... A.@..

GAME->Client [11:10:35 07/23/09] packet size: 5 CRYPTED, Flags: 7f ServerSeq: 17 ClientSeq: 2
82 c5 a3 10 49 
....I

Client->GAME [11:10:35 07/23/09] packet size: 1 CRYPTED, Flags: 7f ServerSeq: 1 ClientSeq: 20
02 
.

GAME->Client [11:10:35 07/23/09] packet size: 1 CRYPTED, Flags: 7f ServerSeq: 18 ClientSeq: 3
02 
.

Client->GAME [11:10:35 07/23/09] packet size: 25 CRYPTED, Flags: 7f ServerSeq: 2 ClientSeq: 21
02 04 01 00 13 01 12 80 c9 07 00 60 4b 00 58 18 c7 00 80 45 c4 00 e8 00 47 
...........`K.X....E....G

GAME->Client [11:10:35 07/23/09] packet size: 1 CRYPTED, Flags: 7f ServerSeq: 19 ClientSeq: 5
02 
.

Client->GAME [11:10:36 07/23/09] packet size: 44 CRYPTED, Flags: 7f ServerSeq: 3 ClientSeq: 22
02 04 01 00 14 02 12 80 c9 03 00 50 3d 00 9e b1 c7 00 00 48 44 00 60 6a c6 12 80 c9 03 00 40 00 
00 2e 9a c7 00 00 48 44 00 50 c3 c6 
...........P=......HD.`j......@.......HD.P..

GAME->Client [11:10:36 07/23/09] packet size: 1 CRYPTED, Flags: 7f ServerSeq: 20 ClientSeq: 6
02 
.

Client->GAME [11:10:36 07/23/09] packet size: 44 CRYPTED, Flags: 7f ServerSeq: 4 ClientSeq: 23
02 04 01 00 16 02 12 80 c9 03 00 40 53 00 04 30 c7 00 00 48 44 00 b0 b3 c6 12 80 c9 17 00 40 53 
00 38 47 c7 00 00 20 41 00 10 a4 c6 
...........@S..0...HD.........@S.8G... A....

GAME->Client [11:10:36 07/23/09] packet size: 5 CRYPTED, Flags: 7f ServerSeq: 21 ClientSeq: 7
82 df a3 10 49 
....I

Client->GAME [11:10:36 07/23/09] packet size: 1 CRYPTED, Flags: 7f ServerSeq: 5 ClientSeq: 24
02 
.

Client->GAME [11:10:37 07/23/09] packet size: 25 CRYPTED, Flags: 7f ServerSeq: 5 ClientSeq: 25
02 04 01 00 18 01 12 80 c9 07 00 a0 49 00 10 a4 c6 00 00 20 41 00 e0 2b c6 
............I...... A..+.

GAME->Client [11:10:37 07/23/09] packet size: 1 CRYPTED, Flags: 7f ServerSeq: 22 ClientSeq: 9
02 
.

Client->GAME [11:10:38 07/23/09] packet size: 82 CRYPTED, Flags: 7f ServerSeq: 6 ClientSeq: 26
02 04 01 00 19 04 12 80 c9 01 00 50 51 00 28 20 c7 00 00 20 41 00 20 cb c6 12 80 c9 25 00 50 51 
00 38 47 c7 00 00 20 41 00 20 cb c6 12 80 c9 03 00 d0 1f 00 1c 18 c7 00 00 48 44 00 88 10 c7 12 
80 c9 01 00 20 3e 00 30 f2 c6 00 00 20 41 00 20 cb c6 
...........PQ.( ... A. .....%.PQ.8G... A. ...............HD......... >.0.... A. ..

GAME->Client [11:10:38 07/23/09] packet size: 5 CRYPTED, Flags: 7f ServerSeq: 23 ClientSeq: 10
82 f5 a3 10 49 
....I

Client->GAME [11:10:38 07/23/09] packet size: 1 CRYPTED, Flags: 7f ServerSeq: 7 ClientSeq: 27
02 
.

