Client->MRGN [06:06:47 07/24/09] packet size: 317
81 3b 01 03 00 36 01 3a ae 29 b4 8f a7 05 cc 9e 37 70 af 5f 3c 36 3e 85 d1 86 db 08 e6 05 5d 88 
69 66 10 80 7a 2d 4e ef 16 10 cc a0 84 b5 54 78 85 23 7c 6a 6f 94 f7 ae ec d9 ff 56 20 dc c0 ed 
b8 99 00 b5 54 4c 61 c9 b2 45 11 f5 6e e0 ce 11 69 a7 af 1e e9 c4 78 8d de 33 23 eb 58 aa d8 9a 
b9 ec bc d6 ea ea d1 07 a9 78 91 7b be 36 4d e3 b6 a1 33 3c 1d e4 63 3f e1 57 09 9e 03 aa 16 f7 
ac b3 ce 6d c7 f9 e8 01 51 4e 79 00 43 72 61 73 68 4f 76 65 72 32 6b 00 00 00 00 00 00 00 00 00 
00 00 00 00 00 00 00 00 00 00 00 00 00 00 01 00 00 00 00 a0 35 69 4a 00 00 00 00 00 00 00 00 00 
00 00 00 00 00 00 00 00 00 00 00 00 00 00 00 00 00 00 00 00 00 00 00 00 17 ab 1c 76 11 3f 67 0e 
21 61 0c 22 04 2c af 5d e8 ce bd 77 a0 26 41 03 eb f8 14 22 f7 55 3e 47 46 6e c6 42 1e 7b e9 b3 
f3 3b fe f1 7b 18 b0 ae 84 3f c8 ea da 52 fd d0 2e c4 30 73 5f 44 c4 6f 79 d2 2e 95 4c 3d 4c 1d 
28 0f 4a a6 4a c8 01 af be 67 f1 b1 d7 7a 20 25 9a 51 93 b2 46 2c 76 04 07 cb 10 19 26 
.;...6.:.)......7p._<6>.......].if..z-N.......Tx.#|jo......V .......TLa..E..n...i.....x..3#.X...
.........x.{.6M...3<..c?.W.........m....QNy.CrashOver2k.............................5iJ.........
...........................v.?g.!a.".,.]...w.&A....".U>GFn.B.{...;..{....?...R....0s_D.oy...L=L.
(.J.J....g...z %.Q..F,v.....&

MRGN->Client [06:06:47 07/24/09] packet size: 102
65 02 03 00 60 00 a2 94 cb 7d 5f 6e 12 ac 38 1d 02 39 c4 b5 f5 f6 72 2f d4 8d ef e2 ad 0a ee 45 
a8 5e e1 01 76 5a f9 56 4c f7 88 c8 4f 27 80 2f d8 d6 3d 8f 10 d1 03 1b 5e eb 2c 18 51 57 9a 84 
de f5 18 0b c5 c5 b2 a9 d6 8c 7e d5 5d 9e ec 6d 87 31 d2 64 4e 10 1a 28 0c 27 2d 43 ee 5a d7 9d 
41 fc 2b 2e 60 4a 
e...`....}_n..8..9....r/.......E.^..vZ.VL...O'./..=.....^.,.QW............~.]..m.1.dN..(.'-C.Z..
A.+.`J

Client->MRGN [06:06:47 07/24/09] packet size: 49
30 d8 c1 43 33 f4 3f 0d 24 87 08 99 fc 9f 0d 29 35 76 46 ec 89 b9 90 0d c5 30 c1 ec 58 41 a8 86 
ff f7 4d 4f 70 12 1b f4 31 4d 07 63 c4 06 a7 6d c9 
0..C3.?.$......)5vF......0..XA....MOp...1M.c...m.

MRGN->Client [06:06:48 07/24/09] packet size: 33
20 c4 d9 1d f8 09 ac 73 b8 29 22 e9 80 2e 22 6e cc 60 7a 89 c6 94 9d 23 f1 2d 83 ef 25 af 51 a7 
b5 
 ......s.)"..."n.`z....#.-..%.Q..

Client->MRGN [06:06:48 07/24/09] packet size: 65
40 77 26 34 74 8e 78 6c c7 c1 86 58 6d 6f f0 74 41 af b6 57 5f 2f e9 a0 21 89 d0 e5 3b a3 7f c8 
df 75 a0 17 57 18 d0 7d e6 b8 78 4e 5c 9b 79 46 0e 65 51 52 ee 71 5b 47 38 e8 c5 91 ee 17 4a 85 
dd 
@w&4t.xl...Xmo.tA..W_/..!...;....u..W..}..xN\.yF.eQR.q[G8.....J..

MRGN->Client [06:06:48 07/24/09] packet size: 49
30 cf 16 b7 e2 b1 c2 45 07 b4 ec 1c 14 05 12 d9 2d d8 a2 3e 0e ac ec 3f 1b a0 8b 14 27 c0 98 f8 
64 09 8f d3 73 96 6b d9 9c 63 59 36 fc f7 c5 b7 04 
0......E........-..>...?....'...d...s.k..cY6.....

Client->MRGN [06:06:48 07/24/09] packet size: 49
30 63 5d c9 8e e3 1a e5 00 1d c5 ef fc 2d 03 91 2f f9 f8 c1 f6 b0 83 5e ff e4 f7 7d 4a a5 8b 95 
ff 84 c7 15 6c 03 af 25 18 53 d0 33 c5 27 46 33 86 
0c]..........-../......^...}J.......l..%.S.3.'F3.

MRGN->Client [06:06:48 07/24/09] packet size: 65
40 6a b5 89 51 1c 99 1a 45 82 31 9a 70 9a ea fa 77 b7 3d 37 4d 40 2c 6c 2c 08 93 37 e9 e4 b2 1d 
35 f4 9e ec d1 d2 8b 40 31 9c d9 61 a1 80 79 e0 e8 f8 15 b5 bd 50 93 de 28 c5 d1 57 4d a1 6b 81 
aa 
@j..Q...E.1.p...w.=7M@,l,..7....5......@1..a..y......P..(..WM.k..

Client->MRGN [06:06:48 07/24/09] packet size: 242
80 f0 69 a4 e8 4f e2 10 78 3d fa d0 6a 85 e1 e8 c7 e6 7c 27 3e 0a 00 01 9c c7 a2 f3 a4 51 ad 87 
a4 50 5f 6e 0b cd b2 3f 11 11 f6 c2 81 06 b6 68 a6 a8 4e f8 04 d9 67 a5 71 d1 16 b9 b6 2e 90 21 
f0 1f 57 af 38 e7 15 c8 fe 6a f6 c0 1b 00 15 ea 2b 12 fe d7 d3 21 7f 8b 20 44 17 a4 54 c6 79 e8 
c6 7c b5 ca 6f 29 b3 5c 1e 87 b9 66 7d 16 a0 b2 97 dc a0 7f 61 66 c1 e6 04 7b 09 88 92 af ad d9 
5d 0e 01 1a be 26 ce c5 cb aa a7 45 48 0a f2 4a b6 88 0e 3c f2 94 12 3b a1 d2 e9 d9 6e 5a 04 f3 
0f 88 6c b1 eb cf 8d a4 e1 61 7e 75 86 88 ec 46 0f 8e 00 96 0c c0 88 95 1d 73 ed a4 84 00 18 7b 
30 27 96 9a d9 eb 24 1b bb 38 11 9d 98 68 90 93 6e 38 db 88 3d db 5f b1 34 79 b0 f1 95 a9 52 eb 
84 10 a7 a7 52 4d 2a 09 a9 c8 41 ba 10 9f 5f 91 3e ec 
..i..O..x=..j.....|'>........Q...P_n...?.......h..N...g.q......!..W.8....j......+....!.. D..T.y.
.|..o).\...f}.......af...{......]....&.....EH..J...<...;....nZ....l......a~u...F.........s.....{
0'....$..8...h..n8..=._.4y....R.....RM*...A..._.>.

MRGN->Client [06:06:48 07/24/09] packet size: 6
00 00 00 00 00 00 
......

MRGN->Client [06:06:49 07/24/09] packet size: 49
30 d0 5b 48 92 36 d7 88 62 61 56 ea cb c9 07 a7 f1 ff 1b ae 7a d4 57 84 01 4e 90 ee 26 93 5b 81 
c5 8e 11 98 13 c9 d3 e4 80 58 e2 b2 b2 e6 e2 69 71 
0.[H.6..baV.........z.W..N..&.[..........X.....iq

MRGN->Client [06:06:49 07/24/09] packet size: 1250
84 e0 ea c2 5c b0 1f e3 eb fe 6c 69 42 3d 31 8e 7b d9 d6 41 cc 73 d8 7f c5 20 b3 43 3f 32 fe 16 
e7 14 70 af 44 12 a9 a4 28 ca 9c 8d 05 b0 8a 1a f3 0c 17 dc f5 38 23 ba 28 0c cc cd 22 43 55 fc 
1b 73 43 9b 6e 06 bf d1 b1 36 e0 43 6e f8 d5 50 24 46 05 45 ad b6 df 54 3b e6 10 25 c9 e6 aa 09 
48 ed 6f 7d 59 23 b7 e4 49 ea 37 07 5c 13 45 f7 e2 eb a2 45 6d c9 9c 9d 86 71 3d ca 98 76 3c 1a 
a5 45 35 23 ac 0f f7 8c 13 4b eb bd 5d f9 72 2f 5e fe 77 b1 7a 23 b8 94 7e 00 45 05 e4 97 1a eb 
f8 a3 a8 4a 8b a7 d1 24 76 41 25 92 e9 29 ba e3 31 25 e9 ed 5a 67 1a c5 3b b4 ba 82 96 00 1e f9 
af b5 00 25 56 c0 f1 1a 77 75 c5 34 5f 41 9f d3 36 9d 5d 2d c9 36 b6 5f e3 f7 60 6c 70 96 85 b9 
08 85 d8 d2 d7 92 b2 f4 ee 4e e1 e4 7d 39 cf fb 9c 56 19 4c ee a4 6e a9 81 93 7b 30 c6 b4 77 f1 
e5 ab fd 1f 55 6e 09 35 52 29 3e a9 7c 70 94 5d 2d 71 b3 70 aa 72 65 eb 23 90 ab 79 78 05 09 38 
99 02 1a a9 f7 26 c1 34 50 5d dd 2c 5a 09 4d 1c ed 9e 01 17 c2 52 b6 f9 7e 6c 86 6c 73 30 ee 3b 
b4 f1 19 68 b3 9f 0c 80 ec 61 68 e6 43 db 5f 84 94 0c cc 16 2e e5 09 e2 96 cd 91 cd 54 41 a8 5f 
03 84 7e a5 8f 06 2e 43 70 6f 50 d2 f7 b9 b8 4b 98 5e 08 c9 f0 57 ac 33 e2 30 05 a9 d7 b8 3d 10 
dd 6b bb 43 55 c0 39 f4 00 af 54 01 a9 a0 2b 8d b5 97 26 13 08 87 4d b4 74 93 a6 bf 79 63 c3 ef 
57 b6 4f b4 22 c4 01 76 6e 33 8a 0d c8 19 21 9b 55 2d fe b9 cd 45 1d 8b e6 05 24 54 29 2a e4 8a 
cf c2 3d 20 74 f5 e9 1f 59 20 f5 a8 de 94 21 d3 79 ab b3 5b 3c a4 44 51 97 0a e7 9c b1 69 c1 1c 
5e 5f ca a6 d2 63 4f 3d f4 b8 c4 61 55 d2 eb 0a d9 2f a6 4c de 04 34 e2 52 17 d1 87 ca fe 43 12 
7f b6 22 1f 13 e8 5e 8e 57 8d 9f a1 cb 21 6c c5 e1 d1 fd af 5f 39 f5 19 84 5a cb 67 a2 6f 89 60 
16 87 16 f5 32 60 36 89 6b 63 83 55 2b f6 00 35 54 df 76 51 3d 8b 14 e3 a8 48 c3 d2 90 26 81 1d 
e6 05 1b ac 8c ac 7a 00 39 30 25 60 82 5c ea fa 89 36 5e ab 58 70 61 3b ac 1e f2 11 0d 87 32 dc 
c1 9a fe 73 ee 6f 79 9c f6 52 89 b3 62 c1 c8 35 e5 4d c1 76 59 71 d3 5f 10 2c f8 c0 a2 5c a0 80 
ae 40 0c db fd e7 84 73 eb f2 d4 a1 b7 64 52 ea 90 c8 c8 e7 b3 64 b8 a8 b0 be 3c cb ef 44 c1 eb 
1a e9 85 5e e0 9d 41 6a fa dc 69 39 2e fa a2 d7 b9 a5 3d 51 da 4c 84 7b 19 72 dc 93 5c 63 b4 3d 
63 6d 90 d8 99 4f 99 66 9c 03 b9 1a f2 e5 5b d2 21 49 a3 1d aa 30 bd c9 5e f6 ee ae 82 07 20 29 
ea 82 99 e3 64 25 ec 33 a2 d4 67 5b 18 e8 bb f2 14 29 84 80 53 fd 03 b6 4e 8c 1e 8f ed e7 b1 00 
18 59 76 79 6f 46 43 48 06 34 2f b0 63 d8 cb 7c 31 06 37 9a 09 f3 8c fe 2d 1d 0b af a4 c2 d4 0f 
1d a5 26 46 a8 3b 1b 71 70 e7 3f 02 14 25 bf 5a 31 9a f0 00 0c 93 d1 5b ce 4b 80 74 3c 8f f1 39 
39 cd d1 b5 10 26 df cc bb 49 bc 52 61 13 5e 38 42 63 73 c8 cb 48 42 9b 96 a8 92 8c f1 b3 b5 e2 
87 93 76 c2 e3 03 c6 a7 19 c6 d6 c0 70 64 d7 9f ef 16 8c dc 6f 52 0f 92 f0 13 06 62 50 c0 27 c5 
1e 23 0d 11 11 bd c2 d4 64 51 d4 1b c3 89 bc f0 8c 2d aa f0 1b 6c 89 bc 14 ab 11 65 f1 65 25 58 
6e 66 4f a1 66 7f 1f 84 44 1f 29 c4 9e 3a 2d c6 ed 2f 44 3d 97 42 07 e3 a0 0d 5e 7e 57 3e 0b 27 
17 73 28 d2 e9 aa d7 bb 20 0c 38 d8 ef d1 d4 1a 20 c1 c7 be ae 46 3f 4d e5 71 85 23 e1 04 8d f5 
75 22 52 ce ba cd 80 81 3e 67 64 ee 36 1c 82 bf 0f 1a 0a 66 99 60 18 fc 5e 47 4a 9c 41 af ee c2 
b9 94 9a a7 2c 05 6a f1 4f 48 21 c7 6b fe ff 33 0a ec 78 ba 2e 46 51 35 2f 09 63 ee a1 bb 6a 25 
51 17 4f ca 55 b3 5a e5 bf b0 44 1b 04 42 66 27 ef be d1 fb 8e c7 be bc 9e 40 df de 7d ca 6d 98 
f6 c7 15 f2 bc 7e 2a 59 66 69 23 60 be dd df 62 59 81 2b 89 f6 a4 c3 4e 3d 7d 21 a7 45 95 bd cc 
2f dc d2 e0 2b d9 03 6c 32 e5 79 e0 b1 db 7b 89 27 46 8a 7c d6 8c 0f aa 57 e7 3c 8f 62 c1 2f ab 
88 75 5e b9 76 86 78 1a e2 57 c4 f8 41 bc 7f 7f 39 1e 29 bc df 31 7f 31 35 52 ad 84 46 00 67 fa 
84 93 b3 16 21 f8 ad 57 fd 9b 7a 0d c9 80 d1 d1 3c 1b cf 06 75 f3 0a 3f 0d 79 da 1b b8 9d fd 96 
f9 ce 63 dd 37 a9 bf 5e 8d fd e7 e2 32 19 ad 59 3d c1 1a af 6f 1d 45 45 4d c6 e7 c6 ae c3 8b be 
cb 9c 
....\.....liB=1.{..A.s... .C?2....p.D...(............8#.(..."CU..sC.n....6.Cn..P$F.E...T;..%....
H.o}Y#..I.7.\.E....Em....q=..v<..E5#.....K..].r/^.w.z#..~.E........J...$vA%..)..1%..Zg..;.......
...%V...wu.4_A..6.]-.6._..`lp............N..}9...V.L..n...{0..w.....Un.5R)>.|p.]-q.p.re.#..yx..8
.....&.4P].,Z.M......R..~l.ls0.;...h.....ah.C._.............TA._..~....CpoP....K.^...W.3.0....=.
.k.CU.9...T...+...&...M.t...yc..W.O."..vn3....!.U-...E....$T)*....= t...Y ....!.y..[<.DQ.....i..
^_...cO=...aU..../.L..4.R.....C..."...^.W....!l....._9...Z.g.o.`....2`6.kc.U+..5T.vQ=....H...&..
......z.90%`.\...6^.Xpa;......2....s.oy..R..b..5.M.vYq._.,...\...@.....s.....dR......d....<..D..
...^..Aj..i9......=Q.L.{.r..\c.=cm...O.f......[.!I...0..^..... )....d%.3..g[.....)..S...N.......
.YvyoFCH.4/.c..|1.7.....-.........&F.;.qp.?..%.Z1......[.K.t<..99....&...I.Ra.^8Bcs..HB.........
..v.........pd......oR.....bP.'..#......dQ.......-...l.....e.e%XnfO.f...D.)..:-../D=.B....^~W>.'
.s(..... .8..... ....F?M.q.#....u"R.....>gd.6......f.`..^GJ.A.......,.j.OH!.k..3..x..FQ5/.c...j%
Q.O.U.Z...D..Bf'.........@..}.m......~*Yfi#`...bY.+....N=}!.E.../...+..l2.y...{.'F.|....W.<.b./.
.u^.v.x..W..A...9.)..1.15R..F.g.....!..W..z.....<...u..?.y........c.7..^....2..Y=...o.EEM.......
..

MRGN->Client [06:06:49 07/24/09] packet size: 594
82 50 ae b3 e3 17 6e dd 51 b2 9f de d7 01 aa f8 b1 4c b4 26 47 99 db 89 46 92 f0 29 5f 7d 6d d9 
1c cf 57 9c db 98 ab 40 86 0d 13 1a c9 ad fc d7 7a c5 22 47 28 59 13 9d e6 a8 d2 d2 c0 b8 48 08 
99 e2 ed ee 32 0c 97 f4 d5 b3 d0 63 32 0f a6 73 02 b2 db 31 ab 17 e7 6d 2b 54 7d fc f2 7c bc c8 
2b a5 9d f1 8b 22 33 a4 57 ac b3 ea 1e 19 d5 c0 54 f5 7d 22 0f 35 72 17 90 f1 17 12 6e 18 10 7e 
81 be 4e c7 21 62 d8 68 ec 1a db 68 fe e5 b3 6a dc c9 48 21 88 87 08 04 23 e6 a1 ac 60 62 9d 1f 
55 85 f2 9c 5c 41 8b dd e7 8c 9b c1 72 a9 37 73 a0 2f 7e ef 87 78 8e c5 e3 0e 1d fa df 52 e8 81 
72 d8 a6 2f 80 34 45 38 1f a6 f5 9d fd 39 6f 94 56 aa 9c ca 43 b1 3e d1 78 a9 0c 85 87 eb bb ad 
d5 39 0f 40 de 79 6c 7d 51 ee 01 0b c5 74 0d b8 24 95 24 53 1e 42 e0 43 70 71 ba f6 9e a2 45 96 
8a 67 87 30 45 8a 85 60 5a 9b 16 54 54 42 37 d5 d6 47 bb f2 f6 49 9f b7 08 bb de e2 fb 22 41 98 
07 9e db 99 eb b5 de d8 4c 0c c0 d7 6d 14 20 e4 85 fd 9a 7e 7b 5a c6 50 f4 63 07 30 f1 2c 18 f1 
94 a9 37 6f 86 8f e6 f4 32 40 b2 4f 95 8a 09 5e 3a 7f 0e 85 24 e2 0a 22 f7 3c d2 75 c0 55 b6 7c 
aa 44 d5 30 52 5b c2 79 ec 90 46 19 14 d2 28 1b d8 00 42 ad 91 33 e5 12 25 3d 1e 16 72 4e ef 12 
00 bd fc 7d ee e2 ce 3c 87 7d 40 7a 0a 1d 84 8a 88 19 cf 67 86 54 ee 2b 2c 32 be 93 05 20 20 e4 
1d a3 70 34 2b f3 55 6e 1e a6 91 39 4c 4e c6 29 58 73 fa 7d 6b 3e b8 08 2e 69 92 07 07 f5 36 d5 
73 d0 ff bc e0 8c 14 e9 ca 4b 45 85 fc 42 15 5a 88 bb be e7 08 97 f2 35 4d 49 3e de aa 2c 64 99 
a7 fa 05 09 01 cf 26 74 7e 3d 70 72 1d e0 d3 33 33 3c d7 63 e8 b3 7d 5c 71 a5 8d 21 65 60 fd 83 
d4 bf 9d c3 47 6d 83 3a b7 39 d7 ed 46 24 22 4d 2f 11 21 97 8d 04 94 33 63 99 3c 4e 5f 15 1c 35 
16 a3 18 83 25 ac 9e 6e 72 86 53 67 32 3a eb b5 5c d5 1a 2b fc 81 24 54 48 d8 60 44 49 72 ed 01 
1f b0 d6 21 69 cc 68 5a d7 8c 25 06 15 05 cb 4b 6b 84 
.P....n.Q........L.&G...F..)_}m...W....@........z."G(Y........H.....2......c2..s...1...m+T}..|..
+...."3.W.......T.}".5r.....n..~..N.!b.h...h...j..H!....#...`b..U...\A......r.7s./~..x.......R..
r../.4E8.....9o.V...C.>.x........9.@.yl}Q....t..$.$S.B.Cpq....E..g.0E..`Z..TTB7..G...I......."A.
........L...m. ....~{Z.P.c.0.,....7o....2@.O...^:...$..".<.u.U.|.D.0R[.y..F...(...B..3..%=..rN..
...}...<.}@z.......g.T.+,2...  ...p4+.Un...9LN.)Xs.}k>...i....6.s........KE..B.Z.......5MI>..,d.
......&t~=pr...33<.c..}\q..!e`......Gm.:.9..F$"M/.!....3c.<N_..5....%..nr.Sg2:..\..+..$TH.`DIr..
...!i.hZ..%....Kk.

MRGN->Client [06:06:49 07/24/09] packet size: 49
30 e9 e9 2f a9 d2 60 8d 6b e4 fc 47 24 09 f5 86 1c 90 be 31 08 9f 04 a5 1e 1f 40 13 ba 2f 1c 0e 
39 a6 92 d7 4b 5e fb 7f fc 7e 78 08 6e 06 e2 0e a2 
0../..`.k..G$......1......@../..9...K^...~x.n....

MRGN->Client [06:06:49 07/24/09] packet size: 802
83 20 86 ef 36 7d 85 ff 25 19 ea a0 fc 64 d7 ca fe 9e 7c 47 32 e6 4a 96 4c 93 64 62 d2 86 30 9a 
79 59 0b 47 58 5c 6f cd 69 b1 19 33 16 f4 da 35 a4 30 bd 4a 4a a3 1a fd ab 47 26 c7 e9 b7 fb 97 
b6 39 68 08 e9 3f 79 f4 fb 9f d0 29 1f eb 9f 8a 14 8f 57 62 d3 29 36 9a 1c d8 da 60 f6 b6 e7 52 
98 47 ba 59 89 e1 34 63 53 ed a2 aa a6 04 31 70 73 d6 f3 21 8a c8 d9 95 4c ea da 44 38 9d a7 0c 
5e 4d 8f 01 e4 25 60 4f d9 6d 3d c7 2e aa af cf c1 c1 f9 c7 bf 8b 98 74 ca 45 c4 a6 0f 71 60 de 
0a 2c 0b cd cc c4 b7 14 2a 9b ec a5 d4 e1 41 62 47 c4 ec 35 b8 c3 6f 1f d3 d2 63 53 78 c4 3f 97 
52 28 82 ea 8d 32 a9 e5 b6 73 40 0b 6d 93 20 eb 6c 20 d3 c8 78 87 c9 95 03 5b f6 88 72 94 23 20 
e7 9f 17 84 63 29 16 b0 09 71 ff 7b f7 a5 4a c3 fa a0 b4 85 eb 14 2c c2 32 14 c2 b1 68 87 34 60 
14 26 53 fb 65 94 bf 7e 3d dc 02 4b f6 15 4d cc a4 8a 9a 93 e3 dc 6e ca 5c 39 c6 87 d4 09 42 72 
fa d7 05 d1 e6 23 2d 98 30 1c 08 11 05 d8 ab 8a 4e 1a 62 b7 55 cf 13 69 b5 ec ad d4 68 6a c2 7f 
6a d4 13 fe 0e 37 d4 40 42 43 93 51 88 52 e1 e3 92 11 c3 89 8e 98 2c db 53 9d d0 8e 7d b7 be c8 
81 96 6a e2 a7 2a db 1c f5 53 66 f7 2e 66 75 3c 51 9f 87 2a 09 a4 49 80 8e 64 13 6a 30 89 97 e9 
ed 9f 25 79 30 ef 3c c7 19 3a 53 07 ca f8 06 81 b4 41 8a 45 26 5c 3a 8c 9c db 79 57 ef 00 cf 64 
cf 03 b3 8a 0c 1d c8 2b e4 ff 96 b0 a9 e4 9a 12 7f 1a e9 a6 36 8f e1 a1 08 c1 fc 8f 39 72 86 86 
ba cd 79 21 e6 30 d4 7e ac 18 96 75 c6 7f 17 5b 15 8c 6d 6a be da 05 93 1c 72 d3 bc 8c ad 86 03 
3e ee 80 d4 eb ba c0 a2 34 2d 86 da 9e 23 d7 8b 1f 7d e5 36 9f 93 53 f0 6c 1b e3 dd d3 99 36 7c 
91 80 8a 55 1a 0c ae 7b 86 58 df 19 8d 42 94 e8 ab 4a 34 75 b4 9f 49 38 96 42 c0 3d 29 9f 94 b3 
4d da 4a 5b e1 49 d5 90 a8 ba e7 70 cf b7 92 04 35 4c 17 bb c6 2e 35 0c b6 22 ce 66 9b b5 4f 7c 
d9 ba 1a a8 93 6a c5 52 47 9b ba 55 71 cd 74 1e 07 e6 c1 82 e2 39 d0 ad cc ca 00 a1 0f 37 e2 58 
0b 24 13 c3 be af 4f a8 1e 78 a5 44 d4 7d 67 e9 a4 de 4b 7e 63 84 36 3a f5 a5 2a 51 b8 3d 58 ae 
77 d2 98 90 05 ea e9 bc 2a 64 23 e1 1e 62 87 90 a1 8f f3 6e 26 80 94 4d 02 e8 da 17 8e 72 47 7b 
6c 47 b2 c9 85 c5 9e 35 15 98 09 50 ea d3 ce 48 72 17 ef 2c 5a ed 1d 6a 2c 2f 98 55 50 fd 88 ba 
cc 69 2e 91 b2 e8 85 6f 2e fc 80 39 1b 9a b8 b9 fb 99 b0 61 fc 0c f9 b5 a5 68 ef 4b 8d 2e ad 60 
00 09 24 73 95 f6 09 14 d4 23 33 f8 8c 7b 0f ab 5d f0 2b 66 cb 6b fe 01 08 1e c2 0a e5 b6 6d bc 
dc 03 81 fa 2f b2 66 e0 88 35 ec 8a cf 44 cd d1 d0 28 0e 98 89 8d f5 ba e0 32 ac 0c 04 ef 36 87 
62 af 
. ..6}..%....d....|G2.J.L.db..0.yY.GX\o.i..3...5.0.JJ....G&......9h..?y....)......Wb.)6....`...R
.G.Y..4cS.....1ps..!....L..D8...^M...%`O.m=............t.E...q`..,......*.....AbG..5..o...cSx.?.
R(...2...s@.m. .l ..x....[..r.# ....c)...q.{..J.......,.2...h.4`.&S.e..~=..K..M.......n.\9....Br
.....#-.0.......N.b.U..i....hj..j....7.@BC.Q.R........,.S...}.....j..*...Sf..fu<Q..*..I..d.j0...
..%y0.<..:S......A.E&\:...yW...d.......+............6.......9r....y!.0.~...u...[..mj.....r......
>.......4-...#...}.6..S.l.....6|...U...{.X...B...J4u..I8.B.=)...M.J[.I.....p....5L....5..".f..O|
.....j.RG..Uq.t......9.......7.X.$....O..x.D.}g...K~c.6:..*Q.=X.w.......*d#..b.....n&..M.....rG{
lG.....5...P...Hr..,Z..j,/.UP....i.....o...9.......a.....h.K...`..$s.....#3..{..].+f.k........m.
..../.f..5...D...(.......2....6.b.

MRGN->Client [06:06:49 07/24/09] packet size: 113
70 7a 6f 75 89 45 5b cf 5a 67 c3 95 60 9d 3f 9f 8c e0 bf ac 8f 7c 52 74 2b 45 ac 50 22 26 ec 4e 
16 82 a8 3c c4 33 76 02 05 7f 42 73 a2 7f bd b4 b9 f3 45 c9 d7 5c f0 90 3c 46 87 33 57 ee 88 84 
7c c1 1f 21 bd 37 a2 26 be 1a bf 8e 8c 0e 42 38 d5 37 fc 61 de f3 7c e4 cd 5c 3d 6c 74 5f 52 6d 
0f 0d 42 4f f9 4a 19 c6 cc 8e 0f 3c 18 68 d6 fe 36 
pzou.E[.Zg..`.?......|Rt+E.P"&.N...<.3v...Bs......E..\..<F.3W...|..!.7.&......B8.7.a..|..\=lt_Rm
..BO.J.....<.h..6

MRGN->Client [06:06:49 07/24/09] packet size: 270
02 88 96 7f 55 29 00 37 49 28 4f 7e 9c 5a 55 8d eb be 0a 14 25 7b 38 79 ab 5f 1a 1c 4c ac a2 dd 
47 5e 71 9f 22 98 d6 b4 ee 99 51 c2 d7 c7 9e a6 a0 33 fe d0 f0 5a cf fe b3 1b ed ea c6 ed 77 0f 
99 25 d4 71 e5 59 70 49 d9 e7 a8 d3 42 d7 6f fb 68 ae 19 a1 cf 2c 35 f4 a8 e6 c9 34 0d 3d 6c 87 
75 93 76 d4 62 c5 d6 72 40 57 0f 75 8d 66 e9 4b ae 8f c6 62 be 32 a2 fa 51 9a 32 a7 bc a2 9a 22 
9f 5f 21 f7 30 61 bf 57 ba 59 63 ab 92 df a9 59 df 10 f1 b5 53 ad 3e cc c4 b4 75 74 31 9c 91 7f 
9e f4 b3 b3 e4 f3 44 5b 61 0e 22 16 58 6e fb c3 b8 59 89 08 d5 7e bf c1 97 4f 56 27 01 38 dd d1 
95 a9 4a 31 3d 5c b5 df 2b e2 66 cd c3 68 27 1f 2d 2c fc bb 6e 54 0e cf f6 af 43 16 2f 7b 44 c8 
45 8c ba 15 3a eb 31 10 74 e2 8a ae a7 de d9 6d 4e cd e5 bc 74 f5 62 9a e2 cf 32 10 59 98 7e 51 
ee 77 e2 72 1d f0 fc f5 60 b5 db 0d df dc 
....U).7I(O~.ZU.....%{8y._..L...G^q.".....Q......3...Z........w..%.q.YpI....B.o.h....,5....4.=l.
u.v.b..r@W.u.f.K...b.2..Q.2...."._!.0a.W.Yc....Y....S.>...ut1.........D[a.".Xn...Y...~...OV'.8..
..J1=\..+.f..h'.-,..nT....C./{D.E...:.1.t......mN...t.b...2.Y.~Q.w.r....`.....

MRGN->Client [06:06:49 07/24/09] packet size: 1460
86 c0 e8 92 01 b5 90 df 3c 1b 4b d1 f7 2c b3 51 62 89 d8 1a ec ac 7b c2 92 a8 30 66 37 6f fd db 
7a d8 54 96 1c 2e 88 cd 0d 10 aa 77 02 e5 68 12 bd 4b bc b7 e1 48 60 ab cd a4 c4 1b 05 fe 75 a2 
ec 02 4a 12 ba 0e 1c 5a cd cf 9b f2 92 f1 2f 57 51 c7 12 eb ca 98 de 98 20 3d 9d 14 2d df 6f 12 
c0 78 eb 2d da ab ce 75 7e 21 69 8c e3 0c dd e9 e2 c9 0e dd 08 6e bd f4 54 19 eb ed f3 d3 cd 83 
02 61 ac 12 5e 0f 81 42 44 3f ed d1 f5 21 65 e3 ce e6 80 89 d5 cc 51 e5 22 85 4f 79 a3 ff 5b eb 
40 77 eb d3 af 99 30 d5 c4 80 63 74 19 29 4c 41 9f c1 b2 25 4e 55 00 a0 84 9b 00 f2 7f 3e 21 c8 
74 45 86 73 27 00 94 9c 0a 47 78 77 15 05 a0 6f 49 78 b3 f1 5f fe f3 93 09 50 90 97 72 cb 26 81 
5b f8 75 8b d3 b8 6e 8f dc 49 72 54 f9 a2 95 25 cd 1f 5b 30 c7 ae 75 0e f9 b6 a7 92 5c e9 e5 55 
f6 fe 81 2a dd 18 64 42 a8 8b 4f 01 f4 14 fd a8 bb be 48 3a 46 a1 10 78 68 ac 78 b0 3f 5c 80 22 
82 a3 ac 57 4e 28 7f f3 82 1e 2d 46 04 de 70 b0 c9 9d 4e 42 68 64 ef 4a f1 52 93 9e 58 c0 7d 83 
35 10 a5 5a 34 6f cb 28 8c 88 dc 73 17 47 8d 35 50 9f ae 8f b2 93 10 c4 af 65 ba 8f 53 b7 59 64 
dc bd c9 ec fa ce bf b3 12 8c d2 dc 0e d1 2a 93 e8 95 f6 c7 90 e8 ee 98 d8 f5 fc dd f9 7c 47 46 
3f 28 38 be ef 11 49 fc d2 09 68 c9 73 de 20 e0 4c ef a4 36 86 40 85 48 e2 eb fb 77 bf f9 d8 9b 
4a 45 b0 9a 7c f5 9c 25 c8 db ce 10 c6 db 6f 7c 32 2a 2a bf 68 2a 5a e5 a3 c8 b9 f0 d4 b8 65 fd 
8e 0e 72 86 3d 9d 16 9a b8 98 51 bb 39 f1 c8 ab 27 21 09 c9 5a 47 99 e5 a9 fd bf db 7a 0b 8f ce 
4c e9 43 ce b8 8a bf 24 94 69 4f 91 38 8c ca 32 6c 4e 85 a0 3a de 90 24 bf 0a 1d 51 c8 f8 66 66 
4f 07 3b b2 2e b9 d2 c6 18 a3 52 52 c4 92 c7 47 81 9c da 3d 07 1e 4f 95 3c 0c 18 77 ce d2 3d 6a 
c2 70 ec 4b 54 ca 97 8f 6d 5d 88 14 d7 9b 97 52 90 61 41 4c 8e b2 fa d6 88 c5 19 f6 6e b5 99 70 
15 41 82 0b 9c b9 6c 68 2a 68 6c 09 27 bc e4 f5 f6 38 0e ac cc d3 7a 29 d7 8d 0c 24 09 5b 99 5e 
d7 b5 59 70 c2 a3 c0 bc e7 92 51 9a c4 f6 0f 69 fa 31 98 dc 9d fd 7f 8e 69 17 af 4d 67 79 59 f8 
ff 8d d4 3c 7d 6a 0e b3 a9 48 53 4c 5d 6a d7 90 f7 a7 70 9e 35 4d 87 c1 ef 61 35 29 1e ae 32 bd 
7d 9c fb 4a b1 27 d9 e7 c7 59 a7 a1 4b 62 d4 8d b3 5d 10 33 50 f0 a6 56 95 84 a7 3d 96 40 fa d2 
cc 35 85 df 0d 73 cc 82 e6 ed 8c 6e 38 1d 1b 88 32 5d 2f 48 73 07 e1 23 75 08 6a e4 d9 22 08 58 
ab d6 5b a4 c3 34 40 05 a9 11 a6 c8 c0 a5 bc 00 c2 e0 11 fa 8a 42 3f 53 a7 3a 5f 8d ee 52 6d 8b 
26 a2 35 eb 38 18 98 5e ab 68 4e 7c 63 9c 35 c2 1e bf ec 8f a1 f5 04 0c 95 36 5c a3 54 ba 80 de 
9c b2 e0 a5 0a 31 7b 39 aa 45 1c 2b d7 ee f6 67 63 5d 21 e0 47 13 bd 3a f4 ae b5 6b 6e 4e 21 5f 
8d c0 31 43 d4 cf 1c ac 5f c3 da c3 bd 9e d8 23 af 19 e8 d7 45 cc 5d 36 d8 4a eb ff c6 54 be e3 
6d 1f 6e 13 ff 05 0f f6 c0 a1 0d 9b 1e 95 16 0e 46 88 3e 56 55 d6 77 50 5d 68 93 6f 3e 90 1c 4b 
23 5e 89 b7 dc 1e 44 02 5e 01 64 94 27 74 49 35 71 e7 c6 e8 d5 f4 4f 01 a7 0b fa bf d6 b5 2a ae 
aa 80 4c 47 85 db 24 bd c7 2a 07 54 c3 b2 f5 14 50 8b 9c 4f 8c 38 1b 7d df ce a2 4c 9f c6 a0 32 
c9 7e 57 02 56 01 fc a3 4d 29 ba 89 9b cd 91 86 9e 96 2e 0a fe fb 73 f1 e6 86 5c 37 f1 7f b6 e8 
e3 94 4a 0d bd 7d 6f df d6 52 53 33 c2 a8 0d 27 7d 4e 24 46 c8 9c dd 81 20 b1 c2 b6 b4 45 b3 50 
c7 32 3f 38 d9 01 f5 54 06 aa a8 b5 79 ce 28 29 e8 5d 05 18 99 97 73 f6 6c 12 e1 bb 18 e6 4b 70 
a5 9c 54 f7 2c b8 c2 a5 5f 0e 8a 36 1e ec 73 3b 96 f5 61 76 52 f7 a1 d2 a1 2b 5c 8a e4 f3 75 aa 
52 af 96 fb cb 68 b8 8c eb 83 b3 24 55 3b b5 dc f8 e2 39 32 a6 24 d2 41 b6 b2 01 fd 0d f4 ad 5e 
64 1d a7 41 c3 c3 3b 48 5f 88 ad 86 f2 bb c8 ba 8f 87 4a f2 17 0f ff c1 c8 65 91 cf 07 e0 ed f2 
8f 13 d8 d2 a6 6d 08 72 6c 64 33 88 0e ae 3a df 5f b0 2c 81 0a f6 df b8 75 b7 ec 5f 15 0b 61 cc 
e1 90 a5 96 99 ae 9c 02 c9 f4 ab 9c d1 ef e5 ed 4d 47 4b 18 dc 4c 83 b0 a0 ad 2e a2 4a ea 22 81 
ab b4 f1 bb b2 15 6f c1 5d 22 79 76 30 d2 ce 1f 34 fc cc f3 98 f5 c6 ae dd e0 e2 ed 22 b7 88 45 
ad 54 8d 00 72 ea ba fa 3d d0 fe 3e 31 52 04 8f b8 ac c4 56 46 e7 ed 17 8d e2 92 2c ac 39 9c e2 
13 66 f1 73 c0 72 56 68 2d 80 e4 c9 19 c1 f0 4f d3 96 bf 66 6d 51 d9 3e d9 d8 64 b1 f3 08 fc 1d 
ad 0f b5 85 ad f3 ee 21 fd 6e da e4 7a 17 d5 28 71 5c 03 f3 07 f7 9b ae fe 03 31 74 82 6b 3e 73 
ee 7e 3d a9 e7 85 04 d9 5a fd b0 19 c8 ad f6 f0 4d 55 f3 43 d9 ba 79 81 87 fb 9a 2b 76 7f 54 01 
b3 5d 1c 9c a2 ac 17 b2 91 f7 c7 a4 3d e1 6c 8e 48 17 77 45 71 7c 46 de e1 98 ef 72 24 30 43 b5 
0f cb bd 2a 3c 02 5b b6 0c d6 63 c8 4a 0a 5c 60 05 5b 12 45 6e 48 64 6d e1 b9 e4 05 a8 ad b7 b8 
7e 36 57 13 09 84 1c dd 86 f2 60 3a 5e f7 aa 8f 4d a9 90 e4 
........<.K..,.Qb.....{...0f7o..z.T........w..h..K...H`.......u...J....Z....../WQ....... =..-.o.
.x.-...u~!i..........n..T........a..^..BD?...!e.......Q.".Oy..[.@w....0...ct.)LA...%NU.......>!.
tE.s'....Gxw...oIx.._....P..r.&.[.u...n..IrT...%..[0..u.....\..U...*..dB..O.......H:F..xh.x.?\."
...WN(....-F..p...NBhd.J.R..X.}.5..Z4o.(...s.G.5P........e..S.Yd..............*..............|GF
?(8...I...h.s. .L..6.@.H...w....JE..|..%......o|2**.h*Z.......e...r.=.....Q.9...'!..ZG......z...
L.C....$.iO.8..2lN..:..$...Q..ffO.;.......RR...G...=..O.<..w..=j.p.KT...m].....R.aAL........n..p
.A....lh*hl.'....8....z)...$.[.^..Yp......Q....i.1......i..MgyY....<}j...HSL]j....p.5M...a5)..2.
}..J.'...Y..Kb...].3P..V...=.@...5...s.....n8...2]/Hs..#u.j..".X..[..4@..............B?S.:_..Rm.
&.5.8..^.hN|c.5..........6\.T........1{9.E.+...gc]!.G..:...knN!_..1C...._......#....E.]6.J...T..
m.n.............F.>VU.wP]h.o>..K#^....D.^.d.'tI5q.....O.......*...LG..$..*.T....P..O.8.}...L...2
.~W.V...M)............s...\7......J..}o..RS3...'}N$F.... ....E.P.2?8...T....y.().]....s.l.....Kp
..T.,..._..6..s;..avR....+\...u.R....h.....$U;....92.$.A.......^d..A..;H_.........J......e......
.....m.rld3...:._.,.....u.._..a.................MGK..L......J.".......o.]"yv0...4..........."..E
.T..r...=..>1R.....VF......,.9...f.s.rVh-......O...fmQ.>..d............!.n..z..(q\........1t.k>s
.~=.....Z.......MU.C..y....+v.T..]..........=.l.H.wEq|F....r$0C....*<.[...c.J.\`.[.EnHdm........
~6W.......`:^...M...

MRGN->Client [06:06:49 07/24/09] packet size: 242
80 f0 9e df e2 33 16 ac 15 3b 3a 68 1d e5 08 51 76 66 f4 61 4e 8e bf b7 dc b5 24 68 65 e9 26 33 
ea d8 56 9d 81 5a 4f 24 0f 87 e4 c5 a5 ef 12 67 96 30 50 20 be 42 72 73 0a 05 2f 41 c1 d8 01 96 
08 b0 6f 51 51 2b b2 08 35 7f 85 47 ba 0f 4c 8f c1 dd 2e 81 b0 e9 87 a5 b5 98 95 59 63 16 02 32 
61 a4 a1 33 54 00 fe ce ca da bc b1 69 2c 25 17 3a d6 8c 3d 86 6a 72 c2 40 33 c9 57 cd 5a c7 a8 
7d 0c fd 81 98 c0 52 0c 34 bc ea 62 00 55 db ea d9 d8 ba 2c 69 23 f4 55 2d 86 86 54 ac 9a 41 64 
2b 13 5f 9b e1 6b 88 07 b3 43 34 c8 80 2b 07 e4 54 bc f2 ab 2c 1a 3c 62 cb 49 83 3e c0 76 f6 6f 
77 ae b9 e5 47 ac 06 50 e0 8d 55 c6 26 c2 89 6b f6 59 d3 18 4e 78 d4 75 90 bc ac 0f fe ab 06 06 
8b f3 5b 6f d3 ab 24 7b 43 a5 92 69 81 a8 f8 a9 cf db 
.....3...;:h...Qvf.aN.....$he.&3..V..ZO$.......g.0P .Brs../A......oQQ+..5..G..L............Yc..2
a..3T.......i,%.:..=.jr.@3.W.Z..}.....R.4..b.U.....,i#.U-..T..Ad+._..k...C4..+..T...,.<b.I.>.v.o
w...G..P..U.&..k.Y..Nx.u..........[o..${C..i......

MRGN->Client [06:06:49 07/24/09] packet size: 978
83 d0 6e 14 6b 98 94 30 3b c7 85 7e a6 5a 96 c1 4b c2 23 25 c9 b8 6c 24 6b 30 ad 80 9f bb 34 56 
b6 7c 17 af 92 da 98 5c b9 c9 34 12 18 69 cb 58 62 01 6e f9 43 84 20 71 a2 93 1a 85 b8 22 09 2f 
da 83 c5 7b 3d 2a 15 84 2c 9b d2 46 c4 e6 e3 27 d5 72 bb ae 91 ea 1d d5 e6 07 26 c2 39 08 96 24 
c7 c7 13 84 bb 94 cd 90 38 e6 c2 e2 8f 9f 80 62 1b 4a cd d8 fd 49 2e 88 5a 13 49 bf 75 f7 31 0b 
78 db 8b 43 19 db 2b 84 e4 4f 7a cd 3d 31 d1 af 27 56 e2 a9 9e 5f 80 6b ab 5a eb a5 9f 59 c0 42 
2b 16 fc d4 90 e9 12 ea cc 36 d8 68 fa 38 85 c7 08 a3 90 dc 25 5e c6 58 0a 1f 6d ac fa 00 9e c4 
03 a3 2c da 20 58 3e c0 5b e2 50 59 be 5d 56 22 a6 a4 9b e3 ef 3e ec bc 4e ee f0 ec c0 f4 f1 a4 
66 44 4b 95 d1 9f d2 7d 0b c9 a7 02 64 fc 99 79 64 86 28 62 39 57 85 ff 13 6b c4 6b e1 c5 22 b1 
2b 4d 72 db 0f 2f 6f d6 6c ec d5 c2 e4 b1 05 e0 78 9a 6e 6b 7a 72 36 1e 49 4a 00 c4 9c b1 da 71 
e7 1d 0b ad aa a8 66 c7 28 a1 f7 55 bb 97 f2 96 3b c7 22 78 b4 da 3c 79 38 77 78 e0 9c 1e cb a6 
89 b8 05 82 28 0a 32 b6 20 fa fd 0f 30 98 29 77 5c ed 9b 62 2b d5 37 77 48 1d da 26 7f d0 8f 4b 
e9 57 6e 95 84 6d 5b 61 1e 05 2c 8b 61 c2 d9 79 25 a6 99 ca 83 ce fd 1e e9 ef 2f f1 18 aa 7c 7e 
cf 07 d7 d3 13 72 33 9f 29 da 7f 70 14 c2 6c e7 ac 12 3a bd 77 15 2a 83 90 0d d2 3a 08 31 de af 
b6 bc 65 61 4f 3c fb cc 51 86 ed f2 8b 7f 01 25 67 34 bc c3 14 81 a4 3e 47 44 6e a1 34 3c ac 0a 
6c cf 88 42 e2 15 fc 60 40 33 8f 1e 5b d1 76 36 7a 3b 68 58 bc fa 86 ec 13 61 50 d9 fa e7 82 79 
2e 2c 48 d0 7e d3 b7 07 90 54 ce b4 6a 21 a9 71 12 c8 9d b0 35 8f 34 dd 73 6c a9 6b ec 46 59 8c 
ef e4 f4 bf d0 01 5a da 1c 43 8f 29 5b de 65 13 26 f4 22 33 61 3c 24 88 c5 23 a1 7c 25 8a 25 9a 
f8 b0 c3 4d ea 68 50 2f 50 d6 25 cd bc c1 50 c4 f7 5a 21 45 26 f5 2a 18 cf 23 c5 74 18 4f ce 4a 
a2 07 49 50 04 3e ab 6c 2c 09 2a 23 5a 83 ef 62 f8 82 e3 0a 65 1a 1f d7 a1 bc 36 58 c0 04 67 13 
d4 2f 20 3a c5 08 86 4f 72 d1 17 fe 07 a2 79 fd 7c ad 02 d0 94 3f 69 a9 e9 a1 e8 62 9e a7 f7 af 
85 ea ca 88 fa 08 eb d3 63 01 96 bd dc 59 90 a4 38 69 f3 5c ce e1 dd 79 d8 72 29 eb f0 3f cd a5 
4a 52 e8 76 7a a5 95 7e ae 64 66 bc 50 81 d1 56 58 40 88 5b 96 11 2d 0b b8 9b 51 e4 5d 05 9a 56 
27 e4 76 69 f2 c6 1f 92 ed b2 58 4f 0b e3 c7 99 71 c3 93 d0 51 1a 62 59 6c 01 1f c5 a7 80 28 31 
b4 ed e2 bb b6 9d 6f 80 19 45 3c bb bb a0 77 b2 ff 8d cb ea da f7 37 e4 6e 5e 8b fe 51 db eb 2e 
6e fc ad 64 e5 23 12 d9 f9 0b 95 47 d5 50 98 4c 28 82 60 15 dd 3f 66 70 65 e2 2f cb 03 96 88 f2 
38 30 ba fe 42 7b 35 c3 8b a6 4d 9c 6e 9d e3 0b 16 d6 39 47 6d 62 03 d1 8b b5 18 51 9f 15 76 07 
bb 78 cd e7 41 48 eb d3 93 2c db 5a a3 4b fe ab a9 35 3e cb 3b c2 64 9d ad a5 b9 2b 8c 03 fb 35 
52 61 cb 0a 35 6a 6e 2b 47 79 8c 19 a6 b7 ad 98 92 ef 28 98 82 bd c5 a7 96 bf bc d0 d7 ef bc 72 
d6 2e d8 ae 27 fa 59 ac 91 2e e5 2a b7 18 ff bc 3f 51 de ad 8f 2d 3f f1 e0 e6 60 61 56 4c f7 29 
77 4c a4 61 80 a9 ab 68 4f 0b e4 27 8f b4 35 ee 4d 91 fb 97 d3 65 9e a9 06 fb 60 e4 3d 2a 05 83 
d7 75 88 d4 c3 2c 6e 8a fd b1 8f 84 05 5f 81 97 b7 53 
..n.k..0;..~.Z..K.#%..l$k0....4V.|.....\..4..i.Xb.n.C. q....."./...{=*..,..F...'.r........&.9..$
........8......b.J...I..Z.I.u.1.x..C..+..Oz.=1..'V..._.k.Z...Y.B+........6.h.8......%^.X..m.....
..,. X>.[.PY.]V".....>..N.......fDK....}....d..yd.(b9W...k.k..".+Mr../o.l.......x.nkzr6.IJ.....q
......f.(..U....;."x..<y8wx.........(.2. ...0.)w\..b+.7wH..&...K.Wn..m[a..,.a..y%........./...|~
.....r3.)..p..l...:.w.*....:.1....eaO<..Q......%g4.....>GDn.4<..l..B...`@3..[.v6z;hX.....aP....y
.,H.~....T..j!.q....5.4.sl.k.FY.......Z..C.)[.e.&."3a<$..#.|%.%....M.hP/P.%...P..Z!E&.*..#.t.O.J
..IP.>.l,.*#Z..b....e.....6X..g../ :...Or.....y.|....?i....b............c....Y..8i.\...y.r)..?..
JR.vz..~.df.P..VX@.[..-...Q.]..V'.vi......XO....q...Q.bYl.....(1......o..E<...w.......7.n^..Q...
n..d.#.....G.P.L(.`..?fpe./.....80..B{5...M.n.....9Gmb.....Q..v..x..AH...,.Z.K...5>.;.d....+...5
Ra..5jn+Gy........(............r....'.Y....*....?Q...-?...`aVL.)wL.a...hO..'..5.M....e....`.=*..
.u...,n......_...S

MRGN->Client [06:06:49 07/24/09] packet size: 354
81 60 2f 8d a9 3a da a0 fc db f9 48 48 23 86 81 24 eb 67 16 dc 38 59 f3 bb 51 3f c9 72 f3 f9 6a 
f2 4e 71 59 f5 08 25 f7 11 54 30 18 aa 09 d5 97 15 9c 69 18 b3 32 29 e9 f1 c1 11 a1 bf f0 ed 80 
22 7f e3 5a e3 b6 db 24 e6 8e af d2 8a f1 39 12 ac e8 6c 76 61 d2 83 24 74 0d 36 55 d7 60 4b 09 
33 6d d8 96 80 25 5b 96 c2 ed a5 27 8f e4 69 f2 a2 b5 60 53 fc fa 3f df 10 8c 86 4c 30 ee f2 8a 
dc 68 ad bf 14 a1 04 01 e9 84 46 66 0d e2 22 1e f9 99 30 6a 2d 59 5e 2f 99 fd e7 9e 1e 8b 47 a9 
c5 87 75 3b 41 a0 0e e1 12 cf d7 85 ac cc c0 7e 1c a7 67 40 c9 fe d8 ba e0 5c c1 97 f0 80 48 74 
e2 8d 20 f1 4b 64 11 3d 71 a1 f8 bd 1b 05 f0 62 f0 8d d9 91 32 ad 8d 90 60 bd e8 ae a9 90 69 5a 
f8 a3 15 a7 f6 25 00 c6 e4 fb 04 d4 45 be d8 9f 93 ba 1a 42 1b 99 e2 99 b4 cf 46 f9 c8 09 ef 8e 
75 26 12 1b 6e fe 77 dc ec 0a 70 52 1d a4 46 0d e4 99 ab 79 34 31 cf be 9a a2 ad a3 8b b2 f9 02 
26 9b 89 eb fd 92 8a 1a 58 34 bb 4b da 09 a2 de ac c1 18 84 98 ba f7 be 0c 2d d6 0c c9 90 69 06 
49 3b d1 2c 53 b3 46 fa c0 47 ab 49 ab 97 04 05 26 e0 87 f8 3a 1e d0 09 85 dd 0b 56 07 5b 90 4f 
2f 01 
.`/..:.....HH#..$.g..8Y..Q?.r..j.NqY..%..T0.......i..2)........."..Z...$......9...lva..$t.6U.`K.
3m...%[....'..i...`S..?....L0....h........Ff.."...0j-Y^/......G...u;A..........~..g@.....\....Ht
.. .Kd.=q......b....2...`.....iZ.....%......E......B......F.....u&..n.w...pR..F....y41..........
&.......X4.K.............-....i.I;.,S.F..G.I....&...:......V.[.O/.

MRGN->Client [06:06:49 07/24/09] packet size: 1460
8c 60 07 3a d8 e2 d0 fb 0d df 7b da 11 25 ea 22 70 7b 46 4e 8a d1 0d 2c 54 9f ae d7 e0 bc 01 3f 
54 87 6e 81 e4 5f 3e f8 49 2d 79 fe b9 df 1d 5b 2f 16 41 d2 e2 dc 77 27 24 e9 29 66 13 0c a1 f9 
5c 39 62 d6 84 71 92 09 83 a3 90 46 65 c0 12 82 01 2e e4 65 68 3a 54 bc 88 7d fb 8a 83 3d cc f3 
36 f3 ba 0a 2d 61 59 86 16 20 99 5f 76 f9 e0 82 de bf df 25 f3 95 05 c9 fe 7f aa d7 b7 dc 46 45 
f7 d0 44 64 01 c3 2b 1c 40 da 43 4f 88 10 a1 bf 51 44 36 d9 b4 96 5e c0 43 cc a5 a1 39 3f ba 58 
c5 4e 84 22 93 57 af 8f 7d 81 86 00 e3 dd 3b 50 db 6b 9b e2 85 09 c2 25 ca ad 7f d6 fe 35 c5 d1 
45 69 66 b3 01 95 f3 ff 1a 46 2d b7 14 97 2c 4e 34 1e 02 7d 66 c7 98 fe 7e cf 8d eb 5a d1 41 0e 
1c 35 fd 4b 21 5d cd af 1f a0 91 26 d1 28 09 f4 44 4a 6c 43 e9 b4 47 a8 06 3b 13 15 1f 96 4d 15 
6a aa 0c fb 8c 3f c1 29 a8 17 a7 b7 9d d1 83 44 59 9d 00 13 0e 53 1f 91 e7 1e 91 6f 9c 2f 6c 53 
0f a7 52 70 ae 1a f7 c3 48 5d 71 e5 2c ca 3d 1e 56 41 b5 62 a9 60 a6 5f 64 1c 25 60 a9 ac 19 28 
ba 51 3e 4e 35 c6 d0 7a 72 d4 be 16 c7 a9 bf 55 e5 a1 62 43 c1 a0 e6 00 b5 99 69 f1 b0 fe e5 6f 
d1 71 86 e0 fb 95 0a f1 63 6a 76 07 2a bc 2a 76 93 fd 27 0f 19 e6 14 a4 07 b8 13 0d 79 16 b9 44 
d2 39 06 77 f3 d1 3c bf 06 f1 ec f9 fb 77 2e 5c 02 ea 9c 8b e1 35 29 c0 bb 82 c0 8e 86 79 2b 19 
c8 3f fd 5a f8 9d 74 ea 29 4b 8b c0 83 5a f6 86 55 ff b2 e9 ce 9b e4 1f 11 b0 d4 d2 0b f6 43 e9 
17 7e 97 b1 05 03 b3 da db 06 26 ba f3 47 0c 90 12 e7 27 a5 8e a7 61 13 ba 2e 45 6e 1f 83 a4 bd 
e1 4a e1 7f c0 16 09 19 71 18 23 ed b3 f3 6a 3f d5 f5 6c 7c d1 c6 0a 9d ad ad 4e 01 d3 9b e6 d2 
90 a2 3d 61 27 ec 10 1d 22 2c c9 0d c0 63 58 88 78 df 28 00 af 21 73 09 f5 aa 1e 2f bf ca 64 62 
f5 41 71 d5 ef 0f b6 92 63 ba c4 b5 ae 36 d3 e8 3a 80 f9 99 cd a2 28 27 82 b7 60 6b bc 79 45 37 
0c db cc 2b 37 c6 6b d2 32 1e af 79 85 e0 fa dc 5d c5 46 33 82 e4 28 fc 8b 8b 2d 99 07 7d 42 40 
8f 1d 2d 96 62 a9 55 68 0a b4 c0 73 cd 75 e6 ba e2 5a a4 8f 32 d0 22 8d 23 70 e5 0a 73 0e a6 c9 
6a a2 9b 5f db bf 6f aa ad 21 a4 2c e8 41 cb da c5 00 57 3b ff 6e 41 3a 50 1e 41 66 63 12 62 58 
7e 77 5e 6d 67 19 68 ab 67 fa 34 13 0a b1 b0 1e 18 71 0a bf 21 65 31 a2 19 a8 66 95 f3 ab 70 f9 
33 6e 11 89 84 e0 83 ce 48 7c e2 4d d5 09 fe f0 cc 4e be c6 56 b4 9e 2a 15 84 8f 2f 46 2b 8d 65 
e0 cc b6 41 11 cc ed 68 d2 56 21 3e 3b cd 36 d7 ac ec 9b 56 6a e2 a3 65 b9 6f 43 9c 7f 1f a1 3f 
9c b8 3c d6 ba ba 7e de 8c 16 5e ed fe 4b c4 a3 11 97 bd 81 a6 94 08 a0 c6 30 75 52 d0 cf 81 22 
32 f6 18 1c 0a 8e 7d 96 f7 36 31 aa b3 4b b7 5b 51 a3 b3 b5 49 c9 6e 75 79 70 76 85 79 f4 f4 4c 
1d 49 85 fc 27 41 0c 0b e8 49 f1 83 d1 91 ff f5 b1 2c e9 5e 42 c3 3f 22 bf 46 56 16 69 26 2e a2 
b2 e7 b9 09 0f 9c b7 ac 79 16 81 6f f3 b8 83 ad 73 ca d3 fb 39 ad ca 6f d9 89 87 d4 4a e7 c0 7a 
7f 1d e3 c1 5e 02 5b ff de 97 a6 58 d2 c9 e0 ef 84 7f 79 b8 fc 93 a0 ad 9e c5 46 a1 72 a8 a1 c8 
f3 70 76 62 e4 80 29 28 f9 8d 1f db 95 d8 51 df 0f 2d 0e f8 05 3e fe 72 56 d0 db b9 39 f5 65 d7 
9a 78 c3 6d d7 4d 90 d8 36 a7 df 19 73 cf 62 f0 87 cb 35 b0 76 8e 59 f1 20 35 48 5f e2 0a 9e fb 
11 64 d1 4c d4 2a 7f 4d eb fe d2 5a e5 2b 9b 46 d7 30 3f 28 7c 8c d9 69 6c b4 7b 28 71 72 a9 c6 
8f 21 7c 05 3e b3 52 0e 6e 08 41 6a 75 e4 b4 00 2e 98 13 bf fd 07 69 4e 13 df e4 d6 ac 94 ad 94 
cd 20 85 c9 dc 6e 2f b3 21 cf c8 eb 3d c6 91 fa 9b 0e 43 af 8b e7 82 5e 03 cb a3 ba 1a d5 ae 1e 
28 68 e3 e0 b3 a4 62 41 65 da c1 3a c3 bf 82 f6 b0 6c b7 e5 69 c3 d1 07 cd 07 84 40 51 64 62 67 
c6 5d ef b4 24 01 9e 75 95 2c a9 dd cb e9 fc fb df 0b ea 46 5f 8f 99 6d 6a 05 99 22 b8 f9 00 12 
98 0c 80 d6 e6 6e fe 7e 94 bf 6a a9 38 ec 8b 94 1e 05 77 2f f8 ea ce 69 8d 30 25 bb 84 e3 40 79 
24 2f f4 05 e8 01 6c fb 31 4f 09 6c 87 9f a7 61 87 89 73 85 71 00 cd 11 b2 5c b0 90 e2 c9 23 d5 
1b 0a ec 72 82 ab b5 1e 63 2e 29 4f dd 7a f4 13 ae b3 a6 50 bc e5 34 05 ce e7 61 46 d5 a6 6e 9f 
aa a3 57 5c 96 cd b8 36 b5 51 f3 5d 93 53 4c 9f dd 08 a7 aa 5c 47 79 0a 90 0b 62 01 a5 9d d4 7a 
83 a6 a5 47 e6 0a 35 d2 0e 96 d4 9b 12 c1 b4 25 3c 6b bc 84 d4 47 18 3b 3d d5 23 2e 87 49 a8 99 
3f bc d6 fc 50 2d 40 f4 9e b8 04 7f e6 8e 42 37 7c 7f 43 b1 8e 8b 70 26 b6 5f 56 88 ea d9 e2 2f 
11 7e 43 78 56 8f 7e df 00 3e eb f1 a4 4c b8 33 21 71 4e 9d 5a 7b 72 91 4d 21 5d ad 35 e2 c3 77 
17 f8 b8 67 19 6e 0d 61 eb 31 62 6b f9 34 41 02 d6 f3 9b fc ab 71 fe 81 19 5b c0 7a 9b 17 46 25 
a8 f9 e6 02 b4 1b d4 a8 ef 11 bb c5 18 17 16 54 38 4c fa 02 2c 95 70 df 5c d3 ff a2 e0 06 1b ab 
a4 4b c5 1f 16 bb 07 84 2f b8 41 64 9a 01 22 b0 96 72 6a fa 
.`.:......{..%."p{FN...,T......?T.n.._>.I-y....[/.A...w'$.)f....\9b..q.....Fe......eh:T..}...=..
6...-aY.. ._v......%..........FE..Dd..+.@.CO....QD6...^.C...9?.X.N.".W..}.....;P.k.....%.....5..
Eif......F-...,N4..}f...~...Z.A..5.K!].....&.(..DJlC..G..;....M.j....?.).......DY....S.....o./lS
..Rp....H]q.,.=.VA.b.`._d.%`...(.Q>N5..zr......U..bC......i....o.q......cjv.*.*v..'.........y..D
.9.w..<......w.\.....5)......y+..?.Z..t.)K...Z..U.............C..~........&..G....'...a...En....
.J......q.#...j?..l|......N.......=a'...",...cX.x.(..!s..../..db.Aq.....c....6..:.....('..`k.yE7
...+7.k.2..y....].F3..(...-..}B@..-.b.Uh...s.u...Z..2.".#p..s...j.._..o..!.,.A....W;.nA:P.Afc.bX
~w^mg.h.g.4......q..!e1...f...p.3n......H|.M.....N..V..*.../F+.e...A...h.V!>;.6....Vj..e.oC....?
..<...~...^..K...........0uR..."2.....}..61..K.[Q...I.nuypv.y..L.I..'A...I.......,.^B.?".FV.i&..
........y..o....s...9..o....J..z....^.[....X......y.......F.r....pvb..)(......Q..-...>.rV...9.e.
.x.m.M..6...s.b...5.v.Y. 5H_.....d.L.*.M...Z.+.F.0?(|..il.{(qr...!|.>.R.n.Aju.........iN........
. ...n/.!...=.....C....^........(h....bAe..:.....l..i......@Qdbg.]..$..u.,.........F_..mj.."....
.....n.~..j.8.....w/...i.0%...@y$/....l.1O.l...a..s.q....\....#....r....c.)O.z.....P..4...aF..n.
..W\...6.Q.].SL.....\Gy...b....z...G..5........%<k...G.;=.#..I..?...P-@.......B7|.C...p&._V..../
.~CxV.~..>...L.3!qN.Z{r.M!].5..w...g.n.a.1bk.4A......q...[.z..F%...............T8L..,.p.\.......
.K....../.Ad.."..rj.

MRGN->Client [06:06:51 07/24/09] packet size: 1460
62 23 17 91 6f 43 44 26 1a 22 dc f7 d9 9f 9e cf 23 b0 12 ee ce f3 68 1f cb 9b c5 3b 61 9c 10 57 
8d fd cb 55 0c a6 4b 23 f5 ea 6a 50 53 27 d4 ca 9c 1c c1 88 b2 c4 e7 6f 01 55 d0 30 37 b8 81 2d 
cf aa b9 15 ce a7 fc c0 5c a1 cb c8 87 67 f4 12 9e 6e 52 c2 fc 76 43 ed 24 7a 3f 00 3e c2 45 68 
07 3a ce 5a ff 72 36 2a 20 1e 81 b2 3c 59 e4 ae 87 54 0d 5f dd f3 4d 3b 20 ba 7b 7f 4a 05 96 c7 
69 a6 7e 5e 10 26 4d 5e f4 a2 dc ba 17 9f ab d5 7a 01 3f 10 65 15 8c 8b 9a 04 ad 08 c7 9e 57 3c 
d3 f1 1f b9 a7 e5 60 dc ea eb 78 27 1a 2b 18 66 c3 c8 31 1b 82 51 fa 01 4d 8e 71 62 25 bf f6 d3 
8c 61 c8 f7 65 9d 61 33 58 86 85 cf 12 56 a6 53 a6 87 65 dd ec ec b5 d5 c5 d4 79 7a a8 4e 66 6e 
f5 67 38 f7 41 f3 9c 94 69 b5 a2 7e 99 19 2f 64 71 6a 5b 5e 78 15 b9 d3 75 17 83 e8 26 1b 8a f2 
2c c3 de ea 84 fe 6a 55 51 ba be ab 8a da f2 2d 95 61 a5 cf 89 7a 5b 57 09 ca d6 ec 6a f5 2c 71 
61 2c bc d7 dc aa 4f f3 75 b3 15 6a 3c c6 97 f0 ca 79 9b a7 40 66 72 1e 7e c4 4c 82 9e 45 6c 6b 
20 19 70 4b 69 c2 a6 83 17 21 bf 8e 16 89 59 8a 16 bf c6 46 e9 b7 9c 8e 94 4f f5 6c 63 db 16 d2 
e3 28 cd 43 ff ba e2 5c 23 4d 93 2c 96 41 f7 1d 49 f4 dd c3 22 cd ba f1 82 10 cd 44 0c 75 43 03 
c2 ac b1 e5 08 a7 73 2b 15 95 fc b1 04 fd 3a 1c e2 64 9d da 9d ab 73 b4 73 00 0f cd 52 6b 1a 5f 
47 b4 3f 2f b4 c6 26 c1 23 e4 63 5c e2 38 7a 0b 13 c7 99 cc e4 73 11 0d ee 24 a9 01 c0 3d e2 72 
6a 66 a2 5e c1 40 19 3c 83 a2 d3 21 e1 ba 9b 55 64 6b be 7f d0 23 aa 8b 41 9e 6b 13 3d a2 23 3c 
9d 84 25 14 ac e4 7d 10 48 10 6d 3d 69 4b ea 4b a8 61 3c 96 b5 56 3c 95 0d cf 7f 75 b6 ac 4c 60 
37 55 a9 a8 c7 e9 e3 18 71 bb 42 3b 2a 4b d1 93 6e 97 54 5a 62 5d 71 37 aa 28 59 78 63 a8 94 23 
93 1b 27 22 04 71 66 86 1e e5 ad b4 7f 3f 7b 70 5d 43 ee 68 ca dc 17 b0 9e f8 0a 3e 35 9f bc c7 
70 34 4a 90 0a 4c 65 57 79 37 94 6f 5f 7d 67 e4 4c 4b f9 6f 22 3d a7 36 1c 92 f2 f5 4a fa 69 7e 
6d 2e 36 a1 78 3b 16 fd df 1b 95 10 11 87 aa 17 6f b4 9f f8 ba 29 d3 5a f0 e7 ae fb 6f ee 97 5a 
f7 f9 74 bf 4b e4 5b 3e 9f ba 59 fe 3d f0 26 07 c9 bc 77 bc 02 02 42 e5 b2 9f be 7c ff ce 2a 47 
72 a0 b5 db 7f b4 4a d1 a7 56 f9 e7 8c 56 38 9d f2 25 17 eb 0f ba 72 47 bf a1 eb b3 9a 29 28 fa 
a9 19 83 f3 1f 88 09 a4 53 52 a0 a6 8d 0e 02 81 45 a5 e2 6d dc b5 40 12 d0 0d bf 57 4c b1 4e d2 
a7 33 7a d0 ac 65 57 52 e0 ae 51 b6 39 fb b9 66 84 9a e7 9a fd 5c 1a a8 2c e9 b6 1e 1b df 89 8e 
ae 60 9e c7 a5 75 dc 10 24 ed 09 98 9e 8f bf ea 52 c1 4b 86 65 9e a4 92 a5 43 ea 0d 55 76 58 b9 
b9 27 1f 58 f8 0f b4 60 a8 ce 90 a8 50 62 d2 d2 83 d3 f3 a6 1a 83 15 58 2d 7d 7d 33 1e d1 8e c3 
b9 77 04 71 0b 42 67 fe 44 d7 9a 93 6b 45 23 c5 c4 4d 6a a5 2c 5a ab a5 3a af 5f 32 63 2f c7 8a 
6e 0c 37 8c 8d c7 7a ec 9a 5d 76 a4 53 18 fe 0a 75 78 72 af db eb 9f 00 5a e3 ba ab ee 49 14 6d 
16 e1 06 e6 dd af 68 5d 0c 49 55 c0 48 4d 9c ac d1 23 63 40 98 51 8d 04 f3 d8 df 62 90 ab 48 72 
03 4b cf f5 5a 2b 0a 43 46 73 5e ad f8 3e 1d 05 63 e2 64 c8 d6 3e c3 a6 83 a7 b2 af 81 ad 46 56 
d2 60 79 56 18 87 c0 32 33 17 f0 a3 84 78 eb e1 64 1d 1f 6f ee 7f 06 d8 a8 8a 52 17 f6 5c fa 16 
48 3e ed ab f9 0f 82 ae 80 12 3c 3c 2c 5a e8 78 1f 11 86 2c 5b b9 15 4f 14 f6 5e fa e2 2f e4 4d 
1d f5 e0 64 66 fe 0d 02 73 6b 61 f0 68 ad 17 1f bf 04 a9 ba b3 68 4a 4b 0e e0 83 6c ad 2b f3 15 
11 f8 4f ad 7a b0 1a 51 eb 6e fb a7 b5 f6 64 3b 3e b9 d9 95 e6 64 e0 1e ab a1 7a 7e de 29 ce 33 
35 bc 54 2e 78 c5 ef 5e ec 02 ef 24 4f 8b 64 7e d4 ec b2 d3 44 74 9e de ff b6 9c be 93 42 19 59 
d9 c7 fa 4d 59 ca d7 a6 27 c0 3d 1b 83 48 87 bf 25 c2 27 07 28 8d ae 20 64 02 95 09 b6 92 bc 90 
4e 19 55 e1 9c a3 b0 a3 13 20 2e 3a e8 fd 46 38 a8 bc bb 0e 55 72 3e 16 de 83 19 91 0b 2d 2e 53 
fa 78 9b 57 3f 5d c4 50 e4 55 0f f6 9b 37 b4 b5 f9 39 d4 d7 5e 01 c0 f2 cf 5b 17 28 ec 2d 28 fd 
41 6a 45 96 d6 77 94 45 9b 28 ae 47 70 e3 ea c8 38 2f f6 ae df 9f 06 c9 07 df 4a d8 1b e9 1e a8 
6c 82 d3 bc 44 87 58 bf 6f be 25 ca 69 a8 a1 e1 be 52 ec 76 d9 0f 79 80 e6 b7 20 c6 14 16 c7 ff 
be f9 94 48 4f 69 20 19 2c d0 34 ef 98 9c 01 bc d4 44 a2 e5 d9 be a4 4a 78 57 19 7b 65 60 28 5f 
ba 1d 60 74 31 79 e8 d0 dd 06 6c 4a 7e a6 7c 48 55 8b bd b2 e4 03 b4 b6 af 3e 41 24 1e 3a c4 fa 
5d b8 52 c5 a1 c2 0e dc 56 7a 00 2e 8f 83 6a 5e 88 df 67 0b 02 7e fe 2c b3 15 50 97 73 1a 7e cc 
46 99 3f 95 be 4c 37 80 a3 09 49 2f 0e 3b 37 44 5d 98 dc 96 ce 99 4c a8 ad a7 02 04 9b 54 3c 6c 
b1 89 88 6f 69 70 a5 49 4b 6c 85 6d 78 43 56 47 15 73 28 9e 0d 36 4e 94 3c bf e0 0c 2e 35 4a 8c 
83 f3 bc 2a c9 5f 4d 58 17 ad a6 e8 f7 81 3f 90 14 8c 2b 02 
b#..oCD&."......#.....h....;a..W...U..K#..jPS'.........o.U.07..-........\....g...nR..vC.$z?.>.Eh
.:.Z.r6* ...<Y...T._..M; .{.J...i.~^.&M^........z.?.e.........W<......`...x'.+.f..1..Q..M.qb%...
.a..e.a3X....V.S..e.......yz.Nfn.g8.A...i..~../dqj[^x...u...&...,.....jUQ......-.a...z[W....j.,q
a,....O.u..j<....y..@fr.~.L..Elk .pKi....!....Y....F.....O.lc....(.C...\#M.,.A..I..."......D.uC.
......s+......:..d....s.s...Rk._G.?/..&.#.c\.8z......s...$...=.rjf.^.@.<...!...Udk...#..A.k.=.#<
..%...}.H.m=iK.K.a<..V<....u..L`7U......q.B;*K..n.TZb]q7.(Yxc..#..'".qf......?{p]C.h.......>5...
p4J..LeWy7.o_}g.LK.o"=.6....J.i~m.6.x;..........o....).Z....o..Z..t.K.[>..Y.=.&...w...B....|..*G
r.....J..V...V8..%....rG.....)(.........SR......E..m..@....WL.N..3z..eWR..Q.9..f.....\..,.......
.`...u..$.......R.K.e....C..UvX..'.X...`....Pb.........X-}}3.....w.q.Bg.D...kE#..Mj.,Z..:._2c/..
n.7...z..]v.S...uxr.....Z....I.m......h].IU.HM...#c@.Q.....b..Hr.K..Z+.CFs^..>..c.d..>........FV
.`yV...23....x..d..o......R..\..H>........<<,Z.x...,[..O..^../.M...df...ska.h........hJK...l.+..
..O.z..Q.n....d;>....d....z~.).35.T.x..^...$O.d~....Dt.......B.Y...MY...'.=..H..%.'.(.. d.......
N.U...... .:..F8....Ur>......-.S.x.W?].P.U...7...9..^....[.(.-(.AjE..w.E.(.Gp...8/........J.....
l...D.X.o.%.i....R.v..y... ........HOi .,.4......D.....JxW.{e`(_..`t1y....lJ~.|HU........>A$.:..
].R.....Vz....j^..g..~.,..P.s.~.F.?..L7...I/.;7D].....L......T<l...oip.IKl.mxCVG.s(..6N.<....5J.
...*._MX......?...+.

MRGN->Client [06:06:51 07/24/09] packet size: 250
f1 69 7a 8f 86 58 a1 0f b2 f7 80 47 dd fb 4b 35 a6 f3 84 9b 5c bb 5a 06 5c 88 b3 2a 82 b4 7d b2 
93 7c 33 ee 9e 05 8e 17 0f 4d 57 d6 20 34 9a 3a 6e 32 ef 13 cb f7 3b 8a 16 2f 46 6b 3c 61 86 22 
b1 51 81 3e 65 15 73 4c 50 b0 e6 d7 d8 49 22 55 0d 6e 55 1b 81 87 0d e6 52 f4 6b a6 47 e0 d3 65 
bf 28 7c ee 6d ba 7d a0 d2 e6 15 ce d0 29 1d 99 b1 29 58 04 58 e8 ea 13 c6 62 fc b0 58 ad c3 8d 
2c 60 06 34 3c e9 2b 2e d6 41 e8 22 99 e0 fe 70 a9 5e 9e ff 10 e0 eb dc 63 a2 bc 7f 5b 21 57 c3 
bf 3d ec 19 df 58 59 ce 70 42 26 b8 60 28 b7 36 30 de fe 07 7f b5 54 27 ac 91 0c ed f3 40 1e 4c 
2c db 0e 30 b4 0d 5b 54 24 f0 6b 9a e8 c2 23 8b 3e f1 8a 02 9c 7d 92 29 f3 d7 0b be 4d 99 50 81 
0c c9 b7 0a 62 ce a6 4b d4 1c ec d1 40 78 ef 55 e4 b4 01 fd 68 f7 ab 00 c5 2d 
.iz..X.....G..K5....\.Z.\..*..}..|3......MW. 4.:n2....;../Fk<a.".Q.>e.sLP....I"U.nU.....R.k.G..e
.(|.m.}......)...)X.X....b..X...,`.4<.+..A."...p.^......c...[!W..=...XY.pB&.`(.60.....T'.....@.L
,..0..[T$.k...#.>....}.)....M.P.....b..K....@x.U....h....-

MRGN->Client [06:06:51 07/24/09] packet size: 49
30 99 0c 1e a0 58 d1 91 00 16 f9 9f e4 44 05 37 be 9c e2 48 5b d9 e3 44 a1 09 c9 ec 16 8e 58 32 
92 f0 aa 5f 02 c7 bf 46 8b f8 bf 98 e7 66 37 1f 2a 
0....X.......D.7...H[..D......X2..._...F.....f7.*

MRGN->Client [06:06:51 07/24/09] packet size: 49
30 fb b0 93 5c 96 9b 17 24 12 82 58 f6 4f b5 08 03 ef a0 cb c0 25 45 99 0d 10 99 d2 08 f6 a8 32 
7e 41 21 f0 c8 98 48 16 c0 05 dc 3a 62 27 a0 b3 f5 
0...\...$..X.O.......%E........2~A!...H....:b'...

Client->GAME [06:06:51 07/24/09] packet size: 43
00 00 00 00 00 00 03 08 00 00 00 9c 63 09 00 00 00 00 00 84 03 00 00 00 00 00 00 e3 d0 30 c4 4f 
1e cc d0 82 72 be c9 5f 89 7f db 
............c................0.O....r.._...

GAME->Client [06:06:51 07/24/09] packet size: 7
00 00 00 00 00 00 05 
.......

GAME->Client [06:06:51 07/24/09] packet size: 7
00 00 00 00 00 00 05 
.......

GAME->Client [06:06:51 07/24/09] packet size: 7
00 00 00 00 00 00 05 
.......

GAME->Client [06:06:51 07/24/09] packet size: 7
00 00 00 00 00 00 05 
.......

GAME->Client [06:06:51 07/24/09] packet size: 7
00 00 00 00 00 00 05 
.......

MRGN->Client [06:06:51 07/24/09] packet size: 33
20 ab 3e d5 26 94 56 b9 f8 25 31 97 3b 72 97 33 59 6b df c9 62 1e 99 d1 77 6e cf e3 de 8f b0 ba 
22 
 .>.&.V..%1.;r.3Yk..b...wn......"

MRGN->Client [06:06:51 07/24/09] packet size: 6
00 00 00 00 00 00 
......

GAME->Client [06:06:51 07/24/09] packet size: 1326 CRYPTED, Flags: 0 ServerSeq: 1 ClientSeq: 0
82 ae 31 6a 47 04 01 00 00 3d 71 06 0e 00 01 00 00 00 ae 31 6a 47 01 44 00 34 00 72 65 73 6f 75 
72 63 65 2f 77 6f 72 6c 64 73 2f 66 69 6e 61 6c 5f 77 6f 72 6c 64 2f 73 6c 75 6d 73 5f 62 61 72 
72 65 6e 73 5f 66 75 6c 6c 2e 6d 65 74 72 00 2b 00 48 61 6c 6c 6f 77 65 65 6e 5f 45 76 65 6e 74 
2c 57 69 6e 74 65 72 33 48 61 6c 6c 6f 77 65 65 6e 46 6c 79 45 79 65 54 53 45 43 00 0a 80 e5 e7 
cb c0 12 00 00 00 00 0a 80 e4 10 f5 79 ee 00 00 00 00 08 80 b2 4e 00 08 00 08 02 08 80 b2 52 00 
1e 00 08 02 08 80 b2 54 00 0d 00 08 02 08 80 b2 4f 00 08 00 08 02 08 80 b2 51 00 1e 00 08 02 08 
80 b2 11 00 32 00 08 02 16 80 bc 45 03 11 00 00 02 00 00 00 11 00 32 00 00 00 00 00 00 00 00 16 
80 bc 45 00 02 00 00 02 00 00 00 cc 00 0c 00 00 00 00 00 00 00 00 16 80 bc 45 00 03 00 00 0b 00 
00 00 37 02 96 00 00 00 00 00 00 00 00 16 80 bc 45 00 04 00 00 2d 00 00 00 23 04 0a 00 00 00 00 
00 00 00 00 16 80 bc 45 00 05 00 00 2d 00 00 00 20 04 0a 00 00 00 00 00 00 00 00 16 80 bc 45 00 
06 00 00 2d 00 00 00 19 04 05 00 00 00 00 00 00 00 00 16 80 bc 45 00 07 00 00 2d 00 00 00 42 04 
05 00 00 00 00 00 00 00 00 16 80 bc 45 00 08 00 00 34 00 00 00 83 02 c8 00 00 00 00 00 00 00 00 
08 80 b2 3d 04 00 00 08 02 16 80 bc 45 03 3d 04 00 43 00 00 00 3d 04 00 00 00 00 00 00 00 00 00 
16 80 bc 45 00 09 00 00 4b 00 00 00 1f 04 19 00 00 00 00 00 00 00 00 16 80 bc 45 00 0a 00 00 5f 
00 00 00 7c 04 0f 00 00 00 00 00 00 00 00 16 80 bc 45 00 0b 00 00 5f 00 00 00 07 04 0f 00 00 00 
00 00 00 00 00 16 80 bc 45 00 0c 00 00 62 00 00 00 06 04 01 00 00 00 00 00 00 00 00 08 80 b2 35 
04 00 00 08 02 16 80 bc 45 03 35 04 00 62 00 00 00 35 04 00 00 00 00 00 00 00 00 00 16 80 bc 45 
00 0d 00 00 62 00 00 00 15 04 01 00 00 00 00 00 00 00 00 16 80 bc 45 00 0e 00 00 a5 00 00 00 c0 
02 05 00 00 00 00 00 00 00 00 16 80 bc 45 00 0f 00 00 d7 00 00 00 bf 02 05 00 00 00 00 00 00 00 
00 16 80 bc 45 00 10 00 00 2a 01 00 00 7e 02 04 00 00 00 00 00 00 00 00 16 80 bc 45 00 11 00 00 
2a 01 00 00 cc 00 00 00 00 00 00 00 00 00 00 08 80 b2 3e 04 00 00 08 02 16 80 bc 45 03 3e 04 00 
4f 01 00 00 3e 04 00 00 00 00 00 00 00 00 00 16 80 bc 45 00 12 00 00 5a 01 00 00 07 04 05 00 00 
00 00 00 00 00 00 16 80 bc 45 00 13 00 00 5a 01 00 00 1d 04 0f 00 00 00 00 00 00 00 00 08 80 b2 
3f 04 00 00 08 02 16 80 bc 45 03 3f 04 00 64 01 00 00 3f 04 00 00 00 00 00 00 00 00 00 16 80 bc 
45 00 14 00 00 64 01 00 00 1f 04 05 00 00 00 00 00 00 00 00 16 80 bc 45 00 15 00 00 66 01 00 00 
7b 04 05 00 00 00 00 00 00 00 00 16 80 bc 45 00 16 00 00 66 01 00 00 12 04 0a 00 00 00 00 00 00 
00 00 16 80 bc 45 00 17 00 00 66 01 00 00 06 04 0b 00 00 00 00 00 00 00 00 16 80 bc 45 00 18 00 
00 8e 01 00 00 03 04 05 00 00 00 00 00 00 00 00 16 80 bc 45 00 19 00 00 8e 01 00 00 12 04 0f 00 
00 00 00 00 00 00 00 16 80 bc 45 00 1a 00 00 8e 01 00 00 77 04 05 00 00 00 00 00 00 00 00 16 80 
bc 45 00 1b 00 00 cd 01 00 00 e5 03 05 00 00 00 00 00 00 00 00 16 80 bc 45 00 1c 00 00 cd 01 00 
00 73 04 05 00 00 00 00 00 00 00 00 16 80 bc 45 00 1d 00 00 cd 01 00 00 e3 03 0f 00 00 00 00 00 
00 00 00 08 80 b2 40 04 00 00 08 02 16 80 bc 45 03 40 04 00 d5 01 00 00 40 04 00 00 00 00 00 00 
00 00 00 16 80 bc 45 00 1e 00 00 d5 01 00 00 e3 03 05 00 00 00 00 00 00 00 00 16 80 bc 45 00 1f 
00 00 36 02 00 00 37 02 0a 00 00 00 00 00 00 00 00 16 80 bc 45 00 20 00 00 74 02 00 00 34 02 1e 
00 00 00 00 00 00 00 00 16 80 bc 56 00 21 00 00 c5 a7 00 00 7e 02 16 00 00 00 00 00 00 00 00 16 
80 bc 56 00 22 00 00 c5 a7 00 00 cc 00 19 00 00 00 00 00 00 00 00 16 80 bc 56 00 23 00 00 c5 a7 
00 00 41 02 28 00 00 00 00 00 00 00 00 16 80 bc 56 00 24 00 00 c5 a7 00 00 09 04 16 00 00 00 00 
00 00 00 00 16 80 bc 56 00 25 00 00 c5 a7 00 00 16 04 01 00 00 00 00 00 00 00 00 16 80 bc 56 00 
26 00 00 95 b7 00 00 b4 00 16 00 00 00 00 00 00 00 00 16 80 bc 56 00 27 00 00 95 b7 00 00 09 04 
16 00 00 00 00 00 00 00 00 16 80 bc 56 00 28 00 00 95 b7 00 00 9d 00 16 00 00 00 00 00 00 00 00 
16 80 bc 56 00 29 00 00 95 b7 00 00 b5 00 16 00 00 00 00 00 00 00 00 16 80 bc 56 00 2a 00 00 24 
b3 00 00 89 02 02 00 00 00 00 00 00 00 00 
..1jG....=q........1jG.D.4.resource/worlds/final_world/slums_barrens_full.metr.+.Halloween_Event
,Winter3HalloweenFlyEyeTSEC.................y........N........R........T........O........Q......
....2......E..........2...........E......................E........7.............E....-...#......
.......E....-... .............E....-.................E....-...B.............E....4..............
...=........E.=..C...=.............E....K.................E...._...|.............E...._.........
........E....b.................5........E.5..b...5.............E....b.................E.........
.............E......................E....*...~.............E....*.................>........E.>..
O...>.............E....Z.................E....Z.................?........E.?..d...?.............
E....d.................E....f...{.............E....f.................E....f.................E...
...................E......................E........w.............E......................E.......
.s.............E......................@........E.@......@.............E......................E..
..6...7.............E. ..t...4.............V.!......~.............V."....................V.#....
..A.(...........V.$....................V.%....................V.&....................V.'........
............V.(....................V.)....................V.*..$..............

MRGN->Client [06:06:51 07/24/09] packet size: 6
00 00 00 00 00 00 
......

GAME->Client [06:06:52 07/24/09] packet size: 1072 CRYPTED, Flags: 0 ServerSeq: 2 ClientSeq: 0
02 04 03 00 3d 06 16 80 bc 56 00 2b 00 00 24 b3 00 00 1a 04 01 00 00 00 00 00 00 00 00 16 80 bc 
56 00 2c 00 00 24 b3 00 00 b4 00 21 00 00 00 00 00 00 00 00 16 80 bc 56 00 2d 00 00 24 b3 00 00 
09 04 21 00 00 00 00 00 00 00 00 16 80 bc 56 00 2e 00 00 24 b3 00 00 15 04 02 00 00 00 00 00 00 
00 00 16 80 bc 56 00 2f 00 00 24 b3 00 00 b5 00 21 00 00 00 00 00 00 00 00 16 80 bc 56 00 30 00 
00 95 a7 00 00 b4 00 12 00 00 00 00 00 00 00 00 00 43 17 16 80 bc 56 00 31 00 00 95 a7 00 00 b5 
00 12 00 00 00 00 00 00 00 00 16 80 bc 56 00 32 00 00 95 a7 00 00 09 04 12 00 00 00 00 00 00 00 
00 16 80 bc 56 00 33 00 00 95 a7 00 00 70 00 0f 00 00 00 00 00 00 00 00 16 80 bc 56 00 34 00 00 
2c b3 00 00 17 04 01 00 00 00 00 00 00 00 00 16 80 bc 56 00 35 00 00 2c b3 00 00 b4 00 21 00 00 
00 00 00 00 00 00 16 80 bc 56 00 36 00 00 2c b3 00 00 09 04 21 00 00 00 00 00 00 00 00 16 80 bc 
56 00 37 00 00 2c b3 00 00 12 04 02 00 00 00 00 00 00 00 00 16 80 bc 56 00 38 00 00 2c b3 00 00 
07 04 02 00 00 00 00 00 00 00 00 16 80 bc 56 00 39 00 00 2c b3 00 00 b5 00 21 00 00 00 00 00 00 
00 00 16 80 bc 56 00 3a 00 00 c3 b2 00 00 89 02 02 00 00 00 00 00 00 00 00 16 80 bc 56 00 3b 00 
00 c3 b2 00 00 21 04 02 00 00 00 00 00 00 00 00 16 80 bc 56 00 3c 00 00 c3 b2 00 00 b4 00 1f 00 
00 00 00 00 00 00 00 16 80 bc 56 00 3d 00 00 c3 b2 00 00 09 04 1f 00 00 00 00 00 00 00 00 16 80 
bc 56 00 3e 00 00 c3 b2 00 00 1e 04 01 00 00 00 00 00 00 00 00 16 80 bc 56 00 3f 00 00 c3 b2 00 
00 9d 00 1f 00 00 00 00 00 00 00 00 16 80 bc 15 00 40 00 00 f7 03 00 00 08 02 00 00 00 00 00 00 
00 00 00 16 80 bc 15 00 41 00 00 f7 03 00 00 07 02 ec ff ff ff 00 00 00 00 00 16 80 bc 15 00 42 
00 00 f7 03 00 00 50 04 00 00 00 00 00 00 00 00 00 16 80 bc 15 00 43 00 00 f7 03 00 00 f4 03 00 
00 00 00 00 00 00 00 00 16 80 bc 15 00 44 00 00 f7 03 00 00 51 04 f6 ff ff ff 00 00 00 00 00 16 
80 bc 15 00 45 00 00 f7 03 00 00 52 04 0f 00 00 00 00 00 00 00 00 2f 47 00 00 04 01 00 00 00 00 
00 00 00 00 00 00 00 00 00 00 00 1a 00 06 00 00 00 01 00 00 00 00 01 01 00 00 00 00 00 80 00 00 
00 00 00 00 00 00 24 2e 07 00 00 00 00 00 00 00 00 00 00 00 59 00 00 2e 00 00 00 00 00 00 00 00 
00 00 00 00 00 00 00 00 00 00 00 00 5a 02 81 1a 80 86 75 d4 01 00 4b b1 00 00 01 21 00 93 f5 01 
00 75 d4 01 00 00 00 00 00 32 00 14 02 00 00 18 01 0f 00 52 65 73 65 72 76 6f 69 72 20 44 6f 67 
73 00 06 00 00 75 d4 01 00 41 66 74 65 72 57 68 6f 72 75 4e 65 6f 00 00 00 00 00 00 00 00 00 00 
00 00 00 00 00 00 00 00 00 01 00 99 10 01 00 43 68 65 72 62 65 72 75 73 00 00 00 00 00 00 00 00 
00 00 00 00 00 00 00 00 00 00 00 00 00 00 00 00 00 93 f5 01 00 54 68 65 41 76 65 6e 4e 69 67 65 
72 61 00 00 00 00 00 00 00 00 00 00 00 00 00 00 00 00 00 00 00 00 00 ee 55 02 00 4c 31 7a 5a 00 
00 00 00 00 00 00 00 00 00 00 00 00 00 00 00 00 00 00 00 00 00 00 00 00 00 00 00 00 00 c2 98 02 
00 4b 61 72 74 68 6f 73 00 00 00 00 00 00 00 00 00 00 00 00 00 00 00 00 00 00 00 00 00 00 00 00 
00 00 00 62 f9 02 00 54 68 65 57 68 6f 72 75 4e 65 6f 00 00 00 00 00 00 00 00 00 00 00 00 00 00 
00 00 00 00 00 00 00 00 00 00 45 7c 75 d4 01 00 31 5e 00 00 01 00 00 01 0f 00 34 00 01 54 68 65 
20 44 75 61 6c 69 74 79 00 92 11 00 0d 60 1c 91 c4 00 00 00 00 00 80 14 8b 0b c1 00 00 00 00 00 
80 46 40 00 00 00 80 02 2f d8 01 00 66 a9 56 03 
....=....V.+..$.................V.,..$.....!...........V.-..$.....!...........V....$............
.....V./..$.....!...........V.0..................C....V.1....................V.2................
....V.3......p.............V.4..,.................V.5..,.....!...........V.6..,.....!...........
V.7..,.................V.8..,.................V.9..,.....!...........V.:....................V.;.
.....!.............V.<....................V.=....................V.>....................V.?.....
.................@......................A......................B......P...............C.........
.............D......Q...............E......R........../G........................................
......$.............Y.......................Z.....u...K....!.....u.......2.........Reservoir Dog
s....u...AfterWhoruNeo.........................Cherberus.............................TheAvenNige
ra......................U..L1zZ..................................Karthos........................
...b...TheWhoruNeo........................E|u...1^........4..The Duality.....`..................
.F@...../...f.V.

Client->GAME [06:06:52 07/24/09] packet size: 6 CRYPTED, Flags: 1 ServerSeq: 1 ClientSeq: 1
02 05 02 0c 00 00 
......

GAME->Client [06:06:52 07/24/09] packet size: 1146 CRYPTED, Flags: 1 ServerSeq: 3 ClientSeq: 1
02 04 02 00 5c 02 82 48 7c 75 d4 01 00 31 5e 00 00 02 00 01 02 0f 00 37 02 4b b1 00 00 52 65 73 
65 72 76 6f 69 72 20 44 6f 67 73 00 91 c4 00 00 00 00 00 80 14 8b 0b c1 00 00 00 00 00 80 46 40 
00 00 00 80 93 f5 01 00 54 68 65 41 76 65 6e 4e 69 67 65 72 61 00 86 00 61 7c 02 00 c0 73 00 00 
00 00 00 00 00 00 20 70 00 02 13 71 00 00 44 75 61 6c 69 74 79 00 20 62 6f 6f 73 74 65 72 20 6c 
75 67 67 61 62 6c 65 73 20 74 68 65 6e 20 79 6f 75 20 63 6f 75 25 2f 01 00 4d 65 64 61 6e 69 61 
00 20 69 6e 73 69 64 65 20 73 6f 6d 65 77 68 65 72 65 2e 00 65 20 73 6f 6d 00 02 46 71 00 00 48 
69 67 68 73 70 65 65 64 00 0b 00 00 9e 0c 00 00 64 0c 00 00 63 0c 00 00 c1 0b 00 00 62 0c 00 00 
61 0c 00 00 fe 0a 66 ec 01 00 53 6f 6e 67 61 00 25 0c 00 00 24 0c 00 00 52 0c 00 00 f7 09 00 00 
f6 09 00 00 ea 07 00 00 47 0c 00 02 35 72 00 00 52 65 76 6f 6c 75 74 69 6f 6e 00 00 0d 0c 00 00 
c7 08 00 00 0b 06 00 00 07 06 00 00 08 06 00 00 7e 05 00 00 e9 05 00 bc d2 01 00 43 65 72 69 6f 
6e 65 00 00 45 0c 00 00 44 0c 00 00 06 0c 00 00 05 0c 00 00 04 0c 00 00 32 06 00 00 03 c6 72 00 
00 4b 69 6e 64 65 72 20 64 65 73 20 5a 6f 72 6e 73 00 00 00 43 0a 00 00 03 0c 00 00 02 0c 00 00 
01 0c 00 00 00 0c 00 00 6b db 01 00 50 61 72 74 79 61 6e 69 6d 61 6c 00 fb 0b 00 00 a3 0a 00 00 
a2 0a 00 00 a1 0a 00 00 b4 0a 00 00 00 03 2d 74 00 00 7a 69 6f 6e 73 20 74 61 63 20 6f 70 73 00 
43 0c 00 00 82 05 00 00 da 07 00 00 83 04 00 00 b4 01 00 00 b3 01 00 00 8f 2f d8 01 00 65 6e 74 
69 6c 73 61 72 00 00 00 88 01 00 00 87 01 00 00 86 01 00 00 47 0b 00 00 e0 07 00 00 41 00 01 02 
a4 00 00 47 65 72 6d 61 6e 53 6f 6c 64 69 65 72 73 00 00 00 82 01 00 00 81 01 00 00 46 0b 00 00 
80 01 00 00 7f 01 00 00 7d 01 86 4c 02 00 53 79 6d 62 69 00 c0 01 00 00 d4 03 00 00 b6 04 00 00 
b5 04 00 00 b3 04 00 00 b4 04 00 00 b1 04 00 03 48 81 a9 00 00 07 00 05 3f 00 68 74 74 70 3a 2f 
2f 74 68 65 6d 61 74 72 69 78 6f 6e 6c 69 6e 65 2e 73 74 61 74 69 6f 6e 2e 73 6f 6e 79 2e 63 6f 
6d 2f 70 72 6f 63 65 73 73 46 6c 61 73 68 54 72 61 66 66 69 63 2e 76 6d 00 00 5e 0b 2f 80 d7 08 
00 3c 00 00 8e 25 00 53 4f 45 2b 4d 58 4f 2b 56 65 63 74 6f 72 2d 48 6f 73 74 69 6c 65 2b 54 68 
65 41 76 65 6e 4e 69 67 65 72 61 00 29 80 d7 08 00 3c 00 00 8e 1f 00 53 4f 45 2b 4d 58 4f 2b 56 
65 63 74 6f 72 2d 48 6f 73 74 69 6c 65 2b 62 6d 61 39 39 39 39 00 27 80 d7 08 00 3c 00 00 8e 1d 
00 53 4f 45 2b 4d 58 4f 2b 56 65 63 74 6f 72 2d 48 6f 73 74 69 6c 65 2b 43 68 72 79 6c 00 2a 80 
d7 08 00 3c 00 00 8e 20 00 53 4f 45 2b 4d 58 4f 2b 56 65 63 74 6f 72 2d 48 6f 73 74 69 6c 65 2b 
65 6e 74 69 6c 73 61 72 00 29 80 d7 08 00 3c 00 00 8e 1f 00 53 4f 45 2b 4d 58 4f 2b 56 65 63 74 
6f 72 2d 48 6f 73 74 69 6c 65 2b 4d 65 64 61 6e 69 61 00 29 80 d7 08 00 3c 00 00 8e 1f 00 53 4f 
45 2b 4d 58 4f 2b 56 65 63 74 6f 72 2d 48 6f 73 74 69 6c 65 2b 4d 65 64 61 6e 6f 6e 00 28 80 d7 
08 00 3c 00 00 8e 1e 00 53 4f 45 2b 4d 58 4f 2b 56 65 63 74 6f 72 2d 48 6f 73 74 69 6c 65 2b 53 
74 65 76 65 42 00 30 80 d7 08 00 3c 00 00 8e 26 00 53 4f 45 2b 4d 58 4f 2b 56 65 63 74 6f 72 2d 
48 6f 73 74 69 6c 65 2b 52 75 6e 6e 69 6e 67 57 69 6c 64 33 30 35 00 2d 80 d7 08 00 3c 00 00 8e 
23 00 53 4f 45 2b 4d 58 4f 2b 56 65 63 74 6f 72 2d 48 6f 73 74 69 6c 65 2b 52 75 6e 6e 69 6e 67 
77 69 6c 64 00 28 80 d7 08 00 3c 00 00 8e 1e 00 53 4f 45 2b 4d 58 4f 2b 56 65 63 74 6f 72 2d 48 
6f 73 74 69 6c 65 2b 72 59 75 67 65 6e 00 2b 80 d7 08 00 3c 00 00 8e 21 00 53 4f 45 2b 4d 58 4f 
2b 56 65 63 74 6f 72 2d 48 6f 73 74 69 6c 65 2b 41 72 6d 69 6e 61 74 6f 72 00 
....\..H|u...1^........7.K...Reservoir Dogs...................F@........TheAvenNigera...a|...s..
...... p...q..Duality. booster luggables then you cou%/..Medania. inside somewhere..e som..Fq..H
ighspeed........d...c.......b...a.....f...Songa.%...$...R...............G...5r..Revolution......
................~..........Cerione..E...D...............2.....r..Kinder des Zorns...C...........
........k...Partyanimal.......................-t..zions tac ops.C......................../...ent
ilsar...............G.......A......GermanSoldiers...........F...........}..L..Symbi.............
................H.......?.http://thematrixonline.station.sony.com/processFlashTraffic.vm..^./...
.<...%.SOE+MXO+Vector-Hostile+TheAvenNigera.)....<.....SOE+MXO+Vector-Hostile+bma9999.'....<....
.SOE+MXO+Vector-Hostile+Chryl.*....<... .SOE+MXO+Vector-Hostile+entilsar.)....<.....SOE+MXO+Vect
or-Hostile+Medania.)....<.....SOE+MXO+Vector-Hostile+Medanon.(....<.....SOE+MXO+Vector-Hostile+S
teveB.0....<...&.SOE+MXO+Vector-Hostile+RunningWild305.-....<...#.SOE+MXO+Vector-Hostile+Running
wild.(....<.....SOE+MXO+Vector-Hostile+rYugen.+....<...!.SOE+MXO+Vector-Hostile+Arminator.

Client->GAME [06:06:52 07/24/09] packet size: 8 CRYPTED, Flags: 1 ServerSeq: 1 ClientSeq: 2
02 04 01 00 00 01 01 05 
........

Client->GAME [06:06:52 07/24/09] packet size: 1 CRYPTED, Flags: 7 ServerSeq: 3 ClientSeq: 3
02 
.

GAME->Client [06:06:52 07/24/09] packet size: 211 CRYPTED, Flags: 7 ServerSeq: 4 ClientSeq: 3
02 03 01 00 0c 0c 00 04 cd ab 1a 8b 81 ff 71 02 00 00 41 6e 64 65 72 73 6f 6e 00 00 00 00 00 00 
00 00 00 00 00 00 00 00 00 00 00 00 00 00 00 00 00 00 90 54 68 6f 6d 61 73 00 00 00 00 00 00 00 
00 00 00 00 00 00 00 00 00 00 00 00 00 00 00 00 00 00 00 80 98 28 0a 25 8e 81 ff f7 00 31 5e 00 
00 c6 67 00 41 66 74 65 72 57 68 6f 72 75 4e 65 6f 00 00 00 00 00 00 00 00 00 00 00 00 00 00 00 
00 00 00 00 28 0a fd 64 01 00 00 67 00 75 d4 01 00 4b b1 00 00 00 00 23 1a e9 90 80 b0 04 02 02 
8e 00 00 00 f7 00 9d 00 00 00 60 76 89 f0 c0 00 00 00 00 00 c0 57 40 00 00 00 60 26 f2 cf 40 81 
ff 32 22 80 88 a8 1c 01 00 10 00 00 67 00 02 00 00 00 00 
..............q...Anderson.........................Thomas............................(.%.....1^.
..g.AfterWhoruNeo...................(..d...g.u...K.....#..................`v.........W@...`&..@.
.2".........g......

Client->GAME [06:06:53 07/24/09] packet size: 55 CRYPTED, Flags: f ServerSeq: 4 ClientSeq: 4
02 03 02 00 02 60 08 41 6e 64 65 72 73 6f 6e 06 54 68 6f 6d 61 73 00 00 04 01 00 01 05 02 80 be 
07 3f 45 00 10 00 00 00 08 3e 6b ee 03 00 00 00 00 02 81 48 02 0c 01 
.....`.Anderson.Thomas...........?E......>k........H...

GAME->Client [06:06:53 07/24/09] packet size: 698 CRYPTED, Flags: f ServerSeq: 5 ClientSeq: 4
82 d8 33 6a 47 03 02 00 02 80 80 80 80 80 90 11 00 00 00 01 00 00 00 01 00 00 04 01 00 69 1d 16 
80 bc 56 00 21 00 00 c5 a7 00 00 7e 02 16 00 00 00 01 00 00 00 00 16 80 bc 56 00 22 00 00 c5 a7 
00 00 cc 00 19 00 00 00 01 00 00 00 00 16 80 bc 56 00 23 00 00 c5 a7 00 00 41 02 28 00 00 00 01 
00 00 00 00 16 80 bc 56 00 24 00 00 c5 a7 00 00 09 04 16 00 00 00 01 00 00 00 00 16 80 bc 56 00 
25 00 00 c5 a7 00 00 16 04 01 00 00 00 01 00 00 00 00 16 80 bc 56 00 46 00 00 c5 a7 00 00 7e 02 
16 00 00 00 00 00 00 00 00 16 80 bc 56 00 47 00 00 c5 a7 00 00 cc 00 19 00 00 00 00 00 00 00 00 
16 80 bc 56 00 48 00 00 c5 a7 00 00 41 02 28 00 00 00 00 00 00 00 00 16 80 bc 56 00 49 00 00 c5 
a7 00 00 09 04 16 00 00 00 00 00 00 00 00 16 80 bc 56 00 4a 00 00 c5 a7 00 00 16 04 01 00 00 00 
00 00 00 00 00 16 80 bc 56 00 26 00 00 95 b7 00 00 b4 00 16 00 00 00 01 00 00 00 00 16 80 bc 56 
00 27 00 00 95 b7 00 00 09 04 16 00 00 00 01 00 00 00 00 16 80 bc 56 00 28 00 00 95 b7 00 00 9d 
00 16 00 00 00 01 00 00 00 00 16 80 bc 56 00 29 00 00 95 b7 00 00 b5 00 16 00 00 00 01 00 00 00 
00 16 80 bc 56 00 4b 00 00 95 b7 00 00 b4 00 16 00 00 00 00 00 00 00 00 16 80 bc 56 00 4c 00 00 
95 b7 00 00 09 04 16 00 00 00 00 00 00 00 00 16 80 bc 56 00 4d 00 00 95 b7 00 00 9d 00 16 00 00 
00 00 00 00 00 00 16 80 bc 56 00 4e 00 00 95 b7 00 00 b5 00 16 00 00 00 00 00 00 00 00 16 80 bc 
56 00 2a 00 00 24 b3 00 00 89 02 02 00 00 00 01 00 00 00 00 16 80 bc 56 00 2b 00 00 24 b3 00 00 
1a 04 01 00 00 00 01 00 00 00 00 16 80 bc 56 00 2c 00 00 24 b3 00 00 b4 00 21 00 00 00 01 00 00 
00 00 16 80 bc 56 00 2d 00 00 24 b3 00 00 09 04 21 00 00 00 01 00 00 00 00 16 80 bc 56 00 2e 00 
00 24 b3 00 00 15 04 02 00 00 00 01 00 00 00 00 16 80 bc 56 00 2f 00 00 24 b3 00 00 b5 00 21 00 
00 00 01 00 00 00 00 16 80 bc 56 00 4f 00 00 24 b3 00 00 89 02 02 00 00 00 00 00 00 00 00 16 80 
bc 56 00 50 00 00 24 b3 00 00 1a 04 01 00 00 00 00 00 00 00 00 16 80 bc 56 00 51 00 00 24 b3 00 
00 b4 00 21 00 00 00 00 00 00 00 00 16 80 bc 56 00 52 00 00 24 b3 00 00 09 04 21 00 00 00 00 00 
00 00 00 16 80 bc 56 00 53 00 00 24 b3 00 00 15 04 02 00 00 00 00 00 00 00 00 
..3jG........................i....V.!......~.............V."....................V.#......A.(....
.......V.$....................V.%....................V.F......~.............V.G.................
...V.H......A.(...........V.I....................V.J....................V.&....................V
.'....................V.(....................V.)....................V.K....................V.L..
..................V.M....................V.N....................V.*..$.................V.+..$...
..............V.,..$.....!...........V.-..$.....!...........V....$.................V./..$.....!.
..........V.O..$.................V.P..$.................V.Q..$.....!...........V.R..$.....!.....
......V.S..$..............

GAME->Client [06:06:53 07/24/09] packet size: 696 CRYPTED, Flags: f ServerSeq: 6 ClientSeq: 4
02 04 01 00 86 1e 16 80 bc 56 00 54 00 00 24 b3 00 00 b5 00 21 00 00 00 00 00 00 00 00 16 80 bc 
56 00 30 00 00 95 a7 00 00 b4 00 12 00 00 00 01 00 00 00 00 16 80 bc 56 00 31 00 00 95 a7 00 00 
b5 00 12 00 00 00 01 00 00 00 00 16 80 bc 56 00 32 00 00 95 a7 00 00 09 04 12 00 00 00 01 00 00 
00 00 16 80 bc 56 00 33 00 00 95 a7 00 00 70 00 0f 00 00 00 01 00 00 00 00 16 80 bc 56 00 55 00 
00 95 a7 00 00 b4 00 12 00 00 00 00 00 00 00 00 16 80 bc 56 00 56 00 00 95 a7 00 00 b5 00 12 00 
00 00 00 00 00 00 00 16 80 bc 56 00 57 00 00 95 a7 00 00 09 04 12 00 00 00 00 00 00 00 00 16 80 
bc 56 00 58 00 00 95 a7 00 00 70 00 0f 00 00 00 00 00 00 00 00 16 80 bc 56 00 34 00 00 2c b3 00 
00 17 04 01 00 00 00 01 00 00 00 00 16 80 bc 56 00 35 00 00 2c b3 00 00 b4 00 21 00 00 00 01 00 
00 00 00 16 80 bc 56 00 36 00 00 2c b3 00 00 09 04 21 00 00 00 01 00 00 00 00 16 80 bc 56 00 37 
00 00 2c b3 00 00 12 04 02 00 00 00 01 00 00 00 00 16 80 bc 56 00 38 00 00 2c b3 00 00 07 04 02 
00 00 00 01 00 00 00 00 16 80 bc 56 00 39 00 00 2c b3 00 00 b5 00 21 00 00 00 01 00 00 00 00 16 
80 bc 56 00 59 00 00 2c b3 00 00 17 04 01 00 00 00 00 00 00 00 00 16 80 bc 56 00 5a 00 00 2c b3 
00 00 b4 00 21 00 00 00 00 00 00 00 00 16 80 bc 56 00 5b 00 00 2c b3 00 00 09 04 21 00 00 00 00 
00 00 00 00 16 80 bc 56 00 5c 00 00 2c b3 00 00 12 04 02 00 00 00 00 00 00 00 00 16 80 bc 56 00 
5d 00 00 2c b3 00 00 07 04 02 00 00 00 00 00 00 00 00 16 80 bc 56 00 5e 00 00 2c b3 00 00 b5 00 
21 00 00 00 00 00 00 00 00 16 80 bc 56 00 3a 00 00 c3 b2 00 00 89 02 02 00 00 00 01 00 00 00 00 
16 80 bc 56 00 3b 00 00 c3 b2 00 00 21 04 02 00 00 00 01 00 00 00 00 16 80 bc 56 00 3c 00 00 c3 
b2 00 00 b4 00 1f 00 00 00 01 00 00 00 00 16 80 bc 56 00 3d 00 00 c3 b2 00 00 09 04 1f 00 00 00 
01 00 00 00 00 16 80 bc 56 00 3e 00 00 c3 b2 00 00 1e 04 01 00 00 00 01 00 00 00 00 16 80 bc 56 
00 3f 00 00 c3 b2 00 00 9d 00 1f 00 00 00 01 00 00 00 00 16 80 bc 56 00 5f 00 00 c3 b2 00 00 89 
02 02 00 00 00 00 00 00 00 00 16 80 bc 56 00 60 00 00 c3 b2 00 00 21 04 02 00 00 00 00 00 00 00 
00 16 80 bc 56 00 61 00 00 c3 b2 00 00 b4 00 1f 00 00 00 00 00 00 00 00 
.........V.T..$.....!...........V.0....................V.1....................V.2...............
.....V.3......p.............V.U....................V.V....................V.W...................
.V.X......p.............V.4..,.................V.5..,.....!...........V.6..,.....!...........V.7
..,.................V.8..,.................V.9..,.....!...........V.Y..,.................V.Z..,.
....!...........V.[..,.....!...........V.\..,.................V.]..,.................V.^..,.....
!...........V.:....................V.;......!.............V.<....................V.=............
........V.>....................V.?....................V._....................V.`......!.........
....V.a.................

Client->GAME [06:06:53 07/24/09] packet size: 1 CRYPTED, Flags: 1f ServerSeq: 5 ClientSeq: 5
02 
.

Client->GAME [06:06:53 07/24/09] packet size: 1 CRYPTED, Flags: 3f ServerSeq: 6 ClientSeq: 6
02 
.

GAME->Client [06:06:53 07/24/09] packet size: 708 CRYPTED, Flags: f ServerSeq: 7 ClientSeq: 4
02 03 01 00 0c f7 bb fa cd ab 02 05 00 00 00 00 8f c2 f5 be 00 00 00 00 52 b8 5e bf 00 00 00 00 
40 6e f0 c0 00 00 00 00 00 c0 57 40 00 00 00 00 00 32 c9 40 0f 00 00 01 00 08 50 02 81 08 f0 34 
0d cd ab 02 09 00 00 00 c0 94 95 f0 c0 00 00 00 00 00 40 60 40 00 00 00 80 59 95 cf 40 00 00 00 
00 e8 0d c8 3e 00 00 00 00 35 a6 6b 3f 0d 00 00 01 00 08 9f 01 10 00 f0 34 f9 cd ab 03 84 00 00 
00 00 f3 04 35 3f 00 00 00 00 f3 04 35 3f 11 00 00 00 00 00 68 f0 c0 00 00 00 00 00 20 62 40 00 
00 00 00 00 7e cd 40 ff ff ff ff 0b 00 00 01 00 08 9c 1b 9b 08 f0 34 7f cd ab 02 09 00 00 00 00 
dd c8 ef c0 00 00 00 00 00 c0 57 40 00 00 00 e0 45 a8 d2 40 00 00 00 00 7f 0d 72 3f 00 00 00 00 
df b0 a6 3e 09 00 00 01 00 0c 68 a7 fb cd ab 01 01 00 00 00 c0 1c 0d ef c0 00 00 00 80 14 6e 4a 
40 00 00 00 20 f5 82 d0 40 07 00 00 01 00 08 db b5 9a 08 f0 34 98 cd ab 01 01 00 00 00 00 80 7e 
ef c0 00 00 00 80 0a bc 57 40 00 00 00 00 00 ad d1 40 05 00 00 01 00 0c 14 a8 f8 cd ab 02 05 00 
00 00 00 9a 99 59 bf 00 00 00 00 b8 1e 05 bf 00 00 00 00 40 6e f0 c0 00 00 00 00 00 c0 57 40 00 
00 00 00 00 fa c9 40 03 00 00 00 00 04 02 00 a4 05 16 80 bc 56 00 62 00 00 c3 b2 00 00 09 04 1f 
00 00 00 00 00 00 00 00 16 80 bc 56 00 63 00 00 c3 b2 00 00 1e 04 01 00 00 00 00 00 00 00 00 16 
80 bc 56 00 64 00 00 c3 b2 00 00 9d 00 1f 00 00 00 00 00 00 00 00 04 80 b3 11 00 16 80 bc 45 03 
11 00 00 02 00 00 00 11 00 32 00 00 00 01 00 00 00 00 00 a9 0b 16 80 bc 45 00 02 00 00 02 00 00 
00 cc 00 0c 00 00 00 01 00 00 00 00 08 80 b2 11 00 32 00 08 02 16 80 bc 45 03 11 00 00 02 00 00 
00 11 00 32 00 00 00 00 00 00 00 00 16 80 bc 55 00 65 00 00 02 00 00 00 cc 00 0c 00 00 00 00 00 
00 00 00 16 80 bc 45 00 03 00 00 0b 00 00 00 37 02 96 00 00 00 01 00 00 00 00 16 80 bc 55 00 66 
00 00 0b 00 00 00 37 02 96 00 00 00 00 00 00 00 00 16 80 bc 45 00 04 00 00 2d 00 00 00 23 04 0a 
00 00 00 01 00 00 00 00 16 80 bc 45 00 05 00 00 2d 00 00 00 20 04 0a 00 00 00 01 00 00 00 00 16 
80 bc 45 00 06 00 00 2d 00 00 00 19 04 05 00 00 00 01 00 00 00 00 16 80 bc 45 00 07 00 00 2d 00 
00 00 42 04 05 00 00 00 01 00 00 00 00 16 80 bc 55 00 67 00 00 2d 00 00 00 23 04 0a 00 00 00 00 
00 00 00 00 
........................R.^.....@n........W@.....2.@......P....4..................@`@....Y..@...
....>....5.k?...........4...........5?......5?......h....... b@.....~.@...............4.........
..........W@....E..@......r?.......>......h...................nJ@... ...@...........4..........~
........W@.......@...................Y.............@n........W@.......@.............V.b.........
...........V.c....................V.d.........................E..........2..............E.......
.................2......E..........2...........U.e....................E........7.............U.f
......7.............E....-...#.............E....-... .............E....-.................E....-.
..B.............U.g..-...#..........

Client->GAME [06:06:53 07/24/09] packet size: 1 CRYPTED, Flags: 7f ServerSeq: 7 ClientSeq: 7
02 
.

GAME->Client [06:06:54 07/24/09] packet size: 692 CRYPTED, Flags: 3f ServerSeq: 8 ClientSeq: 6
02 04 01 00 b4 22 16 80 bc 55 00 68 00 00 2d 00 00 00 20 04 0a 00 00 00 00 00 00 00 00 16 80 bc 
55 00 69 00 00 2d 00 00 00 19 04 05 00 00 00 00 00 00 00 00 16 80 bc 55 00 6a 00 00 2d 00 00 00 
42 04 05 00 00 00 00 00 00 00 00 16 80 bc 45 00 08 00 00 34 00 00 00 83 02 c8 00 00 00 01 00 00 
00 00 16 80 bc 55 00 6b 00 00 34 00 00 00 83 02 c8 00 00 00 00 00 00 00 00 04 80 b3 3d 04 16 80 
bc 45 03 3d 04 00 43 00 00 00 3d 04 00 00 00 00 01 00 00 00 00 08 80 b2 3d 04 00 00 08 02 16 80 
bc 45 03 3d 04 00 43 00 00 00 3d 04 00 00 00 00 00 00 00 00 00 16 80 bc 45 00 09 00 00 4b 00 00 
00 1f 04 19 00 00 00 01 00 00 00 00 16 80 bc 55 00 6c 00 00 4b 00 00 00 1f 04 19 00 00 00 00 00 
00 00 00 16 80 bc 45 00 0a 00 00 5f 00 00 00 7c 04 0f 00 00 00 01 00 00 00 00 16 80 bc 45 00 0b 
00 00 5f 00 00 00 07 04 0f 00 00 00 01 00 00 00 00 16 80 bc 55 00 6d 00 00 5f 00 00 00 7c 04 0f 
00 00 00 00 00 00 00 00 16 80 bc 55 00 6e 00 00 5f 00 00 00 07 04 0f 00 00 00 00 00 00 00 00 16 
80 bc 45 00 0c 00 00 62 00 00 00 06 04 01 00 00 00 01 00 00 00 00 04 80 b3 35 04 16 80 bc 45 03 
35 04 00 62 00 00 00 35 04 00 00 00 00 01 00 00 00 00 16 80 bc 45 00 0d 00 00 62 00 00 00 15 04 
01 00 00 00 01 00 00 00 00 16 80 bc 55 00 6f 00 00 62 00 00 00 06 04 01 00 00 00 00 00 00 00 00 
08 80 b2 35 04 00 00 08 02 16 80 bc 45 03 35 04 00 62 00 00 00 35 04 00 00 00 00 00 00 00 00 00 
16 80 bc 55 00 70 00 00 62 00 00 00 15 04 01 00 00 00 00 00 00 00 00 16 80 bc 45 00 0e 00 00 a5 
00 00 00 c0 02 05 00 00 00 01 00 00 00 00 16 80 bc 55 00 71 00 00 a5 00 00 00 c0 02 05 00 00 00 
00 00 00 00 00 16 80 bc 45 00 0f 00 00 d7 00 00 00 bf 02 05 00 00 00 01 00 00 00 00 16 80 bc 55 
00 72 00 00 d7 00 00 00 bf 02 05 00 00 00 00 00 00 00 00 16 80 bc 45 00 10 00 00 2a 01 00 00 7e 
02 04 00 00 00 01 00 00 00 00 16 80 bc 45 00 11 00 00 2a 01 00 00 cc 00 00 00 00 00 01 00 00 00 
00 16 80 bc 55 00 73 00 00 2a 01 00 00 7e 02 04 00 00 00 00 00 00 00 00 16 80 bc 55 00 74 00 00 
2a 01 00 00 cc 00 00 00 00 00 00 00 00 00 00 04 80 b3 3e 04 16 80 bc 45 03 3e 04 00 4f 01 00 00 
3e 04 00 00 00 00 01 00 00 00 00 08 80 b2 3e 04 00 00 08 02 
....."...U.h..-... .............U.i..-.................U.j..-...B.............E....4............
.....U.k..4.................=....E.=..C...=.............=........E.=..C...=.............E....K..
...............U.l..K.................E...._...|.............E...._.................U.m.._...|..
...........U.n.._.................E....b.................5....E.5..b...5.............E....b.....
............U.o..b.................5........E.5..b...5.............U.p..b.................E.....
.................U.q....................E......................U.r....................E....*...~
.............E....*.................U.s..*...~.............U.t..*.................>....E.>..O...
>.............>.....

Client->GAME [06:06:54 07/24/09] packet size: 1 CRYPTED, Flags: 7f ServerSeq: 8 ClientSeq: 8
02 
.

GAME->Client [06:06:54 07/24/09] packet size: 704 CRYPTED, Flags: 7f ServerSeq: 9 ClientSeq: 7
02 04 02 00 d6 19 16 80 bc 45 03 3e 04 00 4f 01 00 00 3e 04 00 00 00 00 00 00 00 00 00 16 80 bc 
45 00 12 00 00 5a 01 00 00 07 04 05 00 00 00 01 00 00 00 00 16 80 bc 45 00 13 00 00 5a 01 00 00 
1d 04 0f 00 00 00 01 00 00 00 00 16 80 bc 55 00 75 00 00 5a 01 00 00 07 04 05 00 00 00 00 00 00 
00 00 16 80 bc 55 00 76 00 00 5a 01 00 00 1d 04 0f 00 00 00 00 00 00 00 00 04 80 b3 3f 04 16 80 
bc 45 03 3f 04 00 64 01 00 00 3f 04 00 00 00 00 01 00 00 00 00 16 80 bc 45 00 14 00 00 64 01 00 
00 1f 04 05 00 00 00 01 00 00 00 00 08 80 b2 3f 04 00 00 08 02 16 80 bc 45 03 3f 04 00 64 01 00 
00 3f 04 00 00 00 00 00 00 00 00 00 16 80 bc 55 00 77 00 00 64 01 00 00 1f 04 05 00 00 00 00 00 
00 00 00 16 80 bc 45 00 15 00 00 66 01 00 00 7b 04 05 00 00 00 01 00 00 00 00 16 80 bc 45 00 16 
00 00 66 01 00 00 12 04 0a 00 00 00 01 00 00 00 00 16 80 bc 45 00 17 00 00 66 01 00 00 06 04 0b 
00 00 00 01 00 00 00 00 16 80 bc 55 00 78 00 00 66 01 00 00 7b 04 05 00 00 00 00 00 00 00 00 16 
80 bc 55 00 79 00 00 66 01 00 00 12 04 0a 00 00 00 00 00 00 00 00 16 80 bc 55 00 7a 00 00 66 01 
00 00 06 04 0b 00 00 00 00 00 00 00 00 16 80 bc 45 00 18 00 00 8e 01 00 00 03 04 05 00 00 00 01 
00 00 00 00 16 80 bc 45 00 19 00 00 8e 01 00 00 12 04 0f 00 00 00 01 00 00 00 00 16 80 bc 45 00 
1a 00 00 8e 01 00 00 77 04 05 00 00 00 01 00 00 00 00 16 80 bc 55 00 7b 00 00 8e 01 00 00 03 04 
05 00 00 00 00 00 00 00 00 16 80 bc 55 00 7c 00 00 8e 01 00 00 12 04 0f 00 00 00 00 00 00 00 00 
16 80 bc 55 00 7d 00 00 8e 01 00 00 77 04 05 00 00 00 00 00 00 00 00 16 80 bc 45 00 1b 00 00 cd 
01 00 00 e5 03 05 00 00 00 01 00 00 00 00 16 80 bc 45 00 1c 00 00 cd 01 00 00 73 04 05 00 00 00 
01 00 00 00 00 00 ef 08 16 80 bc 45 00 1d 00 00 cd 01 00 00 e3 03 0f 00 00 00 01 00 00 00 00 16 
80 bc 55 00 7e 00 00 cd 01 00 00 e5 03 05 00 00 00 00 00 00 00 00 16 80 bc 55 00 7f 00 00 cd 01 
00 00 73 04 05 00 00 00 00 00 00 00 00 16 80 bc 55 00 80 00 00 cd 01 00 00 e3 03 0f 00 00 00 00 
00 00 00 00 04 80 b3 40 04 16 80 bc 45 03 40 04 00 d5 01 00 00 40 04 00 00 00 00 01 00 00 00 00 
16 80 bc 45 00 1e 00 00 d5 01 00 00 e3 03 05 00 00 00 01 00 00 00 00 08 80 b2 40 04 00 00 08 02 
.........E.>..O...>.............E....Z.................E....Z.................U.u..Z............
.....U.v..Z.................?....E.?..d...?.............E....d.................?........E.?..d..
.?.............U.w..d.................E....f...{.............E....f.................E....f......
...........U.x..f...{.............U.y..f.................U.z..f.................E...............
.......E......................E........w.............U.{....................U.|.................
...U.}......w.............E......................E........s................E....................
..U.~....................U........s.............U......................@....E.@......@..........
...E......................@.....

Client->GAME [06:06:54 07/24/09] packet size: 1 CRYPTED, Flags: 7f ServerSeq: 9 ClientSeq: 9
02 
.

GAME->Client [06:06:54 07/24/09] packet size: 714 CRYPTED, Flags: 7f ServerSeq: 10 ClientSeq: 8
02 04 01 00 f7 1b 16 80 bc 45 03 40 04 00 d5 01 00 00 40 04 00 00 00 00 00 00 00 00 00 16 80 bc 
55 00 81 00 00 d5 01 00 00 e3 03 05 00 00 00 00 00 00 00 00 16 80 bc 45 00 1f 00 00 36 02 00 00 
37 02 0a 00 00 00 01 00 00 00 00 16 80 bc 55 00 82 00 00 36 02 00 00 37 02 0a 00 00 00 00 00 00 
00 00 16 80 bc 45 00 20 00 00 74 02 00 00 34 02 1e 00 00 00 01 00 00 00 00 16 80 bc 55 00 83 00 
00 74 02 00 00 34 02 1e 00 00 00 00 00 00 00 00 16 80 bc 15 00 84 00 00 11 00 00 00 ab 00 0d 00 
00 00 00 00 00 00 00 16 80 bc 15 00 85 00 00 11 00 00 00 0a 02 4d 00 00 00 00 00 00 00 00 16 80 
bc 15 00 86 00 00 11 00 00 00 f2 03 34 00 00 00 00 00 00 00 00 16 80 bc 15 00 87 00 00 11 00 00 
00 ed 03 4d 00 00 00 00 00 00 00 00 16 80 bc 15 00 88 00 00 11 00 00 00 9f 00 19 00 00 00 00 00 
00 00 00 16 80 bc 15 00 89 00 00 11 00 00 00 f1 03 34 00 00 00 00 00 00 00 00 16 80 bc 15 00 8a 
00 00 11 00 00 00 0c 02 34 00 00 00 00 00 00 00 00 16 80 bc 15 00 8b 00 00 11 00 00 00 b7 00 4c 
00 00 00 00 00 00 00 00 16 80 bc 15 00 8c 00 00 11 00 00 00 f3 03 46 00 00 00 00 00 00 00 00 0b 
80 bd 05 11 00 00 00 00 00 00 01 16 80 bc 11 00 8d 00 00 00 00 00 00 cb 02 00 00 00 00 00 00 00 
00 00 17 3a 05 00 11 00 0a 00 50 76 50 53 65 72 76 65 72 00 04 00 06 00 00 00 1d 3a 05 00 17 00 
10 00 50 76 50 4d 61 78 53 61 66 65 4c 65 76 65 6c 00 04 00 0f 00 00 00 41 3a 05 00 14 00 0d 00 
57 52 5f 52 65 7a 45 76 65 6e 74 73 00 2b 00 48 61 6c 6c 6f 77 65 65 6e 5f 45 76 65 6e 74 2c 57 
69 6e 74 65 72 33 48 61 6c 6c 6f 77 65 65 6e 46 6c 79 45 79 65 54 53 45 43 00 1b 3a 05 00 19 00 
12 00 45 76 65 6e 74 53 6c 6f 74 31 5f 45 66 66 65 63 74 00 00 00 28 3a 05 00 19 00 12 00 45 76 
65 6e 74 53 6c 6f 74 32 5f 45 66 66 65 63 74 00 0d 00 66 6c 79 6d 61 6e 5f 69 64 6c 65 33 00 25 
3a 05 00 19 00 12 00 45 76 65 6e 74 53 6c 6f 74 33 5f 45 66 66 65 63 74 00 0a 00 66 6c 79 5f 76 
69 72 75 73 00 1f 3a 05 00 1b 00 14 00 46 69 78 65 64 42 69 6e 6b 49 44 4f 76 65 72 72 69 64 65 
00 02 00 20 00 16 80 bc 15 00 40 00 00 f7 03 00 00 08 02 00 00 00 00 00 00 00 00 00 16 80 bc 15 
00 41 00 00 f7 03 00 00 07 02 ec ff ff ff 00 00 00 00 00 16 80 bc 15 00 42 00 00 f7 03 00 00 50 
04 00 00 00 00 00 00 00 00 00 
.........E.@......@.............U......................E....6...7.............U....6...7........
.....E. ..t...4.............U....t...4...............................................M..........
............4......................M.............................................4..............
........4......................L......................F.........................................
...:......PvPServer........:......PvPMaxSafeLevel.......A:......WR_RezEvents.+.Halloween_Event,W
inter3HalloweenFlyEyeTSEC..:......EventSlot1_Effect...(:......EventSlot2_Effect...flyman_idle3.%
:......EventSlot3_Effect...fly_virus..:......FixedBinkIDOverride... ......@.....................
.A......................B......P..........

Client->GAME [06:06:54 07/24/09] packet size: 1 CRYPTED, Flags: 7f ServerSeq: 10 ClientSeq: 10
02 
.

Client->GAME [06:06:54 07/24/09] packet size: 25 CRYPTED, Flags: 7f ServerSeq: 10 ClientSeq: 11
02 04 01 00 06 01 12 80 c9 01 00 c0 47 00 88 90 c7 00 00 20 41 00 88 10 47 
............G...... A...G

GAME->Client [06:06:54 07/24/09] packet size: 699 CRYPTED, Flags: 7f ServerSeq: 11 ClientSeq: 9
02 04 02 01 12 1a 16 80 bc 15 00 43 00 00 f7 03 00 00 f4 03 00 00 00 00 00 00 00 00 00 16 80 bc 
15 00 44 00 00 f7 03 00 00 51 04 f6 ff ff ff 00 00 00 00 00 16 80 bc 15 00 45 00 00 f7 03 00 00 
52 04 0f 00 00 00 00 00 00 00 00 16 80 bc 56 00 46 00 00 c5 a7 00 00 7e 02 16 00 00 00 00 00 00 
00 00 16 80 bc 56 00 47 00 00 c5 a7 00 00 cc 00 19 00 00 00 00 00 00 00 00 16 80 bc 56 00 48 00 
00 c5 a7 00 00 41 02 28 00 00 00 00 00 00 00 00 16 80 bc 56 00 49 00 00 c5 a7 00 00 09 04 16 00 
00 00 00 00 00 00 00 16 80 bc 56 00 4a 00 00 c5 a7 00 00 16 04 01 00 00 00 00 00 00 00 00 16 80 
bc 56 00 4b 00 00 95 b7 00 00 b4 00 16 00 00 00 00 00 00 00 00 16 80 bc 56 00 4c 00 00 95 b7 00 
00 09 04 16 00 00 00 00 00 00 00 00 16 80 bc 56 00 4d 00 00 95 b7 00 00 9d 00 16 00 00 00 00 00 
00 00 00 16 80 bc 56 00 4e 00 00 95 b7 00 00 b5 00 16 00 00 00 00 00 00 00 00 16 80 bc 56 00 4f 
00 00 24 b3 00 00 89 02 02 00 00 00 00 00 00 00 00 16 80 bc 56 00 50 00 00 24 b3 00 00 1a 04 01 
00 00 00 00 00 00 00 00 16 80 bc 56 00 51 00 00 24 b3 00 00 b4 00 21 00 00 00 00 00 00 00 00 16 
80 bc 56 00 52 00 00 24 b3 00 00 09 04 21 00 00 00 00 00 00 00 00 16 80 bc 56 00 53 00 00 24 b3 
00 00 15 04 02 00 00 00 00 00 00 00 00 16 80 bc 56 00 54 00 00 24 b3 00 00 b5 00 21 00 00 00 00 
00 00 00 00 16 80 bc 56 00 55 00 00 95 a7 00 00 b4 00 12 00 00 00 00 00 00 00 00 16 80 bc 56 00 
56 00 00 95 a7 00 00 b5 00 12 00 00 00 00 00 00 00 00 16 80 bc 56 00 57 00 00 95 a7 00 00 09 04 
12 00 00 00 00 00 00 00 00 16 80 bc 56 00 58 00 00 95 a7 00 00 70 00 0f 00 00 00 00 00 00 00 00 
16 80 bc 56 00 59 00 00 2c b3 00 00 17 04 01 00 00 00 00 00 00 00 00 16 80 bc 56 00 5a 00 00 2c 
b3 00 00 b4 00 21 00 00 00 00 00 00 00 00 16 80 bc 56 00 5b 00 00 2c b3 00 00 09 04 21 00 00 00 
00 00 00 00 00 16 80 bc 56 00 5c 00 00 2c b3 00 00 12 04 02 00 00 00 00 00 00 00 00 01 2c 04 16 
80 bc 56 00 5d 00 00 2c b3 00 00 07 04 02 00 00 00 00 00 00 00 00 16 80 bc 56 00 5e 00 00 2c b3 
00 00 b5 00 21 00 00 00 00 00 00 00 00 16 80 bc 56 00 5f 00 00 c3 b2 00 00 89 02 02 00 00 00 00 
00 00 00 00 16 80 bc 56 00 60 00 00 c3 b2 00 00 21 04 02 00 00 00 00 00 00 00 00 
...........C......................D......Q...............E......R.............V.F......~........
.....V.G....................V.H......A.(...........V.I....................V.J...................
.V.K....................V.L....................V.M....................V.N....................V.O
..$.................V.P..$.................V.Q..$.....!...........V.R..$.....!...........V.S..$.
................V.T..$.....!...........V.U....................V.V....................V.W........
............V.X......p.............V.Y..,.................V.Z..,.....!...........V.[..,.....!...
........V.\..,...............,....V.]..,.................V.^..,.....!...........V._.............
.......V.`......!..........

Client->GAME [06:06:54 07/24/09] packet size: 1 CRYPTED, Flags: 7f ServerSeq: 11 ClientSeq: 12
02 
.

Client->GAME [06:06:54 07/24/09] packet size: 44 CRYPTED, Flags: 7f ServerSeq: 11 ClientSeq: 13
02 04 01 00 07 02 12 80 c9 06 00 30 0e 00 88 90 c7 00 00 b4 c2 00 40 9c 45 12 80 c9 06 00 b0 10 
00 60 6a c7 00 00 b4 c2 00 40 9c 45 
...........0..........@.E........`j......@.E

GAME->Client [06:06:54 07/24/09] packet size: 696 CRYPTED, Flags: 7f ServerSeq: 12 ClientSeq: 10
02 04 01 01 30 1e 16 80 bc 56 00 61 00 00 c3 b2 00 00 b4 00 1f 00 00 00 00 00 00 00 00 16 80 bc 
56 00 62 00 00 c3 b2 00 00 09 04 1f 00 00 00 00 00 00 00 00 16 80 bc 56 00 63 00 00 c3 b2 00 00 
1e 04 01 00 00 00 00 00 00 00 00 16 80 bc 56 00 64 00 00 c3 b2 00 00 9d 00 1f 00 00 00 00 00 00 
00 00 16 80 bc 55 00 65 00 00 02 00 00 00 cc 00 0c 00 00 00 00 00 00 00 00 16 80 bc 55 00 66 00 
00 0b 00 00 00 37 02 96 00 00 00 00 00 00 00 00 16 80 bc 55 00 67 00 00 2d 00 00 00 23 04 0a 00 
00 00 00 00 00 00 00 16 80 bc 55 00 68 00 00 2d 00 00 00 20 04 0a 00 00 00 00 00 00 00 00 16 80 
bc 55 00 69 00 00 2d 00 00 00 19 04 05 00 00 00 00 00 00 00 00 16 80 bc 55 00 6a 00 00 2d 00 00 
00 42 04 05 00 00 00 00 00 00 00 00 16 80 bc 55 00 6b 00 00 34 00 00 00 83 02 c8 00 00 00 00 00 
00 00 00 16 80 bc 55 00 6c 00 00 4b 00 00 00 1f 04 19 00 00 00 00 00 00 00 00 16 80 bc 55 00 6d 
00 00 5f 00 00 00 7c 04 0f 00 00 00 00 00 00 00 00 16 80 bc 55 00 6e 00 00 5f 00 00 00 07 04 0f 
00 00 00 00 00 00 00 00 16 80 bc 55 00 6f 00 00 62 00 00 00 06 04 01 00 00 00 00 00 00 00 00 16 
80 bc 55 00 70 00 00 62 00 00 00 15 04 01 00 00 00 00 00 00 00 00 16 80 bc 55 00 71 00 00 a5 00 
00 00 c0 02 05 00 00 00 00 00 00 00 00 16 80 bc 55 00 72 00 00 d7 00 00 00 bf 02 05 00 00 00 00 
00 00 00 00 16 80 bc 55 00 73 00 00 2a 01 00 00 7e 02 04 00 00 00 00 00 00 00 00 16 80 bc 55 00 
74 00 00 2a 01 00 00 cc 00 00 00 00 00 00 00 00 00 00 16 80 bc 55 00 75 00 00 5a 01 00 00 07 04 
05 00 00 00 00 00 00 00 00 16 80 bc 55 00 76 00 00 5a 01 00 00 1d 04 0f 00 00 00 00 00 00 00 00 
16 80 bc 55 00 77 00 00 64 01 00 00 1f 04 05 00 00 00 00 00 00 00 00 16 80 bc 55 00 78 00 00 66 
01 00 00 7b 04 05 00 00 00 00 00 00 00 00 16 80 bc 55 00 79 00 00 66 01 00 00 12 04 0a 00 00 00 
00 00 00 00 00 16 80 bc 55 00 7a 00 00 66 01 00 00 06 04 0b 00 00 00 00 00 00 00 00 16 80 bc 55 
00 7b 00 00 8e 01 00 00 03 04 05 00 00 00 00 00 00 00 00 16 80 bc 55 00 7c 00 00 8e 01 00 00 12 
04 0f 00 00 00 00 00 00 00 00 16 80 bc 55 00 7d 00 00 8e 01 00 00 77 04 05 00 00 00 00 00 00 00 
00 16 80 bc 55 00 7e 00 00 cd 01 00 00 e5 03 05 00 00 00 00 00 00 00 00 
....0....V.a....................V.b....................V.c....................V.d...............
.....U.e....................U.f......7.............U.g..-...#.............U.h..-... ............
.U.i..-.................U.j..-...B.............U.k..4.................U.l..K.................U.m
.._...|.............U.n.._.................U.o..b.................U.p..b.................U.q....
................U.r....................U.s..*...~.............U.t..*.................U.u..Z.....
............U.v..Z.................U.w..d.................U.x..f...{.............U.y..f.........
........U.z..f.................U.{....................U.|....................U.}......w.........
....U.~.................

Client->GAME [06:06:54 07/24/09] packet size: 1 CRYPTED, Flags: 7f ServerSeq: 12 ClientSeq: 14
02 
.

GAME->Client [06:06:54 07/24/09] packet size: 567 CRYPTED, Flags: 7f ServerSeq: 13 ClientSeq: 12
02 04 01 01 4e 17 16 80 bc 55 00 7f 00 00 cd 01 00 00 73 04 05 00 00 00 00 00 00 00 00 16 80 bc 
55 00 80 00 00 cd 01 00 00 e3 03 0f 00 00 00 00 00 00 00 00 16 80 bc 55 00 81 00 00 d5 01 00 00 
e3 03 05 00 00 00 00 00 00 00 00 16 80 bc 55 00 82 00 00 36 02 00 00 37 02 0a 00 00 00 00 00 00 
00 00 16 80 bc 55 00 83 00 00 74 02 00 00 34 02 1e 00 00 00 00 00 00 00 00 16 80 bc 15 00 84 00 
00 11 00 00 00 ab 00 0d 00 00 00 00 00 00 00 00 16 80 bc 15 00 85 00 00 11 00 00 00 0a 02 4d 00 
00 00 00 00 00 00 00 16 80 bc 15 00 86 00 00 11 00 00 00 f2 03 34 00 00 00 00 00 00 00 00 16 80 
bc 15 00 87 00 00 11 00 00 00 ed 03 4d 00 00 00 00 00 00 00 00 16 80 bc 15 00 88 00 00 11 00 00 
00 9f 00 19 00 00 00 00 00 00 00 00 16 80 bc 15 00 89 00 00 11 00 00 00 f1 03 34 00 00 00 00 00 
00 00 00 16 80 bc 15 00 8a 00 00 11 00 00 00 0c 02 34 00 00 00 00 00 00 00 00 16 80 bc 15 00 8b 
00 00 11 00 00 00 b7 00 4c 00 00 00 00 00 00 00 00 16 80 bc 15 00 8c 00 00 11 00 00 00 f3 03 46 
00 00 00 00 00 00 00 00 16 80 bc 11 00 8d 00 00 00 00 00 00 cb 02 00 00 00 00 00 00 00 00 00 16 
80 bc 45 03 11 00 00 02 00 00 00 11 00 32 00 00 00 00 00 00 00 00 16 80 bc 45 03 35 04 00 62 00 
00 00 35 04 00 00 00 00 00 00 00 00 00 16 80 bc 45 03 3d 04 00 43 00 00 00 3d 04 00 00 00 00 00 
00 00 00 00 16 80 bc 45 03 3e 04 00 4f 01 00 00 3e 04 00 00 00 00 00 00 00 00 00 16 80 bc 45 03 
3f 04 00 64 01 00 00 3f 04 00 00 00 00 00 00 00 00 00 16 80 bc 45 03 40 04 00 d5 01 00 00 40 04 
00 00 00 00 00 00 00 00 00 0b 80 bd 05 11 00 00 00 00 00 00 01 41 81 67 17 00 27 00 1c 22 00 c6 
01 11 00 00 00 00 00 00 00 37 00 00 08 0e 00 41 66 74 65 72 57 68 6f 72 75 4e 65 6f 00 0e 00 41 
66 74 65 72 57 68 6f 72 75 4e 65 6f 00 02 00 4d 00 00 00 00 00 00 00 
....N....U........s.............U......................U......................U....6...7........
.....U....t...4...............................................M......................4..........
............M.............................................4......................4..............
........L......................F..................................E..........2...........E.5..b.
..5.............E.=..C...=.............E.>..O...>.............E.?..d...?.............E.@......@.
.....................A.g..'.."...........7.....AfterWhoruNeo...AfterWhoruNeo...M.......

Client->GAME [06:06:54 07/24/09] packet size: 1 CRYPTED, Flags: 7f ServerSeq: 13 ClientSeq: 15
02 
.

GAME->Client [06:06:54 07/24/09] packet size: 1 CRYPTED, Flags: 7f ServerSeq: 14 ClientSeq: 14
02 
.

Client->GAME [06:06:54 07/24/09] packet size: 44 CRYPTED, Flags: 7f ServerSeq: 14 ClientSeq: 16
02 04 01 00 09 02 12 80 c9 07 00 e0 0a 00 1c a2 c7 00 00 20 41 00 50 c3 46 12 80 c9 0a 00 e0 0a 
00 d4 ad c7 00 00 48 44 00 c8 c3 46 
................... A.P.F.............HD...F

GAME->Client [06:06:55 07/24/09] packet size: 5 CRYPTED, Flags: 7f ServerSeq: 15 ClientSeq: 0
82 3e 35 6a 47 
.>5jG

Client->GAME [06:06:55 07/24/09] packet size: 63 CRYPTED, Flags: 7f ServerSeq: 14 ClientSeq: 17
02 04 01 00 0b 03 12 80 c9 07 00 c0 37 00 f8 27 c7 00 00 20 41 00 e0 2b 46 12 80 c9 07 00 70 4b 
00 68 3f c7 00 00 cd 43 00 70 94 46 12 80 c9 0e 00 70 4b 00 08 4f c7 00 00 20 41 00 50 c3 46 
............7..'... A..+F.....pK.h?....C.p.F.....pK..O... A.P.F

Client->GAME [06:06:55 07/24/09] packet size: 1 CRYPTED, Flags: 7f ServerSeq: 15 ClientSeq: 18
02 
.

GAME->Client [06:06:55 07/24/09] packet size: 1 CRYPTED, Flags: 7f ServerSeq: 16 ClientSeq: 2
02 
.

Client->GAME [06:06:56 07/24/09] packet size: 25 CRYPTED, Flags: 7f ServerSeq: 0 ClientSeq: 19
02 04 01 00 0e 01 12 80 c9 07 00 90 27 00 1c a2 c7 00 00 20 41 00 40 9c c5 
............'...... A.@..

GAME->Client [06:06:56 07/24/09] packet size: 1 CRYPTED, Flags: 7f ServerSeq: 17 ClientSeq: 3
02 
.

Client->GAME [06:06:56 07/24/09] packet size: 44 CRYPTED, Flags: 7f ServerSeq: 1 ClientSeq: 20
02 04 01 00 0f 02 12 80 c9 03 00 a0 1c 00 b8 f1 c6 00 00 48 44 00 40 9c 45 12 80 c9 0b 00 a0 1c 
00 30 f2 c6 00 00 20 41 00 40 9c 45 
...................HD.@.E........0.... A.@.E

Client->GAME [06:06:56 07/24/09] packet size: 44 CRYPTED, Flags: 7f ServerSeq: 1 ClientSeq: 21
02 04 01 00 11 02 12 80 c9 0d 00 20 2e 00 5c c1 c7 00 00 48 44 00 60 9a c5 12 80 c9 15 00 20 2e 
00 5c c1 c7 00 00 20 41 00 40 9c c5 
........... ..\....HD.`....... ..\.... A.@..

GAME->Client [06:06:56 07/24/09] packet size: 5 CRYPTED, Flags: 7f ServerSeq: 18 ClientSeq: 4
82 1e 37 6a 47 
..7jG

Client->GAME [06:06:56 07/24/09] packet size: 1 CRYPTED, Flags: 7f ServerSeq: 2 ClientSeq: 22
02 
.

GAME->Client [06:06:57 07/24/09] packet size: 1 CRYPTED, Flags: 7f ServerSeq: 19 ClientSeq: 6
02 
.

Client->GAME [06:06:57 07/24/09] packet size: 25 CRYPTED, Flags: 7f ServerSeq: 3 ClientSeq: 23
02 04 01 00 13 01 12 80 c9 07 00 60 4b 00 58 18 c7 00 80 45 c4 00 e8 00 47 
...........`K.X....E....G

GAME->Client [06:06:57 07/24/09] packet size: 1 CRYPTED, Flags: 7f ServerSeq: 20 ClientSeq: 7
02 
.

Client->GAME [06:06:57 07/24/09] packet size: 44 CRYPTED, Flags: 7f ServerSeq: 4 ClientSeq: 24
02 04 01 00 14 02 12 80 c9 03 00 50 3d 00 9e b1 c7 00 00 48 44 00 60 6a c6 12 80 c9 03 00 40 00 
00 2e 9a c7 00 00 48 44 00 50 c3 c6 
...........P=......HD.`j......@.......HD.P..

GAME->Client [06:06:58 07/24/09] packet size: 1 CRYPTED, Flags: 7f ServerSeq: 21 ClientSeq: 8
02 
.

Client->GAME [06:06:58 07/24/09] packet size: 44 CRYPTED, Flags: 7f ServerSeq: 5 ClientSeq: 25
02 04 01 00 16 02 12 80 c9 03 00 40 53 00 04 30 c7 00 00 48 44 00 b0 b3 c6 12 80 c9 17 00 40 53 
00 38 47 c7 00 00 20 41 00 10 a4 c6 
...........@S..0...HD.........@S.8G... A....

GAME->Client [06:06:58 07/24/09] packet size: 5 CRYPTED, Flags: 7f ServerSeq: 22 ClientSeq: 9
82 da 38 6a 47 
..8jG

Client->GAME [06:06:58 07/24/09] packet size: 1 CRYPTED, Flags: 7f ServerSeq: 6 ClientSeq: 26
02 
.

Client->GAME [06:06:59 07/24/09] packet size: 25 CRYPTED, Flags: 7f ServerSeq: 6 ClientSeq: 27
02 04 01 00 18 01 12 80 c9 07 00 a0 49 00 10 a4 c6 00 00 20 41 00 e0 2b c6 
............I...... A..+.

GAME->Client [06:06:59 07/24/09] packet size: 1 CRYPTED, Flags: 7f ServerSeq: 23 ClientSeq: 11
02 
.

Client->GAME [06:06:59 07/24/09] packet size: 82 CRYPTED, Flags: 7f ServerSeq: 7 ClientSeq: 28
02 04 01 00 19 04 12 80 c9 01 00 50 51 00 28 20 c7 00 00 20 41 00 20 cb c6 12 80 c9 25 00 50 51 
00 38 47 c7 00 00 20 41 00 20 cb c6 12 80 c9 03 00 d0 1f 00 1c 18 c7 00 00 48 44 00 88 10 c7 12 
80 c9 01 00 20 3e 00 30 f2 c6 00 00 20 41 00 20 cb c6 
...........PQ.( ... A. .....%.PQ.8G... A. ...............HD......... >.0.... A. ..

GAME->Client [06:07:00 07/24/09] packet size: 5 CRYPTED, Flags: 7f ServerSeq: 24 ClientSeq: 12
82 5a 3a 6a 47 
.Z:jG

Client->GAME [06:07:00 07/24/09] packet size: 1 CRYPTED, Flags: 7f ServerSeq: 8 ClientSeq: 29
02 
.

Client->GAME [06:07:01 07/24/09] packet size: 82 CRYPTED, Flags: 7f ServerSeq: 8 ClientSeq: 30
02 04 01 00 1d 04 12 80 c9 10 00 c0 10 00 5c c1 c7 00 80 13 c4 00 b8 08 c7 12 80 c9 04 00 e0 17 
00 bc b1 c7 00 00 48 44 00 b8 08 c7 12 80 c9 03 00 30 57 00 4c 9a c7 00 00 48 44 00 f4 08 c7 12 
80 c9 0b 00 30 57 00 4c 9a c7 00 00 20 41 00 b8 08 c7 
..............\.......................HD.........0W.L....HD.........0W.L.... A....

GAME->Client [06:07:01 07/24/09] packet size: 1 CRYPTED, Flags: 7f ServerSeq: 25 ClientSeq: 14
02 
.

Client->GAME [06:07:02 07/24/09] packet size: 63 CRYPTED, Flags: 7f ServerSeq: 9 ClientSeq: 31
02 04 01 00 21 03 12 80 c9 01 00 00 2c 00 60 6a c6 00 00 20 41 00 20 cb c6 12 80 c9 ad 03 70 2f 
00 14 66 c7 00 00 be 42 00 30 59 46 12 80 c9 ab 03 70 2f 00 bc 63 c7 00 00 be 42 00 a0 70 46 
....!.......,.`j... A. .......p/..f....B.0YF.....p/..c....B..pF

GAME->Client [06:07:02 07/24/09] packet size: 5 CRYPTED, Flags: 7f ServerSeq: 26 ClientSeq: 15
82 9a 3c 6a 47 
..<jG

Client->GAME [06:07:02 07/24/09] packet size: 1 CRYPTED, Flags: 7f ServerSeq: 10 ClientSeq: 32
02 
.

Client->GAME [06:07:02 07/24/09] packet size: 63 CRYPTED, Flags: 7f ServerSeq: 10 ClientSeq: 33
02 04 01 00 24 03 12 80 c9 03 00 50 2c 00 c8 c3 c6 00 00 48 44 00 28 20 c7 12 80 c9 0c 00 10 4e 
00 30 f2 c6 00 00 20 41 00 58 18 c7 12 80 c9 0f 00 10 4e 00 30 f2 c6 00 00 48 44 00 ec 1f c7 
....$......P,......HD.( .......N.0.... A.X........N.0....HD....

GAME->Client [06:07:02 07/24/09] packet size: 1 CRYPTED, Flags: 7f ServerSeq: 27 ClientSeq: 1
02 
.

Client->GAME [06:07:02 07/24/09] packet size: 25 CRYPTED, Flags: 7f ServerSeq: 11 ClientSeq: 34
02 04 01 00 27 01 12 80 c9 03 00 10 59 00 60 6a c6 00 00 48 44 00 28 20 c7 
....'.......Y.`j...HD.( .

