Client->MRGN [16:26:46 07/16/09] packet size: 317
81 3b 01 03 00 36 01 aa 22 6a 0a ce 48 e8 72 11 19 90 15 a5 13 0d 6c df 0f f5 60 b4 28 6b 6d 2b 
39 18 60 76 f3 56 c0 a5 27 12 ac f1 b2 a0 00 64 52 15 e5 e8 17 40 10 fd 60 29 60 80 70 dd d4 6a 
48 4f f9 b2 6d cb 34 b2 1e ec 53 d5 53 8f 82 86 7c 00 36 76 46 27 56 5c db 76 fd 94 c9 30 4a 34 
24 57 c5 82 f9 72 e3 0f 20 57 f3 05 61 50 f2 8e 23 f7 29 a9 45 c8 4e 81 4c b3 f0 fc 24 ad 8a b6 
c3 f1 e5 7c ab 4b 2c 01 51 4e 79 00 43 72 61 73 68 4f 76 65 72 32 6b 00 00 00 00 00 00 00 00 00 
00 00 00 00 00 00 00 00 00 00 00 00 00 00 01 00 00 00 00 f0 3a 5f 4a 00 00 00 00 00 00 00 00 00 
00 00 00 00 00 00 00 00 00 00 00 00 00 00 00 00 00 00 00 00 00 00 00 00 17 ab 1c 76 11 3f 67 0e 
21 61 0c 22 04 2c af 5d e8 ce bd 77 a0 26 41 03 eb f8 14 22 f7 55 3e 47 46 6e c6 42 1e 7b e9 b3 
f3 3b fe f1 7b 18 b0 ae 84 3f c8 ea da 52 fd d0 2e c4 30 73 5f 44 c4 6f 79 d2 2e 95 4c 3d 4c 1d 
28 0f 4a a6 4a c8 01 af be 67 f1 b1 d7 7a 20 25 9a 51 93 b2 46 2c 76 04 07 cb 10 19 26 
.;...6.."j..H.r.......l...`.(km+9.`v.V..'......dR....@..`)`.p..jHO..m.4...S.S...|.6vF'V\.v...0J4
$W...r.. W..aP..#.).E.N.L...$......|.K,.QNy.CrashOver2k.............................:_J.........
...........................v.?g.!a.".,.]...w.&A....".U>GFn.B.{...;..{....?...R....0s_D.oy...L=L.
(.J.J....g...z %.Q..F,v.....&

MRGN->Client [16:26:46 07/16/09] packet size: 102
65 02 03 00 60 00 37 4c 46 3a 1f b1 71 94 60 7c 6e 6b 9c 76 01 30 5a 35 b3 65 ee 41 d1 98 68 13 
34 e4 42 f2 1f eb 53 50 45 af 35 38 59 95 b9 d2 1e d4 81 25 67 a6 78 e9 75 a1 7f 3d c3 b6 2a 5e 
0a 80 56 48 20 9e c2 bf b5 ef d5 81 03 27 3a 05 d3 1b 41 ab b0 e2 20 82 73 c6 49 5a 16 76 a6 ac 
d3 fd 4d d3 05 72 
e...`.7LF:..q.`|nk.v.0Z5.e.A..h.4.B...SPE.58Y......%g.x.u..=..*^..VH ........':...A... .s.IZ.v..
..M..r

Client->MRGN [16:26:46 07/16/09] packet size: 49
30 c1 e6 fc 5d d9 15 53 a6 1e 26 05 25 40 4f 67 c5 b5 99 8b bf 32 cb c2 80 2d 05 c6 f4 f5 a2 b6 
d9 97 cc de ef 69 0b 4b d1 f7 dd 78 05 d5 93 6d 15 
0...]..S..&.%@Og.....2...-...........i.K...x...m.

MRGN->Client [16:26:46 07/16/09] packet size: 33
20 30 70 fb 63 4d e2 71 58 a7 87 e0 89 ed 6b 85 de fc 38 df 31 98 26 62 b5 fe f7 47 28 26 17 88 
f8 
 0p.cM.qX.....k...8.1.&b...G(&...

Client->MRGN [16:26:46 07/16/09] packet size: 65
40 6e 44 77 95 45 a5 91 e9 8c e8 ff a9 77 d8 3c 0d 8d cd 04 fb 95 81 41 3a 76 7d 62 b0 7e a0 7d 
6d 90 9c 91 fb 15 0c 77 0d 4a ed 32 3d 05 f6 6c f4 ba 46 a0 0d 80 3f 0a 52 2d b9 f7 7a 98 a9 a2 
48 
@nDw.E.......w.<.......A:v}b.~.}m......w.J.2=..l..F...?.R-..z...H

MRGN->Client [16:26:46 07/16/09] packet size: 49
30 32 ce 4c 89 e4 42 53 ae 25 21 d9 00 db ab 0f 0c d7 c5 1d 1e 55 48 d8 50 61 bb f2 c7 f7 d4 97 
dc a4 5c 01 82 37 fa 8d 02 f3 1a e0 fb e7 c9 35 ae 
02.L..BS.%!..........UH.Pa........\..7.........5.

Client->MRGN [16:26:46 07/16/09] packet size: 49
30 c3 87 ab bc c1 37 61 4c ca 50 45 36 07 be 1b 1b d0 f9 a1 03 1e 2e 7f 8a 7c 5d b0 da e8 ac 18 
54 08 d8 76 8f 6e 38 23 e5 67 9f c9 d9 9f fa 4a 95 
0.....7aL.PE6............|].....T..v.n8#.g.....J.

MRGN->Client [16:26:46 07/16/09] packet size: 65
40 ee ca fb 14 b3 9b 5e 08 2e 55 ab ca 24 11 94 fd 7e 58 b2 3a 2d d9 de 8b 49 4f 4d 77 44 bd 4a 
46 f4 e1 77 a9 77 fd f7 51 09 28 00 82 e2 74 54 5e 9e da 25 55 5b d4 ba 83 ad 1a f1 4c 0f c8 13 
7d 
@......^..U..$...~X.:-...IOMwD.JF..w.w..Q.(...tT^..%U[......L...}

Client->MRGN [16:26:46 07/16/09] packet size: 242
80 f0 5f 65 dd 29 96 1e fa 65 66 a3 f8 78 2b a6 ed 42 a8 fa 11 69 42 32 38 ea b6 00 fd 82 ae 20 
1a 22 56 81 02 98 05 83 d2 45 d6 5e f0 22 0c 1f 08 dd 87 d5 c4 93 88 1c 74 d0 a6 0c ad cc b2 cb 
98 57 dc 42 eb 9e 47 55 35 52 9e 0e 36 e5 fd 5b aa 65 74 b1 f9 d9 fc 6f 62 f2 07 fb a9 5b 39 fa 
07 82 fd c9 fd 07 5e 2f 2d 4b 85 03 cd 03 51 2e 12 27 d6 18 22 5e f4 26 f7 f2 b5 7e c0 95 a8 6c 
4c 02 9a 32 22 37 22 83 13 00 d5 31 99 c5 78 d5 70 4d bc 58 c6 00 1b 6a ba 84 3c 77 d5 95 24 c3 
60 bc 05 8a ce 42 e3 12 1c 7b bc 95 71 9f 2c 2e 51 46 ab f4 df 51 a0 df 29 86 61 71 8c 9a 36 42 
37 58 4c 95 d6 04 72 e6 d0 4a 76 1d ac 36 f7 60 d0 d4 8a 90 b7 d4 3a 08 24 d6 90 4b 5a 00 32 b6 
92 6e 0e 57 f0 59 40 20 f6 ca c2 a1 0c 85 1e cf 49 66 
.._e.)...ef..x+..B...iB28...... ."V......E.^."..........t........W.B..GU5R..6..[.et....ob....[9.
......^/-K....Q..'.."^.&...~...lL..2"7"....1..x.pM.X...j..<w..$.`....B...{..q.,.QF...Q..).aq..6B
7XL...r..Jv..6.`......:.$..KZ.2..n.W.Y@ ........If

MRGN->Client [16:26:47 07/16/09] packet size: 6
00 00 00 00 00 00 
......

MRGN->Client [16:26:47 07/16/09] packet size: 49
30 e5 f0 48 d6 5f 0b df b5 9b e3 25 71 f5 03 47 ad 37 47 fc 3f 43 bf 72 75 89 86 ae b8 1e 0e fc 
1b a6 b1 13 5e 8c 46 a0 4f ee 51 37 76 77 59 16 00 
0..H._.....%q..G.7G.?C.ru...........^.F.O.Q7vwY..

MRGN->Client [16:26:47 07/16/09] packet size: 1250
84 e0 d9 c7 54 06 a4 52 cf 46 a9 89 f3 1f a8 d6 3a 2d cd fe 6a 82 ec 28 8b 2c 6b b6 8a 33 7d db 
85 d6 49 15 44 3d 51 2d 13 60 46 16 09 a0 b9 95 7c be 31 f5 7e 47 18 67 6f e2 1a 43 e4 fd 0b 8e 
89 db 85 e9 27 24 fc 24 55 55 c1 d0 c8 ec dd d5 4f 59 a1 a0 3c e5 ec bf f2 a0 3a ee 7a 25 e0 48 
fe 2c 34 0f 3b 93 39 af 0b 00 54 cf 56 93 62 51 97 a8 a3 95 8b a4 a2 bd ea 2d 67 8d 21 f1 4b 94 
f2 49 48 30 26 75 d2 e5 d7 55 16 df 22 ad 94 c3 69 af d3 a4 fd 23 db 5d c2 38 ad 83 3c 3a 67 6b 
51 f8 8d fa 56 b9 36 6c 51 a8 4f b4 3f 3f c8 71 81 e5 f0 67 2e d4 33 54 81 5e 41 dd 56 01 96 0f 
5d 39 c6 88 28 6e ad 7a 48 68 d7 cb f8 17 3d 34 81 3e 09 f9 bf 48 dd 2a f0 58 62 e6 a7 8a 83 97 
68 90 0d 28 9b cc a8 58 c8 ae c0 4b c5 26 eb 6a 75 7e e2 cb 91 85 7d 3f 7e 36 41 f9 1c 23 ad 06 
b6 80 1d 1a 4d 0e 97 5e c2 8f 28 60 de 8e 04 e6 d0 30 31 88 35 8a a0 f5 4c 2d 44 59 09 14 ae 8a 
78 26 96 6c 05 a0 ee b9 a3 39 b3 8d 32 ca c8 c9 f6 22 b2 bd c0 0b b7 b5 b1 18 51 f1 1c a8 15 4e 
c4 42 2e c4 4e d0 11 93 f6 9a 3f 51 b3 4b 16 81 48 24 38 58 a1 d2 d2 28 65 5e 43 9d bb eb 5c eb 
5e 1d 4b a0 ae f3 77 19 f2 a1 ef da 3f ec f0 dc 5c 12 57 c2 d9 19 50 09 41 b8 37 67 47 07 52 5e 
f3 8d 12 8f 6a b7 f6 9f 23 8f f2 ba c0 89 c3 04 3f b8 1b b0 61 65 94 bc f0 f2 05 02 ee 89 e0 5f 
a8 73 9f 94 f5 9f 26 14 6d 58 0c eb ee 95 7a 14 44 9b a7 b6 ce 4a 77 0d 55 d2 c1 71 8a 38 00 5b 
4d 2c 61 90 4f 41 d0 03 0a 4f 36 5a e9 61 76 ae fe fc 74 48 7a b5 8a 7b 3a d0 fa 76 08 a5 dc b8 
0d e8 13 34 de 51 4e 9c f4 21 d0 8b 5e 15 6b 8e 43 00 46 bb 5f 5a db aa 14 3c 16 ca e8 00 ab f9 
17 88 3a c2 0a 1c 13 b7 c5 29 a6 86 1b e9 b8 22 33 a4 7c d1 bb c5 fb 4a 39 e9 9d 55 75 f6 cb 60 
87 8d e6 d9 5c 2d d8 da 93 cf 76 28 1f 68 fc 9c 03 52 43 70 b2 9b 30 fc d2 94 dc c9 34 50 15 5c 
bf 2d 4c 10 68 9e ff c7 06 f7 af 70 8b 8c 78 27 51 fa 5d 66 36 52 bc ff 84 50 43 97 2d 6e 79 4c 
71 4d 60 5a 8d 18 ac ee 03 29 78 b6 d5 f6 d3 6e 09 b8 6a 8c d0 5e 5b 5b de 30 32 43 4f ca 51 f0 
3b 0b f2 e9 85 98 09 e8 8e 15 7f 2e c2 8c 0c 47 35 b2 67 4f fc b2 6a 34 23 d4 d5 90 ed 6b 10 23 
d6 b8 91 0e 26 d9 c7 9d ac ec 24 b8 df 01 6e 37 bf be 69 88 12 5f 06 dd 23 18 f7 b2 ad 6d 01 4a 
e5 7a 37 8d 67 38 ba a7 ce 42 d6 c0 d1 74 c6 a9 30 d4 32 aa 46 d5 52 b6 e1 0f fc ae cb 68 de 0f 
73 cc 84 d7 be 67 85 c2 e2 5b 73 15 72 3a 61 b0 20 24 9d 19 fb e2 93 ff 20 e9 88 06 1b 93 f4 9d 
c8 86 54 8b 5c 17 6f ef fb 20 74 50 79 56 51 9e 55 fa c5 3e e9 5b 74 8f df a8 0b e2 f1 dd a0 80 
b9 c0 90 11 a1 70 41 de cd 36 56 7e 34 d8 91 73 3e 65 56 7b 73 98 13 8b 86 60 af e8 c9 a0 b9 93 
d7 31 25 2f ed 97 fa 3a 60 b8 00 33 5c 1b 7b 76 ca b6 b2 48 e2 61 f0 08 31 52 7b f2 03 97 81 1b 
06 6b 12 42 2f bf 2d 12 60 48 d6 0f 3e c8 62 a6 0b 39 64 7e 98 93 17 73 9e a9 15 5c 8a b8 78 82 
60 77 77 6d 1f db c5 ae 1e 84 0e 6b b5 e9 47 2b 5d 48 af bb 2a af e2 fa e0 48 b2 06 18 c9 d8 6f 
80 d1 7d a4 1f a5 7f 0c 20 6d 2d 04 5c ce e6 53 72 82 da e9 05 9c 2e eb d9 e0 c3 28 b8 98 dc f2 
89 a5 e3 0e a4 f0 3d fd 39 8a a1 8d 0b 42 ef 57 b5 f8 fc af 2d 01 94 a0 0b 44 bd 70 fb 78 fe 95 
52 ff f0 2e 97 aa 4f 03 db 8f b5 77 4d f3 e5 11 1c b7 2a c2 c9 46 01 62 e8 75 2c a8 1a 3a e5 40 
ce dc 84 52 b1 b6 55 4b 8d 8c 22 33 dd b1 43 2a 6a 15 7a 5c 0e 3f 8e b5 97 28 94 60 25 45 c4 a2 
42 e8 83 3c 78 23 ed 16 23 6d 37 78 c7 b7 ef 12 6c 46 20 b3 7b 81 2b d5 30 c9 1f ba 15 59 43 b0 
cb ba ed af 2e 3e 88 8f de 04 7e 3e 68 42 4b 86 37 9a 85 15 5e 2a df 77 6e e4 2c 13 19 18 71 87 
25 f4 76 6f c0 52 93 3b 2e 08 dc 44 90 7c e4 f7 98 50 57 45 5a ef 25 20 a5 2c 8c 5b eb 06 f0 ad 
4f 32 c5 27 97 55 b1 97 08 7a 46 e2 85 93 c0 d8 50 1f 69 27 2a 96 68 f4 b4 4c 01 e7 28 17 fd 97 
1d 30 be b5 a6 6d 86 f8 3e f6 f4 7d 25 b3 74 7d f8 bb d4 8f 01 ac d4 14 d3 d3 93 c4 83 66 cf 5e 
24 87 6f 4e 42 b9 56 53 d2 9f e2 49 a3 9e 08 38 b5 0e c4 34 01 90 43 b1 82 bc 80 03 2c 2d 91 37 
f9 fd 
....T..R.F......:-..j..(.,k..3}...I.D=Q-.`F.....|.1.~G.go..C........'$.$UU......OY..<.....:.z%.H
.,4.;.9...T.V.bQ.........-g.!.K..IH0&u...U.."...i....#.].8..<:gkQ...V.6lQ.O.??.q...g..3T.^A.V...
]9..(n.zHh....=4.>...H.*.Xb.....h..(...X...K.&.ju~....}?~6A..#......M..^..(`.....01.5...L-DY....
x&.l.....9..2...."........Q....N.B..N.....?Q.K..H$8X...(e^C...\.^.K...w.....?...\.W...P.A.7gG.R^
....j...#.......?...ae........._.s....&.mX....z.D....Jw.U..q.8.[M,a.OA...O6Z.av...tHz..{:..v....
...4.QN..!..^.k.C.F._Z...<........:......)....."3.|....J9..Uu..`....\-....v(.h...RCp..0.....4P.\
.-L.h......p..x'Q.]f6R...PC.-nyLqM`Z.....)x....n..j..^[[.02CO.Q.;..............G5.gO..j4#....k.#
....&.....$...n7..i.._..#....m.J.z7.g8...B...t..0.2.F.R......h..s....g...[s.r:a. $...... .......
..T.\.o.. tPyVQ.U..>.[t..............pA..6V~4..s>eV{s....`.......1%/...:`..3\.{v...H.a..1R{.....
.k.B/.-.`H..>.b..9d~...s...\..x.`wwm.......k..G+]H..*....H.....o..}..... m-.\..Sr..........(....
......=.9....B.W....-....D.p.x..R.....O....wM.....*..F.b.u,..:.@...R..UK.."3..C*j.z\.?...(.`%E..
B..<x#..#m7x....lF .{.+.0....YC......>....~>hBK.7...^*.wn.,...q.%.vo.R.;...D.|...PWEZ.% .,.[....
O2.'.U...zF.....P.i'*.h..L..(....0...m..>..}%.t}.............f.^$.oNB.VS...I...8...4..C.....,-.7
..

MRGN->Client [16:26:47 07/16/09] packet size: 594
82 50 00 04 e2 ac 31 5f 8b 18 1b 54 a6 64 c8 9d bc 06 97 db 6d ff 82 53 ee 85 42 92 38 81 6f 70 
21 fd d5 94 ee ae 00 51 96 83 4b f3 b4 c1 fd 8d c5 36 db 40 fc 60 e8 04 51 d4 4b 39 ab 0a a0 fb 
8c 57 ee 5d 70 1f 53 54 38 c4 7d 23 13 2f 92 9b 11 b8 87 48 0f 1a 04 78 88 20 42 2b be 3b 4b 74 
cd ae ab ce 38 c1 93 d6 37 ae c3 ea 89 e7 91 c2 a8 b7 42 39 1a b3 14 62 3e 87 dd e2 5c 79 a0 7e 
8e b1 7f 6d 80 e8 48 52 66 c0 fa ad 70 2f e9 e5 70 89 76 ae 2a d1 36 54 47 e1 3e 6f e2 37 57 2d 
a3 4c f3 58 82 83 f3 5a 4b d9 ad 7d 6c e0 63 15 28 59 37 88 74 89 b9 07 93 23 83 c8 7a 72 3e 65 
3b 0a 10 41 4f 0b 82 5b cb 68 22 cc ad 98 a5 c1 e1 8b fd cf 62 28 f7 f3 3d 00 12 94 9c 24 ea 3b 
35 1c 71 b2 22 6b 71 85 dc 71 78 d1 e5 4e 17 5e 71 2a ed 6e 0e c9 87 7d 09 6f 8d ae 10 54 5b 2d 
55 93 75 4f bd eb 2e 73 a4 e3 6b 80 47 77 d1 f3 29 28 db 0b b4 37 0c ae d2 ef 82 e6 03 4c e2 2e 
71 44 11 22 23 0e 88 5a 49 40 9f 65 a4 02 75 48 9f 86 59 02 ce ca bd ab ab ec 2c 89 10 32 1d a5 
a5 58 56 7d b4 1a e5 c1 4a ff 6c ac be 98 b3 83 13 ec 30 52 65 e7 02 b4 ee 5b ec bb dd 5a 3e 94 
53 4c 8f 7e 88 07 1a 5b ef 86 a3 c7 3e ea d3 21 e6 94 e2 e8 88 20 b6 4d 33 91 8d 21 c5 0c 8c 3e 
cd ef be 5c 7b 42 48 26 10 bd 51 1f 09 64 78 d8 29 75 0e ba d1 7c f5 00 62 74 00 0b bf 9e a5 4b 
7c 01 8c e2 c0 31 ae d8 19 23 5f 65 06 c8 75 13 3e 8c 2c e6 ef c1 1d c4 9e 99 2f 58 0c 38 26 6f 
5b bb 7f 24 c4 62 f6 35 9e ed ba 8f aa e7 d5 17 6c d1 10 28 6e 6b fd 6e d0 d7 ae 84 a4 df 00 18 
e6 df 95 f4 90 5c 72 d7 c9 57 89 4f 7c c0 fc 6f f7 e1 22 30 04 c6 2e b7 e4 2d c6 fa 2c 3f a8 cc 
ba dd 0c fb 67 74 86 9e 97 31 4a f6 90 11 5f 78 a2 c8 e9 cd 7c e4 0a 46 90 d5 5d 9f e5 4e ae a4 
95 52 cd dd 0a 72 4a 33 b9 76 f9 b6 c6 c6 94 22 c5 a2 25 c5 bd 63 2a bb b0 d6 17 6e 55 ad 06 ba 
93 d3 e5 39 98 e8 da 7b ff db e9 c2 9d 71 e5 7e 13 fe 
.P....1_...T.d......m..S..B.8.op!......Q..K......6.@.`..Q.K9.....W.]p.ST8.}#./.....H...x. B+.;Kt
....8...7.........B9...b>...\y.~...m..HRf...p/..p.v.*.6TG.>o.7W-.L.X...ZK..}l.c.(Y7.t....#..zr>e
;..AO..[.h".........b(..=....$.;5.q."kq..qx..N.^q*.n...}.o...T[-U.uO...s..k.Gw..)(...7.......L..
qD."#..ZI@.e..uH..Y.......,..2...XV}....J.l.......0Re....[...Z>.SL.~...[....>..!..... .M3..!...>
...\{BH&..Q..dx.)u...|..bt.....K|....1...#_e..u.>.,......./X.8&o[..$.b.5........l..(nk.n........
.....\r..W.O|..o.."0.....-..,?......gt...1J..._x....|..F..]..N...R...rJ3.v....."..%..c*....nU...
...9...{.....q.~..

MRGN->Client [16:26:47 07/16/09] packet size: 49
30 e1 cb 17 5a bd a3 94 23 71 a2 23 41 49 06 14 d2 e2 db 34 40 6b 39 26 7d a0 57 27 47 2d 85 f6 
05 02 5c b3 93 54 53 88 86 c4 7d d6 db 53 57 fc 96 
0...Z...#q.#AI.....4@k9&}.W'G-....\..TS...}..SW..

MRGN->Client [16:26:47 07/16/09] packet size: 802
83 20 46 6d 4b 01 a5 f4 bc 5a 93 47 a1 df 2b cf 98 3c 95 68 06 e1 62 3b 0b 90 08 d2 36 1e 80 73 
da f5 70 bb 53 9f 91 77 4e df c1 59 14 f0 f5 71 76 d5 a3 c6 64 6a ce f9 da 44 2c 8a 0d f1 f9 b0 
07 41 6b 00 15 7c 56 46 87 a4 a6 ce 10 09 56 55 f3 f5 9b 76 c3 e4 5f 31 a4 aa 2d b9 f3 2d 34 9c 
93 28 16 8c 75 be 7a 5e e6 a3 cc f7 a0 ee 5c d6 bd bf 68 0c 19 60 38 16 4d 58 81 49 76 9e 69 0c 
a2 9b 49 f6 aa 84 56 a9 e6 33 07 a4 a2 61 d0 28 67 e9 2e b8 0c 4e bf b0 ce db 28 52 1e ea 13 04 
e6 9d 00 b4 a3 72 a6 de 90 f8 7e f2 f7 6d 46 33 1f 39 cb 53 69 49 95 dd fc 25 34 7e 0e a3 18 37 
92 74 97 80 82 db 46 45 6f ee a1 6d ab 01 1a 4e 68 8d a5 c8 97 f4 ae 28 c0 e7 cb 9a 02 dd 36 4a 
c3 6b 08 a6 18 be 23 33 54 19 10 3e 1f d7 7b 51 56 f7 57 96 0b 03 a4 8f 6d d9 79 ab 1b 51 25 81 
83 98 eb ff 02 3f 89 79 b5 7b e0 dc bf e3 f6 ec b4 a9 7e 51 54 95 7e 7a ab 87 ca dc ff 2e 29 9b 
31 b2 c9 03 9a c8 6a 77 39 66 10 0f 37 7d 36 f1 da 49 66 6b 78 0c 01 0d f6 e3 f7 1d 80 2e 9f ee 
16 c6 14 34 de 5d cc 5f 0d 96 8b ef 43 2c e0 34 e1 72 33 54 28 28 51 71 d0 26 40 79 6f c4 cb 62 
5f ff 23 84 bc bc f3 ae c2 b6 c2 81 51 af 5b 54 f6 c9 38 c2 1b 9f 44 3e 33 27 2b 30 84 25 f2 eb 
44 0d e0 e7 fa c3 57 3b 63 4b 02 82 38 45 3e d8 d9 3e 61 4c fa 12 21 71 b1 52 83 1e f9 4f ae 21 
db 31 ea f5 de 30 45 96 b0 f3 b3 ca b4 66 d1 4e a5 f6 ab 89 3b 0c 0a d1 64 63 e2 4a 36 f9 4e 9e 
3b 54 3c d4 21 f7 e5 cf a7 f6 5d d7 30 8b bb 07 87 c4 f9 66 5b bb f7 9e 9f 67 67 c7 1b ee 87 e8 
cb e3 9e c4 3b 92 e2 30 fc 5f 8a 7d 2d 78 85 fe be 37 3f 6b 3a d9 d6 e5 bd a9 75 72 8b 28 c3 44 
8e aa c3 ab 66 46 77 dd 99 1f 18 a3 a9 fc ef ea 7d 3b b8 f0 46 2f 1b 81 d0 c2 c7 30 e6 a1 31 5c 
68 7d 86 07 70 4f 4a dd 78 d5 72 e0 42 24 55 52 a7 cf 6a 06 d2 54 08 56 13 37 f9 3a 33 46 17 da 
5f f7 de 2d 23 56 76 5e a8 79 29 0d ef 91 e6 be 5c 22 bb 2e e9 44 32 16 f4 51 c7 80 81 ac e9 f8 
dd ab c9 e4 9d 55 18 6d d2 0a 8e d4 d7 6d ee e0 55 86 1b da 16 e9 f9 a4 a4 62 e4 5e 2f bc 3b 39 
b2 58 eb a4 38 fb b1 ef 5d 00 d7 2a a4 b4 55 ba ca 60 74 8b 45 0c 67 7e 0b ae 1b 36 e0 b7 f4 48 
83 1c 95 8e fc e3 69 d2 ab 24 bb 5b ad a0 08 4a ef 86 90 74 38 87 12 a4 ee dc cb 63 c7 3b a6 f3 
4d 1c a3 40 c8 67 90 c7 ab fa d5 2d 52 0f da 31 9c 1a 5c 28 c9 ef a5 4b 10 df 02 aa a1 9c 54 0d 
4f 28 90 a9 95 56 02 e7 bc fb 07 19 83 47 86 ba 1e 4c 6b f6 73 dd d0 90 b1 d7 b8 11 b6 2b 10 69 
10 ee ea cd 2a 1d ee 37 e7 bd 2e 89 42 8f dd 34 29 a6 a3 ef cc da d4 dd fc 97 f4 fa b4 ce 59 fd 
79 c5 
. FmK....Z.G..+..<.h..b;....6..s..p.S..wN..Y...qv...dj...D,......Ak..|VF......VU...v.._1..-..-4.
.(..u.z^......\...h..`8.MX.Iv.i...I...V..3...a.(g....N....(R.........r....~..mF3.9.SiI...%4~...7
.t....FEo..m...Nh......(......6J.k....#3T..>..{QV.W.....m.y..Q%......?.y.{........~QT.~z......).
1.....jw9f..7}6..Ifkx..............4.]._....C,.4.r3T((Qq.&@yo..b_.#.........Q.[T..8...D>3'+0.%..
D.....W;cK..8E>..>aL..!q.R...O.!.1...0E......f.N....;...dc.J6.N.;T<.!.....].0......f[....gg.....
....;..0._.}-x...7?k:.....ur.(.D....fFw.........};..F/.....0..1\h}..pOJ.x.r.B$UR..j..T.V.7.:3F..
_..-#Vv^.y).....\"...D2..Q...........U.m.....m..U........b.^/.;9.X..8...]..*..U..`t.E.g~...6...H
......i..$.[...J...t8......c.;..M..@.g.....-R..1..\(...K......T.O(...V.......G...Lk.s........+.i
....*..7....B..4).............Y.y.

MRGN->Client [16:26:47 07/16/09] packet size: 113
70 38 ec 99 f7 d3 04 5b f5 3f d4 d4 bc 23 66 b3 e8 ce 2d b0 0f f3 be 19 51 79 e8 ba 0d d8 32 a6 
f0 49 a6 25 b5 fb 27 75 ad df 93 c5 cb 54 e9 b8 67 ba a1 62 11 ca c3 e1 ef fe 52 e6 c9 9f 6b 1e 
9e 68 54 94 f2 55 ad 09 e6 4d b4 48 59 ef 9b 86 38 20 ae 46 80 29 a6 4b c4 f7 79 41 73 75 03 92 
95 2e e1 09 a0 c5 b7 ed 59 5d 76 e9 d3 65 f3 72 a4 
p8.....[.?...#f...-.....Qy....2..I.%..'u.....T..g..b......R...k..hT..U...M.HY...8 .F.).K..yAsu..
........Y]v..e.r.

MRGN->Client [16:26:47 07/16/09] packet size: 1460
86 c0 20 ea 60 72 6d e8 5d 16 5e 27 75 b5 6b 09 98 5b 9d 03 97 80 9f a2 44 b7 79 a2 58 c0 1a 19 
1d bb e3 18 c1 40 76 b3 9f 9a 37 d5 72 94 8f d8 9f 9a 73 86 2a ef 1e ea 5e c5 65 b6 9a c8 e4 e9 
6b 40 a1 3d e6 50 72 2d 79 3a 5e f9 c2 fb df 1d fc ec ef c5 b5 d0 26 f7 f0 19 ac 12 f6 9f 8d b6 
03 45 4f 68 c4 ec 12 79 f0 01 6e 89 d5 68 41 e6 ff 06 1d 64 40 c8 16 d8 e7 fb b6 af b9 15 1d 26 
f6 a3 c9 56 c3 2a e8 88 8a 41 ea ce 1a ac a8 b7 b5 e1 39 0c 43 fb dd c4 ce 3b e2 60 f5 33 43 65 
03 35 a4 97 92 72 55 a8 50 f4 e0 f0 af 1d 11 98 83 89 3c 66 74 40 30 59 ad 46 35 b5 1c 0b f4 6d 
47 46 c7 01 ff 4d 59 fe 6f 03 03 8d 1d f8 f4 ce e8 c2 54 ae 46 35 72 a9 5f 65 b1 8f 33 ec bc de 
a0 6f 47 bd 0a 60 e7 08 c7 3c 63 c7 94 4c f7 79 08 b7 4c e2 28 d9 9e 69 06 c8 98 36 32 61 7f 90 
69 f1 4b f5 28 96 e9 11 35 5e d8 10 5b 1d 95 be 68 d6 23 86 04 8b da 4a 42 6e c2 a3 ab 3d 06 9c 
0e f2 c5 f0 b8 94 61 49 f0 f1 de ea 9a 0b d4 1f d4 65 c3 b6 f6 93 31 e1 0f 8c c6 1e 55 52 e2 e1 
83 d9 b1 9c b3 1e bc 8d ac ee 9e 22 f9 77 7c 3f b2 6b b7 05 a6 65 cd 60 ef 61 54 32 13 9f c5 25 
97 74 f7 5e 35 71 4c 86 4d 5d d6 93 e7 69 1e 49 f5 8e db e6 2e 47 dc 79 69 f2 d3 ed 07 66 67 57 
38 a6 7e cf 09 ec 38 8f 26 ba c1 71 0c f4 a4 7a 85 8e f8 bf 01 8e c1 a3 14 72 ce 23 7c a4 01 cc 
ec 2f 48 7c 77 5e 22 09 54 ef 9a ef d1 1b 90 87 f9 21 fa a4 0e 0a 0d 6a 4e 25 a0 d5 47 c8 74 81 
6d 60 dd ee f0 25 3c be f2 66 89 6d ce 55 a8 03 d4 ef 0d b7 9c ca 46 dc 79 ab 7b 7c e6 0b 1b 1b 
28 07 30 e5 92 f1 3c 99 49 f0 cf 30 c5 19 a3 15 d3 6e 13 83 96 5e 1c 9b 1d 0d ed f6 6c 13 c2 15 
2a a9 0d b5 13 31 be ea 69 0b 49 f4 23 53 5e ad ef e9 a9 12 ed be 4e 8f 56 98 21 8a 95 f9 4c bd 
d1 1c 05 ad 0c 41 e9 d6 8a 40 d7 4a 15 ac 6b 0f ff f9 83 f5 9c 28 61 a7 67 41 8c 85 2b 01 b9 a5 
bf e9 87 a1 c6 ae 57 11 22 c3 43 4f c0 34 a7 48 91 5c 69 81 5c 07 c8 d6 3d 4e 66 3f 9a a4 1b 35 
b6 31 fc be 16 c8 da 61 7b d3 a8 93 33 a7 e5 da 73 9a 53 f6 1f 18 14 f9 2a ed 9e 17 10 54 3b 48 
53 7f 3d 7b f2 a4 2a ce 1e d2 5a 90 f4 1a a7 c3 8d 0b a0 6d ed ef 7b 7e 1e 90 da 28 2c 8f d5 7a 
dd aa 43 e3 7f 4f c1 3b 26 d5 f3 d7 47 53 13 d1 1f 43 5d f3 cb 18 06 6b 45 c5 4e 3b 5e 25 e8 06 
ab 14 de 74 db 01 ac b1 1a 38 09 2c 00 f5 ee 5c 64 4f 1a 6f 67 81 b9 1f 3e 58 bf c2 6a 89 c0 2e 
6d e3 2b 99 e1 cd ec f1 90 e1 32 cd f6 8e a3 35 cf 4b 08 39 df eb 27 71 2d f7 aa e6 ab fc fe 9f 
8f 60 bc 77 39 4a b8 2a 11 55 b4 19 21 30 77 ee 08 cd 5e 82 3f 07 0c 09 d2 6a c5 61 8c 8b 32 1f 
96 8f ec 40 24 85 37 b7 74 f3 58 f1 4e d2 ac da e9 21 9f 37 f0 eb f3 42 45 99 db cb 4e c6 aa ac 
07 70 af 2d 6c dc 8f 6d 9b 6d e1 4c 1d eb 7c 2f d3 3c dd 7e 82 c4 5c 73 15 fd 2e 3a db 50 a8 95 
40 43 e0 6f f9 98 e6 cc 6a e1 68 96 73 72 34 a2 be 25 54 45 75 9e 1f 39 05 6c 22 80 43 71 4e 5a 
5d b6 60 41 e3 18 88 53 e2 f5 49 0b 1e e9 38 d9 90 b1 b8 a7 2d df 52 42 27 bf d5 e4 f0 98 08 61 
23 5b dd b7 7a b5 e5 fa b8 19 fb 9a 08 d9 41 f5 c2 d9 85 f1 4e 83 ea b7 14 e8 f5 dc ea ce 7b e3 
48 5c fc a5 ac 68 a7 c4 14 00 5b 02 f8 5a 0f 45 ee 04 31 3f 05 75 0c 7e ba b1 88 60 79 0b c1 d0 
7e 3c 1d a3 de 8e 25 f0 10 de db 41 09 e6 24 60 9c 94 f4 0d 5f 22 d6 10 f0 a4 a5 bf 18 93 54 e9 
6e c1 f8 f6 1a f6 e3 5e bb eb 7e 65 f7 3a bc 86 44 c3 fb 41 0e 1f 51 91 5d 56 ed 28 23 a9 e9 9d 
b3 cb 5b b1 52 7b 76 c5 50 cf 8e 4f 92 d9 6a cb ea 92 79 4f 3b 57 7a a9 de c9 d0 01 f7 64 9c 33 
55 79 9a ea 4d ba 32 a3 a1 cf b7 cb f3 f9 cf 85 17 65 10 a2 68 cd 62 75 8d e1 55 9a ca 3d f7 40 
ea 5a 6b 2d 96 71 c2 07 3e d2 16 f4 5c 63 db 0d dc 19 3d 52 ab ba 05 65 e2 95 40 c5 3e 51 50 a4 
1f ed c4 04 a1 aa 61 1e fb 82 83 4e 82 33 2e 5f b0 e3 e9 f8 3f 73 e2 2e 9d 2c a5 79 d6 fc 13 e8 
46 9b f5 2c f4 6d 97 94 b5 07 fb d0 df 6c cf 6e d1 d2 d8 b5 ea 31 34 f8 57 71 dd 8b 92 a9 8f 05 
58 18 05 36 16 ee c5 a6 25 16 f5 e9 aa 93 05 2f 84 ec 98 18 50 f0 e2 cb 3c 62 61 0d 76 93 b0 9a 
c0 fc 03 4d 96 ea 9e 5a 4f 8b ba 51 0e fd 52 45 7f 59 92 f1 d7 3e 09 3f 0c 82 35 dc 65 c7 7c 95 
b0 4e 3e d5 e7 3f 97 86 23 cc 8d 72 8e de 3e d3 0f 6a d2 ed b1 05 6c e5 f0 54 b6 f2 8d e6 67 2d 
4d 6c f3 3b 5d 7e ef ee eb af f3 ae f0 90 e4 c8 aa d7 ab 9b 77 ac ee 45 87 d3 ae 9a 06 dc f3 88 
4a bc 29 92 2c dd d3 72 9d 03 03 44 36 d5 b2 29 c3 5c af 44 28 f3 0d dd df 3a 23 9e 52 d4 a8 8b 
1e a6 61 5b 3b dc 57 3c b8 80 1f ba c8 f5 9a 32 ca 78 bb 37 17 47 92 ba 44 87 63 72 e7 e4 45 3e 
81 fd 20 e4 30 0c 08 0d e3 9e d4 dc 79 b1 4e 40 9d 53 3a 0e 89 b3 0c 7d 98 c8 00 9c 81 ef 40 9e 
c9 7a f5 8a a9 26 ca fa 1c 8d 0e 62 ff 1f b4 d0 db 0f 93 7c 
.. .`rm.].^'u.k..[......D.y.X........@v...7.r.....s.*...^.e.....k@.=.Pr-y:^...........&.........
.EOh...y..n..hA....d@..........&...V.*...A........9.C....;.`.3Ce.5...rU.P.........<ft@0Y.F5....m
GF...MY.o.........T.F5r._e..3....oG..`...<c..L.y..L.(..i...62a..i.K.(...5^..[...h.#....JBn...=..
......aI.........e....1.....UR.............".w|?.k...e.`.aT2...%.t.^5qL.M]...i.I.....G.yi....fgW
8.~...8.&..q...z.........r.#|..../H|w^".T........!.....jN%..G.t.m`...%<..f.m.U........F.y.{|....
(.0...<.I..0.....n...^......l...*....1..i.I.#S^.......N.V.!...L......A...@.J..k......(a.gA..+...
......W.".CO.4.H.\i.\...=Nf?...5.1.....a{...3...s.S.....*....T;HS.={..*...Z........m..{~...(,..z
..C..O.;&...GS...C]....kE.N;^%.....t.....8.,...\dO.og...>X..j...m.+.......2....5.K.9..'q-.......
.`.w9J.*.U..!0w...^.?....j.a..2....@$.7.t.X.N....!.7...BE...N....p.-l..m.m.L..|/.<.~..\s...:.P..
@C.o....j.h.sr4..%TEu..9.l".CqNZ].`A...S..I...8.....-.RB'......a#[..z.........A.....N.........{.
H\...h....[..Z.E..1?.u.~...`y...~<....%....A..$`...._"........T.n......^..~e.:..D..A..Q.]V.(#...
..[.R{v.P..O..j...yO;Wz......d.3Uy..M.2..........e..h.bu..U..=.@.Zk-.q..>...\c....=R...e..@.>QP.
......a....N.3._....?s...,.y....F..,.m.......l.n.....14.Wq......X..6....%....../....P...<ba.v...
...M...ZO..Q..RE.Y...>.?..5.e.|..N>..?..#..r..>..j....l..T....g-Ml.;]~..............w..E........
J.).,..r...D6..).\.D(....:#.R.....a[;.W<.......2.x.7.G..D.cr..E>.. .0.......y.N@.S:....}......@.
.z...&.....b.......|

MRGN->Client [16:26:48 07/16/09] packet size: 270
24 91 41 c8 41 71 99 ac 5e ff dd b0 e7 56 23 b1 b4 6a 71 d9 23 a2 34 af e0 be 58 86 34 31 89 98 
49 84 c9 66 bd 21 77 d7 34 74 4c f0 38 2b 23 55 ab 5f 54 fc 67 cb 28 ec 29 48 44 14 39 08 ba 94 
18 ec 12 c8 18 7e 35 49 6b 4c 88 4a 0f f9 97 64 29 32 ef 5e e1 62 3e fe 7f 3a be 2f a4 8d 30 b3 
8a b9 94 42 bc 95 19 c7 e0 7b b2 e3 54 73 db ca bb 51 09 3c ba 79 7c 31 45 ef 58 9a 41 ff 59 f6 
a4 56 6a 82 f9 09 c5 58 08 57 bb cc 54 39 1c 7b b6 ce 4f 28 6d a5 63 b0 db 65 8d cf 8c 7e 2d b9 
56 f5 f7 01 55 c9 34 6f c6 27 3b c6 27 2b e0 7e dd cb f1 e2 a1 47 21 12 fc c3 22 f0 e1 e1 49 33 
ec d5 87 d8 8c 38 4c 35 2a 4a 78 3b d5 22 43 26 49 4a 99 80 ef ea 25 4c 91 91 9f 73 33 50 d7 42 
35 ce 83 3f 24 56 a8 cf bb e1 dc a4 63 f8 0c 44 e9 ce 9c 08 4e ee 72 dc 62 04 3f f7 fe d1 ec b3 
31 6c 11 e5 bc 8b 5f 28 f3 17 e0 d2 fc 8a 
$.A.Aq..^....V#..jq.#.4...X.41..I..f.!w.4tL.8+#U._T.g.(.)HD.9........~5IkL.J...d)2.^.b>..:./..0.
...B.....{..Ts...Q.<.y|1E.X.A.Y..Vj....X.W..T9.{..O(m.c..e...~-.V...U.4o.';.'+.~.....G!..."...I3
.....8L5*Jx;."C&IJ....%L...s3P.B5..?$V......c..D....N.r.b.?.....1l...._(......

MRGN->Client [16:26:48 07/16/09] packet size: 242
80 f0 c8 a3 85 cc e1 8f aa fd 00 c7 32 e0 b9 1a 3a 67 12 7e c0 2c ac 1f 06 78 6e ab f8 72 83 1e 
51 64 18 6c 56 f7 09 be b3 49 a9 64 51 b7 9c e4 1c 44 29 d0 ee 42 f1 77 67 b8 6c 03 53 67 39 c6 
a5 6a 05 59 70 6c 9a 41 66 0d de aa cd d4 fa 77 c1 96 8f 91 0e f0 85 52 65 84 68 98 96 b3 1b 14 
e7 bf 65 2e 5a e7 5e 32 e0 c7 6e fa e7 34 5c 33 c2 ca 38 d9 f6 08 08 01 1b d4 0b 96 22 d6 3f 0a 
dd 16 b5 c5 74 f4 69 bf 69 f3 2b c1 6e 73 dd 50 ab be 2a 3d 80 cb 41 49 35 b5 ed 22 81 84 1b 77 
6d e0 b1 86 39 ac 7d 60 66 83 16 b8 48 a0 d2 19 d3 7e 9f 9b fa 74 02 c5 e6 5b 84 e0 33 d2 61 fa 
9f 97 d4 6e 5c 22 85 9a 37 5e 63 95 e3 a4 ae 9c c2 99 df 53 a3 32 45 bb 59 bc 2e 9e 74 fb 6e 15 
25 c7 50 d7 98 e6 f3 96 df 35 4b 3a 8b d4 3b 57 31 27 
............2...:g.~.,...xn..r..Qd.lV....I.dQ....D)..B.wg.l.Sg9..j.Ypl.Af......w.......Re.h.....
..e.Z.^2..n..4\3..8.........".?.....t.i.i.+.ns.P..*=..AI5.."...wm...9.}`f...H....~...t...[..3.a.
...n\"..7^c........S.2E.Y...t.n.%.P......5K:..;W1'

MRGN->Client [16:26:48 07/16/09] packet size: 978
83 d0 1a f8 9e 4c 46 d6 3c ff cf fd ac 0b 83 82 7b 73 3c 4a 19 1f 47 46 c4 b9 01 f7 58 93 5f a7 
e0 84 43 aa d4 88 1a f2 11 7b 12 b4 c9 ac 53 41 75 e6 93 41 13 3a da 27 c8 63 c5 c9 c9 11 65 14 
32 bc c8 ea 4a 71 2d ee 5c 27 24 37 4c fc 7a 4b b3 bb 3c af 55 99 2b 7d 5e 34 55 71 74 26 2c bd 
bb 25 13 a3 8d 1e d3 5e 16 27 f1 17 a0 ae 1f bb 37 6e 1f 3b 98 f4 8f 98 5f a4 e8 07 bf d7 6a 1b 
0d 82 a5 27 83 61 9b 5c 32 d7 a9 09 ea 73 13 19 08 ae 88 9d f6 bf 94 76 4a fb 44 23 c6 bd 52 2b 
91 6e 4a 4d 75 d0 8a 30 bb 1e 21 40 9c 03 b1 6c 4b b2 2d 39 56 5f 28 fb f8 a9 96 78 34 6e 97 b1 
f7 44 eb 46 f2 e7 1f 9c 5c c8 26 33 27 37 c9 3c 15 e4 c3 4e 22 94 41 d4 d6 02 1c 1f ae 9d 49 76 
48 c7 8a 68 b5 4f 43 74 d6 65 93 67 9a af 9f b6 1c 6b 75 e8 a2 25 3e 96 41 19 8f 2e e4 fd 83 46 
49 0d 3c 55 37 08 60 36 df 68 bf 2f f9 7f 46 92 54 ce b5 d3 ae 06 e3 e4 af 30 99 67 72 4d 62 67 
90 2a da 4c 79 23 96 0f b3 8d c8 57 4a 36 dc 0d fd 74 a2 33 a6 0c 9d 29 10 5f 1c 8b 1d b3 c5 cd 
c0 20 91 43 f5 29 1f 7e d9 0d 38 63 2a 2d 5d d0 7f 51 24 7f e6 0e b3 95 fb 02 fe 85 05 cb 10 33 
af fa 3f 77 57 e3 82 2f bc 8f 96 84 7d 00 3d 6f 0c 90 3a fd 02 6e 40 60 e5 61 82 39 42 41 c2 ef 
85 7d 4c d6 28 04 cd 7f 21 57 b9 bb 1f df 8c f7 e1 2e f8 06 4e 4d 77 88 50 dd a6 ef f3 eb 7f da 
48 79 a4 4c 75 03 90 28 28 fe 72 91 e7 9e 97 b3 f5 d0 b6 c0 03 7a 8d 6a d4 66 36 fa 12 98 85 7b 
1c 77 ca 24 ba 89 a3 56 e9 20 79 67 10 96 45 f8 f9 50 cd f6 a1 30 b9 ea c1 0b fc e4 45 65 b2 ab 
68 2e 11 1d 18 68 b1 98 d9 73 df a1 b4 64 62 a6 2b 18 d2 d9 50 59 87 8f 94 60 14 ee 48 f0 d6 fd 
d1 44 75 04 53 1a 11 9d 21 7c 60 8f 28 05 6b 68 4e 6c 67 56 8d 08 47 f1 33 36 ce 6a d5 a7 07 78 
fb 7b 8e 9a 66 cf 13 e8 41 1b c6 67 a7 ae e1 11 02 bf 59 8e 88 31 47 6c 22 d0 f3 0f 1d c4 d4 7e 
89 35 1a 14 46 89 15 e6 cf 8c 6c d4 cb 46 9a db 38 3b 11 3e 9f 40 9e a4 63 2d 57 8d 08 d3 87 4d 
ef 50 f7 60 a4 d8 c4 7a 8d 41 d8 82 41 18 7f a8 80 50 99 f9 3a 17 6b 51 17 f1 96 e3 fc d2 a9 a1 
b1 4a b3 b0 41 29 6e 0c 30 0c 2a f3 c3 fc a0 f8 e9 bf e2 a2 62 ed 76 58 ba 39 fd 6e b2 4f 07 ed 
c3 23 32 bb a9 2b 26 c2 b7 b3 83 04 7a f6 84 5c f1 5e 51 7c f6 1d d1 c7 79 47 e5 d0 e2 b5 da f1 
e3 69 7a f7 b7 85 8a 8f ce 68 21 11 09 a7 6d 75 af 8a 7d 94 89 d0 38 77 e1 82 7a 03 8e 2b 5a 35 
11 9e 11 a9 2e 04 30 67 a6 dc 86 3c c7 cc 3b 92 95 1d 60 ff e7 e0 25 fc 2f 24 85 30 75 ab 8f 15 
58 fa 2b f1 b5 e8 93 69 67 3a 53 a1 b8 b3 86 d5 76 3f 96 9c cf 13 6b f7 2c 58 34 a4 34 db 9a 93 
a8 96 52 fb 8f 8e cc db 4c 1c fe 98 19 15 1f b1 2f ab eb dc f2 52 e3 e4 26 de 14 55 20 00 79 ba 
6a f3 ae c5 e0 bc 77 1e 9a 42 f0 60 c6 47 fc b9 39 86 25 c1 77 63 f5 55 c7 50 e2 a9 8c 7f 6d f3 
a2 25 ae 05 cc 51 b1 ce 5d 52 69 21 2e 92 a7 77 d9 f7 42 ca 06 73 57 29 0a 53 88 82 8c 2a 27 39 
4c ee 4e 11 0c ba a4 fa a5 d1 d6 ff dc 91 87 4b 26 10 94 ef 20 0c 7f 71 f1 fe 89 a8 37 6a 0c 0f 
66 f4 78 87 1a 7a 7c 6e 8f 5f 54 a8 4a 33 d8 0c 91 91 fa a0 d4 c7 20 5b d8 e7 c0 a5 69 d6 73 d3 
f3 37 e2 98 c3 af 1a fb ea 42 2b 16 ef d4 46 47 6f 90 
.....LF.<.......{s<J..GF....X._...C......{....SAu..A.:.'.c....e.2...Jq-.\'$7L.zK..<.U.+}^4Uqt&,.
.%.....^.'......7n.;...._.....j....'.a.\2....s.........vJ.D#..R+.nJMu..0..!@...lK.-9V_(....x4n..
.D.F....\.&3'7.<...N".A.......IvH..h.OCt.e.g.....ku..%>.A......FI.<U7.`6.h./..F.T........0.grMbg
.*.Ly#.....WJ6...t.3...)._....... .C.).~..8c*-]..Q$............3..?wW../....}.=o..:..n@`.a.9BA..
.}L.(...!W..........NMw.P.......Hy.Lu..((.r..........z.j.f6....{.w.$...V. yg..E..P...0......Ee..
h....h...s...db.+...PY...`..H....Du.S...!|`.(.khNlgV..G.36.j...x.{..f...A..g......Y..1Gl"......~
.5..F.....l..F..8;.>.@..c-W....M.P.`...z.A..A....P..:.kQ.........J..A)n.0.*.........b.vX.9.n.O..
.#2..+&.....z..\.^Q|....yG.......iz......h!...mu..}...8w..z..+Z5......0g...<..;...`...%./$.0u...
X.+....ig:S.....v?....k.,X4.4.....R.....L......./....R..&..U .y.j.....w..B.`.G..9.%.wc.U.P....m.
.%...Q..]Ri!...w..B..sW).S...*'9L.N............K&... ..q....7j..f.x..z|n._T.J3........ [....i.s.
.7.......B+...FGo.

MRGN->Client [16:26:48 07/16/09] packet size: 338
81 50 21 51 86 b6 41 f5 bb 26 c7 64 c3 93 84 9c ee 2f 59 49 b9 ae 94 69 c9 be 7a e1 84 88 e0 b2 
01 a0 18 59 a3 53 ce e1 72 7a 63 3c d3 f5 c5 49 7e 3f 4d 88 dc 53 be 40 2e b5 07 11 36 3d 8e 2b 
18 0d 88 2e e5 37 b7 1b fa 0f b4 40 aa 33 37 5b dc 7b 27 c1 9a a6 11 51 b6 4c fc ab 85 ae 41 bd 
a1 c1 87 95 c3 d8 45 be 6d 5d 1b cc 34 8a 63 08 93 78 df 05 c3 43 b1 03 84 92 51 c9 c0 75 91 0d 
0e cb 0d b5 a2 f7 37 27 65 a3 0f 30 a0 23 1a 01 85 11 53 0b 0c 57 42 7a cd b4 7f 3b c4 3b ad 7d 
1f bc 68 45 b8 ac 8f ab 61 94 84 e7 fe 2d 06 47 5e af 3a 20 8e 83 df 39 e2 32 e8 29 51 4e 02 fc 
cc 55 af b2 70 da 1f f5 d9 e4 a9 62 d5 5a a1 0d 6c ba ee 08 43 6b 7b d1 d5 c4 e1 22 93 ef ae 14 
fa 83 d8 64 4f cc 10 06 38 65 f8 69 37 94 77 3a 6b f7 ad c3 93 b3 25 98 da 2c 15 af 05 5e 9c 70 
88 59 14 2b ea 98 05 c6 af fa 81 f5 bd d8 ab a2 3b ea ce bb 56 09 57 83 02 ec f0 a3 45 1b 21 28 
56 7c 71 87 eb 07 5d 1a 8e 47 a8 c8 fa 89 6f c6 4c b7 29 95 ee ce f7 fc 4d 75 a3 d4 dd 93 6b 77 
0a 75 9b dc 39 97 14 6d dc 0f 53 6c 8b c4 a2 e4 99 f8 
.P!Q..A..&.d...../YI...i..z........Y.S..rzc<...I~?M..S.@....6=.+.....7.....@.37[.{'....Q.L....A.
......E.m]..4.c..x...C....Q..u........7'e..0.#....S..WBz...;.;.}..hE....a....-.G^.: ...9.2.)QN..
.U..p......b.Z..l...Ck{....".......dO...8e.i7.w:k.....%..,...^.p.Y.+............;...V.W.....E.!(
V|q...]..G....o.L.).....Mu....kw.u..9..m..Sl......

MRGN->Client [16:26:48 07/16/09] packet size: 1460
8c 60 0c 0b bd c1 fd c9 5d eb 56 75 5f 45 dc 5b 26 ef 6f 8b 64 34 00 16 8a 0c 97 9e 7d 57 88 ee 
eb 37 d2 2e 6e 9e 1c a4 f6 7c c3 a0 36 b8 2d f5 15 53 fc 09 f1 68 31 92 32 41 5c 91 c7 66 08 bc 
6d 67 b6 f1 b2 fb 36 a9 63 f2 c0 ed b0 de cf 2e ea ee f7 16 59 02 64 3a 0c d9 58 ae 74 3c b5 50 
d9 ac 35 f2 9f 0c 43 76 25 64 2e e0 ad eb c7 98 52 6c 38 41 54 d0 ac 1f f8 ac d1 c5 84 9c ec 60 
bc e0 61 2d b8 31 02 8f fc 54 e4 0b fc 46 f9 8a a6 da 29 09 3c 77 a8 55 5a 32 f8 42 86 db d8 16 
22 bc 15 46 94 12 0b a0 9f 3f 61 2c 43 fe 83 27 76 81 0e e9 bf 9d 69 b8 b2 a9 f4 65 e1 41 a8 19 
4d 9a bb a6 68 92 d0 48 a9 9e 0e 2e 0a 1a 21 ab fd 71 8c a3 bb 31 8b 6e fa c0 5d 32 4d de 72 b6 
ad 0e e3 f2 f8 aa bf 63 77 b7 d0 f6 84 6e 9a 3e cc 74 43 89 e0 12 aa b7 1d e4 30 e8 14 47 4d 1f 
0a b2 b1 43 f1 ca 90 af 7c c5 f1 38 0f 83 e3 fa cb 0a 62 5b 2e 38 a1 1e b6 0b b5 2e 62 ea a8 b9 
7e b1 11 f3 ae 31 b3 9d c7 fe 35 10 e4 ca e5 3f 6b ae b5 9a 3e 76 67 a6 0f 02 71 06 3d 8d 56 2c 
ae e4 c0 38 10 05 bb 2c d0 3c 44 35 3a 88 42 0e 04 15 ee 88 96 ee a4 ef 22 e8 27 aa 6f e9 ae 14 
a2 1c 18 ab 7b 10 62 8b 8c 01 42 2e cf 21 4f 21 56 6e 20 43 86 d4 e5 8f 33 a7 d6 e1 2a 47 72 84 
09 4a e9 22 f4 9b 43 9c 1c 50 2f da 8a 58 18 9c f9 74 b7 cb 7b af 95 a2 c1 03 49 c0 20 88 74 6a 
bb 37 6f 9a e8 e3 0f 35 57 e9 cc 96 50 9e 67 ba a0 7d ca 50 87 84 77 91 e0 9f e2 28 f0 89 21 da 
0d 5a db 9b 83 92 dd 23 80 2e 5e 74 0e a9 95 93 4a 45 bc dd 9a 82 a6 19 6b 19 39 18 c8 94 8f 7e 
6d ca c5 8a 44 23 70 3c f6 63 8a 59 5c a2 44 d6 a7 01 1f 6a 3d fd 87 af 3f 04 20 ef 59 56 e8 32 
6e 46 01 66 14 c1 dd f0 89 cc 09 6b 8f e0 34 a9 08 f6 ed 8d 27 cb 5f a2 5e 14 8c 44 48 34 e9 76 
7d 14 f3 5d f2 65 ff c5 86 63 21 67 38 33 16 15 44 22 66 07 7a c8 27 47 a1 c3 03 40 d5 75 38 d8 
6f e9 25 db e5 0a 39 17 5b e1 09 9b 83 51 29 bb 0b e3 e0 5f 56 03 4f f7 57 db 43 8e b7 80 53 b3 
f9 53 e9 ac 20 79 4c 33 6b d7 23 c0 2c 35 e5 c4 78 41 c2 42 89 17 7e e1 5e ce c1 d2 8f 0e 3a 44 
2d d6 cc 5a 2f 33 b3 3a 5a 9f ec 26 3f a5 b5 b6 1b aa f3 43 e2 7f ed 51 15 f3 6e c7 be eb 77 f3 
0b 7b 96 eb 41 2a f7 dc ec 6d 16 a4 41 8b e2 ff a9 4b 11 f9 3c b1 a2 94 03 53 4e 66 f4 3a 25 55 
b9 a5 26 df e1 67 67 fc 7b 40 55 60 03 f1 13 01 f3 30 c4 b6 a4 a2 45 7f df 39 e4 e7 0c 82 5a 9c 
21 7f 95 9b d5 ff 18 ea 1d 67 14 df f8 ef a0 57 99 be 2d 7a 83 ab 0d 5c eb aa 01 a6 70 d3 a0 22 
02 5c a3 a1 6a ad e5 b3 65 8a b3 51 44 39 83 ac 4d 97 34 d0 48 57 80 ce e9 b9 e0 9d 9a 09 b5 19 
56 01 66 56 12 ac e3 da ba fd aa 5b d4 45 31 a1 ba 4d 20 17 45 46 fb 11 76 c7 c7 89 a2 5d cd e8 
02 98 9b a5 7a 75 18 1e ba f8 67 62 2e 34 be c0 92 b3 fe 37 ad 24 2e 7a a1 8f 8a b7 41 89 05 cb 
9e 24 69 b0 1a 09 3f bd b3 46 b7 03 7b 79 df 60 71 10 53 62 d0 6b 5b af b8 b3 56 ac 20 ee 8b 0e 
ed 84 66 3e bf 30 3b 8d 87 a7 1b 82 8c f6 3b 91 09 9c 90 76 ef 4c 80 3b 0f 25 c3 17 54 c2 0b 36 
35 19 ce 8f ae 15 82 01 ba 81 99 62 f4 71 c4 a9 3e 11 21 02 62 3e 1f 95 8a 61 c1 7c 72 06 c6 e4 
8b be a4 95 08 ce 52 66 27 cb 9b b0 7a 28 fd ed 9f ff ad 16 1c 91 20 ee c1 d2 0b 3a 45 1f 5b 5c 
b3 9b 07 69 d9 7f fa 4c c1 33 c8 97 14 dd a4 4a 63 10 30 7b 96 40 af 15 97 93 11 8c c1 d9 5f 0f 
37 c2 d6 59 3a 6c 85 78 9f b7 dd 1e cb 16 af c3 49 3e 4b d6 7a 95 78 41 2d c0 b9 2b 35 5f 58 a8 
89 ac 77 07 81 af e7 61 17 7e 32 9e 1a 92 2c 3e 16 56 01 49 47 28 cb b9 0c 27 ad 44 3b 07 2f 25 
07 a5 d8 71 4d 35 2e 59 bd b1 d8 4e f2 0e 38 e4 98 cb 82 15 e7 b8 48 26 85 ee 3d 61 56 27 16 fb 
da 17 e7 8e 1a b4 23 41 a3 76 07 25 de d5 f9 bc cd 6f 20 17 4c 59 12 21 06 6f 9f 1b 54 cf 18 30 
be e4 8e 0c db d6 7f 29 fc 17 2d 11 be 69 30 02 1b 51 39 71 7e 78 0f 57 99 92 29 e5 28 72 85 36 
be 8d fe 10 64 1e 90 c8 61 17 13 2e 15 70 50 cd f9 5b dd de f9 20 60 56 4c 49 79 dc 3b 9e 2a e7 
78 e3 9e 14 47 82 f5 d7 6c 71 23 f5 02 8f 57 03 88 46 f6 7b e3 b3 5e a0 4d ed ba 00 ba bf 43 e8 
34 58 4b 1a 1b 3b fa 9f 4f ad f6 f8 19 b0 0d 10 5c 60 e0 db 74 0f 2a 6b a4 df 55 42 5d 6a c3 5b 
64 76 6d ae 26 69 ab 0d ea 7c 0f 34 a5 6c e0 77 41 89 30 52 08 27 d7 b7 47 5d f1 dd b3 3c ee 42 
05 cc 24 0d cd a7 ac da 5d a8 26 fe 7e 38 24 52 82 11 09 6a 0b 34 33 9a a6 3c fd 97 c1 54 47 a4 
8c 84 4b c6 04 b6 9e 20 14 b7 25 58 4a 24 24 e1 e7 90 4c 1f 6d a9 27 c5 82 6b 20 25 7f 70 f3 9a 
18 92 e0 9b d1 50 38 f7 e6 9e d3 9d bc 71 2e 79 1b 37 34 e3 9a 64 11 8e 2f 01 34 e6 b2 ab 49 15 
8e 2d 7f 68 74 55 67 df db b1 42 82 a5 1d f6 6e ab 36 31 5b d7 af 18 bc da fa dd c3 94 79 8c 1a 
43 0d 20 e0 7b 84 3c c1 4d 2b 92 6a 34 32 77 97 ca fb a6 0a 
.`......].Vu_E.[&.o.d4......}W...7..n....|..6.-..S...h1.2A\..f..mg....6.c...........Y.d:..X.t<.P
..5...Cv%d......Rl8AT..........`..a-.1...T...F....).<w.UZ2.B...."..F.....?a,C..'v.....i....e.A..
M...h..H......!..q...1.n..]2M.r........cw....n.>.tC.......0..GM....C....|..8......b[.8......b...
~....1....5....?k...>vg...q.=.V,...8...,.<D5:.B.........".'.o.......{.b...B..!O!Vn C....3...*Gr.
.J."..C..P/..X...t..{.....I. .tj.7o....5W...P.g..}.P..w....(..!..Z.....#..^t....JE......k.9....~
m...D#p<.c.Y\.D....j=...?. .YV.2nF.f.......k..4.....'._.^..DH4.v}..].e...c!g83..D"f.z.'G...@.u8.
o.%...9.[....Q)...._V.O.W.C...S..S.. yL3k.#.,5..xA.B..~.^.....:D-..Z/3.:Z..&?......C...Q..n...w.
.{..A*...m..A....K..<....SNf.:%U..&..gg.{@U`.....0....E..9....Z.!........g.....W..-z...\....p.."
.\..j...e..QD9..M.4.HW..........V.fV.......[.E1..M .EF..v....]......zu....gb.4.....7.$.z....A...
.$i...?..F..{y.`q.Sb.k[...V. .....f>.0;.......;....v.L.;.%..T..65..........b.q..>.!.b>...a.|r...
......Rf'...z(........ ....:E.[\...i...L.3.....Jc.0{.@........_.7..Y:l.x........I>K.z.xA-..+5_X.
..w....a.~2...,>.V.IG(...'.D;./%...qM5.Y...N..8.......H&..=aV'........#A.v.%.....o .LY.!.o..T..0
.......)..-..i0..Q9q~x.W..).(r.6....d...a....pP..[... `VLIy.;.*.x...G...lq#...W..F.{..^.M.....C.
4XK..;..O.......\`..t.*k..UB]j.[dvm.&i...|.4.l.wA.0R.'..G]...<.B..$.....].&.~8$R...j.43..<...TG.
..K.... ..%XJ$$...L.m.'..k %.p.......P8......q.y.74..d../.4...I..-.htUg...B....n.61[.........y..
C. .{.<.M+.j42w.....

MRGN->Client [16:26:48 07/16/09] packet size: 1460
71 e7 bb 3a 55 4e e3 4b 2f 32 29 d1 0d 18 2a 06 6a f4 c7 6b 24 98 01 6c 26 3d fb 8b 8b 1b 93 79 
57 b4 61 ae 98 72 e8 76 76 7c b0 4c 32 42 23 ee 6e 5a 7b f5 0f cf e6 8f 65 c7 ff 64 13 23 9b 2d 
da 9f 4a 4a 73 f1 6c 0b a2 41 62 e8 a4 94 43 fb e0 52 24 66 6a c6 5a 81 2f d8 76 3b a3 50 4d 75 
00 e0 fc 95 a5 09 12 ad 61 9a 62 82 5e ae d4 97 d3 a9 fc c6 31 aa 45 d9 0c 58 4e c2 5b 8e c6 7c 
53 f9 3d a2 27 3c 5c 65 f1 d6 88 3e 57 d6 bd 7f 38 f2 de 23 a1 43 c7 36 eb 7b 5e b5 3a 0b 1e 8b 
24 d2 b0 7e 59 e1 73 5f 73 ce d4 5e fa 78 82 1e 2e 09 c1 38 28 00 77 a9 0c 2f 10 ca 61 44 d5 e7 
1e fe fb bb 9b 39 d8 ec 1e 9a 66 1b 38 03 75 a4 a6 64 01 99 3f 84 41 ff 3b 8c b5 83 f8 69 70 27 
70 a5 17 cf 5a d8 15 85 0f b2 1b 4b 7c 39 78 76 c0 7e 6d a1 ef b2 a3 50 fd 6a bb ad a7 df da fa 
06 4e 24 2d d8 6d d3 73 23 ae 08 0a 80 bb 7b dd cc 6f bc 69 9d 7f ef 19 b7 0b 70 4d 8b 55 06 5d 
52 a2 6d 7d a2 f3 d6 f9 4f 47 a9 b4 d5 d4 17 63 d1 bb 39 c8 a3 96 f9 44 76 24 0e ab 62 56 a3 4a 
a7 09 af 2f be d4 ee a8 b2 64 a6 9a b4 72 c5 a7 f3 71 16 2d f6 8d 62 9f 81 b6 9d 37 1a c2 f3 ca 
0b c4 49 64 22 e4 67 21 fe a3 5a ed 26 00 b4 0b 40 d7 a3 19 01 cb 4b 6a e1 9f 83 49 d7 1e c2 92 
99 4b 1b 66 94 1e e1 8c 06 a3 dd 9b ae c1 0a f4 2c c9 ce e8 03 6a 0d 77 de 65 8e 66 12 95 76 b1 
5a 00 c1 93 ac 0f 7b 03 39 ea fe 3e e8 e2 69 f7 0d b5 07 02 08 ce 8a e5 39 c0 7e 40 90 17 10 46 
6d 39 56 93 88 ba ac 1a 0b 08 2d 42 5c e4 fe f5 0b d7 d5 5c 74 6b f4 8d 59 64 16 ca 86 95 54 c1 
34 e5 a6 b3 6b 13 27 13 b8 cc 10 64 1a 16 fd 89 c7 91 92 b2 c2 6e c0 2a 60 b3 36 52 a7 ee f7 3e 
9e db 44 2f 5b 90 d2 55 40 c0 aa bb bc ee c0 77 38 45 e3 46 ba e9 da 98 d9 c1 b9 aa be ed fd 85 
b6 6f c0 87 ca 55 47 d3 f3 3d fc e0 67 a0 e5 13 41 c0 65 51 51 7d 4a 9c 0d ee b2 2e 47 d4 0d 34 
ec ec 88 5d 3d a6 1c 94 0f 01 cf ac 3a ea a7 d7 a3 27 17 8a ad 55 af 10 6d bf 4a 8f 06 ca 4f d4 
c6 a2 9f c8 29 b3 f4 13 7c c3 2f 73 c8 f5 d7 f0 b0 f1 de d0 44 0d c9 45 22 d5 31 38 a6 2f 1a d0 
74 b9 06 55 13 ee 93 d8 a3 43 8f 2b fd 1d 3f 53 28 d6 db 34 3a a1 1d f8 15 3c 1f 2a 93 6b 94 76 
00 04 d3 c1 c5 af a3 6c 85 02 23 9d f9 08 58 92 1e d6 84 54 13 eb 97 8d a2 63 d8 47 22 43 c3 34 
50 36 f0 c4 9f 90 1a 84 e8 7f 69 fa 4e 2d 52 61 d7 fb f7 7d 05 2a a8 dc 60 de b8 c7 11 bd 6b 5b 
87 e0 0a 39 0f b6 de 9f 3a 92 0c 3f 36 c3 1b 31 59 26 71 91 cf 38 99 49 51 d8 31 95 a1 07 a5 46 
ee a3 ae c0 d4 54 dc b0 d8 0d 06 93 e2 ce e5 05 8d 6c 1d 6f 43 1d 95 9d 95 ca 83 18 ca 60 de 4d 
dc af 10 f9 43 1b a8 d6 a7 99 c3 a7 fc 04 d1 30 63 d2 a3 67 54 11 4d 65 d8 69 ae 45 16 8b e4 19 
0d 48 10 35 4c 7b 55 0a 63 6f 0f 12 f3 78 4d 42 d3 21 c9 25 ed a9 47 30 e8 4a 3c 6d 89 20 2f a5 
92 13 1e 38 db a1 62 fb c7 43 d6 03 5e f9 18 a1 b8 e4 ae 96 8a 6d ee 07 ef 68 7e c6 af bf c7 5b 
7a 9e be 73 32 9e 57 ff 4f dc a5 84 99 d6 31 0a 6f a9 3d 44 2e d7 2f a0 f1 ed 53 c6 1d b4 bb c9 
84 de d5 78 6e 92 43 1e f9 6d d0 13 68 7e 52 01 32 17 ba e4 98 d8 aa a9 18 0e e4 bd 82 8f 86 fd 
0c 37 f2 9e 49 fd 45 75 bd 59 e7 0b 29 1d e5 f8 87 81 15 2c 77 27 d1 76 33 cb 1d 08 9d 3d fd 6e 
14 4d 2f 09 70 ba 2d fc ce 7c f4 22 b1 9a 27 cc 2c b7 6c d2 e2 05 be a6 3a 0c d1 18 51 3b 68 bd 
e9 7f 29 6e 34 09 7a a2 ec 54 25 bb bc 32 16 10 0a 76 5b 42 c3 30 c7 00 f4 82 b9 eb ef d5 47 a4 
2a 1c d0 e6 1b a1 a5 61 f6 af 8d 35 42 a1 1e 91 6e eb ff 76 8a 8e cc bd ca 9a f4 3a bf d6 fc 82 
de ff 45 c6 4d 42 dc 04 1b c1 10 8a 81 7a 50 2e 53 9e 34 e7 8c 84 4c 9c 33 c4 53 de 05 74 c6 8d 
f5 d0 71 8d b8 1c 62 f2 b4 dc 23 62 e5 16 e7 19 13 3a b9 1a 12 6d fd 40 cf d4 fe 8b 1e ae f7 8e 
be 5f 5a c0 ec 51 7e 3f b1 fa df 0e bf 97 c0 30 fd 0f 1c a1 1b 67 79 70 4a 75 0a 99 3b 36 26 f5 
be 7a f5 6a 49 b0 37 ed 95 e4 89 86 d2 dd a9 14 6f bf da 58 f4 62 42 11 56 58 26 5c 3c 71 54 60 
92 96 4a 75 ca 9c c6 ce ad 06 e0 3d 6f 74 47 19 6d 7d 07 ff 82 b1 6b ad 54 eb c8 28 d1 22 aa 9e 
d7 3c 7b d1 77 7f 93 43 d3 44 a0 79 9e 2c 46 a9 0e ab 4f a0 a8 4c cd 26 d2 56 15 17 46 bb c5 ea 
f4 7f 44 86 43 52 39 7d 63 cc 17 93 7c a9 07 d5 7f 08 d4 0e 02 09 39 8a e6 04 5c 84 7d c3 37 56 
25 2e a9 49 58 3f 0e dd 41 5a d6 75 90 b5 36 01 bd a0 b6 5d 0d 7c 10 37 12 4d 61 3c 9a 9a 84 8f 
fa 8f b1 55 ce 14 88 33 2e 2e c7 cf 4a fe eb 50 ec 13 e9 d9 f5 f0 03 44 94 0c e1 f0 81 ec d1 67 
43 78 cb df e0 a0 53 6a 2e 2b 2d 1e 11 78 de 0b 72 b9 fe 69 e0 a4 c3 4c 92 26 76 e6 b8 be 9a 21 
6e 7b e5 0a 81 d4 d5 23 91 7f 34 c6 1b 87 08 6a 03 d9 64 5c fe c1 8a 43 21 27 02 e3 71 00 19 0e 
87 9f 41 e9 a6 75 bb b3 95 80 c4 87 73 a8 8f e6 de 02 b4 d0 
q..:UN.K/2)...*.j..k$..l&=.....yW.a..r.vv|.L2B#.nZ{.....e..d.#.-..JJs.l..Ab...C..R$fj.Z./.v;.PMu
........a.b.^.......1.E..XN.[..|S.=.'<\e...>W...8..#.C.6.{^.:...$..~Y.s_s..^.x.....8(.w../..aD..
.....9....f.8.u..d..?.A.;....ip'p...Z......K|9xv.~m....P.j.......N$-.m.s#.....{..o.i......pM.U.]
R.m}....OG.....c..9....Dv$..bV.J.../.....d...r...q.-..b....7......Id".g!..Z.&...@.....Kj...I....
.K.f............,....j.w.e.f..v.Z.....{.9..>..i.........9.~@...Fm9V.......-B\......\tk..Yd....T.
4...k.'....d.........n.*`.6R...>..D/[..U@......w8E.F.............o...UG..=..g...A.eQQ}J.....G..4
...]=.......:....'...U..m.J...O.....)...|./s........D..E".18./..t..U.....C.+..?S(..4:....<.*.k.v
.......l..#...X....T.....c.G"C.4P6........i.N-Ra...}.*..`.....k[...9....:..?6..1Y&q..8.IQ.1....F
.....T...........l.oC........`.M....C..........0c..gT.Me.i.E.....H.5L{U.co...xMB.!.%..G0.J<m. /.
...8..b..C..^........m...h~....[z..s2.W.O.....1.o.=D../...S........xn.C..m..h~R.2...............
.7..I.Eu.Y..)......,w'.v3....=.n.M/.p.-..|."..'.,.l.....:...Q;h...)n4.z..T%..2...v[B.0........G.
*......a...5B...n..v.......:......E.MB.......zP.S.4...L.3.S..t....q...b...#b.....:...m.@........
._Z..Q~?.......0.....gypJu..;6&..z.jI.7.........o..X.bB.VX&\<qT`..Ju.......=otG.m}....k.T..(."..
.<{.w..C.D.y.,F...O..L.&.V..F.....D.CR9}c...|.........9...\.}.7V%..IX?..AZ.u..6....].|.7.Ma<....
...U...3....J..P.......D.......gCx....Sj.+-..x..r..i...L.&v....!n{.....#..4....j..d\...C!'..q...
..A..u......s.......

MRGN->Client [16:26:48 07/16/09] packet size: 250
ed 68 4a 91 d4 2b 2a e8 19 9e 63 55 9e 16 93 3d 27 a3 aa 80 38 9a 4e 98 93 f8 1b 90 57 bc 46 92 
f2 ce c1 18 6f de 17 d8 ee a1 38 41 81 b1 29 8b af 1a bb e3 75 ae 39 b1 fd cd fd c1 a5 01 17 2e 
f9 2b c3 22 47 4b 50 7e c0 d0 14 c7 a7 de da a0 d8 f4 91 e2 84 3b 3d 81 d4 61 e9 91 95 44 9b 46 
5f d1 91 7e b5 6c 7d f5 7d b6 43 f3 98 72 c2 61 40 3a b6 8c 49 58 f2 f8 4b 2e 5e 9d 99 60 39 9b 
4a f2 a5 24 4c 0b ca aa 2e 19 c2 d4 ba 7c 3e e0 a3 ed b8 7c 4f 23 e3 0b 93 b8 35 ce 58 76 67 79 
10 05 c6 fd 26 77 bf f8 0a 50 31 a6 48 fd c1 a4 b3 59 4a db 07 f6 6f 0a 87 17 3f 26 25 cb dc 17 
bb af 7a 2e 7e 27 12 15 3c 0d dd 1c 6d cf 64 bf 6e e3 22 d3 ec 64 a9 4a 93 1b 2a 7f 7a cd cf 01 
ea be 2d 7d 22 33 66 74 db a3 42 54 d4 3b 0b 47 78 ca de 4c 4e e5 3c c5 a1 17 
.hJ..+*...cU...='...8.N.....W.F.....o.....8A..).....u.9..........+."GKP~.............;=..a...D.F
_..~.l}.}.C..r.a@:..IX..K.^..`9.J..$L........|>....|O#....5.Xvgy....&w...P1.H....YJ...o...?&%...
..z.~'..<...m.d.n."..d.J..*.z.....-}"3ft..BT.;.Gx..LN.<...

MRGN->Client [16:26:48 07/16/09] packet size: 49
30 24 44 3e 50 60 9b 1b 3e e6 0c 52 04 90 28 93 e5 b3 16 05 b8 87 43 2c 14 bd 01 a8 29 11 dc 5a 
fc 76 57 2e 6b ef ef 79 0c b8 06 b6 1d 46 10 12 61 
0$D>P`..>..R..(.......C,....)..Z.vW.k..y.....F..a

MRGN->Client [16:26:48 07/16/09] packet size: 49
30 e9 43 b4 36 04 a9 fb c6 2f fb 02 09 30 b8 a5 27 06 96 ae c7 21 a9 8e df db 60 d4 3b e2 ea a4 
09 b3 59 38 5c c4 d0 8c 09 e2 e3 a0 b6 70 09 06 ed 
0.C.6..../...0..'....!....`.;.....Y8\........p...

Client->GAME [16:26:48 07/16/09] packet size: 43
00 00 00 00 00 00 03 08 00 00 00 9c 63 09 00 00 00 00 00 84 03 00 00 00 00 00 00 0b f1 19 d9 ab 
db 3e 94 cb 13 1c c3 31 79 e6 3e 
............c....................>.....1y.>

GAME->Client [16:26:49 07/16/09] packet size: 7
00 00 00 00 00 00 05 
.......

GAME->Client [16:26:49 07/16/09] packet size: 7
00 00 00 00 00 00 05 
.......

GAME->Client [16:26:49 07/16/09] packet size: 7
00 00 00 00 00 00 05 
.......

GAME->Client [16:26:49 07/16/09] packet size: 7
00 00 00 00 00 00 05 
.......

GAME->Client [16:26:49 07/16/09] packet size: 7
00 00 00 00 00 00 05 
.......

MRGN->Client [16:26:49 07/16/09] packet size: 33
20 10 23 8f 2a c0 da 49 49 34 c6 f1 31 f3 9d f8 ea f7 28 a3 dd 6d 6e da 28 f9 78 46 23 3f 39 15 
86 
 .#.*..II4..1.....(..mn.(.xF#?9..

GAME->Client [16:26:49 07/16/09] packet size: 701 CRYPTED, Flags: 0 ServerSeq: 1 ClientSeq: 0
82 0e fb ce 45 04 01 00 00 22 5f 06 0e 00 86 03 00 00 0e fb ce 45 01 35 00 25 00 72 65 73 6f 75 
72 63 65 2f 77 6f 72 6c 64 73 2f 6c 6f 61 64 69 6e 67 5f 61 72 65 61 2f 6c 61 2e 6d 65 74 72 00 
28 00 48 61 6c 6c 6f 77 65 65 6e 5f 45 76 65 6e 74 2c 57 69 6e 74 65 72 33 48 61 6c 6c 6f 77 65 
65 6e 46 6c 79 54 53 45 43 00 0a 80 e5 e7 cb c0 12 00 00 00 00 0a 80 e4 bc 58 7a 00 00 00 00 00 
08 80 b2 4e 00 08 00 08 02 08 80 b2 52 00 1e 00 08 02 08 80 b2 54 00 0d 00 08 02 08 80 b2 4f 00 
08 00 08 02 08 80 b2 51 00 1e 00 08 02 08 80 b2 11 00 32 00 08 02 16 80 bc 45 03 11 00 00 02 00 
00 00 11 00 32 00 00 00 00 00 00 00 00 16 80 bc 45 00 02 00 00 02 00 00 00 cc 00 0c 00 00 00 00 
00 00 00 00 16 80 bc 45 00 03 00 00 0b 00 00 00 37 02 96 00 00 00 00 00 00 00 00 16 80 bc 45 00 
04 00 00 2d 00 00 00 23 04 0a 00 00 00 00 00 00 00 00 16 80 bc 45 00 05 00 00 2d 00 00 00 20 04 
0a 00 00 00 00 00 00 00 00 16 80 bc 45 00 06 00 00 2d 00 00 00 19 04 05 00 00 00 00 00 00 00 00 
16 80 bc 45 00 07 00 00 2d 00 00 00 42 04 05 00 00 00 00 00 00 00 00 16 80 bc 45 00 08 00 00 34 
00 00 00 83 02 c8 00 00 00 00 00 00 00 00 08 80 b2 3d 04 00 00 08 02 16 80 bc 45 03 3d 04 00 43 
00 00 00 3d 04 00 00 00 00 00 00 00 00 00 16 80 bc 45 00 09 00 00 4b 00 00 00 1f 04 19 00 00 00 
00 00 00 00 00 16 80 bc 45 00 0a 00 00 5f 00 00 00 7c 04 0f 00 00 00 00 00 00 00 00 16 80 bc 45 
00 0b 00 00 5f 00 00 00 07 04 0f 00 00 00 00 00 00 00 00 16 80 bc 45 00 0c 00 00 62 00 00 00 06 
04 01 00 00 00 00 00 00 00 00 08 80 b2 35 04 00 00 08 02 16 80 bc 45 03 35 04 00 62 00 00 00 35 
04 00 00 00 00 00 00 00 00 00 16 80 bc 45 00 0d 00 00 62 00 00 00 15 04 01 00 00 00 00 00 00 00 
00 08 80 b2 3e 04 00 00 08 02 16 80 bc 45 03 3e 04 00 4f 01 00 00 3e 04 00 00 00 00 00 00 00 00 
00 16 80 bc 45 00 0e 00 00 5a 01 00 00 07 04 05 00 00 00 00 00 00 00 00 16 80 bc 45 00 0f 00 00 
5a 01 00 00 1d 04 0f 00 00 00 00 00 00 00 00 08 80 b2 3f 04 00 00 08 02 16 80 bc 45 03 3f 04 00 
64 01 00 00 3f 04 00 00 00 00 00 00 00 00 00 16 80 bc 45 00 10 00 00 64 01 00 00 1f 04 05 00 00 
00 00 00 00 00 00 16 80 bc 45 00 11 00 00 66 01 00 00 7b 04 05 00 00 00 00 00 00 00 00 
....E...."_..........E.5.%.resource/worlds/loading_area/la.metr.(.Halloween_Event,Winter3Hallowe
enFlyTSEC................Xz........N........R........T........O........Q..........2......E......
....2...........E......................E........7.............E....-...#.............E....-... .
............E....-.................E....-...B.............E....4.................=........E.=..C
...=.............E....K.................E...._...|.............E...._.................E....b....
.............5........E.5..b...5.............E....b.................>........E.>..O...>.........
....E....Z.................E....Z.................?........E.?..d...?.............E....d........
.........E....f...{..........

MRGN->Client [16:26:49 07/16/09] packet size: 6
00 00 00 00 00 00 
......

Client->GAME [16:26:50 07/16/09] packet size: 8 CRYPTED, Flags: 1 ServerSeq: 1 ClientSeq: 1
02 04 01 00 00 01 01 05 
........

GAME->Client [16:26:50 07/16/09] packet size: 659 CRYPTED, Flags: 0 ServerSeq: 2 ClientSeq: 0
02 04 01 00 22 1d 16 80 bc 45 00 12 00 00 66 01 00 00 12 04 0a 00 00 00 00 00 00 00 00 16 80 bc 
45 00 13 00 00 66 01 00 00 06 04 0b 00 00 00 00 00 00 00 00 16 80 bc 45 00 14 00 00 8e 01 00 00 
03 04 05 00 00 00 00 00 00 00 00 16 80 bc 45 00 15 00 00 8e 01 00 00 12 04 0f 00 00 00 00 00 00 
00 00 16 80 bc 45 00 16 00 00 8e 01 00 00 77 04 05 00 00 00 00 00 00 00 00 16 80 bc 45 00 17 00 
00 cd 01 00 00 e5 03 05 00 00 00 00 00 00 00 00 16 80 bc 45 00 18 00 00 cd 01 00 00 73 04 05 00 
00 00 00 00 00 00 00 16 80 bc 45 00 19 00 00 cd 01 00 00 e3 03 0f 00 00 00 00 00 00 00 00 08 80 
b2 40 04 00 00 08 02 16 80 bc 45 03 40 04 00 d5 01 00 00 40 04 00 00 00 00 00 00 00 00 00 16 80 
bc 45 00 1a 00 00 d5 01 00 00 e3 03 05 00 00 00 00 00 00 00 00 16 80 bc 45 00 1b 00 00 36 02 00 
00 37 02 0a 00 00 00 00 00 00 00 00 16 80 bc 45 00 1c 00 00 74 02 00 00 34 02 1e 00 00 00 00 00 
00 00 00 16 80 bc 56 00 1d 00 00 0a 95 00 00 06 04 02 00 00 00 00 00 00 00 00 16 80 bc 56 00 1e 
00 00 0a 95 00 00 b4 00 11 00 00 00 00 00 00 00 00 16 80 bc 56 00 1f 00 00 0a 95 00 00 b5 00 11 
00 00 00 00 00 00 00 00 16 80 bc 56 00 20 00 00 0a 95 00 00 07 04 02 00 00 00 00 00 00 00 00 16 
80 bc 56 00 21 00 00 8a b2 00 00 23 04 02 00 00 00 00 00 00 00 00 16 80 bc 56 00 22 00 00 8a b2 
00 00 21 04 01 00 00 00 00 00 00 00 00 16 80 bc 56 00 23 00 00 8a b2 00 00 b4 00 1d 00 00 00 00 
00 00 00 00 16 80 bc 56 00 24 00 00 8a b2 00 00 09 04 1d 00 00 00 00 00 00 00 00 16 80 bc 56 00 
25 00 00 8a b2 00 00 9d 00 1d 00 00 00 00 00 00 00 00 16 80 bc 56 00 26 00 00 8a b2 00 00 06 04 
01 00 00 00 00 00 00 00 00 16 80 bc 56 00 27 00 00 24 b3 00 00 89 02 02 00 00 00 00 00 00 00 00 
16 80 bc 56 00 28 00 00 24 b3 00 00 1a 04 01 00 00 00 00 00 00 00 00 16 80 bc 56 00 29 00 00 24 
b3 00 00 b4 00 21 00 00 00 00 00 00 00 00 16 80 bc 56 00 2a 00 00 24 b3 00 00 09 04 21 00 00 00 
00 00 00 00 00 16 80 bc 56 00 2b 00 00 24 b3 00 00 15 04 02 00 00 00 00 00 00 00 00 16 80 bc 56 
00 2c 00 00 24 b3 00 00 b5 00 21 00 00 00 00 00 00 00 00 
...."....E....f.................E....f.................E......................E.................
.....E........w.............E......................E........s.............E.....................
.@........E.@......@.............E......................E....6...7.............E....t...4.......
......V......................V......................V......................V. ..................
..V.!......#.............V."......!.............V.#....................V.$....................V.
%....................V.&....................V.'..$.................V.(..$.................V.)..$
.....!...........V.*..$.....!...........V.+..$.................V.,..$.....!........

MRGN->Client [16:26:50 07/16/09] packet size: 6
00 00 00 00 00 00 
......

GAME->Client [16:26:50 07/16/09] packet size: 642 CRYPTED, Flags: 0 ServerSeq: 3 ClientSeq: 0
02 04 03 00 3f 05 16 80 bc 56 00 2d 00 00 95 a7 00 00 b4 00 12 00 00 00 00 00 00 00 00 16 80 bc 
56 00 2e 00 00 95 a7 00 00 b5 00 12 00 00 00 00 00 00 00 00 16 80 bc 56 00 2f 00 00 95 a7 00 00 
09 04 12 00 00 00 00 00 00 00 00 16 80 bc 56 00 30 00 00 95 a7 00 00 70 00 0f 00 00 00 00 00 00 
00 00 16 80 bc 56 00 31 00 00 2c b3 00 00 17 04 01 00 00 00 00 00 00 00 00 00 44 12 16 80 bc 56 
00 32 00 00 2c b3 00 00 b4 00 21 00 00 00 00 00 00 00 00 16 80 bc 56 00 33 00 00 2c b3 00 00 09 
04 21 00 00 00 00 00 00 00 00 16 80 bc 56 00 34 00 00 2c b3 00 00 12 04 02 00 00 00 00 00 00 00 
00 16 80 bc 56 00 35 00 00 2c b3 00 00 07 04 02 00 00 00 00 00 00 00 00 16 80 bc 56 00 36 00 00 
2c b3 00 00 b5 00 21 00 00 00 00 00 00 00 00 16 80 bc 56 00 37 00 00 c3 b2 00 00 89 02 02 00 00 
00 00 00 00 00 00 16 80 bc 56 00 38 00 00 c3 b2 00 00 21 04 02 00 00 00 00 00 00 00 00 16 80 bc 
56 00 39 00 00 c3 b2 00 00 b4 00 1f 00 00 00 00 00 00 00 00 16 80 bc 56 00 3a 00 00 c3 b2 00 00 
09 04 1f 00 00 00 00 00 00 00 00 16 80 bc 56 00 3b 00 00 c3 b2 00 00 1e 04 01 00 00 00 00 00 00 
00 00 16 80 bc 56 00 3c 00 00 c3 b2 00 00 9d 00 1f 00 00 00 00 00 00 00 00 16 80 bc 15 00 3d 00 
00 f7 03 00 00 08 02 00 00 00 00 00 00 00 00 00 16 80 bc 15 00 3e 00 00 f7 03 00 00 07 02 ec ff 
ff ff 00 00 00 00 00 16 80 bc 15 00 3f 00 00 f7 03 00 00 50 04 00 00 00 00 00 00 00 00 00 16 80 
bc 15 00 40 00 00 f7 03 00 00 f4 03 00 00 00 00 00 00 00 00 00 16 80 bc 15 00 41 00 00 f7 03 00 
00 51 04 f6 ff ff ff 00 00 00 00 00 16 80 bc 15 00 42 00 00 f7 03 00 00 52 04 0f 00 00 00 00 00 
00 00 00 2f 47 00 00 04 01 00 00 00 00 00 00 00 00 00 00 00 00 00 00 00 1a 00 06 00 00 00 01 00 
00 00 00 01 01 00 00 00 00 00 80 00 00 00 00 00 00 00 00 00 56 02 02 81 09 48 81 a9 00 00 07 00 
05 3f 00 68 74 74 70 3a 2f 2f 74 68 65 6d 61 74 72 69 78 6f 6e 6c 69 6e 65 2e 73 74 61 74 69 6f 
6e 2e 73 6f 6e 79 2e 63 6f 6d 2f 70 72 6f 63 65 73 73 46 6c 61 73 68 54 72 61 66 66 69 63 2e 76 
6d 00 
....?....V.-....................V......................V./....................V.0......p........
.....V.1..,...............D....V.2..,.....!...........V.3..,.....!...........V.4..,.............
....V.5..,.................V.6..,.....!...........V.7....................V.8......!.............
V.9....................V.:....................V.;....................V.<......................=.
.....................>......................?......P...............@......................A.....
.Q...............B......R........../G...............................................V....H......
.?.http://thematrixonline.station.sony.com/processFlashTraffic.vm.

Client->GAME [16:26:50 07/16/09] packet size: 16 CRYPTED, Flags: 7 ServerSeq: 3 ClientSeq: 2
02 04 01 00 01 01 09 6c 03 00 00 00 00 00 00 00 
.......l........

GAME->Client [16:26:50 07/16/09] packet size: 360 CRYPTED, Flags: 1 ServerSeq: 4 ClientSeq: 1
02 04 01 00 58 02 81 1a 80 86 75 d4 01 00 4b b1 00 00 01 21 00 93 f5 01 00 75 d4 01 00 00 00 00 
00 32 00 14 02 00 00 18 01 0f 00 52 65 73 65 72 76 6f 69 72 20 44 6f 67 73 00 06 00 00 75 d4 01 
00 41 66 74 65 72 57 68 6f 72 75 4e 65 6f 00 00 00 00 00 00 00 00 00 00 00 00 00 00 00 00 00 00 
00 01 00 99 10 01 00 43 68 65 72 62 65 72 75 73 00 00 00 00 00 00 00 00 00 00 00 00 00 00 00 00 
00 00 00 00 00 00 00 00 00 93 f5 01 00 54 68 65 41 76 65 6e 4e 69 67 65 72 61 00 00 00 00 00 00 
00 00 00 00 00 00 00 00 00 00 00 00 00 00 00 ee 55 02 00 4c 31 7a 5a 00 00 00 00 00 00 00 00 00 
00 00 00 00 00 00 00 00 00 00 00 00 00 00 00 00 00 00 00 00 00 c2 98 02 00 4b 61 72 74 68 6f 73 
00 00 00 00 00 00 00 00 00 00 00 00 00 00 00 00 00 00 00 00 00 00 00 00 00 00 00 62 f9 02 00 54 
68 65 57 68 6f 72 75 4e 65 6f 00 00 00 00 00 00 00 00 00 00 00 00 00 00 00 00 00 00 00 00 00 00 
00 00 45 7c 75 d4 01 00 31 5e 00 00 01 00 00 01 0f 00 34 00 01 54 68 65 20 44 75 61 6c 69 74 79 
00 bc bf 00 0d 60 1c 91 c4 00 00 00 00 4b 6f 76 65 6e 53 75 6c 66 69 72 65 00 7c 00 61 6c 6c 02 
2f d8 01 00 66 d6 87 04 
....X.....u...K....!.....u.......2.........Reservoir Dogs....u...AfterWhoruNeo..................
.......Cherberus.............................TheAvenNigera......................U..L1zZ.........
.........................Karthos...........................b...TheWhoruNeo......................
..E|u...1^........4..The Duality.....`.......KovenSulfire.|.all./...f...

Client->GAME [16:26:50 07/16/09] packet size: 1 CRYPTED, Flags: f ServerSeq: 4 ClientSeq: 3
02 
.

GAME->Client [16:26:50 07/16/09] packet size: 733 CRYPTED, Flags: 3 ServerSeq: 5 ClientSeq: 2
02 04 02 00 5a 01 82 48 7c 75 d4 01 00 31 5e 00 00 02 00 01 02 0f 00 37 02 4b b1 00 00 52 65 73 
65 72 76 6f 69 72 20 44 6f 67 73 00 91 c4 00 00 00 00 4b 6f 76 65 6e 53 75 6c 66 69 72 65 00 7c 
00 61 6c 6c 93 f5 01 00 54 68 65 41 76 65 6e 4e 69 67 65 72 61 00 20 69 73 20 66 61 72 6d 69 6e 
67 20 7a 6f 6d 62 7a 2c 00 02 13 71 00 00 44 75 61 6c 69 74 79 00 6a 75 73 74 20 6e 65 65 64 20 
65 6e 6f 75 67 68 20 69 6e 66 6f 20 74 6f 20 6d 61 78 20 6f 75 25 2f 01 00 4d 65 64 61 6e 69 61 
00 6e 2c 20 61 6e 64 20 69 6c 6c 20 62 65 20 62 65 20 67 6f 6f 64 20 74 6f 00 02 46 71 00 00 48 
69 67 68 73 70 65 65 64 00 00 68 69 6c 64 72 00 00 00 00 00 00 00 00 00 00 00 00 00 00 00 00 00 
00 00 00 00 00 00 66 ec 01 00 53 6f 6e 67 61 00 6f 72 65 6e 7a 61 00 00 00 00 00 00 00 00 00 00 
00 00 00 00 00 00 00 00 00 00 00 02 35 72 00 00 52 65 76 6f 6c 75 74 69 6f 6e 00 69 73 30 6b 00 
00 00 00 00 00 00 00 00 00 00 00 00 00 00 00 00 00 00 00 00 00 00 00 bc d2 01 00 43 65 72 69 6f 
6e 65 00 61 64 65 79 4a 61 64 65 00 00 00 00 00 00 00 00 00 00 00 00 00 00 00 00 00 03 c6 72 00 
00 4b 69 6e 64 65 72 20 64 65 73 20 5a 6f 72 6e 73 00 00 00 00 00 00 00 00 00 00 00 00 00 00 00 
00 00 00 00 00 00 00 00 6b db 01 00 50 61 72 74 79 61 6e 69 6d 61 6c 00 43 54 00 00 00 00 00 00 
00 00 00 00 00 00 00 00 00 00 00 00 00 03 2d 74 00 00 7a 69 6f 6e 73 20 74 61 63 20 6f 70 73 00 
70 79 00 00 00 00 00 00 00 00 00 00 00 00 00 00 00 00 00 00 00 00 00 00 00 2f d8 01 00 65 6e 74 
69 6c 73 61 72 00 77 6b 61 72 64 69 6c 6c 75 73 69 6f 6e 00 00 00 00 00 00 00 00 00 00 00 01 02 
a4 00 00 47 65 72 6d 61 6e 53 6f 6c 64 69 65 72 73 00 69 6e 65 00 00 00 00 00 00 00 00 00 00 00 
00 00 00 00 00 00 00 00 00 00 86 4c 02 00 53 79 6d 62 69 00 00 00 00 00 00 00 00 00 00 00 00 00 
00 00 00 00 00 00 00 00 00 00 00 00 00 00 00 03 00 5b 06 16 80 bc 56 00 1d 00 00 0a 95 00 00 06 
04 02 00 00 00 01 00 00 00 00 16 80 bc 56 00 1e 00 00 0a 95 00 00 b4 00 11 00 00 00 01 00 00 00 
00 16 80 bc 56 00 1f 00 00 0a 95 00 00 b5 00 11 00 00 00 01 00 00 00 00 16 80 bc 56 00 20 00 00 
0a 95 00 00 07 04 02 00 00 00 01 00 00 00 00 16 80 bc 56 00 43 00 00 0a 95 00 00 06 04 02 00 00 
00 00 00 00 00 00 16 80 bc 56 00 44 00 00 0a 95 00 00 b4 00 11 00 00 00 00 00 00 00 00 
....Z..H|u...1^........7.K...Reservoir Dogs.......KovenSulfire.|.all....TheAvenNigera. is farmin
g zombz,...q..Duality.just need enough info to max ou%/..Medania.n, and ill be be good to..Fq..H
ighspeed..hildr.......................f...Songa.orenza......................5r..Revolution.is0k.
...........................Cerione.adeyJade...................r..Kinder des Zorns...............
........k...Partyanimal.CT....................-t..zions tac ops.py......................./...ent
ilsar.wkardillusion................GermanSoldiers.ine......................L..Symbi.............
.................[....V......................V......................V......................V. ..
..................V.C....................V.D.................

Client->GAME [16:26:50 07/16/09] packet size: 1 CRYPTED, Flags: 1f ServerSeq: 5 ClientSeq: 4
02 
.

GAME->Client [16:26:50 07/16/09] packet size: 673 CRYPTED, Flags: 7 ServerSeq: 6 ClientSeq: 3
02 04 01 00 61 1d 16 80 bc 56 00 45 00 00 0a 95 00 00 b5 00 11 00 00 00 00 00 00 00 00 16 80 bc 
56 00 46 00 00 0a 95 00 00 07 04 02 00 00 00 00 00 00 00 00 16 80 bc 56 00 21 00 00 8a b2 00 00 
23 04 02 00 00 00 01 00 00 00 00 16 80 bc 56 00 22 00 00 8a b2 00 00 21 04 01 00 00 00 01 00 00 
00 00 16 80 bc 56 00 23 00 00 8a b2 00 00 b4 00 1d 00 00 00 01 00 00 00 00 16 80 bc 56 00 24 00 
00 8a b2 00 00 09 04 1d 00 00 00 01 00 00 00 00 16 80 bc 56 00 25 00 00 8a b2 00 00 9d 00 1d 00 
00 00 01 00 00 00 00 16 80 bc 56 00 26 00 00 8a b2 00 00 06 04 01 00 00 00 01 00 00 00 00 16 80 
bc 56 00 47 00 00 8a b2 00 00 23 04 02 00 00 00 00 00 00 00 00 16 80 bc 56 00 48 00 00 8a b2 00 
00 21 04 01 00 00 00 00 00 00 00 00 16 80 bc 56 00 49 00 00 8a b2 00 00 b4 00 1d 00 00 00 00 00 
00 00 00 16 80 bc 56 00 4a 00 00 8a b2 00 00 09 04 1d 00 00 00 00 00 00 00 00 16 80 bc 56 00 4b 
00 00 8a b2 00 00 9d 00 1d 00 00 00 00 00 00 00 00 16 80 bc 56 00 4c 00 00 8a b2 00 00 06 04 01 
00 00 00 00 00 00 00 00 16 80 bc 56 00 27 00 00 24 b3 00 00 89 02 02 00 00 00 01 00 00 00 00 16 
80 bc 56 00 28 00 00 24 b3 00 00 1a 04 01 00 00 00 01 00 00 00 00 16 80 bc 56 00 29 00 00 24 b3 
00 00 b4 00 21 00 00 00 01 00 00 00 00 16 80 bc 56 00 2a 00 00 24 b3 00 00 09 04 21 00 00 00 01 
00 00 00 00 16 80 bc 56 00 2b 00 00 24 b3 00 00 15 04 02 00 00 00 01 00 00 00 00 16 80 bc 56 00 
2c 00 00 24 b3 00 00 b5 00 21 00 00 00 01 00 00 00 00 16 80 bc 56 00 4d 00 00 24 b3 00 00 89 02 
02 00 00 00 00 00 00 00 00 16 80 bc 56 00 4e 00 00 24 b3 00 00 1a 04 01 00 00 00 00 00 00 00 00 
16 80 bc 56 00 4f 00 00 24 b3 00 00 b4 00 21 00 00 00 00 00 00 00 00 16 80 bc 56 00 50 00 00 24 
b3 00 00 09 04 21 00 00 00 00 00 00 00 00 16 80 bc 56 00 51 00 00 24 b3 00 00 15 04 02 00 00 00 
00 00 00 00 00 16 80 bc 56 00 52 00 00 24 b3 00 00 b5 00 21 00 00 00 00 00 00 00 00 16 80 bc 56 
00 2d 00 00 95 a7 00 00 b4 00 12 00 00 00 01 00 00 00 00 16 80 bc 56 00 2e 00 00 95 a7 00 00 b5 
00 12 00 00 00 01 00 00 00 00 16 80 bc 56 00 2f 00 00 95 a7 00 00 09 04 12 00 00 00 01 00 00 00 
00 
....a....V.E....................V.F....................V.!......#.............V."......!........
.....V.#....................V.$....................V.%....................V.&...................
.V.G......#.............V.H......!.............V.I....................V.J....................V.K
....................V.L....................V.'..$.................V.(..$.................V.)..$.
....!...........V.*..$.....!...........V.+..$.................V.,..$.....!...........V.M..$.....
............V.N..$.................V.O..$.....!...........V.P..$.....!...........V.Q..$.........
........V.R..$.....!...........V.-....................V......................V./................
.

Client->GAME [16:26:50 07/16/09] packet size: 1 CRYPTED, Flags: 3f ServerSeq: 6 ClientSeq: 5
02 
.

GAME->Client [16:26:50 07/16/09] packet size: 704 CRYPTED, Flags: f ServerSeq: 7 ClientSeq: 4
02 04 02 00 7e 1c 16 80 bc 56 00 30 00 00 95 a7 00 00 70 00 0f 00 00 00 01 00 00 00 00 16 80 bc 
56 00 53 00 00 95 a7 00 00 b4 00 12 00 00 00 00 00 00 00 00 16 80 bc 56 00 54 00 00 95 a7 00 00 
b5 00 12 00 00 00 00 00 00 00 00 16 80 bc 56 00 55 00 00 95 a7 00 00 09 04 12 00 00 00 00 00 00 
00 00 16 80 bc 56 00 56 00 00 95 a7 00 00 70 00 0f 00 00 00 00 00 00 00 00 16 80 bc 56 00 31 00 
00 2c b3 00 00 17 04 01 00 00 00 01 00 00 00 00 16 80 bc 56 00 32 00 00 2c b3 00 00 b4 00 21 00 
00 00 01 00 00 00 00 16 80 bc 56 00 33 00 00 2c b3 00 00 09 04 21 00 00 00 01 00 00 00 00 16 80 
bc 56 00 34 00 00 2c b3 00 00 12 04 02 00 00 00 01 00 00 00 00 16 80 bc 56 00 35 00 00 2c b3 00 
00 07 04 02 00 00 00 01 00 00 00 00 16 80 bc 56 00 36 00 00 2c b3 00 00 b5 00 21 00 00 00 01 00 
00 00 00 16 80 bc 56 00 57 00 00 2c b3 00 00 17 04 01 00 00 00 00 00 00 00 00 16 80 bc 56 00 58 
00 00 2c b3 00 00 b4 00 21 00 00 00 00 00 00 00 00 16 80 bc 56 00 59 00 00 2c b3 00 00 09 04 21 
00 00 00 00 00 00 00 00 16 80 bc 56 00 5a 00 00 2c b3 00 00 12 04 02 00 00 00 00 00 00 00 00 16 
80 bc 56 00 5b 00 00 2c b3 00 00 07 04 02 00 00 00 00 00 00 00 00 16 80 bc 56 00 5c 00 00 2c b3 
00 00 b5 00 21 00 00 00 00 00 00 00 00 16 80 bc 56 00 37 00 00 c3 b2 00 00 89 02 02 00 00 00 01 
00 00 00 00 16 80 bc 56 00 38 00 00 c3 b2 00 00 21 04 02 00 00 00 01 00 00 00 00 16 80 bc 56 00 
39 00 00 c3 b2 00 00 b4 00 1f 00 00 00 01 00 00 00 00 16 80 bc 56 00 3a 00 00 c3 b2 00 00 09 04 
1f 00 00 00 01 00 00 00 00 16 80 bc 56 00 3b 00 00 c3 b2 00 00 1e 04 01 00 00 00 01 00 00 00 00 
16 80 bc 56 00 3c 00 00 c3 b2 00 00 9d 00 1f 00 00 00 01 00 00 00 00 16 80 bc 56 00 5d 00 00 c3 
b2 00 00 89 02 02 00 00 00 00 00 00 00 00 16 80 bc 56 00 5e 00 00 c3 b2 00 00 21 04 02 00 00 00 
00 00 00 00 00 16 80 bc 56 00 5f 00 00 c3 b2 00 00 b4 00 1f 00 00 00 00 00 00 00 00 16 80 bc 56 
00 60 00 00 c3 b2 00 00 09 04 1f 00 00 00 00 00 00 00 00 16 80 bc 56 00 61 00 00 c3 b2 00 00 1e 
04 01 00 00 00 00 00 00 00 00 00 9a 03 16 80 bc 56 00 62 00 00 c3 b2 00 00 9d 00 1f 00 00 00 00 
00 00 00 00 04 80 b3 11 00 16 80 bc 45 03 11 00 00 02 00 00 00 11 00 32 00 00 00 01 00 00 00 00 
....~....V.0......p.............V.S....................V.T....................V.U...............
.....V.V......p.............V.1..,.................V.2..,.....!...........V.3..,.....!..........
.V.4..,.................V.5..,.................V.6..,.....!...........V.W..,.................V.X
..,.....!...........V.Y..,.....!...........V.Z..,.................V.[..,.................V.\..,.
....!...........V.7....................V.8......!.............V.9....................V.:........
............V.;....................V.<....................V.]....................V.^......!.....
........V._....................V.`....................V.a.......................V.b.............
............E..........2........

Client->GAME [16:26:50 07/16/09] packet size: 1 CRYPTED, Flags: 7f ServerSeq: 7 ClientSeq: 6
02 
.

GAME->Client [16:26:50 07/16/09] packet size: 664 CRYPTED, Flags: 1f ServerSeq: 8 ClientSeq: 5
02 04 01 00 9d 20 16 80 bc 45 00 02 00 00 02 00 00 00 cc 00 0c 00 00 00 01 00 00 00 00 08 80 b2 
11 00 32 00 08 02 16 80 bc 45 03 11 00 00 02 00 00 00 11 00 32 00 00 00 00 00 00 00 00 16 80 bc 
55 00 63 00 00 02 00 00 00 cc 00 0c 00 00 00 00 00 00 00 00 16 80 bc 45 00 03 00 00 0b 00 00 00 
37 02 96 00 00 00 01 00 00 00 00 16 80 bc 55 00 64 00 00 0b 00 00 00 37 02 96 00 00 00 00 00 00 
00 00 16 80 bc 45 00 04 00 00 2d 00 00 00 23 04 0a 00 00 00 01 00 00 00 00 16 80 bc 45 00 05 00 
00 2d 00 00 00 20 04 0a 00 00 00 01 00 00 00 00 16 80 bc 45 00 06 00 00 2d 00 00 00 19 04 05 00 
00 00 01 00 00 00 00 16 80 bc 45 00 07 00 00 2d 00 00 00 42 04 05 00 00 00 01 00 00 00 00 16 80 
bc 55 00 65 00 00 2d 00 00 00 23 04 0a 00 00 00 00 00 00 00 00 16 80 bc 55 00 66 00 00 2d 00 00 
00 20 04 0a 00 00 00 00 00 00 00 00 16 80 bc 55 00 67 00 00 2d 00 00 00 19 04 05 00 00 00 00 00 
00 00 00 16 80 bc 55 00 68 00 00 2d 00 00 00 42 04 05 00 00 00 00 00 00 00 00 16 80 bc 45 00 08 
00 00 34 00 00 00 83 02 c8 00 00 00 01 00 00 00 00 16 80 bc 55 00 69 00 00 34 00 00 00 83 02 c8 
00 00 00 00 00 00 00 00 04 80 b3 3d 04 16 80 bc 45 03 3d 04 00 43 00 00 00 3d 04 00 00 00 00 01 
00 00 00 00 08 80 b2 3d 04 00 00 08 02 16 80 bc 45 03 3d 04 00 43 00 00 00 3d 04 00 00 00 00 00 
00 00 00 00 16 80 bc 45 00 09 00 00 4b 00 00 00 1f 04 19 00 00 00 01 00 00 00 00 16 80 bc 55 00 
6a 00 00 4b 00 00 00 1f 04 19 00 00 00 00 00 00 00 00 16 80 bc 45 00 0a 00 00 5f 00 00 00 7c 04 
0f 00 00 00 01 00 00 00 00 16 80 bc 45 00 0b 00 00 5f 00 00 00 07 04 0f 00 00 00 01 00 00 00 00 
16 80 bc 55 00 6b 00 00 5f 00 00 00 7c 04 0f 00 00 00 00 00 00 00 00 16 80 bc 55 00 6c 00 00 5f 
00 00 00 07 04 0f 00 00 00 00 00 00 00 00 16 80 bc 45 00 0c 00 00 62 00 00 00 06 04 01 00 00 00 
01 00 00 00 00 04 80 b3 35 04 16 80 bc 45 03 35 04 00 62 00 00 00 35 04 00 00 00 00 01 00 00 00 
00 16 80 bc 45 00 0d 00 00 62 00 00 00 15 04 01 00 00 00 01 00 00 00 00 16 80 bc 55 00 6d 00 00 
62 00 00 00 06 04 01 00 00 00 00 00 00 00 00 08 80 b2 35 04 00 00 08 02 
..... ...E........................2......E..........2...........U.c....................E........
7.............U.d......7.............E....-...#.............E....-... .............E....-.......
..........E....-...B.............U.e..-...#.............U.f..-... .............U.g..-...........
......U.h..-...B.............E....4.................U.i..4.................=....E.=..C...=......
.......=........E.=..C...=.............E....K.................U.j..K.................E...._...|.
............E...._.................U.k.._...|.............U.l.._.................E....b.........
........5....E.5..b...5.............E....b.................U.m..b.................5.....

Client->GAME [16:26:50 07/16/09] packet size: 1 CRYPTED, Flags: 7f ServerSeq: 8 ClientSeq: 7
02 
.

GAME->Client [16:26:50 07/16/09] packet size: 701 CRYPTED, Flags: 3f ServerSeq: 9 ClientSeq: 6
02 04 01 00 bd 21 16 80 bc 45 03 35 04 00 62 00 00 00 35 04 00 00 00 00 00 00 00 00 00 16 80 bc 
55 00 6e 00 00 62 00 00 00 15 04 01 00 00 00 00 00 00 00 00 04 80 b3 3e 04 16 80 bc 45 03 3e 04 
00 4f 01 00 00 3e 04 00 00 00 00 01 00 00 00 00 08 80 b2 3e 04 00 00 08 02 16 80 bc 45 03 3e 04 
00 4f 01 00 00 3e 04 00 00 00 00 00 00 00 00 00 16 80 bc 45 00 0e 00 00 5a 01 00 00 07 04 05 00 
00 00 01 00 00 00 00 16 80 bc 45 00 0f 00 00 5a 01 00 00 1d 04 0f 00 00 00 01 00 00 00 00 16 80 
bc 55 00 6f 00 00 5a 01 00 00 07 04 05 00 00 00 00 00 00 00 00 16 80 bc 55 00 70 00 00 5a 01 00 
00 1d 04 0f 00 00 00 00 00 00 00 00 04 80 b3 3f 04 16 80 bc 45 03 3f 04 00 64 01 00 00 3f 04 00 
00 00 00 01 00 00 00 00 16 80 bc 45 00 10 00 00 64 01 00 00 1f 04 05 00 00 00 01 00 00 00 00 08 
80 b2 3f 04 00 00 08 02 16 80 bc 45 03 3f 04 00 64 01 00 00 3f 04 00 00 00 00 00 00 00 00 00 16 
80 bc 55 00 71 00 00 64 01 00 00 1f 04 05 00 00 00 00 00 00 00 00 16 80 bc 45 00 11 00 00 66 01 
00 00 7b 04 05 00 00 00 01 00 00 00 00 16 80 bc 45 00 12 00 00 66 01 00 00 12 04 0a 00 00 00 01 
00 00 00 00 16 80 bc 45 00 13 00 00 66 01 00 00 06 04 0b 00 00 00 01 00 00 00 00 16 80 bc 55 00 
72 00 00 66 01 00 00 7b 04 05 00 00 00 00 00 00 00 00 16 80 bc 55 00 73 00 00 66 01 00 00 12 04 
0a 00 00 00 00 00 00 00 00 16 80 bc 55 00 74 00 00 66 01 00 00 06 04 0b 00 00 00 00 00 00 00 00 
16 80 bc 45 00 14 00 00 8e 01 00 00 03 04 05 00 00 00 01 00 00 00 00 16 80 bc 45 00 15 00 00 8e 
01 00 00 12 04 0f 00 00 00 01 00 00 00 00 16 80 bc 45 00 16 00 00 8e 01 00 00 77 04 05 00 00 00 
01 00 00 00 00 16 80 bc 55 00 75 00 00 8e 01 00 00 03 04 05 00 00 00 00 00 00 00 00 16 80 bc 55 
00 76 00 00 8e 01 00 00 12 04 0f 00 00 00 00 00 00 00 00 16 80 bc 55 00 77 00 00 8e 01 00 00 77 
04 05 00 00 00 00 00 00 00 00 16 80 bc 45 00 17 00 00 cd 01 00 00 e5 03 05 00 00 00 01 00 00 00 
00 16 80 bc 45 00 18 00 00 cd 01 00 00 73 04 05 00 00 00 01 00 00 00 00 16 80 bc 45 00 19 00 00 
cd 01 00 00 e3 03 0f 00 00 00 01 00 00 00 00 16 80 bc 55 00 78 00 00 cd 01 00 00 e5 03 05 00 00 
00 00 00 00 00 00 16 80 bc 55 00 79 00 00 cd 01 00 00 73 04 05 00 00 00 00 00 00 00 00 
.....!...E.5..b...5.............U.n..b.................>....E.>..O...>.............>........E.>.
.O...>.............E....Z.................E....Z.................U.o..Z.................U.p..Z..
...............?....E.?..d...?.............E....d.................?........E.?..d...?...........
..U.q..d.................E....f...{.............E....f.................E....f.................U.
r..f...{.............U.s..f.................U.t..f.................E......................E.....
.................E........w.............U.u....................U.v....................U.w......w
.............E......................E........s.............E......................U.x...........
.........U.y......s..........

Client->GAME [16:26:50 07/16/09] packet size: 1 CRYPTED, Flags: 7f ServerSeq: 9 ClientSeq: 8
02 
.

GAME->Client [16:26:51 07/16/09] packet size: 662 CRYPTED, Flags: 7f ServerSeq: 10 ClientSeq: 7
02 04 03 00 de 04 16 80 bc 55 00 7a 00 00 cd 01 00 00 e3 03 0f 00 00 00 00 00 00 00 00 04 80 b3 
40 04 16 80 bc 45 03 40 04 00 d5 01 00 00 40 04 00 00 00 00 01 00 00 00 00 16 80 bc 45 00 1a 00 
00 d5 01 00 00 e3 03 05 00 00 00 01 00 00 00 00 00 e2 0f 08 80 b2 40 04 00 00 08 02 16 80 bc 45 
03 40 04 00 d5 01 00 00 40 04 00 00 00 00 00 00 00 00 00 16 80 bc 55 00 7b 00 00 d5 01 00 00 e3 
03 05 00 00 00 00 00 00 00 00 16 80 bc 45 00 1b 00 00 36 02 00 00 37 02 0a 00 00 00 01 00 00 00 
00 16 80 bc 55 00 7c 00 00 36 02 00 00 37 02 0a 00 00 00 00 00 00 00 00 16 80 bc 45 00 1c 00 00 
74 02 00 00 34 02 1e 00 00 00 01 00 00 00 00 16 80 bc 55 00 7d 00 00 74 02 00 00 34 02 1e 00 00 
00 00 00 00 00 00 16 80 bc 11 00 7e 00 00 00 00 00 00 cb 02 00 00 00 00 00 00 00 00 00 17 3a 05 
00 11 00 0a 00 50 76 50 53 65 72 76 65 72 00 04 00 06 00 00 00 1d 3a 05 00 17 00 10 00 50 76 50 
4d 61 78 53 61 66 65 4c 65 76 65 6c 00 04 00 0f 00 00 00 3e 3a 05 00 14 00 0d 00 57 52 5f 52 65 
7a 45 76 65 6e 74 73 00 28 00 48 61 6c 6c 6f 77 65 65 6e 5f 45 76 65 6e 74 2c 57 69 6e 74 65 72 
33 48 61 6c 6c 6f 77 65 65 6e 46 6c 79 54 53 45 43 00 1b 3a 05 00 19 00 12 00 45 76 65 6e 74 53 
6c 6f 74 31 5f 45 66 66 65 63 74 00 00 00 28 3a 05 00 19 00 12 00 45 76 65 6e 74 53 6c 6f 74 32 
5f 45 66 66 65 63 74 00 0d 00 66 6c 79 6d 61 6e 5f 69 64 6c 65 33 00 25 3a 05 00 19 00 12 00 45 
76 65 6e 74 53 6c 6f 74 33 5f 45 66 66 65 63 74 00 0a 00 66 6c 79 5f 76 69 72 75 73 00 1f 3a 05 
00 1b 00 14 00 46 69 78 65 64 42 69 6e 6b 49 44 4f 76 65 72 72 69 64 65 00 02 00 20 00 00 f1 01 
80 94 6d 03 00 00 00 08 00 01 17 00 00 02 00 00 00 00 00 03 00 00 00 00 00 04 00 00 00 00 00 05 
00 00 00 00 00 06 00 00 00 00 00 07 00 00 00 00 00 08 00 00 00 00 00 09 00 00 00 00 00 0a 00 00 
00 00 00 0b 00 00 00 00 00 0c 00 00 00 00 00 0d 00 00 00 00 00 0e 00 00 00 00 00 0f 00 00 00 00 
00 10 00 00 00 00 00 11 00 00 00 00 00 12 00 00 00 00 00 13 00 00 00 00 00 14 00 00 00 00 00 15 
00 00 00 00 00 16 00 00 00 00 00 17 00 00 00 00 00 18 00 00 00 00 
.........U.z....................@....E.@......@.............E.........................@........E
.@......@.............U.{....................E....6...7.............U.|..6...7.............E....
t...4.............U.}..t...4...............~..................:......PvPServer........:......PvP
MaxSafeLevel.......>:......WR_RezEvents.(.Halloween_Event,Winter3HalloweenFlyTSEC..:......EventS
lot1_Effect...(:......EventSlot2_Effect...flyman_idle3.%:......EventSlot3_Effect...fly_virus..:.
.....FixedBinkIDOverride... ......m.............................................................
......................................................................................

Client->GAME [16:26:51 07/16/09] packet size: 1 CRYPTED, Flags: 7f ServerSeq: 10 ClientSeq: 9
02 
.

GAME->Client [16:26:51 07/16/09] packet size: 702 CRYPTED, Flags: 7f ServerSeq: 11 ClientSeq: 8
82 6e 04 cf 45 04 01 00 f2 10 2d 80 d7 08 00 3c 00 00 8e 23 00 53 4f 45 2b 4d 58 4f 2b 56 65 63 
74 6f 72 2d 48 6f 73 74 69 6c 65 2b 61 6e 74 69 65 74 61 6d 33 30 35 00 2b 80 d7 08 00 3c 00 00 
8e 21 00 53 4f 45 2b 4d 58 4f 2b 56 65 63 74 6f 72 2d 48 6f 73 74 69 6c 65 2b 53 74 61 72 6c 61 
69 6e 65 00 2a 80 d7 08 00 3c 00 00 8e 20 00 53 4f 45 2b 4d 58 4f 2b 56 65 63 74 6f 72 2d 48 6f 
73 74 69 6c 65 2b 54 69 73 69 66 6f 6e 65 00 28 80 d7 08 00 3c 00 00 8e 1e 00 53 4f 45 2b 4d 58 
4f 2b 56 65 63 74 6f 72 2d 48 6f 73 74 69 6c 65 2b 53 6f 73 75 6b 65 00 28 80 d7 08 00 3c 00 00 
8e 1e 00 53 4f 45 2b 4d 58 4f 2b 56 65 63 74 6f 72 2d 48 6f 73 74 69 6c 65 2b 4a 31 47 4f 4b 55 
00 27 80 d7 08 00 3c 00 00 8e 1d 00 53 4f 45 2b 4d 58 4f 2b 56 65 63 74 6f 72 2d 48 6f 73 74 69 
6c 65 2b 4d 6f 63 6b 69 00 2d 80 d7 08 00 3c 00 00 8e 23 00 53 4f 45 2b 4d 58 4f 2b 56 65 63 74 
6f 72 2d 48 6f 73 74 69 6c 65 2b 49 41 72 6d 69 6e 61 74 6f 72 49 00 28 80 d7 08 00 3c 00 00 8e 
1e 00 53 4f 45 2b 4d 58 4f 2b 56 65 63 74 6f 72 2d 48 6f 73 74 69 6c 65 2b 63 59 70 6e 69 73 00 
30 80 d7 08 00 3c 00 00 8e 26 00 53 4f 45 2b 4d 58 4f 2b 56 65 63 74 6f 72 2d 48 6f 73 74 69 6c 
65 2b 54 68 65 49 6e 74 65 72 63 65 70 74 6f 72 00 2c 80 d7 08 00 3c 00 00 8e 22 00 53 4f 45 2b 
4d 58 4f 2b 56 65 63 74 6f 72 2d 48 6f 73 74 69 6c 65 2b 44 65 76 69 49 42 49 61 64 65 00 28 80 
d7 08 00 3c 00 00 8e 1e 00 53 4f 45 2b 4d 58 4f 2b 56 65 63 74 6f 72 2d 48 6f 73 74 69 6c 65 2b 
73 65 65 65 6b 79 00 2b 80 d7 08 00 3c 00 00 8e 21 00 53 4f 45 2b 4d 58 4f 2b 56 65 63 74 6f 72 
2d 48 6f 73 74 69 6c 65 2b 41 6e 61 73 74 61 6a 69 61 00 2a 80 d7 08 00 3c 00 00 8e 20 00 53 4f 
45 2b 4d 58 4f 2b 56 65 63 74 6f 72 2d 48 6f 73 74 69 6c 65 2b 47 74 61 63 74 69 63 73 00 28 80 
d7 08 00 3c 00 00 8e 1e 00 53 4f 45 2b 4d 58 4f 2b 56 65 63 74 6f 72 2d 48 6f 73 74 69 6c 65 2b 
46 61 49 49 65 4e 00 2a 80 d7 08 00 3c 00 00 8e 20 00 53 4f 45 2b 4d 58 4f 2b 56 65 63 74 6f 72 
2d 48 6f 73 74 69 6c 65 2b 4c 75 78 50 69 6e 67 75 00 2b 80 d7 08 00 3c 00 00 8e 21 00 53 4f 45 
2b 4d 58 4f 2b 56 65 63 74 6f 72 2d 48 6f 73 74 69 6c 65 2b 73 61 6d 63 61 72 74 65 72 00 
.n..E.....-....<...#.SOE+MXO+Vector-Hostile+antietam305.+....<...!.SOE+MXO+Vector-Hostile+Starla
ine.*....<... .SOE+MXO+Vector-Hostile+Tisifone.(....<.....SOE+MXO+Vector-Hostile+Sosuke.(....<..
...SOE+MXO+Vector-Hostile+J1GOKU.'....<.....SOE+MXO+Vector-Hostile+Mocki.-....<...#.SOE+MXO+Vect
or-Hostile+IArminatorI.(....<.....SOE+MXO+Vector-Hostile+cYpnis.0....<...&.SOE+MXO+Vector-Hostil
e+TheInterceptor.,....<...".SOE+MXO+Vector-Hostile+DeviIBIade.(....<.....SOE+MXO+Vector-Hostile+
seeeky.+....<...!.SOE+MXO+Vector-Hostile+Anastajia.*....<... .SOE+MXO+Vector-Hostile+Gtactics.(.
...<.....SOE+MXO+Vector-Hostile+FaIIeN.*....<... .SOE+MXO+Vector-Hostile+LuxPingu.+....<...!.SOE
+MXO+Vector-Hostile+samcarter.

Client->GAME [16:26:51 07/16/09] packet size: 1 CRYPTED, Flags: 7f ServerSeq: 11 ClientSeq: 10
02 
.

GAME->Client [16:26:51 07/16/09] packet size: 648 CRYPTED, Flags: 7f ServerSeq: 12 ClientSeq: 9
02 04 01 01 02 0f 2a 80 d7 08 00 3c 00 00 8e 20 00 53 4f 45 2b 4d 58 4f 2b 56 65 63 74 6f 72 2d 
48 6f 73 74 69 6c 65 2b 43 68 69 6d 61 65 72 65 00 27 80 d7 08 00 3c 00 00 8e 1d 00 53 4f 45 2b 
4d 58 4f 2b 56 65 63 74 6f 72 2d 48 6f 73 74 69 6c 65 2b 50 73 75 64 61 00 2f 80 d7 08 00 3c 00 
00 8e 25 00 53 4f 45 2b 4d 58 4f 2b 56 65 63 74 6f 72 2d 48 6f 73 74 69 6c 65 2b 54 68 65 41 76 
65 6e 4e 69 67 65 72 61 00 29 80 d7 08 00 3c 00 00 8e 1f 00 53 4f 45 2b 4d 58 4f 2b 56 65 63 74 
6f 72 2d 48 6f 73 74 69 6c 65 2b 48 6f 72 6b 65 79 65 00 26 80 d7 08 00 3c 00 00 8e 1c 00 53 4f 
45 2b 4d 58 4f 2b 56 65 63 74 6f 72 2d 48 6f 73 74 69 6c 65 2b 4c 30 34 44 00 29 80 d7 08 00 3c 
00 00 8e 1f 00 53 4f 45 2b 4d 58 4f 2b 56 65 63 74 6f 72 2d 48 6f 73 74 69 6c 65 2b 52 61 73 68 
61 68 64 00 2c 80 d7 08 00 3c 00 00 8e 22 00 53 4f 45 2b 4d 58 4f 2b 56 65 63 74 6f 72 2d 48 6f 
73 74 69 6c 65 2b 48 75 74 63 68 69 65 4a 52 32 00 2a 80 d7 08 00 3c 00 00 8e 20 00 53 4f 45 2b 
4d 58 4f 2b 56 65 63 74 6f 72 2d 48 6f 73 74 69 6c 65 2b 48 75 6e 6b 41 6b 34 37 00 25 80 d7 08 
00 3c 00 00 8e 1b 00 53 4f 45 2b 4d 58 4f 2b 56 65 63 74 6f 72 2d 48 6f 73 74 69 6c 65 2b 44 68 
79 00 2d 80 d7 08 00 3c 00 00 8e 23 00 53 4f 45 2b 4d 58 4f 2b 56 65 63 74 6f 72 2d 48 6f 73 74 
69 6c 65 2b 47 61 6c 69 73 68 6e 69 6b 6f 76 00 2a 80 d7 08 00 3c 00 00 8e 20 00 53 4f 45 2b 4d 
58 4f 2b 56 65 63 74 6f 72 2d 48 6f 73 74 69 6c 65 2b 31 41 6e 61 6b 69 6e 31 00 2b 80 d7 08 00 
3c 00 00 8e 21 00 53 4f 45 2b 4d 58 4f 2b 56 65 63 74 6f 72 2d 48 6f 73 74 69 6c 65 2b 41 72 6d 
69 6e 61 74 6f 72 00 2a 80 d7 08 00 3c 00 00 8e 20 00 53 4f 45 2b 4d 58 4f 2b 56 65 63 74 6f 72 
2d 48 6f 73 74 69 6c 65 2b 65 6e 74 69 6c 73 61 72 00 2b 80 d7 08 00 3c 00 00 8e 21 00 53 4f 45 
2b 4d 58 4f 2b 56 65 63 74 6f 72 2d 48 6f 73 74 69 6c 65 2b 46 72 65 69 47 65 69 73 74 00 29 80 
d7 08 00 3c 00 00 8e 1f 00 53 4f 45 2b 4d 58 4f 2b 56 65 63 74 6f 72 2d 48 6f 73 74 69 6c 65 2b 
62 6d 61 39 39 39 39 00 
......*....<... .SOE+MXO+Vector-Hostile+Chimaere.'....<.....SOE+MXO+Vector-Hostile+Psuda./....<.
..%.SOE+MXO+Vector-Hostile+TheAvenNigera.)....<.....SOE+MXO+Vector-Hostile+Horkeye.&....<.....SO
E+MXO+Vector-Hostile+L04D.)....<.....SOE+MXO+Vector-Hostile+Rashahd.,....<...".SOE+MXO+Vector-Ho
stile+HutchieJR2.*....<... .SOE+MXO+Vector-Hostile+HunkAk47.%....<.....SOE+MXO+Vector-Hostile+Dh
y.-....<...#.SOE+MXO+Vector-Hostile+Galishnikov.*....<... .SOE+MXO+Vector-Hostile+1Anakin1.+....
<...!.SOE+MXO+Vector-Hostile+Arminator.*....<... .SOE+MXO+Vector-Hostile+entilsar.+....<...!.SOE
+MXO+Vector-Hostile+FreiGeist.)....<.....SOE+MXO+Vector-Hostile+bma9999.

Client->GAME [16:26:51 07/16/09] packet size: 1 CRYPTED, Flags: 7f ServerSeq: 12 ClientSeq: 11
02 
.

GAME->Client [16:26:51 07/16/09] packet size: 706 CRYPTED, Flags: 7f ServerSeq: 13 ClientSeq: 10
02 04 02 01 11 02 27 80 d7 08 00 3c 00 00 8e 1d 00 53 4f 45 2b 4d 58 4f 2b 56 65 63 74 6f 72 2d 
48 6f 73 74 69 6c 65 2b 46 6f 6e 64 6f 00 27 80 d7 08 00 3c 00 00 8e 1d 00 53 4f 45 2b 4d 58 4f 
2b 56 65 63 74 6f 72 2d 48 6f 73 74 69 6c 65 2b 4a 65 6e 6e 65 00 01 13 0e 29 80 d7 08 00 3c 00 
00 8e 1f 00 53 4f 45 2b 4d 58 4f 2b 56 65 63 74 6f 72 2d 48 6f 73 74 69 6c 65 2b 4b 68 69 72 61 
4c 69 00 2c 80 d7 08 00 3c 00 00 8e 22 00 53 4f 45 2b 4d 58 4f 2b 56 65 63 74 6f 72 2d 48 6f 73 
74 69 6c 65 2b 48 6f 74 53 68 6f 74 74 74 74 00 2d 80 d7 08 00 3c 00 00 8e 23 00 53 4f 45 2b 4d 
58 4f 2b 56 65 63 74 6f 72 2d 48 6f 73 74 69 6c 65 2b 47 65 6c 62 65 67 65 66 61 68 72 00 30 80 
d7 08 00 3c 00 00 8e 26 00 53 4f 45 2b 4d 58 4f 2b 56 65 63 74 6f 72 2d 48 6f 73 74 69 6c 65 2b 
52 75 6e 6e 69 6e 67 57 69 6c 64 33 30 35 00 28 80 d7 08 00 3c 00 00 8e 1e 00 53 4f 45 2b 4d 58 
4f 2b 56 65 63 74 6f 72 2d 48 6f 73 74 69 6c 65 2b 54 61 75 72 6f 6e 00 27 80 d7 08 00 3c 00 00 
8e 1d 00 53 4f 45 2b 4d 58 4f 2b 56 65 63 74 6f 72 2d 48 6f 73 74 69 6c 65 2b 43 65 4a 61 79 00 
2d 80 d7 08 00 3c 00 00 8e 23 00 53 4f 45 2b 4d 58 4f 2b 56 65 63 74 6f 72 2d 48 6f 73 74 69 6c 
65 2b 52 75 6e 6e 69 6e 67 77 69 6c 64 00 29 80 d7 08 00 3c 00 00 8e 1f 00 53 4f 45 2b 4d 58 4f 
2b 56 65 63 74 6f 72 2d 48 6f 73 74 69 6c 65 2b 4d 65 64 61 6e 6f 6e 00 28 80 d7 08 00 3c 00 00 
8e 1e 00 53 4f 45 2b 4d 58 4f 2b 56 65 63 74 6f 72 2d 48 6f 73 74 69 6c 65 2b 42 49 36 36 33 52 
00 2c 80 d7 08 00 3c 00 00 8e 22 00 53 4f 45 2b 4d 58 4f 2b 56 65 63 74 6f 72 2d 48 6f 73 74 69 
6c 65 2b 65 6c 65 6c 65 6a 69 64 6f 32 00 29 80 d7 08 00 3c 00 00 8e 1f 00 53 4f 45 2b 4d 58 4f 
2b 56 65 63 74 6f 72 2d 48 6f 73 74 69 6c 65 2b 4d 65 64 61 6e 69 61 00 30 80 d7 08 00 3c 00 00 
8e 26 00 53 4f 45 2b 4d 58 4f 2b 56 65 63 74 6f 72 2d 48 6f 73 74 69 6c 65 2b 44 69 61 6d 6f 6e 
64 77 61 72 72 69 6f 72 00 2f 80 d7 08 00 3c 00 00 8e 25 00 53 4f 45 2b 4d 58 4f 2b 56 65 63 74 
6f 72 2d 48 6f 73 74 69 6c 65 2b 54 68 65 53 6f 6c 69 64 53 6e 61 6b 65 00 28 80 d7 08 00 3c 00 
00 8e 1e 00 53 4f 45 2b 4d 58 4f 2b 56 65 63 74 6f 72 2d 48 6f 73 74 69 6c 65 2b 53 79 6c 65 6e 
64 00 
......'....<.....SOE+MXO+Vector-Hostile+Fondo.'....<.....SOE+MXO+Vector-Hostile+Jenne....)....<.
....SOE+MXO+Vector-Hostile+KhiraLi.,....<...".SOE+MXO+Vector-Hostile+HotShotttt.-....<...#.SOE+M
XO+Vector-Hostile+Gelbegefahr.0....<...&.SOE+MXO+Vector-Hostile+RunningWild305.(....<.....SOE+MX
O+Vector-Hostile+Tauron.'....<.....SOE+MXO+Vector-Hostile+CeJay.-....<...#.SOE+MXO+Vector-Hostil
e+Runningwild.)....<.....SOE+MXO+Vector-Hostile+Medanon.(....<.....SOE+MXO+Vector-Hostile+BI663R
.,....<...".SOE+MXO+Vector-Hostile+elelejido2.)....<.....SOE+MXO+Vector-Hostile+Medania.0....<..
.&.SOE+MXO+Vector-Hostile+Diamondwarrior./....<...%.SOE+MXO+Vector-Hostile+TheSolidSnake.(....<.
....SOE+MXO+Vector-Hostile+Sylend.

Client->GAME [16:26:51 07/16/09] packet size: 1 CRYPTED, Flags: 7f ServerSeq: 13 ClientSeq: 12
02 
.

GAME->Client [16:26:51 07/16/09] packet size: 690 CRYPTED, Flags: 7f ServerSeq: 14 ClientSeq: 11
02 04 01 01 21 10 28 80 d7 08 00 3c 00 00 8e 1e 00 53 4f 45 2b 4d 58 4f 2b 56 65 63 74 6f 72 2d 
48 6f 73 74 69 6c 65 2b 4b 6f 73 73 65 6e 00 2c 80 d7 08 00 3c 00 00 8e 22 00 53 4f 45 2b 4d 58 
4f 2b 56 65 63 74 6f 72 2d 48 6f 73 74 69 6c 65 2b 70 61 74 74 6f 72 6e 61 64 6f 00 2c 80 d7 08 
00 3c 00 00 8e 22 00 53 4f 45 2b 4d 58 4f 2b 56 65 63 74 6f 72 2d 48 6f 73 74 69 6c 65 2b 53 79 
6e 61 70 7a 65 37 37 37 00 2b 80 d7 08 00 3c 00 00 8e 21 00 53 4f 45 2b 4d 58 4f 2b 56 65 63 74 
6f 72 2d 48 6f 73 74 69 6c 65 2b 41 63 6b 65 72 63 6f 6b 65 00 27 80 d7 08 00 3c 00 00 8e 1d 00 
53 4f 45 2b 4d 58 4f 2b 56 65 63 74 6f 72 2d 48 6f 73 74 69 6c 65 2b 69 44 61 76 65 00 2b 80 d7 
08 00 3c 00 00 8e 21 00 53 4f 45 2b 4d 58 4f 2b 56 65 63 74 6f 72 2d 48 6f 73 74 69 6c 65 2b 41 
6c 6b 79 6f 6e 65 75 73 00 28 80 d7 08 00 3c 00 00 8e 1e 00 53 4f 45 2b 4d 58 4f 2b 56 65 63 74 
6f 72 2d 48 6f 73 74 69 6c 65 2b 53 74 65 76 65 42 00 2a 80 d7 08 00 3c 00 00 8e 20 00 53 4f 45 
2b 4d 58 4f 2b 56 65 63 74 6f 72 2d 48 6f 73 74 69 6c 65 2b 53 61 72 61 69 61 6e 61 00 2c 80 d7 
08 00 3c 00 00 8e 22 00 53 4f 45 2b 4d 58 4f 2b 56 65 63 74 6f 72 2d 48 6f 73 74 69 6c 65 2b 41 
68 70 68 72 6f 64 69 74 65 00 27 80 d7 08 00 3c 00 00 8e 1d 00 53 4f 45 2b 4d 58 4f 2b 56 65 63 
74 6f 72 2d 48 6f 73 74 69 6c 65 2b 34 49 52 4f 57 00 29 80 d7 08 00 3c 00 00 8e 1f 00 53 4f 45 
2b 4d 58 4f 2b 56 65 63 74 6f 72 2d 48 6f 73 74 69 6c 65 2b 41 6e 64 69 32 36 32 00 2a 80 d7 08 
00 3c 00 00 8e 20 00 53 4f 45 2b 4d 58 4f 2b 56 65 63 74 6f 72 2d 48 6f 73 74 69 6c 65 2b 68 41 
6e 66 73 41 41 74 00 28 80 d7 08 00 3c 00 00 8e 1e 00 53 4f 45 2b 4d 58 4f 2b 56 65 63 74 6f 72 
2d 48 6f 73 74 69 6c 65 2b 72 59 75 67 65 6e 00 2b 80 d7 08 00 3c 00 00 8e 21 00 53 4f 45 2b 4d 
58 4f 2b 56 65 63 74 6f 72 2d 48 6f 73 74 69 6c 65 2b 53 79 6c 33 64 72 69 6f 6e 00 27 80 d7 08 
00 3c 00 00 8e 1d 00 53 4f 45 2b 4d 58 4f 2b 56 65 63 74 6f 72 2d 48 6f 73 74 69 6c 65 2b 53 79 
6d 62 69 00 2d 80 d7 08 00 3c 00 00 8e 23 00 53 4f 45 2b 4d 58 4f 2b 56 65 63 74 6f 72 2d 48 6f 
73 74 69 6c 65 2b 57 69 74 63 68 62 75 72 6e 65 72 00 
....!.(....<.....SOE+MXO+Vector-Hostile+Kossen.,....<...".SOE+MXO+Vector-Hostile+pattornado.,...
.<...".SOE+MXO+Vector-Hostile+Synapze777.+....<...!.SOE+MXO+Vector-Hostile+Ackercoke.'....<.....
SOE+MXO+Vector-Hostile+iDave.+....<...!.SOE+MXO+Vector-Hostile+Alkyoneus.(....<.....SOE+MXO+Vect
or-Hostile+SteveB.*....<... .SOE+MXO+Vector-Hostile+Saraiana.,....<...".SOE+MXO+Vector-Hostile+A
hphrodite.'....<.....SOE+MXO+Vector-Hostile+4IROW.)....<.....SOE+MXO+Vector-Hostile+Andi262.*...
.<... .SOE+MXO+Vector-Hostile+hAnfsAAt.(....<.....SOE+MXO+Vector-Hostile+rYugen.+....<...!.SOE+M
XO+Vector-Hostile+Syl3drion.'....<.....SOE+MXO+Vector-Hostile+Symbi.-....<...#.SOE+MXO+Vector-Ho
stile+Witchburner.

Client->GAME [16:26:51 07/16/09] packet size: 1 CRYPTED, Flags: 7f ServerSeq: 14 ClientSeq: 13
02 
.

GAME->Client [16:26:51 07/16/09] packet size: 386 CRYPTED, Flags: 7f ServerSeq: 15 ClientSeq: 12
02 04 02 01 31 03 2c 80 d7 08 00 3c 00 00 8e 22 00 53 4f 45 2b 4d 58 4f 2b 56 65 63 74 6f 72 2d 
48 6f 73 74 69 6c 65 2b 50 6f 72 70 68 79 72 69 6f 6e 00 29 80 d7 08 00 3c 00 00 8e 1f 00 53 4f 
45 2b 4d 58 4f 2b 56 65 63 74 6f 72 2d 48 6f 73 74 69 6c 65 2b 43 65 63 69 6c 69 61 00 28 80 d7 
08 00 3c 00 00 8e 1e 00 53 4f 45 2b 4d 58 4f 2b 56 65 63 74 6f 72 2d 48 6f 73 74 69 6c 65 2b 6e 
65 70 68 74 61 00 01 34 06 2c 80 d7 08 00 3c 00 00 8e 22 00 53 4f 45 2b 4d 58 4f 2b 56 65 63 74 
6f 72 2d 48 6f 73 74 69 6c 65 2b 43 61 6e 64 79 53 61 6e 64 79 00 27 80 d7 08 00 3c 00 00 8e 1d 
00 53 4f 45 2b 4d 58 4f 2b 56 65 63 74 6f 72 2d 48 6f 73 74 69 6c 65 2b 56 61 6e 69 6e 00 27 80 
d7 08 00 3c 00 00 8e 1d 00 53 4f 45 2b 4d 58 4f 2b 56 65 63 74 6f 72 2d 48 6f 73 74 69 6c 65 2b 
43 68 72 79 6c 00 29 80 d7 08 00 3c 00 00 8e 1f 00 53 4f 45 2b 4d 58 4f 2b 56 65 63 74 6f 72 2d 
48 6f 73 74 69 6c 65 2b 53 6b 65 61 6c 65 73 00 29 80 d7 08 00 3c 00 00 8e 1f 00 53 4f 45 2b 4d 
58 4f 2b 56 65 63 74 6f 72 2d 48 6f 73 74 69 6c 65 2b 66 61 62 6c 65 73 73 00 27 80 d7 08 00 3c 
00 00 8e 1d 00 53 4f 45 2b 4d 58 4f 2b 56 65 63 74 6f 72 2d 48 6f 73 74 69 6c 65 2b 53 6e 6f 62 
62 00 
....1.,....<...".SOE+MXO+Vector-Hostile+Porphyrion.)....<.....SOE+MXO+Vector-Hostile+Cecilia.(..
..<.....SOE+MXO+Vector-Hostile+nephta..4.,....<...".SOE+MXO+Vector-Hostile+CandySandy.'....<....
.SOE+MXO+Vector-Hostile+Vanin.'....<.....SOE+MXO+Vector-Hostile+Chryl.)....<.....SOE+MXO+Vector-
Hostile+Skeales.)....<.....SOE+MXO+Vector-Hostile+fabless.'....<.....SOE+MXO+Vector-Hostile+Snob
b.

Client->GAME [16:26:51 07/16/09] packet size: 1 CRYPTED, Flags: 7f ServerSeq: 15 ClientSeq: 14
02 
.

GAME->Client [16:27:03 07/16/09] packet size: 1 CRYPTED, Flags: ff ServerSeq: 16 ClientSeq: 14
02 
.

Client->GAME [16:27:03 07/16/09] packet size: 1 CRYPTED, Flags: ff ServerSeq: 15 ClientSeq: 15
02 
.

Client->GAME [16:27:03 07/16/09] packet size: 1 CRYPTED, Flags: 7f ServerSeq: 0 ClientSeq: 16
02 
.

GAME->Client [16:27:03 07/16/09] packet size: 5 CRYPTED, Flags: 7f ServerSeq: 17 ClientSeq: 0
82 4e 6a cf 45 
.Nj.E

Client->GAME [16:27:03 07/16/09] packet size: 1 CRYPTED, Flags: 7f ServerSeq: 1 ClientSeq: 17
02 
.

Client->GAME [16:27:05 07/16/09] packet size: 16 CRYPTED, Flags: 7f ServerSeq: 1 ClientSeq: 18
02 04 01 00 02 01 09 6c 03 00 00 00 00 00 00 00 
.......l........

GAME->Client [16:27:06 07/16/09] packet size: 156 CRYPTED, Flags: 7f ServerSeq: 18 ClientSeq: 2
02 04 01 01 3a 01 80 94 6d 03 00 00 00 08 00 01 17 00 00 02 00 00 00 00 00 03 00 00 00 00 00 04 
00 00 00 00 00 05 00 00 00 00 00 06 00 00 00 00 00 07 00 00 00 00 00 08 00 00 00 00 00 09 00 00 
00 00 00 0a 00 00 00 00 00 0b 00 00 00 00 00 0c 00 00 00 00 00 0d 00 00 00 00 00 0e 00 00 00 00 
00 0f 00 00 00 00 00 10 00 00 00 00 00 11 00 00 00 00 00 12 00 00 00 00 00 13 00 00 00 00 00 14 
00 00 00 00 00 15 00 00 00 00 00 16 00 00 00 00 00 17 00 00 00 00 00 18 00 00 00 00 
....:...m.......................................................................................
............................................................

Client->GAME [16:27:06 07/16/09] packet size: 1 CRYPTED, Flags: 7f ServerSeq: 2 ClientSeq: 19
02 
.

Client->GAME [16:27:09 07/16/09] packet size: 12
00 00 00 00 00 01 04 08 b2 57 d7 01 
.........W..

GAME->Client [16:27:09 07/16/09] packet size: 12
00 00 00 00 00 01 04 08 b2 57 d7 01 
.........W..

