Client->GAME [16:42:44 07/18/09] packet size: 25 CRYPTED, Flags: 7f ServerSeq: 0 ClientSeq: 134
02 04 01 00 36 01 12 81 8e 4b 00 00 00 01 00 00 00 07 00 00 00 03 00 00 00 
....6....K...............

GAME->Client [16:42:44 07/18/09] packet size: 101 CRYPTED, Flags: 7f ServerSeq: 130 ClientSeq: 5
02 03 35 00 02 0e 00 7b 45 be 64 c7 00 80 fc c3 f0 d8 6a c7 32 00 04 80 80 80 80 c0 4c 0a 00 28 
01 01 2f 00 02 08 1f a2 75 c7 00 20 8a c4 94 cf 63 c7 25 00 02 08 e1 73 66 c7 00 80 fc c3 20 db 
6d c7 1b 00 02 0c 96 ae 59 85 c7 00 00 be 42 7f 06 53 c7 0b 00 02 08 2f 1e 74 c7 00 80 fc c3 7b 
f9 71 c7 00 00 
..5....{E.d.......j.2.......L..(../.....u.. ....c.%....sf..... .m.......Y.....B..S...../.t.....{
.q...

Client->GAME [16:42:45 07/18/09] packet size: 1 CRYPTED, Flags: 7f ServerSeq: 2 ClientSeq: 136
02 
.

GAME->Client [16:42:45 07/18/09] packet size: 696 CRYPTED, Flags: 7f ServerSeq: 131 ClientSeq: 7
02 04 01 01 36 1e 16 80 bc 11 00 3f 01 00 00 00 00 00 cb 02 00 00 00 00 01 00 00 00 00 16 80 bc 
15 00 40 01 00 f9 03 00 00 08 02 ec ff ff ff 01 00 00 00 00 16 80 bc 15 00 41 01 00 f9 03 00 00 
07 02 00 00 00 00 01 00 00 00 00 16 80 bc 15 00 42 01 00 f9 03 00 00 50 04 14 00 00 00 01 00 00 
00 00 16 80 bc 15 00 43 01 00 f9 03 00 00 f4 03 01 00 00 00 01 00 00 00 00 16 80 bc 15 00 44 01 
00 f9 03 00 00 51 04 00 00 00 00 01 00 00 00 00 16 80 bc 15 00 45 01 00 f9 03 00 00 52 04 f6 ff 
ff ff 01 00 00 00 00 16 80 bc 56 00 8e 01 00 ef b2 00 00 1b 04 02 00 00 00 01 00 00 00 00 16 80 
bc 56 00 8f 01 00 ef b2 00 00 b4 00 20 00 00 00 01 00 00 00 00 16 80 bc 56 00 90 01 00 ef b2 00 
00 09 04 20 00 00 00 01 00 00 00 00 16 80 bc 56 00 91 01 00 ef b2 00 00 77 04 01 00 00 00 01 00 
00 00 00 16 80 bc 56 00 92 01 00 ef b2 00 00 e6 03 02 00 00 00 01 00 00 00 00 16 80 bc 56 00 93 
01 00 ef b2 00 00 b5 00 20 00 00 00 01 00 00 00 00 16 80 bc 56 00 94 01 00 0a 95 00 00 06 04 02 
00 00 00 01 00 00 00 00 16 80 bc 56 00 95 01 00 0a 95 00 00 b4 00 11 00 00 00 01 00 00 00 00 16 
80 bc 56 00 96 01 00 0a 95 00 00 b5 00 11 00 00 00 01 00 00 00 00 16 80 bc 56 00 97 01 00 0a 95 
00 00 07 04 02 00 00 00 01 00 00 00 00 16 80 bc 56 00 98 01 00 95 b7 00 00 b4 00 16 00 00 00 01 
00 00 00 00 16 80 bc 56 00 99 01 00 95 b7 00 00 09 04 16 00 00 00 01 00 00 00 00 16 80 bc 56 00 
9a 01 00 95 b7 00 00 9d 00 16 00 00 00 01 00 00 00 00 16 80 bc 56 00 9b 01 00 95 b7 00 00 b5 00 
16 00 00 00 01 00 00 00 00 16 80 bc 56 00 9c 01 00 24 b3 00 00 89 02 02 00 00 00 01 00 00 00 00 
16 80 bc 56 00 9d 01 00 24 b3 00 00 1a 04 01 00 00 00 01 00 00 00 00 16 80 bc 56 00 9e 01 00 24 
b3 00 00 b4 00 21 00 00 00 01 00 00 00 00 16 80 bc 56 00 9f 01 00 24 b3 00 00 09 04 21 00 00 00 
01 00 00 00 00 16 80 bc 56 00 a0 01 00 24 b3 00 00 15 04 02 00 00 00 01 00 00 00 00 16 80 bc 56 
00 a1 01 00 24 b3 00 00 b5 00 21 00 00 00 01 00 00 00 00 16 80 bc 56 00 a2 01 00 95 a7 00 00 b4 
00 12 00 00 00 01 00 00 00 00 16 80 bc 56 00 a3 01 00 95 a7 00 00 b5 00 12 00 00 00 01 00 00 00 
00 16 80 bc 56 00 a4 01 00 95 a7 00 00 09 04 12 00 00 00 01 00 00 00 00 
....6......?......................@......................A......................B......P........
.......C......................D......Q...............E......R.............V.....................
.V.......... ...........V.......... ...........V........w.............V......................V..
........ ...........V......................V......................V......................V......
................V......................V......................V......................V..........
............V....$.................V....$.................V....$.....!...........V....$.....!...
........V....$.................V....$.....!...........V......................V..................
....V...................

Client->GAME [16:42:45 07/18/09] packet size: 1 CRYPTED, Flags: 7f ServerSeq: 3 ClientSeq: 137
02 
.

GAME->Client [16:42:45 07/18/09] packet size: 696 CRYPTED, Flags: 7f ServerSeq: 132 ClientSeq: 8
02 04 01 01 54 1e 16 80 bc 56 00 a5 01 00 95 a7 00 00 70 00 0f 00 00 00 01 00 00 00 00 16 80 bc 
56 00 a6 01 00 2c b3 00 00 17 04 01 00 00 00 01 00 00 00 00 16 80 bc 56 00 a7 01 00 2c b3 00 00 
b4 00 21 00 00 00 01 00 00 00 00 16 80 bc 56 00 a8 01 00 2c b3 00 00 09 04 21 00 00 00 01 00 00 
00 00 16 80 bc 56 00 a9 01 00 2c b3 00 00 12 04 02 00 00 00 01 00 00 00 00 16 80 bc 56 00 aa 01 
00 2c b3 00 00 07 04 02 00 00 00 01 00 00 00 00 16 80 bc 56 00 ab 01 00 2c b3 00 00 b5 00 21 00 
00 00 01 00 00 00 00 16 80 bc 56 00 ac 01 00 c3 b2 00 00 89 02 02 00 00 00 01 00 00 00 00 16 80 
bc 56 00 ad 01 00 c3 b2 00 00 21 04 02 00 00 00 01 00 00 00 00 16 80 bc 56 00 ae 01 00 c3 b2 00 
00 b4 00 1f 00 00 00 01 00 00 00 00 16 80 bc 56 00 af 01 00 c3 b2 00 00 09 04 1f 00 00 00 01 00 
00 00 00 16 80 bc 56 00 b0 01 00 c3 b2 00 00 1e 04 01 00 00 00 01 00 00 00 00 16 80 bc 56 00 b1 
01 00 c3 b2 00 00 9d 00 1f 00 00 00 01 00 00 00 00 16 80 bc 55 00 bb 01 00 02 00 00 00 cc 00 0c 
00 00 00 01 00 00 00 00 16 80 bc 55 00 c5 01 00 0b 00 00 00 37 02 96 00 00 00 01 00 00 00 00 16 
80 bc 55 00 c6 01 00 2d 00 00 00 23 04 0a 00 00 00 01 00 00 00 00 16 80 bc 55 00 c7 01 00 2d 00 
00 00 20 04 0a 00 00 00 01 00 00 00 00 16 80 bc 55 00 c8 01 00 2d 00 00 00 19 04 05 00 00 00 01 
00 00 00 00 16 80 bc 55 00 c9 01 00 2d 00 00 00 42 04 05 00 00 00 01 00 00 00 00 16 80 bc 55 00 
ca 01 00 34 00 00 00 83 02 c8 00 00 00 01 00 00 00 00 16 80 bc 55 00 cb 01 00 4b 00 00 00 1f 04 
19 00 00 00 01 00 00 00 00 16 80 bc 55 00 cc 01 00 5f 00 00 00 7c 04 0f 00 00 00 01 00 00 00 00 
16 80 bc 55 00 cd 01 00 5f 00 00 00 07 04 0f 00 00 00 01 00 00 00 00 16 80 bc 55 00 ce 01 00 62 
00 00 00 06 04 01 00 00 00 01 00 00 00 00 16 80 bc 55 00 cf 01 00 62 00 00 00 15 04 01 00 00 00 
01 00 00 00 00 16 80 bc 55 00 d0 01 00 5a 01 00 00 07 04 05 00 00 00 01 00 00 00 00 16 80 bc 55 
00 d1 01 00 5a 01 00 00 1d 04 0f 00 00 00 01 00 00 00 00 16 80 bc 55 00 d2 01 00 64 01 00 00 1f 
04 05 00 00 00 01 00 00 00 00 16 80 bc 55 00 d3 01 00 66 01 00 00 7b 04 05 00 00 00 01 00 00 00 
00 16 80 bc 55 00 d4 01 00 66 01 00 00 12 04 0a 00 00 00 01 00 00 00 00 
....T....V........p.............V....,.................V....,.....!...........V....,.....!......
.....V....,.................V....,.................V....,.....!...........V.....................
.V........!.............V......................V......................V......................V..
....................U......................U........7.............U....-...#.............U....-.
.. .............U....-.................U....-...B.............U....4.................U....K.....
............U...._...|.............U...._.................U....b.................U....b.........
........U....Z.................U....Z.................U....d.................U....f...{.........
....U....f..............

Client->GAME [16:42:45 07/18/09] packet size: 1 CRYPTED, Flags: 7f ServerSeq: 4 ClientSeq: 138
02 
.

GAME->Client [16:42:45 07/18/09] packet size: 704 CRYPTED, Flags: 7f ServerSeq: 133 ClientSeq: 9
82 f0 29 30 48 04 02 01 72 03 16 80 bc 55 00 d5 01 00 66 01 00 00 06 04 0b 00 00 00 01 00 00 00 
00 16 80 bc 55 00 d6 01 00 8e 01 00 00 03 04 05 00 00 00 01 00 00 00 00 16 80 bc 55 00 d7 01 00 
8e 01 00 00 12 04 0f 00 00 00 01 00 00 00 00 01 75 1c 16 80 bc 55 00 d8 01 00 8e 01 00 00 77 04 
05 00 00 00 01 00 00 00 00 16 80 bc 55 00 d9 01 00 cd 01 00 00 e5 03 05 00 00 00 01 00 00 00 00 
16 80 bc 55 00 da 01 00 cd 01 00 00 73 04 05 00 00 00 01 00 00 00 00 16 80 bc 55 00 db 01 00 cd 
01 00 00 e3 03 0f 00 00 00 01 00 00 00 00 16 80 bc 55 00 dc 01 00 d5 01 00 00 e3 03 05 00 00 00 
01 00 00 00 00 16 80 bc 55 00 dd 01 00 36 02 00 00 37 02 0a 00 00 00 01 00 00 00 00 16 80 bc 55 
00 de 01 00 74 02 00 00 34 02 1e 00 00 00 01 00 00 00 00 16 80 bc 15 00 df 01 00 11 00 00 00 ab 
00 0d 00 00 00 01 00 00 00 00 16 80 bc 15 00 e0 01 00 11 00 00 00 0a 02 4d 00 00 00 01 00 00 00 
00 16 80 bc 15 00 e1 01 00 11 00 00 00 f2 03 34 00 00 00 01 00 00 00 00 16 80 bc 15 00 e2 01 00 
11 00 00 00 ed 03 4d 00 00 00 01 00 00 00 00 16 80 bc 15 00 e3 01 00 11 00 00 00 9f 00 19 00 00 
00 01 00 00 00 00 16 80 bc 15 00 e4 01 00 11 00 00 00 f1 03 34 00 00 00 01 00 00 00 00 16 80 bc 
15 00 e5 01 00 11 00 00 00 0c 02 34 00 00 00 01 00 00 00 00 16 80 bc 15 00 e6 01 00 11 00 00 00 
b7 00 4d 00 00 00 01 00 00 00 00 16 80 bc 15 00 e7 01 00 11 00 00 00 f3 03 46 00 00 00 01 00 00 
00 00 0b 80 bd 05 11 00 00 00 00 00 00 00 16 80 bc 15 00 e8 01 00 11 00 00 00 ab 00 0c 00 00 00 
00 00 00 00 00 16 80 bc 15 00 e9 01 00 11 00 00 00 0a 02 4b 00 00 00 00 00 00 00 00 16 80 bc 15 
00 ea 01 00 11 00 00 00 f2 03 31 00 00 00 00 00 00 00 00 16 80 bc 15 00 eb 01 00 11 00 00 00 ed 
03 4b 00 00 00 00 00 00 00 00 16 80 bc 15 00 ec 01 00 11 00 00 00 9f 00 19 00 00 00 00 00 00 00 
00 16 80 bc 15 00 ed 01 00 11 00 00 00 f1 03 31 00 00 00 00 00 00 00 00 16 80 bc 15 00 ee 01 00 
11 00 00 00 0c 02 34 00 00 00 00 00 00 00 00 16 80 bc 15 00 ef 01 00 11 00 00 00 b7 00 46 00 00 
00 00 00 00 00 00 16 80 bc 15 00 f0 01 00 11 00 00 00 f3 03 46 00 00 00 00 00 00 00 00 0b 80 bd 
05 11 00 00 00 00 00 00 01 16 80 bc 15 00 e8 01 00 11 00 00 00 ab 00 0c 00 00 00 01 00 00 00 00 
..)0H...r....U....f.................U......................U....................u....U........w.
............U......................U........s.............U......................U..............
........U....6...7.............U....t...4...............................................M.......
...............4......................M.............................................4...........
...........4......................M......................F......................................
...................K......................1......................K..............................
...............1......................4......................F......................F...........
................................

Client->GAME [16:42:45 07/18/09] packet size: 1 CRYPTED, Flags: 7f ServerSeq: 5 ClientSeq: 139
02 
.

GAME->Client [16:42:45 07/18/09] packet size: 361 CRYPTED, Flags: 7f ServerSeq: 134 ClientSeq: 10
02 04 01 01 91 15 16 80 bc 15 00 e9 01 00 11 00 00 00 0a 02 4b 00 00 00 01 00 00 00 00 16 80 bc 
15 00 ea 01 00 11 00 00 00 f2 03 31 00 00 00 01 00 00 00 00 16 80 bc 15 00 eb 01 00 11 00 00 00 
ed 03 4b 00 00 00 01 00 00 00 00 16 80 bc 15 00 ec 01 00 11 00 00 00 9f 00 19 00 00 00 01 00 00 
00 00 16 80 bc 15 00 ed 01 00 11 00 00 00 f1 03 31 00 00 00 01 00 00 00 00 16 80 bc 15 00 ee 01 
00 11 00 00 00 0c 02 34 00 00 00 01 00 00 00 00 16 80 bc 15 00 ef 01 00 11 00 00 00 b7 00 46 00 
00 00 01 00 00 00 00 16 80 bc 15 00 f0 01 00 11 00 00 00 f3 03 46 00 00 00 01 00 00 00 00 04 80 
b3 11 00 16 80 bc 45 03 11 00 00 02 00 00 00 11 00 32 00 00 00 01 00 00 00 00 04 80 b3 35 04 16 
80 bc 45 03 35 04 00 62 00 00 00 35 04 00 00 00 00 01 00 00 00 00 04 80 b3 3d 04 16 80 bc 45 03 
3d 04 00 43 00 00 00 3d 04 00 00 00 00 01 00 00 00 00 04 80 b3 3e 04 16 80 bc 45 03 3e 04 00 4f 
01 00 00 3e 04 00 00 00 00 01 00 00 00 00 04 80 b3 3f 04 16 80 bc 45 03 3f 04 00 64 01 00 00 3f 
04 00 00 00 00 01 00 00 00 00 04 80 b3 40 04 16 80 bc 45 03 40 04 00 d5 01 00 00 40 04 00 00 00 
00 01 00 00 00 00 02 81 07 
....................K......................1......................K.............................
................1......................4......................F......................F..........
......E..........2...........5....E.5..b...5.............=....E.=..C...=.............>....E.>..O
...>.............?....E.?..d...?.............@....E.@......@.............

Client->GAME [16:42:45 07/18/09] packet size: 13 CRYPTED, Flags: 7f ServerSeq: 6 ClientSeq: 140
02 04 01 00 37 01 06 81 08 00 00 00 00 
....7........

GAME->Client [16:42:45 07/18/09] packet size: 1 CRYPTED, Flags: 7f ServerSeq: 135 ClientSeq: 12
02 
.

GAME->Client [16:42:46 07/18/09] packet size: 1 CRYPTED, Flags: 7f ServerSeq: 136 ClientSeq: 12
42 
B

GAME->Client [16:42:46 07/18/09] packet size: 5 CRYPTED, Flags: 7f ServerSeq: 137 ClientSeq: 12
c2 3f 2a 30 48 
.?*0H

GAME->Client [16:42:46 07/18/09] packet size: 1 CRYPTED, Flags: 7f ServerSeq: 138 ClientSeq: 12
42 
B

Client->GAME [16:42:46 07/18/09] packet size: 1 CRYPTED, Flags: 7f ServerSeq: 10 ClientSeq: 141
02 
.

GAME->Client [16:42:46 07/18/09] packet size: 1 CRYPTED, Flags: 7f ServerSeq: 139 ClientSeq: 12
42 
B

Client->GAME [16:42:46 07/18/09] packet size: 1 CRYPTED, Flags: 7f ServerSeq: 11 ClientSeq: 142
42 
B

GAME->Client [16:42:46 07/18/09] packet size: 1 CRYPTED, Flags: 7f ServerSeq: 140 ClientSeq: 13
42 
B

GAME->Client [16:42:47 07/18/09] packet size: 1 CRYPTED, Flags: 7f ServerSeq: 141 ClientSeq: 13
42 
B

GAME->Client [16:42:47 07/18/09] packet size: 1 CRYPTED, Flags: 7f ServerSeq: 142 ClientSeq: 14
42 
B

Client->GAME [16:42:47 07/18/09] packet size: 13 CRYPTED, Flags: 0 ServerSeq: 0 ClientSeq: 1
22 04 01 00 00 01 06 81 51 00 00 00 00 
".......Q....

GAME->Client [16:42:47 07/18/09] packet size: 72 CRYPTED, Flags: 0 ServerSeq: 2 ClientSeq: 0
02 04 01 00 03 01 41 81 67 17 00 27 00 1c 22 00 c6 01 11 00 00 00 00 00 00 00 37 00 00 08 0e 00 
41 66 74 65 72 57 68 6f 72 75 4e 65 6f 00 0e 00 41 66 74 65 72 57 68 6f 72 75 4e 65 6f 00 02 00 
4b 00 00 00 00 00 00 00 
......A.g..'.."...........7.....AfterWhoruNeo...AfterWhoruNeo...K.......

Client->GAME [16:42:47 07/18/09] packet size: 1 CRYPTED, Flags: 2 ServerSeq: 2 ClientSeq: 2
02 
.

GAME->Client [16:42:48 07/18/09] packet size: 137 CRYPTED, Flags: 3 ServerSeq: 3 ClientSeq: 2
02 04 01 00 00 03 6c 06 0e 00 03 00 00 00 d3 29 30 48 01 42 00 32 00 72 65 73 6f 75 72 63 65 2f 
77 6f 72 6c 64 73 2f 66 69 6e 61 6c 5f 77 6f 72 6c 64 2f 69 6e 74 65 72 6e 61 74 69 6f 6e 61 6c 
2f 69 74 2e 6d 65 74 72 00 28 00 48 61 6c 6c 6f 77 65 65 6e 5f 45 76 65 6e 74 2c 57 69 6e 74 65 
72 33 48 61 6c 6c 6f 77 65 65 6e 46 6c 79 54 53 45 43 00 0a 80 e5 e7 cb c0 12 00 00 00 00 0a 80 
e4 b5 18 7b 00 00 00 00 00 
......l........)0H.B.2.resource/worlds/final_world/international/it.metr.(.Halloween_Event,Winte
r3HalloweenFlyTSEC.................{.....

Client->GAME [16:42:48 07/18/09] packet size: 6 CRYPTED, Flags: 5 ServerSeq: 3 ClientSeq: 3
02 05 02 0c 00 00 
......

GAME->Client [16:42:48 07/18/09] packet size: 1 CRYPTED, Flags: 7 ServerSeq: 4 ClientSeq: 3
02 
.

Client->GAME [16:42:48 07/18/09] packet size: 8 CRYPTED, Flags: 5 ServerSeq: 3 ClientSeq: 4
02 04 01 00 01 01 01 05 
........

GAME->Client [16:42:48 07/18/09] packet size: 223 CRYPTED, Flags: f ServerSeq: 5 ClientSeq: 4
82 3c 2a 30 48 03 01 00 0c 0c 00 0c cd ab 1c 8b 81 ff 71 02 00 00 41 6e 64 65 72 73 6f 6e 00 00 
00 00 00 00 00 00 00 00 00 00 00 00 00 00 00 00 00 00 00 00 00 00 90 54 68 6f 6d 61 73 00 00 00 
00 00 00 00 00 00 00 00 00 00 00 00 00 00 00 00 00 00 00 00 00 00 00 80 d8 28 0a 0c 00 00 00 01 
8e 81 ff f7 00 31 5e 00 00 c6 67 00 41 66 74 65 72 57 68 6f 72 75 4e 65 6f 00 00 00 00 00 00 00 
00 00 00 00 00 00 00 00 00 00 00 00 28 0a fd 64 01 00 00 67 00 75 d4 01 00 4b b1 00 00 04 80 23 
1a e9 88 80 b0 04 00 02 8e 00 00 00 f7 00 9d 00 00 00 00 00 e6 e4 40 00 00 00 00 00 44 91 c0 00 
00 00 00 00 26 b6 c0 81 ff 32 22 80 89 3d 4f c0 0a 80 1c 01 11 00 00 00 67 00 02 00 00 00 00 
.<*0H.............q...Anderson.........................Thomas............................(......
.....1^...g.AfterWhoruNeo...................(..d...g.u...K.....#......................@.....D...
....&....2"..=O.........g......

Client->GAME [16:42:49 07/18/09] packet size: 55 CRYPTED, Flags: 17 ServerSeq: 5 ClientSeq: 5
02 03 02 00 02 60 08 41 6e 64 65 72 73 6f 6e 06 54 68 6f 6d 61 73 00 00 04 01 00 02 05 02 80 be 
07 3f 6b 00 00 00 00 00 08 3e 6b 00 10 00 00 00 00 02 81 48 02 0c 01 
.....`.Anderson.Thomas...........?k......>k........H...

Client->GAME [16:42:49 07/18/09] packet size: 63 CRYPTED, Flags: 17 ServerSeq: 5 ClientSeq: 6
02 04 01 00 07 03 12 80 c9 07 00 c0 0a 00 68 3f 47 00 c0 94 c4 00 00 7a c4 12 80 c9 0e 00 c0 0a 
00 68 3f 47 00 c0 94 c4 00 60 6a c6 12 80 c9 07 00 10 11 00 28 20 47 00 c0 94 c4 00 00 7a 44 
..............h?G......z.........h?G.....`j.........( G......zD

GAME->Client [16:42:49 07/18/09] packet size: 717 CRYPTED, Flags: 1f ServerSeq: 6 ClientSeq: 5
02 03 01 00 08 a1 1b 42 00 80 14 3e cd ab 02 09 00 00 00 20 9a c4 e3 40 00 00 00 00 00 3c 91 c0 
00 00 00 80 2e 5b bd c0 00 00 00 00 c8 26 74 bf 00 00 00 00 1e f6 99 3e 21 00 00 01 00 08 d0 20 
fc 09 e0 03 10 cd ab 08 fd 00 00 00 00 40 5d e7 40 00 00 00 00 00 44 91 c0 00 00 00 00 00 44 b6 
c0 41 6d 65 74 68 79 73 74 00 00 00 00 00 00 00 00 00 00 00 00 00 00 00 00 00 00 00 00 00 00 00 
00 00 00 00 00 00 00 00 00 00 00 00 00 00 00 00 00 00 00 00 00 00 00 00 00 00 00 00 00 00 00 00 
00 02 00 00 3a 00 f9 0a 00 58 00 00 03 00 00 00 00 00 5c 83 6c 3f 00 00 00 00 17 ef c3 3e 1f 00 
00 01 00 0c 57 02 06 cd ab 13 8e 47 6f 6c 64 20 42 6c 6f 6f 64 20 45 6e 74 68 75 73 69 61 73 74 
00 00 00 00 00 00 00 00 00 00 00 00 10 00 00 22 d5 04 92 60 1c 00 c6 01 80 c3 d7 09 00 58 4c 0a 
00 28 00 00 00 64 c0 3f e7 40 00 00 00 00 00 44 91 c0 00 00 00 00 bf 78 97 c0 c0 01 82 02 a8 0d 
32 02 b2 09 32 02 07 08 00 00 81 b5 02 00 00 02 03 1d 00 00 01 00 0c 57 02 01 cd ab 13 8e 47 6f 
6c 64 20 42 6c 6f 6f 64 20 42 72 6f 74 68 65 72 00 00 00 00 00 00 00 00 00 00 00 00 00 00 00 10 
00 00 22 d5 04 8a 5f 1c 00 c6 01 80 c3 d8 09 00 58 4c 0a 00 28 00 00 00 70 3d 56 e6 40 00 00 00 
00 00 44 91 c0 00 00 00 40 21 a9 a2 c0 c0 01 82 03 a8 0d 77 01 b2 09 77 01 07 08 00 00 81 b5 02 
00 00 02 03 1b 00 00 01 00 08 68 95 44 00 80 14 39 cd ab 02 09 00 00 00 00 80 fe e2 40 00 00 00 
00 00 40 91 c0 00 00 00 00 00 b3 c0 c0 00 00 00 00 f2 04 35 3f 00 00 00 00 f3 04 35 3f 19 00 00 
00 00 04 01 00 04 0a 16 80 bc 56 00 ef 01 00 ef b2 00 00 1b 04 02 00 00 00 01 00 00 00 00 16 80 
bc 56 00 f0 01 00 ef b2 00 00 b4 00 20 00 00 00 01 00 00 00 00 16 80 bc 56 00 f1 01 00 ef b2 00 
00 09 04 20 00 00 00 01 00 00 00 00 16 80 bc 56 00 f2 01 00 ef b2 00 00 77 04 01 00 00 00 01 00 
00 00 00 16 80 bc 56 00 f3 01 00 ef b2 00 00 e6 03 02 00 00 00 01 00 00 00 00 16 80 bc 56 00 f4 
01 00 ef b2 00 00 b5 00 20 00 00 00 01 00 00 00 00 16 80 bc 56 00 37 02 00 ef b2 00 00 1b 04 02 
00 00 00 00 00 00 00 00 16 80 bc 56 00 38 02 00 ef b2 00 00 b4 00 20 00 00 00 00 00 00 00 00 16 
80 bc 56 00 39 02 00 ef b2 00 00 09 04 20 00 00 00 00 00 00 00 00 16 80 bc 56 00 3a 02 00 ef b2 
00 00 77 04 01 00 00 00 00 00 00 00 00 
.......B...>....... ...@.....<.......[.......&t........>!...... .............@].@.....D.......D.
.Amethyst...........................................................:....X........\.l?.......>..
....W......Gold Blood Enthusiast..............."...`.........XL..(...d.?.@.....D.......x........
2...2..................W......Gold Blood Brother.................."..._.........XL..(...p=V.@...
..D.....@!.........w...w..................h.D...9...........@.....@................5?......5?...
..........V......................V.......... ...........V.......... ...........V........w.......
......V......................V.......... ...........V.7....................V.8........ .........
..V.9........ ...........V.:......w..........

GAME->Client [16:42:49 07/18/09] packet size: 725 CRYPTED, Flags: 1f ServerSeq: 7 ClientSeq: 5
82 81 2a 30 48 03 01 00 0c 57 02 02 cd ab 13 8e 47 6f 6c 64 20 42 6c 6f 6f 64 20 43 68 61 6d 70 
69 6f 6e 00 00 00 00 00 00 00 00 00 00 00 00 00 00 10 00 00 22 d5 04 24 61 1c 00 c6 01 80 c3 d7 
09 00 58 4c 0a 00 28 00 00 00 98 48 1f e7 40 00 00 00 00 00 44 91 c0 00 00 00 c0 39 8c b4 c0 c0 
01 82 01 a8 0d ee 02 b2 04 ee 02 07 08 00 00 81 b5 02 00 00 02 03 17 00 00 01 00 0c 57 02 04 cd 
ab 13 8e 47 6f 6c 64 20 42 6c 6f 6f 64 20 42 72 6f 74 68 65 72 00 00 00 00 00 00 00 00 00 00 00 
00 00 00 00 10 00 00 22 d5 04 81 5f 1c 00 c6 01 80 c3 d8 09 00 58 4c 0a 00 28 00 00 00 34 f1 a9 
e6 40 00 00 00 00 00 44 91 c0 00 00 00 c0 fa 83 a3 c0 c0 01 82 03 a8 0d 77 01 b2 09 77 01 07 08 
00 00 81 b5 02 00 00 02 03 15 00 00 01 00 08 50 02 f4 09 e0 03 3c cd ab 02 09 00 00 00 00 00 e6 
e4 40 00 00 00 00 00 a4 90 c0 00 00 00 00 00 c2 b5 c0 00 00 00 00 00 00 80 3f 00 00 00 00 2e bd 
3b b3 13 00 00 01 00 0c 57 02 0a cd ab 13 8e 47 6f 6c 64 20 42 6c 6f 6f 64 20 43 68 61 6d 70 69 
6f 6e 00 00 00 00 00 00 00 00 00 00 00 00 00 00 10 00 00 22 d5 02 92 61 1c 00 c6 01 80 c3 d7 09 
00 58 4c 0a 00 28 00 00 00 a8 b7 02 e7 40 00 00 00 00 00 44 91 c0 00 00 00 70 ad 00 c6 c0 c0 01 
82 01 a8 0d ee 02 b2 04 ee 02 07 08 00 00 81 b5 02 00 00 02 03 11 00 00 01 00 08 69 95 43 00 80 
14 03 cd ab 02 09 00 00 00 00 40 a7 e3 40 00 00 00 00 00 40 91 c0 00 00 00 00 00 9a c0 c0 00 00 
00 00 f2 04 35 bf 00 00 00 00 f3 04 35 3f 0d 00 00 00 00 04 01 00 0e 0b 16 80 bc 56 00 3b 02 00 
ef b2 00 00 e6 03 02 00 00 00 00 00 00 00 00 16 80 bc 56 00 3c 02 00 ef b2 00 00 b5 00 20 00 00 
00 00 00 00 00 00 16 80 bc 56 00 f5 01 00 0a 95 00 00 06 04 02 00 00 00 01 00 00 00 00 16 80 bc 
56 00 f6 01 00 0a 95 00 00 b4 00 11 00 00 00 01 00 00 00 00 16 80 bc 56 00 f7 01 00 0a 95 00 00 
b5 00 11 00 00 00 01 00 00 00 00 16 80 bc 56 00 f8 01 00 0a 95 00 00 07 04 02 00 00 00 01 00 00 
00 00 16 80 bc 56 00 3d 02 00 0a 95 00 00 06 04 02 00 00 00 00 00 00 00 00 16 80 bc 56 00 3e 02 
00 0a 95 00 00 b4 00 11 00 00 00 00 00 00 00 00 16 80 bc 56 00 3f 02 00 0a 95 00 00 b5 00 11 00 
00 00 00 00 00 00 00 16 80 bc 56 00 40 02 00 0a 95 00 00 07 04 02 00 00 00 00 00 00 00 00 16 80 
bc 56 00 f9 01 00 95 b7 00 00 b4 00 16 00 00 00 01 00 00 00 00 
..*0H....W......Gold Blood Champion................."..$a.........XL..(....H..@.....D......9....
............................W......Gold Blood Brother.................."..._.........XL..(...4..
.@.....D................w...w..................P.....<...........@.......................?......
;.......W......Gold Blood Champion................."...a.........XL..(.......@.....D.....p......
...........................i.C............@..@.....@................5.......5?.............V.;..
..................V.<........ ...........V......................V......................V........
..............V......................V.=....................V.>....................V.?..........
..........V.@....................V...................

Client->GAME [16:42:49 07/18/09] packet size: 1 CRYPTED, Flags: 2f ServerSeq: 6 ClientSeq: 7
02 
.

Client->GAME [16:42:50 07/18/09] packet size: 1 CRYPTED, Flags: 5f ServerSeq: 7 ClientSeq: 8
02 
.

GAME->Client [16:42:50 07/18/09] packet size: 727 CRYPTED, Flags: 1f ServerSeq: 8 ClientSeq: 5
02 03 01 00 0c 57 02 05 cd ab 15 8e 47 6f 6c 64 20 42 6c 6f 6f 64 20 45 6e 74 68 75 73 69 61 73 
74 00 00 00 00 00 00 00 00 00 00 00 00 10 00 00 22 d5 04 3b 60 1c 00 c6 01 80 d3 d7 09 00 58 4c 
0a 00 28 0a 00 00 00 47 59 e3 e4 40 00 00 00 00 00 44 91 c0 00 00 00 00 40 d5 66 c0 c0 01 83 01 
02 a8 0d 32 02 b2 09 32 02 07 08 00 00 81 b5 02 00 00 02 03 0f 00 00 01 00 0c 57 02 07 cd ab 15 
8e 47 6f 6c 64 20 42 6c 6f 6f 64 20 43 68 61 6d 70 69 6f 6e 00 00 00 00 00 00 00 00 00 00 00 00 
00 00 10 00 00 22 d5 04 13 61 1c 00 c6 01 80 d3 d7 09 00 58 4c 0a 00 28 0a 00 00 00 46 9e ed e4 
40 00 00 00 00 00 44 91 c0 00 00 00 00 80 b4 75 c0 c0 01 83 01 01 a8 0d ee 02 b2 04 ee 02 07 08 
00 00 81 b5 02 00 00 02 03 0b 00 00 01 00 0c 57 02 08 cd ab 13 8e 47 6f 6c 64 20 42 6c 6f 6f 64 
20 43 68 61 6d 70 69 6f 6e 00 00 00 00 00 00 00 00 00 00 00 00 00 00 10 00 00 22 d5 04 72 61 1c 
00 c6 01 80 c3 d7 09 00 58 4c 0a 00 28 00 00 00 f4 99 50 e6 40 00 00 00 00 00 44 91 c0 00 00 00 
00 02 ba 9f c0 c0 01 82 01 a8 0d ee 02 b2 04 ee 02 07 08 00 00 81 b5 02 00 00 02 03 07 00 00 01 
00 0c 57 02 03 cd ab 14 8e 47 6f 6c 64 20 42 6c 6f 6f 64 20 43 68 61 6d 70 69 6f 6e 00 00 00 00 
00 00 00 00 00 00 00 00 00 00 10 00 00 22 d5 04 f1 61 1c 00 c6 01 80 c3 d7 09 00 58 4c 0a 00 28 
00 00 00 40 28 58 e7 40 00 00 00 00 00 44 91 c0 00 00 00 00 8f 79 92 c0 c0 01 83 05 01 a8 0d ee 
02 b2 04 ee 02 07 08 00 00 81 b5 02 00 00 02 03 05 00 00 00 00 04 01 00 19 0b 16 80 bc 56 00 fa 
01 00 95 b7 00 00 09 04 16 00 00 00 01 00 00 00 00 16 80 bc 56 00 fb 01 00 95 b7 00 00 9d 00 16 
00 00 00 01 00 00 00 00 16 80 bc 56 00 fc 01 00 95 b7 00 00 b5 00 16 00 00 00 01 00 00 00 00 16 
80 bc 56 00 41 02 00 95 b7 00 00 b4 00 16 00 00 00 00 00 00 00 00 16 80 bc 56 00 42 02 00 95 b7 
00 00 09 04 16 00 00 00 00 00 00 00 00 16 80 bc 56 00 43 02 00 95 b7 00 00 9d 00 16 00 00 00 00 
00 00 00 00 16 80 bc 56 00 44 02 00 95 b7 00 00 b5 00 16 00 00 00 00 00 00 00 00 16 80 bc 56 00 
fd 01 00 24 b3 00 00 89 02 02 00 00 00 01 00 00 00 00 16 80 bc 56 00 fe 01 00 24 b3 00 00 1a 04 
01 00 00 00 01 00 00 00 00 16 80 bc 56 00 ff 01 00 24 b3 00 00 b4 00 21 00 00 00 01 00 00 00 00 
16 80 bc 56 00 00 02 00 24 b3 00 00 09 04 21 00 00 00 01 00 00 00 00 
.....W......Gold Blood Enthusiast..............."..;`.........XL..(....GY..@.....D......@.f.....
...2...2..................W......Gold Blood Champion................."...a.........XL..(....F...
@.....D........u...............................W......Gold Blood Champion................."..ra.
........XL..(.....P.@.....D.......................................W......Gold Blood Champion....
............."...a.........XL..(...@(X.@.....D.......y.......................................V..
....................V......................V......................V.A....................V.B....
................V.C....................V.D....................V....$.................V....$.....
............V....$.....!...........V....$.....!........

Client->GAME [16:42:50 07/18/09] packet size: 1 CRYPTED, Flags: 3f ServerSeq: 8 ClientSeq: 9
02 
.

GAME->Client [16:42:50 07/18/09] packet size: 713 CRYPTED, Flags: 7f ServerSeq: 9 ClientSeq: 8
02 03 01 00 02 13 00 0f 00 02 0c 45 ca 1a 27 47 00 20 8a c4 00 aa 36 c3 01 00 02 13 00 0b 00 02 
0c 12 cb 76 27 47 00 20 8a c4 80 8d a3 c3 01 00 0c 0c 00 fe cd ab 29 9b 81 ff 3e 3d 00 00 47 61 
72 63 69 61 00 00 00 00 00 00 00 00 00 00 00 00 00 00 00 00 00 00 00 00 00 00 00 00 00 00 12 f8 
f2 3a c0 0a 4a 61 76 69 65 72 00 00 00 00 00 00 00 00 00 00 00 00 00 00 00 00 00 00 00 00 00 00 
00 00 00 00 0c 9a 99 19 3f c5 cd cc cc 3f 8f 0a f8 d8 0a 4d 00 00 87 43 00 00 08 01 ce 81 ff f7 
00 40 7e 00 00 05 ce fb ff 79 65 61 6d 61 6e 00 00 00 00 00 00 00 00 00 00 00 00 00 00 00 00 00 
00 00 00 00 00 00 00 00 00 00 00 00 20 13 07 e5 40 00 00 00 00 00 44 91 c0 00 00 00 a0 b5 c8 b5 
c0 d8 0a fd aa 01 00 00 fb ff f2 71 02 00 51 e2 00 00 45 04 a6 86 28 64 10 56 c1 02 08 40 00 00 
00 f7 00 fd 00 00 00 c0 1c d1 e4 40 00 00 00 00 00 44 91 c0 00 00 00 60 76 c6 b5 c0 81 ff 32 12 
fb ff 56 06 00 28 90 01 10 89 45 33 bd 0a ff 1c 01 85 00 00 00 7e 00 09 00 00 01 00 02 13 00 05 
00 02 0c e7 42 c1 3a 47 00 20 8a c4 78 cc 93 c4 01 00 0c 57 02 09 cd ab 15 8e 47 6f 6c 64 20 42 
6c 6f 6f 64 20 45 6e 74 68 75 73 69 61 73 74 00 00 00 00 00 00 00 00 00 00 00 00 10 00 00 22 d5 
04 21 60 1c 00 c6 01 80 d3 d9 09 00 58 4c 0a 00 28 0a 00 00 00 2c dc 4b e6 40 00 00 00 00 00 44 
91 c0 00 00 00 80 79 85 aa c0 c0 01 83 01 02 a8 0d 32 02 b2 09 32 02 07 08 00 00 81 b5 02 00 00 
02 03 03 00 00 00 00 04 01 00 24 0b 16 80 bc 56 00 01 02 00 24 b3 00 00 15 04 02 00 00 00 01 00 
00 00 00 16 80 bc 56 00 02 02 00 24 b3 00 00 b5 00 21 00 00 00 01 00 00 00 00 16 80 bc 56 00 45 
02 00 24 b3 00 00 89 02 02 00 00 00 00 00 00 00 00 16 80 bc 56 00 46 02 00 24 b3 00 00 1a 04 01 
00 00 00 00 00 00 00 00 16 80 bc 56 00 47 02 00 24 b3 00 00 b4 00 21 00 00 00 00 00 00 00 00 16 
80 bc 56 00 48 02 00 24 b3 00 00 09 04 21 00 00 00 00 00 00 00 00 16 80 bc 56 00 49 02 00 24 b3 
00 00 15 04 02 00 00 00 00 00 00 00 00 16 80 bc 56 00 4a 02 00 24 b3 00 00 b5 00 21 00 00 00 00 
00 00 00 00 16 80 bc 56 00 03 02 00 95 a7 00 00 b4 00 12 00 00 00 01 00 00 00 00 16 80 bc 56 00 
04 02 00 95 a7 00 00 b5 00 12 00 00 00 01 00 00 00 00 16 80 bc 56 00 05 02 00 95 a7 00 00 09 04 
12 00 00 00 01 00 00 00 00 
...........E..'G. ....6............v'G. ..............)...>=..Garcia............................
.:..Javier..............................?....?.....M...C.........@~......yeaman.................
............ ...@.....D....................q..Q...E...(d.V...@.............@.....D.....`v.....2.
..V..(....E3.........~..............B.:G. ..x......W......Gold Blood Enthusiast...............".
.!`.........XL..(....,.K.@.....D......y..........2...2....................$....V....$...........
......V....$.....!...........V.E..$.................V.F..$.................V.G..$.....!.........
..V.H..$.....!...........V.I..$.................V.J..$.....!...........V......................V.
.....................V...................

Client->GAME [16:42:50 07/18/09] packet size: 1 CRYPTED, Flags: 7f ServerSeq: 9 ClientSeq: 10
02 
.

GAME->Client [16:42:50 07/18/09] packet size: 714 CRYPTED, Flags: 7f ServerSeq: 10 ClientSeq: 9
02 03 0f 00 02 0c 4f ca 1a 27 47 00 20 8a c4 00 aa 36 c3 05 00 02 0e 00 dd 42 c1 3a 47 00 20 8a 
c4 78 cc 93 c4 00 00 04 02 00 2f 14 16 80 bc 56 00 06 02 00 95 a7 00 00 70 00 0f 00 00 00 01 00 
00 00 00 16 80 bc 56 00 4b 02 00 95 a7 00 00 b4 00 12 00 00 00 00 00 00 00 00 16 80 bc 56 00 4c 
02 00 95 a7 00 00 b5 00 12 00 00 00 00 00 00 00 00 16 80 bc 56 00 4d 02 00 95 a7 00 00 09 04 12 
00 00 00 00 00 00 00 00 16 80 bc 56 00 4e 02 00 95 a7 00 00 70 00 0f 00 00 00 00 00 00 00 00 16 
80 bc 56 00 07 02 00 2c b3 00 00 17 04 01 00 00 00 01 00 00 00 00 16 80 bc 56 00 08 02 00 2c b3 
00 00 b4 00 21 00 00 00 01 00 00 00 00 16 80 bc 56 00 09 02 00 2c b3 00 00 09 04 21 00 00 00 01 
00 00 00 00 16 80 bc 56 00 0a 02 00 2c b3 00 00 12 04 02 00 00 00 01 00 00 00 00 16 80 bc 56 00 
0b 02 00 2c b3 00 00 07 04 02 00 00 00 01 00 00 00 00 16 80 bc 56 00 0c 02 00 2c b3 00 00 b5 00 
21 00 00 00 01 00 00 00 00 16 80 bc 56 00 4f 02 00 2c b3 00 00 17 04 01 00 00 00 00 00 00 00 00 
16 80 bc 56 00 50 02 00 2c b3 00 00 b4 00 21 00 00 00 00 00 00 00 00 16 80 bc 56 00 51 02 00 2c 
b3 00 00 09 04 21 00 00 00 00 00 00 00 00 16 80 bc 56 00 52 02 00 2c b3 00 00 12 04 02 00 00 00 
00 00 00 00 00 16 80 bc 56 00 53 02 00 2c b3 00 00 07 04 02 00 00 00 00 00 00 00 00 16 80 bc 56 
00 54 02 00 2c b3 00 00 b5 00 21 00 00 00 00 00 00 00 00 16 80 bc 56 00 0d 02 00 c3 b2 00 00 89 
02 02 00 00 00 01 00 00 00 00 16 80 bc 56 00 0e 02 00 c3 b2 00 00 21 04 02 00 00 00 01 00 00 00 
00 16 80 bc 56 00 0f 02 00 c3 b2 00 00 b4 00 1f 00 00 00 01 00 00 00 00 00 43 09 16 80 bc 56 00 
10 02 00 c3 b2 00 00 09 04 1f 00 00 00 01 00 00 00 00 16 80 bc 56 00 11 02 00 c3 b2 00 00 1e 04 
01 00 00 00 01 00 00 00 00 16 80 bc 56 00 12 02 00 c3 b2 00 00 9d 00 1f 00 00 00 01 00 00 00 00 
16 80 bc 56 00 55 02 00 c3 b2 00 00 89 02 02 00 00 00 00 00 00 00 00 16 80 bc 56 00 56 02 00 c3 
b2 00 00 21 04 02 00 00 00 00 00 00 00 00 16 80 bc 56 00 57 02 00 c3 b2 00 00 b4 00 1f 00 00 00 
00 00 00 00 00 16 80 bc 56 00 58 02 00 c3 b2 00 00 09 04 1f 00 00 00 00 00 00 00 00 16 80 bc 56 
00 59 02 00 c3 b2 00 00 1e 04 01 00 00 00 00 00 00 00 00 16 80 bc 56 00 5a 02 00 c3 b2 00 00 9d 
00 1f 00 00 00 00 00 00 00 00 
......O..'G. ....6.......B.:G. ..x......../....V........p.............V.K....................V.L
....................V.M....................V.N......p.............V....,.................V....,.
....!...........V....,.....!...........V....,.................V....,.................V....,.....
!...........V.O..,.................V.P..,.....!...........V.Q..,.....!...........V.R..,.........
........V.S..,.................V.T..,.....!...........V......................V........!.........
....V....................C....V......................V......................V...................
...V.U....................V.V......!.............V.W....................V.X....................V
.Y....................V.Z.................

Client->GAME [16:42:50 07/18/09] packet size: 1 CRYPTED, Flags: 7f ServerSeq: 10 ClientSeq: 11
02 
.

GAME->Client [16:42:50 07/18/09] packet size: 694 CRYPTED, Flags: 7f ServerSeq: 11 ClientSeq: 10
02 03 0f 00 02 0c 50 ca 1a 27 47 00 20 8a c4 00 aa 36 c3 05 00 02 0e 00 d6 42 c1 3a 47 00 20 8a 
c4 78 cc 93 c4 00 00 04 01 00 4c 1e 16 80 bc 15 00 2e 02 00 11 00 00 00 ab 00 0d 00 00 00 01 00 
00 00 00 16 80 bc 15 00 2f 02 00 11 00 00 00 0a 02 4d 00 00 00 01 00 00 00 00 16 80 bc 15 00 30 
02 00 11 00 00 00 f2 03 34 00 00 00 01 00 00 00 00 16 80 bc 15 00 31 02 00 11 00 00 00 ed 03 4d 
00 00 00 01 00 00 00 00 16 80 bc 15 00 32 02 00 11 00 00 00 9f 00 19 00 00 00 01 00 00 00 00 16 
80 bc 15 00 33 02 00 11 00 00 00 f1 03 34 00 00 00 01 00 00 00 00 16 80 bc 15 00 34 02 00 11 00 
00 00 0c 02 34 00 00 00 01 00 00 00 00 16 80 bc 15 00 35 02 00 11 00 00 00 b7 00 4d 00 00 00 01 
00 00 00 00 16 80 bc 15 00 36 02 00 11 00 00 00 f3 03 46 00 00 00 01 00 00 00 00 0b 80 bd 05 11 
00 00 00 00 00 00 00 16 80 bc 15 00 5b 02 00 11 00 00 00 ab 00 0d 00 00 00 00 00 00 00 00 16 80 
bc 15 00 5c 02 00 11 00 00 00 0a 02 4d 00 00 00 00 00 00 00 00 16 80 bc 15 00 5d 02 00 11 00 00 
00 f2 03 34 00 00 00 00 00 00 00 00 16 80 bc 15 00 5e 02 00 11 00 00 00 ed 03 4d 00 00 00 00 00 
00 00 00 16 80 bc 15 00 5f 02 00 11 00 00 00 9f 00 19 00 00 00 00 00 00 00 00 16 80 bc 15 00 60 
02 00 11 00 00 00 f1 03 34 00 00 00 00 00 00 00 00 16 80 bc 15 00 61 02 00 11 00 00 00 0c 02 34 
00 00 00 00 00 00 00 00 16 80 bc 15 00 62 02 00 11 00 00 00 b7 00 4d 00 00 00 00 00 00 00 00 16 
80 bc 15 00 63 02 00 11 00 00 00 f3 03 46 00 00 00 00 00 00 00 00 0b 80 bd 05 11 00 00 00 00 00 
00 01 16 80 bc 15 00 5b 02 00 11 00 00 00 ab 00 0d 00 00 00 01 00 00 00 00 16 80 bc 15 00 5c 02 
00 11 00 00 00 0a 02 4d 00 00 00 01 00 00 00 00 16 80 bc 15 00 5d 02 00 11 00 00 00 f2 03 34 00 
00 00 01 00 00 00 00 16 80 bc 15 00 5e 02 00 11 00 00 00 ed 03 4d 00 00 00 01 00 00 00 00 16 80 
bc 15 00 5f 02 00 11 00 00 00 9f 00 19 00 00 00 01 00 00 00 00 16 80 bc 15 00 60 02 00 11 00 00 
00 f1 03 34 00 00 00 01 00 00 00 00 16 80 bc 15 00 61 02 00 11 00 00 00 0c 02 34 00 00 00 01 00 
00 00 00 16 80 bc 15 00 62 02 00 11 00 00 00 b7 00 4d 00 00 00 01 00 00 00 00 16 80 bc 15 00 63 
02 00 11 00 00 00 f3 03 46 00 00 00 01 00 00 00 00 04 80 b3 11 00 
......P..'G. ....6.......B.:G. ..x........L............................./........M.............0
........4.............1........M.............2......................3........4.............4....
....4.............5........M.............6........F.........................[...................
...\........M.............]........4.............^........M............._......................`
........4.............a........4.............b........M.............c........F..................
.......[......................\........M.............]........4.............^........M..........
..._......................`........4.............a........4.............b........M.............c
........F.............

Client->GAME [16:42:50 07/18/09] packet size: 1 CRYPTED, Flags: 7f ServerSeq: 11 ClientSeq: 12
02 
.

GAME->Client [16:42:50 07/18/09] packet size: 696 CRYPTED, Flags: 7f ServerSeq: 12 ClientSeq: 11
02 03 0b 00 02 0c 13 c8 90 27 47 00 20 8a c4 80 0b 89 c3 00 00 04 02 00 6a 1c 16 80 bc 45 03 11 
00 00 02 00 00 00 11 00 32 00 00 00 01 00 00 00 00 16 80 bc 55 00 13 02 00 02 00 00 00 cc 00 0c 
00 00 00 01 00 00 00 00 08 80 b2 11 00 32 00 08 02 16 80 bc 45 03 11 00 00 02 00 00 00 11 00 32 
00 00 00 00 00 00 00 00 16 80 bc 55 00 64 02 00 02 00 00 00 cc 00 0c 00 00 00 00 00 00 00 00 16 
80 bc 15 00 65 02 00 11 00 00 00 ab 00 0d 00 00 00 00 00 00 00 00 16 80 bc 15 00 66 02 00 11 00 
00 00 0a 02 4d 00 00 00 00 00 00 00 00 16 80 bc 15 00 67 02 00 11 00 00 00 f2 03 34 00 00 00 00 
00 00 00 00 16 80 bc 15 00 68 02 00 11 00 00 00 ed 03 4d 00 00 00 00 00 00 00 00 16 80 bc 15 00 
69 02 00 11 00 00 00 9f 00 19 00 00 00 00 00 00 00 00 16 80 bc 15 00 6a 02 00 11 00 00 00 f1 03 
34 00 00 00 00 00 00 00 00 16 80 bc 15 00 6b 02 00 11 00 00 00 0c 02 34 00 00 00 00 00 00 00 00 
16 80 bc 15 00 6c 02 00 11 00 00 00 b7 00 4d 00 00 00 00 00 00 00 00 16 80 bc 15 00 6d 02 00 11 
00 00 00 f3 03 46 00 00 00 00 00 00 00 00 16 80 bc 55 00 14 02 00 0b 00 00 00 37 02 96 00 00 00 
01 00 00 00 00 16 80 bc 55 00 6e 02 00 0b 00 00 00 37 02 96 00 00 00 00 00 00 00 00 16 80 bc 55 
00 15 02 00 2d 00 00 00 23 04 0a 00 00 00 01 00 00 00 00 16 80 bc 55 00 16 02 00 2d 00 00 00 20 
04 0a 00 00 00 01 00 00 00 00 16 80 bc 55 00 17 02 00 2d 00 00 00 19 04 05 00 00 00 01 00 00 00 
00 16 80 bc 55 00 18 02 00 2d 00 00 00 42 04 05 00 00 00 01 00 00 00 00 16 80 bc 55 00 6f 02 00 
2d 00 00 00 23 04 0a 00 00 00 00 00 00 00 00 16 80 bc 55 00 70 02 00 2d 00 00 00 20 04 0a 00 00 
00 00 00 00 00 00 16 80 bc 55 00 71 02 00 2d 00 00 00 19 04 05 00 00 00 00 00 00 00 00 16 80 bc 
55 00 72 02 00 2d 00 00 00 42 04 05 00 00 00 00 00 00 00 00 16 80 bc 55 00 19 02 00 34 00 00 00 
83 02 c8 00 00 00 01 00 00 00 00 16 80 bc 55 00 73 02 00 34 00 00 00 83 02 c8 00 00 00 00 00 00 
00 00 04 80 b3 3d 04 16 80 bc 45 03 3d 04 00 43 00 00 00 3d 04 00 00 00 00 01 00 00 00 00 00 86 
03 08 80 b2 3d 04 00 00 08 02 16 80 bc 45 03 3d 04 00 43 00 00 00 3d 04 00 00 00 00 00 00 00 00 
00 16 80 bc 55 00 1a 02 00 4b 00 00 00 1f 04 19 00 00 00 01 00 00 00 00 
.........'G. ...........j....E..........2...........U........................2......E..........2
...........U.d......................e......................f........M.............g........4....
.........h........M.............i......................j........4.............k........4........
.....l........M.............m........F...........U........7.............U.n......7.............U
....-...#.............U....-... .............U....-.................U....-...B.............U.o..
-...#.............U.p..-... .............U.q..-.................U.r..-...B.............U....4...
..............U.s..4.................=....E.=..C...=................=........E.=..C...=.........
....U....K..............

Client->GAME [16:42:50 07/18/09] packet size: 1 CRYPTED, Flags: 7f ServerSeq: 12 ClientSeq: 13
02 
.

GAME->Client [16:42:50 07/18/09] packet size: 695 CRYPTED, Flags: 7f ServerSeq: 13 ClientSeq: 11
02 03 0f 00 02 2c 00 40 00 00 00 10 50 ca 1a 27 47 00 20 8a c4 00 aa 36 c3 05 00 02 2c 00 40 00 
00 00 10 d6 42 c1 3a 47 00 20 8a c4 78 cc 93 c4 00 00 04 01 00 89 20 16 80 bc 55 00 74 02 00 4b 
00 00 00 1f 04 19 00 00 00 00 00 00 00 00 16 80 bc 55 00 1b 02 00 5f 00 00 00 7c 04 0f 00 00 00 
01 00 00 00 00 16 80 bc 55 00 1c 02 00 5f 00 00 00 07 04 0f 00 00 00 01 00 00 00 00 16 80 bc 55 
00 75 02 00 5f 00 00 00 7c 04 0f 00 00 00 00 00 00 00 00 16 80 bc 55 00 76 02 00 5f 00 00 00 07 
04 0f 00 00 00 00 00 00 00 00 16 80 bc 55 00 1d 02 00 62 00 00 00 06 04 01 00 00 00 01 00 00 00 
00 04 80 b3 35 04 16 80 bc 45 03 35 04 00 62 00 00 00 35 04 00 00 00 00 01 00 00 00 00 16 80 bc 
55 00 1e 02 00 62 00 00 00 15 04 01 00 00 00 01 00 00 00 00 16 80 bc 55 00 77 02 00 62 00 00 00 
06 04 01 00 00 00 00 00 00 00 00 08 80 b2 35 04 00 00 08 02 16 80 bc 45 03 35 04 00 62 00 00 00 
35 04 00 00 00 00 00 00 00 00 00 16 80 bc 55 00 78 02 00 62 00 00 00 15 04 01 00 00 00 00 00 00 
00 00 04 80 b3 3e 04 16 80 bc 45 03 3e 04 00 4f 01 00 00 3e 04 00 00 00 00 01 00 00 00 00 08 80 
b2 3e 04 00 00 08 02 16 80 bc 45 03 3e 04 00 4f 01 00 00 3e 04 00 00 00 00 00 00 00 00 00 16 80 
bc 55 00 1f 02 00 5a 01 00 00 07 04 05 00 00 00 01 00 00 00 00 16 80 bc 55 00 20 02 00 5a 01 00 
00 1d 04 0f 00 00 00 01 00 00 00 00 16 80 bc 55 00 79 02 00 5a 01 00 00 07 04 05 00 00 00 00 00 
00 00 00 16 80 bc 55 00 7a 02 00 5a 01 00 00 1d 04 0f 00 00 00 00 00 00 00 00 04 80 b3 3f 04 16 
80 bc 45 03 3f 04 00 64 01 00 00 3f 04 00 00 00 00 01 00 00 00 00 16 80 bc 55 00 21 02 00 64 01 
00 00 1f 04 05 00 00 00 01 00 00 00 00 08 80 b2 3f 04 00 00 08 02 16 80 bc 45 03 3f 04 00 64 01 
00 00 3f 04 00 00 00 00 00 00 00 00 00 16 80 bc 55 00 7b 02 00 64 01 00 00 1f 04 05 00 00 00 00 
00 00 00 00 16 80 bc 55 00 22 02 00 66 01 00 00 7b 04 05 00 00 00 01 00 00 00 00 16 80 bc 55 00 
23 02 00 66 01 00 00 12 04 0a 00 00 00 01 00 00 00 00 16 80 bc 55 00 24 02 00 66 01 00 00 06 04 
0b 00 00 00 01 00 00 00 00 16 80 bc 55 00 7c 02 00 66 01 00 00 7b 04 05 00 00 00 00 00 00 00 00 
16 80 bc 55 00 7d 02 00 66 01 00 00 12 04 0a 00 00 00 00 00 00 00 00 
.....,.@....P..'G. ....6....,.@.....B.:G. ..x......... ...U.t..K.................U...._...|.....
........U...._.................U.u.._...|.............U.v.._.................U....b.............
....5....E.5..b...5.............U....b.................U.w..b.................5........E.5..b...
5.............U.x..b.................>....E.>..O...>.............>........E.>..O...>............
.U....Z.................U. ..Z.................U.y..Z.................U.z..Z.................?..
..E.?..d...?.............U.!..d.................?........E.?..d...?.............U.{..d..........
.......U."..f...{.............U.#..f.................U.$..f.................U.|..f...{..........
...U.}..f..............

Client->GAME [16:42:50 07/18/09] packet size: 25 CRYPTED, Flags: 7f ServerSeq: 13 ClientSeq: 14
02 04 01 00 0a 01 12 80 c9 07 00 10 18 00 e8 00 47 00 c0 94 c4 00 d0 84 c6 
................G........

GAME->Client [16:42:50 07/18/09] packet size: 711 CRYPTED, Flags: 7f ServerSeq: 14 ClientSeq: 12
02 03 07 00 02 02 01 03 00 02 08 40 aa 32 47 00 20 8a c4 ae af 4f c5 00 00 04 01 00 a9 1f 16 80 
bc 55 00 7e 02 00 66 01 00 00 06 04 0b 00 00 00 00 00 00 00 00 16 80 bc 55 00 25 02 00 8e 01 00 
00 03 04 05 00 00 00 01 00 00 00 00 16 80 bc 55 00 26 02 00 8e 01 00 00 12 04 0f 00 00 00 01 00 
00 00 00 16 80 bc 55 00 27 02 00 8e 01 00 00 77 04 05 00 00 00 01 00 00 00 00 16 80 bc 55 00 7f 
02 00 8e 01 00 00 03 04 05 00 00 00 00 00 00 00 00 16 80 bc 55 00 80 02 00 8e 01 00 00 12 04 0f 
00 00 00 00 00 00 00 00 16 80 bc 55 00 81 02 00 8e 01 00 00 77 04 05 00 00 00 00 00 00 00 00 16 
80 bc 55 00 28 02 00 cd 01 00 00 e5 03 05 00 00 00 01 00 00 00 00 16 80 bc 55 00 29 02 00 cd 01 
00 00 73 04 05 00 00 00 01 00 00 00 00 16 80 bc 55 00 2a 02 00 cd 01 00 00 e3 03 0f 00 00 00 01 
00 00 00 00 16 80 bc 55 00 82 02 00 cd 01 00 00 e5 03 05 00 00 00 00 00 00 00 00 16 80 bc 55 00 
83 02 00 cd 01 00 00 73 04 05 00 00 00 00 00 00 00 00 16 80 bc 55 00 84 02 00 cd 01 00 00 e3 03 
0f 00 00 00 00 00 00 00 00 04 80 b3 40 04 16 80 bc 45 03 40 04 00 d5 01 00 00 40 04 00 00 00 00 
01 00 00 00 00 16 80 bc 55 00 2b 02 00 d5 01 00 00 e3 03 05 00 00 00 01 00 00 00 00 08 80 b2 40 
04 00 00 08 02 16 80 bc 45 03 40 04 00 d5 01 00 00 40 04 00 00 00 00 00 00 00 00 00 16 80 bc 55 
00 85 02 00 d5 01 00 00 e3 03 05 00 00 00 00 00 00 00 00 16 80 bc 55 00 2c 02 00 36 02 00 00 37 
02 0a 00 00 00 01 00 00 00 00 16 80 bc 55 00 86 02 00 36 02 00 00 37 02 0a 00 00 00 00 00 00 00 
00 16 80 bc 55 00 2d 02 00 74 02 00 00 34 02 1e 00 00 00 01 00 00 00 00 16 80 bc 55 00 87 02 00 
74 02 00 00 34 02 1e 00 00 00 00 00 00 00 00 16 80 bc 15 00 65 02 00 11 00 00 00 ab 00 0d 00 00 
00 01 00 00 00 00 16 80 bc 15 00 66 02 00 11 00 00 00 0a 02 4d 00 00 00 01 00 00 00 00 16 80 bc 
15 00 67 02 00 11 00 00 00 f2 03 34 00 00 00 01 00 00 00 00 16 80 bc 15 00 68 02 00 11 00 00 00 
ed 03 4d 00 00 00 01 00 00 00 00 16 80 bc 15 00 69 02 00 11 00 00 00 9f 00 19 00 00 00 01 00 00 
00 00 16 80 bc 15 00 6a 02 00 11 00 00 00 f1 03 34 00 00 00 01 00 00 00 00 16 80 bc 15 00 6b 02 
00 11 00 00 00 0c 02 34 00 00 00 01 00 00 00 00 16 80 bc 15 00 6c 02 00 11 00 00 00 b7 00 4d 00 
00 00 01 00 00 00 00 
...........@.2G. ....O...........U.~..f.................U.%....................U.&..............
......U.'......w.............U......................U......................U........w...........
..U.(....................U.)......s.............U.*....................U......................U.
.......s.............U......................@....E.@......@.............U.+....................@
........E.@......@.............U......................U.,..6...7.............U....6...7.........
....U.-..t...4.............U....t...4...............e......................f........M...........
..g........4.............h........M.............i......................j........4.............k.
.......4.............l........M........

Client->GAME [16:42:50 07/18/09] packet size: 1 CRYPTED, Flags: 7f ServerSeq: 14 ClientSeq: 15
02 
.

GAME->Client [16:42:50 07/18/09] packet size: 714 CRYPTED, Flags: 7f ServerSeq: 15 ClientSeq: 13
02 03 1b 00 02 0e 01 85 2b af 32 47 00 20 8a c4 02 ae 16 c5 0b 00 02 0e 04 1d 87 a4 27 47 00 20 
8a c4 00 a3 69 c3 07 00 02 0e 01 73 dd 8b 32 47 00 20 8a c4 8c 3d 00 c5 00 00 04 02 00 c8 04 16 
80 bc 15 00 6d 02 00 11 00 00 00 f3 03 46 00 00 00 01 00 00 00 00 0b 80 bd 05 11 00 00 00 00 00 
00 00 16 80 bc 15 00 88 02 00 11 00 00 00 ab 00 0d 00 00 00 00 00 00 00 00 16 80 bc 15 00 89 02 
00 11 00 00 00 0a 02 4d 00 00 00 00 00 00 00 00 00 cc 15 16 80 bc 15 00 8a 02 00 11 00 00 00 f2 
03 34 00 00 00 00 00 00 00 00 16 80 bc 15 00 8b 02 00 11 00 00 00 ed 03 4d 00 00 00 00 00 00 00 
00 16 80 bc 15 00 8c 02 00 11 00 00 00 9f 00 19 00 00 00 00 00 00 00 00 16 80 bc 15 00 8d 02 00 
11 00 00 00 f1 03 34 00 00 00 00 00 00 00 00 16 80 bc 15 00 8e 02 00 11 00 00 00 0c 02 34 00 00 
00 00 00 00 00 00 16 80 bc 15 00 8f 02 00 11 00 00 00 b7 00 4d 00 00 00 00 00 00 00 00 16 80 bc 
15 00 90 02 00 11 00 00 00 f3 03 46 00 00 00 00 00 00 00 00 0b 80 bd 05 11 00 00 00 00 00 00 01 
17 3a 05 00 11 00 0a 00 50 76 50 53 65 72 76 65 72 00 04 00 06 00 00 00 1d 3a 05 00 17 00 10 00 
50 76 50 4d 61 78 53 61 66 65 4c 65 76 65 6c 00 04 00 0f 00 00 00 3e 3a 05 00 14 00 0d 00 57 52 
5f 52 65 7a 45 76 65 6e 74 73 00 28 00 48 61 6c 6c 6f 77 65 65 6e 5f 45 76 65 6e 74 2c 57 69 6e 
74 65 72 33 48 61 6c 6c 6f 77 65 65 6e 46 6c 79 54 53 45 43 00 1b 3a 05 00 19 00 12 00 45 76 65 
6e 74 53 6c 6f 74 31 5f 45 66 66 65 63 74 00 00 00 28 3a 05 00 19 00 12 00 45 76 65 6e 74 53 6c 
6f 74 32 5f 45 66 66 65 63 74 00 0d 00 66 6c 79 6d 61 6e 5f 69 64 6c 65 33 00 25 3a 05 00 19 00 
12 00 45 76 65 6e 74 53 6c 6f 74 33 5f 45 66 66 65 63 74 00 0a 00 66 6c 79 5f 76 69 72 75 73 00 
1f 3a 05 00 1b 00 14 00 46 69 78 65 64 42 69 6e 6b 49 44 4f 76 65 72 72 69 64 65 00 02 00 20 00 
16 80 bc 11 00 e8 01 00 00 00 00 00 cb 02 00 00 00 00 00 00 00 00 00 16 80 bc 15 00 e9 01 00 f9 
03 00 00 08 02 ec ff ff ff 00 00 00 00 00 16 80 bc 15 00 ea 01 00 f9 03 00 00 07 02 00 00 00 00 
00 00 00 00 00 16 80 bc 15 00 eb 01 00 f9 03 00 00 50 04 14 00 00 00 00 00 00 00 00 16 80 bc 15 
00 ec 01 00 f9 03 00 00 f4 03 01 00 00 00 00 00 00 00 00 16 80 bc 15 00 ed 01 00 f9 03 00 00 51 
04 00 00 00 00 00 00 00 00 00 
........+.2G. ..............'G. ....i......s..2G. ...=..............m........F..................
.......................................M.........................4......................M.......
......................................4......................4......................M...........
...........F.....................:......PvPServer........:......PvPMaxSafeLevel.......>:......WR
_RezEvents.(.Halloween_Event,Winter3HalloweenFlyTSEC..:......EventSlot1_Effect...(:......EventSl
ot2_Effect...flyman_idle3.%:......EventSlot3_Effect...fly_virus..:......FixedBinkIDOverride... .
.................................................................................P..............
...............................Q..........

Client->GAME [16:42:50 07/18/09] packet size: 1 CRYPTED, Flags: 7f ServerSeq: 15 ClientSeq: 16
02 
.

GAME->Client [16:42:51 07/18/09] packet size: 694 CRYPTED, Flags: 7f ServerSeq: 16 ClientSeq: 14
02 03 0b 00 02 0e 04 27 87 a4 27 47 00 20 8a c4 00 a3 69 c3 00 00 04 01 00 e1 1d 16 80 bc 15 00 
ee 01 00 f9 03 00 00 52 04 f6 ff ff ff 00 00 00 00 00 16 80 bc 56 00 37 02 00 ef b2 00 00 1b 04 
02 00 00 00 00 00 00 00 00 16 80 bc 56 00 38 02 00 ef b2 00 00 b4 00 20 00 00 00 00 00 00 00 00 
16 80 bc 56 00 39 02 00 ef b2 00 00 09 04 20 00 00 00 00 00 00 00 00 16 80 bc 56 00 3a 02 00 ef 
b2 00 00 77 04 01 00 00 00 00 00 00 00 00 16 80 bc 56 00 3b 02 00 ef b2 00 00 e6 03 02 00 00 00 
00 00 00 00 00 16 80 bc 56 00 3c 02 00 ef b2 00 00 b5 00 20 00 00 00 00 00 00 00 00 16 80 bc 56 
00 3d 02 00 0a 95 00 00 06 04 02 00 00 00 00 00 00 00 00 16 80 bc 56 00 3e 02 00 0a 95 00 00 b4 
00 11 00 00 00 00 00 00 00 00 16 80 bc 56 00 3f 02 00 0a 95 00 00 b5 00 11 00 00 00 00 00 00 00 
00 16 80 bc 56 00 40 02 00 0a 95 00 00 07 04 02 00 00 00 00 00 00 00 00 16 80 bc 56 00 41 02 00 
95 b7 00 00 b4 00 16 00 00 00 00 00 00 00 00 16 80 bc 56 00 42 02 00 95 b7 00 00 09 04 16 00 00 
00 00 00 00 00 00 16 80 bc 56 00 43 02 00 95 b7 00 00 9d 00 16 00 00 00 00 00 00 00 00 16 80 bc 
56 00 44 02 00 95 b7 00 00 b5 00 16 00 00 00 00 00 00 00 00 16 80 bc 56 00 45 02 00 24 b3 00 00 
89 02 02 00 00 00 00 00 00 00 00 16 80 bc 56 00 46 02 00 24 b3 00 00 1a 04 01 00 00 00 00 00 00 
00 00 16 80 bc 56 00 47 02 00 24 b3 00 00 b4 00 21 00 00 00 00 00 00 00 00 16 80 bc 56 00 48 02 
00 24 b3 00 00 09 04 21 00 00 00 00 00 00 00 00 16 80 bc 56 00 49 02 00 24 b3 00 00 15 04 02 00 
00 00 00 00 00 00 00 16 80 bc 56 00 4a 02 00 24 b3 00 00 b5 00 21 00 00 00 00 00 00 00 00 16 80 
bc 56 00 4b 02 00 95 a7 00 00 b4 00 12 00 00 00 00 00 00 00 00 16 80 bc 56 00 4c 02 00 95 a7 00 
00 b5 00 12 00 00 00 00 00 00 00 00 16 80 bc 56 00 4d 02 00 95 a7 00 00 09 04 12 00 00 00 00 00 
00 00 00 16 80 bc 56 00 4e 02 00 95 a7 00 00 70 00 0f 00 00 00 00 00 00 00 00 16 80 bc 56 00 4f 
02 00 2c b3 00 00 17 04 01 00 00 00 00 00 00 00 00 16 80 bc 56 00 50 02 00 2c b3 00 00 b4 00 21 
00 00 00 00 00 00 00 00 16 80 bc 56 00 51 02 00 2c b3 00 00 09 04 21 00 00 00 00 00 00 00 00 16 
80 bc 56 00 52 02 00 2c b3 00 00 12 04 02 00 00 00 00 00 00 00 00 
.......'..'G. ....i....................R.............V.7....................V.8........ ........
...V.9........ ...........V.:......w.............V.;....................V.<........ ...........V
.=....................V.>....................V.?....................V.@....................V.A..
..................V.B....................V.C....................V.D....................V.E..$...
..............V.F..$.................V.G..$.....!...........V.H..$.....!...........V.I..$.......
..........V.J..$.....!...........V.K....................V.L....................V.M..............
......V.N......p.............V.O..,.................V.P..,.....!...........V.Q..,.....!.........
..V.R..,..............

Client->GAME [16:42:51 07/18/09] packet size: 1 CRYPTED, Flags: 7f ServerSeq: 0 ClientSeq: 17
02 
.

GAME->Client [16:42:51 07/18/09] packet size: 712 CRYPTED, Flags: 7f ServerSeq: 17 ClientSeq: 0
82 d0 2a 30 48 03 1b 00 02 0e 05 80 09 ab 32 47 00 20 8a c4 72 c6 18 c5 0b 00 02 0c 31 87 a4 27 
47 00 20 8a c4 00 a3 69 c3 03 00 02 0c 20 ed da 32 47 00 20 8a c4 14 c4 4c c5 00 00 04 02 00 fe 
0a 16 80 bc 56 00 53 02 00 2c b3 00 00 07 04 02 00 00 00 00 00 00 00 00 16 80 bc 56 00 54 02 00 
2c b3 00 00 b5 00 21 00 00 00 00 00 00 00 00 16 80 bc 56 00 55 02 00 c3 b2 00 00 89 02 02 00 00 
00 00 00 00 00 00 16 80 bc 56 00 56 02 00 c3 b2 00 00 21 04 02 00 00 00 00 00 00 00 00 16 80 bc 
56 00 57 02 00 c3 b2 00 00 b4 00 1f 00 00 00 00 00 00 00 00 16 80 bc 56 00 58 02 00 c3 b2 00 00 
09 04 1f 00 00 00 00 00 00 00 00 16 80 bc 56 00 59 02 00 c3 b2 00 00 1e 04 01 00 00 00 00 00 00 
00 00 16 80 bc 56 00 5a 02 00 c3 b2 00 00 9d 00 1f 00 00 00 00 00 00 00 00 16 80 bc 55 00 64 02 
00 02 00 00 00 cc 00 0c 00 00 00 00 00 00 00 00 16 80 bc 55 00 6e 02 00 0b 00 00 00 37 02 96 00 
00 00 00 00 00 00 00 01 08 12 16 80 bc 55 00 6f 02 00 2d 00 00 00 23 04 0a 00 00 00 00 00 00 00 
00 16 80 bc 55 00 70 02 00 2d 00 00 00 20 04 0a 00 00 00 00 00 00 00 00 16 80 bc 55 00 71 02 00 
2d 00 00 00 19 04 05 00 00 00 00 00 00 00 00 16 80 bc 55 00 72 02 00 2d 00 00 00 42 04 05 00 00 
00 00 00 00 00 00 16 80 bc 55 00 73 02 00 34 00 00 00 83 02 c8 00 00 00 00 00 00 00 00 16 80 bc 
55 00 74 02 00 4b 00 00 00 1f 04 19 00 00 00 00 00 00 00 00 16 80 bc 55 00 75 02 00 5f 00 00 00 
7c 04 0f 00 00 00 00 00 00 00 00 16 80 bc 55 00 76 02 00 5f 00 00 00 07 04 0f 00 00 00 00 00 00 
00 00 16 80 bc 55 00 77 02 00 62 00 00 00 06 04 01 00 00 00 00 00 00 00 00 16 80 bc 55 00 78 02 
00 62 00 00 00 15 04 01 00 00 00 00 00 00 00 00 16 80 bc 55 00 79 02 00 5a 01 00 00 07 04 05 00 
00 00 00 00 00 00 00 16 80 bc 55 00 7a 02 00 5a 01 00 00 1d 04 0f 00 00 00 00 00 00 00 00 16 80 
bc 55 00 7b 02 00 64 01 00 00 1f 04 05 00 00 00 00 00 00 00 00 16 80 bc 55 00 7c 02 00 66 01 00 
00 7b 04 05 00 00 00 00 00 00 00 00 16 80 bc 55 00 7d 02 00 66 01 00 00 12 04 0a 00 00 00 00 00 
00 00 00 16 80 bc 55 00 7e 02 00 66 01 00 00 06 04 0b 00 00 00 00 00 00 00 00 16 80 bc 55 00 7f 
02 00 8e 01 00 00 03 04 05 00 00 00 00 00 00 00 00 16 80 bc 55 00 80 02 00 8e 01 00 00 12 04 0f 
00 00 00 00 00 00 00 00 
..*0H.........2G. ..r.......1..'G. ....i..... ..2G. ....L...........V.S..,.................V.T..
,.....!...........V.U....................V.V......!.............V.W....................V.X......
..............V.Y....................V.Z....................U.d....................U.n......7...
.............U.o..-...#.............U.p..-... .............U.q..-.................U.r..-...B....
.........U.s..4.................U.t..K.................U.u.._...|.............U.v.._............
.....U.w..b.................U.x..b.................U.y..Z.................U.z..Z................
.U.{..d.................U.|..f...{.............U.}..f.................U.~..f.................U..
....................U...................

Client->GAME [16:42:51 07/18/09] packet size: 1 CRYPTED, Flags: 7f ServerSeq: 1 ClientSeq: 18
02 
.

GAME->Client [16:42:51 07/18/09] packet size: 694 CRYPTED, Flags: 7f ServerSeq: 18 ClientSeq: 0
02 03 1b 00 02 0e 05 74 09 ab 32 47 00 20 8a c4 72 c6 18 c5 0b 00 02 0c 3d 87 a4 27 47 00 20 8a 
c4 00 a3 69 c3 00 00 04 01 01 1a 19 16 80 bc 55 00 81 02 00 8e 01 00 00 77 04 05 00 00 00 00 00 
00 00 00 16 80 bc 55 00 82 02 00 cd 01 00 00 e5 03 05 00 00 00 00 00 00 00 00 16 80 bc 55 00 83 
02 00 cd 01 00 00 73 04 05 00 00 00 00 00 00 00 00 16 80 bc 55 00 84 02 00 cd 01 00 00 e3 03 0f 
00 00 00 00 00 00 00 00 16 80 bc 55 00 85 02 00 d5 01 00 00 e3 03 05 00 00 00 00 00 00 00 00 16 
80 bc 55 00 86 02 00 36 02 00 00 37 02 0a 00 00 00 00 00 00 00 00 16 80 bc 55 00 87 02 00 74 02 
00 00 34 02 1e 00 00 00 00 00 00 00 00 16 80 bc 15 00 88 02 00 11 00 00 00 ab 00 0d 00 00 00 00 
00 00 00 00 16 80 bc 15 00 89 02 00 11 00 00 00 0a 02 4d 00 00 00 00 00 00 00 00 16 80 bc 15 00 
8a 02 00 11 00 00 00 f2 03 34 00 00 00 00 00 00 00 00 16 80 bc 15 00 8b 02 00 11 00 00 00 ed 03 
4d 00 00 00 00 00 00 00 00 16 80 bc 15 00 8c 02 00 11 00 00 00 9f 00 19 00 00 00 00 00 00 00 00 
16 80 bc 15 00 8d 02 00 11 00 00 00 f1 03 34 00 00 00 00 00 00 00 00 16 80 bc 15 00 8e 02 00 11 
00 00 00 0c 02 34 00 00 00 00 00 00 00 00 16 80 bc 15 00 8f 02 00 11 00 00 00 b7 00 4d 00 00 00 
00 00 00 00 00 16 80 bc 15 00 90 02 00 11 00 00 00 f3 03 46 00 00 00 00 00 00 00 00 16 80 bc 45 
03 11 00 00 02 00 00 00 11 00 32 00 00 00 00 00 00 00 00 16 80 bc 45 03 35 04 00 62 00 00 00 35 
04 00 00 00 00 00 00 00 00 00 16 80 bc 45 03 3d 04 00 43 00 00 00 3d 04 00 00 00 00 00 00 00 00 
00 16 80 bc 45 03 3e 04 00 4f 01 00 00 3e 04 00 00 00 00 00 00 00 00 00 16 80 bc 45 03 3f 04 00 
64 01 00 00 3f 04 00 00 00 00 00 00 00 00 00 16 80 bc 45 03 40 04 00 d5 01 00 00 40 04 00 00 00 
00 00 00 00 00 00 0b 80 bd 05 11 00 00 00 00 00 00 01 41 81 67 17 00 27 00 1c 22 00 c6 01 11 00 
00 00 00 00 00 00 37 00 00 08 0e 00 41 66 74 65 72 57 68 6f 72 75 4e 65 6f 00 0e 00 41 66 74 65 
72 57 68 6f 72 75 4e 65 6f 00 02 00 4d 00 00 00 00 00 00 00 41 81 67 17 00 27 00 1c 22 00 c6 01 
11 00 00 00 00 00 00 00 37 00 00 08 0e 00 41 66 74 65 72 57 68 6f 72 75 4e 65 6f 00 0e 00 41 66 
74 65 72 57 68 6f 72 75 4e 65 6f 00 02 00 4d 00 00 00 00 00 00 00 
.......t..2G. ..r.......=..'G. ....i...........U........w.............U......................U..
......s.............U......................U......................U....6...7.............U....t.
..4...............................................M......................4......................
M.............................................4......................4......................M...
...................F...........E..........2...........E.5..b...5.............E.=..C...=.........
....E.>..O...>.............E.?..d...?.............E.@......@......................A.g..'..".....
......7.....AfterWhoruNeo...AfterWhoruNeo...M.......A.g..'.."...........7.....AfterWhoruNeo...Af
terWhoruNeo...M.......

Client->GAME [16:42:51 07/18/09] packet size: 1 CRYPTED, Flags: 7f ServerSeq: 2 ClientSeq: 19
02 
.

GAME->Client [16:42:51 07/18/09] packet size: 127 CRYPTED, Flags: 7f ServerSeq: 19 ClientSeq: 1
02 03 1b 00 02 0e 05 6f 09 ab 32 47 00 20 8a c4 72 c6 18 c5 0b 00 02 0c 42 87 a4 27 47 00 20 8a 
c4 00 a3 69 c3 03 00 02 0c 21 34 f7 32 47 00 20 8a c4 b8 0d 4b c5 00 00 04 01 01 33 01 41 81 67 
17 00 27 00 1c 22 00 c6 01 11 00 00 00 00 00 00 00 37 00 00 08 0e 00 41 66 74 65 72 57 68 6f 72 
75 4e 65 6f 00 0e 00 41 66 74 65 72 57 68 6f 72 75 4e 65 6f 00 02 00 4d 00 00 00 00 00 00 00 
.......o..2G. ..r.......B..'G. ....i.....!4.2G. ....K......3.A.g..'.."...........7.....AfterWhor
uNeo...AfterWhoruNeo...M.......

Client->GAME [16:42:51 07/18/09] packet size: 1 CRYPTED, Flags: 7f ServerSeq: 3 ClientSeq: 20
02 
.

GAME->Client [16:42:51 07/18/09] packet size: 39 CRYPTED, Flags: 7f ServerSeq: 20 ClientSeq: 2
02 03 1b 00 02 0e 01 65 09 ab 32 47 00 20 8a c4 72 c6 18 c5 0b 00 02 0c 4c 87 a4 27 47 00 20 8a 
c4 00 a3 69 c3 00 00 
.......e..2G. ..r.......L..'G. ....i...

Client->GAME [16:42:51 07/18/09] packet size: 1 CRYPTED, Flags: 7f ServerSeq: 4 ClientSeq: 21
02 
.

GAME->Client [16:42:51 07/18/09] packet size: 39 CRYPTED, Flags: 7f ServerSeq: 21 ClientSeq: 4
02 03 1b 00 02 0e 01 5b da bb 32 47 00 20 8a c4 5a b4 19 c5 0b 00 02 0c 56 87 a4 27 47 00 20 8a 
c4 00 a3 69 c3 00 00 
.......[..2G. ..Z.......V..'G. ....i...

Client->GAME [16:42:51 07/18/09] packet size: 1 CRYPTED, Flags: 7f ServerSeq: 5 ClientSeq: 22
02 
.

GAME->Client [16:42:51 07/18/09] packet size: 39 CRYPTED, Flags: 7f ServerSeq: 22 ClientSeq: 5
02 03 1b 00 02 0c 54 74 cf 32 47 00 20 8a c4 06 66 1a c5 0b 00 02 0e 00 60 87 a4 27 47 00 20 8a 
c4 00 a3 69 c3 00 00 
......Tt.2G. ...f.......`..'G. ....i...

Client->GAME [16:42:51 07/18/09] packet size: 1 CRYPTED, Flags: 7f ServerSeq: 6 ClientSeq: 23
02 
.

GAME->Client [16:42:51 07/18/09] packet size: 71 CRYPTED, Flags: 7f ServerSeq: 23 ClientSeq: 6
02 03 1b 00 02 0c 54 44 e3 32 47 00 20 8a c4 70 0f 1b c5 0b 00 02 0e 00 69 87 a4 27 47 00 20 8a 
c4 00 a3 69 c3 07 00 02 08 8f c2 32 47 00 20 8a c4 aa 96 0a c5 03 00 02 08 9d 37 33 47 00 20 8a 
c4 2a 20 47 c5 00 00 
......TD.2G. ..p........i..'G. ....i.......2G. ...........73G. ..* G...

Client->GAME [16:42:51 07/18/09] packet size: 1 CRYPTED, Flags: 7f ServerSeq: 7 ClientSeq: 24
02 
.

GAME->Client [16:42:52 07/18/09] packet size: 21 CRYPTED, Flags: 7f ServerSeq: 24 ClientSeq: 8
02 03 1b 00 02 0c 53 65 21 33 47 00 20 8a c4 cc 1d 1d c5 00 00 
......Se!3G. ........

Client->GAME [16:42:52 07/18/09] packet size: 1 CRYPTED, Flags: 7f ServerSeq: 8 ClientSeq: 25
02 
.

Client->GAME [16:42:52 07/18/09] packet size: 63 CRYPTED, Flags: 7f ServerSeq: 8 ClientSeq: 26
02 04 01 00 0b 03 12 80 c9 07 00 40 13 00 dc 82 47 00 c0 94 c4 00 30 f2 c6 12 80 c9 0d 00 90 0d 
00 e8 7d 47 00 c0 94 c4 00 60 6a c6 12 80 c9 0e 00 90 0d 00 e8 7d 47 00 c0 94 c4 00 00 7a c4 
...........@....G.....0...........}G.....`j..........}G......z.

GAME->Client [16:42:52 07/18/09] packet size: 42 CRYPTED, Flags: 7f ServerSeq: 25 ClientSeq: 9
82 38 2b 30 48 03 1b 00 02 0c 54 aa 73 33 47 00 20 8a c4 1a cd 1f c5 03 00 02 0c 20 36 ac 33 47 
00 20 8a c4 36 ff 3f c5 00 00 
.8+0H.....T.s3G. .......... 6.3G. ..6.?...

GAME->Client [16:42:52 07/18/09] packet size: 54 CRYPTED, Flags: 7f ServerSeq: 26 ClientSeq: 9
02 03 1b 00 02 0c 54 a2 87 33 47 00 20 8a c4 d8 72 20 c5 07 00 02 08 c9 fc 32 47 00 20 8a c4 aa 
9a 15 c5 03 00 02 0c 20 50 bc 33 47 00 20 8a c4 dc 03 3f c5 00 00 
......T..3G. ...r .......2G. .......... P.3G. ....?...

Client->GAME [16:42:52 07/18/09] packet size: 1 CRYPTED, Flags: 7f ServerSeq: 9 ClientSeq: 27
02 
.

Client->GAME [16:42:52 07/18/09] packet size: 1 CRYPTED, Flags: 7f ServerSeq: 10 ClientSeq: 28
02 
.

GAME->Client [16:42:52 07/18/09] packet size: 1 CRYPTED, Flags: 7f ServerSeq: 27 ClientSeq: 10
02 
.

Client->GAME [16:42:52 07/18/09] packet size: 101 CRYPTED, Flags: 7f ServerSeq: 10 ClientSeq: 29
02 04 01 00 0e 05 12 80 c9 07 00 e0 04 00 28 20 47 00 80 13 c4 00 30 f2 46 12 80 c9 1b 00 e0 07 
00 f8 27 47 00 80 13 c4 00 d0 84 46 12 80 c9 07 00 a0 15 00 18 76 47 00 80 13 c4 00 d0 84 46 12 
80 c9 5c 00 a0 15 00 68 3f 47 00 00 20 41 00 90 e2 46 12 80 c9 69 00 a0 15 00 68 3f 47 00 80 13 
c4 00 d0 84 46 
..............( G.....0.F.........'G.......F.........vG.......F...\....h?G.. A...F...i....h?G...
....F

