Client->GAME [16:41:05 07/18/09] packet size: 25 CRYPTED, Flags: 7f ServerSeq: 517 ClientSeq: 455
02 04 01 00 36 01 12 81 8e 4b 00 00 00 01 00 00 00 07 00 00 00 03 00 00 00 
....6....K...............

GAME->Client [16:41:05 07/18/09] packet size: 73 CRYPTED, Flags: 7f ServerSeq: 630 ClientSeq: 262
02 03 3d 00 02 0c 10 e2 05 79 c7 00 20 8a c4 1a 67 62 c7 23 00 02 0e 01 3d 0b b6 69 c7 00 80 fc 
c3 22 d4 5d c7 21 00 02 0c 2a 8b 05 6b c7 00 80 fc c3 bc 9d 5b c7 13 00 02 0c b0 f0 45 6b c7 00 
80 fc c3 92 e1 5b c7 00 00 
..=......y.. ...gb.#....=..i.....".].!...*..k.......[.......Ek.......[...

GAME->Client [16:41:05 07/18/09] packet size: 167 CRYPTED, Flags: 7f ServerSeq: 631 ClientSeq: 262
02 03 3d 00 02 0c 1a e2 05 79 c7 00 20 8a c4 1a 67 62 c7 35 00 02 2c 00 40 00 00 00 10 09 46 8f 
82 c7 00 20 8a c4 f8 53 5d c7 2f 00 02 2a 00 40 00 00 00 10 01 21 a2 72 c7 00 80 fc c3 00 32 72 
c7 23 00 02 0e 01 3c ab 9f 69 c7 00 80 fc c3 ee d1 5d c7 21 00 02 0c 29 8c f2 6a c7 00 80 fc c3 
b4 91 5b c7 19 00 02 28 00 40 00 00 00 10 e2 36 87 c7 00 00 be 42 0c 99 51 c7 15 00 02 2a 02 81 
00 8c 2e 00 35 00 e5 00 00 29 9b 81 c7 00 20 8a c4 e5 83 5e c7 06 00 02 08 d2 42 86 c7 00 00 be 
42 26 83 50 c7 00 00 
..=......y.. ...gb.5..,.@.....F.... ...S]./..*.@.....!.r......2r.#....<..i.......].!...)..j.....
..[....(.@.....6.....B..Q....*......5....).... ....^......B.....B&.P...

Client->GAME [16:41:05 07/18/09] packet size: 1 CRYPTED, Flags: 7f ServerSeq: 519 ClientSeq: 457
02 
.

GAME->Client [16:41:05 07/18/09] packet size: 696 CRYPTED, Flags: 7f ServerSeq: 632 ClientSeq: 264
02 04 01 01 ab 1e 16 80 bc 56 00 47 00 00 ef b2 00 00 1b 04 02 00 00 00 01 00 00 00 00 16 80 bc 
56 00 48 00 00 ef b2 00 00 b4 00 20 00 00 00 01 00 00 00 00 16 80 bc 56 00 49 00 00 ef b2 00 00 
09 04 20 00 00 00 01 00 00 00 00 16 80 bc 56 00 4a 00 00 ef b2 00 00 77 04 01 00 00 00 01 00 00 
00 00 16 80 bc 56 00 4b 00 00 ef b2 00 00 e6 03 02 00 00 00 01 00 00 00 00 16 80 bc 56 00 4c 00 
00 ef b2 00 00 b5 00 20 00 00 00 01 00 00 00 00 16 80 bc 56 00 4d 00 00 0a 95 00 00 06 04 02 00 
00 00 01 00 00 00 00 16 80 bc 56 00 4e 00 00 0a 95 00 00 b4 00 11 00 00 00 01 00 00 00 00 16 80 
bc 56 00 4f 00 00 0a 95 00 00 b5 00 11 00 00 00 01 00 00 00 00 16 80 bc 56 00 50 00 00 0a 95 00 
00 07 04 02 00 00 00 01 00 00 00 00 16 80 bc 56 00 51 00 00 95 b7 00 00 b4 00 16 00 00 00 01 00 
00 00 00 16 80 bc 56 00 52 00 00 95 b7 00 00 09 04 16 00 00 00 01 00 00 00 00 16 80 bc 56 00 53 
00 00 95 b7 00 00 9d 00 16 00 00 00 01 00 00 00 00 16 80 bc 56 00 54 00 00 95 b7 00 00 b5 00 16 
00 00 00 01 00 00 00 00 16 80 bc 56 00 55 00 00 24 b3 00 00 89 02 02 00 00 00 01 00 00 00 00 16 
80 bc 56 00 56 00 00 24 b3 00 00 1a 04 01 00 00 00 01 00 00 00 00 16 80 bc 56 00 57 00 00 24 b3 
00 00 b4 00 21 00 00 00 01 00 00 00 00 16 80 bc 56 00 58 00 00 24 b3 00 00 09 04 21 00 00 00 01 
00 00 00 00 16 80 bc 56 00 59 00 00 24 b3 00 00 15 04 02 00 00 00 01 00 00 00 00 16 80 bc 56 00 
5a 00 00 24 b3 00 00 b5 00 21 00 00 00 01 00 00 00 00 16 80 bc 56 00 5b 00 00 95 a7 00 00 b4 00 
12 00 00 00 01 00 00 00 00 16 80 bc 56 00 5c 00 00 95 a7 00 00 b5 00 12 00 00 00 01 00 00 00 00 
16 80 bc 56 00 5d 00 00 95 a7 00 00 09 04 12 00 00 00 01 00 00 00 00 16 80 bc 56 00 5e 00 00 95 
a7 00 00 70 00 0f 00 00 00 01 00 00 00 00 16 80 bc 56 00 5f 00 00 2c b3 00 00 17 04 01 00 00 00 
01 00 00 00 00 16 80 bc 56 00 60 00 00 2c b3 00 00 b4 00 21 00 00 00 01 00 00 00 00 16 80 bc 56 
00 61 00 00 2c b3 00 00 09 04 21 00 00 00 01 00 00 00 00 16 80 bc 56 00 62 00 00 2c b3 00 00 12 
04 02 00 00 00 01 00 00 00 00 16 80 bc 56 00 63 00 00 2c b3 00 00 07 04 02 00 00 00 01 00 00 00 
00 16 80 bc 56 00 64 00 00 2c b3 00 00 b5 00 21 00 00 00 01 00 00 00 00 
.........V.G....................V.H........ ...........V.I........ ...........V.J......w........
.....V.K....................V.L........ ...........V.M....................V.N...................
.V.O....................V.P....................V.Q....................V.R....................V.S
....................V.T....................V.U..$.................V.V..$.................V.W..$.
....!...........V.X..$.....!...........V.Y..$.................V.Z..$.....!...........V.[........
............V.\....................V.]....................V.^......p.............V._..,.........
........V.`..,.....!...........V.a..,.....!...........V.b..,.................V.c..,.............
....V.d..,.....!........

Client->GAME [16:41:05 07/18/09] packet size: 1 CRYPTED, Flags: 7f ServerSeq: 520 ClientSeq: 458
02 
.

GAME->Client [16:41:05 07/18/09] packet size: 700 CRYPTED, Flags: 7f ServerSeq: 633 ClientSeq: 264
82 28 11 30 48 04 01 01 c9 1e 16 80 bc 56 00 65 00 00 c3 b2 00 00 89 02 02 00 00 00 01 00 00 00 
00 16 80 bc 56 00 66 00 00 c3 b2 00 00 21 04 02 00 00 00 01 00 00 00 00 16 80 bc 56 00 67 00 00 
c3 b2 00 00 b4 00 1f 00 00 00 01 00 00 00 00 16 80 bc 56 00 68 00 00 c3 b2 00 00 09 04 1f 00 00 
00 01 00 00 00 00 16 80 bc 56 00 69 00 00 c3 b2 00 00 1e 04 01 00 00 00 01 00 00 00 00 16 80 bc 
56 00 6a 00 00 c3 b2 00 00 9d 00 1f 00 00 00 01 00 00 00 00 16 80 bc 55 00 6b 00 00 02 00 00 00 
cc 00 0c 00 00 00 01 00 00 00 00 16 80 bc 55 00 6c 00 00 0b 00 00 00 37 02 96 00 00 00 01 00 00 
00 00 16 80 bc 55 00 6d 00 00 2d 00 00 00 23 04 0a 00 00 00 01 00 00 00 00 16 80 bc 55 00 6e 00 
00 2d 00 00 00 20 04 0a 00 00 00 01 00 00 00 00 16 80 bc 55 00 6f 00 00 2d 00 00 00 19 04 05 00 
00 00 01 00 00 00 00 16 80 bc 55 00 70 00 00 2d 00 00 00 42 04 05 00 00 00 01 00 00 00 00 16 80 
bc 55 00 71 00 00 34 00 00 00 83 02 c8 00 00 00 01 00 00 00 00 16 80 bc 55 00 72 00 00 4b 00 00 
00 1f 04 19 00 00 00 01 00 00 00 00 16 80 bc 55 00 73 00 00 5f 00 00 00 7c 04 0f 00 00 00 01 00 
00 00 00 16 80 bc 55 00 74 00 00 5f 00 00 00 07 04 0f 00 00 00 01 00 00 00 00 16 80 bc 55 00 75 
00 00 62 00 00 00 06 04 01 00 00 00 01 00 00 00 00 16 80 bc 55 00 76 00 00 62 00 00 00 15 04 01 
00 00 00 01 00 00 00 00 16 80 bc 55 00 77 00 00 5a 01 00 00 07 04 05 00 00 00 01 00 00 00 00 16 
80 bc 55 00 78 00 00 5a 01 00 00 1d 04 0f 00 00 00 01 00 00 00 00 16 80 bc 55 00 79 00 00 64 01 
00 00 1f 04 05 00 00 00 01 00 00 00 00 16 80 bc 55 00 7a 00 00 66 01 00 00 7b 04 05 00 00 00 01 
00 00 00 00 16 80 bc 55 00 7b 00 00 66 01 00 00 12 04 0a 00 00 00 01 00 00 00 00 16 80 bc 55 00 
7c 00 00 66 01 00 00 06 04 0b 00 00 00 01 00 00 00 00 16 80 bc 55 00 7d 00 00 8e 01 00 00 03 04 
05 00 00 00 01 00 00 00 00 16 80 bc 55 00 7e 00 00 8e 01 00 00 12 04 0f 00 00 00 01 00 00 00 00 
16 80 bc 55 00 7f 00 00 8e 01 00 00 77 04 05 00 00 00 01 00 00 00 00 16 80 bc 55 00 80 00 00 cd 
01 00 00 e5 03 05 00 00 00 01 00 00 00 00 16 80 bc 55 00 81 00 00 cd 01 00 00 73 04 05 00 00 00 
01 00 00 00 00 16 80 bc 55 00 82 00 00 cd 01 00 00 e3 03 0f 00 00 00 01 00 00 00 00 
.(.0H........V.e....................V.f......!.............V.g....................V.h...........
.........V.i....................V.j....................U.k....................U.l......7........
.....U.m..-...#.............U.n..-... .............U.o..-.................U.p..-...B............
.U.q..4.................U.r..K.................U.s.._...|.............U.t.._.................U.u
..b.................U.v..b.................U.w..Z.................U.x..Z.................U.y..d.
................U.z..f...{.............U.{..f.................U.|..f.................U.}........
............U.~....................U........w.............U......................U........s.....
........U...................

GAME->Client [16:41:06 07/18/09] packet size: 700 CRYPTED, Flags: 7f ServerSeq: 634 ClientSeq: 265
02 04 02 01 e7 03 16 80 bc 55 00 83 00 00 d5 01 00 00 e3 03 05 00 00 00 01 00 00 00 00 16 80 bc 
55 00 84 00 00 36 02 00 00 37 02 0a 00 00 00 01 00 00 00 00 16 80 bc 55 00 85 00 00 74 02 00 00 
34 02 1e 00 00 00 01 00 00 00 00 01 ea 1c 16 80 bc 15 00 86 00 00 11 00 00 00 ab 00 0d 00 00 00 
01 00 00 00 00 16 80 bc 15 00 87 00 00 11 00 00 00 0a 02 4d 00 00 00 01 00 00 00 00 16 80 bc 15 
00 88 00 00 11 00 00 00 f2 03 34 00 00 00 01 00 00 00 00 16 80 bc 15 00 89 00 00 11 00 00 00 ed 
03 4d 00 00 00 01 00 00 00 00 16 80 bc 15 00 8a 00 00 11 00 00 00 9f 00 19 00 00 00 01 00 00 00 
00 16 80 bc 15 00 8b 00 00 11 00 00 00 f1 03 34 00 00 00 01 00 00 00 00 16 80 bc 15 00 8c 00 00 
11 00 00 00 0c 02 34 00 00 00 01 00 00 00 00 16 80 bc 15 00 8d 00 00 11 00 00 00 b7 00 4d 00 00 
00 01 00 00 00 00 16 80 bc 15 00 8e 00 00 11 00 00 00 f3 03 46 00 00 00 01 00 00 00 00 16 80 bc 
11 00 8f 00 00 00 00 00 00 cb 02 00 00 00 00 01 00 00 00 00 16 80 bc 15 00 90 00 00 f9 03 00 00 
08 02 ec ff ff ff 01 00 00 00 00 16 80 bc 15 00 91 00 00 f9 03 00 00 07 02 00 00 00 00 01 00 00 
00 00 16 80 bc 15 00 92 00 00 f9 03 00 00 50 04 14 00 00 00 01 00 00 00 00 16 80 bc 15 00 93 00 
00 f9 03 00 00 f4 03 01 00 00 00 01 00 00 00 00 16 80 bc 15 00 94 00 00 f9 03 00 00 51 04 00 00 
00 00 01 00 00 00 00 16 80 bc 15 00 95 00 00 f9 03 00 00 52 04 f6 ff ff ff 01 00 00 00 00 0b 80 
bd 05 11 00 00 00 00 00 00 00 16 80 bc 15 00 96 00 00 11 00 00 00 ab 00 0c 00 00 00 00 00 00 00 
00 16 80 bc 15 00 97 00 00 11 00 00 00 0a 02 4b 00 00 00 00 00 00 00 00 16 80 bc 15 00 98 00 00 
11 00 00 00 f2 03 31 00 00 00 00 00 00 00 00 16 80 bc 15 00 99 00 00 11 00 00 00 ed 03 4b 00 00 
00 00 00 00 00 00 16 80 bc 15 00 9a 00 00 11 00 00 00 9f 00 19 00 00 00 00 00 00 00 00 16 80 bc 
15 00 9b 00 00 11 00 00 00 f1 03 31 00 00 00 00 00 00 00 00 16 80 bc 15 00 9c 00 00 11 00 00 00 
0c 02 34 00 00 00 00 00 00 00 00 16 80 bc 15 00 9d 00 00 11 00 00 00 b7 00 46 00 00 00 00 00 00 
00 00 16 80 bc 15 00 9e 00 00 11 00 00 00 f3 03 46 00 00 00 00 00 00 00 00 0b 80 bd 05 11 00 00 
00 00 00 00 01 16 80 bc 15 00 96 00 00 11 00 00 00 ab 00 0c 00 00 00 01 00 00 00 00 
.........U......................U....6...7.............U....t...4...............................
...................M......................4......................M..............................
...............4......................4......................M......................F...........
..............................................................................P.................
............................Q......................R............................................
...............K......................1......................K..................................
...........1......................4......................F......................F...............
............................

Client->GAME [16:41:06 07/18/09] packet size: 1 CRYPTED, Flags: 7f ServerSeq: 521 ClientSeq: 459
02 
.

GAME->Client [16:41:06 07/18/09] packet size: 373 CRYPTED, Flags: 7f ServerSeq: 635 ClientSeq: 266
02 04 01 02 06 16 16 80 bc 15 00 97 00 00 11 00 00 00 0a 02 4b 00 00 00 01 00 00 00 00 16 80 bc 
15 00 98 00 00 11 00 00 00 f2 03 31 00 00 00 01 00 00 00 00 16 80 bc 15 00 99 00 00 11 00 00 00 
ed 03 4b 00 00 00 01 00 00 00 00 16 80 bc 15 00 9a 00 00 11 00 00 00 9f 00 19 00 00 00 01 00 00 
00 00 16 80 bc 15 00 9b 00 00 11 00 00 00 f1 03 31 00 00 00 01 00 00 00 00 16 80 bc 15 00 9c 00 
00 11 00 00 00 0c 02 34 00 00 00 01 00 00 00 00 16 80 bc 15 00 9d 00 00 11 00 00 00 b7 00 46 00 
00 00 01 00 00 00 00 16 80 bc 15 00 9e 00 00 11 00 00 00 f3 03 46 00 00 00 01 00 00 00 00 0b 80 
bd 05 11 00 00 00 00 00 00 00 04 80 b3 11 00 16 80 bc 45 03 11 00 00 02 00 00 00 11 00 32 00 00 
00 01 00 00 00 00 04 80 b3 35 04 16 80 bc 45 03 35 04 00 62 00 00 00 35 04 00 00 00 00 01 00 00 
00 00 04 80 b3 3d 04 16 80 bc 45 03 3d 04 00 43 00 00 00 3d 04 00 00 00 00 01 00 00 00 00 04 80 
b3 3e 04 16 80 bc 45 03 3e 04 00 4f 01 00 00 3e 04 00 00 00 00 01 00 00 00 00 04 80 b3 3f 04 16 
80 bc 45 03 3f 04 00 64 01 00 00 3f 04 00 00 00 00 01 00 00 00 00 04 80 b3 40 04 16 80 bc 45 03 
40 04 00 d5 01 00 00 40 04 00 00 00 00 01 00 00 00 00 02 81 07 
....................K......................1......................K.............................
................1......................4......................F......................F..........
..................E..........2...........5....E.5..b...5.............=....E.=..C...=............
.>....E.>..O...>.............?....E.?..d...?.............@....E.@......@.............

Client->GAME [16:41:06 07/18/09] packet size: 1 CRYPTED, Flags: 7f ServerSeq: 522 ClientSeq: 460
02 
.

Client->GAME [16:41:06 07/18/09] packet size: 13 CRYPTED, Flags: 7f ServerSeq: 523 ClientSeq: 461
02 04 01 00 37 01 06 81 08 00 00 00 00 
....7........

GAME->Client [16:41:06 07/18/09] packet size: 1 CRYPTED, Flags: 7f ServerSeq: 636 ClientSeq: 269
02 
.

GAME->Client [16:41:07 07/18/09] packet size: 1 CRYPTED, Flags: 7f ServerSeq: 637 ClientSeq: 269
42 
B

GAME->Client [16:41:07 07/18/09] packet size: 5 CRYPTED, Flags: 7f ServerSeq: 638 ClientSeq: 269
c2 7c 11 30 48 
.|.0H

Client->GAME [16:41:07 07/18/09] packet size: 1 CRYPTED, Flags: 7f ServerSeq: 526 ClientSeq: 462
02 
.

GAME->Client [16:41:07 07/18/09] packet size: 1 CRYPTED, Flags: 7f ServerSeq: 639 ClientSeq: 269
42 
B

GAME->Client [16:41:07 07/18/09] packet size: 1 CRYPTED, Flags: 7f ServerSeq: 640 ClientSeq: 269
42 
B

Client->GAME [16:41:07 07/18/09] packet size: 1 CRYPTED, Flags: 7f ServerSeq: 512 ClientSeq: 463
42 
B

GAME->Client [16:41:07 07/18/09] packet size: 1 CRYPTED, Flags: 7f ServerSeq: 641 ClientSeq: 270
42 
B

GAME->Client [16:41:07 07/18/09] packet size: 1 CRYPTED, Flags: 7f ServerSeq: 642 ClientSeq: 270
42 
B

Client->GAME [16:41:08 07/18/09] packet size: 13 CRYPTED, Flags: 0 ServerSeq: 0 ClientSeq: 1
22 04 01 00 00 01 06 81 51 00 00 00 00 
".......Q....

GAME->Client [16:41:08 07/18/09] packet size: 72 CRYPTED, Flags: 0 ServerSeq: 2 ClientSeq: 0
02 04 01 00 03 01 41 81 67 17 00 27 00 1c 22 00 c6 01 11 00 00 00 00 00 00 00 37 00 00 08 0e 00 
41 66 74 65 72 57 68 6f 72 75 4e 65 6f 00 0e 00 41 66 74 65 72 57 68 6f 72 75 4e 65 6f 00 02 00 
4b 00 00 00 00 00 00 00 
......A.g..'.."...........7.....AfterWhoruNeo...AfterWhoruNeo...K.......

Client->GAME [16:41:08 07/18/09] packet size: 1 CRYPTED, Flags: 2 ServerSeq: 2 ClientSeq: 2
02 
.

GAME->Client [16:41:08 07/18/09] packet size: 137 CRYPTED, Flags: 3 ServerSeq: 3 ClientSeq: 2
02 04 01 00 00 03 6c 06 0e 00 03 00 00 00 05 11 30 48 01 42 00 32 00 72 65 73 6f 75 72 63 65 2f 
77 6f 72 6c 64 73 2f 66 69 6e 61 6c 5f 77 6f 72 6c 64 2f 69 6e 74 65 72 6e 61 74 69 6f 6e 61 6c 
2f 69 74 2e 6d 65 74 72 00 28 00 48 61 6c 6c 6f 77 65 65 6e 5f 45 76 65 6e 74 2c 57 69 6e 74 65 
72 33 48 61 6c 6c 6f 77 65 65 6e 46 6c 79 54 53 45 43 00 0a 80 e5 e7 cb c0 12 00 00 00 00 0a 80 
e4 b5 18 7b 00 00 00 00 00 
......l.........0H.B.2.resource/worlds/final_world/international/it.metr.(.Halloween_Event,Winte
r3HalloweenFlyTSEC.................{.....

Client->GAME [16:41:08 07/18/09] packet size: 6 CRYPTED, Flags: 5 ServerSeq: 3 ClientSeq: 3
02 05 02 0c 00 00 
......

GAME->Client [16:41:08 07/18/09] packet size: 1 CRYPTED, Flags: 7 ServerSeq: 4 ClientSeq: 3
02 
.

Client->GAME [16:41:09 07/18/09] packet size: 8 CRYPTED, Flags: 5 ServerSeq: 3 ClientSeq: 4
02 04 01 00 01 01 01 05 
........

GAME->Client [16:41:09 07/18/09] packet size: 223 CRYPTED, Flags: f ServerSeq: 5 ClientSeq: 4
82 70 11 30 48 03 01 00 0c 0c 00 0b cd ab 1c 8b 81 ff 71 02 00 00 41 6e 64 65 72 73 6f 6e 00 00 
00 00 00 00 00 00 00 00 00 00 00 00 00 00 00 00 00 00 00 00 00 00 90 54 68 6f 6d 61 73 00 00 00 
00 00 00 00 00 00 00 00 00 00 00 00 00 00 00 00 00 00 00 00 00 00 00 80 d8 28 0a 0c 00 00 00 01 
8e 81 ff f7 00 31 5e 00 00 c6 67 00 41 66 74 65 72 57 68 6f 72 75 4e 65 6f 00 00 00 00 00 00 00 
00 00 00 00 00 00 00 00 00 00 00 00 28 0a fd 64 01 00 00 67 00 75 d4 01 00 4b b1 00 00 04 80 23 
1a e9 88 80 b0 04 00 02 8e 00 00 00 f7 00 9d 00 00 00 00 00 e6 e4 40 00 00 00 00 00 44 91 c0 00 
00 00 00 00 26 b6 c0 81 ff 32 22 80 89 3e d7 bd 0a 80 1c 01 11 00 00 00 67 00 02 00 00 00 00 
.p.0H.............q...Anderson.........................Thomas............................(......
.....1^...g.AfterWhoruNeo...................(..d...g.u...K.....#......................@.....D...
....&....2"..>..........g......

GAME->Client [16:41:11 07/18/09] packet size: 219 CRYPTED, Flags: f ServerSeq: 6 ClientSeq: 4
02 03 01 00 0c 0c 00 0b cd ab 1c 8b 81 ff 71 02 00 00 41 6e 64 65 72 73 6f 6e 00 00 00 00 00 00 
00 00 00 00 00 00 00 00 00 00 00 00 00 00 00 00 00 00 90 54 68 6f 6d 61 73 00 00 00 00 00 00 00 
00 00 00 00 00 00 00 00 00 00 00 00 00 00 00 00 00 00 00 80 d8 28 0a 0c 00 00 00 01 8e 81 ff f7 
00 31 5e 00 00 c6 67 00 41 66 74 65 72 57 68 6f 72 75 4e 65 6f 00 00 00 00 00 00 00 00 00 00 00 
00 00 00 00 00 00 00 00 28 0a fd 64 01 00 00 67 00 75 d4 01 00 4b b1 00 00 04 80 23 1a e9 88 80 
b0 04 00 02 8e 00 00 00 f7 00 9d 00 00 00 00 00 e6 e4 40 00 00 00 00 00 44 91 c0 00 00 00 00 00 
26 b6 c0 81 ff 32 22 80 89 3e d7 bd 0a 80 1c 01 11 00 00 00 67 00 02 00 00 00 00 
..............q...Anderson.........................Thomas............................(..........
.1^...g.AfterWhoruNeo...................(..d...g.u...K.....#......................@.....D.......
&....2"..>..........g......

GAME->Client [16:41:12 07/18/09] packet size: 223 CRYPTED, Flags: f ServerSeq: 7 ClientSeq: 4
82 40 12 30 48 03 01 00 0c 0c 00 0b cd ab 1c 8b 81 ff 71 02 00 00 41 6e 64 65 72 73 6f 6e 00 00 
00 00 00 00 00 00 00 00 00 00 00 00 00 00 00 00 00 00 00 00 00 00 90 54 68 6f 6d 61 73 00 00 00 
00 00 00 00 00 00 00 00 00 00 00 00 00 00 00 00 00 00 00 00 00 00 00 80 d8 28 0a 0c 00 00 00 01 
8e 81 ff f7 00 31 5e 00 00 c6 67 00 41 66 74 65 72 57 68 6f 72 75 4e 65 6f 00 00 00 00 00 00 00 
00 00 00 00 00 00 00 00 00 00 00 00 28 0a fd 64 01 00 00 67 00 75 d4 01 00 4b b1 00 00 04 80 23 
1a e9 88 80 b0 04 00 02 8e 00 00 00 f7 00 9d 00 00 00 00 00 e6 e4 40 00 00 00 00 00 44 91 c0 00 
00 00 00 00 26 b6 c0 81 ff 32 22 80 89 3e d7 bd 0a 80 1c 01 11 00 00 00 67 00 02 00 00 00 00 
.@.0H.............q...Anderson.........................Thomas............................(......
.....1^...g.AfterWhoruNeo...................(..d...g.u...K.....#......................@.....D...
....&....2"..>..........g......

Client->GAME [16:41:12 07/18/09] packet size: 55 CRYPTED, Flags: 17 ServerSeq: 5 ClientSeq: 5
02 03 02 00 02 60 08 41 6e 64 65 72 73 6f 6e 06 54 68 6f 6d 61 73 00 00 04 01 00 02 05 02 80 be 
07 3f 6b 00 00 00 00 00 08 3e 6b 00 10 00 00 00 00 02 81 48 02 0c 01 
.....`.Anderson.Thomas...........?k......>k........H...

Client->GAME [16:41:12 07/18/09] packet size: 1 CRYPTED, Flags: 5f ServerSeq: 7 ClientSeq: 6
02 
.

GAME->Client [16:41:12 07/18/09] packet size: 696 CRYPTED, Flags: 1f ServerSeq: 8 ClientSeq: 5
02 04 01 00 04 1e 16 80 bc 56 00 96 00 00 ef b2 00 00 1b 04 02 00 00 00 00 00 00 00 00 16 80 bc 
56 00 97 00 00 ef b2 00 00 b4 00 20 00 00 00 00 00 00 00 00 16 80 bc 56 00 98 00 00 ef b2 00 00 
09 04 20 00 00 00 00 00 00 00 00 16 80 bc 56 00 99 00 00 ef b2 00 00 77 04 01 00 00 00 00 00 00 
00 00 16 80 bc 56 00 9a 00 00 ef b2 00 00 e6 03 02 00 00 00 00 00 00 00 00 16 80 bc 56 00 9b 00 
00 ef b2 00 00 b5 00 20 00 00 00 00 00 00 00 00 16 80 bc 56 00 9c 00 00 0a 95 00 00 06 04 02 00 
00 00 00 00 00 00 00 16 80 bc 56 00 9d 00 00 0a 95 00 00 b4 00 11 00 00 00 00 00 00 00 00 16 80 
bc 56 00 9e 00 00 0a 95 00 00 b5 00 11 00 00 00 00 00 00 00 00 16 80 bc 56 00 9f 00 00 0a 95 00 
00 07 04 02 00 00 00 00 00 00 00 00 16 80 bc 56 00 a0 00 00 95 b7 00 00 b4 00 16 00 00 00 00 00 
00 00 00 16 80 bc 56 00 a1 00 00 95 b7 00 00 09 04 16 00 00 00 00 00 00 00 00 16 80 bc 56 00 a2 
00 00 95 b7 00 00 9d 00 16 00 00 00 00 00 00 00 00 16 80 bc 56 00 a3 00 00 95 b7 00 00 b5 00 16 
00 00 00 00 00 00 00 00 16 80 bc 56 00 a4 00 00 24 b3 00 00 89 02 02 00 00 00 00 00 00 00 00 16 
80 bc 56 00 a5 00 00 24 b3 00 00 1a 04 01 00 00 00 00 00 00 00 00 16 80 bc 56 00 a6 00 00 24 b3 
00 00 b4 00 21 00 00 00 00 00 00 00 00 16 80 bc 56 00 a7 00 00 24 b3 00 00 09 04 21 00 00 00 00 
00 00 00 00 16 80 bc 56 00 a8 00 00 24 b3 00 00 15 04 02 00 00 00 00 00 00 00 00 16 80 bc 56 00 
a9 00 00 24 b3 00 00 b5 00 21 00 00 00 00 00 00 00 00 16 80 bc 56 00 aa 00 00 95 a7 00 00 b4 00 
12 00 00 00 00 00 00 00 00 16 80 bc 56 00 ab 00 00 95 a7 00 00 b5 00 12 00 00 00 00 00 00 00 00 
16 80 bc 56 00 ac 00 00 95 a7 00 00 09 04 12 00 00 00 00 00 00 00 00 16 80 bc 56 00 ad 00 00 95 
a7 00 00 70 00 0f 00 00 00 00 00 00 00 00 16 80 bc 56 00 ae 00 00 2c b3 00 00 17 04 01 00 00 00 
00 00 00 00 00 16 80 bc 56 00 af 00 00 2c b3 00 00 b4 00 21 00 00 00 00 00 00 00 00 16 80 bc 56 
00 b0 00 00 2c b3 00 00 09 04 21 00 00 00 00 00 00 00 00 16 80 bc 56 00 b1 00 00 2c b3 00 00 12 
04 02 00 00 00 00 00 00 00 00 16 80 bc 56 00 b2 00 00 2c b3 00 00 07 04 02 00 00 00 00 00 00 00 
00 16 80 bc 56 00 b3 00 00 2c b3 00 00 b5 00 21 00 00 00 00 00 00 00 00 
.........V......................V.......... ...........V.......... ...........V........w........
.....V......................V.......... ...........V......................V.....................
.V......................V......................V......................V......................V..
....................V......................V....$.................V....$.................V....$.
....!...........V....$.....!...........V....$.................V....$.....!...........V..........
............V......................V......................V........p.............V....,.........
........V....,.....!...........V....,.....!...........V....,.................V....,.............
....V....,.....!........

Client->GAME [16:41:12 07/18/09] packet size: 1 CRYPTED, Flags: 3f ServerSeq: 8 ClientSeq: 7
02 
.

GAME->Client [16:41:12 07/18/09] packet size: 696 CRYPTED, Flags: 3f ServerSeq: 9 ClientSeq: 6
02 04 01 00 22 1e 16 80 bc 56 00 b4 00 00 c3 b2 00 00 89 02 02 00 00 00 00 00 00 00 00 16 80 bc 
56 00 b5 00 00 c3 b2 00 00 21 04 02 00 00 00 00 00 00 00 00 16 80 bc 56 00 b6 00 00 c3 b2 00 00 
b4 00 1f 00 00 00 00 00 00 00 00 16 80 bc 56 00 b7 00 00 c3 b2 00 00 09 04 1f 00 00 00 00 00 00 
00 00 16 80 bc 56 00 b8 00 00 c3 b2 00 00 1e 04 01 00 00 00 00 00 00 00 00 16 80 bc 56 00 b9 00 
00 c3 b2 00 00 9d 00 1f 00 00 00 00 00 00 00 00 16 80 bc 55 00 ba 00 00 02 00 00 00 cc 00 0c 00 
00 00 00 00 00 00 00 16 80 bc 55 00 bb 00 00 0b 00 00 00 37 02 96 00 00 00 00 00 00 00 00 16 80 
bc 55 00 bc 00 00 2d 00 00 00 23 04 0a 00 00 00 00 00 00 00 00 16 80 bc 55 00 bd 00 00 2d 00 00 
00 20 04 0a 00 00 00 00 00 00 00 00 16 80 bc 55 00 be 00 00 2d 00 00 00 19 04 05 00 00 00 00 00 
00 00 00 16 80 bc 55 00 bf 00 00 2d 00 00 00 42 04 05 00 00 00 00 00 00 00 00 16 80 bc 55 00 c0 
00 00 34 00 00 00 83 02 c8 00 00 00 00 00 00 00 00 16 80 bc 55 00 c1 00 00 4b 00 00 00 1f 04 19 
00 00 00 00 00 00 00 00 16 80 bc 55 00 c2 00 00 5f 00 00 00 7c 04 0f 00 00 00 00 00 00 00 00 16 
80 bc 55 00 c3 00 00 5f 00 00 00 07 04 0f 00 00 00 00 00 00 00 00 16 80 bc 55 00 c4 00 00 62 00 
00 00 06 04 01 00 00 00 00 00 00 00 00 16 80 bc 55 00 c5 00 00 62 00 00 00 15 04 01 00 00 00 00 
00 00 00 00 16 80 bc 55 00 c6 00 00 5a 01 00 00 07 04 05 00 00 00 00 00 00 00 00 16 80 bc 55 00 
c7 00 00 5a 01 00 00 1d 04 0f 00 00 00 00 00 00 00 00 16 80 bc 55 00 c8 00 00 64 01 00 00 1f 04 
05 00 00 00 00 00 00 00 00 16 80 bc 55 00 c9 00 00 66 01 00 00 7b 04 05 00 00 00 00 00 00 00 00 
16 80 bc 55 00 ca 00 00 66 01 00 00 12 04 0a 00 00 00 00 00 00 00 00 16 80 bc 55 00 cb 00 00 66 
01 00 00 06 04 0b 00 00 00 00 00 00 00 00 16 80 bc 55 00 cc 00 00 8e 01 00 00 03 04 05 00 00 00 
00 00 00 00 00 16 80 bc 55 00 cd 00 00 8e 01 00 00 12 04 0f 00 00 00 00 00 00 00 00 16 80 bc 55 
00 ce 00 00 8e 01 00 00 77 04 05 00 00 00 00 00 00 00 00 16 80 bc 55 00 cf 00 00 cd 01 00 00 e5 
03 05 00 00 00 00 00 00 00 00 16 80 bc 55 00 d0 00 00 cd 01 00 00 73 04 05 00 00 00 00 00 00 00 
00 16 80 bc 55 00 d1 00 00 cd 01 00 00 e3 03 0f 00 00 00 00 00 00 00 00 
...."....V......................V........!.............V......................V.................
.....V......................V......................U......................U........7............
.U....-...#.............U....-... .............U....-.................U....-...B.............U..
..4.................U....K.................U...._...|.............U...._.................U....b.
................U....b.................U....Z.................U....Z.................U....d.....
............U....f...{.............U....f.................U....f.................U..............
........U......................U........w.............U......................U........s.........
....U...................

Client->GAME [16:41:12 07/18/09] packet size: 1 CRYPTED, Flags: 7f ServerSeq: 9 ClientSeq: 8
02 
.

GAME->Client [16:41:12 07/18/09] packet size: 714 CRYPTED, Flags: 3f ServerSeq: 10 ClientSeq: 6
02 04 03 00 40 03 16 80 bc 55 00 d2 00 00 d5 01 00 00 e3 03 05 00 00 00 00 00 00 00 00 16 80 bc 
55 00 d3 00 00 36 02 00 00 37 02 0a 00 00 00 00 00 00 00 00 16 80 bc 55 00 d4 00 00 74 02 00 00 
34 02 1e 00 00 00 00 00 00 00 00 00 43 17 16 80 bc 15 00 d5 00 00 11 00 00 00 ab 00 0d 00 00 00 
00 00 00 00 00 16 80 bc 15 00 d6 00 00 11 00 00 00 0a 02 4d 00 00 00 00 00 00 00 00 16 80 bc 15 
00 d7 00 00 11 00 00 00 f2 03 34 00 00 00 00 00 00 00 00 16 80 bc 15 00 d8 00 00 11 00 00 00 ed 
03 4d 00 00 00 00 00 00 00 00 16 80 bc 15 00 d9 00 00 11 00 00 00 9f 00 19 00 00 00 00 00 00 00 
00 16 80 bc 15 00 da 00 00 11 00 00 00 f1 03 34 00 00 00 00 00 00 00 00 16 80 bc 15 00 db 00 00 
11 00 00 00 0c 02 34 00 00 00 00 00 00 00 00 16 80 bc 15 00 dc 00 00 11 00 00 00 b7 00 4d 00 00 
00 00 00 00 00 00 16 80 bc 15 00 dd 00 00 11 00 00 00 f3 03 46 00 00 00 00 00 00 00 00 16 80 bc 
11 00 de 00 00 00 00 00 00 cb 02 00 00 00 00 00 00 00 00 00 16 80 bc 15 00 df 00 00 f9 03 00 00 
08 02 ec ff ff ff 00 00 00 00 00 16 80 bc 15 00 e0 00 00 f9 03 00 00 07 02 00 00 00 00 00 00 00 
00 00 16 80 bc 15 00 e1 00 00 f9 03 00 00 50 04 14 00 00 00 00 00 00 00 00 16 80 bc 15 00 e2 00 
00 f9 03 00 00 f4 03 01 00 00 00 00 00 00 00 00 16 80 bc 15 00 e3 00 00 f9 03 00 00 51 04 00 00 
00 00 00 00 00 00 00 16 80 bc 15 00 e4 00 00 f9 03 00 00 52 04 f6 ff ff ff 00 00 00 00 00 16 80 
bc 45 03 11 00 00 02 00 00 00 11 00 32 00 00 00 00 00 00 00 00 16 80 bc 45 03 35 04 00 62 00 00 
00 35 04 00 00 00 00 00 00 00 00 00 16 80 bc 45 03 3d 04 00 43 00 00 00 3d 04 00 00 00 00 00 00 
00 00 00 16 80 bc 45 03 3e 04 00 4f 01 00 00 3e 04 00 00 00 00 00 00 00 00 00 16 80 bc 45 03 3f 
04 00 64 01 00 00 3f 04 00 00 00 00 00 00 00 00 00 16 80 bc 45 03 40 04 00 d5 01 00 00 40 04 00 
00 00 00 00 00 00 00 00 0b 80 bd 05 11 00 00 00 00 00 00 01 00 5a 05 16 80 bc 56 00 96 00 00 ef 
b2 00 00 1b 04 02 00 00 00 01 00 00 00 00 16 80 bc 56 00 97 00 00 ef b2 00 00 b4 00 20 00 00 00 
01 00 00 00 00 16 80 bc 56 00 98 00 00 ef b2 00 00 09 04 20 00 00 00 01 00 00 00 00 16 80 bc 56 
00 99 00 00 ef b2 00 00 77 04 01 00 00 00 01 00 00 00 00 16 80 bc 56 00 9a 00 00 ef b2 00 00 e6 
03 02 00 00 00 01 00 00 00 00 
....@....U......................U....6...7.............U....t...4...........C...................
...................M......................4......................M..............................
...............4......................4......................M......................F...........
..............................................................................P.................
............................Q......................R.............E..........2...........E.5..b..
.5.............E.=..C...=.............E.>..O...>.............E.?..d...?.............E.@......@..
.....................Z....V......................V.......... ...........V.......... ...........V
........w.............V...................

Client->GAME [16:41:13 07/18/09] packet size: 1 CRYPTED, Flags: 7f ServerSeq: 10 ClientSeq: 9
02 
.

GAME->Client [16:41:13 07/18/09] packet size: 696 CRYPTED, Flags: 7f ServerSeq: 11 ClientSeq: 8
02 04 01 00 5f 1e 16 80 bc 56 00 9b 00 00 ef b2 00 00 b5 00 20 00 00 00 01 00 00 00 00 16 80 bc 
56 00 e5 00 00 ef b2 00 00 1b 04 02 00 00 00 00 00 00 00 00 16 80 bc 56 00 e6 00 00 ef b2 00 00 
b4 00 20 00 00 00 00 00 00 00 00 16 80 bc 56 00 e7 00 00 ef b2 00 00 09 04 20 00 00 00 00 00 00 
00 00 16 80 bc 56 00 e8 00 00 ef b2 00 00 77 04 01 00 00 00 00 00 00 00 00 16 80 bc 56 00 e9 00 
00 ef b2 00 00 e6 03 02 00 00 00 00 00 00 00 00 16 80 bc 56 00 ea 00 00 ef b2 00 00 b5 00 20 00 
00 00 00 00 00 00 00 16 80 bc 56 00 9c 00 00 0a 95 00 00 06 04 02 00 00 00 01 00 00 00 00 16 80 
bc 56 00 9d 00 00 0a 95 00 00 b4 00 11 00 00 00 01 00 00 00 00 16 80 bc 56 00 9e 00 00 0a 95 00 
00 b5 00 11 00 00 00 01 00 00 00 00 16 80 bc 56 00 9f 00 00 0a 95 00 00 07 04 02 00 00 00 01 00 
00 00 00 16 80 bc 56 00 eb 00 00 0a 95 00 00 06 04 02 00 00 00 00 00 00 00 00 16 80 bc 56 00 ec 
00 00 0a 95 00 00 b4 00 11 00 00 00 00 00 00 00 00 16 80 bc 56 00 ed 00 00 0a 95 00 00 b5 00 11 
00 00 00 00 00 00 00 00 16 80 bc 56 00 ee 00 00 0a 95 00 00 07 04 02 00 00 00 00 00 00 00 00 16 
80 bc 56 00 a0 00 00 95 b7 00 00 b4 00 16 00 00 00 01 00 00 00 00 16 80 bc 56 00 a1 00 00 95 b7 
00 00 09 04 16 00 00 00 01 00 00 00 00 16 80 bc 56 00 a2 00 00 95 b7 00 00 9d 00 16 00 00 00 01 
00 00 00 00 16 80 bc 56 00 a3 00 00 95 b7 00 00 b5 00 16 00 00 00 01 00 00 00 00 16 80 bc 56 00 
ef 00 00 95 b7 00 00 b4 00 16 00 00 00 00 00 00 00 00 16 80 bc 56 00 f0 00 00 95 b7 00 00 09 04 
16 00 00 00 00 00 00 00 00 16 80 bc 56 00 f1 00 00 95 b7 00 00 9d 00 16 00 00 00 00 00 00 00 00 
16 80 bc 56 00 f2 00 00 95 b7 00 00 b5 00 16 00 00 00 00 00 00 00 00 16 80 bc 56 00 a4 00 00 24 
b3 00 00 89 02 02 00 00 00 01 00 00 00 00 16 80 bc 56 00 a5 00 00 24 b3 00 00 1a 04 01 00 00 00 
01 00 00 00 00 16 80 bc 56 00 a6 00 00 24 b3 00 00 b4 00 21 00 00 00 01 00 00 00 00 16 80 bc 56 
00 a7 00 00 24 b3 00 00 09 04 21 00 00 00 01 00 00 00 00 16 80 bc 56 00 a8 00 00 24 b3 00 00 15 
04 02 00 00 00 01 00 00 00 00 16 80 bc 56 00 a9 00 00 24 b3 00 00 b5 00 21 00 00 00 01 00 00 00 
00 16 80 bc 56 00 f3 00 00 24 b3 00 00 89 02 02 00 00 00 00 00 00 00 00 
...._....V.......... ...........V......................V.......... ...........V.......... ......
.....V........w.............V......................V.......... ...........V.....................
.V......................V......................V......................V......................V..
....................V......................V......................V......................V......
................V......................V......................V......................V..........
............V......................V......................V....$.................V....$.........
........V....$.....!...........V....$.....!...........V....$.................V....$.....!.......
....V....$..............

Client->GAME [16:41:13 07/18/09] packet size: 1 CRYPTED, Flags: 7f ServerSeq: 11 ClientSeq: 10
02 
.

GAME->Client [16:41:13 07/18/09] packet size: 699 CRYPTED, Flags: 7f ServerSeq: 12 ClientSeq: 9
02 04 02 00 7d 1c 16 80 bc 56 00 f4 00 00 24 b3 00 00 1a 04 01 00 00 00 00 00 00 00 00 16 80 bc 
56 00 f5 00 00 24 b3 00 00 b4 00 21 00 00 00 00 00 00 00 00 16 80 bc 56 00 f6 00 00 24 b3 00 00 
09 04 21 00 00 00 00 00 00 00 00 16 80 bc 56 00 f7 00 00 24 b3 00 00 15 04 02 00 00 00 00 00 00 
00 00 16 80 bc 56 00 f8 00 00 24 b3 00 00 b5 00 21 00 00 00 00 00 00 00 00 16 80 bc 56 00 aa 00 
00 95 a7 00 00 b4 00 12 00 00 00 01 00 00 00 00 16 80 bc 56 00 ab 00 00 95 a7 00 00 b5 00 12 00 
00 00 01 00 00 00 00 16 80 bc 56 00 ac 00 00 95 a7 00 00 09 04 12 00 00 00 01 00 00 00 00 16 80 
bc 56 00 ad 00 00 95 a7 00 00 70 00 0f 00 00 00 01 00 00 00 00 16 80 bc 56 00 f9 00 00 95 a7 00 
00 b4 00 12 00 00 00 00 00 00 00 00 16 80 bc 56 00 fa 00 00 95 a7 00 00 b5 00 12 00 00 00 00 00 
00 00 00 16 80 bc 56 00 fb 00 00 95 a7 00 00 09 04 12 00 00 00 00 00 00 00 00 16 80 bc 56 00 fc 
00 00 95 a7 00 00 70 00 0f 00 00 00 00 00 00 00 00 16 80 bc 56 00 ae 00 00 2c b3 00 00 17 04 01 
00 00 00 01 00 00 00 00 16 80 bc 56 00 af 00 00 2c b3 00 00 b4 00 21 00 00 00 01 00 00 00 00 16 
80 bc 56 00 b0 00 00 2c b3 00 00 09 04 21 00 00 00 01 00 00 00 00 16 80 bc 56 00 b1 00 00 2c b3 
00 00 12 04 02 00 00 00 01 00 00 00 00 16 80 bc 56 00 b2 00 00 2c b3 00 00 07 04 02 00 00 00 01 
00 00 00 00 16 80 bc 56 00 b3 00 00 2c b3 00 00 b5 00 21 00 00 00 01 00 00 00 00 16 80 bc 56 00 
fd 00 00 2c b3 00 00 17 04 01 00 00 00 00 00 00 00 00 16 80 bc 56 00 fe 00 00 2c b3 00 00 b4 00 
21 00 00 00 00 00 00 00 00 16 80 bc 56 00 ff 00 00 2c b3 00 00 09 04 21 00 00 00 00 00 00 00 00 
16 80 bc 56 00 00 01 00 2c b3 00 00 12 04 02 00 00 00 00 00 00 00 00 16 80 bc 56 00 01 01 00 2c 
b3 00 00 07 04 02 00 00 00 00 00 00 00 00 16 80 bc 56 00 02 01 00 2c b3 00 00 b5 00 21 00 00 00 
00 00 00 00 00 16 80 bc 56 00 b4 00 00 c3 b2 00 00 89 02 02 00 00 00 01 00 00 00 00 16 80 bc 56 
00 b5 00 00 c3 b2 00 00 21 04 02 00 00 00 01 00 00 00 00 16 80 bc 56 00 b6 00 00 c3 b2 00 00 b4 
00 1f 00 00 00 01 00 00 00 00 00 99 02 16 80 bc 56 00 b7 00 00 c3 b2 00 00 09 04 1f 00 00 00 01 
00 00 00 00 16 80 bc 56 00 b8 00 00 c3 b2 00 00 1e 04 01 00 00 00 01 00 00 00 00 
....}....V....$.................V....$.....!...........V....$.....!...........V....$............
.....V....$.....!...........V......................V......................V.....................
.V........p.............V......................V......................V......................V..
......p.............V....,.................V....,.....!...........V....,.....!...........V....,.
................V....,.................V....,.....!...........V....,.................V....,.....
!...........V....,.....!...........V....,.................V....,.................V....,.....!...
........V......................V........!.............V.........................V...............
.......V...................

Client->GAME [16:41:13 07/18/09] packet size: 1 CRYPTED, Flags: 7f ServerSeq: 12 ClientSeq: 11
02 
.

Client->GAME [16:41:13 07/18/09] packet size: 63 CRYPTED, Flags: 7f ServerSeq: 12 ClientSeq: 12
02 04 01 00 07 03 12 80 c9 07 00 c0 0a 00 68 3f 47 00 c0 94 c4 00 00 7a c4 12 80 c9 0e 00 c0 0a 
00 68 3f 47 00 c0 94 c4 00 60 6a c6 12 80 c9 07 00 10 11 00 28 20 47 00 c0 94 c4 00 00 7a 44 
..............h?G......z.........h?G.....`j.........( G......zD

GAME->Client [16:41:13 07/18/09] packet size: 697 CRYPTED, Flags: 7f ServerSeq: 13 ClientSeq: 9
02 04 01 00 9b 1f 16 80 bc 56 00 b9 00 00 c3 b2 00 00 9d 00 1f 00 00 00 01 00 00 00 00 16 80 bc 
56 00 03 01 00 c3 b2 00 00 89 02 02 00 00 00 00 00 00 00 00 16 80 bc 56 00 04 01 00 c3 b2 00 00 
21 04 02 00 00 00 00 00 00 00 00 16 80 bc 56 00 05 01 00 c3 b2 00 00 b4 00 1f 00 00 00 00 00 00 
00 00 16 80 bc 56 00 06 01 00 c3 b2 00 00 09 04 1f 00 00 00 00 00 00 00 00 16 80 bc 56 00 07 01 
00 c3 b2 00 00 1e 04 01 00 00 00 00 00 00 00 00 16 80 bc 56 00 08 01 00 c3 b2 00 00 9d 00 1f 00 
00 00 00 00 00 00 00 16 80 bc 15 00 d5 00 00 11 00 00 00 ab 00 0d 00 00 00 01 00 00 00 00 16 80 
bc 15 00 d6 00 00 11 00 00 00 0a 02 4d 00 00 00 01 00 00 00 00 16 80 bc 15 00 d7 00 00 11 00 00 
00 f2 03 34 00 00 00 01 00 00 00 00 16 80 bc 15 00 d8 00 00 11 00 00 00 ed 03 4d 00 00 00 01 00 
00 00 00 16 80 bc 15 00 d9 00 00 11 00 00 00 9f 00 19 00 00 00 01 00 00 00 00 16 80 bc 15 00 da 
00 00 11 00 00 00 f1 03 34 00 00 00 01 00 00 00 00 16 80 bc 15 00 db 00 00 11 00 00 00 0c 02 34 
00 00 00 01 00 00 00 00 16 80 bc 15 00 dc 00 00 11 00 00 00 b7 00 4d 00 00 00 01 00 00 00 00 16 
80 bc 15 00 dd 00 00 11 00 00 00 f3 03 46 00 00 00 01 00 00 00 00 0b 80 bd 05 11 00 00 00 00 00 
00 00 16 80 bc 15 00 09 01 00 11 00 00 00 ab 00 0d 00 00 00 00 00 00 00 00 16 80 bc 15 00 0a 01 
00 11 00 00 00 0a 02 4d 00 00 00 00 00 00 00 00 16 80 bc 15 00 0b 01 00 11 00 00 00 f2 03 34 00 
00 00 00 00 00 00 00 16 80 bc 15 00 0c 01 00 11 00 00 00 ed 03 4d 00 00 00 00 00 00 00 00 16 80 
bc 15 00 0d 01 00 11 00 00 00 9f 00 19 00 00 00 00 00 00 00 00 16 80 bc 15 00 0e 01 00 11 00 00 
00 f1 03 34 00 00 00 00 00 00 00 00 16 80 bc 15 00 0f 01 00 11 00 00 00 0c 02 34 00 00 00 00 00 
00 00 00 16 80 bc 15 00 10 01 00 11 00 00 00 b7 00 4d 00 00 00 00 00 00 00 00 16 80 bc 15 00 11 
01 00 11 00 00 00 f3 03 46 00 00 00 00 00 00 00 00 0b 80 bd 05 11 00 00 00 00 00 00 01 16 80 bc 
15 00 09 01 00 11 00 00 00 ab 00 0d 00 00 00 01 00 00 00 00 16 80 bc 15 00 0a 01 00 11 00 00 00 
0a 02 4d 00 00 00 01 00 00 00 00 16 80 bc 15 00 0b 01 00 11 00 00 00 f2 03 34 00 00 00 01 00 00 
00 00 16 80 bc 15 00 0c 01 00 11 00 00 00 ed 03 4d 00 00 00 01 00 00 00 00 
.........V......................V......................V........!.............V.................
.....V......................V......................V............................................
............M......................4......................M.....................................
........4......................4......................M......................F..................
.......................................M......................4......................M..........
...................................4......................4......................M..............
........F.........................................................M......................4......
................M........

Client->GAME [16:41:13 07/18/09] packet size: 1 CRYPTED, Flags: 7f ServerSeq: 13 ClientSeq: 13
02 
.

GAME->Client [16:41:13 07/18/09] packet size: 710 CRYPTED, Flags: 7f ServerSeq: 14 ClientSeq: 11
02 04 01 00 ba 20 16 80 bc 15 00 0d 01 00 11 00 00 00 9f 00 19 00 00 00 01 00 00 00 00 16 80 bc 
15 00 0e 01 00 11 00 00 00 f1 03 34 00 00 00 01 00 00 00 00 16 80 bc 15 00 0f 01 00 11 00 00 00 
0c 02 34 00 00 00 01 00 00 00 00 16 80 bc 15 00 10 01 00 11 00 00 00 b7 00 4d 00 00 00 01 00 00 
00 00 16 80 bc 15 00 11 01 00 11 00 00 00 f3 03 46 00 00 00 01 00 00 00 00 04 80 b3 11 00 16 80 
bc 45 03 11 00 00 02 00 00 00 11 00 32 00 00 00 01 00 00 00 00 16 80 bc 55 00 ba 00 00 02 00 00 
00 cc 00 0c 00 00 00 01 00 00 00 00 08 80 b2 11 00 32 00 08 02 16 80 bc 45 03 11 00 00 02 00 00 
00 11 00 32 00 00 00 00 00 00 00 00 16 80 bc 55 00 12 01 00 02 00 00 00 cc 00 0c 00 00 00 00 00 
00 00 00 16 80 bc 15 00 13 01 00 11 00 00 00 ab 00 0d 00 00 00 00 00 00 00 00 16 80 bc 15 00 14 
01 00 11 00 00 00 0a 02 4d 00 00 00 00 00 00 00 00 16 80 bc 15 00 15 01 00 11 00 00 00 f2 03 34 
00 00 00 00 00 00 00 00 16 80 bc 15 00 16 01 00 11 00 00 00 ed 03 4d 00 00 00 00 00 00 00 00 16 
80 bc 15 00 17 01 00 11 00 00 00 9f 00 19 00 00 00 00 00 00 00 00 16 80 bc 15 00 18 01 00 11 00 
00 00 f1 03 34 00 00 00 00 00 00 00 00 16 80 bc 15 00 19 01 00 11 00 00 00 0c 02 34 00 00 00 00 
00 00 00 00 16 80 bc 15 00 1a 01 00 11 00 00 00 b7 00 4d 00 00 00 00 00 00 00 00 16 80 bc 15 00 
1b 01 00 11 00 00 00 f3 03 46 00 00 00 00 00 00 00 00 16 80 bc 55 00 bb 00 00 0b 00 00 00 37 02 
96 00 00 00 01 00 00 00 00 16 80 bc 55 00 1c 01 00 0b 00 00 00 37 02 96 00 00 00 00 00 00 00 00 
16 80 bc 55 00 bc 00 00 2d 00 00 00 23 04 0a 00 00 00 01 00 00 00 00 16 80 bc 55 00 bd 00 00 2d 
00 00 00 20 04 0a 00 00 00 01 00 00 00 00 16 80 bc 55 00 be 00 00 2d 00 00 00 19 04 05 00 00 00 
01 00 00 00 00 16 80 bc 55 00 bf 00 00 2d 00 00 00 42 04 05 00 00 00 01 00 00 00 00 16 80 bc 55 
00 1d 01 00 2d 00 00 00 23 04 0a 00 00 00 00 00 00 00 00 16 80 bc 55 00 1e 01 00 2d 00 00 00 20 
04 0a 00 00 00 00 00 00 00 00 16 80 bc 55 00 1f 01 00 2d 00 00 00 19 04 05 00 00 00 00 00 00 00 
00 16 80 bc 55 00 20 01 00 2d 00 00 00 42 04 05 00 00 00 00 00 00 00 00 16 80 bc 55 00 c0 00 00 
34 00 00 00 83 02 c8 00 00 00 01 00 00 00 00 16 80 bc 55 00 21 01 00 34 00 00 00 83 02 c8 00 00 
00 00 00 00 00 00 
..... .....................................4......................4......................M......
................F................E..........2...........U........................2......E.......
...2...........U........................................................M......................4
......................M.............................................4......................4....
..................M......................F...........U........7.............U........7..........
...U....-...#.............U....-... .............U....-.................U....-...B.............U
....-...#.............U....-... .............U....-.................U. ..-...B.............U....
4.................U.!..4..............

Client->GAME [16:41:13 07/18/09] packet size: 1 CRYPTED, Flags: 7f ServerSeq: 14 ClientSeq: 14
02 
.

GAME->Client [16:41:13 07/18/09] packet size: 709 CRYPTED, Flags: 7f ServerSeq: 15 ClientSeq: 13
02 04 02 00 da 02 04 80 b3 3d 04 16 80 bc 45 03 3d 04 00 43 00 00 00 3d 04 00 00 00 00 01 00 00 
00 00 00 dc 22 08 80 b2 3d 04 00 00 08 02 16 80 bc 45 03 3d 04 00 43 00 00 00 3d 04 00 00 00 00 
00 00 00 00 00 16 80 bc 55 00 c1 00 00 4b 00 00 00 1f 04 19 00 00 00 01 00 00 00 00 16 80 bc 55 
00 22 01 00 4b 00 00 00 1f 04 19 00 00 00 00 00 00 00 00 16 80 bc 55 00 c2 00 00 5f 00 00 00 7c 
04 0f 00 00 00 01 00 00 00 00 16 80 bc 55 00 c3 00 00 5f 00 00 00 07 04 0f 00 00 00 01 00 00 00 
00 16 80 bc 55 00 23 01 00 5f 00 00 00 7c 04 0f 00 00 00 00 00 00 00 00 16 80 bc 55 00 24 01 00 
5f 00 00 00 07 04 0f 00 00 00 00 00 00 00 00 16 80 bc 55 00 c4 00 00 62 00 00 00 06 04 01 00 00 
00 01 00 00 00 00 04 80 b3 35 04 16 80 bc 45 03 35 04 00 62 00 00 00 35 04 00 00 00 00 01 00 00 
00 00 16 80 bc 55 00 c5 00 00 62 00 00 00 15 04 01 00 00 00 01 00 00 00 00 16 80 bc 55 00 25 01 
00 62 00 00 00 06 04 01 00 00 00 00 00 00 00 00 08 80 b2 35 04 00 00 08 02 16 80 bc 45 03 35 04 
00 62 00 00 00 35 04 00 00 00 00 00 00 00 00 00 16 80 bc 55 00 26 01 00 62 00 00 00 15 04 01 00 
00 00 00 00 00 00 00 04 80 b3 3e 04 16 80 bc 45 03 3e 04 00 4f 01 00 00 3e 04 00 00 00 00 01 00 
00 00 00 08 80 b2 3e 04 00 00 08 02 16 80 bc 45 03 3e 04 00 4f 01 00 00 3e 04 00 00 00 00 00 00 
00 00 00 16 80 bc 55 00 c6 00 00 5a 01 00 00 07 04 05 00 00 00 01 00 00 00 00 16 80 bc 55 00 c7 
00 00 5a 01 00 00 1d 04 0f 00 00 00 01 00 00 00 00 16 80 bc 55 00 27 01 00 5a 01 00 00 07 04 05 
00 00 00 00 00 00 00 00 16 80 bc 55 00 28 01 00 5a 01 00 00 1d 04 0f 00 00 00 00 00 00 00 00 04 
80 b3 3f 04 16 80 bc 45 03 3f 04 00 64 01 00 00 3f 04 00 00 00 00 01 00 00 00 00 16 80 bc 55 00 
c8 00 00 64 01 00 00 1f 04 05 00 00 00 01 00 00 00 00 08 80 b2 3f 04 00 00 08 02 16 80 bc 45 03 
3f 04 00 64 01 00 00 3f 04 00 00 00 00 00 00 00 00 00 16 80 bc 55 00 29 01 00 64 01 00 00 1f 04 
05 00 00 00 00 00 00 00 00 16 80 bc 55 00 c9 00 00 66 01 00 00 7b 04 05 00 00 00 01 00 00 00 00 
16 80 bc 55 00 ca 00 00 66 01 00 00 12 04 0a 00 00 00 01 00 00 00 00 16 80 bc 55 00 cb 00 00 66 
01 00 00 06 04 0b 00 00 00 01 00 00 00 00 16 80 bc 55 00 2a 01 00 66 01 00 00 7b 04 05 00 00 00 
00 00 00 00 00 
.........=....E.=..C...=............"...=........E.=..C...=.............U....K.................U
."..K.................U...._...|.............U...._.................U.#.._...|.............U.$..
_.................U....b.................5....E.5..b...5.............U....b.................U.%.
.b.................5........E.5..b...5.............U.&..b.................>....E.>..O...>.......
......>........E.>..O...>.............U....Z.................U....Z.................U.'..Z......
...........U.(..Z.................?....E.?..d...?.............U....d.................?........E.
?..d...?.............U.)..d.................U....f...{.............U....f.................U....f
.................U.*..f...{..........

Client->GAME [16:41:13 07/18/09] packet size: 1 CRYPTED, Flags: 7f ServerSeq: 15 ClientSeq: 15
02 
.

GAME->Client [16:41:13 07/18/09] packet size: 710 CRYPTED, Flags: 7f ServerSeq: 16 ClientSeq: 14
02 04 01 00 fe 20 16 80 bc 55 00 2b 01 00 66 01 00 00 12 04 0a 00 00 00 00 00 00 00 00 16 80 bc 
55 00 2c 01 00 66 01 00 00 06 04 0b 00 00 00 00 00 00 00 00 16 80 bc 55 00 cc 00 00 8e 01 00 00 
03 04 05 00 00 00 01 00 00 00 00 16 80 bc 55 00 cd 00 00 8e 01 00 00 12 04 0f 00 00 00 01 00 00 
00 00 16 80 bc 55 00 ce 00 00 8e 01 00 00 77 04 05 00 00 00 01 00 00 00 00 16 80 bc 55 00 2d 01 
00 8e 01 00 00 03 04 05 00 00 00 00 00 00 00 00 16 80 bc 55 00 2e 01 00 8e 01 00 00 12 04 0f 00 
00 00 00 00 00 00 00 16 80 bc 55 00 2f 01 00 8e 01 00 00 77 04 05 00 00 00 00 00 00 00 00 16 80 
bc 55 00 cf 00 00 cd 01 00 00 e5 03 05 00 00 00 01 00 00 00 00 16 80 bc 55 00 d0 00 00 cd 01 00 
00 73 04 05 00 00 00 01 00 00 00 00 16 80 bc 55 00 d1 00 00 cd 01 00 00 e3 03 0f 00 00 00 01 00 
00 00 00 16 80 bc 55 00 30 01 00 cd 01 00 00 e5 03 05 00 00 00 00 00 00 00 00 16 80 bc 55 00 31 
01 00 cd 01 00 00 73 04 05 00 00 00 00 00 00 00 00 16 80 bc 55 00 32 01 00 cd 01 00 00 e3 03 0f 
00 00 00 00 00 00 00 00 04 80 b3 40 04 16 80 bc 45 03 40 04 00 d5 01 00 00 40 04 00 00 00 00 01 
00 00 00 00 16 80 bc 55 00 d2 00 00 d5 01 00 00 e3 03 05 00 00 00 01 00 00 00 00 08 80 b2 40 04 
00 00 08 02 16 80 bc 45 03 40 04 00 d5 01 00 00 40 04 00 00 00 00 00 00 00 00 00 16 80 bc 55 00 
33 01 00 d5 01 00 00 e3 03 05 00 00 00 00 00 00 00 00 16 80 bc 55 00 d3 00 00 36 02 00 00 37 02 
0a 00 00 00 01 00 00 00 00 16 80 bc 55 00 34 01 00 36 02 00 00 37 02 0a 00 00 00 00 00 00 00 00 
16 80 bc 55 00 d4 00 00 74 02 00 00 34 02 1e 00 00 00 01 00 00 00 00 16 80 bc 55 00 35 01 00 74 
02 00 00 34 02 1e 00 00 00 00 00 00 00 00 16 80 bc 15 00 13 01 00 11 00 00 00 ab 00 0d 00 00 00 
01 00 00 00 00 16 80 bc 15 00 14 01 00 11 00 00 00 0a 02 4d 00 00 00 01 00 00 00 00 16 80 bc 15 
00 15 01 00 11 00 00 00 f2 03 34 00 00 00 01 00 00 00 00 16 80 bc 15 00 16 01 00 11 00 00 00 ed 
03 4d 00 00 00 01 00 00 00 00 16 80 bc 15 00 17 01 00 11 00 00 00 9f 00 19 00 00 00 01 00 00 00 
00 16 80 bc 15 00 18 01 00 11 00 00 00 f1 03 34 00 00 00 01 00 00 00 00 16 80 bc 15 00 19 01 00 
11 00 00 00 0c 02 34 00 00 00 01 00 00 00 00 16 80 bc 15 00 1a 01 00 11 00 00 00 b7 00 4d 00 00 
00 01 00 00 00 00 
..... ...U.+..f.................U.,..f.................U......................U.................
.....U........w.............U.-....................U......................U./......w............
.U......................U........s.............U......................U.0....................U.1
......s.............U.2....................@....E.@......@.............U......................@.
.......E.@......@.............U.3....................U....6...7.............U.4..6...7..........
...U....t...4.............U.5..t...4...............................................M............
..........4......................M.............................................4................
......4......................M........

GAME->Client [16:41:13 07/18/09] packet size: 731 CRYPTED, Flags: 7f ServerSeq: 17 ClientSeq: 15
82 8e 12 30 48 03 01 00 0c 57 02 09 cd ab 15 8e 47 6f 6c 64 20 42 6c 6f 6f 64 20 45 6e 74 68 75 
73 69 61 73 74 00 00 00 00 00 00 00 00 00 00 00 00 10 00 00 22 d5 03 cf 60 1c 00 c6 01 80 d3 d9 
09 00 58 4c 0a 00 28 0a 00 00 00 7c bf 80 e6 40 00 00 00 00 00 44 91 c0 00 00 00 80 1d 44 aa c0 
c0 01 83 01 02 a8 0d 32 02 b2 09 32 02 07 08 00 00 81 b5 02 00 00 02 03 21 00 00 01 00 08 a1 1b 
42 00 80 14 3e cd ab 02 09 00 00 00 20 9a c4 e3 40 00 00 00 00 00 3c 91 c0 00 00 00 80 2e 5b bd 
c0 00 00 00 00 c8 26 74 bf 00 00 00 00 1e f6 99 3e 1f 00 00 01 00 0c 57 02 03 cd ab 13 8e 47 6f 
6c 64 20 42 6c 6f 6f 64 20 43 68 61 6d 70 69 6f 6e 00 00 00 00 00 00 00 00 00 00 00 00 00 00 10 
00 00 22 d5 03 ad 61 1c 00 c6 01 80 c3 d7 09 00 58 4c 0a 00 28 00 00 00 58 b7 22 e7 40 00 00 00 
00 00 44 91 c0 00 00 00 00 02 28 85 c0 c0 01 82 01 a8 0d ee 02 b2 04 ee 02 07 08 00 00 81 b5 02 
00 00 02 03 1d 00 00 01 00 0c 57 02 06 cd ab 13 8e 47 6f 6c 64 20 42 6c 6f 6f 64 20 45 6e 74 68 
75 73 69 61 73 74 00 00 00 00 00 00 00 00 00 00 00 00 10 00 00 22 d5 03 bf 60 1c 00 c6 01 80 c3 
d7 09 00 58 4c 0a 00 28 00 00 00 8c 18 3c e7 40 00 00 00 00 00 44 91 c0 00 00 00 00 e8 84 96 c0 
c0 01 82 02 a8 0d 32 02 b2 09 32 02 07 08 00 00 81 b5 02 00 00 02 03 1b 00 00 01 00 08 68 95 44 
00 80 14 39 cd ab 02 09 00 00 00 00 80 fe e2 40 00 00 00 00 00 40 91 c0 00 00 00 00 00 b3 c0 c0 
00 00 00 00 f2 04 35 3f 00 00 00 00 f3 04 35 3f 19 00 00 00 00 04 02 01 1e 04 16 80 bc 15 00 1b 
01 00 11 00 00 00 f3 03 46 00 00 00 01 00 00 00 00 0b 80 bd 05 11 00 00 00 00 00 00 00 16 80 bc 
15 00 36 01 00 11 00 00 00 ab 00 0d 00 00 00 00 00 00 00 00 16 80 bc 15 00 37 01 00 11 00 00 00 
0a 02 4d 00 00 00 00 00 00 00 00 01 22 08 16 80 bc 15 00 38 01 00 11 00 00 00 f2 03 34 00 00 00 
00 00 00 00 00 16 80 bc 15 00 39 01 00 11 00 00 00 ed 03 4d 00 00 00 00 00 00 00 00 16 80 bc 15 
00 3a 01 00 11 00 00 00 9f 00 19 00 00 00 00 00 00 00 00 16 80 bc 15 00 3b 01 00 11 00 00 00 f1 
03 34 00 00 00 00 00 00 00 00 16 80 bc 15 00 3c 01 00 11 00 00 00 0c 02 34 00 00 00 00 00 00 00 
00 16 80 bc 15 00 3d 01 00 11 00 00 00 b7 00 4d 00 00 00 00 00 00 00 00 16 80 bc 15 00 3e 01 00 
11 00 00 00 f3 03 46 00 00 00 00 00 00 00 00 0b 80 bd 05 11 00 00 00 00 00 00 01 
...0H....W......Gold Blood Enthusiast..............."...`.........XL..(....|...@.....D.......D..
.......2...2............!.......B...>....... ...@.....<.......[.......&t........>......W......Go
ld Blood Champion................."...a.........XL..(...X.".@.....D.......(.....................
..........W......Gold Blood Enthusiast..............."...`.........XL..(.....<.@.....D..........
......2...2..................h.D...9...........@.....@................5?......5?................
........F.........................6......................7........M........."......8........4...
..........9........M.............:......................;........4.............<........4.......
......=........M.............>........F....................

GAME->Client [16:41:13 07/18/09] packet size: 714 CRYPTED, Flags: 7f ServerSeq: 18 ClientSeq: 15
02 03 01 00 0c 57 02 08 cd ab 15 8e 47 6f 6c 64 20 42 6c 6f 6f 64 20 43 68 61 6d 70 69 6f 6e 00 
00 00 00 00 00 00 00 00 00 00 00 00 00 10 00 00 22 d5 03 e5 61 1c 00 c6 01 80 d3 d7 09 00 58 4c 
0a 00 28 0a 00 00 00 0c 46 71 e6 40 00 00 00 00 00 44 91 c0 00 00 00 80 c8 28 a2 c0 c0 01 83 01 
01 a8 0d ee 02 b2 04 ee 02 07 08 00 00 81 b5 02 00 00 02 03 17 00 00 01 00 08 d0 20 fc 09 e0 03 
10 cd ab 08 fd 00 00 00 00 40 5d e7 40 00 00 00 00 00 44 91 c0 00 00 00 00 00 44 b6 c0 41 6d 65 
74 68 79 73 74 00 00 00 00 00 00 00 00 00 00 00 00 00 00 00 00 00 00 00 00 00 00 00 00 00 00 00 
00 00 00 00 00 00 00 00 00 00 00 00 00 00 00 00 00 00 00 00 00 00 00 00 00 00 00 00 00 02 00 00 
3a 00 f9 0a 00 58 00 00 03 00 00 00 00 00 5c 83 6c 3f 00 00 00 00 17 ef c3 3e 15 00 00 01 00 0c 
57 02 01 cd ab 13 8e 47 6f 6c 64 20 42 6c 6f 6f 64 20 42 72 6f 74 68 65 72 00 00 00 00 00 00 00 
00 00 00 00 00 00 00 00 10 00 00 22 d5 03 0d 5f 1c 00 c6 01 80 c3 d8 09 00 58 4c 0a 00 28 00 00 
00 e0 1b 48 e6 40 00 00 00 00 00 44 91 c0 00 00 00 00 5b 25 ac c0 c0 01 82 03 a8 0d 77 01 b2 09 
77 01 07 08 00 00 81 b5 02 00 00 02 03 13 00 00 01 00 0c 57 02 05 cd ab 13 8e 47 6f 6c 64 20 42 
6c 6f 6f 64 20 45 6e 74 68 75 73 69 61 73 74 00 00 00 00 00 00 00 00 00 00 00 00 10 00 00 22 d5 
03 b9 60 1c 00 c6 01 80 c3 d7 09 00 58 4c 0a 00 28 00 00 00 34 8d ee e4 40 00 00 00 00 00 44 91 
c0 00 00 00 00 00 e0 65 c0 c0 01 82 02 a8 0d 32 02 b2 09 32 02 07 08 00 00 81 b5 02 00 00 02 03 
11 00 00 00 00 04 01 01 2a 06 17 3a 05 00 11 00 0a 00 50 76 50 53 65 72 76 65 72 00 04 00 06 00 
00 00 1d 3a 05 00 17 00 10 00 50 76 50 4d 61 78 53 61 66 65 4c 65 76 65 6c 00 04 00 0f 00 00 00 
3e 3a 05 00 14 00 0d 00 57 52 5f 52 65 7a 45 76 65 6e 74 73 00 28 00 48 61 6c 6c 6f 77 65 65 6e 
5f 45 76 65 6e 74 2c 57 69 6e 74 65 72 33 48 61 6c 6c 6f 77 65 65 6e 46 6c 79 54 53 45 43 00 1b 
3a 05 00 19 00 12 00 45 76 65 6e 74 53 6c 6f 74 31 5f 45 66 66 65 63 74 00 00 00 28 3a 05 00 19 
00 12 00 45 76 65 6e 74 53 6c 6f 74 32 5f 45 66 66 65 63 74 00 0d 00 66 6c 79 6d 61 6e 5f 69 64 
6c 65 33 00 25 3a 05 00 19 00 12 00 45 76 65 6e 74 53 6c 6f 74 33 5f 45 66 66 65 63 74 00 0a 00 
66 6c 79 5f 76 69 72 75 73 00 
.....W......Gold Blood Champion................."...a.........XL..(.....Fq.@.....D.......(......
........................... .............@].@.....D.......D..Amethyst...........................
................................:....X........\.l?.......>......W......Gold Blood Brother.......
..........."..._.........XL..(.....H.@.....D......[%........w...w..................W......Gold B
lood Enthusiast..............."...`.........XL..(...4...@.....D........e.......2...2............
........*..:......PvPServer........:......PvPMaxSafeLevel.......>:......WR_RezEvents.(.Halloween
_Event,Winter3HalloweenFlyTSEC..:......EventSlot1_Effect...(:......EventSlot2_Effect...flyman_id
le3.%:......EventSlot3_Effect...fly_virus.

Client->GAME [16:41:13 07/18/09] packet size: 1 CRYPTED, Flags: 7f ServerSeq: 0 ClientSeq: 16
02 
.

Client->GAME [16:41:14 07/18/09] packet size: 1 CRYPTED, Flags: 7f ServerSeq: 2 ClientSeq: 17
02 
.

GAME->Client [16:41:14 07/18/09] packet size: 680 CRYPTED, Flags: 7f ServerSeq: 19 ClientSeq: 15
02 03 01 00 08 69 95 43 00 80 14 03 cd ab 02 09 00 00 00 00 40 a7 e3 40 00 00 00 00 00 40 91 c0 
00 00 00 00 00 9a c0 c0 00 00 00 00 f2 04 35 bf 00 00 00 00 f3 04 35 3f 0f 00 00 01 00 0c 0c 00 
fe cd ab 2a 9b 81 ff 3e 3d 00 00 47 61 72 63 69 61 00 00 00 00 00 00 00 00 00 00 00 00 00 00 00 
00 00 00 00 00 00 00 00 00 00 00 12 f8 29 11 bf 0a 4a 61 76 69 65 72 00 00 00 00 00 00 00 00 00 
00 00 00 00 00 00 00 00 00 00 00 00 00 00 00 00 00 0c 9a 99 19 3f c5 cd cc cc 3f 8f 0a f8 d8 0a 
4d 00 00 87 43 00 00 08 01 ce 81 ff f7 00 40 7e 00 00 05 ce fb ff 79 65 61 6d 61 6e 00 00 00 00 
00 00 00 00 00 00 00 00 00 00 00 00 00 00 00 00 00 00 00 00 00 00 00 00 00 60 ac cd e4 40 00 00 
00 00 00 44 91 c0 00 00 00 e0 92 ca b5 c0 d8 0a fd aa 01 00 00 fb ff f2 71 02 00 51 e2 00 00 45 
04 a6 86 28 64 10 56 c1 02 08 40 00 00 00 f7 00 fd 00 00 00 c0 3d d1 e4 40 00 00 00 00 00 44 91 
c0 00 00 00 c0 b0 0f b8 c0 81 ff 32 12 fb ff 56 06 00 28 90 01 10 8b 45 33 bd 0a 01 fe 1c 01 85 
00 00 00 7e 00 0d 00 00 01 00 0c 57 02 04 cd ab 13 8e 47 6f 6c 64 20 42 6c 6f 6f 64 20 42 72 6f 
74 68 65 72 00 00 00 00 00 00 00 00 00 00 00 00 00 00 00 10 00 00 22 d5 03 67 5f 1c 00 c6 01 80 
c3 d8 09 00 58 4c 0a 00 28 00 00 00 74 d9 61 e6 40 00 00 00 00 00 44 91 c0 00 00 00 c0 4e 3d a0 
c0 c0 01 82 03 a8 0d 77 01 b2 09 77 01 07 08 00 00 81 b5 02 00 00 02 03 0b 00 00 00 00 04 01 01 
30 04 1f 3a 05 00 1b 00 14 00 46 69 78 65 64 42 69 6e 6b 49 44 4f 76 65 72 72 69 64 65 00 02 00 
20 00 41 81 67 17 00 27 00 1c 22 00 c6 01 11 00 00 00 00 00 00 00 37 00 00 08 0e 00 41 66 74 65 
72 57 68 6f 72 75 4e 65 6f 00 0e 00 41 66 74 65 72 57 68 6f 72 75 4e 65 6f 00 02 00 4d 00 00 00 
00 00 00 00 41 81 67 17 00 27 00 1c 22 00 c6 01 11 00 00 00 00 00 00 00 37 00 00 08 0e 00 41 66 
74 65 72 57 68 6f 72 75 4e 65 6f 00 0e 00 41 66 74 65 72 57 68 6f 72 75 4e 65 6f 00 02 00 4d 00 
00 00 00 00 00 00 41 81 67 17 00 27 00 1c 22 00 c6 01 11 00 00 00 00 00 00 00 37 00 00 08 0e 00 
41 66 74 65 72 57 68 6f 72 75 4e 65 6f 00 0e 00 41 66 74 65 72 57 68 6f 72 75 4e 65 6f 00 02 00 
4d 00 00 00 00 00 00 00 
.....i.C............@..@.....@................5.......5?...........*...>=..Garcia...............
.............)...Javier..............................?....?.....M...C.........@~......yeaman....
.........................`...@.....D....................q..Q...E...(d.V...@..........=..@.....D.
...........2...V..(....E3..........~.......W......Gold Blood Brother.................."..g_.....
....XL..(...t.a.@.....D......N=........w...w....................0..:......FixedBinkIDOverride...
 .A.g..'.."...........7.....AfterWhoruNeo...AfterWhoruNeo...M.......A.g..'.."...........7.....Af
terWhoruNeo...AfterWhoruNeo...M.......A.g..'.."...........7.....AfterWhoruNeo...AfterWhoruNeo...
M.......

Client->GAME [16:41:14 07/18/09] packet size: 13 CRYPTED, Flags: 7f ServerSeq: 3 ClientSeq: 18
02 04 01 00 0a 01 06 80 f4 40 7e 00 00 
.........@~..

GAME->Client [16:41:14 07/18/09] packet size: 408 CRYPTED, Flags: 7f ServerSeq: 20 ClientSeq: 0
02 03 01 00 0c 57 02 0a cd ab 13 8e 47 6f 6c 64 20 42 6c 6f 6f 64 20 43 68 61 6d 70 69 6f 6e 00 
00 00 00 00 00 00 00 00 00 00 00 00 00 10 00 00 22 d5 01 89 61 1c 00 c6 01 80 c3 d7 09 00 58 4c 
0a 00 28 00 00 00 b4 50 17 e7 40 00 00 00 00 00 44 91 c0 00 00 00 c0 58 36 c6 c0 c0 01 82 01 a8 
0d ee 02 b2 04 ee 02 07 08 00 00 81 b5 02 00 00 02 03 09 00 00 01 00 08 50 02 f4 09 e0 03 3c cd 
ab 02 09 00 00 00 00 00 e6 e4 40 00 00 00 00 00 a4 90 c0 00 00 00 00 00 c2 b5 c0 00 00 00 00 00 
00 80 3f 00 00 00 00 2e bd 3b b3 07 00 00 01 00 0c 57 02 02 cd ab 15 8e 47 6f 6c 64 20 42 6c 6f 
6f 64 20 43 68 61 6d 70 69 6f 6e 00 00 00 00 00 00 00 00 00 00 00 00 00 00 10 00 00 22 d5 03 55 
61 1c 00 c6 01 80 d3 d7 09 00 58 4c 0a 00 28 0a 00 00 00 bc ce fa e6 40 00 00 00 00 00 44 91 c0 
00 00 00 60 dd 86 b4 c0 c0 01 83 01 01 a8 0d ee 02 b2 04 ee 02 07 08 00 00 81 b5 02 00 00 02 03 
05 00 00 01 00 0c 57 02 07 cd ab 13 8e 47 6f 6c 64 20 42 6c 6f 6f 64 20 43 68 61 6d 70 69 6f 6e 
00 00 00 00 00 00 00 00 00 00 00 00 00 00 10 00 00 22 d5 03 59 61 1c 00 c6 01 80 c3 d7 09 00 58 
4c 0a 00 28 00 00 00 a4 24 eb e4 40 00 00 00 00 00 44 91 c0 00 00 00 00 a4 d7 75 c0 c0 01 82 01 
a8 0d ee 02 b2 04 ee 02 07 08 00 00 81 b5 02 00 00 02 03 03 00 00 00 00 
.....W......Gold Blood Champion................."...a.........XL..(....P..@.....D......X6.......
........................P.....<...........@.......................?......;.......W......Gold Blo
od Champion................."..Ua.........XL..(........@.....D.....`............................
......W......Gold Blood Champion................."..Ya.........XL..(....$..@.....D........u.....
........................

Client->GAME [16:41:14 07/18/09] packet size: 1 CRYPTED, Flags: 7f ServerSeq: 4 ClientSeq: 19
02 
.

GAME->Client [16:41:14 07/18/09] packet size: 21 CRYPTED, Flags: 7f ServerSeq: 21 ClientSeq: 2
02 03 17 00 02 0c e6 91 5f 33 47 00 20 8a c4 ce c6 0d c5 00 00 
........_3G. ........

Client->GAME [16:41:14 07/18/09] packet size: 1 CRYPTED, Flags: 7f ServerSeq: 5 ClientSeq: 20
02 
.

GAME->Client [16:41:14 07/18/09] packet size: 74 CRYPTED, Flags: 7f ServerSeq: 22 ClientSeq: 3
02 03 21 00 02 08 64 9a 33 47 00 20 8a c4 e2 88 4f c5 00 00 04 01 01 34 01 30 80 f5 40 7e 00 00 
50 72 69 6f 72 61 74 6f 20 64 65 20 53 69 6f 6e 20 2d 20 7b 63 3a 46 46 44 34 32 44 7d 45 50 4e 
7b 2f 63 7d 00 00 00 00 00 00 
..!...d.3G. ....O......4.0..@~..Priorato de Sion - {c:FFD42D}EPN{/c}......

Client->GAME [16:41:14 07/18/09] packet size: 1 CRYPTED, Flags: 7f ServerSeq: 6 ClientSeq: 21
02 
.

GAME->Client [16:41:14 07/18/09] packet size: 20 CRYPTED, Flags: 7f ServerSeq: 23 ClientSeq: 4
02 03 05 00 02 08 ac 15 38 47 00 20 8a c4 fc 5c a5 c5 00 00 
........8G. ...\....

Client->GAME [16:41:14 07/18/09] packet size: 1 CRYPTED, Flags: 7f ServerSeq: 7 ClientSeq: 22
02 
.

GAME->Client [16:41:14 07/18/09] packet size: 20 CRYPTED, Flags: 7f ServerSeq: 24 ClientSeq: 6
02 03 17 00 02 08 5e 27 33 47 00 20 8a c4 f2 29 09 c5 00 00 
......^'3G. ...)....

Client->GAME [16:41:14 07/18/09] packet size: 1 CRYPTED, Flags: 7f ServerSeq: 8 ClientSeq: 23
02 
.

GAME->Client [16:41:14 07/18/09] packet size: 26 CRYPTED, Flags: 7f ServerSeq: 25 ClientSeq: 6
82 d8 12 30 48 03 17 00 02 0e 04 e5 b5 19 33 47 00 20 8a c4 a4 0a 08 c5 00 00 
...0H.........3G. ........

Client->GAME [16:41:14 07/18/09] packet size: 1 CRYPTED, Flags: 7f ServerSeq: 9 ClientSeq: 24
02 
.

GAME->Client [16:41:14 07/18/09] packet size: 22 CRYPTED, Flags: 7f ServerSeq: 26 ClientSeq: 7
02 03 17 00 02 0e 04 ef b5 19 33 47 00 20 8a c4 a4 0a 08 c5 00 00 
..........3G. ........

Client->GAME [16:41:15 07/18/09] packet size: 1 CRYPTED, Flags: 7f ServerSeq: 10 ClientSeq: 25
02 
.

GAME->Client [16:41:15 07/18/09] packet size: 21 CRYPTED, Flags: 7f ServerSeq: 27 ClientSeq: 8
02 03 17 00 02 0c f9 b5 19 33 47 00 20 8a c4 a4 0a 08 c5 00 00 
.........3G. ........

Client->GAME [16:41:15 07/18/09] packet size: 1 CRYPTED, Flags: 7f ServerSeq: 11 ClientSeq: 26
02 
.

GAME->Client [16:41:15 07/18/09] packet size: 26 CRYPTED, Flags: 7f ServerSeq: 28 ClientSeq: 9
02 03 17 00 02 0c 03 b5 19 33 47 00 20 8a c4 a4 0a 08 c5 0b 00 02 02 04 00 00 
.........3G. .............

GAME->Client [16:41:15 07/18/09] packet size: 72 CRYPTED, Flags: 7f ServerSeq: 29 ClientSeq: 10
02 03 21 00 02 08 d6 ef 32 47 00 20 8a c4 3c 6c 4b c5 17 00 02 0c 0d b5 19 33 47 00 20 8a c4 a4 
0a 08 c5 0b 00 02 0e 04 71 cc 0e 33 47 00 20 8a c4 76 ea 01 c5 05 00 02 0c 56 bb 9d 38 47 00 20 
8a c4 60 d7 a7 c5 00 00 
..!.....2G. ..<lK........3G. ...........q..3G. ..v.......V..8G. ..`.....

GAME->Client [16:41:15 07/18/09] packet size: 39 CRYPTED, Flags: 7f ServerSeq: 30 ClientSeq: 10
02 03 17 00 02 0c 17 b5 19 33 47 00 20 8a c4 a4 0a 08 c5 0b 00 02 0e 01 7b 2b 10 33 47 00 20 8a 
c4 62 9c 02 c5 00 00 
.........3G. ...........{+.3G. ..b.....

GAME->Client [16:41:15 07/18/09] packet size: 86 CRYPTED, Flags: 7f ServerSeq: 31 ClientSeq: 10
02 03 21 00 02 2a 00 40 00 00 00 10 01 dc c5 32 47 00 20 8a c4 2c 69 4a c5 17 00 02 0c 21 b5 19 
33 47 00 20 8a c4 a4 0a 08 c5 0b 00 02 0e 01 85 ca 0e 33 47 00 20 8a c4 fa 02 04 c5 05 00 02 2e 
00 40 00 00 00 10 01 56 99 c4 38 47 00 20 8a c4 9a 8c a8 c5 00 00 
..!..*.@.......2G. ..,iJ.....!..3G. ..............3G. ...........@.....V..8G. ........

GAME->Client [16:41:15 07/18/09] packet size: 87 CRYPTED, Flags: 7f ServerSeq: 32 ClientSeq: 10
02 03 21 00 02 2a 00 40 00 00 00 10 01 db b0 32 47 00 20 8a c4 88 e7 49 c5 17 00 02 0e 00 2b b5 
19 33 47 00 20 8a c4 a4 0a 08 c5 0b 00 02 0e 01 8a 52 09 33 47 00 20 8a c4 66 60 05 c5 05 00 02 
2e 00 40 00 00 00 10 01 56 0c d8 38 47 00 20 8a c4 49 e7 a8 c5 00 00 
..!..*.@.......2G. ....I......+..3G. ............R.3G. ..f`.......@.....V..8G. ..I.....

GAME->Client [16:41:15 07/18/09] packet size: 69 CRYPTED, Flags: 7f ServerSeq: 33 ClientSeq: 10
02 03 21 00 02 2a 00 40 00 00 00 10 01 df 9b 32 47 00 20 8a c4 08 66 49 c5 17 00 02 0e 00 35 b5 
19 33 47 00 20 8a c4 a4 0a 08 c5 05 00 02 2e 00 40 00 00 00 10 01 56 7a eb 38 47 00 20 8a c4 df 
41 a9 c5 00 00 
..!..*.@.......2G. ...fI......5..3G. ...........@.....Vz.8G. ...A....

GAME->Client [16:41:15 07/18/09] packet size: 97 CRYPTED, Flags: 7f ServerSeq: 34 ClientSeq: 10
82 20 13 30 48 03 21 00 02 2a 00 40 00 00 00 10 01 e1 86 32 47 00 20 8a c4 78 e4 48 c5 17 00 02 
0e 00 3c b5 19 33 47 00 20 8a c4 a4 0a 08 c5 0b 00 02 2e 00 40 00 00 00 10 01 8a 64 fe 32 47 00 
20 8a c4 a6 1a 08 c5 05 00 02 2e 00 40 00 00 00 10 01 56 ea fe 38 47 00 20 8a c4 80 9c a9 c5 00 
00 
. .0H.!..*.@.......2G. ..x.H......<..3G. ...........@......d.2G. ...........@.....V..8G. .......
.

Client->GAME [16:41:15 07/18/09] packet size: 1 CRYPTED, Flags: 7f ServerSeq: 12 ClientSeq: 27
02 
.

