Client->GAME [12:24:34 07/23/09] packet size: 25 CRYPTED, Flags: 7f ServerSeq: 9 ClientSeq: 54
02 04 01 00 2c 01 12 81 8e 4c 00 00 00 01 00 00 00 90 00 00 00 01 00 00 00 
....,....L...............

GAME->Client [12:24:34 07/23/09] packet size: 1 CRYPTED, Flags: 7f ServerSeq: 42 ClientSeq: 6
02 
.

GAME->Client [12:24:34 07/23/09] packet size: 700 CRYPTED, Flags: 7f ServerSeq: 43 ClientSeq: 6
82 38 b9 11 49 04 01 01 5c 1e 16 80 bc 15 00 40 00 00 f7 03 00 00 08 02 00 00 00 00 01 00 00 00 
00 16 80 bc 15 00 41 00 00 f7 03 00 00 07 02 ec ff ff ff 01 00 00 00 00 16 80 bc 15 00 42 00 00 
f7 03 00 00 50 04 00 00 00 00 01 00 00 00 00 16 80 bc 15 00 43 00 00 f7 03 00 00 f4 03 00 00 00 
00 01 00 00 00 00 16 80 bc 15 00 44 00 00 f7 03 00 00 51 04 f6 ff ff ff 01 00 00 00 00 16 80 bc 
15 00 45 00 00 f7 03 00 00 52 04 0f 00 00 00 01 00 00 00 00 16 80 bc 56 00 46 00 00 c5 a7 00 00 
7e 02 16 00 00 00 01 00 00 00 00 16 80 bc 56 00 47 00 00 c5 a7 00 00 cc 00 19 00 00 00 01 00 00 
00 00 16 80 bc 56 00 48 00 00 c5 a7 00 00 41 02 28 00 00 00 01 00 00 00 00 16 80 bc 56 00 49 00 
00 c5 a7 00 00 09 04 16 00 00 00 01 00 00 00 00 16 80 bc 56 00 4a 00 00 c5 a7 00 00 16 04 01 00 
00 00 01 00 00 00 00 16 80 bc 56 00 4b 00 00 95 b7 00 00 b4 00 16 00 00 00 01 00 00 00 00 16 80 
bc 56 00 4c 00 00 95 b7 00 00 09 04 16 00 00 00 01 00 00 00 00 16 80 bc 56 00 4d 00 00 95 b7 00 
00 9d 00 16 00 00 00 01 00 00 00 00 16 80 bc 56 00 4e 00 00 95 b7 00 00 b5 00 16 00 00 00 01 00 
00 00 00 16 80 bc 56 00 4f 00 00 24 b3 00 00 89 02 02 00 00 00 01 00 00 00 00 16 80 bc 56 00 50 
00 00 24 b3 00 00 1a 04 01 00 00 00 01 00 00 00 00 16 80 bc 56 00 51 00 00 24 b3 00 00 b4 00 21 
00 00 00 01 00 00 00 00 16 80 bc 56 00 52 00 00 24 b3 00 00 09 04 21 00 00 00 01 00 00 00 00 16 
80 bc 56 00 53 00 00 24 b3 00 00 15 04 02 00 00 00 01 00 00 00 00 16 80 bc 56 00 54 00 00 24 b3 
00 00 b5 00 21 00 00 00 01 00 00 00 00 16 80 bc 56 00 55 00 00 95 a7 00 00 b4 00 12 00 00 00 01 
00 00 00 00 16 80 bc 56 00 56 00 00 95 a7 00 00 b5 00 12 00 00 00 01 00 00 00 00 16 80 bc 56 00 
57 00 00 95 a7 00 00 09 04 12 00 00 00 01 00 00 00 00 16 80 bc 56 00 58 00 00 95 a7 00 00 70 00 
0f 00 00 00 01 00 00 00 00 16 80 bc 56 00 59 00 00 2c b3 00 00 17 04 01 00 00 00 01 00 00 00 00 
16 80 bc 56 00 5a 00 00 2c b3 00 00 b4 00 21 00 00 00 01 00 00 00 00 16 80 bc 56 00 5b 00 00 2c 
b3 00 00 09 04 21 00 00 00 01 00 00 00 00 16 80 bc 56 00 5c 00 00 2c b3 00 00 12 04 02 00 00 00 
01 00 00 00 00 16 80 bc 56 00 5d 00 00 2c b3 00 00 07 04 02 00 00 00 01 00 00 00 00 
.8..I...\......@......................A......................B......P...............C...........
...........D......Q...............E......R.............V.F......~.............V.G...............
.....V.H......A.(...........V.I....................V.J....................V.K...................
.V.L....................V.M....................V.N....................V.O..$.................V.P
..$.................V.Q..$.....!...........V.R..$.....!...........V.S..$.................V.T..$.
....!...........V.U....................V.V....................V.W....................V.X......p.
............V.Y..,.................V.Z..,.....!...........V.[..,.....!...........V.\..,.........
........V.]..,..............

Client->GAME [12:24:34 07/23/09] packet size: 1 CRYPTED, Flags: 7f ServerSeq: 11 ClientSeq: 55
02 
.

GAME->Client [12:24:34 07/23/09] packet size: 696 CRYPTED, Flags: 7f ServerSeq: 44 ClientSeq: 6
02 04 01 01 7a 1e 16 80 bc 56 00 5e 00 00 2c b3 00 00 b5 00 21 00 00 00 01 00 00 00 00 16 80 bc 
56 00 5f 00 00 c3 b2 00 00 89 02 02 00 00 00 01 00 00 00 00 16 80 bc 56 00 60 00 00 c3 b2 00 00 
21 04 02 00 00 00 01 00 00 00 00 16 80 bc 56 00 61 00 00 c3 b2 00 00 b4 00 1f 00 00 00 01 00 00 
00 00 16 80 bc 56 00 62 00 00 c3 b2 00 00 09 04 1f 00 00 00 01 00 00 00 00 16 80 bc 56 00 63 00 
00 c3 b2 00 00 1e 04 01 00 00 00 01 00 00 00 00 16 80 bc 56 00 64 00 00 c3 b2 00 00 9d 00 1f 00 
00 00 01 00 00 00 00 16 80 bc 55 00 65 00 00 02 00 00 00 cc 00 0c 00 00 00 01 00 00 00 00 16 80 
bc 55 00 66 00 00 0b 00 00 00 37 02 96 00 00 00 01 00 00 00 00 16 80 bc 55 00 67 00 00 2d 00 00 
00 23 04 0a 00 00 00 01 00 00 00 00 16 80 bc 55 00 68 00 00 2d 00 00 00 20 04 0a 00 00 00 01 00 
00 00 00 16 80 bc 55 00 69 00 00 2d 00 00 00 19 04 05 00 00 00 01 00 00 00 00 16 80 bc 55 00 6a 
00 00 2d 00 00 00 42 04 05 00 00 00 01 00 00 00 00 16 80 bc 55 00 6b 00 00 34 00 00 00 83 02 c8 
00 00 00 01 00 00 00 00 16 80 bc 55 00 6c 00 00 4b 00 00 00 1f 04 19 00 00 00 01 00 00 00 00 16 
80 bc 55 00 6d 00 00 5f 00 00 00 7c 04 0f 00 00 00 01 00 00 00 00 16 80 bc 55 00 6e 00 00 5f 00 
00 00 07 04 0f 00 00 00 01 00 00 00 00 16 80 bc 55 00 6f 00 00 62 00 00 00 06 04 01 00 00 00 01 
00 00 00 00 16 80 bc 55 00 70 00 00 62 00 00 00 15 04 01 00 00 00 01 00 00 00 00 16 80 bc 55 00 
71 00 00 a5 00 00 00 c0 02 05 00 00 00 01 00 00 00 00 16 80 bc 55 00 72 00 00 d7 00 00 00 bf 02 
05 00 00 00 01 00 00 00 00 16 80 bc 55 00 73 00 00 2a 01 00 00 7e 02 04 00 00 00 01 00 00 00 00 
16 80 bc 55 00 74 00 00 2a 01 00 00 cc 00 00 00 00 00 01 00 00 00 00 16 80 bc 55 00 75 00 00 5a 
01 00 00 07 04 05 00 00 00 01 00 00 00 00 16 80 bc 55 00 76 00 00 5a 01 00 00 1d 04 0f 00 00 00 
01 00 00 00 00 16 80 bc 55 00 77 00 00 64 01 00 00 1f 04 05 00 00 00 01 00 00 00 00 16 80 bc 55 
00 78 00 00 66 01 00 00 7b 04 05 00 00 00 01 00 00 00 00 16 80 bc 55 00 79 00 00 66 01 00 00 12 
04 0a 00 00 00 01 00 00 00 00 16 80 bc 55 00 7a 00 00 66 01 00 00 06 04 0b 00 00 00 01 00 00 00 
00 16 80 bc 55 00 7b 00 00 8e 01 00 00 03 04 05 00 00 00 01 00 00 00 00 
....z....V.^..,.....!...........V._....................V.`......!.............V.a...............
.....V.b....................V.c....................V.d....................U.e...................
.U.f......7.............U.g..-...#.............U.h..-... .............U.i..-.................U.j
..-...B.............U.k..4.................U.l..K.................U.m.._...|.............U.n.._.
................U.o..b.................U.p..b.................U.q....................U.r........
............U.s..*...~.............U.t..*.................U.u..Z.................U.v..Z.........
........U.w..d.................U.x..f...{.............U.y..f.................U.z..f.............
....U.{.................

Client->GAME [12:24:34 07/23/09] packet size: 1 CRYPTED, Flags: 7f ServerSeq: 12 ClientSeq: 56
02 
.

GAME->Client [12:24:34 07/23/09] packet size: 700 CRYPTED, Flags: 7f ServerSeq: 45 ClientSeq: 7
02 04 02 01 98 03 16 80 bc 55 00 7c 00 00 8e 01 00 00 12 04 0f 00 00 00 01 00 00 00 00 16 80 bc 
55 00 7d 00 00 8e 01 00 00 77 04 05 00 00 00 01 00 00 00 00 16 80 bc 55 00 7e 00 00 cd 01 00 00 
e5 03 05 00 00 00 01 00 00 00 00 01 9b 1c 16 80 bc 55 00 7f 00 00 cd 01 00 00 73 04 05 00 00 00 
01 00 00 00 00 16 80 bc 55 00 80 00 00 cd 01 00 00 e3 03 0f 00 00 00 01 00 00 00 00 16 80 bc 55 
00 81 00 00 d5 01 00 00 e3 03 05 00 00 00 01 00 00 00 00 16 80 bc 55 00 82 00 00 36 02 00 00 37 
02 0a 00 00 00 01 00 00 00 00 16 80 bc 55 00 83 00 00 74 02 00 00 34 02 1e 00 00 00 01 00 00 00 
00 16 80 bc 15 00 84 00 00 11 00 00 00 ab 00 0d 00 00 00 01 00 00 00 00 16 80 bc 15 00 85 00 00 
11 00 00 00 0a 02 4d 00 00 00 01 00 00 00 00 16 80 bc 15 00 86 00 00 11 00 00 00 f2 03 34 00 00 
00 01 00 00 00 00 16 80 bc 15 00 87 00 00 11 00 00 00 ed 03 4d 00 00 00 01 00 00 00 00 16 80 bc 
15 00 88 00 00 11 00 00 00 9f 00 19 00 00 00 01 00 00 00 00 16 80 bc 15 00 89 00 00 11 00 00 00 
f1 03 34 00 00 00 01 00 00 00 00 16 80 bc 15 00 8a 00 00 11 00 00 00 0c 02 34 00 00 00 01 00 00 
00 00 16 80 bc 15 00 8b 00 00 11 00 00 00 b7 00 4c 00 00 00 01 00 00 00 00 16 80 bc 15 00 8c 00 
00 11 00 00 00 f3 03 46 00 00 00 01 00 00 00 00 16 80 bc 11 00 8d 00 00 00 00 00 00 cb 02 00 00 
00 00 01 00 00 00 00 0b 80 bd 05 11 00 00 00 00 00 00 00 16 80 bc 15 00 8e 00 00 11 00 00 00 ab 
00 0c 00 00 00 00 00 00 00 00 16 80 bc 15 00 8f 00 00 11 00 00 00 0a 02 4b 00 00 00 00 00 00 00 
00 16 80 bc 15 00 90 00 00 11 00 00 00 f2 03 31 00 00 00 00 00 00 00 00 16 80 bc 15 00 91 00 00 
11 00 00 00 ed 03 4b 00 00 00 00 00 00 00 00 16 80 bc 15 00 92 00 00 11 00 00 00 9f 00 19 00 00 
00 00 00 00 00 00 16 80 bc 15 00 93 00 00 11 00 00 00 f1 03 31 00 00 00 00 00 00 00 00 16 80 bc 
15 00 94 00 00 11 00 00 00 0c 02 34 00 00 00 00 00 00 00 00 16 80 bc 15 00 95 00 00 11 00 00 00 
b7 00 46 00 00 00 00 00 00 00 00 16 80 bc 15 00 96 00 00 11 00 00 00 f3 03 46 00 00 00 00 00 00 
00 00 0b 80 bd 05 11 00 00 00 00 00 00 01 16 80 bc 15 00 8e 00 00 11 00 00 00 ab 00 0c 00 00 00 
01 00 00 00 00 16 80 bc 15 00 8f 00 00 11 00 00 00 0a 02 4b 00 00 00 01 00 00 00 00 
.........U.|....................U.}......w.............U.~.......................U........s.....
........U......................U......................U....6...7.............U....t...4.........
......................................M......................4......................M...........
..................................4......................4......................L...............
.......F................................................................................K.......
...............1......................K.............................................1...........
...........4......................F......................F......................................
...................K........

Client->GAME [12:24:34 07/23/09] packet size: 1 CRYPTED, Flags: 7f ServerSeq: 13 ClientSeq: 57
02 
.

GAME->Client [12:24:34 07/23/09] packet size: 350 CRYPTED, Flags: 7f ServerSeq: 46 ClientSeq: 8
02 04 01 01 b7 15 16 80 bc 15 00 90 00 00 11 00 00 00 f2 03 31 00 00 00 01 00 00 00 00 16 80 bc 
15 00 91 00 00 11 00 00 00 ed 03 4b 00 00 00 01 00 00 00 00 16 80 bc 15 00 92 00 00 11 00 00 00 
9f 00 19 00 00 00 01 00 00 00 00 16 80 bc 15 00 93 00 00 11 00 00 00 f1 03 31 00 00 00 01 00 00 
00 00 16 80 bc 15 00 94 00 00 11 00 00 00 0c 02 34 00 00 00 01 00 00 00 00 16 80 bc 15 00 95 00 
00 11 00 00 00 b7 00 46 00 00 00 01 00 00 00 00 16 80 bc 15 00 96 00 00 11 00 00 00 f3 03 46 00 
00 00 01 00 00 00 00 0b 80 bd 05 11 00 00 00 00 00 00 00 04 80 b3 11 00 16 80 bc 45 03 11 00 00 
02 00 00 00 11 00 32 00 00 00 01 00 00 00 00 04 80 b3 35 04 16 80 bc 45 03 35 04 00 62 00 00 00 
35 04 00 00 00 00 01 00 00 00 00 04 80 b3 3d 04 16 80 bc 45 03 3d 04 00 43 00 00 00 3d 04 00 00 
00 00 01 00 00 00 00 04 80 b3 3e 04 16 80 bc 45 03 3e 04 00 4f 01 00 00 3e 04 00 00 00 00 01 00 
00 00 00 04 80 b3 3f 04 16 80 bc 45 03 3f 04 00 64 01 00 00 3f 04 00 00 00 00 01 00 00 00 00 04 
80 b3 40 04 16 80 bc 45 03 40 04 00 d5 01 00 00 40 04 00 00 00 00 01 00 00 00 00 02 81 07 
....................1......................K.............................................1......
................4......................F......................F............................E....
......2...........5....E.5..b...5.............=....E.=..C...=.............>....E.>..O...>.......
......?....E.?..d...?.............@....E.@......@.............

Client->GAME [12:24:34 07/23/09] packet size: 13 CRYPTED, Flags: 7f ServerSeq: 14 ClientSeq: 58
02 04 01 00 2d 01 06 81 08 00 00 00 00 
....-........

GAME->Client [12:24:35 07/23/09] packet size: 1 CRYPTED, Flags: 7f ServerSeq: 47 ClientSeq: 10
02 
.

Client->GAME [12:24:35 07/23/09] packet size: 1 CRYPTED, Flags: 7f ServerSeq: 15 ClientSeq: 59
02 
.

Client->GAME [12:24:35 07/23/09] packet size: 1 CRYPTED, Flags: 7f ServerSeq: 15 ClientSeq: 60
02 
.

Client->GAME [12:24:35 07/23/09] packet size: 1 CRYPTED, Flags: 7f ServerSeq: 15 ClientSeq: 61
02 
.

Client->GAME [12:24:36 07/23/09] packet size: 1 CRYPTED, Flags: 7f ServerSeq: 15 ClientSeq: 62
02 
.

GAME->Client [12:24:36 07/23/09] packet size: 1 CRYPTED, Flags: 7f ServerSeq: 48 ClientSeq: 12
42 
B

Client->GAME [12:24:36 07/23/09] packet size: 1 CRYPTED, Flags: 7f ServerSeq: 15 ClientSeq: 63
02 
.

GAME->Client [12:24:36 07/23/09] packet size: 5 CRYPTED, Flags: 7f ServerSeq: 49 ClientSeq: 14
c2 54 b9 11 49 
.T..I

GAME->Client [12:24:36 07/23/09] packet size: 1 CRYPTED, Flags: 7f ServerSeq: 50 ClientSeq: 15
42 
B

GAME->Client [12:24:36 07/23/09] packet size: 1 CRYPTED, Flags: 7f ServerSeq: 51 ClientSeq: 15
42 
B

Client->GAME [12:24:36 07/23/09] packet size: 13 CRYPTED, Flags: 0 ServerSeq: 0 ClientSeq: 1
22 04 01 00 00 01 06 81 51 00 00 00 00 
".......Q....

GAME->Client [12:24:36 07/23/09] packet size: 1 CRYPTED, Flags: 7f ServerSeq: 52 ClientSeq: 15
42 
B

GAME->Client [12:24:36 07/23/09] packet size: 143 CRYPTED, Flags: 0 ServerSeq: 1 ClientSeq: 0
82 5d b9 11 49 04 01 00 00 03 6e 06 0e 00 01 00 00 00 5d b9 11 49 01 44 00 34 00 72 65 73 6f 75 
72 63 65 2f 77 6f 72 6c 64 73 2f 66 69 6e 61 6c 5f 77 6f 72 6c 64 2f 73 6c 75 6d 73 5f 62 61 72 
72 65 6e 73 5f 66 75 6c 6c 2e 6d 65 74 72 00 28 00 48 61 6c 6c 6f 77 65 65 6e 5f 45 76 65 6e 74 
2c 57 69 6e 74 65 72 33 48 61 6c 6c 6f 77 65 65 6e 46 6c 79 54 53 45 43 00 0a 80 e5 e7 cb c0 12 
00 00 00 00 0a 80 e4 3b 6f da 00 00 00 00 00 
.]..I.....n.......]..I.D.4.resource/worlds/final_world/slums_barrens_full.metr.(.Halloween_Event
,Winter3HalloweenFlyTSEC...............;o......

GAME->Client [12:24:37 07/23/09] packet size: 72 CRYPTED, Flags: 0 ServerSeq: 2 ClientSeq: 0
02 04 01 00 03 01 41 81 67 17 00 27 00 1c 22 00 c6 01 11 00 00 00 00 00 00 00 37 00 00 08 0e 00 
41 66 74 65 72 57 68 6f 72 75 4e 65 6f 00 0e 00 41 66 74 65 72 57 68 6f 72 75 4e 65 6f 00 02 00 
4b 00 00 00 00 00 00 00 
......A.g..'.."...........7.....AfterWhoruNeo...AfterWhoruNeo...K.......

Client->GAME [12:24:37 07/23/09] packet size: 6 CRYPTED, Flags: 1 ServerSeq: 1 ClientSeq: 2
02 05 02 0c 00 00 
......

Client->GAME [12:24:37 07/23/09] packet size: 8 CRYPTED, Flags: 1 ServerSeq: 1 ClientSeq: 3
02 04 01 00 01 01 01 05 
........

Client->GAME [12:24:37 07/23/09] packet size: 13 CRYPTED, Flags: 3 ServerSeq: 2 ClientSeq: 4
02 04 01 00 00 01 06 81 51 00 00 00 00 
........Q....

GAME->Client [12:24:37 07/23/09] packet size: 1 CRYPTED, Flags: 2 ServerSeq: 3 ClientSeq: 2
02 
.

GAME->Client [12:24:38 07/23/09] packet size: 219 CRYPTED, Flags: b ServerSeq: 4 ClientSeq: 4
02 03 01 00 0c 0c 00 22 cd ab 1c 8b 81 ff 71 02 00 00 41 6e 64 65 72 73 6f 6e 00 00 00 00 00 00 
00 00 00 00 00 00 00 00 00 00 00 00 00 00 00 00 00 00 90 54 68 6f 6d 61 73 00 00 00 00 00 00 00 
00 00 00 00 00 00 00 00 00 00 00 00 00 00 00 00 00 00 00 80 d8 28 0a 25 00 00 00 01 8e 81 ff f7 
00 31 5e 00 00 c6 67 00 41 66 74 65 72 57 68 6f 72 75 4e 65 6f 00 00 00 00 00 00 00 00 00 00 00 
00 00 00 00 00 00 00 00 28 0a fd 64 01 00 00 67 00 75 d4 01 00 4b b1 00 00 00 00 23 1a e9 90 80 
b0 04 02 02 8e 00 00 00 f7 00 9d 00 00 00 00 20 3c fc 40 00 00 00 00 fe b7 85 40 00 00 00 00 00 
c0 b2 40 81 ff 32 22 80 89 de 47 93 23 80 1c 01 11 00 00 00 67 00 02 00 00 00 00 
......."......q...Anderson.........................Thomas............................(.%........
.1^...g.AfterWhoruNeo...................(..d...g.u...K.....#................... <.@.......@.....
..@..2"...G.#.......g......

Client->GAME [12:24:39 07/23/09] packet size: 55 CRYPTED, Flags: f ServerSeq: 4 ClientSeq: 5
02 03 02 00 02 60 08 41 6e 64 65 72 73 6f 6e 06 54 68 6f 6d 61 73 00 00 04 01 00 02 05 02 80 be 
07 3f 45 00 10 00 00 00 08 3e 6b ee 03 00 00 00 00 02 81 48 02 0c 01 
.....`.Anderson.Thomas...........?E......>k........H...

GAME->Client [12:24:39 07/23/09] packet size: 730 CRYPTED, Flags: 17 ServerSeq: 5 ClientSeq: 5
82 85 b9 11 49 03 01 00 08 d0 20 23 03 f0 3d ba cd ab 07 fd 00 00 00 00 90 0d fc 40 00 00 00 00 
00 b8 85 40 00 00 00 00 00 04 a0 40 53 61 6e 64 79 00 00 00 00 00 00 00 00 00 00 00 00 00 00 00 
00 00 00 00 00 00 00 00 00 00 00 00 00 00 00 00 00 00 00 00 00 00 00 00 00 00 00 00 00 00 00 00 
00 00 00 00 00 00 00 00 00 00 00 00 02 00 00 3a 00 17 0b 00 58 00 00 01 00 11 00 00 01 00 08 a3 
01 6b 01 f0 3d b3 cd ab 03 88 00 00 00 00 ff ff 7f 3f 00 00 00 00 f3 04 35 33 22 00 00 00 00 40 
f4 fb 40 00 00 00 00 00 90 75 40 00 00 00 00 00 40 af 40 ff ff ff ff 0f 00 00 01 00 0c 57 02 b5 
cd ab 19 8e 43 72 6f 73 73 62 6f 6e 65 73 20 54 61 72 00 00 00 00 00 00 00 00 00 00 00 00 00 00 
00 00 00 00 00 10 00 00 22 95 01 44 b5 1c 00 c6 a1 01 d7 c3 58 03 00 08 1d 0a 00 28 00 00 00 80 
4e 2a fc 40 00 00 00 00 00 68 85 40 00 00 00 40 1c 2e bc 40 d2 56 00 00 00 05 01 aa 02 0c 01 a8 
07 00 00 b2 09 51 01 fd 07 00 00 81 06 0a 00 00 06 01 35 08 00 00 0d 00 00 01 00 08 d0 20 21 03 
f0 3d bb cd ab 08 fd 00 00 00 00 17 e2 fc 40 00 00 00 00 00 b8 85 40 00 00 00 00 6e 09 b0 40 4b 
65 65 6e 65 79 00 00 00 00 00 00 00 00 00 00 00 00 00 00 00 00 00 00 00 00 00 00 00 00 00 00 00 
00 00 00 00 00 00 00 00 00 00 00 00 00 00 00 00 00 00 00 00 00 00 00 00 00 00 00 00 00 00 00 02 
00 00 3a 00 1a 0b 00 58 00 00 03 00 00 00 00 00 2b fa 0e bc 00 00 00 00 81 fd 7f 3f 0b 00 00 00 
00 04 01 00 04 0c 16 80 bc 56 00 94 00 00 c5 a7 00 00 7e 02 16 00 00 00 01 00 00 00 00 16 80 bc 
56 00 95 00 00 c5 a7 00 00 cc 00 19 00 00 00 01 00 00 00 00 16 80 bc 56 00 96 00 00 c5 a7 00 00 
41 02 28 00 00 00 01 00 00 00 00 16 80 bc 56 00 97 00 00 c5 a7 00 00 09 04 16 00 00 00 01 00 00 
00 00 16 80 bc 56 00 98 00 00 c5 a7 00 00 16 04 01 00 00 00 01 00 00 00 00 16 80 bc 56 00 dc 00 
00 c5 a7 00 00 7e 02 16 00 00 00 00 00 00 00 00 16 80 bc 56 00 dd 00 00 c5 a7 00 00 cc 00 19 00 
00 00 00 00 00 00 00 16 80 bc 56 00 de 00 00 c5 a7 00 00 41 02 28 00 00 00 00 00 00 00 00 16 80 
bc 56 00 df 00 00 c5 a7 00 00 09 04 16 00 00 00 00 00 00 00 00 16 80 bc 56 00 e0 00 00 c5 a7 00 
00 16 04 01 00 00 00 00 00 00 00 00 16 80 bc 56 00 99 00 00 95 b7 00 00 b4 00 16 00 00 00 01 00 
00 00 00 16 80 bc 56 00 9a 00 00 95 b7 00 00 09 04 16 00 00 00 01 00 00 00 00 
....I..... #..=............@.......@.......@Sandy...............................................
...............:....X............k..=............?......53"....@..@......u@.....@.@..........W..
....Crossbones Tar......................"..D........X......(....N*.@.....h.@...@...@.V..........
.....Q............5.......... !..=............@.......@....n..@Keeney...........................
..................................:....X........+..........?.............V........~.............
V......................V........A.(...........V......................V......................V...
.....~.............V......................V........A.(...........V......................V.......
...............V......................V...................

GAME->Client [12:24:39 07/23/09] packet size: 705 CRYPTED, Flags: 17 ServerSeq: 6 ClientSeq: 5
02 03 01 00 08 50 02 13 03 f0 3d 29 cd ab 02 09 00 00 00 00 20 3c fc 40 00 00 00 00 00 d0 86 40 
00 00 00 00 00 24 b3 40 00 00 00 00 00 00 80 3f 00 00 00 00 2e bd 3b b3 09 00 00 01 00 08 b5 19 
16 03 f0 3d 05 cd ab 02 03 00 00 00 00 10 29 fc 40 00 00 00 00 00 28 84 40 00 00 00 00 00 47 b3 
40 00 00 00 00 00 00 80 3f 00 00 00 00 2e bd 3b b3 07 00 00 01 00 08 d0 20 94 0a 50 46 be cd ab 
08 fd 00 00 00 00 c0 de fa 40 00 00 00 00 00 e8 85 40 00 00 00 00 00 a0 6e 40 43 61 6c 6c 00 00 
00 00 00 00 00 00 00 00 00 00 00 00 00 00 00 00 00 00 00 00 00 00 00 00 00 00 00 00 00 00 00 00 
00 00 00 00 00 00 00 00 00 00 00 00 00 00 00 00 00 00 00 00 00 00 00 00 00 00 02 00 00 3a 00 1c 
0b 00 58 00 00 03 00 00 00 00 00 f2 04 35 3f 00 00 00 00 f3 04 35 3f 05 00 00 01 00 08 4d 95 24 
03 f0 3d 5b cd ab 02 09 00 00 00 00 00 8f fb 40 00 00 00 00 00 b8 85 40 00 00 00 00 00 c0 77 c0 
00 00 00 00 f2 04 35 3f 00 00 00 00 f3 04 35 3f 03 00 00 00 00 04 01 00 10 11 16 80 bc 56 00 9b 
00 00 95 b7 00 00 9d 00 16 00 00 00 01 00 00 00 00 16 80 bc 56 00 9c 00 00 95 b7 00 00 b5 00 16 
00 00 00 01 00 00 00 00 16 80 bc 56 00 e1 00 00 95 b7 00 00 b4 00 16 00 00 00 00 00 00 00 00 16 
80 bc 56 00 e2 00 00 95 b7 00 00 09 04 16 00 00 00 00 00 00 00 00 16 80 bc 56 00 e3 00 00 95 b7 
00 00 9d 00 16 00 00 00 00 00 00 00 00 16 80 bc 56 00 e4 00 00 95 b7 00 00 b5 00 16 00 00 00 00 
00 00 00 00 16 80 bc 56 00 9d 00 00 24 b3 00 00 89 02 02 00 00 00 01 00 00 00 00 16 80 bc 56 00 
9e 00 00 24 b3 00 00 1a 04 01 00 00 00 01 00 00 00 00 16 80 bc 56 00 9f 00 00 24 b3 00 00 b4 00 
21 00 00 00 01 00 00 00 00 16 80 bc 56 00 a0 00 00 24 b3 00 00 09 04 21 00 00 00 01 00 00 00 00 
16 80 bc 56 00 a1 00 00 24 b3 00 00 15 04 02 00 00 00 01 00 00 00 00 16 80 bc 56 00 a2 00 00 24 
b3 00 00 b5 00 21 00 00 00 01 00 00 00 00 16 80 bc 56 00 e5 00 00 24 b3 00 00 89 02 02 00 00 00 
00 00 00 00 00 16 80 bc 56 00 e6 00 00 24 b3 00 00 1a 04 01 00 00 00 00 00 00 00 00 16 80 bc 56 
00 e7 00 00 24 b3 00 00 b4 00 21 00 00 00 00 00 00 00 00 16 80 bc 56 00 e8 00 00 24 b3 00 00 09 
04 21 00 00 00 00 00 00 00 00 16 80 bc 56 00 e9 00 00 24 b3 00 00 15 04 02 00 00 00 00 00 00 00 
00 
.....P....=)........ <.@.......@.....$.@.......?......;............=..........).@.....(.@.....G.
@.......?......;........ ..PF............@.......@......n@Call..................................
.............................:....X..........5?......5?......M.$..=[...........@.......@......w.
......5?......5?.............V......................V......................V....................
..V......................V......................V......................V....$.................V.
...$.................V....$.....!...........V....$.....!...........V....$.................V....$
.....!...........V....$.................V....$.................V....$.....!...........V....$....
.!...........V....$..............

GAME->Client [12:24:39 07/23/09] packet size: 696 CRYPTED, Flags: 17 ServerSeq: 7 ClientSeq: 5
02 04 01 00 21 1e 16 80 bc 56 00 ea 00 00 24 b3 00 00 b5 00 21 00 00 00 00 00 00 00 00 16 80 bc 
56 00 a3 00 00 95 a7 00 00 b4 00 12 00 00 00 01 00 00 00 00 16 80 bc 56 00 a4 00 00 95 a7 00 00 
b5 00 12 00 00 00 01 00 00 00 00 16 80 bc 56 00 a5 00 00 95 a7 00 00 09 04 12 00 00 00 01 00 00 
00 00 16 80 bc 56 00 a6 00 00 95 a7 00 00 70 00 0f 00 00 00 01 00 00 00 00 16 80 bc 56 00 eb 00 
00 95 a7 00 00 b4 00 12 00 00 00 00 00 00 00 00 16 80 bc 56 00 ec 00 00 95 a7 00 00 b5 00 12 00 
00 00 00 00 00 00 00 16 80 bc 56 00 ed 00 00 95 a7 00 00 09 04 12 00 00 00 00 00 00 00 00 16 80 
bc 56 00 ee 00 00 95 a7 00 00 70 00 0f 00 00 00 00 00 00 00 00 16 80 bc 56 00 a7 00 00 2c b3 00 
00 17 04 01 00 00 00 01 00 00 00 00 16 80 bc 56 00 a8 00 00 2c b3 00 00 b4 00 21 00 00 00 01 00 
00 00 00 16 80 bc 56 00 a9 00 00 2c b3 00 00 09 04 21 00 00 00 01 00 00 00 00 16 80 bc 56 00 aa 
00 00 2c b3 00 00 12 04 02 00 00 00 01 00 00 00 00 16 80 bc 56 00 ab 00 00 2c b3 00 00 07 04 02 
00 00 00 01 00 00 00 00 16 80 bc 56 00 ac 00 00 2c b3 00 00 b5 00 21 00 00 00 01 00 00 00 00 16 
80 bc 56 00 ef 00 00 2c b3 00 00 17 04 01 00 00 00 00 00 00 00 00 16 80 bc 56 00 f0 00 00 2c b3 
00 00 b4 00 21 00 00 00 00 00 00 00 00 16 80 bc 56 00 f1 00 00 2c b3 00 00 09 04 21 00 00 00 00 
00 00 00 00 16 80 bc 56 00 f2 00 00 2c b3 00 00 12 04 02 00 00 00 00 00 00 00 00 16 80 bc 56 00 
f3 00 00 2c b3 00 00 07 04 02 00 00 00 00 00 00 00 00 16 80 bc 56 00 f4 00 00 2c b3 00 00 b5 00 
21 00 00 00 00 00 00 00 00 16 80 bc 56 00 ad 00 00 c3 b2 00 00 89 02 02 00 00 00 01 00 00 00 00 
16 80 bc 56 00 ae 00 00 c3 b2 00 00 21 04 02 00 00 00 01 00 00 00 00 16 80 bc 56 00 af 00 00 c3 
b2 00 00 b4 00 1f 00 00 00 01 00 00 00 00 16 80 bc 56 00 b0 00 00 c3 b2 00 00 09 04 1f 00 00 00 
01 00 00 00 00 16 80 bc 56 00 b1 00 00 c3 b2 00 00 1e 04 01 00 00 00 01 00 00 00 00 16 80 bc 56 
00 b2 00 00 c3 b2 00 00 9d 00 1f 00 00 00 01 00 00 00 00 16 80 bc 56 00 f5 00 00 c3 b2 00 00 89 
02 02 00 00 00 00 00 00 00 00 16 80 bc 56 00 f6 00 00 c3 b2 00 00 21 04 02 00 00 00 00 00 00 00 
00 16 80 bc 56 00 f7 00 00 c3 b2 00 00 b4 00 1f 00 00 00 00 00 00 00 00 
....!....V....$.....!...........V......................V......................V.................
.....V........p.............V......................V......................V.....................
.V........p.............V....,.................V....,.....!...........V....,.....!...........V..
..,.................V....,.................V....,.....!...........V....,.................V....,.
....!...........V....,.....!...........V....,.................V....,.................V....,.....
!...........V......................V........!.............V......................V..............
........V......................V......................V......................V........!.........
....V...................

Client->GAME [12:24:39 07/23/09] packet size: 1 CRYPTED, Flags: 3f ServerSeq: 6 ClientSeq: 6
02 
.

Client->GAME [12:24:39 07/23/09] packet size: 1 CRYPTED, Flags: 7f ServerSeq: 7 ClientSeq: 7
02 
.

GAME->Client [12:24:39 07/23/09] packet size: 700 CRYPTED, Flags: 17 ServerSeq: 8 ClientSeq: 5
02 04 02 00 3f 04 16 80 bc 56 00 f8 00 00 c3 b2 00 00 09 04 1f 00 00 00 00 00 00 00 00 16 80 bc 
56 00 f9 00 00 c3 b2 00 00 1e 04 01 00 00 00 00 00 00 00 00 16 80 bc 56 00 fa 00 00 c3 b2 00 00 
9d 00 1f 00 00 00 00 00 00 00 00 16 80 bc 15 00 d2 00 00 11 00 00 00 ab 00 0d 00 00 00 01 00 00 
00 00 00 43 1b 16 80 bc 15 00 d3 00 00 11 00 00 00 0a 02 4d 00 00 00 01 00 00 00 00 16 80 bc 15 
00 d4 00 00 11 00 00 00 f2 03 34 00 00 00 01 00 00 00 00 16 80 bc 15 00 d5 00 00 11 00 00 00 ed 
03 4d 00 00 00 01 00 00 00 00 16 80 bc 15 00 d6 00 00 11 00 00 00 9f 00 19 00 00 00 01 00 00 00 
00 16 80 bc 15 00 d7 00 00 11 00 00 00 f1 03 34 00 00 00 01 00 00 00 00 16 80 bc 15 00 d8 00 00 
11 00 00 00 0c 02 34 00 00 00 01 00 00 00 00 16 80 bc 15 00 d9 00 00 11 00 00 00 b7 00 4c 00 00 
00 01 00 00 00 00 16 80 bc 15 00 da 00 00 11 00 00 00 f3 03 46 00 00 00 01 00 00 00 00 0b 80 bd 
05 11 00 00 00 00 00 00 00 16 80 bc 15 00 fb 00 00 11 00 00 00 ab 00 0d 00 00 00 00 00 00 00 00 
16 80 bc 15 00 fc 00 00 11 00 00 00 0a 02 4d 00 00 00 00 00 00 00 00 16 80 bc 15 00 fd 00 00 11 
00 00 00 f2 03 34 00 00 00 00 00 00 00 00 16 80 bc 15 00 fe 00 00 11 00 00 00 ed 03 4d 00 00 00 
00 00 00 00 00 16 80 bc 15 00 ff 00 00 11 00 00 00 9f 00 19 00 00 00 00 00 00 00 00 16 80 bc 15 
00 00 01 00 11 00 00 00 f1 03 34 00 00 00 00 00 00 00 00 16 80 bc 15 00 01 01 00 11 00 00 00 0c 
02 34 00 00 00 00 00 00 00 00 16 80 bc 15 00 02 01 00 11 00 00 00 b7 00 4c 00 00 00 00 00 00 00 
00 16 80 bc 15 00 03 01 00 11 00 00 00 f3 03 46 00 00 00 00 00 00 00 00 0b 80 bd 05 11 00 00 00 
00 00 00 01 16 80 bc 15 00 fb 00 00 11 00 00 00 ab 00 0d 00 00 00 01 00 00 00 00 16 80 bc 15 00 
fc 00 00 11 00 00 00 0a 02 4d 00 00 00 01 00 00 00 00 16 80 bc 15 00 fd 00 00 11 00 00 00 f2 03 
34 00 00 00 01 00 00 00 00 16 80 bc 15 00 fe 00 00 11 00 00 00 ed 03 4d 00 00 00 01 00 00 00 00 
16 80 bc 15 00 ff 00 00 11 00 00 00 9f 00 19 00 00 00 01 00 00 00 00 16 80 bc 15 00 00 01 00 11 
00 00 00 f1 03 34 00 00 00 01 00 00 00 00 16 80 bc 15 00 01 01 00 11 00 00 00 0c 02 34 00 00 00 
01 00 00 00 00 16 80 bc 15 00 02 01 00 11 00 00 00 b7 00 4c 00 00 00 01 00 00 00 00 
....?....V......................V......................V........................................
...C...............M......................4......................M..............................
...............4......................4......................L......................F...........
..............................................M......................4......................M...
..........................................4......................4......................L.......
...............F.........................................................M......................
4......................M.............................................4......................4...
...................L........

Client->GAME [12:24:40 07/23/09] packet size: 1 CRYPTED, Flags: 7f ServerSeq: 8 ClientSeq: 8
02 
.

GAME->Client [12:24:40 07/23/09] packet size: 701 CRYPTED, Flags: 5f ServerSeq: 9 ClientSeq: 7
02 04 01 00 5e 21 16 80 bc 15 00 03 01 00 11 00 00 00 f3 03 46 00 00 00 01 00 00 00 00 04 80 b3 
11 00 16 80 bc 45 03 11 00 00 02 00 00 00 11 00 32 00 00 00 01 00 00 00 00 16 80 bc 55 00 b3 00 
00 02 00 00 00 cc 00 0c 00 00 00 01 00 00 00 00 08 80 b2 11 00 32 00 08 02 16 80 bc 45 03 11 00 
00 02 00 00 00 11 00 32 00 00 00 00 00 00 00 00 16 80 bc 55 00 04 01 00 02 00 00 00 cc 00 0c 00 
00 00 00 00 00 00 00 16 80 bc 15 00 05 01 00 11 00 00 00 ab 00 0d 00 00 00 00 00 00 00 00 16 80 
bc 15 00 06 01 00 11 00 00 00 0a 02 4d 00 00 00 00 00 00 00 00 16 80 bc 15 00 07 01 00 11 00 00 
00 f2 03 34 00 00 00 00 00 00 00 00 16 80 bc 15 00 08 01 00 11 00 00 00 ed 03 4d 00 00 00 00 00 
00 00 00 16 80 bc 15 00 09 01 00 11 00 00 00 9f 00 19 00 00 00 00 00 00 00 00 16 80 bc 15 00 0a 
01 00 11 00 00 00 f1 03 34 00 00 00 00 00 00 00 00 16 80 bc 15 00 0b 01 00 11 00 00 00 0c 02 34 
00 00 00 00 00 00 00 00 16 80 bc 15 00 0c 01 00 11 00 00 00 b7 00 4c 00 00 00 00 00 00 00 00 16 
80 bc 15 00 0d 01 00 11 00 00 00 f3 03 46 00 00 00 00 00 00 00 00 16 80 bc 55 00 b4 00 00 0b 00 
00 00 37 02 96 00 00 00 01 00 00 00 00 16 80 bc 55 00 0e 01 00 0b 00 00 00 37 02 96 00 00 00 00 
00 00 00 00 16 80 bc 55 00 b5 00 00 2d 00 00 00 23 04 0a 00 00 00 01 00 00 00 00 16 80 bc 55 00 
b6 00 00 2d 00 00 00 20 04 0a 00 00 00 01 00 00 00 00 16 80 bc 55 00 b7 00 00 2d 00 00 00 19 04 
05 00 00 00 01 00 00 00 00 16 80 bc 55 00 b8 00 00 2d 00 00 00 42 04 05 00 00 00 01 00 00 00 00 
16 80 bc 55 00 0f 01 00 2d 00 00 00 23 04 0a 00 00 00 00 00 00 00 00 16 80 bc 55 00 10 01 00 2d 
00 00 00 20 04 0a 00 00 00 00 00 00 00 00 16 80 bc 55 00 11 01 00 2d 00 00 00 19 04 05 00 00 00 
00 00 00 00 00 16 80 bc 55 00 12 01 00 2d 00 00 00 42 04 05 00 00 00 00 00 00 00 00 16 80 bc 55 
00 b9 00 00 34 00 00 00 83 02 c8 00 00 00 01 00 00 00 00 16 80 bc 55 00 13 01 00 34 00 00 00 83 
02 c8 00 00 00 00 00 00 00 00 04 80 b3 3d 04 16 80 bc 45 03 3d 04 00 43 00 00 00 3d 04 00 00 00 
00 01 00 00 00 00 08 80 b2 3d 04 00 00 08 02 16 80 bc 45 03 3d 04 00 43 00 00 00 3d 04 00 00 00 
00 00 00 00 00 00 16 80 bc 55 00 ba 00 00 4b 00 00 00 1f 04 19 00 00 00 01 00 00 00 00 
....^!..............F................E..........2...........U........................2......E...
.......2...........U........................................................M...................
...4......................M.............................................4......................4
......................L......................F...........U........7.............U........7......
.......U....-...#.............U....-... .............U....-.................U....-...B..........
...U....-...#.............U....-... .............U....-.................U....-...B.............U
....4.................U....4.................=....E.=..C...=.............=........E.=..C...=....
.........U....K..............

Client->GAME [12:24:40 07/23/09] packet size: 1 CRYPTED, Flags: 7f ServerSeq: 9 ClientSeq: 9
02 
.

GAME->Client [12:24:40 07/23/09] packet size: 695 CRYPTED, Flags: 3f ServerSeq: 10 ClientSeq: 8
02 04 02 00 7f 08 16 80 bc 55 00 14 01 00 4b 00 00 00 1f 04 19 00 00 00 00 00 00 00 00 16 80 bc 
55 00 bb 00 00 5f 00 00 00 7c 04 0f 00 00 00 01 00 00 00 00 16 80 bc 55 00 bc 00 00 5f 00 00 00 
07 04 0f 00 00 00 01 00 00 00 00 16 80 bc 55 00 15 01 00 5f 00 00 00 7c 04 0f 00 00 00 00 00 00 
00 00 16 80 bc 55 00 16 01 00 5f 00 00 00 07 04 0f 00 00 00 00 00 00 00 00 16 80 bc 55 00 bd 00 
00 62 00 00 00 06 04 01 00 00 00 01 00 00 00 00 04 80 b3 35 04 16 80 bc 45 03 35 04 00 62 00 00 
00 35 04 00 00 00 00 01 00 00 00 00 00 87 1a 16 80 bc 55 00 be 00 00 62 00 00 00 15 04 01 00 00 
00 01 00 00 00 00 16 80 bc 55 00 17 01 00 62 00 00 00 06 04 01 00 00 00 00 00 00 00 00 08 80 b2 
35 04 00 00 08 02 16 80 bc 45 03 35 04 00 62 00 00 00 35 04 00 00 00 00 00 00 00 00 00 16 80 bc 
55 00 18 01 00 62 00 00 00 15 04 01 00 00 00 00 00 00 00 00 16 80 bc 55 00 bf 00 00 a5 00 00 00 
c0 02 05 00 00 00 01 00 00 00 00 16 80 bc 55 00 19 01 00 a5 00 00 00 c0 02 05 00 00 00 00 00 00 
00 00 16 80 bc 55 00 c0 00 00 d7 00 00 00 bf 02 05 00 00 00 01 00 00 00 00 16 80 bc 55 00 1a 01 
00 d7 00 00 00 bf 02 05 00 00 00 00 00 00 00 00 16 80 bc 55 00 c1 00 00 2a 01 00 00 7e 02 04 00 
00 00 01 00 00 00 00 16 80 bc 55 00 c2 00 00 2a 01 00 00 cc 00 00 00 00 00 01 00 00 00 00 16 80 
bc 55 00 1b 01 00 2a 01 00 00 7e 02 04 00 00 00 00 00 00 00 00 16 80 bc 55 00 1c 01 00 2a 01 00 
00 cc 00 00 00 00 00 00 00 00 00 00 04 80 b3 3e 04 16 80 bc 45 03 3e 04 00 4f 01 00 00 3e 04 00 
00 00 00 01 00 00 00 00 08 80 b2 3e 04 00 00 08 02 16 80 bc 45 03 3e 04 00 4f 01 00 00 3e 04 00 
00 00 00 00 00 00 00 00 16 80 bc 55 00 c3 00 00 5a 01 00 00 07 04 05 00 00 00 01 00 00 00 00 16 
80 bc 55 00 c4 00 00 5a 01 00 00 1d 04 0f 00 00 00 01 00 00 00 00 16 80 bc 55 00 1d 01 00 5a 01 
00 00 07 04 05 00 00 00 00 00 00 00 00 16 80 bc 55 00 1e 01 00 5a 01 00 00 1d 04 0f 00 00 00 00 
00 00 00 00 04 80 b3 3f 04 16 80 bc 45 03 3f 04 00 64 01 00 00 3f 04 00 00 00 00 01 00 00 00 00 
16 80 bc 55 00 c5 00 00 64 01 00 00 1f 04 05 00 00 00 01 00 00 00 00 08 80 b2 3f 04 00 00 08 02 
16 80 bc 45 03 3f 04 00 64 01 00 00 3f 04 00 00 00 00 00 00 00 00 00 
.........U....K.................U...._...|.............U...._.................U...._...|........
.....U...._.................U....b.................5....E.5..b...5................U....b........
.........U....b.................5........E.5..b...5.............U....b.................U........
..............U......................U......................U......................U....*...~...
..........U....*.................U....*...~.............U....*.................>....E.>..O...>..
...........>........E.>..O...>.............U....Z.................U....Z.................U....Z.
................U....Z.................?....E.?..d...?.............U....d.................?.....
...E.?..d...?..........

Client->GAME [12:24:40 07/23/09] packet size: 1 CRYPTED, Flags: 7f ServerSeq: 10 ClientSeq: 10
02 
.

GAME->Client [12:24:40 07/23/09] packet size: 710 CRYPTED, Flags: 7f ServerSeq: 11 ClientSeq: 9
02 04 01 00 a1 20 16 80 bc 55 00 1f 01 00 64 01 00 00 1f 04 05 00 00 00 00 00 00 00 00 16 80 bc 
55 00 c6 00 00 66 01 00 00 7b 04 05 00 00 00 01 00 00 00 00 16 80 bc 55 00 c7 00 00 66 01 00 00 
12 04 0a 00 00 00 01 00 00 00 00 16 80 bc 55 00 c8 00 00 66 01 00 00 06 04 0b 00 00 00 01 00 00 
00 00 16 80 bc 55 00 20 01 00 66 01 00 00 7b 04 05 00 00 00 00 00 00 00 00 16 80 bc 55 00 21 01 
00 66 01 00 00 12 04 0a 00 00 00 00 00 00 00 00 16 80 bc 55 00 22 01 00 66 01 00 00 06 04 0b 00 
00 00 00 00 00 00 00 16 80 bc 55 00 c9 00 00 8e 01 00 00 03 04 05 00 00 00 01 00 00 00 00 16 80 
bc 55 00 ca 00 00 8e 01 00 00 12 04 0f 00 00 00 01 00 00 00 00 16 80 bc 55 00 cb 00 00 8e 01 00 
00 77 04 05 00 00 00 01 00 00 00 00 16 80 bc 55 00 23 01 00 8e 01 00 00 03 04 05 00 00 00 00 00 
00 00 00 16 80 bc 55 00 24 01 00 8e 01 00 00 12 04 0f 00 00 00 00 00 00 00 00 16 80 bc 55 00 25 
01 00 8e 01 00 00 77 04 05 00 00 00 00 00 00 00 00 16 80 bc 55 00 cc 00 00 cd 01 00 00 e5 03 05 
00 00 00 01 00 00 00 00 16 80 bc 55 00 cd 00 00 cd 01 00 00 73 04 05 00 00 00 01 00 00 00 00 16 
80 bc 55 00 ce 00 00 cd 01 00 00 e3 03 0f 00 00 00 01 00 00 00 00 16 80 bc 55 00 26 01 00 cd 01 
00 00 e5 03 05 00 00 00 00 00 00 00 00 16 80 bc 55 00 27 01 00 cd 01 00 00 73 04 05 00 00 00 00 
00 00 00 00 16 80 bc 55 00 28 01 00 cd 01 00 00 e3 03 0f 00 00 00 00 00 00 00 00 04 80 b3 40 04 
16 80 bc 45 03 40 04 00 d5 01 00 00 40 04 00 00 00 00 01 00 00 00 00 16 80 bc 55 00 cf 00 00 d5 
01 00 00 e3 03 05 00 00 00 01 00 00 00 00 08 80 b2 40 04 00 00 08 02 16 80 bc 45 03 40 04 00 d5 
01 00 00 40 04 00 00 00 00 00 00 00 00 00 16 80 bc 55 00 29 01 00 d5 01 00 00 e3 03 05 00 00 00 
00 00 00 00 00 16 80 bc 55 00 d0 00 00 36 02 00 00 37 02 0a 00 00 00 01 00 00 00 00 16 80 bc 55 
00 2a 01 00 36 02 00 00 37 02 0a 00 00 00 00 00 00 00 00 16 80 bc 55 00 d1 00 00 74 02 00 00 34 
02 1e 00 00 00 01 00 00 00 00 16 80 bc 55 00 2b 01 00 74 02 00 00 34 02 1e 00 00 00 00 00 00 00 
00 16 80 bc 15 00 05 01 00 11 00 00 00 ab 00 0d 00 00 00 01 00 00 00 00 16 80 bc 15 00 06 01 00 
11 00 00 00 0a 02 4d 00 00 00 01 00 00 00 00 16 80 bc 15 00 07 01 00 11 00 00 00 f2 03 34 00 00 
00 01 00 00 00 00 
..... ...U....d.................U....f...{.............U....f.................U....f............
.....U. ..f...{.............U.!..f.................U."..f.................U.....................
.U......................U........w.............U.#....................U.$....................U.%
......w.............U......................U........s.............U......................U.&....
................U.'......s.............U.(....................@....E.@......@.............U.....
.................@........E.@......@.............U.)....................U....6...7.............U
.*..6...7.............U....t...4.............U.+..t...4.........................................
......M......................4........

Client->GAME [12:24:40 07/23/09] packet size: 1 CRYPTED, Flags: 7f ServerSeq: 11 ClientSeq: 11
02 
.

GAME->Client [12:24:40 07/23/09] packet size: 703 CRYPTED, Flags: 7f ServerSeq: 12 ClientSeq: 10
02 04 02 00 c1 0b 16 80 bc 15 00 08 01 00 11 00 00 00 ed 03 4d 00 00 00 01 00 00 00 00 16 80 bc 
15 00 09 01 00 11 00 00 00 9f 00 19 00 00 00 01 00 00 00 00 16 80 bc 15 00 0a 01 00 11 00 00 00 
f1 03 34 00 00 00 01 00 00 00 00 16 80 bc 15 00 0b 01 00 11 00 00 00 0c 02 34 00 00 00 01 00 00 
00 00 16 80 bc 15 00 0c 01 00 11 00 00 00 b7 00 4c 00 00 00 01 00 00 00 00 16 80 bc 15 00 0d 01 
00 11 00 00 00 f3 03 46 00 00 00 01 00 00 00 00 0b 80 bd 05 11 00 00 00 00 00 00 00 16 80 bc 15 
00 2c 01 00 11 00 00 00 ab 00 0d 00 00 00 00 00 00 00 00 16 80 bc 15 00 2d 01 00 11 00 00 00 0a 
02 4d 00 00 00 00 00 00 00 00 16 80 bc 15 00 2e 01 00 11 00 00 00 f2 03 34 00 00 00 00 00 00 00 
00 16 80 bc 15 00 2f 01 00 11 00 00 00 ed 03 4d 00 00 00 00 00 00 00 00 00 cc 10 16 80 bc 15 00 
30 01 00 11 00 00 00 9f 00 19 00 00 00 00 00 00 00 00 16 80 bc 15 00 31 01 00 11 00 00 00 f1 03 
34 00 00 00 00 00 00 00 00 16 80 bc 15 00 32 01 00 11 00 00 00 0c 02 34 00 00 00 00 00 00 00 00 
16 80 bc 15 00 33 01 00 11 00 00 00 b7 00 4c 00 00 00 00 00 00 00 00 16 80 bc 15 00 34 01 00 11 
00 00 00 f3 03 46 00 00 00 00 00 00 00 00 0b 80 bd 05 11 00 00 00 00 00 00 01 17 3a 05 00 11 00 
0a 00 50 76 50 53 65 72 76 65 72 00 04 00 06 00 00 00 1d 3a 05 00 17 00 10 00 50 76 50 4d 61 78 
53 61 66 65 4c 65 76 65 6c 00 04 00 0f 00 00 00 3e 3a 05 00 14 00 0d 00 57 52 5f 52 65 7a 45 76 
65 6e 74 73 00 28 00 48 61 6c 6c 6f 77 65 65 6e 5f 45 76 65 6e 74 2c 57 69 6e 74 65 72 33 48 61 
6c 6c 6f 77 65 65 6e 46 6c 79 54 53 45 43 00 1b 3a 05 00 19 00 12 00 45 76 65 6e 74 53 6c 6f 74 
31 5f 45 66 66 65 63 74 00 00 00 28 3a 05 00 19 00 12 00 45 76 65 6e 74 53 6c 6f 74 32 5f 45 66 
66 65 63 74 00 0d 00 66 6c 79 6d 61 6e 5f 69 64 6c 65 33 00 25 3a 05 00 19 00 12 00 45 76 65 6e 
74 53 6c 6f 74 33 5f 45 66 66 65 63 74 00 0a 00 66 6c 79 5f 76 69 72 75 73 00 1f 3a 05 00 1b 00 
14 00 46 69 78 65 64 42 69 6e 6b 49 44 4f 76 65 72 72 69 64 65 00 02 00 20 00 16 80 bc 15 00 8e 
00 00 f7 03 00 00 08 02 00 00 00 00 00 00 00 00 00 16 80 bc 15 00 8f 00 00 f7 03 00 00 07 02 ec 
ff ff ff 00 00 00 00 00 16 80 bc 15 00 90 00 00 f7 03 00 00 50 04 00 00 00 00 00 00 00 00 00 
....................M.............................................4......................4......
................L......................F.........................,......................-.......
.M......................4............./........M................0......................1........
4.............2........4.............3........L.............4........F.....................:....
..PvPServer........:......PvPMaxSafeLevel.......>:......WR_RezEvents.(.Halloween_Event,Winter3Ha
lloweenFlyTSEC..:......EventSlot1_Effect...(:......EventSlot2_Effect...flyman_idle3.%:......Even
tSlot3_Effect...fly_virus..:......FixedBinkIDOverride... .......................................
....................P..........

Client->GAME [12:24:41 07/23/09] packet size: 1 CRYPTED, Flags: 7f ServerSeq: 12 ClientSeq: 12
02 
.

GAME->Client [12:24:41 07/23/09] packet size: 696 CRYPTED, Flags: 7f ServerSeq: 13 ClientSeq: 11
02 04 01 00 dc 1e 16 80 bc 15 00 91 00 00 f7 03 00 00 f4 03 00 00 00 00 00 00 00 00 00 16 80 bc 
15 00 92 00 00 f7 03 00 00 51 04 f6 ff ff ff 00 00 00 00 00 16 80 bc 15 00 93 00 00 f7 03 00 00 
52 04 0f 00 00 00 00 00 00 00 00 16 80 bc 11 00 db 00 00 00 00 00 00 cb 02 00 00 00 00 00 00 00 
00 00 16 80 bc 56 00 dc 00 00 c5 a7 00 00 7e 02 16 00 00 00 00 00 00 00 00 16 80 bc 56 00 dd 00 
00 c5 a7 00 00 cc 00 19 00 00 00 00 00 00 00 00 16 80 bc 56 00 de 00 00 c5 a7 00 00 41 02 28 00 
00 00 00 00 00 00 00 16 80 bc 56 00 df 00 00 c5 a7 00 00 09 04 16 00 00 00 00 00 00 00 00 16 80 
bc 56 00 e0 00 00 c5 a7 00 00 16 04 01 00 00 00 00 00 00 00 00 16 80 bc 56 00 e1 00 00 95 b7 00 
00 b4 00 16 00 00 00 00 00 00 00 00 16 80 bc 56 00 e2 00 00 95 b7 00 00 09 04 16 00 00 00 00 00 
00 00 00 16 80 bc 56 00 e3 00 00 95 b7 00 00 9d 00 16 00 00 00 00 00 00 00 00 16 80 bc 56 00 e4 
00 00 95 b7 00 00 b5 00 16 00 00 00 00 00 00 00 00 16 80 bc 56 00 e5 00 00 24 b3 00 00 89 02 02 
00 00 00 00 00 00 00 00 16 80 bc 56 00 e6 00 00 24 b3 00 00 1a 04 01 00 00 00 00 00 00 00 00 16 
80 bc 56 00 e7 00 00 24 b3 00 00 b4 00 21 00 00 00 00 00 00 00 00 16 80 bc 56 00 e8 00 00 24 b3 
00 00 09 04 21 00 00 00 00 00 00 00 00 16 80 bc 56 00 e9 00 00 24 b3 00 00 15 04 02 00 00 00 00 
00 00 00 00 16 80 bc 56 00 ea 00 00 24 b3 00 00 b5 00 21 00 00 00 00 00 00 00 00 16 80 bc 56 00 
eb 00 00 95 a7 00 00 b4 00 12 00 00 00 00 00 00 00 00 16 80 bc 56 00 ec 00 00 95 a7 00 00 b5 00 
12 00 00 00 00 00 00 00 00 16 80 bc 56 00 ed 00 00 95 a7 00 00 09 04 12 00 00 00 00 00 00 00 00 
16 80 bc 56 00 ee 00 00 95 a7 00 00 70 00 0f 00 00 00 00 00 00 00 00 16 80 bc 56 00 ef 00 00 2c 
b3 00 00 17 04 01 00 00 00 00 00 00 00 00 16 80 bc 56 00 f0 00 00 2c b3 00 00 b4 00 21 00 00 00 
00 00 00 00 00 16 80 bc 56 00 f1 00 00 2c b3 00 00 09 04 21 00 00 00 00 00 00 00 00 16 80 bc 56 
00 f2 00 00 2c b3 00 00 12 04 02 00 00 00 00 00 00 00 00 16 80 bc 56 00 f3 00 00 2c b3 00 00 07 
04 02 00 00 00 00 00 00 00 00 16 80 bc 56 00 f4 00 00 2c b3 00 00 b5 00 21 00 00 00 00 00 00 00 
00 16 80 bc 56 00 f5 00 00 c3 b2 00 00 89 02 02 00 00 00 00 00 00 00 00 
.........................................Q......................R...............................
.....V........~.............V......................V........A.(...........V.....................
.V......................V......................V......................V......................V..
....................V....$.................V....$.................V....$.....!...........V....$.
....!...........V....$.................V....$.....!...........V......................V..........
............V......................V........p.............V....,.................V....,.....!...
........V....,.....!...........V....,.................V....,.................V....,.....!.......
....V...................

Client->GAME [12:24:41 07/23/09] packet size: 1 CRYPTED, Flags: 7f ServerSeq: 13 ClientSeq: 13
02 
.

Client->GAME [12:24:41 07/23/09] packet size: 25 CRYPTED, Flags: 7f ServerSeq: 13 ClientSeq: 14
02 04 01 00 07 01 12 80 c9 07 00 00 00 00 2c c9 47 00 00 20 41 00 a0 0c 46 
..............,.G.. A...F

GAME->Client [12:24:41 07/23/09] packet size: 717 CRYPTED, Flags: 7f ServerSeq: 14 ClientSeq: 11
02 03 01 00 0c 57 02 23 cd ab 11 8e 43 72 6f 73 73 62 6f 6e 65 73 20 53 61 6c 74 00 00 00 00 00 
00 00 00 00 00 00 00 00 00 00 00 00 00 10 00 00 22 d4 f6 b6 1c 00 c6 01 80 c1 5a 03 00 08 00 00 
00 80 aa 21 fb 40 00 00 00 00 fe b7 85 40 00 00 00 80 19 db b8 40 c0 01 83 05 01 a8 07 c2 01 b2 
04 c2 01 07 08 00 00 80 02 01 0a 00 00 00 00 04 02 00 fa 0e 16 80 bc 56 00 f6 00 00 c3 b2 00 00 
21 04 02 00 00 00 00 00 00 00 00 16 80 bc 56 00 f7 00 00 c3 b2 00 00 b4 00 1f 00 00 00 00 00 00 
00 00 16 80 bc 56 00 f8 00 00 c3 b2 00 00 09 04 1f 00 00 00 00 00 00 00 00 16 80 bc 56 00 f9 00 
00 c3 b2 00 00 1e 04 01 00 00 00 00 00 00 00 00 16 80 bc 56 00 fa 00 00 c3 b2 00 00 9d 00 1f 00 
00 00 00 00 00 00 00 16 80 bc 55 00 04 01 00 02 00 00 00 cc 00 0c 00 00 00 00 00 00 00 00 16 80 
bc 55 00 0e 01 00 0b 00 00 00 37 02 96 00 00 00 00 00 00 00 00 16 80 bc 55 00 0f 01 00 2d 00 00 
00 23 04 0a 00 00 00 00 00 00 00 00 16 80 bc 55 00 10 01 00 2d 00 00 00 20 04 0a 00 00 00 00 00 
00 00 00 16 80 bc 55 00 11 01 00 2d 00 00 00 19 04 05 00 00 00 00 00 00 00 00 16 80 bc 55 00 12 
01 00 2d 00 00 00 42 04 05 00 00 00 00 00 00 00 00 16 80 bc 55 00 13 01 00 34 00 00 00 83 02 c8 
00 00 00 00 00 00 00 00 16 80 bc 55 00 14 01 00 4b 00 00 00 1f 04 19 00 00 00 00 00 00 00 00 16 
80 bc 55 00 15 01 00 5f 00 00 00 7c 04 0f 00 00 00 00 00 00 00 00 01 08 0c 16 80 bc 55 00 16 01 
00 5f 00 00 00 07 04 0f 00 00 00 00 00 00 00 00 16 80 bc 55 00 17 01 00 62 00 00 00 06 04 01 00 
00 00 00 00 00 00 00 16 80 bc 55 00 18 01 00 62 00 00 00 15 04 01 00 00 00 00 00 00 00 00 16 80 
bc 55 00 19 01 00 a5 00 00 00 c0 02 05 00 00 00 00 00 00 00 00 16 80 bc 55 00 1a 01 00 d7 00 00 
00 bf 02 05 00 00 00 00 00 00 00 00 16 80 bc 55 00 1b 01 00 2a 01 00 00 7e 02 04 00 00 00 00 00 
00 00 00 16 80 bc 55 00 1c 01 00 2a 01 00 00 cc 00 00 00 00 00 00 00 00 00 00 16 80 bc 55 00 1d 
01 00 5a 01 00 00 07 04 05 00 00 00 00 00 00 00 00 16 80 bc 55 00 1e 01 00 5a 01 00 00 1d 04 0f 
00 00 00 00 00 00 00 00 16 80 bc 55 00 1f 01 00 64 01 00 00 1f 04 05 00 00 00 00 00 00 00 00 16 
80 bc 55 00 20 01 00 66 01 00 00 7b 04 05 00 00 00 00 00 00 00 00 16 80 bc 55 00 21 01 00 66 01 
00 00 12 04 0a 00 00 00 00 00 00 00 00 
.....W.#....Crossbones Salt.....................".........Z........!.@.......@.......@..........
.......................V........!.............V......................V......................V...
...................V......................U......................U........7.............U....-..
.#.............U....-... .............U....-.................U....-...B.............U....4......
...........U....K.................U...._...|................U...._.................U....b.......
..........U....b.................U......................U......................U....*...~.......
......U....*.................U....Z.................U....Z.................U....d...............
..U. ..f...{.............U.!..f..............

GAME->Client [12:24:41 07/23/09] packet size: 684 CRYPTED, Flags: 7f ServerSeq: 15 ClientSeq: 13
02 03 01 00 02 13 00 0a 00 02 0c ec 54 0d d9 47 f0 bf 2d 44 cc d8 c6 45 00 00 04 01 01 14 1b 16 
80 bc 55 00 22 01 00 66 01 00 00 06 04 0b 00 00 00 00 00 00 00 00 16 80 bc 55 00 23 01 00 8e 01 
00 00 03 04 05 00 00 00 00 00 00 00 00 16 80 bc 55 00 24 01 00 8e 01 00 00 12 04 0f 00 00 00 00 
00 00 00 00 16 80 bc 55 00 25 01 00 8e 01 00 00 77 04 05 00 00 00 00 00 00 00 00 16 80 bc 55 00 
26 01 00 cd 01 00 00 e5 03 05 00 00 00 00 00 00 00 00 16 80 bc 55 00 27 01 00 cd 01 00 00 73 04 
05 00 00 00 00 00 00 00 00 16 80 bc 55 00 28 01 00 cd 01 00 00 e3 03 0f 00 00 00 00 00 00 00 00 
16 80 bc 55 00 29 01 00 d5 01 00 00 e3 03 05 00 00 00 00 00 00 00 00 16 80 bc 55 00 2a 01 00 36 
02 00 00 37 02 0a 00 00 00 00 00 00 00 00 16 80 bc 55 00 2b 01 00 74 02 00 00 34 02 1e 00 00 00 
00 00 00 00 00 16 80 bc 15 00 2c 01 00 11 00 00 00 ab 00 0d 00 00 00 00 00 00 00 00 16 80 bc 15 
00 2d 01 00 11 00 00 00 0a 02 4d 00 00 00 00 00 00 00 00 16 80 bc 15 00 2e 01 00 11 00 00 00 f2 
03 34 00 00 00 00 00 00 00 00 16 80 bc 15 00 2f 01 00 11 00 00 00 ed 03 4d 00 00 00 00 00 00 00 
00 16 80 bc 15 00 30 01 00 11 00 00 00 9f 00 19 00 00 00 00 00 00 00 00 16 80 bc 15 00 31 01 00 
11 00 00 00 f1 03 34 00 00 00 00 00 00 00 00 16 80 bc 15 00 32 01 00 11 00 00 00 0c 02 34 00 00 
00 00 00 00 00 00 16 80 bc 15 00 33 01 00 11 00 00 00 b7 00 4c 00 00 00 00 00 00 00 00 16 80 bc 
15 00 34 01 00 11 00 00 00 f3 03 46 00 00 00 00 00 00 00 00 16 80 bc 45 03 11 00 00 02 00 00 00 
11 00 32 00 00 00 00 00 00 00 00 16 80 bc 45 03 35 04 00 62 00 00 00 35 04 00 00 00 00 00 00 00 
00 00 16 80 bc 45 03 3d 04 00 43 00 00 00 3d 04 00 00 00 00 00 00 00 00 00 16 80 bc 45 03 3e 04 
00 4f 01 00 00 3e 04 00 00 00 00 00 00 00 00 00 16 80 bc 45 03 3f 04 00 64 01 00 00 3f 04 00 00 
00 00 00 00 00 00 00 16 80 bc 45 03 40 04 00 d5 01 00 00 40 04 00 00 00 00 00 00 00 00 00 0b 80 
bd 05 11 00 00 00 00 00 00 01 41 81 67 17 00 27 00 1c 22 00 c6 01 11 00 00 00 00 00 00 00 37 00 
00 08 0e 00 41 66 74 65 72 57 68 6f 72 75 4e 65 6f 00 0e 00 41 66 74 65 72 57 68 6f 72 75 4e 65 
6f 00 02 00 4d 00 00 00 00 00 00 00 
............T..G..-D...E..........U."..f.................U.#....................U.$.............
.......U.%......w.............U.&....................U.'......s.............U.(.................
...U.)....................U.*..6...7.............U.+..t...4...............,.....................
.-........M......................4............./........M.............0......................1..
......4.............2........4.............3........L.............4........F...........E........
..2...........E.5..b...5.............E.=..C...=.............E.>..O...>.............E.?..d...?...
..........E.@......@......................A.g..'.."...........7.....AfterWhoruNeo...AfterWhoruNe
o...M.......

Client->GAME [12:24:41 07/23/09] packet size: 1 CRYPTED, Flags: 7f ServerSeq: 15 ClientSeq: 15
02 
.

GAME->Client [12:24:41 07/23/09] packet size: 167 CRYPTED, Flags: 7f ServerSeq: 16 ClientSeq: 14
82 98 b9 11 49 03 01 00 02 13 00 0a 00 02 0c e2 54 0d d9 47 f0 bf 2d 44 cc d8 c6 45 00 00 04 01 
01 2f 02 41 81 67 17 00 27 00 1c 22 00 c6 01 11 00 00 00 00 00 00 00 37 00 00 08 0e 00 41 66 74 
65 72 57 68 6f 72 75 4e 65 6f 00 0e 00 41 66 74 65 72 57 68 6f 72 75 4e 65 6f 00 02 00 4d 00 00 
00 00 00 00 00 41 81 67 17 00 27 00 1c 22 00 c6 01 11 00 00 00 00 00 00 00 37 00 00 08 0e 00 41 
66 74 65 72 57 68 6f 72 75 4e 65 6f 00 0e 00 41 66 74 65 72 57 68 6f 72 75 4e 65 6f 00 02 00 4d 
00 00 00 00 00 00 00 
....I...........T..G..-D...E...../.A.g..'.."...........7.....AfterWhoruNeo...AfterWhoruNeo...M..
.....A.g..'.."...........7.....AfterWhoruNeo...AfterWhoruNeo...M.......

Client->GAME [12:24:41 07/23/09] packet size: 1 CRYPTED, Flags: 7f ServerSeq: 0 ClientSeq: 16
02 
.

GAME->Client [12:24:41 07/23/09] packet size: 26 CRYPTED, Flags: 7f ServerSeq: 17 ClientSeq: 14
02 03 01 00 02 13 00 0a 00 02 0c d8 54 0d d9 47 f0 bf 2d 44 cc d8 c6 45 00 00 
............T..G..-D...E..

Client->GAME [12:24:41 07/23/09] packet size: 1 CRYPTED, Flags: 7f ServerSeq: 1 ClientSeq: 17
02 
.

GAME->Client [12:24:41 07/23/09] packet size: 21 CRYPTED, Flags: 7f ServerSeq: 18 ClientSeq: 0
02 03 0a 00 02 0c cd 54 0d d9 47 f0 bf 2d 44 cc d8 c6 45 00 00 
.......T..G..-D...E..

Client->GAME [12:24:41 07/23/09] packet size: 1 CRYPTED, Flags: 7f ServerSeq: 2 ClientSeq: 18
02 
.

Client->GAME [12:24:41 07/23/09] packet size: 44 CRYPTED, Flags: 7f ServerSeq: 2 ClientSeq: 19
02 04 01 00 08 02 12 80 c9 07 00 20 40 00 14 cd 47 00 00 20 41 00 d0 84 46 12 80 c9 0e 00 20 40 
00 5c c1 47 00 00 20 41 00 d0 84 46 
........... @...G.. A...F..... @.\.G.. A...F

GAME->Client [12:24:41 07/23/09] packet size: 21 CRYPTED, Flags: 7f ServerSeq: 19 ClientSeq: 1
02 03 0a 00 02 0c c4 54 0d d9 47 f0 bf 2d 44 cc d8 c6 45 00 00 
.......T..G..-D...E..

Client->GAME [12:24:41 07/23/09] packet size: 1 CRYPTED, Flags: 7f ServerSeq: 3 ClientSeq: 20
02 
.

GAME->Client [12:24:41 07/23/09] packet size: 21 CRYPTED, Flags: 7f ServerSeq: 20 ClientSeq: 2
02 03 0a 00 02 0c ba 54 0d d9 47 f0 bf 2d 44 cc d8 c6 45 00 00 
.......T..G..-D...E..

Client->GAME [12:24:41 07/23/09] packet size: 1 CRYPTED, Flags: 7f ServerSeq: 4 ClientSeq: 21
02 
.

GAME->Client [12:24:42 07/23/09] packet size: 22 CRYPTED, Flags: 7f ServerSeq: 21 ClientSeq: 4
02 03 0a 00 02 0e 01 af ef 06 d9 47 f0 bf 2d 44 70 ab c6 45 00 00 
...........G..-Dp..E..

Client->GAME [12:24:42 07/23/09] packet size: 63 CRYPTED, Flags: 7f ServerSeq: 5 ClientSeq: 22
02 04 01 00 0a 03 12 80 c9 07 00 30 04 00 2c c9 47 00 80 18 44 00 a0 0c c6 12 80 c9 0e 00 30 04 
00 2c c9 47 00 00 20 41 00 f0 d2 c6 12 80 c9 07 00 70 30 00 54 ec 47 00 00 20 41 00 a0 0c c6 
...........0..,.G...D.........0..,.G.. A.........p0.T.G.. A....

GAME->Client [12:24:42 07/23/09] packet size: 435 CRYPTED, Flags: 7f ServerSeq: 22 ClientSeq: 5
02 03 01 00 0c 57 02 24 cd ab 12 8e 43 72 6f 73 73 62 6f 6e 65 73 20 54 61 72 00 00 00 00 00 00 
00 00 00 00 00 00 00 00 00 00 00 00 00 10 00 00 22 d4 dc b5 1c 00 c6 01 a0 01 c1 58 03 00 08 00 
00 00 7e 68 8b fc 40 00 00 00 00 00 68 85 40 00 00 00 40 20 13 be 40 c0 01 83 25 02 a8 07 51 01 
b2 09 51 01 38 21 00 00 80 02 01 0c 00 00 01 00 0c 57 02 25 cd ab 12 8e 43 72 6f 73 73 62 6f 6e 
65 73 20 54 61 72 00 00 00 00 00 00 00 00 00 00 00 00 00 00 00 00 00 00 00 10 00 00 22 d4 cc b5 
1c 00 c6 01 80 d1 58 03 00 08 0a 00 00 00 70 95 9f fc 40 00 00 00 00 00 68 85 40 00 00 00 c0 29 
95 b6 40 c0 01 83 01 02 a8 07 51 01 b2 09 51 01 07 08 00 00 80 02 01 04 00 00 01 00 0c 57 02 26 
cd ab 12 8e 43 72 6f 73 73 62 6f 6e 65 73 20 54 61 72 00 00 00 00 00 00 00 00 00 00 00 00 00 00 
00 00 00 00 00 10 00 00 22 d4 de b5 1c 00 c6 01 80 d1 58 03 00 08 0a 00 00 00 4c fb 95 fb 40 00 
00 00 00 fe b7 85 40 00 00 00 40 63 00 bb 40 c0 01 83 01 02 a8 07 51 01 b2 09 51 01 07 08 00 00 
80 02 01 10 00 00 01 00 0c 57 02 27 cd ab 11 8e 43 72 6f 73 73 62 6f 6e 65 73 20 42 75 6d 62 6f 
6f 00 00 00 00 00 00 00 00 00 00 00 00 00 00 00 00 10 00 00 22 d4 29 b4 1c 00 c6 01 80 c1 57 03 
00 08 00 00 00 c0 5c 2f fc 40 00 00 00 00 00 68 85 40 00 00 00 00 ee d3 ba 40 c0 01 83 04 03 a8 
07 e1 00 b2 09 e1 00 07 08 00 00 80 02 01 08 00 00 00 00 
.....W.$....Crossbones Tar......................"..........X......~h..@.....h.@...@ ..@...%...Q.
..Q.8!...........W.%....Crossbones Tar......................".........X.......p...@.....h.@....)
..@.......Q...Q..............W.&....Crossbones Tar......................".........X.......L...@.
......@...@c..@.......Q...Q..............W.'....Crossbones Bumboo...................".).......W.
......\/.@.....h.@.......@.........................

Client->GAME [12:24:42 07/23/09] packet size: 1 CRYPTED, Flags: 7f ServerSeq: 6 ClientSeq: 23
02 
.

GAME->Client [12:24:42 07/23/09] packet size: 55 CRYPTED, Flags: 7f ServerSeq: 23 ClientSeq: 5
02 03 01 00 02 07 00 0c 00 02 02 00 01 00 02 14 00 08 00 02 0e 01 33 3e 80 e1 47 00 40 2b 44 b0 
bb d6 45 0a 00 02 0e 01 a2 4a f5 d8 47 f0 bf 2d 44 3a cc c5 45 00 00 
......................3>..G.@+D...E......J..G..-D:..E..

Client->GAME [12:24:42 07/23/09] packet size: 1 CRYPTED, Flags: 7f ServerSeq: 7 ClientSeq: 24
02 
.

GAME->Client [12:24:42 07/23/09] packet size: 22 CRYPTED, Flags: 7f ServerSeq: 24 ClientSeq: 7
02 03 08 00 02 0e 01 3d 5f 8b e1 47 00 40 2b 44 e0 d3 d6 45 00 00 
.......=_..G.@+D...E..

Client->GAME [12:24:42 07/23/09] packet size: 1 CRYPTED, Flags: 7f ServerSeq: 8 ClientSeq: 25
02 
.

GAME->Client [12:24:42 07/23/09] packet size: 30 CRYPTED, Flags: 7f ServerSeq: 25 ClientSeq: 8
82 ab b9 11 49 03 0c 00 02 02 00 08 00 02 0c 3e a0 96 e1 47 00 40 2b 44 ba dc d6 45 00 00 
....I..........>...G.@+D...E..

Client->GAME [12:24:42 07/23/09] packet size: 1 CRYPTED, Flags: 7f ServerSeq: 9 ClientSeq: 26
02 
.

GAME->Client [12:24:42 07/23/09] packet size: 9 CRYPTED, Flags: 7f ServerSeq: 26 ClientSeq: 10
02 03 0c 00 02 02 00 00 00 
.........

Client->GAME [12:24:42 07/23/09] packet size: 1 CRYPTED, Flags: 7f ServerSeq: 10 ClientSeq: 27
02 
.

GAME->Client [12:24:42 07/23/09] packet size: 20 CRYPTED, Flags: 7f ServerSeq: 27 ClientSeq: 10
02 03 10 00 02 08 d6 7d dc 47 f0 bf 2d 44 68 d8 da 45 00 00 
.......}.G..-Dh..E..

Client->GAME [12:24:42 07/23/09] packet size: 1 CRYPTED, Flags: 7f ServerSeq: 11 ClientSeq: 28
02 
.

GAME->Client [12:24:42 07/23/09] packet size: 41 CRYPTED, Flags: 7f ServerSeq: 28 ClientSeq: 11
02 03 0c 00 02 02 00 0a 00 02 08 51 c3 d8 47 f0 bf 2d 44 86 f7 c2 45 04 00 02 08 26 b1 e4 47 00 
40 2b 44 a0 0e b6 45 00 00 
...........Q..G..-D...E....&..G.@+D...E..

Client->GAME [12:24:42 07/23/09] packet size: 1 CRYPTED, Flags: 7f ServerSeq: 12 ClientSeq: 29
02 
.

