GAME->Client [12:27:08 07/23/09] packet size: 14 CRYPTED, Flags: 7f ServerSeq: 519 ClientSeq: 515
82 c8 c2 11 49 03 02 00 02 80 04 00 00 00 
....I.........

Client->GAME [12:27:08 07/23/09] packet size: 1 CRYPTED, Flags: 7f ServerSeq: 519 ClientSeq: 596
02 
.

GAME->Client [12:27:08 07/23/09] packet size: 12 CRYPTED, Flags: 7f ServerSeq: 520 ClientSeq: 516
02 03 07 00 01 02 22 0c 00 00 00 00 
......".....

Client->GAME [12:27:09 07/23/09] packet size: 1 CRYPTED, Flags: 7f ServerSeq: 520 ClientSeq: 597
02 
.

GAME->Client [12:27:10 07/23/09] packet size: 12 CRYPTED, Flags: 7f ServerSeq: 521 ClientSeq: 517
02 03 07 00 01 02 1e 0c 00 00 00 00 
............

Client->GAME [12:27:11 07/23/09] packet size: 1 CRYPTED, Flags: 7f ServerSeq: 521 ClientSeq: 598
02 
.

GAME->Client [12:27:11 07/23/09] packet size: 705 CRYPTED, Flags: 7f ServerSeq: 522 ClientSeq: 517
82 f8 c2 11 49 04 02 01 41 02 24 2e 17 00 00 00 00 00 00 00 00 00 00 00 17 00 00 32 00 00 00 00 
00 00 00 00 00 00 00 00 00 00 00 00 00 00 00 0a 69 01 6a 00 00 00 00 20 01 00 01 43 1c 16 80 bc 
15 00 8e 00 00 f7 03 00 00 08 02 00 00 00 00 01 00 00 00 00 16 80 bc 15 00 8f 00 00 f7 03 00 00 
07 02 ec ff ff ff 01 00 00 00 00 16 80 bc 15 00 90 00 00 f7 03 00 00 50 04 00 00 00 00 01 00 00 
00 00 16 80 bc 15 00 91 00 00 f7 03 00 00 f4 03 00 00 00 00 01 00 00 00 00 16 80 bc 15 00 92 00 
00 f7 03 00 00 51 04 f6 ff ff ff 01 00 00 00 00 16 80 bc 15 00 93 00 00 f7 03 00 00 52 04 0f 00 
00 00 01 00 00 00 00 16 80 bc 11 00 db 00 00 00 00 00 00 cb 02 00 00 00 00 01 00 00 00 00 16 80 
bc 56 00 dc 00 00 c5 a7 00 00 7e 02 16 00 00 00 01 00 00 00 00 16 80 bc 56 00 dd 00 00 c5 a7 00 
00 cc 00 19 00 00 00 01 00 00 00 00 16 80 bc 56 00 de 00 00 c5 a7 00 00 41 02 28 00 00 00 01 00 
00 00 00 16 80 bc 56 00 df 00 00 c5 a7 00 00 09 04 16 00 00 00 01 00 00 00 00 16 80 bc 56 00 e0 
00 00 c5 a7 00 00 16 04 01 00 00 00 01 00 00 00 00 16 80 bc 56 00 e1 00 00 95 b7 00 00 b4 00 16 
00 00 00 01 00 00 00 00 16 80 bc 56 00 e2 00 00 95 b7 00 00 09 04 16 00 00 00 01 00 00 00 00 16 
80 bc 56 00 e3 00 00 95 b7 00 00 9d 00 16 00 00 00 01 00 00 00 00 16 80 bc 56 00 e4 00 00 95 b7 
00 00 b5 00 16 00 00 00 01 00 00 00 00 16 80 bc 56 00 e5 00 00 24 b3 00 00 89 02 02 00 00 00 01 
00 00 00 00 16 80 bc 56 00 e6 00 00 24 b3 00 00 1a 04 01 00 00 00 01 00 00 00 00 16 80 bc 56 00 
e7 00 00 24 b3 00 00 b4 00 21 00 00 00 01 00 00 00 00 16 80 bc 56 00 e8 00 00 24 b3 00 00 09 04 
21 00 00 00 01 00 00 00 00 16 80 bc 56 00 e9 00 00 24 b3 00 00 15 04 02 00 00 00 01 00 00 00 00 
16 80 bc 56 00 ea 00 00 24 b3 00 00 b5 00 21 00 00 00 01 00 00 00 00 16 80 bc 56 00 eb 00 00 95 
a7 00 00 b4 00 12 00 00 00 01 00 00 00 00 16 80 bc 56 00 ec 00 00 95 a7 00 00 b5 00 12 00 00 00 
01 00 00 00 00 16 80 bc 56 00 ed 00 00 95 a7 00 00 09 04 12 00 00 00 01 00 00 00 00 16 80 bc 56 
00 ee 00 00 95 a7 00 00 70 00 0f 00 00 00 01 00 00 00 00 16 80 bc 56 00 ef 00 00 2c b3 00 00 17 
04 01 00 00 00 01 00 00 00 00 16 80 bc 56 00 f0 00 00 2c b3 00 00 b4 00 21 00 00 00 01 00 00 00 
00 
....I...A.$................2....................i.j.... ...C....................................
.......................P.............................................Q......................R...
.................................V........~.............V......................V........A.(.....
......V......................V......................V......................V....................
..V......................V......................V....$.................V....$.................V.
...$.....!...........V....$.....!...........V....$.................V....$.....!...........V.....
.................V......................V......................V........p.............V....,....
.............V....,.....!........

Client->GAME [12:27:11 07/23/09] packet size: 1 CRYPTED, Flags: 7f ServerSeq: 522 ClientSeq: 599
02 
.

GAME->Client [12:27:11 07/23/09] packet size: 696 CRYPTED, Flags: 7f ServerSeq: 523 ClientSeq: 517
02 04 01 01 5f 1e 16 80 bc 56 00 f1 00 00 2c b3 00 00 09 04 21 00 00 00 01 00 00 00 00 16 80 bc 
56 00 f2 00 00 2c b3 00 00 12 04 02 00 00 00 01 00 00 00 00 16 80 bc 56 00 f3 00 00 2c b3 00 00 
07 04 02 00 00 00 01 00 00 00 00 16 80 bc 56 00 f4 00 00 2c b3 00 00 b5 00 21 00 00 00 01 00 00 
00 00 16 80 bc 56 00 f5 00 00 c3 b2 00 00 89 02 02 00 00 00 01 00 00 00 00 16 80 bc 56 00 f6 00 
00 c3 b2 00 00 21 04 02 00 00 00 01 00 00 00 00 16 80 bc 56 00 f7 00 00 c3 b2 00 00 b4 00 1f 00 
00 00 01 00 00 00 00 16 80 bc 56 00 f8 00 00 c3 b2 00 00 09 04 1f 00 00 00 01 00 00 00 00 16 80 
bc 56 00 f9 00 00 c3 b2 00 00 1e 04 01 00 00 00 01 00 00 00 00 16 80 bc 56 00 fa 00 00 c3 b2 00 
00 9d 00 1f 00 00 00 01 00 00 00 00 16 80 bc 55 00 04 01 00 02 00 00 00 cc 00 0c 00 00 00 01 00 
00 00 00 16 80 bc 55 00 0e 01 00 0b 00 00 00 37 02 96 00 00 00 01 00 00 00 00 16 80 bc 55 00 0f 
01 00 2d 00 00 00 23 04 0a 00 00 00 01 00 00 00 00 16 80 bc 55 00 10 01 00 2d 00 00 00 20 04 0a 
00 00 00 01 00 00 00 00 16 80 bc 55 00 11 01 00 2d 00 00 00 19 04 05 00 00 00 01 00 00 00 00 16 
80 bc 55 00 12 01 00 2d 00 00 00 42 04 05 00 00 00 01 00 00 00 00 16 80 bc 55 00 13 01 00 34 00 
00 00 83 02 c8 00 00 00 01 00 00 00 00 16 80 bc 55 00 14 01 00 4b 00 00 00 1f 04 19 00 00 00 01 
00 00 00 00 16 80 bc 55 00 15 01 00 5f 00 00 00 7c 04 0f 00 00 00 01 00 00 00 00 16 80 bc 55 00 
16 01 00 5f 00 00 00 07 04 0f 00 00 00 01 00 00 00 00 16 80 bc 55 00 17 01 00 62 00 00 00 06 04 
01 00 00 00 01 00 00 00 00 16 80 bc 55 00 18 01 00 62 00 00 00 15 04 01 00 00 00 01 00 00 00 00 
16 80 bc 55 00 19 01 00 a5 00 00 00 c0 02 05 00 00 00 01 00 00 00 00 16 80 bc 55 00 1a 01 00 d7 
00 00 00 bf 02 05 00 00 00 01 00 00 00 00 16 80 bc 55 00 1b 01 00 2a 01 00 00 7e 02 04 00 00 00 
01 00 00 00 00 16 80 bc 55 00 1c 01 00 2a 01 00 00 cc 00 00 00 00 00 01 00 00 00 00 16 80 bc 55 
00 1d 01 00 5a 01 00 00 07 04 05 00 00 00 01 00 00 00 00 16 80 bc 55 00 1e 01 00 5a 01 00 00 1d 
04 0f 00 00 00 01 00 00 00 00 16 80 bc 55 00 1f 01 00 64 01 00 00 1f 04 05 00 00 00 01 00 00 00 
00 16 80 bc 55 00 20 01 00 66 01 00 00 7b 04 05 00 00 00 01 00 00 00 00 
...._....V....,.....!...........V....,.................V....,.................V....,.....!......
.....V......................V........!.............V......................V.....................
.V......................V......................U......................U........7.............U..
..-...#.............U....-... .............U....-.................U....-...B.............U....4.
................U....K.................U...._...|.............U...._.................U....b.....
............U....b.................U......................U......................U....*...~.....
........U....*.................U....Z.................U....Z.................U....d.............
....U. ..f...{..........

Client->GAME [12:27:11 07/23/09] packet size: 1 CRYPTED, Flags: 7f ServerSeq: 523 ClientSeq: 600
02 
.

GAME->Client [12:27:11 07/23/09] packet size: 692 CRYPTED, Flags: 7f ServerSeq: 524 ClientSeq: 518
02 04 02 01 7d 05 16 80 bc 55 00 21 01 00 66 01 00 00 12 04 0a 00 00 00 01 00 00 00 00 16 80 bc 
55 00 22 01 00 66 01 00 00 06 04 0b 00 00 00 01 00 00 00 00 16 80 bc 55 00 23 01 00 8e 01 00 00 
03 04 05 00 00 00 01 00 00 00 00 16 80 bc 55 00 24 01 00 8e 01 00 00 12 04 0f 00 00 00 01 00 00 
00 00 16 80 bc 55 00 25 01 00 8e 01 00 00 77 04 05 00 00 00 01 00 00 00 00 01 82 1c 16 80 bc 55 
00 26 01 00 cd 01 00 00 e5 03 05 00 00 00 01 00 00 00 00 16 80 bc 55 00 27 01 00 cd 01 00 00 73 
04 05 00 00 00 01 00 00 00 00 16 80 bc 55 00 28 01 00 cd 01 00 00 e3 03 0f 00 00 00 01 00 00 00 
00 16 80 bc 55 00 29 01 00 d5 01 00 00 e3 03 05 00 00 00 01 00 00 00 00 16 80 bc 55 00 2a 01 00 
36 02 00 00 37 02 0a 00 00 00 01 00 00 00 00 16 80 bc 55 00 2b 01 00 74 02 00 00 34 02 1e 00 00 
00 01 00 00 00 00 16 80 bc 15 00 2c 01 00 11 00 00 00 ab 00 0d 00 00 00 01 00 00 00 00 16 80 bc 
15 00 2d 01 00 11 00 00 00 0a 02 4d 00 00 00 01 00 00 00 00 16 80 bc 15 00 2e 01 00 11 00 00 00 
f2 03 34 00 00 00 01 00 00 00 00 16 80 bc 15 00 2f 01 00 11 00 00 00 ed 03 4d 00 00 00 01 00 00 
00 00 16 80 bc 15 00 30 01 00 11 00 00 00 9f 00 19 00 00 00 01 00 00 00 00 16 80 bc 15 00 31 01 
00 11 00 00 00 f1 03 34 00 00 00 01 00 00 00 00 16 80 bc 15 00 32 01 00 11 00 00 00 0c 02 34 00 
00 00 01 00 00 00 00 16 80 bc 15 00 33 01 00 11 00 00 00 b7 00 4c 00 00 00 01 00 00 00 00 16 80 
bc 15 00 34 01 00 11 00 00 00 f3 03 46 00 00 00 01 00 00 00 00 16 80 bc 19 00 35 01 00 d9 00 00 
00 70 02 00 00 00 00 01 00 00 00 00 0b 80 bd 01 d9 00 04 00 00 f0 41 01 06 80 c1 19 00 c8 00 16 
80 bc 1d 00 36 01 00 70 02 00 00 00 00 00 00 00 00 01 00 00 00 00 0b 80 bd 05 d9 00 00 00 00 00 
00 00 16 80 bc 15 00 37 01 00 0c 00 00 00 6d 03 0a 00 00 00 01 0e 05 10 44 16 80 bc 15 00 38 01 
00 0c 00 00 00 6e 03 0a 00 00 00 01 0e 05 10 44 16 80 bc 1d 00 39 01 00 0c 00 00 00 73 00 2d 00 
00 00 01 0e 05 10 44 06 80 c1 00 00 c8 00 0b 80 bd 01 d9 00 04 00 00 f0 41 00 0b 80 bd 05 11 00 
00 00 00 00 00 00 16 80 bc 15 00 3a 01 00 11 00 00 00 ab 00 0c 00 00 00 00 00 00 00 00 16 80 bc 
15 00 3b 01 00 11 00 00 00 0a 02 4b 00 00 00 00 00 00 00 00 
....}....U.!..f.................U."..f.................U.#....................U.$...............
.....U.%......w................U.&....................U.'......s.............U.(................
....U.)....................U.*..6...7.............U.+..t...4...............,....................
..-........M......................4............./........M.............0......................1.
.......4.............2........4.............3........L.............4........F.............5.....
.p....................A.............6..p...............................7......m.........D.....8.
.....n.........D.....9......s.-.......D.................A..................:....................
..;........K........

Client->GAME [12:27:11 07/23/09] packet size: 1 CRYPTED, Flags: 7f ServerSeq: 524 ClientSeq: 601
02 
.

GAME->Client [12:27:11 07/23/09] packet size: 557 CRYPTED, Flags: 7f ServerSeq: 525 ClientSeq: 520
02 04 01 01 9e 1e 16 80 bc 15 00 3c 01 00 11 00 00 00 f2 03 31 00 00 00 00 00 00 00 00 16 80 bc 
15 00 3d 01 00 11 00 00 00 ed 03 4b 00 00 00 00 00 00 00 00 16 80 bc 15 00 3e 01 00 11 00 00 00 
9f 00 19 00 00 00 00 00 00 00 00 16 80 bc 15 00 3f 01 00 11 00 00 00 f1 03 31 00 00 00 00 00 00 
00 00 16 80 bc 15 00 40 01 00 11 00 00 00 0c 02 34 00 00 00 00 00 00 00 00 16 80 bc 15 00 41 01 
00 11 00 00 00 b7 00 46 00 00 00 00 00 00 00 00 16 80 bc 15 00 42 01 00 11 00 00 00 f3 03 46 00 
00 00 00 00 00 00 00 0b 80 bd 05 11 00 00 00 00 00 00 01 16 80 bc 15 00 3a 01 00 11 00 00 00 ab 
00 0c 00 00 00 01 00 00 00 00 16 80 bc 15 00 3b 01 00 11 00 00 00 0a 02 4b 00 00 00 01 00 00 00 
00 16 80 bc 15 00 3c 01 00 11 00 00 00 f2 03 31 00 00 00 01 00 00 00 00 16 80 bc 15 00 3d 01 00 
11 00 00 00 ed 03 4b 00 00 00 01 00 00 00 00 16 80 bc 15 00 3e 01 00 11 00 00 00 9f 00 19 00 00 
00 01 00 00 00 00 16 80 bc 15 00 3f 01 00 11 00 00 00 f1 03 31 00 00 00 01 00 00 00 00 16 80 bc 
15 00 40 01 00 11 00 00 00 0c 02 34 00 00 00 01 00 00 00 00 16 80 bc 15 00 41 01 00 11 00 00 00 
b7 00 46 00 00 00 01 00 00 00 00 16 80 bc 15 00 42 01 00 11 00 00 00 f3 03 46 00 00 00 01 00 00 
00 00 04 80 b3 11 00 16 80 bc 45 03 11 00 00 02 00 00 00 11 00 32 00 00 00 01 00 00 00 00 04 80 
b3 35 04 16 80 bc 45 03 35 04 00 62 00 00 00 35 04 00 00 00 00 01 00 00 00 00 04 80 b3 3d 04 16 
80 bc 45 03 3d 04 00 43 00 00 00 3d 04 00 00 00 00 01 00 00 00 00 04 80 b3 3e 04 16 80 bc 45 03 
3e 04 00 4f 01 00 00 3e 04 00 00 00 00 01 00 00 00 00 04 80 b3 3f 04 16 80 bc 45 03 3f 04 00 64 
01 00 00 3f 04 00 00 00 00 01 00 00 00 00 04 80 b3 40 04 16 80 bc 45 03 40 04 00 d5 01 00 00 40 
04 00 00 00 00 01 00 00 00 00 02 81 07 
...........<........1.............=........K.............>......................?........1......
.......@........4.............A........F.............B........F.........................:.......
...............;........K.............<........1.............=........K.............>...........
...........?........1.............@........4.............A........F.............B........F......
..........E..........2...........5....E.5..b...5.............=....E.=..C...=.............>....E.
>..O...>.............?....E.?..d...?.............@....E.@......@.............

Client->GAME [12:27:11 07/23/09] packet size: 13 CRYPTED, Flags: 7f ServerSeq: 525 ClientSeq: 602
02 04 01 00 3e 01 06 81 08 00 00 00 00 
....>........

GAME->Client [12:27:11 07/23/09] packet size: 1 CRYPTED, Flags: 7f ServerSeq: 526 ClientSeq: 522
02 
.

GAME->Client [12:27:12 07/23/09] packet size: 1 CRYPTED, Flags: 7f ServerSeq: 527 ClientSeq: 522
42 
B

Client->GAME [12:27:12 07/23/09] packet size: 1 CRYPTED, Flags: 7f ServerSeq: 526 ClientSeq: 603
02 
.

GAME->Client [12:27:12 07/23/09] packet size: 5 CRYPTED, Flags: 7f ServerSeq: 528 ClientSeq: 522
c2 0e c3 11 49 
....I

GAME->Client [12:27:12 07/23/09] packet size: 1 CRYPTED, Flags: 7f ServerSeq: 529 ClientSeq: 523
42 
B

GAME->Client [12:27:12 07/23/09] packet size: 1 CRYPTED, Flags: 7f ServerSeq: 530 ClientSeq: 523
42 
B

GAME->Client [12:27:12 07/23/09] packet size: 1 CRYPTED, Flags: 7f ServerSeq: 531 ClientSeq: 523
42 
B

GAME->Client [12:27:12 07/23/09] packet size: 1 CRYPTED, Flags: 7f ServerSeq: 532 ClientSeq: 523
42 
B

Client->GAME [12:27:12 07/23/09] packet size: 13 CRYPTED, Flags: 0 ServerSeq: 0 ClientSeq: 1
22 04 01 00 00 01 06 81 51 00 00 00 00 
".......Q....

GAME->Client [12:27:13 07/23/09] packet size: 1 CRYPTED, Flags: 7f ServerSeq: 533 ClientSeq: 523
42 
B

GAME->Client [12:27:13 07/23/09] packet size: 162 CRYPTED, Flags: 0 ServerSeq: 1 ClientSeq: 0
82 22 c3 11 49 04 01 00 00 03 80 80 06 0e 00 12 00 00 00 22 c3 11 49 01 56 00 46 00 72 65 73 6f 
75 72 63 65 2f 77 6f 72 6c 64 73 2f 66 69 6e 61 6c 5f 77 6f 72 6c 64 2f 63 6f 6e 73 74 72 75 63 
74 73 2f 61 72 63 68 69 76 65 2f 61 72 63 68 69 76 65 5f 73 61 74 69 2f 73 61 74 69 2e 6d 65 74 
72 00 28 00 48 61 6c 6c 6f 77 65 65 6e 5f 45 76 65 6e 74 2c 57 69 6e 74 65 72 33 48 61 6c 6c 6f 
77 65 65 6e 46 6c 79 54 53 45 43 00 0a 80 e5 e7 cb c0 12 00 00 00 00 0a 80 e4 3b 6f da 00 00 00 
00 00 
."..I.............."..I.V.F.resource/worlds/final_world/constructs/archive/archive_sati/sati.met
r.(.Halloween_Event,Winter3HalloweenFlyTSEC...............;o......

Client->GAME [12:27:13 07/23/09] packet size: 6 CRYPTED, Flags: 1 ServerSeq: 1 ClientSeq: 2
02 05 02 0c 00 00 
......

Client->GAME [12:27:13 07/23/09] packet size: 8 CRYPTED, Flags: 1 ServerSeq: 1 ClientSeq: 3
02 04 01 00 01 01 01 05 
........

Client->GAME [12:27:13 07/23/09] packet size: 13 CRYPTED, Flags: 1 ServerSeq: 1 ClientSeq: 4
02 04 01 00 00 01 06 81 51 00 00 00 00 
........Q....

GAME->Client [12:27:13 07/23/09] packet size: 125 CRYPTED, Flags: 2 ServerSeq: 2 ClientSeq: 2
02 04 01 00 03 02 34 2e 07 00 00 00 00 00 00 00 00 00 00 00 64 00 00 2e 00 24 00 00 00 00 00 00 
00 00 00 00 00 00 00 00 00 00 00 0e 00 41 66 74 65 72 57 68 6f 72 75 4e 65 6f 00 41 81 67 17 00 
27 00 1c 22 00 c6 01 11 00 00 00 00 00 00 00 37 00 00 08 0e 00 41 66 74 65 72 57 68 6f 72 75 4e 
65 6f 00 0e 00 41 66 74 65 72 57 68 6f 72 75 4e 65 6f 00 02 00 4b 00 00 00 00 00 00 00 
......4.............d....$...................AfterWhoruNeo.A.g..'.."...........7.....AfterWhoruN
eo...AfterWhoruNeo...K.......

Client->GAME [12:27:13 07/23/09] packet size: 1 CRYPTED, Flags: 3 ServerSeq: 2 ClientSeq: 5
02 
.

GAME->Client [12:27:14 07/23/09] packet size: 236 CRYPTED, Flags: 17 ServerSeq: 3 ClientSeq: 5
02 03 01 00 0c 0c 00 8a cd ab 23 9b 81 ff 71 02 00 00 41 6e 64 65 72 73 6f 6e 00 00 00 00 00 00 
00 00 00 00 00 00 00 00 00 00 00 00 00 00 00 00 00 00 01 d0 54 68 6f 6d 61 73 00 00 00 00 00 00 
00 00 00 00 00 00 00 00 00 00 00 00 00 00 00 00 00 00 00 00 66 66 e6 3e 85 0a d7 23 40 ff d8 28 
0a 25 00 00 08 01 ce 81 ff f7 00 31 5e 00 00 02 c6 67 00 41 66 74 65 72 57 68 6f 72 75 4e 65 6f 
00 00 00 00 00 00 00 00 00 00 00 00 00 00 00 00 00 00 00 28 0a fd 64 01 00 00 67 00 75 d4 01 00 
4b b1 00 00 00 00 23 1a e9 90 80 b0 04 02 02 8e 00 00 00 f7 00 dd 00 00 00 48 06 d4 d9 40 00 00 
00 00 00 c0 57 40 00 00 00 00 c0 f7 d0 c0 81 ff 32 12 56 06 00 28 90 00 10 89 b8 ca 93 23 e3 1c 
01 11 00 00 00 67 00 02 00 00 00 00 
..........#...q...Anderson..........................Thomas..........................ff.>...#@..(
.%.........1^....g.AfterWhoruNeo...................(..d...g.u...K.....#..................H...@..
....W@..........2.V..(.......#.......g......

GAME->Client [12:27:15 07/23/09] packet size: 236 CRYPTED, Flags: 17 ServerSeq: 4 ClientSeq: 5
02 03 01 00 0c 0c 00 8a cd ab 23 9b 81 ff 71 02 00 00 41 6e 64 65 72 73 6f 6e 00 00 00 00 00 00 
00 00 00 00 00 00 00 00 00 00 00 00 00 00 00 00 00 00 01 d0 54 68 6f 6d 61 73 00 00 00 00 00 00 
00 00 00 00 00 00 00 00 00 00 00 00 00 00 00 00 00 00 00 00 66 66 e6 3e 85 0a d7 23 40 ff d8 28 
0a 25 00 00 08 01 ce 81 ff f7 00 31 5e 00 00 02 c6 67 00 41 66 74 65 72 57 68 6f 72 75 4e 65 6f 
00 00 00 00 00 00 00 00 00 00 00 00 00 00 00 00 00 00 00 28 0a fd 64 01 00 00 67 00 75 d4 01 00 
4b b1 00 00 00 00 23 1a e9 90 80 b0 04 02 02 8e 00 00 00 f7 00 dd 00 00 00 48 06 d4 d9 40 00 00 
00 00 00 c0 57 40 00 00 00 00 c0 f7 d0 c0 81 ff 32 12 56 06 00 28 90 00 10 89 b8 ca 93 23 e3 1c 
01 11 00 00 00 67 00 02 00 00 00 00 
..........#...q...Anderson..........................Thomas..........................ff.>...#@..(
.%.........1^....g.AfterWhoruNeo...................(..d...g.u...K.....#..................H...@..
....W@..........2.V..(.......#.......g......

Client->GAME [12:27:15 07/23/09] packet size: 55 CRYPTED, Flags: 7 ServerSeq: 3 ClientSeq: 6
02 03 02 00 02 60 08 41 6e 64 65 72 73 6f 6e 06 54 68 6f 6d 61 73 00 00 04 01 00 02 05 02 80 be 
07 3f 45 00 10 00 00 00 08 3e 6b ee 03 00 00 00 00 02 81 48 02 0c 01 
.....`.Anderson.Thomas...........?E......>k........H...

Client->GAME [12:27:15 07/23/09] packet size: 1 CRYPTED, Flags: f ServerSeq: 4 ClientSeq: 7
02 
.

GAME->Client [12:27:15 07/23/09] packet size: 700 CRYPTED, Flags: 2f ServerSeq: 5 ClientSeq: 6
82 48 c3 11 49 04 01 00 05 1e 16 80 bc 15 00 3a 01 00 f7 03 00 00 08 02 00 00 00 00 00 00 00 00 
00 16 80 bc 15 00 3b 01 00 f7 03 00 00 07 02 ec ff ff ff 00 00 00 00 00 16 80 bc 15 00 3c 01 00 
f7 03 00 00 50 04 00 00 00 00 00 00 00 00 00 16 80 bc 15 00 3d 01 00 f7 03 00 00 f4 03 00 00 00 
00 00 00 00 00 00 16 80 bc 15 00 3e 01 00 f7 03 00 00 51 04 f6 ff ff ff 00 00 00 00 00 16 80 bc 
15 00 3f 01 00 f7 03 00 00 52 04 0f 00 00 00 00 00 00 00 00 16 80 bc 11 00 40 01 00 00 00 00 00 
cb 02 00 00 00 00 00 00 00 00 00 16 80 bc 56 00 41 01 00 c5 a7 00 00 7e 02 16 00 00 00 00 00 00 
00 00 16 80 bc 56 00 42 01 00 c5 a7 00 00 cc 00 19 00 00 00 00 00 00 00 00 16 80 bc 56 00 43 01 
00 c5 a7 00 00 41 02 28 00 00 00 00 00 00 00 00 16 80 bc 56 00 44 01 00 c5 a7 00 00 09 04 16 00 
00 00 00 00 00 00 00 16 80 bc 56 00 45 01 00 c5 a7 00 00 16 04 01 00 00 00 00 00 00 00 00 16 80 
bc 56 00 46 01 00 95 b7 00 00 b4 00 16 00 00 00 00 00 00 00 00 16 80 bc 56 00 47 01 00 95 b7 00 
00 09 04 16 00 00 00 00 00 00 00 00 16 80 bc 56 00 48 01 00 95 b7 00 00 9d 00 16 00 00 00 00 00 
00 00 00 16 80 bc 56 00 49 01 00 95 b7 00 00 b5 00 16 00 00 00 00 00 00 00 00 16 80 bc 56 00 4a 
01 00 24 b3 00 00 89 02 02 00 00 00 00 00 00 00 00 16 80 bc 56 00 4b 01 00 24 b3 00 00 1a 04 01 
00 00 00 00 00 00 00 00 16 80 bc 56 00 4c 01 00 24 b3 00 00 b4 00 21 00 00 00 00 00 00 00 00 16 
80 bc 56 00 4d 01 00 24 b3 00 00 09 04 21 00 00 00 00 00 00 00 00 16 80 bc 56 00 4e 01 00 24 b3 
00 00 15 04 02 00 00 00 00 00 00 00 00 16 80 bc 56 00 4f 01 00 24 b3 00 00 b5 00 21 00 00 00 00 
00 00 00 00 16 80 bc 56 00 50 01 00 95 a7 00 00 b4 00 12 00 00 00 00 00 00 00 00 16 80 bc 56 00 
51 01 00 95 a7 00 00 b5 00 12 00 00 00 00 00 00 00 00 16 80 bc 56 00 52 01 00 95 a7 00 00 09 04 
12 00 00 00 00 00 00 00 00 16 80 bc 56 00 53 01 00 95 a7 00 00 70 00 0f 00 00 00 00 00 00 00 00 
16 80 bc 56 00 54 01 00 2c b3 00 00 17 04 01 00 00 00 00 00 00 00 00 16 80 bc 56 00 55 01 00 2c 
b3 00 00 b4 00 21 00 00 00 00 00 00 00 00 16 80 bc 56 00 56 01 00 2c b3 00 00 09 04 21 00 00 00 
00 00 00 00 00 16 80 bc 56 00 57 01 00 2c b3 00 00 12 04 02 00 00 00 00 00 00 00 00 
.H..I..........:......................;......................<......P...............=...........
...........>......Q...............?......R...............@....................V.A......~........
.....V.B....................V.C......A.(...........V.D....................V.E...................
.V.F....................V.G....................V.H....................V.I....................V.J
..$.................V.K..$.................V.L..$.....!...........V.M..$.....!...........V.N..$.
................V.O..$.....!...........V.P....................V.Q....................V.R........
............V.S......p.............V.T..,.................V.U..,.....!...........V.V..,.....!...
........V.W..,..............

GAME->Client [12:27:15 07/23/09] packet size: 696 CRYPTED, Flags: 2f ServerSeq: 6 ClientSeq: 6
02 04 01 00 23 1e 16 80 bc 56 00 58 01 00 2c b3 00 00 07 04 02 00 00 00 00 00 00 00 00 16 80 bc 
56 00 59 01 00 2c b3 00 00 b5 00 21 00 00 00 00 00 00 00 00 16 80 bc 56 00 5a 01 00 c3 b2 00 00 
89 02 02 00 00 00 00 00 00 00 00 16 80 bc 56 00 5b 01 00 c3 b2 00 00 21 04 02 00 00 00 00 00 00 
00 00 16 80 bc 56 00 5c 01 00 c3 b2 00 00 b4 00 1f 00 00 00 00 00 00 00 00 16 80 bc 56 00 5d 01 
00 c3 b2 00 00 09 04 1f 00 00 00 00 00 00 00 00 16 80 bc 56 00 5e 01 00 c3 b2 00 00 1e 04 01 00 
00 00 00 00 00 00 00 16 80 bc 56 00 5f 01 00 c3 b2 00 00 9d 00 1f 00 00 00 00 00 00 00 00 16 80 
bc 55 00 60 01 00 02 00 00 00 cc 00 0c 00 00 00 00 00 00 00 00 16 80 bc 55 00 61 01 00 0b 00 00 
00 37 02 96 00 00 00 00 00 00 00 00 16 80 bc 55 00 62 01 00 2d 00 00 00 23 04 0a 00 00 00 00 00 
00 00 00 16 80 bc 55 00 63 01 00 2d 00 00 00 20 04 0a 00 00 00 00 00 00 00 00 16 80 bc 55 00 64 
01 00 2d 00 00 00 19 04 05 00 00 00 00 00 00 00 00 16 80 bc 55 00 65 01 00 2d 00 00 00 42 04 05 
00 00 00 00 00 00 00 00 16 80 bc 55 00 66 01 00 34 00 00 00 83 02 c8 00 00 00 00 00 00 00 00 16 
80 bc 55 00 67 01 00 4b 00 00 00 1f 04 19 00 00 00 00 00 00 00 00 16 80 bc 55 00 68 01 00 5f 00 
00 00 7c 04 0f 00 00 00 00 00 00 00 00 16 80 bc 55 00 69 01 00 5f 00 00 00 07 04 0f 00 00 00 00 
00 00 00 00 16 80 bc 55 00 6a 01 00 62 00 00 00 06 04 01 00 00 00 00 00 00 00 00 16 80 bc 55 00 
6b 01 00 62 00 00 00 15 04 01 00 00 00 00 00 00 00 00 16 80 bc 55 00 6c 01 00 a5 00 00 00 c0 02 
05 00 00 00 00 00 00 00 00 16 80 bc 55 00 6d 01 00 d7 00 00 00 bf 02 05 00 00 00 00 00 00 00 00 
16 80 bc 55 00 6e 01 00 2a 01 00 00 7e 02 04 00 00 00 00 00 00 00 00 16 80 bc 55 00 6f 01 00 2a 
01 00 00 cc 00 00 00 00 00 00 00 00 00 00 16 80 bc 55 00 70 01 00 5a 01 00 00 07 04 05 00 00 00 
00 00 00 00 00 16 80 bc 55 00 71 01 00 5a 01 00 00 1d 04 0f 00 00 00 00 00 00 00 00 16 80 bc 55 
00 72 01 00 64 01 00 00 1f 04 05 00 00 00 00 00 00 00 00 16 80 bc 55 00 73 01 00 66 01 00 00 7b 
04 05 00 00 00 00 00 00 00 00 16 80 bc 55 00 74 01 00 66 01 00 00 12 04 0a 00 00 00 00 00 00 00 
00 16 80 bc 55 00 75 01 00 66 01 00 00 06 04 0b 00 00 00 00 00 00 00 00 
....#....V.X..,.................V.Y..,.....!...........V.Z....................V.[......!........
.....V.\....................V.]....................V.^....................V._...................
.U.`....................U.a......7.............U.b..-...#.............U.c..-... .............U.d
..-.................U.e..-...B.............U.f..4.................U.g..K.................U.h.._.
..|.............U.i.._.................U.j..b.................U.k..b.................U.l........
............U.m....................U.n..*...~.............U.o..*.................U.p..Z.........
........U.q..Z.................U.r..d.................U.s..f...{.............U.t..f.............
....U.u..f..............

Client->GAME [12:27:15 07/23/09] packet size: 1 CRYPTED, Flags: 1f ServerSeq: 5 ClientSeq: 8
02 
.

Client->GAME [12:27:15 07/23/09] packet size: 1 CRYPTED, Flags: 3f ServerSeq: 6 ClientSeq: 9
02 
.

GAME->Client [12:27:15 07/23/09] packet size: 702 CRYPTED, Flags: 5f ServerSeq: 7 ClientSeq: 7
02 04 02 00 41 03 16 80 bc 55 00 76 01 00 8e 01 00 00 03 04 05 00 00 00 00 00 00 00 00 16 80 bc 
55 00 77 01 00 8e 01 00 00 12 04 0f 00 00 00 00 00 00 00 00 16 80 bc 55 00 78 01 00 8e 01 00 00 
77 04 05 00 00 00 00 00 00 00 00 00 44 1d 16 80 bc 55 00 79 01 00 cd 01 00 00 e5 03 05 00 00 00 
00 00 00 00 00 16 80 bc 55 00 7a 01 00 cd 01 00 00 73 04 05 00 00 00 00 00 00 00 00 16 80 bc 55 
00 7b 01 00 cd 01 00 00 e3 03 0f 00 00 00 00 00 00 00 00 16 80 bc 55 00 7c 01 00 d5 01 00 00 e3 
03 05 00 00 00 00 00 00 00 00 16 80 bc 55 00 7d 01 00 36 02 00 00 37 02 0a 00 00 00 00 00 00 00 
00 16 80 bc 55 00 7e 01 00 74 02 00 00 34 02 1e 00 00 00 00 00 00 00 00 16 80 bc 15 00 7f 01 00 
11 00 00 00 ab 00 0d 00 00 00 00 00 00 00 00 16 80 bc 15 00 80 01 00 11 00 00 00 0a 02 4d 00 00 
00 00 00 00 00 00 16 80 bc 15 00 81 01 00 11 00 00 00 f2 03 34 00 00 00 00 00 00 00 00 16 80 bc 
15 00 82 01 00 11 00 00 00 ed 03 4d 00 00 00 00 00 00 00 00 16 80 bc 15 00 83 01 00 11 00 00 00 
9f 00 19 00 00 00 00 00 00 00 00 16 80 bc 15 00 84 01 00 11 00 00 00 f1 03 34 00 00 00 00 00 00 
00 00 16 80 bc 15 00 85 01 00 11 00 00 00 0c 02 34 00 00 00 00 00 00 00 00 16 80 bc 15 00 86 01 
00 11 00 00 00 b7 00 4c 00 00 00 00 00 00 00 00 16 80 bc 15 00 87 01 00 11 00 00 00 f3 03 46 00 
00 00 00 00 00 00 00 16 80 bc 19 00 88 01 00 d9 00 00 00 70 02 00 00 00 00 00 00 00 00 00 16 80 
bc 1d 00 89 01 00 70 02 00 00 00 00 00 00 00 00 00 00 00 00 00 16 80 bc 15 00 8a 01 00 0c 00 00 
00 6d 03 0a 00 00 00 00 0e 05 10 44 16 80 bc 15 00 8b 01 00 0c 00 00 00 6e 03 0a 00 00 00 00 0e 
05 10 44 16 80 bc 1d 00 8c 01 00 0c 00 00 00 73 00 2d 00 00 00 00 0e 05 10 44 06 80 c1 1a 00 c8 
00 06 80 c1 1a 00 c8 00 16 80 bc 45 03 11 00 00 02 00 00 00 11 00 32 00 00 00 00 00 00 00 00 16 
80 bc 45 03 35 04 00 62 00 00 00 35 04 00 00 00 00 00 00 00 00 00 16 80 bc 45 03 3d 04 00 43 00 
00 00 3d 04 00 00 00 00 00 00 00 00 00 16 80 bc 45 03 3e 04 00 4f 01 00 00 3e 04 00 00 00 00 00 
00 00 00 00 16 80 bc 45 03 3f 04 00 64 01 00 00 3f 04 00 00 00 00 00 00 00 00 00 16 80 bc 45 03 
40 04 00 d5 01 00 00 40 04 00 00 00 00 00 00 00 00 00 0b 80 bd 05 11 00 00 00 00 00 00 01 
....A....U.v....................U.w....................U.x......w...........D....U.y............
........U.z......s.............U.{....................U.|....................U.}..6...7.........
....U.~..t...4...............................................M......................4...........
...........M.............................................4......................4...............
.......L......................F....................p..................p.........................
.m.........D............n.........D............s.-.......D.................E..........2.........
..E.5..b...5.............E.=..C...=.............E.>..O...>.............E.?..d...?.............E.
@......@......................

Client->GAME [12:27:15 07/23/09] packet size: 1 CRYPTED, Flags: 7f ServerSeq: 7 ClientSeq: 10
02 
.

GAME->Client [12:27:15 07/23/09] packet size: 711 CRYPTED, Flags: 7f ServerSeq: 8 ClientSeq: 9
02 04 02 00 61 01 0b 80 bd 05 d9 00 00 00 00 00 00 01 00 62 1e 16 80 bc 56 00 41 01 00 c5 a7 00 
00 7e 02 16 00 00 00 01 00 00 00 00 16 80 bc 56 00 42 01 00 c5 a7 00 00 cc 00 19 00 00 00 01 00 
00 00 00 16 80 bc 56 00 43 01 00 c5 a7 00 00 41 02 28 00 00 00 01 00 00 00 00 16 80 bc 56 00 44 
01 00 c5 a7 00 00 09 04 16 00 00 00 01 00 00 00 00 16 80 bc 56 00 45 01 00 c5 a7 00 00 16 04 01 
00 00 00 01 00 00 00 00 16 80 bc 56 00 8d 01 00 c5 a7 00 00 7e 02 16 00 00 00 00 00 00 00 00 16 
80 bc 56 00 8e 01 00 c5 a7 00 00 cc 00 19 00 00 00 00 00 00 00 00 16 80 bc 56 00 8f 01 00 c5 a7 
00 00 41 02 28 00 00 00 00 00 00 00 00 16 80 bc 56 00 90 01 00 c5 a7 00 00 09 04 16 00 00 00 00 
00 00 00 00 16 80 bc 56 00 91 01 00 c5 a7 00 00 16 04 01 00 00 00 00 00 00 00 00 16 80 bc 56 00 
46 01 00 95 b7 00 00 b4 00 16 00 00 00 01 00 00 00 00 16 80 bc 56 00 47 01 00 95 b7 00 00 09 04 
16 00 00 00 01 00 00 00 00 16 80 bc 56 00 48 01 00 95 b7 00 00 9d 00 16 00 00 00 01 00 00 00 00 
16 80 bc 56 00 49 01 00 95 b7 00 00 b5 00 16 00 00 00 01 00 00 00 00 16 80 bc 56 00 92 01 00 95 
b7 00 00 b4 00 16 00 00 00 00 00 00 00 00 16 80 bc 56 00 93 01 00 95 b7 00 00 09 04 16 00 00 00 
00 00 00 00 00 16 80 bc 56 00 94 01 00 95 b7 00 00 9d 00 16 00 00 00 00 00 00 00 00 16 80 bc 56 
00 95 01 00 95 b7 00 00 b5 00 16 00 00 00 00 00 00 00 00 16 80 bc 56 00 4a 01 00 24 b3 00 00 89 
02 02 00 00 00 01 00 00 00 00 16 80 bc 56 00 4b 01 00 24 b3 00 00 1a 04 01 00 00 00 01 00 00 00 
00 16 80 bc 56 00 4c 01 00 24 b3 00 00 b4 00 21 00 00 00 01 00 00 00 00 16 80 bc 56 00 4d 01 00 
24 b3 00 00 09 04 21 00 00 00 01 00 00 00 00 16 80 bc 56 00 4e 01 00 24 b3 00 00 15 04 02 00 00 
00 01 00 00 00 00 16 80 bc 56 00 4f 01 00 24 b3 00 00 b5 00 21 00 00 00 01 00 00 00 00 16 80 bc 
56 00 96 01 00 24 b3 00 00 89 02 02 00 00 00 00 00 00 00 00 16 80 bc 56 00 97 01 00 24 b3 00 00 
1a 04 01 00 00 00 00 00 00 00 00 16 80 bc 56 00 98 01 00 24 b3 00 00 b4 00 21 00 00 00 00 00 00 
00 00 16 80 bc 56 00 99 01 00 24 b3 00 00 09 04 21 00 00 00 00 00 00 00 00 16 80 bc 56 00 9a 01 
00 24 b3 00 00 15 04 02 00 00 00 00 00 00 00 00 16 80 bc 56 00 9b 01 00 24 b3 00 00 b5 00 21 00 
00 00 00 00 00 00 00 
....a..............b....V.A......~.............V.B....................V.C......A.(...........V.D
....................V.E....................V........~.............V......................V......
..A.(...........V......................V......................V.F....................V.G........
............V.H....................V.I....................V......................V..............
........V......................V......................V.J..$.................V.K..$.............
....V.L..$.....!...........V.M..$.....!...........V.N..$.................V.O..$.....!...........
V....$.................V....$.................V....$.....!...........V....$.....!...........V...
.$.................V....$.....!........

Client->GAME [12:27:15 07/23/09] packet size: 1 CRYPTED, Flags: 7f ServerSeq: 8 ClientSeq: 11
02 
.

GAME->Client [12:27:15 07/23/09] packet size: 696 CRYPTED, Flags: 7f ServerSeq: 9 ClientSeq: 10
02 04 01 00 80 1e 16 80 bc 56 00 50 01 00 95 a7 00 00 b4 00 12 00 00 00 01 00 00 00 00 16 80 bc 
56 00 51 01 00 95 a7 00 00 b5 00 12 00 00 00 01 00 00 00 00 16 80 bc 56 00 52 01 00 95 a7 00 00 
09 04 12 00 00 00 01 00 00 00 00 16 80 bc 56 00 53 01 00 95 a7 00 00 70 00 0f 00 00 00 01 00 00 
00 00 16 80 bc 56 00 9c 01 00 95 a7 00 00 b4 00 12 00 00 00 00 00 00 00 00 16 80 bc 56 00 9d 01 
00 95 a7 00 00 b5 00 12 00 00 00 00 00 00 00 00 16 80 bc 56 00 9e 01 00 95 a7 00 00 09 04 12 00 
00 00 00 00 00 00 00 16 80 bc 56 00 9f 01 00 95 a7 00 00 70 00 0f 00 00 00 00 00 00 00 00 16 80 
bc 56 00 54 01 00 2c b3 00 00 17 04 01 00 00 00 01 00 00 00 00 16 80 bc 56 00 55 01 00 2c b3 00 
00 b4 00 21 00 00 00 01 00 00 00 00 16 80 bc 56 00 56 01 00 2c b3 00 00 09 04 21 00 00 00 01 00 
00 00 00 16 80 bc 56 00 57 01 00 2c b3 00 00 12 04 02 00 00 00 01 00 00 00 00 16 80 bc 56 00 58 
01 00 2c b3 00 00 07 04 02 00 00 00 01 00 00 00 00 16 80 bc 56 00 59 01 00 2c b3 00 00 b5 00 21 
00 00 00 01 00 00 00 00 16 80 bc 56 00 a0 01 00 2c b3 00 00 17 04 01 00 00 00 00 00 00 00 00 16 
80 bc 56 00 a1 01 00 2c b3 00 00 b4 00 21 00 00 00 00 00 00 00 00 16 80 bc 56 00 a2 01 00 2c b3 
00 00 09 04 21 00 00 00 00 00 00 00 00 16 80 bc 56 00 a3 01 00 2c b3 00 00 12 04 02 00 00 00 00 
00 00 00 00 16 80 bc 56 00 a4 01 00 2c b3 00 00 07 04 02 00 00 00 00 00 00 00 00 16 80 bc 56 00 
a5 01 00 2c b3 00 00 b5 00 21 00 00 00 00 00 00 00 00 16 80 bc 56 00 5a 01 00 c3 b2 00 00 89 02 
02 00 00 00 01 00 00 00 00 16 80 bc 56 00 5b 01 00 c3 b2 00 00 21 04 02 00 00 00 01 00 00 00 00 
16 80 bc 56 00 5c 01 00 c3 b2 00 00 b4 00 1f 00 00 00 01 00 00 00 00 16 80 bc 56 00 5d 01 00 c3 
b2 00 00 09 04 1f 00 00 00 01 00 00 00 00 16 80 bc 56 00 5e 01 00 c3 b2 00 00 1e 04 01 00 00 00 
01 00 00 00 00 16 80 bc 56 00 5f 01 00 c3 b2 00 00 9d 00 1f 00 00 00 01 00 00 00 00 16 80 bc 56 
00 a6 01 00 c3 b2 00 00 89 02 02 00 00 00 00 00 00 00 00 16 80 bc 56 00 a7 01 00 c3 b2 00 00 21 
04 02 00 00 00 00 00 00 00 00 16 80 bc 56 00 a8 01 00 c3 b2 00 00 b4 00 1f 00 00 00 00 00 00 00 
00 16 80 bc 56 00 a9 01 00 c3 b2 00 00 09 04 1f 00 00 00 00 00 00 00 00 
.........V.P....................V.Q....................V.R....................V.S......p........
.....V......................V......................V......................V........p............
.V.T..,.................V.U..,.....!...........V.V..,.....!...........V.W..,.................V.X
..,.................V.Y..,.....!...........V....,.................V....,.....!...........V....,.
....!...........V....,.................V....,.................V....,.....!...........V.Z........
............V.[......!.............V.\....................V.]....................V.^............
........V._....................V......................V........!.............V..................
....V...................

Client->GAME [12:27:16 07/23/09] packet size: 1 CRYPTED, Flags: 7f ServerSeq: 9 ClientSeq: 12
02 
.

GAME->Client [12:27:16 07/23/09] packet size: 705 CRYPTED, Flags: 7f ServerSeq: 10 ClientSeq: 11
02 04 02 00 9e 03 16 80 bc 56 00 aa 01 00 c3 b2 00 00 1e 04 01 00 00 00 00 00 00 00 00 16 80 bc 
56 00 ab 01 00 c3 b2 00 00 9d 00 1f 00 00 00 00 00 00 00 00 16 80 bc 15 00 7f 01 00 11 00 00 00 
ab 00 0d 00 00 00 01 00 00 00 00 00 a1 1d 16 80 bc 15 00 80 01 00 11 00 00 00 0a 02 4d 00 00 00 
01 00 00 00 00 16 80 bc 15 00 81 01 00 11 00 00 00 f2 03 34 00 00 00 01 00 00 00 00 16 80 bc 15 
00 82 01 00 11 00 00 00 ed 03 4d 00 00 00 01 00 00 00 00 16 80 bc 15 00 83 01 00 11 00 00 00 9f 
00 19 00 00 00 01 00 00 00 00 16 80 bc 15 00 84 01 00 11 00 00 00 f1 03 34 00 00 00 01 00 00 00 
00 16 80 bc 15 00 85 01 00 11 00 00 00 0c 02 34 00 00 00 01 00 00 00 00 16 80 bc 15 00 86 01 00 
11 00 00 00 b7 00 4c 00 00 00 01 00 00 00 00 16 80 bc 15 00 87 01 00 11 00 00 00 f3 03 46 00 00 
00 01 00 00 00 00 0b 80 bd 05 11 00 00 00 00 00 00 00 16 80 bc 15 00 ac 01 00 11 00 00 00 ab 00 
0d 00 00 00 00 00 00 00 00 16 80 bc 15 00 ad 01 00 11 00 00 00 0a 02 4d 00 00 00 00 00 00 00 00 
16 80 bc 15 00 ae 01 00 11 00 00 00 f2 03 34 00 00 00 00 00 00 00 00 16 80 bc 15 00 af 01 00 11 
00 00 00 ed 03 4d 00 00 00 00 00 00 00 00 16 80 bc 15 00 b0 01 00 11 00 00 00 9f 00 19 00 00 00 
00 00 00 00 00 16 80 bc 15 00 b1 01 00 11 00 00 00 f1 03 34 00 00 00 00 00 00 00 00 16 80 bc 15 
00 b2 01 00 11 00 00 00 0c 02 34 00 00 00 00 00 00 00 00 16 80 bc 15 00 b3 01 00 11 00 00 00 b7 
00 4c 00 00 00 00 00 00 00 00 16 80 bc 15 00 b4 01 00 11 00 00 00 f3 03 46 00 00 00 00 00 00 00 
00 0b 80 bd 05 11 00 00 00 00 00 00 01 16 80 bc 15 00 ac 01 00 11 00 00 00 ab 00 0d 00 00 00 01 
00 00 00 00 16 80 bc 15 00 ad 01 00 11 00 00 00 0a 02 4d 00 00 00 01 00 00 00 00 16 80 bc 15 00 
ae 01 00 11 00 00 00 f2 03 34 00 00 00 01 00 00 00 00 16 80 bc 15 00 af 01 00 11 00 00 00 ed 03 
4d 00 00 00 01 00 00 00 00 16 80 bc 15 00 b0 01 00 11 00 00 00 9f 00 19 00 00 00 01 00 00 00 00 
16 80 bc 15 00 b1 01 00 11 00 00 00 f1 03 34 00 00 00 01 00 00 00 00 16 80 bc 15 00 b2 01 00 11 
00 00 00 0c 02 34 00 00 00 01 00 00 00 00 16 80 bc 15 00 b3 01 00 11 00 00 00 b7 00 4c 00 00 00 
01 00 00 00 00 16 80 bc 15 00 b4 01 00 11 00 00 00 f3 03 46 00 00 00 01 00 00 00 00 04 80 b3 11 
00 
.........V......................V...........................................................M...
...................4......................M.............................................4.......
...............4......................L......................F..................................
.......................M......................4......................M..........................
...................4......................4......................L......................F.......
..................................................M......................4......................
M.............................................4......................4......................L...
...................F.............

Client->GAME [12:27:16 07/23/09] packet size: 1 CRYPTED, Flags: 7f ServerSeq: 10 ClientSeq: 13
02 
.

GAME->Client [12:27:16 07/23/09] packet size: 696 CRYPTED, Flags: 7f ServerSeq: 11 ClientSeq: 12
02 04 01 00 be 20 16 80 bc 45 03 11 00 00 02 00 00 00 11 00 32 00 00 00 01 00 00 00 00 16 80 bc 
55 00 60 01 00 02 00 00 00 cc 00 0c 00 00 00 01 00 00 00 00 08 80 b2 11 00 32 00 08 02 16 80 bc 
45 03 11 00 00 02 00 00 00 11 00 32 00 00 00 00 00 00 00 00 16 80 bc 55 00 b5 01 00 02 00 00 00 
cc 00 0c 00 00 00 00 00 00 00 00 16 80 bc 15 00 b6 01 00 11 00 00 00 ab 00 0d 00 00 00 00 00 00 
00 00 16 80 bc 15 00 b7 01 00 11 00 00 00 0a 02 4d 00 00 00 00 00 00 00 00 16 80 bc 15 00 b8 01 
00 11 00 00 00 f2 03 34 00 00 00 00 00 00 00 00 16 80 bc 15 00 b9 01 00 11 00 00 00 ed 03 4d 00 
00 00 00 00 00 00 00 16 80 bc 15 00 ba 01 00 11 00 00 00 9f 00 19 00 00 00 00 00 00 00 00 16 80 
bc 15 00 bb 01 00 11 00 00 00 f1 03 34 00 00 00 00 00 00 00 00 16 80 bc 15 00 bc 01 00 11 00 00 
00 0c 02 34 00 00 00 00 00 00 00 00 16 80 bc 15 00 bd 01 00 11 00 00 00 b7 00 4c 00 00 00 00 00 
00 00 00 16 80 bc 15 00 be 01 00 11 00 00 00 f3 03 46 00 00 00 00 00 00 00 00 16 80 bc 55 00 61 
01 00 0b 00 00 00 37 02 96 00 00 00 01 00 00 00 00 16 80 bc 55 00 bf 01 00 0b 00 00 00 37 02 96 
00 00 00 00 00 00 00 00 16 80 bc 55 00 62 01 00 2d 00 00 00 23 04 0a 00 00 00 01 00 00 00 00 16 
80 bc 55 00 63 01 00 2d 00 00 00 20 04 0a 00 00 00 01 00 00 00 00 16 80 bc 55 00 64 01 00 2d 00 
00 00 19 04 05 00 00 00 01 00 00 00 00 16 80 bc 55 00 65 01 00 2d 00 00 00 42 04 05 00 00 00 01 
00 00 00 00 16 80 bc 55 00 c0 01 00 2d 00 00 00 23 04 0a 00 00 00 00 00 00 00 00 16 80 bc 55 00 
c1 01 00 2d 00 00 00 20 04 0a 00 00 00 00 00 00 00 00 16 80 bc 55 00 c2 01 00 2d 00 00 00 19 04 
05 00 00 00 00 00 00 00 00 16 80 bc 55 00 c3 01 00 2d 00 00 00 42 04 05 00 00 00 00 00 00 00 00 
16 80 bc 55 00 66 01 00 34 00 00 00 83 02 c8 00 00 00 01 00 00 00 00 16 80 bc 55 00 c4 01 00 34 
00 00 00 83 02 c8 00 00 00 00 00 00 00 00 04 80 b3 3d 04 16 80 bc 45 03 3d 04 00 43 00 00 00 3d 
04 00 00 00 00 01 00 00 00 00 08 80 b2 3d 04 00 00 08 02 16 80 bc 45 03 3d 04 00 43 00 00 00 3d 
04 00 00 00 00 00 00 00 00 00 16 80 bc 55 00 67 01 00 4b 00 00 00 1f 04 19 00 00 00 01 00 00 00 
00 16 80 bc 55 00 c5 01 00 4b 00 00 00 1f 04 19 00 00 00 00 00 00 00 00 
..... ...E..........2...........U.`......................2......E..........2...........U........
................................................M......................4......................M.
............................................4......................4......................L.....
.................F...........U.a......7.............U........7.............U.b..-...#...........
..U.c..-... .............U.d..-.................U.e..-...B.............U....-...#.............U.
...-... .............U....-.................U....-...B.............U.f..4.................U....4
.................=....E.=..C...=.............=........E.=..C...=.............U.g..K.............
....U....K..............

Client->GAME [12:27:16 07/23/09] packet size: 1 CRYPTED, Flags: 7f ServerSeq: 11 ClientSeq: 14
02 
.

GAME->Client [12:27:16 07/23/09] packet size: 703 CRYPTED, Flags: 7f ServerSeq: 12 ClientSeq: 13
02 03 01 00 08 a3 b8 37 05 70 01 04 cd ab 03 15 00 00 00 00 00 7e dd 40 00 00 00 80 51 bc 57 40 
00 00 00 00 00 5c d2 c0 1c 00 00 00 00 00 00 00 00 00 80 3f 00 00 00 00 2e bd 3b b3 05 00 00 01 
00 08 a3 b8 43 05 70 01 05 cd ab 02 05 00 00 00 00 00 f3 d6 40 00 00 00 80 51 bc 57 40 00 00 00 
00 00 a4 cf c0 16 00 00 00 03 00 00 00 00 04 02 00 de 07 16 80 bc 55 00 68 01 00 5f 00 00 00 7c 
04 0f 00 00 00 01 00 00 00 00 16 80 bc 55 00 69 01 00 5f 00 00 00 07 04 0f 00 00 00 01 00 00 00 
00 16 80 bc 55 00 c6 01 00 5f 00 00 00 7c 04 0f 00 00 00 00 00 00 00 00 16 80 bc 55 00 c7 01 00 
5f 00 00 00 07 04 0f 00 00 00 00 00 00 00 00 16 80 bc 55 00 6a 01 00 62 00 00 00 06 04 01 00 00 
00 01 00 00 00 00 04 80 b3 35 04 16 80 bc 45 03 35 04 00 62 00 00 00 35 04 00 00 00 00 01 00 00 
00 00 00 e5 16 16 80 bc 55 00 6b 01 00 62 00 00 00 15 04 01 00 00 00 01 00 00 00 00 16 80 bc 55 
00 c8 01 00 62 00 00 00 06 04 01 00 00 00 00 00 00 00 00 08 80 b2 35 04 00 00 08 02 16 80 bc 45 
03 35 04 00 62 00 00 00 35 04 00 00 00 00 00 00 00 00 00 16 80 bc 55 00 c9 01 00 62 00 00 00 15 
04 01 00 00 00 00 00 00 00 00 16 80 bc 55 00 6c 01 00 a5 00 00 00 c0 02 05 00 00 00 01 00 00 00 
00 16 80 bc 55 00 ca 01 00 a5 00 00 00 c0 02 05 00 00 00 00 00 00 00 00 16 80 bc 55 00 6d 01 00 
d7 00 00 00 bf 02 05 00 00 00 01 00 00 00 00 16 80 bc 55 00 cb 01 00 d7 00 00 00 bf 02 05 00 00 
00 00 00 00 00 00 16 80 bc 55 00 6e 01 00 2a 01 00 00 7e 02 04 00 00 00 01 00 00 00 00 16 80 bc 
55 00 6f 01 00 2a 01 00 00 cc 00 00 00 00 00 01 00 00 00 00 16 80 bc 55 00 cc 01 00 2a 01 00 00 
7e 02 04 00 00 00 00 00 00 00 00 16 80 bc 55 00 cd 01 00 2a 01 00 00 cc 00 00 00 00 00 00 00 00 
00 00 04 80 b3 3e 04 16 80 bc 45 03 3e 04 00 4f 01 00 00 3e 04 00 00 00 00 01 00 00 00 00 08 80 
b2 3e 04 00 00 08 02 16 80 bc 45 03 3e 04 00 4f 01 00 00 3e 04 00 00 00 00 00 00 00 00 00 16 80 
bc 55 00 70 01 00 5a 01 00 00 07 04 05 00 00 00 01 00 00 00 00 16 80 bc 55 00 71 01 00 5a 01 00 
00 1d 04 0f 00 00 00 01 00 00 00 00 16 80 bc 55 00 ce 01 00 5a 01 00 00 07 04 05 00 00 00 00 00 
00 00 00 16 80 bc 55 00 cf 01 00 5a 01 00 00 1d 04 0f 00 00 00 00 00 00 00 00 04 80 b3 3f 04 
.......7.p...........~.@....Q.W@.....\.............?......;.........C.p.............@....Q.W@...
......................U.h.._...|.............U.i.._.................U...._...|.............U....
_.................U.j..b.................5....E.5..b...5................U.k..b.................U
....b.................5........E.5..b...5.............U....b.................U.l................
....U......................U.m....................U......................U.n..*...~.............
U.o..*.................U....*...~.............U....*.................>....E.>..O...>............
.>........E.>..O...>.............U.p..Z.................U.q..Z.................U....Z...........
......U....Z.................?.

Client->GAME [12:27:16 07/23/09] packet size: 1 CRYPTED, Flags: 7f ServerSeq: 12 ClientSeq: 15
02 
.

GAME->Client [12:27:16 07/23/09] packet size: 696 CRYPTED, Flags: 7f ServerSeq: 13 ClientSeq: 14
02 04 01 00 fb 20 16 80 bc 45 03 3f 04 00 64 01 00 00 3f 04 00 00 00 00 01 00 00 00 00 16 80 bc 
55 00 72 01 00 64 01 00 00 1f 04 05 00 00 00 01 00 00 00 00 08 80 b2 3f 04 00 00 08 02 16 80 bc 
45 03 3f 04 00 64 01 00 00 3f 04 00 00 00 00 00 00 00 00 00 16 80 bc 55 00 d0 01 00 64 01 00 00 
1f 04 05 00 00 00 00 00 00 00 00 16 80 bc 55 00 73 01 00 66 01 00 00 7b 04 05 00 00 00 01 00 00 
00 00 16 80 bc 55 00 74 01 00 66 01 00 00 12 04 0a 00 00 00 01 00 00 00 00 16 80 bc 55 00 75 01 
00 66 01 00 00 06 04 0b 00 00 00 01 00 00 00 00 16 80 bc 55 00 d1 01 00 66 01 00 00 7b 04 05 00 
00 00 00 00 00 00 00 16 80 bc 55 00 d2 01 00 66 01 00 00 12 04 0a 00 00 00 00 00 00 00 00 16 80 
bc 55 00 d3 01 00 66 01 00 00 06 04 0b 00 00 00 00 00 00 00 00 16 80 bc 55 00 76 01 00 8e 01 00 
00 03 04 05 00 00 00 01 00 00 00 00 16 80 bc 55 00 77 01 00 8e 01 00 00 12 04 0f 00 00 00 01 00 
00 00 00 16 80 bc 55 00 78 01 00 8e 01 00 00 77 04 05 00 00 00 01 00 00 00 00 16 80 bc 55 00 d4 
01 00 8e 01 00 00 03 04 05 00 00 00 00 00 00 00 00 16 80 bc 55 00 d5 01 00 8e 01 00 00 12 04 0f 
00 00 00 00 00 00 00 00 16 80 bc 55 00 d6 01 00 8e 01 00 00 77 04 05 00 00 00 00 00 00 00 00 16 
80 bc 55 00 79 01 00 cd 01 00 00 e5 03 05 00 00 00 01 00 00 00 00 16 80 bc 55 00 7a 01 00 cd 01 
00 00 73 04 05 00 00 00 01 00 00 00 00 16 80 bc 55 00 7b 01 00 cd 01 00 00 e3 03 0f 00 00 00 01 
00 00 00 00 16 80 bc 55 00 d7 01 00 cd 01 00 00 e5 03 05 00 00 00 00 00 00 00 00 16 80 bc 55 00 
d8 01 00 cd 01 00 00 73 04 05 00 00 00 00 00 00 00 00 16 80 bc 55 00 d9 01 00 cd 01 00 00 e3 03 
0f 00 00 00 00 00 00 00 00 04 80 b3 40 04 16 80 bc 45 03 40 04 00 d5 01 00 00 40 04 00 00 00 00 
01 00 00 00 00 16 80 bc 55 00 7c 01 00 d5 01 00 00 e3 03 05 00 00 00 01 00 00 00 00 08 80 b2 40 
04 00 00 08 02 16 80 bc 45 03 40 04 00 d5 01 00 00 40 04 00 00 00 00 00 00 00 00 00 16 80 bc 55 
00 da 01 00 d5 01 00 00 e3 03 05 00 00 00 00 00 00 00 00 16 80 bc 55 00 7d 01 00 36 02 00 00 37 
02 0a 00 00 00 01 00 00 00 00 16 80 bc 55 00 db 01 00 36 02 00 00 37 02 0a 00 00 00 00 00 00 00 
00 16 80 bc 55 00 7e 01 00 74 02 00 00 34 02 1e 00 00 00 01 00 00 00 00 
..... ...E.?..d...?.............U.r..d.................?........E.?..d...?.............U....d...
..............U.s..f...{.............U.t..f.................U.u..f.................U....f...{...
..........U....f.................U....f.................U.v....................U.w..............
......U.x......w.............U......................U......................U........w...........
..U.y....................U.z......s.............U.{....................U......................U.
.......s.............U......................@....E.@......@.............U.|....................@
........E.@......@.............U......................U.}..6...7.............U....6...7.........
....U.~..t...4..........

Client->GAME [12:27:16 07/23/09] packet size: 1 CRYPTED, Flags: 7f ServerSeq: 13 ClientSeq: 16
02 
.

GAME->Client [12:27:16 07/23/09] packet size: 694 CRYPTED, Flags: 7f ServerSeq: 14 ClientSeq: 15
02 04 02 01 1b 0f 16 80 bc 55 00 dc 01 00 74 02 00 00 34 02 1e 00 00 00 00 00 00 00 00 16 80 bc 
15 00 b6 01 00 11 00 00 00 ab 00 0d 00 00 00 01 00 00 00 00 16 80 bc 15 00 b7 01 00 11 00 00 00 
0a 02 4d 00 00 00 01 00 00 00 00 16 80 bc 15 00 b8 01 00 11 00 00 00 f2 03 34 00 00 00 01 00 00 
00 00 16 80 bc 15 00 b9 01 00 11 00 00 00 ed 03 4d 00 00 00 01 00 00 00 00 16 80 bc 15 00 ba 01 
00 11 00 00 00 9f 00 19 00 00 00 01 00 00 00 00 16 80 bc 15 00 bb 01 00 11 00 00 00 f1 03 34 00 
00 00 01 00 00 00 00 16 80 bc 15 00 bc 01 00 11 00 00 00 0c 02 34 00 00 00 01 00 00 00 00 16 80 
bc 15 00 bd 01 00 11 00 00 00 b7 00 4c 00 00 00 01 00 00 00 00 16 80 bc 15 00 be 01 00 11 00 00 
00 f3 03 46 00 00 00 01 00 00 00 00 0b 80 bd 05 11 00 00 00 00 00 00 00 16 80 bc 15 00 dd 01 00 
11 00 00 00 ab 00 0d 00 00 00 00 00 00 00 00 16 80 bc 15 00 de 01 00 11 00 00 00 0a 02 4d 00 00 
00 00 00 00 00 00 16 80 bc 15 00 df 01 00 11 00 00 00 f2 03 34 00 00 00 00 00 00 00 00 16 80 bc 
15 00 e0 01 00 11 00 00 00 ed 03 4d 00 00 00 00 00 00 00 00 01 2a 0c 16 80 bc 15 00 e1 01 00 11 
00 00 00 9f 00 19 00 00 00 00 00 00 00 00 16 80 bc 15 00 e2 01 00 11 00 00 00 f1 03 34 00 00 00 
00 00 00 00 00 16 80 bc 15 00 e3 01 00 11 00 00 00 0c 02 34 00 00 00 00 00 00 00 00 16 80 bc 15 
00 e4 01 00 11 00 00 00 b7 00 4c 00 00 00 00 00 00 00 00 16 80 bc 15 00 e5 01 00 11 00 00 00 f3 
03 46 00 00 00 00 00 00 00 00 0b 80 bd 05 11 00 00 00 00 00 00 01 17 3a 05 00 11 00 0a 00 50 76 
50 53 65 72 76 65 72 00 04 00 06 00 00 00 1d 3a 05 00 17 00 10 00 50 76 50 4d 61 78 53 61 66 65 
4c 65 76 65 6c 00 04 00 0f 00 00 00 3e 3a 05 00 14 00 0d 00 57 52 5f 52 65 7a 45 76 65 6e 74 73 
00 28 00 48 61 6c 6c 6f 77 65 65 6e 5f 45 76 65 6e 74 2c 57 69 6e 74 65 72 33 48 61 6c 6c 6f 77 
65 65 6e 46 6c 79 54 53 45 43 00 1b 3a 05 00 19 00 12 00 45 76 65 6e 74 53 6c 6f 74 31 5f 45 66 
66 65 63 74 00 00 00 28 3a 05 00 19 00 12 00 45 76 65 6e 74 53 6c 6f 74 32 5f 45 66 66 65 63 74 
00 0d 00 66 6c 79 6d 61 6e 5f 69 64 6c 65 33 00 25 3a 05 00 19 00 12 00 45 76 65 6e 74 53 6c 6f 
74 33 5f 45 66 66 65 63 74 00 0a 00 66 6c 79 5f 76 69 72 75 73 00 
.........U....t...4...............................................M......................4......
................M.............................................4......................4..........
............L......................F.........................................................M..
....................4......................M.........*......................................4...
...................4......................L......................F.....................:......Pv
PServer........:......PvPMaxSafeLevel.......>:......WR_RezEvents.(.Halloween_Event,Winter3Hallow
eenFlyTSEC..:......EventSlot1_Effect...(:......EventSlot2_Effect...flyman_idle3.%:......EventSlo
t3_Effect...fly_virus.

Client->GAME [12:27:16 07/23/09] packet size: 1 CRYPTED, Flags: 7f ServerSeq: 14 ClientSeq: 17
02 
.

GAME->Client [12:27:16 07/23/09] packet size: 240 CRYPTED, Flags: 7f ServerSeq: 15 ClientSeq: 0
82 5b c3 11 49 04 01 01 36 04 1f 3a 05 00 1b 00 14 00 46 69 78 65 64 42 69 6e 6b 49 44 4f 76 65 
72 72 69 64 65 00 02 00 20 00 41 81 67 17 00 27 00 1c 22 00 c6 01 11 00 00 00 00 00 00 00 37 00 
00 08 0e 00 41 66 74 65 72 57 68 6f 72 75 4e 65 6f 00 0e 00 41 66 74 65 72 57 68 6f 72 75 4e 65 
6f 00 02 00 4d 00 00 00 00 00 00 00 41 81 67 17 00 27 00 1c 22 00 c6 01 11 00 00 00 00 00 00 00 
37 00 00 08 0e 00 41 66 74 65 72 57 68 6f 72 75 4e 65 6f 00 0e 00 41 66 74 65 72 57 68 6f 72 75 
4e 65 6f 00 02 00 4d 00 00 00 00 00 00 00 41 81 67 17 00 27 00 1c 22 00 c6 01 11 00 00 00 00 00 
00 00 37 00 00 08 0e 00 41 66 74 65 72 57 68 6f 72 75 4e 65 6f 00 0e 00 41 66 74 65 72 57 68 6f 
72 75 4e 65 6f 00 02 00 4d 00 00 00 00 00 00 00 
.[..I...6..:......FixedBinkIDOverride... .A.g..'.."...........7.....AfterWhoruNeo...AfterWhoruNe
o...M.......A.g..'.."...........7.....AfterWhoruNeo...AfterWhoruNeo...M.......A.g..'..".........
..7.....AfterWhoruNeo...AfterWhoruNeo...M.......

Client->GAME [12:27:16 07/23/09] packet size: 1 CRYPTED, Flags: 7f ServerSeq: 15 ClientSeq: 18
02 
.

