Client->GAME [08:10:31 07/07/09] packet size: 17 CRYPTED, Flags: 7f ServerSeq: 10 ClientSeq: 156
02 04 01 00 1d 01 0a 80 ff 01 00 00 00 90 00 00 00 
.................

Client->GAME [08:10:31 07/07/09] packet size: 17 CRYPTED, Flags: 7f ServerSeq: 10 ClientSeq: 157
02 04 01 00 1d 01 0a 80 ff 01 00 00 00 90 00 00 00 
.................

GAME->Client [08:10:31 07/07/09] packet size: 700 CRYPTED, Flags: 7f ServerSeq: 107 ClientSeq: 13
82 d9 fc f3 48 04 01 00 b5 1e 16 80 bc 15 00 a0 00 00 f7 03 00 00 08 02 00 00 00 00 01 00 00 00 
00 16 80 bc 15 00 a1 00 00 f7 03 00 00 07 02 ec ff ff ff 01 00 00 00 00 16 80 bc 15 00 a2 00 00 
f7 03 00 00 50 04 00 00 00 00 01 00 00 00 00 16 80 bc 15 00 a3 00 00 f7 03 00 00 f4 03 00 00 00 
00 01 00 00 00 00 16 80 bc 15 00 a4 00 00 f7 03 00 00 51 04 f6 ff ff ff 01 00 00 00 00 16 80 bc 
15 00 a5 00 00 f7 03 00 00 52 04 0f 00 00 00 01 00 00 00 00 16 80 bc 11 00 e7 00 00 00 00 00 00 
cb 02 00 00 00 00 01 00 00 00 00 16 80 bc 56 00 e9 00 00 ef b2 00 00 1b 04 02 00 00 00 01 00 00 
00 00 16 80 bc 56 00 ea 00 00 ef b2 00 00 b4 00 20 00 00 00 01 00 00 00 00 16 80 bc 56 00 eb 00 
00 ef b2 00 00 09 04 20 00 00 00 01 00 00 00 00 16 80 bc 56 00 ec 00 00 ef b2 00 00 77 04 01 00 
00 00 01 00 00 00 00 16 80 bc 56 00 ed 00 00 ef b2 00 00 e6 03 02 00 00 00 01 00 00 00 00 16 80 
bc 56 00 ee 00 00 ef b2 00 00 b5 00 20 00 00 00 01 00 00 00 00 16 80 bc 56 00 ef 00 00 70 9a 00 
00 23 04 02 00 00 00 01 00 00 00 00 16 80 bc 56 00 f0 00 00 70 9a 00 00 b4 00 1e 00 00 00 01 00 
00 00 00 16 80 bc 56 00 f1 00 00 70 9a 00 00 20 04 02 00 00 00 01 00 00 00 00 16 80 bc 56 00 f2 
00 00 70 9a 00 00 9d 00 1e 00 00 00 01 00 00 00 00 16 80 bc 56 00 f3 00 00 70 9a 00 00 b5 00 1e 
00 00 00 01 00 00 00 00 16 80 bc 56 00 f4 00 00 8a b2 00 00 23 04 02 00 00 00 01 00 00 00 00 16 
80 bc 56 00 f5 00 00 8a b2 00 00 21 04 01 00 00 00 01 00 00 00 00 16 80 bc 56 00 f6 00 00 8a b2 
00 00 b4 00 1d 00 00 00 01 00 00 00 00 16 80 bc 56 00 f7 00 00 8a b2 00 00 09 04 1d 00 00 00 01 
00 00 00 00 16 80 bc 56 00 f8 00 00 8a b2 00 00 9d 00 1d 00 00 00 01 00 00 00 00 16 80 bc 56 00 
f9 00 00 8a b2 00 00 06 04 01 00 00 00 01 00 00 00 00 16 80 bc 56 00 fa 00 00 24 b3 00 00 89 02 
02 00 00 00 01 00 00 00 00 16 80 bc 56 00 fb 00 00 24 b3 00 00 1a 04 01 00 00 00 01 00 00 00 00 
16 80 bc 56 00 fc 00 00 24 b3 00 00 b4 00 21 00 00 00 01 00 00 00 00 16 80 bc 56 00 fd 00 00 24 
b3 00 00 09 04 21 00 00 00 01 00 00 00 00 16 80 bc 56 00 fe 00 00 24 b3 00 00 15 04 02 00 00 00 
01 00 00 00 00 16 80 bc 56 00 ff 00 00 24 b3 00 00 b5 00 21 00 00 00 01 00 00 00 00 
....H...............................................................P...........................
..................Q......................R....................................V.................
.....V.......... ...........V.......... ...........V........w.............V.....................
.V.......... ...........V....p...#.............V....p.................V....p... .............V..
..p.................V....p.................V........#.............V........!.............V......
................V......................V......................V......................V....$.....
............V....$.................V....$.....!...........V....$.....!...........V....$.........
........V....$.....!........

Client->GAME [08:10:31 07/07/09] packet size: 1 CRYPTED, Flags: 7f ServerSeq: 11 ClientSeq: 158
02 
.

GAME->Client [08:10:32 07/07/09] packet size: 696 CRYPTED, Flags: 7f ServerSeq: 108 ClientSeq: 13
02 04 01 00 d3 1e 16 80 bc 56 00 00 01 00 95 a7 00 00 b4 00 12 00 00 00 01 00 00 00 00 16 80 bc 
56 00 01 01 00 95 a7 00 00 b5 00 12 00 00 00 01 00 00 00 00 16 80 bc 56 00 02 01 00 95 a7 00 00 
09 04 12 00 00 00 01 00 00 00 00 16 80 bc 56 00 03 01 00 95 a7 00 00 70 00 0f 00 00 00 01 00 00 
00 00 16 80 bc 56 00 04 01 00 2c b3 00 00 17 04 01 00 00 00 01 00 00 00 00 16 80 bc 56 00 05 01 
00 2c b3 00 00 b4 00 21 00 00 00 01 00 00 00 00 16 80 bc 56 00 06 01 00 2c b3 00 00 09 04 21 00 
00 00 01 00 00 00 00 16 80 bc 56 00 07 01 00 2c b3 00 00 12 04 02 00 00 00 01 00 00 00 00 16 80 
bc 56 00 08 01 00 2c b3 00 00 07 04 02 00 00 00 01 00 00 00 00 16 80 bc 56 00 09 01 00 2c b3 00 
00 b5 00 21 00 00 00 01 00 00 00 00 16 80 bc 56 00 0a 01 00 c3 b2 00 00 89 02 02 00 00 00 01 00 
00 00 00 16 80 bc 56 00 0b 01 00 c3 b2 00 00 21 04 02 00 00 00 01 00 00 00 00 16 80 bc 56 00 0c 
01 00 c3 b2 00 00 b4 00 1f 00 00 00 01 00 00 00 00 16 80 bc 56 00 0d 01 00 c3 b2 00 00 09 04 1f 
00 00 00 01 00 00 00 00 16 80 bc 56 00 0e 01 00 c3 b2 00 00 1e 04 01 00 00 00 01 00 00 00 00 16 
80 bc 56 00 0f 01 00 c3 b2 00 00 9d 00 1f 00 00 00 01 00 00 00 00 16 80 bc 55 00 10 01 00 02 00 
00 00 cc 00 0c 00 00 00 01 00 00 00 00 16 80 bc 55 00 12 01 00 2d 00 00 00 23 04 0a 00 00 00 01 
00 00 00 00 16 80 bc 55 00 13 01 00 2d 00 00 00 20 04 0a 00 00 00 01 00 00 00 00 16 80 bc 55 00 
14 01 00 2d 00 00 00 19 04 05 00 00 00 01 00 00 00 00 16 80 bc 55 00 15 01 00 2d 00 00 00 42 04 
05 00 00 00 01 00 00 00 00 16 80 bc 55 00 16 01 00 34 00 00 00 83 02 c8 00 00 00 01 00 00 00 00 
16 80 bc 55 00 17 01 00 4b 00 00 00 1f 04 19 00 00 00 01 00 00 00 00 16 80 bc 55 00 18 01 00 5f 
00 00 00 7c 04 0f 00 00 00 01 00 00 00 00 16 80 bc 55 00 19 01 00 5f 00 00 00 07 04 0f 00 00 00 
01 00 00 00 00 16 80 bc 55 00 1a 01 00 62 00 00 00 06 04 01 00 00 00 01 00 00 00 00 16 80 bc 55 
00 1b 01 00 62 00 00 00 15 04 01 00 00 00 01 00 00 00 00 16 80 bc 55 00 1c 01 00 5a 01 00 00 07 
04 05 00 00 00 01 00 00 00 00 16 80 bc 55 00 1d 01 00 5a 01 00 00 1d 04 0f 00 00 00 01 00 00 00 
00 16 80 bc 55 00 1e 01 00 64 01 00 00 1f 04 05 00 00 00 01 00 00 00 00 
.........V......................V......................V......................V........p........
.....V....,.................V....,.....!...........V....,.....!...........V....,................
.V....,.................V....,.....!...........V......................V........!.............V..
....................V......................V......................V......................U......
................U....-...#.............U....-... .............U....-.................U....-...B.
............U....4.................U....K.................U...._...|.............U...._.........
........U....b.................U....b.................U....Z.................U....Z.............
....U....d..............

Client->GAME [08:10:32 07/07/09] packet size: 1 CRYPTED, Flags: 7f ServerSeq: 12 ClientSeq: 159
02 
.

GAME->Client [08:10:32 07/07/09] packet size: 479 CRYPTED, Flags: 7f ServerSeq: 109 ClientSeq: 14
02 04 02 00 f1 03 16 80 bc 55 00 1f 01 00 66 01 00 00 7b 04 05 00 00 00 01 00 00 00 00 16 80 bc 
55 00 20 01 00 66 01 00 00 12 04 0a 00 00 00 01 00 00 00 00 16 80 bc 55 00 21 01 00 66 01 00 00 
06 04 0b 00 00 00 01 00 00 00 00 00 f4 17 16 80 bc 55 00 22 01 00 8e 01 00 00 03 04 05 00 00 00 
01 00 00 00 00 16 80 bc 55 00 23 01 00 8e 01 00 00 12 04 0f 00 00 00 01 00 00 00 00 16 80 bc 55 
00 24 01 00 8e 01 00 00 77 04 05 00 00 00 01 00 00 00 00 16 80 bc 55 00 25 01 00 cd 01 00 00 e5 
03 05 00 00 00 01 00 00 00 00 16 80 bc 55 00 26 01 00 cd 01 00 00 73 04 05 00 00 00 01 00 00 00 
00 16 80 bc 55 00 27 01 00 cd 01 00 00 e3 03 0f 00 00 00 01 00 00 00 00 16 80 bc 55 00 28 01 00 
d5 01 00 00 e3 03 05 00 00 00 01 00 00 00 00 16 80 bc 55 00 29 01 00 36 02 00 00 37 02 0a 00 00 
00 01 00 00 00 00 16 80 bc 45 00 2b 01 00 74 02 00 00 34 02 1e 00 00 00 01 00 00 00 00 16 80 bc 
45 00 2c 01 00 0b 00 00 00 37 02 96 00 00 00 01 00 00 00 00 04 80 b3 11 00 16 80 bc 45 03 11 00 
00 02 00 00 00 11 00 32 00 00 00 01 00 00 00 00 04 80 b3 35 04 16 80 bc 45 03 35 04 00 62 00 00 
00 35 04 00 00 00 00 01 00 00 00 00 04 80 b3 3d 04 16 80 bc 45 03 3d 04 00 43 00 00 00 3d 04 00 
00 00 00 01 00 00 00 00 04 80 b3 3e 04 16 80 bc 45 03 3e 04 00 4f 01 00 00 3e 04 00 00 00 00 01 
00 00 00 00 04 80 b3 3f 04 16 80 bc 45 03 3f 04 00 64 01 00 00 3f 04 00 00 00 00 01 00 00 00 00 
04 80 b3 40 04 16 80 bc 45 03 40 04 00 d5 01 00 00 40 04 00 00 00 00 01 00 00 00 00 02 81 07 
.........U....f...{.............U. ..f.................U.!..f....................U."............
........U.#....................U.$......w.............U.%....................U.&......s.........
....U.'....................U.(....................U.)..6...7.............E.+..t...4.............
E.,......7..................E..........2...........5....E.5..b...5.............=....E.=..C...=..
...........>....E.>..O...>.............?....E.?..d...?.............@....E.@......@.............

Client->GAME [08:10:32 07/07/09] packet size: 13 CRYPTED, Flags: 7f ServerSeq: 13 ClientSeq: 160
02 04 01 00 1e 01 06 81 08 00 00 00 00 
.............

GAME->Client [08:10:32 07/07/09] packet size: 1 CRYPTED, Flags: 7f ServerSeq: 110 ClientSeq: 0
02 
.

GAME->Client [08:10:32 07/07/09] packet size: 1 CRYPTED, Flags: 7f ServerSeq: 111 ClientSeq: 0
42 
B

GAME->Client [08:10:32 07/07/09] packet size: 1 CRYPTED, Flags: 7f ServerSeq: 112 ClientSeq: 0
42 
B

Client->GAME [08:10:33 07/07/09] packet size: 1 CRYPTED, Flags: 7f ServerSeq: 0 ClientSeq: 161
42 
B

GAME->Client [08:10:33 07/07/09] packet size: 5 CRYPTED, Flags: 7f ServerSeq: 113 ClientSeq: 0
c2 fd fc f3 48 
....H

GAME->Client [08:10:33 07/07/09] packet size: 1 CRYPTED, Flags: 7f ServerSeq: 114 ClientSeq: 0
42 
B

GAME->Client [08:10:33 07/07/09] packet size: 112 CRYPTED, Flags: 0 ServerSeq: 2 ClientSeq: 0
02 04 01 00 03 02 34 2e 07 00 00 00 00 00 00 00 00 00 00 00 64 00 00 2e 00 24 00 00 00 00 00 00 
00 00 00 00 00 00 00 00 00 00 00 0e 00 41 66 74 65 72 57 68 6f 72 75 4e 65 6f 00 34 2e 07 00 00 
00 00 00 00 00 00 00 00 00 64 00 00 2e 00 24 00 00 00 00 00 00 00 00 00 00 00 00 00 00 00 00 00 
0e 00 41 66 74 65 72 57 68 6f 72 75 4e 65 6f 00 
......4.............d....$...................AfterWhoruNeo.4.............d....$.................
..AfterWhoruNeo.

Client->GAME [08:10:33 07/07/09] packet size: 1 CRYPTED, Flags: 2 ServerSeq: 2 ClientSeq: 1
02 
.

GAME->Client [08:10:34 07/07/09] packet size: 132 CRYPTED, Flags: 1 ServerSeq: 3 ClientSeq: 1
02 04 01 00 00 03 67 06 0e 00 01 00 00 00 fe fc f3 48 01 44 00 34 00 72 65 73 6f 75 72 63 65 2f 
77 6f 72 6c 64 73 2f 66 69 6e 61 6c 5f 77 6f 72 6c 64 2f 73 6c 75 6d 73 5f 62 61 72 72 65 6e 73 
5f 66 75 6c 6c 2e 6d 65 74 72 00 21 00 48 61 6c 6c 6f 77 65 65 6e 5f 45 76 65 6e 74 2c 48 61 6c 
6c 6f 77 65 65 6e 5f 53 6b 79 62 6f 78 00 0a 80 e5 e7 cb c0 12 00 00 00 00 0a 80 e4 86 4f 78 00 
00 00 00 00 
......g..........H.D.4.resource/worlds/final_world/slums_barrens_full.metr.!.Halloween_Event,Hal
loween_Skybox................Ox.....

Client->GAME [08:10:34 07/07/09] packet size: 6 CRYPTED, Flags: 5 ServerSeq: 3 ClientSeq: 2
02 05 02 0c 00 00 
......

GAME->Client [08:10:34 07/07/09] packet size: 1 CRYPTED, Flags: 3 ServerSeq: 4 ClientSeq: 2
02 
.

Client->GAME [08:10:35 07/07/09] packet size: 8 CRYPTED, Flags: 5 ServerSeq: 3 ClientSeq: 3
02 04 01 00 00 01 01 05 
........

GAME->Client [08:10:35 07/07/09] packet size: 257 CRYPTED, Flags: 7 ServerSeq: 5 ClientSeq: 3
82 3f fd f3 48 03 01 00 0c 0c 00 d2 cd ab 20 8b 81 ff 71 02 00 00 41 6e 64 65 72 73 6f 6e 00 00 
00 00 00 00 00 00 00 00 00 00 00 00 00 00 00 00 00 00 00 00 00 00 98 64 e8 bf 1d 54 68 6f 6d 61 
73 00 00 00 00 00 00 00 00 00 00 00 00 00 00 00 00 00 00 00 00 00 00 00 00 00 00 80 f8 28 0a 0c 
00 00 87 43 00 00 00 01 8e 81 ff f7 00 31 5e 00 00 ce 67 00 41 66 74 65 72 57 68 6f 72 75 4e 65 
6f 00 00 00 00 00 00 00 00 00 00 00 00 00 00 00 00 00 00 00 00 00 00 80 fe 5f e3 40 00 00 00 00 
00 c0 57 40 00 00 00 c0 64 0b d5 c0 28 0a fd 64 01 00 00 67 00 75 d4 01 00 4b b1 00 00 04 80 73 
1a e9 82 80 60 04 00 02 8e 00 00 00 f7 00 9d 00 00 00 00 20 3c fc 40 00 00 00 00 fe b7 85 40 00 
00 00 00 00 c0 b2 40 81 ff 32 22 90 01 00 89 da d2 be 1d 80 1c 01 11 00 00 00 67 00 02 00 00 00 
00 
.?..H......... ...q...Anderson.........................d...Thomas............................(..
...C.........1^...g.AfterWhoruNeo........................_.@......W@....d...(..d...g.u...K.....s
....`.............. <.@.......@.......@..2"...............g......

Client->GAME [08:10:36 07/07/09] packet size: 55 CRYPTED, Flags: 17 ServerSeq: 5 ClientSeq: 4
02 03 02 00 02 60 08 41 6e 64 65 72 73 6f 6e 06 54 68 6f 6d 61 73 00 00 04 01 00 01 05 02 80 be 
07 3f 6b 00 00 00 00 00 08 3e 6b 00 10 00 00 00 00 02 81 48 02 0c 01 
.....`.Anderson.Thomas...........?k......>k........H...

GAME->Client [08:10:36 07/07/09] packet size: 718 CRYPTED, Flags: f ServerSeq: 6 ClientSeq: 4
02 03 01 00 0c 0c 00 d2 cd ab 20 8b 81 ff 71 02 00 00 41 6e 64 65 72 73 6f 6e 00 00 00 00 00 00 
00 00 00 00 00 00 00 00 00 00 00 00 00 00 00 00 00 00 98 64 e8 bf 1d 54 68 6f 6d 61 73 00 00 00 
00 00 00 00 00 00 00 00 00 00 00 00 00 00 00 00 00 00 00 00 00 00 00 80 f8 28 0a 0c 00 00 87 43 
00 00 00 01 8e 81 ff f7 00 31 5e 00 00 ce 67 00 41 66 74 65 72 57 68 6f 72 75 4e 65 6f 00 00 00 
00 00 00 00 00 00 00 00 00 00 00 00 00 00 00 00 00 00 00 80 fe 5f e3 40 00 00 00 00 00 c0 57 40 
00 00 00 c0 64 0b d5 c0 28 0a fd 64 01 00 00 67 00 75 d4 01 00 4b b1 00 00 04 80 73 1a e9 82 80 
60 04 00 02 8e 00 00 00 f7 00 9d 00 00 00 00 20 3c fc 40 00 00 00 00 fe b7 85 40 00 00 00 00 00 
c0 b2 40 81 ff 32 22 90 01 00 89 da d2 be 1d 80 1c 01 11 00 00 00 67 00 02 00 00 00 00 04 01 00 
05 14 16 80 bc 15 00 2d 01 00 f7 03 00 00 08 02 00 00 00 00 00 00 00 00 00 16 80 bc 15 00 2e 01 
00 f7 03 00 00 07 02 ec ff ff ff 00 00 00 00 00 16 80 bc 15 00 2f 01 00 f7 03 00 00 50 04 00 00 
00 00 00 00 00 00 00 16 80 bc 15 00 30 01 00 f7 03 00 00 f4 03 00 00 00 00 00 00 00 00 00 16 80 
bc 15 00 31 01 00 f7 03 00 00 51 04 f6 ff ff ff 00 00 00 00 00 16 80 bc 15 00 32 01 00 f7 03 00 
00 52 04 0f 00 00 00 00 00 00 00 00 16 80 bc 11 00 33 01 00 00 00 00 00 cb 02 00 00 00 00 00 00 
00 00 00 16 80 bc 56 00 34 01 00 ef b2 00 00 1b 04 02 00 00 00 00 00 00 00 00 16 80 bc 56 00 35 
01 00 ef b2 00 00 b4 00 20 00 00 00 00 00 00 00 00 16 80 bc 56 00 36 01 00 ef b2 00 00 09 04 20 
00 00 00 00 00 00 00 00 16 80 bc 56 00 37 01 00 ef b2 00 00 77 04 01 00 00 00 00 00 00 00 00 16 
80 bc 56 00 38 01 00 ef b2 00 00 e6 03 02 00 00 00 00 00 00 00 00 16 80 bc 56 00 39 01 00 ef b2 
00 00 b5 00 20 00 00 00 00 00 00 00 00 16 80 bc 56 00 3a 01 00 70 9a 00 00 23 04 02 00 00 00 00 
00 00 00 00 16 80 bc 56 00 3b 01 00 70 9a 00 00 b4 00 1e 00 00 00 00 00 00 00 00 16 80 bc 56 00 
3c 01 00 70 9a 00 00 20 04 02 00 00 00 00 00 00 00 00 16 80 bc 56 00 3d 01 00 70 9a 00 00 9d 00 
1e 00 00 00 00 00 00 00 00 16 80 bc 56 00 3e 01 00 70 9a 00 00 b5 00 1e 00 00 00 00 00 00 00 00 
16 80 bc 56 00 3f 01 00 8a b2 00 00 23 04 02 00 00 00 00 00 00 00 00 16 80 bc 56 00 40 01 00 8a 
b2 00 00 21 04 01 00 00 00 00 00 00 00 00 
.......... ...q...Anderson.........................d...Thomas............................(.....C
.........1^...g.AfterWhoruNeo........................_.@......W@....d...(..d...g.u...K.....s....
`.............. <.@.......@.......@..2"...............g................-........................
...................../......P...............0......................1......Q...............2.....
.R...............3....................V.4....................V.5........ ...........V.6........ 
...........V.7......w.............V.8....................V.9........ ...........V.:..p...#......
.......V.;..p.................V.<..p... .............V.=..p.................V.>..p..............
...V.?......#.............V.@......!..........

Client->GAME [08:10:36 07/07/09] packet size: 1 CRYPTED, Flags: 2f ServerSeq: 6 ClientSeq: 5
02 
.

GAME->Client [08:10:36 07/07/09] packet size: 447 CRYPTED, Flags: f ServerSeq: 7 ClientSeq: 4
82 6d fd f3 48 04 01 00 19 13 16 80 bc 56 00 41 01 00 8a b2 00 00 b4 00 1d 00 00 00 00 00 00 00 
00 16 80 bc 56 00 42 01 00 8a b2 00 00 09 04 1d 00 00 00 00 00 00 00 00 16 80 bc 56 00 43 01 00 
8a b2 00 00 9d 00 1d 00 00 00 00 00 00 00 00 16 80 bc 56 00 44 01 00 8a b2 00 00 06 04 01 00 00 
00 00 00 00 00 00 16 80 bc 56 00 45 01 00 24 b3 00 00 89 02 02 00 00 00 00 00 00 00 00 16 80 bc 
56 00 46 01 00 24 b3 00 00 1a 04 01 00 00 00 00 00 00 00 00 16 80 bc 56 00 47 01 00 24 b3 00 00 
b4 00 21 00 00 00 00 00 00 00 00 16 80 bc 56 00 48 01 00 24 b3 00 00 09 04 21 00 00 00 00 00 00 
00 00 16 80 bc 56 00 49 01 00 24 b3 00 00 15 04 02 00 00 00 00 00 00 00 00 16 80 bc 56 00 4a 01 
00 24 b3 00 00 b5 00 21 00 00 00 00 00 00 00 00 16 80 bc 56 00 4b 01 00 95 a7 00 00 b4 00 12 00 
00 00 00 00 00 00 00 16 80 bc 56 00 4c 01 00 95 a7 00 00 b5 00 12 00 00 00 00 00 00 00 00 16 80 
bc 56 00 4d 01 00 95 a7 00 00 09 04 12 00 00 00 00 00 00 00 00 16 80 bc 56 00 4e 01 00 95 a7 00 
00 70 00 0f 00 00 00 00 00 00 00 00 16 80 bc 56 00 4f 01 00 2c b3 00 00 17 04 01 00 00 00 00 00 
00 00 00 16 80 bc 56 00 50 01 00 2c b3 00 00 b4 00 21 00 00 00 00 00 00 00 00 16 80 bc 56 00 51 
01 00 2c b3 00 00 09 04 21 00 00 00 00 00 00 00 00 16 80 bc 56 00 52 01 00 2c b3 00 00 12 04 02 
00 00 00 00 00 00 00 00 16 80 bc 56 00 53 01 00 2c b3 00 00 07 04 02 00 00 00 00 00 00 00 00 
.m..H........V.A....................V.B....................V.C....................V.D...........
.........V.E..$.................V.F..$.................V.G..$.....!...........V.H..$.....!......
.....V.I..$.................V.J..$.....!...........V.K....................V.L...................
.V.M....................V.N......p.............V.O..,.................V.P..,.....!...........V.Q
..,.....!...........V.R..,.................V.S..,..............

Client->GAME [08:10:36 07/07/09] packet size: 1 CRYPTED, Flags: 5f ServerSeq: 7 ClientSeq: 6
02 
.

GAME->Client [08:10:36 07/07/09] packet size: 466 CRYPTED, Flags: f ServerSeq: 8 ClientSeq: 4
02 04 01 00 2c 14 16 80 bc 56 00 54 01 00 2c b3 00 00 b5 00 21 00 00 00 00 00 00 00 00 16 80 bc 
56 00 55 01 00 c3 b2 00 00 89 02 02 00 00 00 00 00 00 00 00 16 80 bc 56 00 56 01 00 c3 b2 00 00 
21 04 02 00 00 00 00 00 00 00 00 16 80 bc 56 00 57 01 00 c3 b2 00 00 b4 00 1f 00 00 00 00 00 00 
00 00 16 80 bc 56 00 58 01 00 c3 b2 00 00 09 04 1f 00 00 00 00 00 00 00 00 16 80 bc 56 00 59 01 
00 c3 b2 00 00 1e 04 01 00 00 00 00 00 00 00 00 16 80 bc 56 00 5a 01 00 c3 b2 00 00 9d 00 1f 00 
00 00 00 00 00 00 00 16 80 bc 55 00 5b 01 00 02 00 00 00 cc 00 0c 00 00 00 00 00 00 00 00 16 80 
bc 55 00 5c 01 00 2d 00 00 00 23 04 0a 00 00 00 00 00 00 00 00 16 80 bc 55 00 5d 01 00 2d 00 00 
00 20 04 0a 00 00 00 00 00 00 00 00 16 80 bc 55 00 5e 01 00 2d 00 00 00 19 04 05 00 00 00 00 00 
00 00 00 16 80 bc 55 00 5f 01 00 2d 00 00 00 42 04 05 00 00 00 00 00 00 00 00 16 80 bc 55 00 60 
01 00 34 00 00 00 83 02 c8 00 00 00 00 00 00 00 00 16 80 bc 55 00 61 01 00 4b 00 00 00 1f 04 19 
00 00 00 00 00 00 00 00 16 80 bc 55 00 62 01 00 5f 00 00 00 7c 04 0f 00 00 00 00 00 00 00 00 16 
80 bc 55 00 63 01 00 5f 00 00 00 07 04 0f 00 00 00 00 00 00 00 00 16 80 bc 55 00 64 01 00 62 00 
00 00 06 04 01 00 00 00 00 00 00 00 00 16 80 bc 55 00 65 01 00 62 00 00 00 15 04 01 00 00 00 00 
00 00 00 00 16 80 bc 55 00 66 01 00 5a 01 00 00 07 04 05 00 00 00 00 00 00 00 00 16 80 bc 55 00 
67 01 00 5a 01 00 00 1d 04 0f 00 00 00 00 00 00 00 00 
....,....V.T..,.....!...........V.U....................V.V......!.............V.W...............
.....V.X....................V.Y....................V.Z....................U.[...................
.U.\..-...#.............U.]..-... .............U.^..-.................U._..-...B.............U.`
..4.................U.a..K.................U.b.._...|.............U.c.._.................U.d..b.
................U.e..b.................U.f..Z.................U.g..Z..............

Client->GAME [08:10:37 07/07/09] packet size: 1 CRYPTED, Flags: 3f ServerSeq: 8 ClientSeq: 7
02 
.

GAME->Client [08:10:37 07/07/09] packet size: 495 CRYPTED, Flags: 3f ServerSeq: 9 ClientSeq: 6
02 04 03 00 40 04 16 80 bc 55 00 68 01 00 64 01 00 00 1f 04 05 00 00 00 00 00 00 00 00 16 80 bc 
55 00 69 01 00 66 01 00 00 7b 04 05 00 00 00 00 00 00 00 00 16 80 bc 55 00 6a 01 00 66 01 00 00 
12 04 0a 00 00 00 00 00 00 00 00 16 80 bc 55 00 6b 01 00 66 01 00 00 06 04 0b 00 00 00 00 00 00 
00 00 00 44 10 16 80 bc 55 00 6c 01 00 8e 01 00 00 03 04 05 00 00 00 00 00 00 00 00 16 80 bc 55 
00 6d 01 00 8e 01 00 00 12 04 0f 00 00 00 00 00 00 00 00 16 80 bc 55 00 6e 01 00 8e 01 00 00 77 
04 05 00 00 00 00 00 00 00 00 16 80 bc 55 00 6f 01 00 cd 01 00 00 e5 03 05 00 00 00 00 00 00 00 
00 16 80 bc 55 00 70 01 00 cd 01 00 00 73 04 05 00 00 00 00 00 00 00 00 16 80 bc 55 00 71 01 00 
cd 01 00 00 e3 03 0f 00 00 00 00 00 00 00 00 16 80 bc 55 00 72 01 00 d5 01 00 00 e3 03 05 00 00 
00 00 00 00 00 00 16 80 bc 55 00 73 01 00 36 02 00 00 37 02 0a 00 00 00 00 00 00 00 00 16 80 bc 
45 00 74 01 00 74 02 00 00 34 02 1e 00 00 00 00 00 00 00 00 16 80 bc 45 00 75 01 00 0b 00 00 00 
37 02 96 00 00 00 00 00 00 00 00 16 80 bc 45 03 11 00 00 02 00 00 00 11 00 32 00 00 00 00 00 00 
00 00 16 80 bc 45 03 35 04 00 62 00 00 00 35 04 00 00 00 00 00 00 00 00 00 16 80 bc 45 03 3d 04 
00 43 00 00 00 3d 04 00 00 00 00 00 00 00 00 00 16 80 bc 45 03 3e 04 00 4f 01 00 00 3e 04 00 00 
00 00 00 00 00 00 00 16 80 bc 45 03 3f 04 00 64 01 00 00 3f 04 00 00 00 00 00 00 00 00 00 16 80 
bc 45 03 40 04 00 d5 01 00 00 40 04 00 00 00 00 00 00 00 00 00 00 54 01 16 80 bc 56 00 34 01 00 
ef b2 00 00 1b 04 02 00 00 00 01 00 00 00 00 
....@....U.h..d.................U.i..f...{.............U.j..f.................U.k..f............
...D....U.l....................U.m....................U.n......w.............U.o................
....U.p......s.............U.q....................U.r....................U.s..6...7.............
E.t..t...4.............E.u......7.............E..........2...........E.5..b...5.............E.=.
.C...=.............E.>..O...>.............E.?..d...?.............E.@......@...........T....V.4..
...............

Client->GAME [08:10:37 07/07/09] packet size: 1 CRYPTED, Flags: 7f ServerSeq: 9 ClientSeq: 8
02 
.

GAME->Client [08:10:37 07/07/09] packet size: 512 CRYPTED, Flags: 3f ServerSeq: 10 ClientSeq: 6
02 04 01 00 55 16 16 80 bc 56 00 35 01 00 ef b2 00 00 b4 00 20 00 00 00 01 00 00 00 00 16 80 bc 
56 00 36 01 00 ef b2 00 00 09 04 20 00 00 00 01 00 00 00 00 16 80 bc 56 00 37 01 00 ef b2 00 00 
77 04 01 00 00 00 01 00 00 00 00 16 80 bc 56 00 38 01 00 ef b2 00 00 e6 03 02 00 00 00 01 00 00 
00 00 16 80 bc 56 00 39 01 00 ef b2 00 00 b5 00 20 00 00 00 01 00 00 00 00 16 80 bc 56 00 76 01 
00 ef b2 00 00 1b 04 02 00 00 00 00 00 00 00 00 16 80 bc 56 00 77 01 00 ef b2 00 00 b4 00 20 00 
00 00 00 00 00 00 00 16 80 bc 56 00 78 01 00 ef b2 00 00 09 04 20 00 00 00 00 00 00 00 00 16 80 
bc 56 00 79 01 00 ef b2 00 00 77 04 01 00 00 00 00 00 00 00 00 16 80 bc 56 00 7a 01 00 ef b2 00 
00 e6 03 02 00 00 00 00 00 00 00 00 16 80 bc 56 00 7b 01 00 ef b2 00 00 b5 00 20 00 00 00 00 00 
00 00 00 16 80 bc 56 00 3a 01 00 70 9a 00 00 23 04 02 00 00 00 01 00 00 00 00 16 80 bc 56 00 3b 
01 00 70 9a 00 00 b4 00 1e 00 00 00 01 00 00 00 00 16 80 bc 56 00 3c 01 00 70 9a 00 00 20 04 02 
00 00 00 01 00 00 00 00 16 80 bc 56 00 3d 01 00 70 9a 00 00 9d 00 1e 00 00 00 01 00 00 00 00 16 
80 bc 56 00 3e 01 00 70 9a 00 00 b5 00 1e 00 00 00 01 00 00 00 00 16 80 bc 56 00 7c 01 00 70 9a 
00 00 23 04 02 00 00 00 00 00 00 00 00 16 80 bc 56 00 7d 01 00 70 9a 00 00 b4 00 1e 00 00 00 00 
00 00 00 00 16 80 bc 56 00 7e 01 00 70 9a 00 00 20 04 02 00 00 00 00 00 00 00 00 16 80 bc 56 00 
7f 01 00 70 9a 00 00 9d 00 1e 00 00 00 00 00 00 00 00 16 80 bc 56 00 80 01 00 70 9a 00 00 b5 00 
1e 00 00 00 00 00 00 00 00 16 80 bc 56 00 3f 01 00 8a b2 00 00 23 04 02 00 00 00 01 00 00 00 00 
....U....V.5........ ...........V.6........ ...........V.7......w.............V.8...............
.....V.9........ ...........V.v....................V.w........ ...........V.x........ ..........
.V.y......w.............V.z....................V.{........ ...........V.:..p...#.............V.;
..p.................V.<..p... .............V.=..p.................V.>..p.................V.|..p.
..#.............V.}..p.................V.~..p... .............V....p.................V....p.....
............V.?......#..........

Client->GAME [08:10:37 07/07/09] packet size: 1 CRYPTED, Flags: 7f ServerSeq: 10 ClientSeq: 9
02 
.

GAME->Client [08:10:37 07/07/09] packet size: 535 CRYPTED, Flags: 7f ServerSeq: 11 ClientSeq: 8
02 04 01 00 6b 17 16 80 bc 56 00 40 01 00 8a b2 00 00 21 04 01 00 00 00 01 00 00 00 00 16 80 bc 
56 00 41 01 00 8a b2 00 00 b4 00 1d 00 00 00 01 00 00 00 00 16 80 bc 56 00 42 01 00 8a b2 00 00 
09 04 1d 00 00 00 01 00 00 00 00 16 80 bc 56 00 43 01 00 8a b2 00 00 9d 00 1d 00 00 00 01 00 00 
00 00 16 80 bc 56 00 44 01 00 8a b2 00 00 06 04 01 00 00 00 01 00 00 00 00 16 80 bc 56 00 81 01 
00 8a b2 00 00 23 04 02 00 00 00 00 00 00 00 00 16 80 bc 56 00 82 01 00 8a b2 00 00 21 04 01 00 
00 00 00 00 00 00 00 16 80 bc 56 00 83 01 00 8a b2 00 00 b4 00 1d 00 00 00 00 00 00 00 00 16 80 
bc 56 00 84 01 00 8a b2 00 00 09 04 1d 00 00 00 00 00 00 00 00 16 80 bc 56 00 85 01 00 8a b2 00 
00 9d 00 1d 00 00 00 00 00 00 00 00 16 80 bc 56 00 86 01 00 8a b2 00 00 06 04 01 00 00 00 00 00 
00 00 00 16 80 bc 56 00 45 01 00 24 b3 00 00 89 02 02 00 00 00 01 00 00 00 00 16 80 bc 56 00 46 
01 00 24 b3 00 00 1a 04 01 00 00 00 01 00 00 00 00 16 80 bc 56 00 47 01 00 24 b3 00 00 b4 00 21 
00 00 00 01 00 00 00 00 16 80 bc 56 00 48 01 00 24 b3 00 00 09 04 21 00 00 00 01 00 00 00 00 16 
80 bc 56 00 49 01 00 24 b3 00 00 15 04 02 00 00 00 01 00 00 00 00 16 80 bc 56 00 4a 01 00 24 b3 
00 00 b5 00 21 00 00 00 01 00 00 00 00 16 80 bc 56 00 87 01 00 24 b3 00 00 89 02 02 00 00 00 00 
00 00 00 00 16 80 bc 56 00 88 01 00 24 b3 00 00 1a 04 01 00 00 00 00 00 00 00 00 16 80 bc 56 00 
89 01 00 24 b3 00 00 b4 00 21 00 00 00 00 00 00 00 00 16 80 bc 56 00 8a 01 00 24 b3 00 00 09 04 
21 00 00 00 00 00 00 00 00 16 80 bc 56 00 8b 01 00 24 b3 00 00 15 04 02 00 00 00 00 00 00 00 00 
16 80 bc 56 00 8c 01 00 24 b3 00 00 b5 00 21 00 00 00 00 00 00 00 00 
....k....V.@......!.............V.A....................V.B....................V.C...............
.....V.D....................V........#.............V........!.............V.....................
.V......................V......................V......................V.E..$.................V.F
..$.................V.G..$.....!...........V.H..$.....!...........V.I..$.................V.J..$.
....!...........V....$.................V....$.................V....$.....!...........V....$.....
!...........V....$.................V....$.....!........

Client->GAME [08:10:37 07/07/09] packet size: 1 CRYPTED, Flags: 7f ServerSeq: 11 ClientSeq: 10
02 
.

Client->GAME [08:10:37 07/07/09] packet size: 25 CRYPTED, Flags: 7f ServerSeq: 11 ClientSeq: 11
02 04 01 00 06 01 12 80 c9 07 00 00 00 00 2c c9 47 00 00 20 41 00 a0 0c 46 
..............,.G.. A...F

GAME->Client [08:10:37 07/07/09] packet size: 561 CRYPTED, Flags: 7f ServerSeq: 12 ClientSeq: 9
02 04 02 00 82 11 16 80 bc 56 00 4b 01 00 95 a7 00 00 b4 00 12 00 00 00 01 00 00 00 00 16 80 bc 
56 00 4c 01 00 95 a7 00 00 b5 00 12 00 00 00 01 00 00 00 00 16 80 bc 56 00 4d 01 00 95 a7 00 00 
09 04 12 00 00 00 01 00 00 00 00 16 80 bc 56 00 4e 01 00 95 a7 00 00 70 00 0f 00 00 00 01 00 00 
00 00 16 80 bc 56 00 8d 01 00 95 a7 00 00 b4 00 12 00 00 00 00 00 00 00 00 16 80 bc 56 00 8e 01 
00 95 a7 00 00 b5 00 12 00 00 00 00 00 00 00 00 16 80 bc 56 00 8f 01 00 95 a7 00 00 09 04 12 00 
00 00 00 00 00 00 00 16 80 bc 56 00 90 01 00 95 a7 00 00 70 00 0f 00 00 00 00 00 00 00 00 16 80 
bc 56 00 4f 01 00 2c b3 00 00 17 04 01 00 00 00 01 00 00 00 00 16 80 bc 56 00 50 01 00 2c b3 00 
00 b4 00 21 00 00 00 01 00 00 00 00 16 80 bc 56 00 51 01 00 2c b3 00 00 09 04 21 00 00 00 01 00 
00 00 00 16 80 bc 56 00 52 01 00 2c b3 00 00 12 04 02 00 00 00 01 00 00 00 00 16 80 bc 56 00 53 
01 00 2c b3 00 00 07 04 02 00 00 00 01 00 00 00 00 16 80 bc 56 00 54 01 00 2c b3 00 00 b5 00 21 
00 00 00 01 00 00 00 00 16 80 bc 56 00 91 01 00 2c b3 00 00 17 04 01 00 00 00 00 00 00 00 00 16 
80 bc 56 00 92 01 00 2c b3 00 00 b4 00 21 00 00 00 00 00 00 00 00 16 80 bc 56 00 93 01 00 2c b3 
00 00 09 04 21 00 00 00 00 00 00 00 00 00 93 07 16 80 bc 56 00 94 01 00 2c b3 00 00 12 04 02 00 
00 00 00 00 00 00 00 16 80 bc 56 00 95 01 00 2c b3 00 00 07 04 02 00 00 00 00 00 00 00 00 16 80 
bc 56 00 96 01 00 2c b3 00 00 b5 00 21 00 00 00 00 00 00 00 00 16 80 bc 56 00 55 01 00 c3 b2 00 
00 89 02 02 00 00 00 01 00 00 00 00 16 80 bc 56 00 56 01 00 c3 b2 00 00 21 04 02 00 00 00 01 00 
00 00 00 16 80 bc 56 00 57 01 00 c3 b2 00 00 b4 00 1f 00 00 00 01 00 00 00 00 16 80 bc 56 00 58 
01 00 c3 b2 00 00 09 04 1f 00 00 00 01 00 00 00 00 
.........V.K....................V.L....................V.M....................V.N......p........
.....V......................V......................V......................V........p............
.V.O..,.................V.P..,.....!...........V.Q..,.....!...........V.R..,.................V.S
..,.................V.T..,.....!...........V....,.................V....,.....!...........V....,.
....!..............V....,.................V....,.................V....,.....!...........V.U.....
...............V.V......!.............V.W....................V.X.................

Client->GAME [08:10:37 07/07/09] packet size: 1 CRYPTED, Flags: 7f ServerSeq: 12 ClientSeq: 12
02 
.

GAME->Client [08:10:37 07/07/09] packet size: 593 CRYPTED, Flags: 7f ServerSeq: 13 ClientSeq: 9
02 04 01 00 9a 1a 16 80 bc 56 00 59 01 00 c3 b2 00 00 1e 04 01 00 00 00 01 00 00 00 00 16 80 bc 
56 00 5a 01 00 c3 b2 00 00 9d 00 1f 00 00 00 01 00 00 00 00 16 80 bc 56 00 97 01 00 c3 b2 00 00 
89 02 02 00 00 00 00 00 00 00 00 16 80 bc 56 00 98 01 00 c3 b2 00 00 21 04 02 00 00 00 00 00 00 
00 00 16 80 bc 56 00 99 01 00 c3 b2 00 00 b4 00 1f 00 00 00 00 00 00 00 00 16 80 bc 56 00 9a 01 
00 c3 b2 00 00 09 04 1f 00 00 00 00 00 00 00 00 16 80 bc 56 00 9b 01 00 c3 b2 00 00 1e 04 01 00 
00 00 00 00 00 00 00 16 80 bc 56 00 9c 01 00 c3 b2 00 00 9d 00 1f 00 00 00 00 00 00 00 00 16 80 
bc 15 00 9d 01 00 11 00 00 00 ab 00 0d 00 00 00 00 00 00 00 00 16 80 bc 15 00 9e 01 00 11 00 00 
00 0a 02 4d 00 00 00 00 00 00 00 00 16 80 bc 15 00 9f 01 00 11 00 00 00 f2 03 34 00 00 00 00 00 
00 00 00 16 80 bc 15 00 a0 01 00 11 00 00 00 ed 03 4d 00 00 00 00 00 00 00 00 16 80 bc 15 00 a1 
01 00 11 00 00 00 9f 00 19 00 00 00 00 00 00 00 00 16 80 bc 15 00 a2 01 00 11 00 00 00 f1 03 34 
00 00 00 00 00 00 00 00 16 80 bc 15 00 a3 01 00 11 00 00 00 0c 02 34 00 00 00 00 00 00 00 00 16 
80 bc 15 00 a4 01 00 11 00 00 00 b7 00 4c 00 00 00 00 00 00 00 00 16 80 bc 15 00 a5 01 00 11 00 
00 00 f3 03 46 00 00 00 00 00 00 00 00 0b 80 bd 05 11 00 00 00 00 00 00 01 16 80 bc 15 00 9d 01 
00 11 00 00 00 ab 00 0d 00 00 00 01 00 00 00 00 16 80 bc 15 00 9e 01 00 11 00 00 00 0a 02 4d 00 
00 00 01 00 00 00 00 16 80 bc 15 00 9f 01 00 11 00 00 00 f2 03 34 00 00 00 01 00 00 00 00 16 80 
bc 15 00 a0 01 00 11 00 00 00 ed 03 4d 00 00 00 01 00 00 00 00 16 80 bc 15 00 a1 01 00 11 00 00 
00 9f 00 19 00 00 00 01 00 00 00 00 16 80 bc 15 00 a2 01 00 11 00 00 00 f1 03 34 00 00 00 01 00 
00 00 00 16 80 bc 15 00 a3 01 00 11 00 00 00 0c 02 34 00 00 00 01 00 00 00 00 16 80 bc 15 00 a4 
01 00 11 00 00 00 b7 00 4c 00 00 00 01 00 00 00 00 
.........V.Y....................V.Z....................V......................V........!........
.....V......................V......................V......................V.....................
...................................M......................4......................M..............
...............................4......................4......................L..................
....F.........................................................M......................4..........
............M.............................................4......................4..............
........L........

Client->GAME [08:10:37 07/07/09] packet size: 1 CRYPTED, Flags: 7f ServerSeq: 13 ClientSeq: 13
02 
.

GAME->Client [08:10:37 07/07/09] packet size: 655 CRYPTED, Flags: 7f ServerSeq: 14 ClientSeq: 12
02 03 01 00 0c 57 02 d3 cd ab 10 8e 43 72 6f 73 73 62 6f 6e 65 73 20 54 61 72 00 00 00 00 00 00 
00 00 00 00 00 00 00 00 00 00 00 00 00 10 00 00 22 d4 74 b5 1c 00 c6 01 80 c1 59 03 00 08 00 00 
00 30 b4 ab fc 40 00 00 00 00 00 68 85 40 00 00 00 c0 31 52 bd 40 c0 01 82 02 a8 07 51 01 b2 09 
51 01 07 08 00 00 80 02 01 21 00 00 01 00 0c 57 02 d4 cd ab 11 8e 43 72 6f 73 73 62 6f 6e 65 73 
20 54 61 72 00 00 00 00 00 00 00 00 00 00 00 00 00 00 00 00 00 00 00 10 00 00 22 d4 3b b5 1c 00 
c6 01 80 c1 59 03 00 08 00 00 00 a0 11 15 fc 40 00 00 00 00 30 8f 85 40 00 00 00 40 a1 78 bc 40 
c0 01 83 04 02 a8 07 51 01 b2 09 51 01 07 08 00 00 80 02 01 1f 00 00 01 00 0c 57 02 d5 cd ab 10 
8e 43 72 6f 73 73 62 6f 6e 65 73 20 42 75 6d 62 6f 6f 00 00 00 00 00 00 00 00 00 00 00 00 00 00 
00 00 10 00 00 22 d4 53 b4 1c 00 c6 01 80 c1 56 03 00 08 00 00 00 a6 e2 78 fc 40 00 00 00 00 00 
68 85 40 00 00 00 c0 1a 18 ba 40 c0 01 82 03 a8 07 e1 00 b2 09 e1 00 07 08 00 00 80 02 01 1d 00 
00 01 00 0c 57 02 d6 cd ab 10 8e 43 72 6f 73 73 62 6f 6e 65 73 20 42 75 6d 62 6f 6f 00 00 00 00 
00 00 00 00 00 00 00 00 00 00 00 00 10 00 00 22 d4 93 b4 1c 00 c6 01 80 c1 57 03 00 08 00 00 00 
af 29 22 fb 40 00 00 00 00 fe b7 85 40 00 00 00 80 26 d3 b8 40 c0 01 82 03 a8 07 e1 00 b2 09 e1 
00 07 08 00 00 80 02 01 1b 00 00 00 00 04 01 00 b4 0b 16 80 bc 15 00 a5 01 00 11 00 00 00 f3 03 
46 00 00 00 01 00 00 00 00 04 80 b3 11 00 16 80 bc 45 03 11 00 00 02 00 00 00 11 00 32 00 00 00 
01 00 00 00 00 16 80 bc 55 00 5b 01 00 02 00 00 00 cc 00 0c 00 00 00 01 00 00 00 00 08 80 b2 11 
00 32 00 08 02 16 80 bc 45 03 11 00 00 02 00 00 00 11 00 32 00 00 00 00 00 00 00 00 16 80 bc 55 
00 a6 01 00 02 00 00 00 cc 00 0c 00 00 00 00 00 00 00 00 16 80 bc 15 00 a7 01 00 11 00 00 00 ab 
00 0d 00 00 00 00 00 00 00 00 16 80 bc 15 00 a8 01 00 11 00 00 00 0a 02 4d 00 00 00 00 00 00 00 
00 16 80 bc 15 00 a9 01 00 11 00 00 00 f2 03 34 00 00 00 00 00 00 00 00 16 80 bc 15 00 aa 01 00 
11 00 00 00 ed 03 4d 00 00 00 00 00 00 00 00 
.....W......Crossbones Tar......................".t.......Y......0...@.....h.@....1R.@......Q...
Q........!.....W......Crossbones Tar......................".;.......Y..........@....0..@...@.x.@
.......Q...Q..............W......Crossbones Bumboo...................".S.......V........x.@.....
h.@.......@.........................W......Crossbones Bumboo...................".........W......
.)".@.......@....&..@...........................................F................E..........2...
........U.[......................2......E..........2...........U................................
........................M......................4......................M........

Client->GAME [08:10:37 07/07/09] packet size: 1 CRYPTED, Flags: 7f ServerSeq: 14 ClientSeq: 14
02 
.

GAME->Client [08:10:37 07/07/09] packet size: 676 CRYPTED, Flags: 7f ServerSeq: 15 ClientSeq: 13
02 03 01 00 02 13 00 1f 00 02 0c 45 8d a8 e0 47 80 79 2c 44 0a c5 e3 45 01 00 08 d0 20 21 03 f0 
3d c7 cd ab 08 fd 00 00 00 00 17 e2 fc 40 00 00 00 00 00 b8 85 40 00 00 00 00 6e 09 b0 40 4b 65 
65 6e 65 79 00 00 00 00 00 00 00 00 00 00 00 00 00 00 00 00 00 00 00 00 00 00 00 00 00 00 00 00 
00 00 00 00 00 00 00 00 00 00 00 00 00 00 00 00 00 00 00 00 00 00 00 00 00 00 00 00 00 00 02 00 
00 3a 00 1a 0b 00 58 00 00 03 00 00 00 00 00 2b fa 0e bc 00 00 00 00 81 fd 7f 3f 19 00 00 01 00 
08 d0 20 23 03 f0 3d c6 cd ab 07 fd 00 00 00 00 90 0d fc 40 00 00 00 00 00 b8 85 40 00 00 00 00 
00 04 a0 40 53 61 6e 64 79 00 00 00 00 00 00 00 00 00 00 00 00 00 00 00 00 00 00 00 00 00 00 00 
00 00 00 00 00 00 00 00 00 00 00 00 00 00 00 00 00 00 00 00 00 00 00 00 00 00 00 00 00 00 00 00 
00 00 00 00 02 00 00 3a 00 17 0b 00 58 00 00 01 00 17 00 00 01 00 0c 57 02 d7 cd ab 10 8e 43 72 
6f 73 73 62 6f 6e 65 73 20 42 75 6d 62 6f 6f 00 00 00 00 00 00 00 00 00 00 00 00 00 00 00 00 10 
00 00 22 d4 49 b4 1c 00 c6 01 80 c1 57 03 00 08 00 00 00 ec c4 82 fc 40 00 00 00 00 00 68 85 40 
00 00 00 c0 3f 15 ba 40 c0 01 82 03 a8 07 e1 00 b2 09 e1 00 07 08 00 00 80 02 01 15 00 00 01 00 
08 b5 19 11 03 f0 3d 35 cd ab 02 03 00 00 00 00 a0 4d fc 40 00 00 00 00 00 28 84 40 00 00 00 00 
00 47 b3 40 00 00 00 00 00 00 80 3f 00 00 00 00 2e bd 3b b3 0d 00 00 00 00 04 01 00 bf 0a 16 80 
bc 15 00 ab 01 00 11 00 00 00 9f 00 19 00 00 00 00 00 00 00 00 16 80 bc 15 00 ac 01 00 11 00 00 
00 f1 03 34 00 00 00 00 00 00 00 00 16 80 bc 15 00 ad 01 00 11 00 00 00 0c 02 34 00 00 00 00 00 
00 00 00 16 80 bc 15 00 ae 01 00 11 00 00 00 b7 00 4c 00 00 00 00 00 00 00 00 16 80 bc 15 00 af 
01 00 11 00 00 00 f3 03 46 00 00 00 00 00 00 00 00 16 80 bc 45 00 75 01 00 0b 00 00 00 37 02 96 
00 00 00 01 00 00 00 00 16 80 bc 55 00 b0 01 00 0b 00 00 00 37 02 96 00 00 00 00 00 00 00 00 16 
80 bc 55 00 5c 01 00 2d 00 00 00 23 04 0a 00 00 00 01 00 00 00 00 16 80 bc 55 00 5d 01 00 2d 00 
00 00 20 04 0a 00 00 00 01 00 00 00 00 16 80 bc 55 00 5e 01 00 2d 00 00 00 19 04 05 00 00 00 01 
00 00 00 00 
...........E...G.y,D...E.... !..=............@.......@....n..@Keeney............................
.................................:....X........+..........?....... #..=............@.......@....
...@Sandy..............................................................:....X..........W......Cr
ossbones Bumboo...................".I.......W..........@.....h.@....?..@........................
......=5.........M.@.....(.@.....G.@.......?......;.............................................
...4......................4......................L......................F...........E.u......7..
...........U........7.............U.\..-...#.............U.]..-... .............U.^..-..........
....

Client->GAME [08:10:37 07/07/09] packet size: 1 CRYPTED, Flags: 7f ServerSeq: 15 ClientSeq: 15
02 
.

GAME->Client [08:10:37 07/07/09] packet size: 703 CRYPTED, Flags: 7f ServerSeq: 16 ClientSeq: 14
82 91 fd f3 48 03 01 00 0c 57 02 d8 cd ab 12 8e 43 72 6f 73 73 62 6f 6e 65 73 20 42 75 6d 62 6f 
6f 00 00 00 00 00 00 00 00 00 00 00 00 00 00 00 00 10 00 00 22 d4 e0 b4 1c 00 c6 01 80 d1 57 03 
00 08 0a 00 00 00 16 33 77 fc 40 00 00 00 00 00 68 85 40 00 00 00 60 da d5 b6 40 c0 01 83 01 03 
a8 07 e1 00 b2 09 e1 00 07 08 00 00 80 02 01 13 00 00 01 00 0c 57 02 d9 cd ab 12 8e 43 72 6f 73 
73 62 6f 6e 65 73 20 54 61 72 00 00 00 00 00 00 00 00 00 00 00 00 00 00 00 00 00 00 00 10 00 00 
22 d4 de b5 1c 00 c6 01 80 d1 58 03 00 08 0a 00 00 00 86 3e 00 fc 40 00 00 00 00 fe b7 85 40 00 
00 00 c0 eb e1 be 40 c0 01 83 01 02 a8 07 51 01 b2 09 51 01 07 08 00 00 80 02 01 11 00 00 01 00 
08 d0 20 94 0a 50 46 cb cd ab 08 fd 00 00 00 00 c0 de fa 40 00 00 00 00 00 e8 85 40 00 00 00 00 
00 a0 6e 40 43 61 6c 6c 00 00 00 00 00 00 00 00 00 00 00 00 00 00 00 00 00 00 00 00 00 00 00 00 
00 00 00 00 00 00 00 00 00 00 00 00 00 00 00 00 00 00 00 00 00 00 00 00 00 00 00 00 00 00 00 00 
00 00 00 00 02 00 00 3a 00 1c 0b 00 58 00 00 03 00 00 00 00 00 f2 04 35 3f 00 00 00 00 f3 04 35 
3f 0f 00 00 01 00 08 a3 01 6b 01 f0 3d be cd ab 03 88 00 00 00 00 ff ff 7f 3f 00 00 00 00 f3 04 
35 33 22 00 00 00 00 40 f4 fb 40 00 00 00 00 00 90 75 40 00 00 00 00 00 40 af 40 ff ff ff ff 0b 
00 00 01 00 08 50 02 13 03 f0 3d c8 cd ab 02 09 00 00 00 00 20 3c fc 40 00 00 00 00 00 d0 86 40 
00 00 00 00 00 24 b3 40 00 00 00 00 00 00 80 3f 00 00 00 00 2e bd 3b b3 09 00 00 00 00 04 01 00 
c9 0b 16 80 bc 55 00 5f 01 00 2d 00 00 00 42 04 05 00 00 00 01 00 00 00 00 16 80 bc 55 00 b1 01 
00 2d 00 00 00 23 04 0a 00 00 00 00 00 00 00 00 16 80 bc 55 00 b2 01 00 2d 00 00 00 20 04 0a 00 
00 00 00 00 00 00 00 16 80 bc 55 00 b3 01 00 2d 00 00 00 19 04 05 00 00 00 00 00 00 00 00 16 80 
bc 55 00 b4 01 00 2d 00 00 00 42 04 05 00 00 00 00 00 00 00 00 16 80 bc 55 00 60 01 00 34 00 00 
00 83 02 c8 00 00 00 01 00 00 00 00 16 80 bc 55 00 b5 01 00 34 00 00 00 83 02 c8 00 00 00 00 00 
00 00 00 04 80 b3 3d 04 16 80 bc 45 03 3d 04 00 43 00 00 00 3d 04 00 00 00 00 01 00 00 00 00 08 
80 b2 3d 04 00 00 08 02 16 80 bc 45 03 3d 04 00 43 00 00 00 3d 04 00 00 00 00 00 00 00 00 00 
....H....W......Crossbones Bumboo...................".........W........3w.@.....h.@...`...@.....
.....................W......Crossbones Tar......................".........X........>..@.......@.
......@.......Q...Q............... ..PF............@.......@......n@Call........................
.......................................:....X..........5?......5?........k..=............?......
53"....@..@......u@.....@.@..........P....=......... <.@.......@.....$.@.......?......;.........
.....U._..-...B.............U....-...#.............U....-... .............U....-................
.U....-...B.............U.`..4.................U....4.................=....E.=..C...=...........
..=........E.=..C...=..........

Client->GAME [08:10:37 07/07/09] packet size: 1 CRYPTED, Flags: 7f ServerSeq: 0 ClientSeq: 16
02 
.

Client->GAME [08:10:37 07/07/09] packet size: 44 CRYPTED, Flags: 7f ServerSeq: 0 ClientSeq: 17
02 04 01 00 07 02 12 80 c9 07 00 20 40 00 14 cd 47 00 00 20 41 00 d0 84 46 12 80 c9 0e 00 20 40 
00 5c c1 47 00 00 20 41 00 d0 84 46 
........... @...G.. A...F..... @.\.G.. A...F

GAME->Client [08:10:38 07/07/09] packet size: 709 CRYPTED, Flags: 7f ServerSeq: 17 ClientSeq: 15
02 03 01 00 02 14 00 11 00 02 0e 05 d4 f4 01 e0 47 f0 bf 2d 44 5e 0f f7 45 01 00 0c 57 02 da cd 
ab 12 8e 43 72 6f 73 73 62 6f 6e 65 73 20 42 75 6d 62 6f 6f 00 00 00 00 00 00 00 00 00 00 00 00 
00 00 00 00 10 00 00 22 d4 86 b4 1c 00 c6 01 80 d1 56 03 00 08 0a 00 00 e0 84 57 1d fb 40 00 00 
00 00 fe b7 85 40 00 00 00 c0 d7 8c b9 40 c0 01 83 01 03 a8 07 e1 00 b2 09 e1 00 07 08 00 00 80 
02 01 07 00 00 01 00 0c 57 02 c5 cd ab 17 8e 43 72 6f 73 73 62 6f 6e 65 73 20 54 61 72 00 00 00 
00 00 00 00 00 00 00 00 00 00 00 00 00 00 00 00 10 00 00 22 95 01 44 b5 1c 00 c6 a1 01 3e c3 59 
03 00 08 1d 0a 00 28 00 00 00 dd 5e e3 fb 40 00 00 00 00 fe b7 85 40 00 00 00 00 71 9d bc 40 d0 
0d 01 8b 98 02 0c a8 07 00 00 b2 09 51 01 fd 07 00 00 80 06 01 35 08 00 00 05 00 00 01 00 08 4d 
95 24 03 f0 3d 7f cd ab 02 09 00 00 00 00 00 8f fb 40 00 00 00 00 00 b8 85 40 00 00 00 00 00 c0 
77 c0 00 00 00 00 f2 04 35 3f 00 00 00 00 f3 04 35 3f 03 00 00 1f 00 02 0c 59 8d a8 e0 47 80 79 
2c 44 0a c5 e3 45 00 00 04 02 00 d4 02 16 80 bc 55 00 61 01 00 4b 00 00 00 1f 04 19 00 00 00 01 
00 00 00 00 16 80 bc 55 00 b6 01 00 4b 00 00 00 1f 04 19 00 00 00 00 00 00 00 00 00 d6 11 16 80 
bc 55 00 62 01 00 5f 00 00 00 7c 04 0f 00 00 00 01 00 00 00 00 16 80 bc 55 00 63 01 00 5f 00 00 
00 07 04 0f 00 00 00 01 00 00 00 00 16 80 bc 55 00 b7 01 00 5f 00 00 00 7c 04 0f 00 00 00 00 00 
00 00 00 16 80 bc 55 00 b8 01 00 5f 00 00 00 07 04 0f 00 00 00 00 00 00 00 00 16 80 bc 55 00 64 
01 00 62 00 00 00 06 04 01 00 00 00 01 00 00 00 00 04 80 b3 35 04 16 80 bc 45 03 35 04 00 62 00 
00 00 35 04 00 00 00 00 01 00 00 00 00 16 80 bc 55 00 65 01 00 62 00 00 00 15 04 01 00 00 00 01 
00 00 00 00 16 80 bc 55 00 b9 01 00 62 00 00 00 06 04 01 00 00 00 00 00 00 00 00 08 80 b2 35 04 
00 00 08 02 16 80 bc 45 03 35 04 00 62 00 00 00 35 04 00 00 00 00 00 00 00 00 00 16 80 bc 55 00 
ba 01 00 62 00 00 00 15 04 01 00 00 00 00 00 00 00 00 04 80 b3 3e 04 16 80 bc 45 03 3e 04 00 4f 
01 00 00 3e 04 00 00 00 00 01 00 00 00 00 08 80 b2 3e 04 00 00 08 02 16 80 bc 45 03 3e 04 00 4f 
01 00 00 3e 04 00 00 00 00 00 00 00 00 00 16 80 bc 55 00 66 01 00 5a 01 00 00 07 04 05 00 00 00 
01 00 00 00 00 
................G..-D^..E...W......Crossbones Bumboo...................".........V........W..@..
.....@.......@..........................W......Crossbones Tar......................"..D......>.Y
......(....^..@.......@....q..@.............Q........5.........M.$..=............@.......@......
w.......5?......5?.......Y...G.y,D...E..........U.a..K.................U....K...................
.U.b.._...|.............U.c.._.................U...._...|.............U...._.................U.d
..b.................5....E.5..b...5.............U.e..b.................U....b.................5.
.......E.5..b...5.............U....b.................>....E.>..O...>.............>........E.>..O
...>.............U.f..Z..............

Client->GAME [08:10:38 07/07/09] packet size: 1 CRYPTED, Flags: 7f ServerSeq: 1 ClientSeq: 18
02 
.

GAME->Client [08:10:38 07/07/09] packet size: 706 CRYPTED, Flags: 7f ServerSeq: 18 ClientSeq: 0
02 03 01 00 02 13 00 07 00 02 0c 86 16 e9 d8 47 f0 bf 2d 44 10 b5 cb 45 1f 00 02 0c 63 8d a8 e0 
47 80 79 2c 44 0a c5 e3 45 11 00 02 0e 05 ca f4 01 e0 47 f0 bf 2d 44 5e 0f f7 45 00 00 04 01 00 
e7 1e 16 80 bc 55 00 67 01 00 5a 01 00 00 1d 04 0f 00 00 00 01 00 00 00 00 16 80 bc 55 00 bb 01 
00 5a 01 00 00 07 04 05 00 00 00 00 00 00 00 00 16 80 bc 55 00 bc 01 00 5a 01 00 00 1d 04 0f 00 
00 00 00 00 00 00 00 04 80 b3 3f 04 16 80 bc 45 03 3f 04 00 64 01 00 00 3f 04 00 00 00 00 01 00 
00 00 00 16 80 bc 55 00 68 01 00 64 01 00 00 1f 04 05 00 00 00 01 00 00 00 00 08 80 b2 3f 04 00 
00 08 02 16 80 bc 45 03 3f 04 00 64 01 00 00 3f 04 00 00 00 00 00 00 00 00 00 16 80 bc 55 00 bd 
01 00 64 01 00 00 1f 04 05 00 00 00 00 00 00 00 00 16 80 bc 55 00 69 01 00 66 01 00 00 7b 04 05 
00 00 00 01 00 00 00 00 16 80 bc 55 00 6a 01 00 66 01 00 00 12 04 0a 00 00 00 01 00 00 00 00 16 
80 bc 55 00 6b 01 00 66 01 00 00 06 04 0b 00 00 00 01 00 00 00 00 16 80 bc 55 00 be 01 00 66 01 
00 00 7b 04 05 00 00 00 00 00 00 00 00 16 80 bc 55 00 bf 01 00 66 01 00 00 12 04 0a 00 00 00 00 
00 00 00 00 16 80 bc 55 00 c0 01 00 66 01 00 00 06 04 0b 00 00 00 00 00 00 00 00 16 80 bc 55 00 
6c 01 00 8e 01 00 00 03 04 05 00 00 00 01 00 00 00 00 16 80 bc 55 00 6d 01 00 8e 01 00 00 12 04 
0f 00 00 00 01 00 00 00 00 16 80 bc 55 00 6e 01 00 8e 01 00 00 77 04 05 00 00 00 01 00 00 00 00 
16 80 bc 55 00 c1 01 00 8e 01 00 00 03 04 05 00 00 00 00 00 00 00 00 16 80 bc 55 00 c2 01 00 8e 
01 00 00 12 04 0f 00 00 00 00 00 00 00 00 16 80 bc 55 00 c3 01 00 8e 01 00 00 77 04 05 00 00 00 
00 00 00 00 00 16 80 bc 55 00 6f 01 00 cd 01 00 00 e5 03 05 00 00 00 01 00 00 00 00 16 80 bc 55 
00 70 01 00 cd 01 00 00 73 04 05 00 00 00 01 00 00 00 00 16 80 bc 55 00 71 01 00 cd 01 00 00 e3 
03 0f 00 00 00 01 00 00 00 00 16 80 bc 55 00 c4 01 00 cd 01 00 00 e5 03 05 00 00 00 00 00 00 00 
00 16 80 bc 55 00 c5 01 00 cd 01 00 00 73 04 05 00 00 00 00 00 00 00 00 16 80 bc 55 00 c6 01 00 
cd 01 00 00 e3 03 0f 00 00 00 00 00 00 00 00 04 80 b3 40 04 16 80 bc 45 03 40 04 00 d5 01 00 00 
40 04 00 00 00 00 01 00 00 00 00 16 80 bc 55 00 72 01 00 d5 01 00 00 e3 03 05 00 00 00 01 00 00 
00 00 
...............G..-D...E....c...G.y,D...E.........G..-D^..E..........U.g..Z.................U...
.Z.................U....Z.................?....E.?..d...?.............U.h..d.................?..
......E.?..d...?.............U....d.................U.i..f...{.............U.j..f...............
..U.k..f.................U....f...{.............U....f.................U....f.................U.
l....................U.m....................U.n......w.............U......................U.....
.................U........w.............U.o....................U.p......s.............U.q.......
.............U......................U........s.............U......................@....E.@......
@.............U.r.................

Client->GAME [08:10:38 07/07/09] packet size: 1 CRYPTED, Flags: 7f ServerSeq: 2 ClientSeq: 19
02 
.

Client->GAME [08:10:38 07/07/09] packet size: 63 CRYPTED, Flags: 7f ServerSeq: 2 ClientSeq: 20
02 04 01 00 09 03 12 80 c9 07 00 30 04 00 2c c9 47 00 80 18 44 00 a0 0c c6 12 80 c9 0e 00 30 04 
00 2c c9 47 00 00 20 41 00 f0 d2 c6 12 80 c9 07 00 70 30 00 54 ec 47 00 00 20 41 00 a0 0c c6 
...........0..,.G...D.........0..,.G.. A.........p0.T.G.. A....

GAME->Client [08:10:38 07/07/09] packet size: 686 CRYPTED, Flags: 7f ServerSeq: 19 ClientSeq: 2
02 03 1f 00 02 0e 01 6d 15 ab e0 47 60 35 2b 44 90 74 e3 45 11 00 02 0c c0 f4 01 e0 47 f0 bf 2d 
44 5e 0f f7 45 00 00 04 02 01 05 17 08 80 b2 40 04 00 00 08 02 16 80 bc 45 03 40 04 00 d5 01 00 
00 40 04 00 00 00 00 00 00 00 00 00 16 80 bc 55 00 c7 01 00 d5 01 00 00 e3 03 05 00 00 00 00 00 
00 00 00 16 80 bc 55 00 73 01 00 36 02 00 00 37 02 0a 00 00 00 01 00 00 00 00 16 80 bc 55 00 c8 
01 00 36 02 00 00 37 02 0a 00 00 00 00 00 00 00 00 16 80 bc 45 00 74 01 00 74 02 00 00 34 02 1e 
00 00 00 01 00 00 00 00 16 80 bc 55 00 c9 01 00 74 02 00 00 34 02 1e 00 00 00 00 00 00 00 00 16 
80 bc 15 00 a7 01 00 11 00 00 00 ab 00 0d 00 00 00 01 00 00 00 00 16 80 bc 15 00 a8 01 00 11 00 
00 00 0a 02 4d 00 00 00 01 00 00 00 00 16 80 bc 15 00 a9 01 00 11 00 00 00 f2 03 34 00 00 00 01 
00 00 00 00 16 80 bc 15 00 aa 01 00 11 00 00 00 ed 03 4d 00 00 00 01 00 00 00 00 16 80 bc 15 00 
ab 01 00 11 00 00 00 9f 00 19 00 00 00 01 00 00 00 00 16 80 bc 15 00 ac 01 00 11 00 00 00 f1 03 
34 00 00 00 01 00 00 00 00 16 80 bc 15 00 ad 01 00 11 00 00 00 0c 02 34 00 00 00 01 00 00 00 00 
16 80 bc 15 00 ae 01 00 11 00 00 00 b7 00 4c 00 00 00 01 00 00 00 00 16 80 bc 15 00 af 01 00 11 
00 00 00 f3 03 46 00 00 00 01 00 00 00 00 0b 80 bd 05 11 00 00 00 00 00 00 00 16 80 bc 15 00 ca 
01 00 11 00 00 00 ab 00 0d 00 00 00 00 00 00 00 00 16 80 bc 15 00 cb 01 00 11 00 00 00 0a 02 4d 
00 00 00 00 00 00 00 00 16 80 bc 15 00 cc 01 00 11 00 00 00 f2 03 34 00 00 00 00 00 00 00 00 16 
80 bc 15 00 cd 01 00 11 00 00 00 ed 03 4d 00 00 00 00 00 00 00 00 16 80 bc 15 00 ce 01 00 11 00 
00 00 9f 00 19 00 00 00 00 00 00 00 00 16 80 bc 15 00 cf 01 00 11 00 00 00 f1 03 34 00 00 00 00 
00 00 00 00 01 1c 06 16 80 bc 15 00 d0 01 00 11 00 00 00 0c 02 34 00 00 00 00 00 00 00 00 16 80 
bc 15 00 d1 01 00 11 00 00 00 b7 00 4c 00 00 00 00 00 00 00 00 16 80 bc 15 00 d2 01 00 11 00 00 
00 f3 03 46 00 00 00 00 00 00 00 00 0b 80 bd 05 11 00 00 00 00 00 00 01 17 3a 05 00 11 00 0a 00 
50 76 50 53 65 72 76 65 72 00 04 00 06 00 00 00 1d 3a 05 00 17 00 10 00 50 76 50 4d 61 78 53 61 
66 65 4c 65 76 65 6c 00 04 00 0f 00 00 00 
.......m...G`5+D.t.E........G..-D^..E..........@........E.@......@.............U................
......U.s..6...7.............U....6...7.............E.t..t...4.............U....t...4...........
....................................M......................4......................M.............
................................4......................4......................L.................
.....F.........................................................M......................4.........
.............M.............................................4.........................4..........
............L......................F.....................:......PvPServer........:......PvPMaxSa
feLevel.......

Client->GAME [08:10:39 07/07/09] packet size: 1 CRYPTED, Flags: 7f ServerSeq: 3 ClientSeq: 21
02 
.

GAME->Client [08:10:39 07/07/09] packet size: 437 CRYPTED, Flags: 7f ServerSeq: 20 ClientSeq: 3
02 03 1f 00 02 0e 01 77 35 ae e0 47 00 40 2b 44 1e c8 e2 45 11 00 02 0c b6 f4 01 e0 47 f0 bf 2d 
44 5e 0f f7 45 00 00 04 01 01 22 08 37 3a 05 00 14 00 0d 00 57 52 5f 52 65 7a 45 76 65 6e 74 73 
00 21 00 48 61 6c 6c 6f 77 65 65 6e 5f 45 76 65 6e 74 2c 48 61 6c 6c 6f 77 65 65 6e 5f 53 6b 79 
62 6f 78 00 1b 3a 05 00 19 00 12 00 45 76 65 6e 74 53 6c 6f 74 31 5f 45 66 66 65 63 74 00 00 00 
28 3a 05 00 19 00 12 00 45 76 65 6e 74 53 6c 6f 74 32 5f 45 66 66 65 63 74 00 0d 00 66 6c 79 6d 
61 6e 5f 69 64 6c 65 33 00 25 3a 05 00 19 00 12 00 45 76 65 6e 74 53 6c 6f 74 33 5f 45 66 66 65 
63 74 00 0a 00 66 6c 79 5f 76 69 72 75 73 00 1f 3a 05 00 1b 00 14 00 46 69 78 65 64 42 69 6e 6b 
49 44 4f 76 65 72 72 69 64 65 00 02 00 20 00 41 81 67 17 00 27 00 1c 22 00 c6 01 11 00 00 00 00 
00 00 00 37 00 00 08 0e 00 41 66 74 65 72 57 68 6f 72 75 4e 65 6f 00 0e 00 41 66 74 65 72 57 68 
6f 72 75 4e 65 6f 00 02 00 4d 00 00 00 00 00 00 00 41 81 67 17 00 27 00 1c 22 00 c6 01 11 00 00 
00 00 00 00 00 37 00 00 08 0e 00 41 66 74 65 72 57 68 6f 72 75 4e 65 6f 00 0e 00 41 66 74 65 72 
57 68 6f 72 75 4e 65 6f 00 02 00 4d 00 00 00 00 00 00 00 41 81 67 17 00 27 00 1c 22 00 c6 01 11 
00 00 00 00 00 00 00 37 00 00 08 0e 00 41 66 74 65 72 57 68 6f 72 75 4e 65 6f 00 0e 00 41 66 74 
65 72 57 68 6f 72 75 4e 65 6f 00 02 00 4d 00 00 00 00 00 00 00 
.......w5..G.@+D...E........G..-D^..E.....".7:......WR_RezEvents.!.Halloween_Event,Halloween_Sky
box..:......EventSlot1_Effect...(:......EventSlot2_Effect...flyman_idle3.%:......EventSlot3_Effe
ct...fly_virus..:......FixedBinkIDOverride... .A.g..'.."...........7.....AfterWhoruNeo...AfterWh
oruNeo...M.......A.g..'.."...........7.....AfterWhoruNeo...AfterWhoruNeo...M.......A.g..'.."....
.......7.....AfterWhoruNeo...AfterWhoruNeo...M.......

Client->GAME [08:10:39 07/07/09] packet size: 1 CRYPTED, Flags: 7f ServerSeq: 4 ClientSeq: 22
02 
.

GAME->Client [08:10:39 07/07/09] packet size: 54 CRYPTED, Flags: 7f ServerSeq: 21 ClientSeq: 5
02 03 1f 00 02 0c 78 67 b0 e0 47 00 40 2b 44 7c 17 e2 45 13 00 02 08 56 91 e3 47 00 40 2b 44 57 
23 b9 45 11 00 02 0c ac f4 01 e0 47 f0 bf 2d 44 5e 0f f7 45 00 00 
......xg..G.@+D|..E....V..G.@+DW#.E........G..-D^..E..

Client->GAME [08:10:39 07/07/09] packet size: 1 CRYPTED, Flags: 7f ServerSeq: 5 ClientSeq: 23
02 
.

GAME->Client [08:10:39 07/07/09] packet size: 37 CRYPTED, Flags: 7f ServerSeq: 22 ClientSeq: 6
02 03 11 00 02 0c a2 f4 01 e0 47 f0 bf 2d 44 5e 0f f7 45 07 00 02 08 7c e2 d8 47 f0 bf 2d 44 d8 
ec c8 45 00 00 
..........G..-D^..E....|..G..-D...E..

GAME->Client [08:10:39 07/07/09] packet size: 68 CRYPTED, Flags: 7f ServerSeq: 23 ClientSeq: 6
02 03 1f 00 02 2e 00 40 00 00 00 10 01 78 cb b4 e0 47 00 40 2b 44 7a b6 e0 45 13 00 02 2a 00 40 
00 00 00 10 01 3d 81 e3 47 00 40 2b 44 b1 1e ba 45 11 00 02 0c 98 f4 01 e0 47 f0 bf 2d 44 5e 0f 
f7 45 00 00 
.......@.....x...G.@+Dz..E...*.@.....=..G.@+D...E........G..-D^..E..

Client->GAME [08:10:39 07/07/09] packet size: 1 CRYPTED, Flags: 7e ServerSeq: 7 ClientSeq: 24
02 
.

GAME->Client [08:10:39 07/07/09] packet size: 22 CRYPTED, Flags: 7f ServerSeq: 24 ClientSeq: 7
02 03 11 00 02 0e 00 8e f4 01 e0 47 f0 bf 2d 44 5e 0f f7 45 00 00 
...........G..-D^..E..

Client->GAME [08:10:39 07/07/09] packet size: 1 CRYPTED, Flags: 7d ServerSeq: 8 ClientSeq: 25
02 
.

GAME->Client [08:10:39 07/07/09] packet size: 50 CRYPTED, Flags: 7f ServerSeq: 25 ClientSeq: 8
82 b5 fd f3 48 03 11 00 02 0e 00 89 f4 01 e0 47 f0 bf 2d 44 5e 0f f7 45 07 00 02 2e 00 40 00 00 
00 10 01 85 ac dd d8 47 f0 bf 2d 44 74 d6 c6 45 00 00 
....H..........G..-D^..E.....@.........G..-Dt..E..

Client->GAME [08:10:39 07/07/09] packet size: 1 CRYPTED, Flags: 7b ServerSeq: 9 ClientSeq: 26
02 
.

GAME->Client [08:10:40 07/07/09] packet size: 22 CRYPTED, Flags: 7f ServerSeq: 26 ClientSeq: 10
02 03 07 00 02 0e 00 8b 55 db d8 47 f0 bf 2d 44 22 cb c5 45 00 00 
........U..G..-D"..E..

Client->GAME [08:10:40 07/07/09] packet size: 1 CRYPTED, Flags: 77 ServerSeq: 10 ClientSeq: 27
02 
.

GAME->Client [08:10:40 07/07/09] packet size: 38 CRYPTED, Flags: 7f ServerSeq: 27 ClientSeq: 10
02 03 1f 00 02 08 c4 bf e0 47 00 40 2b 44 d4 43 dd 45 07 00 02 0e 00 91 55 db d8 47 f0 bf 2d 44 
22 cb c5 45 00 00 
.........G.@+D.C.E......U..G..-D"..E..

Client->GAME [08:10:40 07/07/09] packet size: 1 CRYPTED, Flags: 6f ServerSeq: 11 ClientSeq: 28
02 
.

GAME->Client [08:10:40 07/07/09] packet size: 22 CRYPTED, Flags: 7f ServerSeq: 28 ClientSeq: 11
02 03 13 00 02 0e 00 e4 e9 54 e3 47 00 40 2b 44 30 d1 bc 45 00 00 
.........T.G.@+D0..E..

Client->GAME [08:10:40 07/07/09] packet size: 1 CRYPTED, Flags: 5f ServerSeq: 12 ClientSeq: 29
02 
.

GAME->Client [08:10:40 07/07/09] packet size: 22 CRYPTED, Flags: 7f ServerSeq: 29 ClientSeq: 12
02 03 13 00 02 0e 00 ee e9 54 e3 47 00 40 2b 44 30 d1 bc 45 00 00 
.........T.G.@+D0..E..

Client->GAME [08:10:40 07/07/09] packet size: 1 CRYPTED, Flags: 3f ServerSeq: 13 ClientSeq: 30
02 
.

GAME->Client [08:10:40 07/07/09] packet size: 21 CRYPTED, Flags: 7f ServerSeq: 30 ClientSeq: 13
02 03 13 00 02 0c f0 e9 54 e3 47 00 40 2b 44 30 d1 bc 45 00 00 
........T.G.@+D0..E..

Client->GAME [08:10:40 07/07/09] packet size: 1 CRYPTED, Flags: 7f ServerSeq: 14 ClientSeq: 31
02 
.

Client->GAME [08:10:40 07/07/09] packet size: 25 CRYPTED, Flags: 7f ServerSeq: 14 ClientSeq: 32
02 04 01 00 0c 01 12 80 c9 0f 00 90 2c 00 d4 ad 47 00 00 20 41 00 f0 d2 c6 
............,...G.. A....

GAME->Client [08:10:40 07/07/09] packet size: 22 CRYPTED, Flags: 7f ServerSeq: 31 ClientSeq: 0
02 03 1d 00 02 0e 01 94 70 c4 e3 47 00 40 2b 44 a0 71 d0 45 00 00 
........p..G.@+D.q.E..

Client->GAME [08:10:40 07/07/09] packet size: 1 CRYPTED, Flags: 7f ServerSeq: 15 ClientSeq: 33
02 
.

GAME->Client [08:10:41 07/07/09] packet size: 24 CRYPTED, Flags: 7f ServerSeq: 32 ClientSeq: 1
82 e1 fd f3 48 03 1f 00 02 08 53 d1 e0 47 00 40 2b 44 88 bf d7 45 00 00 
....H.....S..G.@+D...E..

Client->GAME [08:10:41 07/07/09] packet size: 1 CRYPTED, Flags: 7f ServerSeq: 0 ClientSeq: 34
02 
.

GAME->Client [08:10:41 07/07/09] packet size: 22 CRYPTED, Flags: 7f ServerSeq: 33 ClientSeq: 1
02 03 1d 00 02 0e 05 8a 96 b9 e3 47 00 40 2b 44 46 36 cf 45 00 00 
...........G.@+DF6.E..

Client->GAME [08:10:41 07/07/09] packet size: 1 CRYPTED, Flags: 7f ServerSeq: 1 ClientSeq: 35
02 
.

GAME->Client [08:10:41 07/07/09] packet size: 22 CRYPTED, Flags: 7f ServerSeq: 34 ClientSeq: 2
02 03 1d 00 02 0e 05 80 96 b9 e3 47 00 40 2b 44 46 36 cf 45 00 00 
...........G.@+DF6.E..

Client->GAME [08:10:41 07/07/09] packet size: 1 CRYPTED, Flags: 7f ServerSeq: 2 ClientSeq: 36
02 
.

GAME->Client [08:10:41 07/07/09] packet size: 21 CRYPTED, Flags: 7f ServerSeq: 35 ClientSeq: 3
02 03 1d 00 02 0c 76 96 b9 e3 47 00 40 2b 44 46 36 cf 45 00 00 
......v...G.@+DF6.E..

Client->GAME [08:10:41 07/07/09] packet size: 82 CRYPTED, Flags: 7f ServerSeq: 2 ClientSeq: 37
02 04 01 00 0d 04 12 80 c9 07 00 b0 47 00 d4 ad 47 00 00 20 41 00 f0 d2 46 12 80 c9 0e 00 b0 47 
00 d4 ad 47 00 00 20 41 00 70 94 46 12 80 c9 15 00 b0 47 00 ac 8a 47 00 00 20 41 00 d0 84 46 12 
80 c9 18 00 b0 47 00 ac 8a 47 00 00 48 44 00 68 d3 46 
............G...G.. A...F......G...G.. A.p.F......G...G.. A...F......G...G..HD.h.F

Client->GAME [08:10:41 07/07/09] packet size: 1 CRYPTED, Flags: 7f ServerSeq: 3 ClientSeq: 38
02 
.

GAME->Client [08:10:41 07/07/09] packet size: 21 CRYPTED, Flags: 7f ServerSeq: 36 ClientSeq: 4
02 03 1d 00 02 0c 6c 96 b9 e3 47 00 40 2b 44 46 36 cf 45 00 00 
......l...G.@+DF6.E..

Client->GAME [08:10:41 07/07/09] packet size: 1 CRYPTED, Flags: 7f ServerSeq: 4 ClientSeq: 39
02 
.

GAME->Client [08:10:41 07/07/09] packet size: 21 CRYPTED, Flags: 7f ServerSeq: 37 ClientSeq: 5
02 03 1d 00 02 0c 62 96 b9 e3 47 00 40 2b 44 46 36 cf 45 00 00 
......b...G.@+DF6.E..

Client->GAME [08:10:41 07/07/09] packet size: 1 CRYPTED, Flags: 7f ServerSeq: 5 ClientSeq: 40
02 
.

GAME->Client [08:10:41 07/07/09] packet size: 21 CRYPTED, Flags: 7f ServerSeq: 38 ClientSeq: 7
02 03 1d 00 02 0c 58 96 b9 e3 47 00 40 2b 44 46 36 cf 45 00 00 
......X...G.@+DF6.E..

Client->GAME [08:10:41 07/07/09] packet size: 1 CRYPTED, Flags: 7f ServerSeq: 6 ClientSeq: 41
02 
.

GAME->Client [08:10:42 07/07/09] packet size: 21 CRYPTED, Flags: 7f ServerSeq: 39 ClientSeq: 8
02 03 1d 00 02 0c 4e 96 b9 e3 47 00 40 2b 44 46 36 cf 45 00 00 
......N...G.@+DF6.E..

Client->GAME [08:10:42 07/07/09] packet size: 1 CRYPTED, Flags: 7f ServerSeq: 7 ClientSeq: 42
02 
.

GAME->Client [08:10:42 07/07/09] packet size: 21 CRYPTED, Flags: 7f ServerSeq: 40 ClientSeq: 9
02 03 1d 00 02 0c 44 96 b9 e3 47 00 40 2b 44 46 36 cf 45 00 00 
......D...G.@+DF6.E..

Client->GAME [08:10:42 07/07/09] packet size: 1 CRYPTED, Flags: 7f ServerSeq: 8 ClientSeq: 43
02 
.

GAME->Client [08:10:42 07/07/09] packet size: 42 CRYPTED, Flags: 7f ServerSeq: 41 ClientSeq: 10
82 05 fe f3 48 03 1f 00 02 08 15 e5 e0 47 00 40 2b 44 2a 8a d1 45 1d 00 02 0e 00 3a 96 b9 e3 47 
00 40 2b 44 46 36 cf 45 00 00 
....H........G.@+D*..E.....:...G.@+DF6.E..

Client->GAME [08:10:42 07/07/09] packet size: 1 CRYPTED, Flags: 7f ServerSeq: 9 ClientSeq: 44
02 
.

GAME->Client [08:10:42 07/07/09] packet size: 22 CRYPTED, Flags: 7f ServerSeq: 42 ClientSeq: 11
02 03 1d 00 02 0e 00 30 96 b9 e3 47 00 40 2b 44 46 36 cf 45 00 00 
.......0...G.@+DF6.E..

Client->GAME [08:10:42 07/07/09] packet size: 63 CRYPTED, Flags: 7f ServerSeq: 10 ClientSeq: 45
02 04 01 00 11 03 12 80 c9 07 00 40 5b 00 e4 d4 47 00 00 20 41 00 f0 d2 c6 12 80 c9 07 00 d0 0e 
00 54 ec 47 00 00 20 41 00 f0 d2 c6 12 80 c9 07 00 30 56 00 24 f4 47 00 00 20 41 00 90 e2 c6 
...........@[...G.. A............T.G.. A.........0V.$.G.. A....

GAME->Client [08:10:42 07/07/09] packet size: 21 CRYPTED, Flags: 7f ServerSeq: 43 ClientSeq: 12
02 03 1d 00 02 0c 2f 96 b9 e3 47 00 40 2b 44 46 36 cf 45 00 00 
....../...G.@+DF6.E..

Client->GAME [08:10:42 07/07/09] packet size: 1 CRYPTED, Flags: 7f ServerSeq: 11 ClientSeq: 46
02 
.

GAME->Client [08:10:42 07/07/09] packet size: 1 CRYPTED, Flags: 7f ServerSeq: 44 ClientSeq: 13
02 
.

GAME->Client [08:10:43 07/07/09] packet size: 22 CRYPTED, Flags: 7f ServerSeq: 45 ClientSeq: 14
02 03 1f 00 02 0e 00 76 57 f3 e0 47 00 40 2b 44 4c 0f cd 45 00 00 
.......vW..G.@+DL..E..

Client->GAME [08:10:43 07/07/09] packet size: 1 CRYPTED, Flags: 7f ServerSeq: 13 ClientSeq: 47
02 
.

GAME->Client [08:10:43 07/07/09] packet size: 22 CRYPTED, Flags: 7f ServerSeq: 46 ClientSeq: 14
02 03 1f 00 02 0e 00 76 57 f3 e0 47 00 40 2b 44 4c 0f cd 45 00 00 
.......vW..G.@+DL..E..

Client->GAME [08:10:43 07/07/09] packet size: 1 CRYPTED, Flags: 7f ServerSeq: 14 ClientSeq: 48
02 
.

Client->GAME [08:10:43 07/07/09] packet size: 25 CRYPTED, Flags: 7f ServerSeq: 14 ClientSeq: 49
02 04 01 00 14 01 12 80 c9 22 03 f0 3d 00 d3 e0 47 00 c0 2d 44 00 00 c3 c4 
........."..=...G..-D....

Client->GAME [08:10:43 07/07/09] packet size: 44 CRYPTED, Flags: 7f ServerSeq: 14 ClientSeq: 50
02 04 01 00 15 02 12 80 c9 04 00 90 31 00 d4 ad 47 00 00 b4 c2 00 ae 2b 47 12 80 c9 01 00 00 57 
00 fc d0 47 00 00 20 41 00 e0 2b 47 
............1...G......+G......W...G.. A..+G

GAME->Client [08:10:43 07/07/09] packet size: 5 CRYPTED, Flags: 7f ServerSeq: 47 ClientSeq: 1
82 31 fe f3 48 
.1..H

Client->GAME [08:10:43 07/07/09] packet size: 25 CRYPTED, Flags: 7f ServerSeq: 14 ClientSeq: 51
02 04 01 00 17 01 12 80 c9 07 00 90 30 00 64 96 47 00 00 20 41 00 c0 da c5 
............0.d.G.. A....

Client->GAME [08:10:43 07/07/09] packet size: 1 CRYPTED, Flags: 7f ServerSeq: 15 ClientSeq: 52
02 
.

GAME->Client [08:10:43 07/07/09] packet size: 1 CRYPTED, Flags: 7f ServerSeq: 48 ClientSeq: 2
02 
.

GAME->Client [08:10:43 07/07/09] packet size: 1 CRYPTED, Flags: 7f ServerSeq: 49 ClientSeq: 4
02 
.

