GAME->Client [08:13:56 07/07/09] packet size: 58 CRYPTED, Flags: 7f ServerSeq: 672 ClientSeq: 525
82 5e 16 f4 48 03 05 00 01 02 21 0c 00 00 00 00 04 01 01 2d 01 24 2e 17 00 00 00 00 00 00 00 00 
00 00 00 15 00 00 32 00 00 00 00 00 00 00 00 00 00 00 00 00 00 00 00 00 00 00 
.^..H.....!........-.$................2...................

Client->GAME [08:13:56 07/07/09] packet size: 1 CRYPTED, Flags: 7f ServerSeq: 512 ClientSeq: 750
02 
.

GAME->Client [08:13:57 07/07/09] packet size: 13 CRYPTED, Flags: 7f ServerSeq: 673 ClientSeq: 526
02 03 17 00 01 80 02 38 08 00 00 00 00 
.......8.....

Client->GAME [08:13:57 07/07/09] packet size: 1 CRYPTED, Flags: 7f ServerSeq: 513 ClientSeq: 751
02 
.

GAME->Client [08:13:58 07/07/09] packet size: 13 CRYPTED, Flags: 7f ServerSeq: 674 ClientSeq: 527
02 03 17 00 01 80 02 35 08 00 00 00 00 
.......5.....

Client->GAME [08:13:58 07/07/09] packet size: 1 CRYPTED, Flags: 7f ServerSeq: 514 ClientSeq: 752
02 
.

GAME->Client [08:14:00 07/07/09] packet size: 17 CRYPTED, Flags: 7f ServerSeq: 675 ClientSeq: 512
82 ce 16 f4 48 03 15 00 01 80 02 38 08 00 00 00 00 
....H......8.....

Client->GAME [08:14:00 07/07/09] packet size: 1 CRYPTED, Flags: 7f ServerSeq: 515 ClientSeq: 753
02 
.

GAME->Client [08:14:01 07/07/09] packet size: 13 CRYPTED, Flags: 7f ServerSeq: 676 ClientSeq: 513
02 03 15 00 01 80 02 35 08 00 00 00 00 
.......5.....

Client->GAME [08:14:01 07/07/09] packet size: 1 CRYPTED, Flags: 7f ServerSeq: 516 ClientSeq: 754
02 
.

GAME->Client [08:14:03 07/07/09] packet size: 34 CRYPTED, Flags: 7f ServerSeq: 677 ClientSeq: 514
82 2a 17 f4 48 03 17 00 01 ff 00 00 00 00 00 00 00 00 00 00 00 00 00 03 00 00 00 00 35 08 00 00 
00 00 
.*..H.......................5.....

Client->GAME [08:14:03 07/07/09] packet size: 1 CRYPTED, Flags: 7f ServerSeq: 517 ClientSeq: 755
02 
.

GAME->Client [08:14:03 07/07/09] packet size: 11 CRYPTED, Flags: 7f ServerSeq: 678 ClientSeq: 515
02 03 01 00 01 01 00 17 00 00 00 
...........

Client->GAME [08:14:03 07/07/09] packet size: 1 CRYPTED, Flags: 7f ServerSeq: 518 ClientSeq: 756
02 
.

Client->GAME [08:14:05 07/07/09] packet size: 12
00 00 00 00 00 01 04 08 14 47 36 00 
.........G6.

GAME->Client [08:14:05 07/07/09] packet size: 12
00 00 00 00 00 01 04 08 14 47 36 00 
.........G6.

GAME->Client [08:14:06 07/07/09] packet size: 30 CRYPTED, Flags: 7f ServerSeq: 679 ClientSeq: 516
02 03 15 00 01 ff 00 00 00 00 00 00 00 00 00 00 00 00 00 03 00 00 00 00 35 08 00 00 00 00 
........................5.....

Client->GAME [08:14:06 07/07/09] packet size: 1 CRYPTED, Flags: 7f ServerSeq: 519 ClientSeq: 757
02 
.

GAME->Client [08:14:06 07/07/09] packet size: 15 CRYPTED, Flags: 7f ServerSeq: 680 ClientSeq: 517
82 96 17 f4 48 03 01 00 01 01 00 15 00 00 00 
....H..........

Client->GAME [08:14:06 07/07/09] packet size: 1 CRYPTED, Flags: 7f ServerSeq: 520 ClientSeq: 758
02 
.

Client->GAME [08:14:18 07/07/09] packet size: 1 CRYPTED, Flags: ff ServerSeq: 520 ClientSeq: 759
02 
.

GAME->Client [08:14:18 07/07/09] packet size: 1 CRYPTED, Flags: ff ServerSeq: 681 ClientSeq: 518
02 
.

Client->GAME [08:14:18 07/07/09] packet size: 1 CRYPTED, Flags: 7f ServerSeq: 521 ClientSeq: 760
02 
.

GAME->Client [08:14:18 07/07/09] packet size: 5 CRYPTED, Flags: 7f ServerSeq: 682 ClientSeq: 519
82 1e 19 f4 48 
....H

Client->GAME [08:14:18 07/07/09] packet size: 1 CRYPTED, Flags: 7f ServerSeq: 522 ClientSeq: 761
02 
.

Client->GAME [08:14:25 07/07/09] packet size: 12
00 00 00 00 00 01 04 08 44 95 36 00 
........D.6.

GAME->Client [08:14:25 07/07/09] packet size: 12
00 00 00 00 00 01 04 08 44 95 36 00 
........D.6.

Client->GAME [08:14:30 07/07/09] packet size: 1 CRYPTED, Flags: ff ServerSeq: 522 ClientSeq: 762
02 
.

GAME->Client [08:14:30 07/07/09] packet size: 1 CRYPTED, Flags: ff ServerSeq: 683 ClientSeq: 521
02 
.

Client->GAME [08:14:30 07/07/09] packet size: 1 CRYPTED, Flags: 7f ServerSeq: 523 ClientSeq: 763
02 
.

GAME->Client [08:14:31 07/07/09] packet size: 5 CRYPTED, Flags: 7f ServerSeq: 684 ClientSeq: 522
82 a6 1a f4 48 
....H

Client->GAME [08:14:31 07/07/09] packet size: 1 CRYPTED, Flags: 7f ServerSeq: 524 ClientSeq: 764
02 
.

GAME->Client [08:14:41 07/07/09] packet size: 54 CRYPTED, Flags: 7f ServerSeq: 685 ClientSeq: 524
02 03 05 00 01 02 1d 0c 00 00 00 00 04 01 01 2e 01 24 2e 17 00 00 00 00 00 00 00 00 00 00 00 16 
00 00 32 00 00 00 00 00 00 00 00 00 00 00 00 00 00 00 00 00 00 00 
.................$................2...................

Client->GAME [08:14:41 07/07/09] packet size: 1 CRYPTED, Flags: 7f ServerSeq: 525 ClientSeq: 765
02 
.

Client->GAME [08:14:45 07/07/09] packet size: 12
00 00 00 00 00 01 04 08 73 e3 36 00 
........s.6.

GAME->Client [08:14:45 07/07/09] packet size: 12
00 00 00 00 00 01 04 08 73 e3 36 00 
........s.6.

GAME->Client [08:14:52 07/07/09] packet size: 16 CRYPTED, Flags: 7f ServerSeq: 686 ClientSeq: 525
82 5f 1d f4 48 03 05 00 01 02 20 0c 00 00 00 00 
._..H..... .....

Client->GAME [08:14:52 07/07/09] packet size: 1 CRYPTED, Flags: 7f ServerSeq: 526 ClientSeq: 766
02 
.

GAME->Client [08:14:54 07/07/09] packet size: 12 CRYPTED, Flags: 7f ServerSeq: 687 ClientSeq: 526
02 03 05 00 01 02 22 0c 00 00 00 00 
......".....

Client->GAME [08:14:54 07/07/09] packet size: 1 CRYPTED, Flags: 7f ServerSeq: 527 ClientSeq: 767
02 
.

GAME->Client [08:14:56 07/07/09] packet size: 16 CRYPTED, Flags: 7f ServerSeq: 688 ClientSeq: 527
82 df 1d f4 48 03 05 00 01 02 1e 0c 00 00 00 00 
....H...........

Client->GAME [08:14:56 07/07/09] packet size: 1 CRYPTED, Flags: 7f ServerSeq: 512 ClientSeq: 768
02 
.

GAME->Client [08:14:56 07/07/09] packet size: 701 CRYPTED, Flags: 7f ServerSeq: 689 ClientSeq: 527
02 04 02 01 2f 02 24 2e 17 00 00 00 00 00 00 00 00 00 00 00 17 00 00 32 00 00 00 00 00 00 00 00 
00 00 00 00 00 00 00 00 00 00 00 0a 69 01 6a 00 00 00 00 20 01 00 01 31 1c 16 80 bc 15 00 2d 01 
00 f7 03 00 00 08 02 00 00 00 00 01 00 00 00 00 16 80 bc 15 00 2e 01 00 f7 03 00 00 07 02 ec ff 
ff ff 01 00 00 00 00 16 80 bc 15 00 2f 01 00 f7 03 00 00 50 04 00 00 00 00 01 00 00 00 00 16 80 
bc 15 00 30 01 00 f7 03 00 00 f4 03 00 00 00 00 01 00 00 00 00 16 80 bc 15 00 31 01 00 f7 03 00 
00 51 04 f6 ff ff ff 01 00 00 00 00 16 80 bc 15 00 32 01 00 f7 03 00 00 52 04 0f 00 00 00 01 00 
00 00 00 16 80 bc 11 00 33 01 00 00 00 00 00 cb 02 00 00 00 00 01 00 00 00 00 16 80 bc 56 00 76 
01 00 ef b2 00 00 1b 04 02 00 00 00 01 00 00 00 00 16 80 bc 56 00 77 01 00 ef b2 00 00 b4 00 20 
00 00 00 01 00 00 00 00 16 80 bc 56 00 78 01 00 ef b2 00 00 09 04 20 00 00 00 01 00 00 00 00 16 
80 bc 56 00 79 01 00 ef b2 00 00 77 04 01 00 00 00 01 00 00 00 00 16 80 bc 56 00 7a 01 00 ef b2 
00 00 e6 03 02 00 00 00 01 00 00 00 00 16 80 bc 56 00 7b 01 00 ef b2 00 00 b5 00 20 00 00 00 01 
00 00 00 00 16 80 bc 56 00 7c 01 00 70 9a 00 00 23 04 02 00 00 00 01 00 00 00 00 16 80 bc 56 00 
7d 01 00 70 9a 00 00 b4 00 1e 00 00 00 01 00 00 00 00 16 80 bc 56 00 7e 01 00 70 9a 00 00 20 04 
02 00 00 00 01 00 00 00 00 16 80 bc 56 00 7f 01 00 70 9a 00 00 9d 00 1e 00 00 00 01 00 00 00 00 
16 80 bc 56 00 80 01 00 70 9a 00 00 b5 00 1e 00 00 00 01 00 00 00 00 16 80 bc 56 00 81 01 00 8a 
b2 00 00 23 04 02 00 00 00 01 00 00 00 00 16 80 bc 56 00 82 01 00 8a b2 00 00 21 04 01 00 00 00 
01 00 00 00 00 16 80 bc 56 00 83 01 00 8a b2 00 00 b4 00 1d 00 00 00 01 00 00 00 00 16 80 bc 56 
00 84 01 00 8a b2 00 00 09 04 1d 00 00 00 01 00 00 00 00 16 80 bc 56 00 85 01 00 8a b2 00 00 9d 
00 1d 00 00 00 01 00 00 00 00 16 80 bc 56 00 86 01 00 8a b2 00 00 06 04 01 00 00 00 01 00 00 00 
00 16 80 bc 56 00 87 01 00 24 b3 00 00 89 02 02 00 00 00 01 00 00 00 00 16 80 bc 56 00 88 01 00 
24 b3 00 00 1a 04 01 00 00 00 01 00 00 00 00 16 80 bc 56 00 89 01 00 24 b3 00 00 b4 00 21 00 00 
00 01 00 00 00 00 16 80 bc 56 00 8a 01 00 24 b3 00 00 09 04 21 00 00 00 01 00 00 00 00 
..../.$................2....................i.j.... ...1......-.................................
............/......P...............0......................1......Q...............2......R.......
........3....................V.v....................V.w........ ...........V.x........ .........
..V.y......w.............V.z....................V.{........ ...........V.|..p...#.............V.
}..p.................V.~..p... .............V....p.................V....p.................V.....
...#.............V........!.............V......................V......................V.........
.............V......................V....$.................V....$.................V....$.....!..
.........V....$.....!........

Client->GAME [08:14:56 07/07/09] packet size: 1 CRYPTED, Flags: 7f ServerSeq: 513 ClientSeq: 769
02 
.

GAME->Client [08:14:57 07/07/09] packet size: 696 CRYPTED, Flags: 7f ServerSeq: 690 ClientSeq: 768
02 04 01 01 4d 1e 16 80 bc 56 00 8b 01 00 24 b3 00 00 15 04 02 00 00 00 01 00 00 00 00 16 80 bc 
56 00 8c 01 00 24 b3 00 00 b5 00 21 00 00 00 01 00 00 00 00 16 80 bc 56 00 8d 01 00 95 a7 00 00 
b4 00 12 00 00 00 01 00 00 00 00 16 80 bc 56 00 8e 01 00 95 a7 00 00 b5 00 12 00 00 00 01 00 00 
00 00 16 80 bc 56 00 8f 01 00 95 a7 00 00 09 04 12 00 00 00 01 00 00 00 00 16 80 bc 56 00 90 01 
00 95 a7 00 00 70 00 0f 00 00 00 01 00 00 00 00 16 80 bc 56 00 91 01 00 2c b3 00 00 17 04 01 00 
00 00 01 00 00 00 00 16 80 bc 56 00 92 01 00 2c b3 00 00 b4 00 21 00 00 00 01 00 00 00 00 16 80 
bc 56 00 93 01 00 2c b3 00 00 09 04 21 00 00 00 01 00 00 00 00 16 80 bc 56 00 94 01 00 2c b3 00 
00 12 04 02 00 00 00 01 00 00 00 00 16 80 bc 56 00 95 01 00 2c b3 00 00 07 04 02 00 00 00 01 00 
00 00 00 16 80 bc 56 00 96 01 00 2c b3 00 00 b5 00 21 00 00 00 01 00 00 00 00 16 80 bc 56 00 97 
01 00 c3 b2 00 00 89 02 02 00 00 00 01 00 00 00 00 16 80 bc 56 00 98 01 00 c3 b2 00 00 21 04 02 
00 00 00 01 00 00 00 00 16 80 bc 56 00 99 01 00 c3 b2 00 00 b4 00 1f 00 00 00 01 00 00 00 00 16 
80 bc 56 00 9a 01 00 c3 b2 00 00 09 04 1f 00 00 00 01 00 00 00 00 16 80 bc 56 00 9b 01 00 c3 b2 
00 00 1e 04 01 00 00 00 01 00 00 00 00 16 80 bc 56 00 9c 01 00 c3 b2 00 00 9d 00 1f 00 00 00 01 
00 00 00 00 16 80 bc 55 00 a6 01 00 02 00 00 00 cc 00 0c 00 00 00 01 00 00 00 00 16 80 bc 55 00 
b0 01 00 0b 00 00 00 37 02 96 00 00 00 01 00 00 00 00 16 80 bc 55 00 b1 01 00 2d 00 00 00 23 04 
0a 00 00 00 01 00 00 00 00 16 80 bc 55 00 b2 01 00 2d 00 00 00 20 04 0a 00 00 00 01 00 00 00 00 
16 80 bc 55 00 b3 01 00 2d 00 00 00 19 04 05 00 00 00 01 00 00 00 00 16 80 bc 55 00 b4 01 00 2d 
00 00 00 42 04 05 00 00 00 01 00 00 00 00 16 80 bc 55 00 b5 01 00 34 00 00 00 83 02 c8 00 00 00 
01 00 00 00 00 16 80 bc 55 00 b6 01 00 4b 00 00 00 1f 04 19 00 00 00 01 00 00 00 00 16 80 bc 55 
00 b7 01 00 5f 00 00 00 7c 04 0f 00 00 00 01 00 00 00 00 16 80 bc 55 00 b8 01 00 5f 00 00 00 07 
04 0f 00 00 00 01 00 00 00 00 16 80 bc 55 00 b9 01 00 62 00 00 00 06 04 01 00 00 00 01 00 00 00 
00 16 80 bc 55 00 ba 01 00 62 00 00 00 15 04 01 00 00 00 01 00 00 00 00 
....M....V....$.................V....$.....!...........V......................V.................
.....V......................V........p.............V....,.................V....,.....!..........
.V....,.....!...........V....,.................V....,.................V....,.....!...........V..
....................V........!.............V......................V......................V......
................V......................U......................U........7.............U....-...#.
............U....-... .............U....-.................U....-...B.............U....4.........
........U....K.................U...._...|.............U...._.................U....b.............
....U....b..............

Client->GAME [08:14:57 07/07/09] packet size: 1 CRYPTED, Flags: 7f ServerSeq: 514 ClientSeq: 770
02 
.

GAME->Client [08:14:57 07/07/09] packet size: 711 CRYPTED, Flags: 7f ServerSeq: 691 ClientSeq: 769
02 04 02 01 6b 05 16 80 bc 55 00 bb 01 00 5a 01 00 00 07 04 05 00 00 00 01 00 00 00 00 16 80 bc 
55 00 bc 01 00 5a 01 00 00 1d 04 0f 00 00 00 01 00 00 00 00 16 80 bc 55 00 bd 01 00 64 01 00 00 
1f 04 05 00 00 00 01 00 00 00 00 16 80 bc 55 00 be 01 00 66 01 00 00 7b 04 05 00 00 00 01 00 00 
00 00 16 80 bc 55 00 bf 01 00 66 01 00 00 12 04 0a 00 00 00 01 00 00 00 00 01 70 1a 16 80 bc 55 
00 c0 01 00 66 01 00 00 06 04 0b 00 00 00 01 00 00 00 00 16 80 bc 55 00 c1 01 00 8e 01 00 00 03 
04 05 00 00 00 01 00 00 00 00 16 80 bc 55 00 c2 01 00 8e 01 00 00 12 04 0f 00 00 00 01 00 00 00 
00 16 80 bc 55 00 c3 01 00 8e 01 00 00 77 04 05 00 00 00 01 00 00 00 00 16 80 bc 55 00 c4 01 00 
cd 01 00 00 e5 03 05 00 00 00 01 00 00 00 00 16 80 bc 55 00 c5 01 00 cd 01 00 00 73 04 05 00 00 
00 01 00 00 00 00 16 80 bc 55 00 c6 01 00 cd 01 00 00 e3 03 0f 00 00 00 01 00 00 00 00 16 80 bc 
55 00 c7 01 00 d5 01 00 00 e3 03 05 00 00 00 01 00 00 00 00 16 80 bc 55 00 c8 01 00 36 02 00 00 
37 02 0a 00 00 00 01 00 00 00 00 16 80 bc 55 00 c9 01 00 74 02 00 00 34 02 1e 00 00 00 01 00 00 
00 00 16 80 bc 15 00 ca 01 00 11 00 00 00 ab 00 0d 00 00 00 01 00 00 00 00 16 80 bc 15 00 cb 01 
00 11 00 00 00 0a 02 4d 00 00 00 01 00 00 00 00 16 80 bc 15 00 cc 01 00 11 00 00 00 f2 03 34 00 
00 00 01 00 00 00 00 16 80 bc 15 00 cd 01 00 11 00 00 00 ed 03 4d 00 00 00 01 00 00 00 00 16 80 
bc 15 00 ce 01 00 11 00 00 00 9f 00 19 00 00 00 01 00 00 00 00 16 80 bc 15 00 cf 01 00 11 00 00 
00 f1 03 34 00 00 00 01 00 00 00 00 16 80 bc 15 00 d0 01 00 11 00 00 00 0c 02 34 00 00 00 01 00 
00 00 00 16 80 bc 15 00 d1 01 00 11 00 00 00 b7 00 4c 00 00 00 01 00 00 00 00 16 80 bc 15 00 d2 
01 00 11 00 00 00 f3 03 46 00 00 00 01 00 00 00 00 0b 80 bd 05 11 00 00 00 00 00 00 00 16 80 bc 
15 00 d3 01 00 11 00 00 00 ab 00 0c 00 00 00 00 00 00 00 00 16 80 bc 15 00 d4 01 00 11 00 00 00 
0a 02 4b 00 00 00 00 00 00 00 00 16 80 bc 15 00 d5 01 00 11 00 00 00 f2 03 31 00 00 00 00 00 00 
00 00 16 80 bc 15 00 d6 01 00 11 00 00 00 ed 03 4b 00 00 00 00 00 00 00 00 16 80 bc 15 00 d7 01 
00 11 00 00 00 9f 00 19 00 00 00 00 00 00 00 00 16 80 bc 15 00 d8 01 00 11 00 00 00 f1 03 31 00 
00 00 00 00 00 00 00 
....k....U....Z.................U....Z.................U....d.................U....f...{........
.....U....f...............p....U....f.................U......................U..................
....U........w.............U......................U........s.............U......................
U......................U....6...7.............U....t...4........................................
.......M......................4......................M..........................................
...4......................4......................L......................F.......................
..................................K......................1......................K...............
..............................1........

Client->GAME [08:14:57 07/07/09] packet size: 1 CRYPTED, Flags: 7f ServerSeq: 515 ClientSeq: 771
02 
.

GAME->Client [08:14:57 07/07/09] packet size: 465 CRYPTED, Flags: 7f ServerSeq: 692 ClientSeq: 770
02 04 01 01 8a 1a 16 80 bc 15 00 d9 01 00 11 00 00 00 0c 02 34 00 00 00 00 00 00 00 00 16 80 bc 
15 00 da 01 00 11 00 00 00 b7 00 46 00 00 00 00 00 00 00 00 16 80 bc 15 00 db 01 00 11 00 00 00 
f3 03 46 00 00 00 00 00 00 00 00 0b 80 bd 05 11 00 00 00 00 00 00 01 16 80 bc 15 00 d3 01 00 11 
00 00 00 ab 00 0c 00 00 00 01 00 00 00 00 16 80 bc 15 00 d4 01 00 11 00 00 00 0a 02 4b 00 00 00 
01 00 00 00 00 16 80 bc 15 00 d5 01 00 11 00 00 00 f2 03 31 00 00 00 01 00 00 00 00 16 80 bc 15 
00 d6 01 00 11 00 00 00 ed 03 4b 00 00 00 01 00 00 00 00 16 80 bc 15 00 d7 01 00 11 00 00 00 9f 
00 19 00 00 00 01 00 00 00 00 16 80 bc 15 00 d8 01 00 11 00 00 00 f1 03 31 00 00 00 01 00 00 00 
00 16 80 bc 15 00 d9 01 00 11 00 00 00 0c 02 34 00 00 00 01 00 00 00 00 16 80 bc 15 00 da 01 00 
11 00 00 00 b7 00 46 00 00 00 01 00 00 00 00 16 80 bc 15 00 db 01 00 11 00 00 00 f3 03 46 00 00 
00 01 00 00 00 00 04 80 b3 11 00 16 80 bc 45 03 11 00 00 02 00 00 00 11 00 32 00 00 00 01 00 00 
00 00 04 80 b3 35 04 16 80 bc 45 03 35 04 00 62 00 00 00 35 04 00 00 00 00 01 00 00 00 00 04 80 
b3 3d 04 16 80 bc 45 03 3d 04 00 43 00 00 00 3d 04 00 00 00 00 01 00 00 00 00 04 80 b3 3e 04 16 
80 bc 45 03 3e 04 00 4f 01 00 00 3e 04 00 00 00 00 01 00 00 00 00 04 80 b3 3f 04 16 80 bc 45 03 
3f 04 00 64 01 00 00 3f 04 00 00 00 00 01 00 00 00 00 04 80 b3 40 04 16 80 bc 45 03 40 04 00 d5 
01 00 00 40 04 00 00 00 00 01 00 00 00 00 02 81 07 
....................4......................F......................F.............................
............................K......................1......................K.....................
........................1......................4......................F......................F..
..............E..........2...........5....E.5..b...5.............=....E.=..C...=.............>..
..E.>..O...>.............?....E.?..d...?.............@....E.@......@.............

Client->GAME [08:14:57 07/07/09] packet size: 13 CRYPTED, Flags: 7f ServerSeq: 516 ClientSeq: 772
02 04 01 00 4c 01 06 81 08 00 00 00 00 
....L........

GAME->Client [08:14:57 07/07/09] packet size: 1 CRYPTED, Flags: 7f ServerSeq: 693 ClientSeq: 772
02 
.

GAME->Client [08:14:58 07/07/09] packet size: 1 CRYPTED, Flags: 7f ServerSeq: 694 ClientSeq: 772
42 
B

GAME->Client [08:14:58 07/07/09] packet size: 5 CRYPTED, Flags: 7f ServerSeq: 695 ClientSeq: 772
c2 0f 1e f4 48 
....H

Client->GAME [08:14:58 07/07/09] packet size: 1 CRYPTED, Flags: 7f ServerSeq: 519 ClientSeq: 773
02 
.

GAME->Client [08:14:58 07/07/09] packet size: 1 CRYPTED, Flags: 7f ServerSeq: 696 ClientSeq: 772
42 
B

Client->GAME [08:14:58 07/07/09] packet size: 1 CRYPTED, Flags: 7f ServerSeq: 520 ClientSeq: 774
42 
B

GAME->Client [08:14:58 07/07/09] packet size: 1 CRYPTED, Flags: 7f ServerSeq: 697 ClientSeq: 773
42 
B

GAME->Client [08:14:58 07/07/09] packet size: 1 CRYPTED, Flags: 7f ServerSeq: 698 ClientSeq: 773
42 
B

GAME->Client [08:14:59 07/07/09] packet size: 125 CRYPTED, Flags: 0 ServerSeq: 2 ClientSeq: 0
02 04 01 00 03 02 34 2e 07 00 00 00 00 00 00 00 00 00 00 00 64 00 00 2e 00 24 00 00 00 00 00 00 
00 00 00 00 00 00 00 00 00 00 00 0e 00 41 66 74 65 72 57 68 6f 72 75 4e 65 6f 00 41 81 67 17 00 
27 00 1c 22 00 c6 01 11 00 00 00 00 00 00 00 37 00 00 08 0e 00 41 66 74 65 72 57 68 6f 72 75 4e 
65 6f 00 0e 00 41 66 74 65 72 57 68 6f 72 75 4e 65 6f 00 02 00 4b 00 00 00 00 00 00 00 
......4.............d....$...................AfterWhoruNeo.A.g..'.."...........7.....AfterWhoruN
eo...AfterWhoruNeo...K.......

Client->GAME [08:14:59 07/07/09] packet size: 13 CRYPTED, Flags: 0 ServerSeq: 0 ClientSeq: 1
22 04 01 00 00 01 06 81 51 00 00 00 00 
".......Q....

Client->GAME [08:14:59 07/07/09] packet size: 1 CRYPTED, Flags: 2 ServerSeq: 2 ClientSeq: 2
02 
.

GAME->Client [08:14:59 07/07/09] packet size: 150 CRYPTED, Flags: 3 ServerSeq: 3 ClientSeq: 2
02 04 01 00 00 03 79 06 0e 00 12 00 00 00 27 1e f4 48 01 56 00 46 00 72 65 73 6f 75 72 63 65 2f 
77 6f 72 6c 64 73 2f 66 69 6e 61 6c 5f 77 6f 72 6c 64 2f 63 6f 6e 73 74 72 75 63 74 73 2f 61 72 
63 68 69 76 65 2f 61 72 63 68 69 76 65 5f 73 61 74 69 2f 73 61 74 69 2e 6d 65 74 72 00 21 00 48 
61 6c 6c 6f 77 65 65 6e 5f 45 76 65 6e 74 2c 48 61 6c 6c 6f 77 65 65 6e 5f 53 6b 79 62 6f 78 00 
0a 80 e5 e7 cb c0 12 00 00 00 00 0a 80 e4 86 4f 78 00 00 00 00 00 
......y.......'..H.V.F.resource/worlds/final_world/constructs/archive/archive_sati/sati.metr.!.H
alloween_Event,Halloween_Skybox................Ox.....

Client->GAME [08:14:59 07/07/09] packet size: 6 CRYPTED, Flags: 5 ServerSeq: 3 ClientSeq: 3
02 05 02 0c 00 00 
......

Client->GAME [08:14:59 07/07/09] packet size: 8 CRYPTED, Flags: 5 ServerSeq: 3 ClientSeq: 4
02 04 01 00 01 01 01 05 
........

GAME->Client [08:14:59 07/07/09] packet size: 1 CRYPTED, Flags: 7 ServerSeq: 4 ClientSeq: 3
02 
.

GAME->Client [08:15:00 07/07/09] packet size: 259 CRYPTED, Flags: f ServerSeq: 5 ClientSeq: 4
82 5a 1e f4 48 03 01 00 0c 0c 00 ce cd ab 21 8b 81 ff 71 02 00 00 41 6e 64 65 72 73 6f 6e 00 00 
00 00 00 00 00 00 00 00 00 00 00 00 00 00 00 00 00 00 00 00 00 00 98 ea 4e cb 1d 54 68 6f 6d 61 
73 00 00 00 00 00 00 00 00 00 00 00 00 00 00 00 00 00 00 00 00 00 00 00 00 00 00 80 f8 28 0a 0c 
00 f0 20 46 00 00 00 01 8e 81 ff f7 00 31 5e 00 00 ce 67 00 41 66 74 65 72 57 68 6f 72 75 4e 65 
6f 00 00 00 00 00 00 00 00 00 00 00 00 00 00 00 00 00 00 00 00 00 00 a0 48 b5 fb 40 00 00 00 00 
fe b7 85 40 00 00 00 00 ff 48 9d c0 28 0a fd 64 01 00 00 67 00 75 d4 01 00 4b b1 00 00 04 80 73 
1a e9 82 80 60 04 00 02 8e 00 00 00 f7 00 9d 00 00 00 ab 8a 98 df 40 00 00 00 00 00 c0 57 40 00 
00 00 a0 2a d7 b8 c0 81 ff 32 22 b0 01 00 04 00 89 1a b0 c8 1d db 1c 01 11 00 00 00 67 00 02 00 
00 00 00 
.Z..H.........!...q...Anderson..........................N..Thomas............................(..
.. F.........1^...g.AfterWhoruNeo.......................H..@.......@.....H..(..d...g.u...K.....s
....`.................@......W@....*.....2".................g......

Client->GAME [08:15:01 07/07/09] packet size: 55 CRYPTED, Flags: 17 ServerSeq: 5 ClientSeq: 5
02 03 02 00 02 60 08 41 6e 64 65 72 73 6f 6e 06 54 68 6f 6d 61 73 00 00 04 01 00 02 05 02 80 be 
07 3f 6b 00 00 00 00 00 08 3e 6b 00 10 00 00 00 00 02 81 48 02 0c 01 
.....`.Anderson.Thomas...........?k......>k........H...

GAME->Client [08:15:01 07/07/09] packet size: 720 CRYPTED, Flags: 1f ServerSeq: 6 ClientSeq: 5
02 03 01 00 0c 0c 00 ce cd ab 21 8b 81 ff 71 02 00 00 41 6e 64 65 72 73 6f 6e 00 00 00 00 00 00 
00 00 00 00 00 00 00 00 00 00 00 00 00 00 00 00 00 00 98 ea 4e cb 1d 54 68 6f 6d 61 73 00 00 00 
00 00 00 00 00 00 00 00 00 00 00 00 00 00 00 00 00 00 00 00 00 00 00 80 f8 28 0a 0c 00 f0 20 46 
00 00 00 01 8e 81 ff f7 00 31 5e 00 00 ce 67 00 41 66 74 65 72 57 68 6f 72 75 4e 65 6f 00 00 00 
00 00 00 00 00 00 00 00 00 00 00 00 00 00 00 00 00 00 00 a0 48 b5 fb 40 00 00 00 00 fe b7 85 40 
00 00 00 00 ff 48 9d c0 28 0a fd 64 01 00 00 67 00 75 d4 01 00 4b b1 00 00 04 80 73 1a e9 82 80 
60 04 00 02 8e 00 00 00 f7 00 9d 00 00 00 ab 8a 98 df 40 00 00 00 00 00 c0 57 40 00 00 00 a0 2a 
d7 b8 c0 81 ff 32 22 b0 01 00 04 00 89 1a b0 c8 1d db 1c 01 11 00 00 00 67 00 02 00 00 00 00 04 
01 00 05 14 16 80 bc 15 00 d3 01 00 f7 03 00 00 08 02 00 00 00 00 00 00 00 00 00 16 80 bc 15 00 
d4 01 00 f7 03 00 00 07 02 ec ff ff ff 00 00 00 00 00 16 80 bc 15 00 d5 01 00 f7 03 00 00 50 04 
00 00 00 00 00 00 00 00 00 16 80 bc 15 00 d6 01 00 f7 03 00 00 f4 03 00 00 00 00 00 00 00 00 00 
16 80 bc 15 00 d7 01 00 f7 03 00 00 51 04 f6 ff ff ff 00 00 00 00 00 16 80 bc 15 00 d8 01 00 f7 
03 00 00 52 04 0f 00 00 00 00 00 00 00 00 16 80 bc 11 00 d9 01 00 00 00 00 00 cb 02 00 00 00 00 
00 00 00 00 00 16 80 bc 56 00 da 01 00 ef b2 00 00 1b 04 02 00 00 00 00 00 00 00 00 16 80 bc 56 
00 db 01 00 ef b2 00 00 b4 00 20 00 00 00 00 00 00 00 00 16 80 bc 56 00 dc 01 00 ef b2 00 00 09 
04 20 00 00 00 00 00 00 00 00 16 80 bc 56 00 dd 01 00 ef b2 00 00 77 04 01 00 00 00 00 00 00 00 
00 16 80 bc 56 00 de 01 00 ef b2 00 00 e6 03 02 00 00 00 00 00 00 00 00 16 80 bc 56 00 df 01 00 
ef b2 00 00 b5 00 20 00 00 00 00 00 00 00 00 16 80 bc 56 00 e0 01 00 70 9a 00 00 23 04 02 00 00 
00 00 00 00 00 00 16 80 bc 56 00 e1 01 00 70 9a 00 00 b4 00 1e 00 00 00 00 00 00 00 00 16 80 bc 
56 00 e2 01 00 70 9a 00 00 20 04 02 00 00 00 00 00 00 00 00 16 80 bc 56 00 e3 01 00 70 9a 00 00 
9d 00 1e 00 00 00 00 00 00 00 00 16 80 bc 56 00 e4 01 00 70 9a 00 00 b5 00 1e 00 00 00 00 00 00 
00 00 16 80 bc 56 00 e5 01 00 8a b2 00 00 23 04 02 00 00 00 00 00 00 00 00 16 80 bc 56 00 e6 01 
00 8a b2 00 00 21 04 01 00 00 00 00 00 00 00 00 
..........!...q...Anderson..........................N..Thomas............................(.... F
.........1^...g.AfterWhoruNeo.......................H..@.......@.....H..(..d...g.u...K.....s....
`.................@......W@....*.....2".................g.......................................
..............................P.............................................Q...................
...R....................................V......................V.......... ...........V.........
. ...........V........w.............V......................V.......... ...........V....p...#....
.........V....p.................V....p... .............V....p.................V....p............
.....V........#.............V........!..........

Client->GAME [08:15:01 07/07/09] packet size: 1 CRYPTED, Flags: 2f ServerSeq: 6 ClientSeq: 6
02 
.

GAME->Client [08:15:01 07/07/09] packet size: 700 CRYPTED, Flags: 1f ServerSeq: 7 ClientSeq: 5
82 89 1e f4 48 04 01 00 19 1e 16 80 bc 56 00 e7 01 00 8a b2 00 00 b4 00 1d 00 00 00 00 00 00 00 
00 16 80 bc 56 00 e8 01 00 8a b2 00 00 09 04 1d 00 00 00 00 00 00 00 00 16 80 bc 56 00 e9 01 00 
8a b2 00 00 9d 00 1d 00 00 00 00 00 00 00 00 16 80 bc 56 00 ea 01 00 8a b2 00 00 06 04 01 00 00 
00 00 00 00 00 00 16 80 bc 56 00 eb 01 00 24 b3 00 00 89 02 02 00 00 00 00 00 00 00 00 16 80 bc 
56 00 ec 01 00 24 b3 00 00 1a 04 01 00 00 00 00 00 00 00 00 16 80 bc 56 00 ed 01 00 24 b3 00 00 
b4 00 21 00 00 00 00 00 00 00 00 16 80 bc 56 00 ee 01 00 24 b3 00 00 09 04 21 00 00 00 00 00 00 
00 00 16 80 bc 56 00 ef 01 00 24 b3 00 00 15 04 02 00 00 00 00 00 00 00 00 16 80 bc 56 00 f0 01 
00 24 b3 00 00 b5 00 21 00 00 00 00 00 00 00 00 16 80 bc 56 00 f1 01 00 95 a7 00 00 b4 00 12 00 
00 00 00 00 00 00 00 16 80 bc 56 00 f2 01 00 95 a7 00 00 b5 00 12 00 00 00 00 00 00 00 00 16 80 
bc 56 00 f3 01 00 95 a7 00 00 09 04 12 00 00 00 00 00 00 00 00 16 80 bc 56 00 f4 01 00 95 a7 00 
00 70 00 0f 00 00 00 00 00 00 00 00 16 80 bc 56 00 f5 01 00 2c b3 00 00 17 04 01 00 00 00 00 00 
00 00 00 16 80 bc 56 00 f6 01 00 2c b3 00 00 b4 00 21 00 00 00 00 00 00 00 00 16 80 bc 56 00 f7 
01 00 2c b3 00 00 09 04 21 00 00 00 00 00 00 00 00 16 80 bc 56 00 f8 01 00 2c b3 00 00 12 04 02 
00 00 00 00 00 00 00 00 16 80 bc 56 00 f9 01 00 2c b3 00 00 07 04 02 00 00 00 00 00 00 00 00 16 
80 bc 56 00 fa 01 00 2c b3 00 00 b5 00 21 00 00 00 00 00 00 00 00 16 80 bc 56 00 fb 01 00 c3 b2 
00 00 89 02 02 00 00 00 00 00 00 00 00 16 80 bc 56 00 fc 01 00 c3 b2 00 00 21 04 02 00 00 00 00 
00 00 00 00 16 80 bc 56 00 fd 01 00 c3 b2 00 00 b4 00 1f 00 00 00 00 00 00 00 00 16 80 bc 56 00 
fe 01 00 c3 b2 00 00 09 04 1f 00 00 00 00 00 00 00 00 16 80 bc 56 00 ff 01 00 c3 b2 00 00 1e 04 
01 00 00 00 00 00 00 00 00 16 80 bc 56 00 00 02 00 c3 b2 00 00 9d 00 1f 00 00 00 00 00 00 00 00 
16 80 bc 55 00 01 02 00 02 00 00 00 cc 00 0c 00 00 00 00 00 00 00 00 16 80 bc 55 00 02 02 00 0b 
00 00 00 37 02 96 00 00 00 00 00 00 00 00 16 80 bc 55 00 03 02 00 2d 00 00 00 23 04 0a 00 00 00 
00 00 00 00 00 16 80 bc 55 00 04 02 00 2d 00 00 00 20 04 0a 00 00 00 00 00 00 00 00 
....H........V......................V......................V......................V.............
.........V....$.................V....$.................V....$.....!...........V....$.....!......
.....V....$.................V....$.....!...........V......................V.....................
.V......................V........p.............V....,.................V....,.....!...........V..
..,.....!...........V....,.................V....,.................V....,.....!...........V......
................V........!.............V......................V......................V..........
............V......................U......................U........7.............U....-...#.....
........U....-... ..........

Client->GAME [08:15:01 07/07/09] packet size: 1 CRYPTED, Flags: 5f ServerSeq: 7 ClientSeq: 7
02 
.

GAME->Client [08:15:01 07/07/09] packet size: 699 CRYPTED, Flags: 1f ServerSeq: 8 ClientSeq: 5
02 04 02 00 37 0d 16 80 bc 55 00 05 02 00 2d 00 00 00 19 04 05 00 00 00 00 00 00 00 00 16 80 bc 
55 00 06 02 00 2d 00 00 00 42 04 05 00 00 00 00 00 00 00 00 16 80 bc 55 00 07 02 00 34 00 00 00 
83 02 c8 00 00 00 00 00 00 00 00 16 80 bc 55 00 08 02 00 4b 00 00 00 1f 04 19 00 00 00 00 00 00 
00 00 16 80 bc 55 00 09 02 00 5f 00 00 00 7c 04 0f 00 00 00 00 00 00 00 00 16 80 bc 55 00 0a 02 
00 5f 00 00 00 07 04 0f 00 00 00 00 00 00 00 00 16 80 bc 55 00 0b 02 00 62 00 00 00 06 04 01 00 
00 00 00 00 00 00 00 16 80 bc 55 00 0c 02 00 62 00 00 00 15 04 01 00 00 00 00 00 00 00 00 16 80 
bc 55 00 0d 02 00 5a 01 00 00 07 04 05 00 00 00 00 00 00 00 00 16 80 bc 55 00 0e 02 00 5a 01 00 
00 1d 04 0f 00 00 00 00 00 00 00 00 16 80 bc 55 00 0f 02 00 64 01 00 00 1f 04 05 00 00 00 00 00 
00 00 00 16 80 bc 55 00 10 02 00 66 01 00 00 7b 04 05 00 00 00 00 00 00 00 00 16 80 bc 55 00 11 
02 00 66 01 00 00 12 04 0a 00 00 00 00 00 00 00 00 00 44 11 16 80 bc 55 00 12 02 00 66 01 00 00 
06 04 0b 00 00 00 00 00 00 00 00 16 80 bc 55 00 13 02 00 8e 01 00 00 03 04 05 00 00 00 00 00 00 
00 00 16 80 bc 55 00 14 02 00 8e 01 00 00 12 04 0f 00 00 00 00 00 00 00 00 16 80 bc 55 00 15 02 
00 8e 01 00 00 77 04 05 00 00 00 00 00 00 00 00 16 80 bc 55 00 16 02 00 cd 01 00 00 e5 03 05 00 
00 00 00 00 00 00 00 16 80 bc 55 00 17 02 00 cd 01 00 00 73 04 05 00 00 00 00 00 00 00 00 16 80 
bc 55 00 18 02 00 cd 01 00 00 e3 03 0f 00 00 00 00 00 00 00 00 16 80 bc 55 00 19 02 00 d5 01 00 
00 e3 03 05 00 00 00 00 00 00 00 00 16 80 bc 55 00 1a 02 00 36 02 00 00 37 02 0a 00 00 00 00 00 
00 00 00 16 80 bc 55 00 1b 02 00 74 02 00 00 34 02 1e 00 00 00 00 00 00 00 00 16 80 bc 15 00 1c 
02 00 11 00 00 00 ab 00 0d 00 00 00 00 00 00 00 00 16 80 bc 15 00 1d 02 00 11 00 00 00 0a 02 4d 
00 00 00 00 00 00 00 00 16 80 bc 15 00 1e 02 00 11 00 00 00 f2 03 34 00 00 00 00 00 00 00 00 16 
80 bc 15 00 1f 02 00 11 00 00 00 ed 03 4d 00 00 00 00 00 00 00 00 16 80 bc 15 00 20 02 00 11 00 
00 00 9f 00 19 00 00 00 00 00 00 00 00 16 80 bc 15 00 21 02 00 11 00 00 00 f1 03 34 00 00 00 00 
00 00 00 00 16 80 bc 15 00 22 02 00 11 00 00 00 0c 02 34 00 00 00 00 00 00 00 00 
....7....U....-.................U....-...B.............U....4.................U....K............
.....U...._...|.............U...._.................U....b.................U....b................
.U....Z.................U....Z.................U....d.................U....f...{.............U..
..f...............D....U....f.................U......................U......................U...
.....w.............U......................U........s.............U......................U.......
...............U....6...7.............U....t...4...............................................M
......................4......................M............. ......................!........4....
........."........4........

Client->GAME [08:15:01 07/07/09] packet size: 1 CRYPTED, Flags: 3f ServerSeq: 8 ClientSeq: 8
02 
.

GAME->Client [08:15:02 07/07/09] packet size: 711 CRYPTED, Flags: 7f ServerSeq: 9 ClientSeq: 7
02 04 02 00 55 09 16 80 bc 15 00 23 02 00 11 00 00 00 b7 00 4c 00 00 00 00 00 00 00 00 16 80 bc 
15 00 24 02 00 11 00 00 00 f3 03 46 00 00 00 00 00 00 00 00 16 80 bc 45 03 11 00 00 02 00 00 00 
11 00 32 00 00 00 00 00 00 00 00 16 80 bc 45 03 35 04 00 62 00 00 00 35 04 00 00 00 00 00 00 00 
00 00 16 80 bc 45 03 3d 04 00 43 00 00 00 3d 04 00 00 00 00 00 00 00 00 00 16 80 bc 45 03 3e 04 
00 4f 01 00 00 3e 04 00 00 00 00 00 00 00 00 00 16 80 bc 45 03 3f 04 00 64 01 00 00 3f 04 00 00 
00 00 00 00 00 00 00 16 80 bc 45 03 40 04 00 d5 01 00 00 40 04 00 00 00 00 00 00 00 00 00 0b 80 
bd 05 11 00 00 00 00 00 00 01 00 5e 16 16 80 bc 56 00 da 01 00 ef b2 00 00 1b 04 02 00 00 00 01 
00 00 00 00 16 80 bc 56 00 db 01 00 ef b2 00 00 b4 00 20 00 00 00 01 00 00 00 00 16 80 bc 56 00 
dc 01 00 ef b2 00 00 09 04 20 00 00 00 01 00 00 00 00 16 80 bc 56 00 dd 01 00 ef b2 00 00 77 04 
01 00 00 00 01 00 00 00 00 16 80 bc 56 00 de 01 00 ef b2 00 00 e6 03 02 00 00 00 01 00 00 00 00 
16 80 bc 56 00 df 01 00 ef b2 00 00 b5 00 20 00 00 00 01 00 00 00 00 16 80 bc 56 00 25 02 00 ef 
b2 00 00 1b 04 02 00 00 00 00 00 00 00 00 16 80 bc 56 00 26 02 00 ef b2 00 00 b4 00 20 00 00 00 
00 00 00 00 00 16 80 bc 56 00 27 02 00 ef b2 00 00 09 04 20 00 00 00 00 00 00 00 00 16 80 bc 56 
00 28 02 00 ef b2 00 00 77 04 01 00 00 00 00 00 00 00 00 16 80 bc 56 00 29 02 00 ef b2 00 00 e6 
03 02 00 00 00 00 00 00 00 00 16 80 bc 56 00 2a 02 00 ef b2 00 00 b5 00 20 00 00 00 00 00 00 00 
00 16 80 bc 56 00 e0 01 00 70 9a 00 00 23 04 02 00 00 00 01 00 00 00 00 16 80 bc 56 00 e1 01 00 
70 9a 00 00 b4 00 1e 00 00 00 01 00 00 00 00 16 80 bc 56 00 e2 01 00 70 9a 00 00 20 04 02 00 00 
00 01 00 00 00 00 16 80 bc 56 00 e3 01 00 70 9a 00 00 9d 00 1e 00 00 00 01 00 00 00 00 16 80 bc 
56 00 e4 01 00 70 9a 00 00 b5 00 1e 00 00 00 01 00 00 00 00 16 80 bc 56 00 2b 02 00 70 9a 00 00 
23 04 02 00 00 00 00 00 00 00 00 16 80 bc 56 00 2c 02 00 70 9a 00 00 b4 00 1e 00 00 00 00 00 00 
00 00 16 80 bc 56 00 2d 02 00 70 9a 00 00 20 04 02 00 00 00 00 00 00 00 00 16 80 bc 56 00 2e 02 
00 70 9a 00 00 9d 00 1e 00 00 00 00 00 00 00 00 16 80 bc 56 00 2f 02 00 70 9a 00 00 b5 00 1e 00 
00 00 00 00 00 00 00 
....U......#........L.............$........F...........E..........2...........E.5..b...5........
.....E.=..C...=.............E.>..O...>.............E.?..d...?.............E.@......@............
...........^....V......................V.......... ...........V.......... ...........V........w.
............V......................V.......... ...........V.%....................V.&........ ...
........V.'........ ...........V.(......w.............V.)....................V.*........ .......
....V....p...#.............V....p.................V....p... .............V....p.................
V....p.................V.+..p...#.............V.,..p.................V.-..p... .............V...
.p.................V./..p..............

Client->GAME [08:15:02 07/07/09] packet size: 1 CRYPTED, Flags: 7f ServerSeq: 9 ClientSeq: 9
02 
.

GAME->Client [08:15:02 07/07/09] packet size: 696 CRYPTED, Flags: 7f ServerSeq: 10 ClientSeq: 8
02 04 01 00 74 1e 16 80 bc 56 00 e5 01 00 8a b2 00 00 23 04 02 00 00 00 01 00 00 00 00 16 80 bc 
56 00 e6 01 00 8a b2 00 00 21 04 01 00 00 00 01 00 00 00 00 16 80 bc 56 00 e7 01 00 8a b2 00 00 
b4 00 1d 00 00 00 01 00 00 00 00 16 80 bc 56 00 e8 01 00 8a b2 00 00 09 04 1d 00 00 00 01 00 00 
00 00 16 80 bc 56 00 e9 01 00 8a b2 00 00 9d 00 1d 00 00 00 01 00 00 00 00 16 80 bc 56 00 ea 01 
00 8a b2 00 00 06 04 01 00 00 00 01 00 00 00 00 16 80 bc 56 00 30 02 00 8a b2 00 00 23 04 02 00 
00 00 00 00 00 00 00 16 80 bc 56 00 31 02 00 8a b2 00 00 21 04 01 00 00 00 00 00 00 00 00 16 80 
bc 56 00 32 02 00 8a b2 00 00 b4 00 1d 00 00 00 00 00 00 00 00 16 80 bc 56 00 33 02 00 8a b2 00 
00 09 04 1d 00 00 00 00 00 00 00 00 16 80 bc 56 00 34 02 00 8a b2 00 00 9d 00 1d 00 00 00 00 00 
00 00 00 16 80 bc 56 00 35 02 00 8a b2 00 00 06 04 01 00 00 00 00 00 00 00 00 16 80 bc 56 00 eb 
01 00 24 b3 00 00 89 02 02 00 00 00 01 00 00 00 00 16 80 bc 56 00 ec 01 00 24 b3 00 00 1a 04 01 
00 00 00 01 00 00 00 00 16 80 bc 56 00 ed 01 00 24 b3 00 00 b4 00 21 00 00 00 01 00 00 00 00 16 
80 bc 56 00 ee 01 00 24 b3 00 00 09 04 21 00 00 00 01 00 00 00 00 16 80 bc 56 00 ef 01 00 24 b3 
00 00 15 04 02 00 00 00 01 00 00 00 00 16 80 bc 56 00 f0 01 00 24 b3 00 00 b5 00 21 00 00 00 01 
00 00 00 00 16 80 bc 56 00 36 02 00 24 b3 00 00 89 02 02 00 00 00 00 00 00 00 00 16 80 bc 56 00 
37 02 00 24 b3 00 00 1a 04 01 00 00 00 00 00 00 00 00 16 80 bc 56 00 38 02 00 24 b3 00 00 b4 00 
21 00 00 00 00 00 00 00 00 16 80 bc 56 00 39 02 00 24 b3 00 00 09 04 21 00 00 00 00 00 00 00 00 
16 80 bc 56 00 3a 02 00 24 b3 00 00 15 04 02 00 00 00 00 00 00 00 00 16 80 bc 56 00 3b 02 00 24 
b3 00 00 b5 00 21 00 00 00 00 00 00 00 00 16 80 bc 56 00 f1 01 00 95 a7 00 00 b4 00 12 00 00 00 
01 00 00 00 00 16 80 bc 56 00 f2 01 00 95 a7 00 00 b5 00 12 00 00 00 01 00 00 00 00 16 80 bc 56 
00 f3 01 00 95 a7 00 00 09 04 12 00 00 00 01 00 00 00 00 16 80 bc 56 00 f4 01 00 95 a7 00 00 70 
00 0f 00 00 00 01 00 00 00 00 16 80 bc 56 00 3c 02 00 95 a7 00 00 b4 00 12 00 00 00 00 00 00 00 
00 16 80 bc 56 00 3d 02 00 95 a7 00 00 b5 00 12 00 00 00 00 00 00 00 00 
....t....V........#.............V........!.............V......................V.................
.....V......................V......................V.0......#.............V.1......!............
.V.2....................V.3....................V.4....................V.5....................V..
..$.................V....$.................V....$.....!...........V....$.....!...........V....$.
................V....$.....!...........V.6..$.................V.7..$.................V.8..$.....
!...........V.9..$.....!...........V.:..$.................V.;..$.....!...........V..............
........V......................V......................V........p.............V.<................
....V.=.................

Client->GAME [08:15:02 07/07/09] packet size: 1 CRYPTED, Flags: 7f ServerSeq: 10 ClientSeq: 10
02 
.

GAME->Client [08:15:02 07/07/09] packet size: 699 CRYPTED, Flags: 7f ServerSeq: 11 ClientSeq: 9
02 04 02 00 92 0b 16 80 bc 56 00 3e 02 00 95 a7 00 00 09 04 12 00 00 00 00 00 00 00 00 16 80 bc 
56 00 3f 02 00 95 a7 00 00 70 00 0f 00 00 00 00 00 00 00 00 16 80 bc 56 00 f5 01 00 2c b3 00 00 
17 04 01 00 00 00 01 00 00 00 00 16 80 bc 56 00 f6 01 00 2c b3 00 00 b4 00 21 00 00 00 01 00 00 
00 00 16 80 bc 56 00 f7 01 00 2c b3 00 00 09 04 21 00 00 00 01 00 00 00 00 16 80 bc 56 00 f8 01 
00 2c b3 00 00 12 04 02 00 00 00 01 00 00 00 00 16 80 bc 56 00 f9 01 00 2c b3 00 00 07 04 02 00 
00 00 01 00 00 00 00 16 80 bc 56 00 fa 01 00 2c b3 00 00 b5 00 21 00 00 00 01 00 00 00 00 16 80 
bc 56 00 40 02 00 2c b3 00 00 17 04 01 00 00 00 00 00 00 00 00 16 80 bc 56 00 41 02 00 2c b3 00 
00 b4 00 21 00 00 00 00 00 00 00 00 16 80 bc 56 00 42 02 00 2c b3 00 00 09 04 21 00 00 00 00 00 
00 00 00 00 9d 13 16 80 bc 56 00 43 02 00 2c b3 00 00 12 04 02 00 00 00 00 00 00 00 00 16 80 bc 
56 00 44 02 00 2c b3 00 00 07 04 02 00 00 00 00 00 00 00 00 16 80 bc 56 00 45 02 00 2c b3 00 00 
b5 00 21 00 00 00 00 00 00 00 00 16 80 bc 56 00 fb 01 00 c3 b2 00 00 89 02 02 00 00 00 01 00 00 
00 00 16 80 bc 56 00 fc 01 00 c3 b2 00 00 21 04 02 00 00 00 01 00 00 00 00 16 80 bc 56 00 fd 01 
00 c3 b2 00 00 b4 00 1f 00 00 00 01 00 00 00 00 16 80 bc 56 00 fe 01 00 c3 b2 00 00 09 04 1f 00 
00 00 01 00 00 00 00 16 80 bc 56 00 ff 01 00 c3 b2 00 00 1e 04 01 00 00 00 01 00 00 00 00 16 80 
bc 56 00 00 02 00 c3 b2 00 00 9d 00 1f 00 00 00 01 00 00 00 00 16 80 bc 56 00 46 02 00 c3 b2 00 
00 89 02 02 00 00 00 00 00 00 00 00 16 80 bc 56 00 47 02 00 c3 b2 00 00 21 04 02 00 00 00 00 00 
00 00 00 16 80 bc 56 00 48 02 00 c3 b2 00 00 b4 00 1f 00 00 00 00 00 00 00 00 16 80 bc 56 00 49 
02 00 c3 b2 00 00 09 04 1f 00 00 00 00 00 00 00 00 16 80 bc 56 00 4a 02 00 c3 b2 00 00 1e 04 01 
00 00 00 00 00 00 00 00 16 80 bc 56 00 4b 02 00 c3 b2 00 00 9d 00 1f 00 00 00 00 00 00 00 00 16 
80 bc 15 00 1c 02 00 11 00 00 00 ab 00 0d 00 00 00 01 00 00 00 00 16 80 bc 15 00 1d 02 00 11 00 
00 00 0a 02 4d 00 00 00 01 00 00 00 00 16 80 bc 15 00 1e 02 00 11 00 00 00 f2 03 34 00 00 00 01 
00 00 00 00 16 80 bc 15 00 1f 02 00 11 00 00 00 ed 03 4d 00 00 00 01 00 00 00 00 
.........V.>....................V.?......p.............V....,.................V....,.....!......
.....V....,.....!...........V....,.................V....,.................V....,.....!..........
.V.@..,.................V.A..,.....!...........V.B..,.....!..............V.C..,.................
V.D..,.................V.E..,.....!...........V......................V........!.............V...
...................V......................V......................V......................V.F.....
...............V.G......!.............V.H....................V.I....................V.J.........
...........V.K......................................................M......................4....
..................M........

Client->GAME [08:15:02 07/07/09] packet size: 1 CRYPTED, Flags: 7f ServerSeq: 11 ClientSeq: 11
02 
.

GAME->Client [08:15:02 07/07/09] packet size: 711 CRYPTED, Flags: 7f ServerSeq: 12 ClientSeq: 10
02 04 01 00 b0 21 16 80 bc 15 00 20 02 00 11 00 00 00 9f 00 19 00 00 00 01 00 00 00 00 16 80 bc 
15 00 21 02 00 11 00 00 00 f1 03 34 00 00 00 01 00 00 00 00 16 80 bc 15 00 22 02 00 11 00 00 00 
0c 02 34 00 00 00 01 00 00 00 00 16 80 bc 15 00 23 02 00 11 00 00 00 b7 00 4c 00 00 00 01 00 00 
00 00 16 80 bc 15 00 24 02 00 11 00 00 00 f3 03 46 00 00 00 01 00 00 00 00 0b 80 bd 05 11 00 00 
00 00 00 00 00 16 80 bc 15 00 4c 02 00 11 00 00 00 ab 00 0d 00 00 00 00 00 00 00 00 16 80 bc 15 
00 4d 02 00 11 00 00 00 0a 02 4d 00 00 00 00 00 00 00 00 16 80 bc 15 00 4e 02 00 11 00 00 00 f2 
03 34 00 00 00 00 00 00 00 00 16 80 bc 15 00 4f 02 00 11 00 00 00 ed 03 4d 00 00 00 00 00 00 00 
00 16 80 bc 15 00 50 02 00 11 00 00 00 9f 00 19 00 00 00 00 00 00 00 00 16 80 bc 15 00 51 02 00 
11 00 00 00 f1 03 34 00 00 00 00 00 00 00 00 16 80 bc 15 00 52 02 00 11 00 00 00 0c 02 34 00 00 
00 00 00 00 00 00 16 80 bc 15 00 53 02 00 11 00 00 00 b7 00 4c 00 00 00 00 00 00 00 00 16 80 bc 
15 00 54 02 00 11 00 00 00 f3 03 46 00 00 00 00 00 00 00 00 0b 80 bd 05 11 00 00 00 00 00 00 01 
16 80 bc 15 00 4c 02 00 11 00 00 00 ab 00 0d 00 00 00 01 00 00 00 00 16 80 bc 15 00 4d 02 00 11 
00 00 00 0a 02 4d 00 00 00 01 00 00 00 00 16 80 bc 15 00 4e 02 00 11 00 00 00 f2 03 34 00 00 00 
01 00 00 00 00 16 80 bc 15 00 4f 02 00 11 00 00 00 ed 03 4d 00 00 00 01 00 00 00 00 16 80 bc 15 
00 50 02 00 11 00 00 00 9f 00 19 00 00 00 01 00 00 00 00 16 80 bc 15 00 51 02 00 11 00 00 00 f1 
03 34 00 00 00 01 00 00 00 00 16 80 bc 15 00 52 02 00 11 00 00 00 0c 02 34 00 00 00 01 00 00 00 
00 16 80 bc 15 00 53 02 00 11 00 00 00 b7 00 4c 00 00 00 01 00 00 00 00 16 80 bc 15 00 54 02 00 
11 00 00 00 f3 03 46 00 00 00 01 00 00 00 00 04 80 b3 11 00 16 80 bc 45 03 11 00 00 02 00 00 00 
11 00 32 00 00 00 01 00 00 00 00 16 80 bc 55 00 01 02 00 02 00 00 00 cc 00 0c 00 00 00 01 00 00 
00 00 08 80 b2 11 00 32 00 08 02 16 80 bc 45 03 11 00 00 02 00 00 00 11 00 32 00 00 00 00 00 00 
00 00 16 80 bc 55 00 55 02 00 02 00 00 00 cc 00 0c 00 00 00 00 00 00 00 00 16 80 bc 15 00 56 02 
00 11 00 00 00 ab 00 0d 00 00 00 00 00 00 00 00 16 80 bc 15 00 57 02 00 11 00 00 00 0a 02 4d 00 
00 00 00 00 00 00 00 
.....!..... ......................!........4............."........4.............#........L......
.......$........F.........................L......................M........M.............N.......
.4.............O........M.............P......................Q........4.............R........4..
...........S........L.............T........F.........................L......................M...
.....M.............N........4.............O........M.............P......................Q.......
.4.............R........4.............S........L.............T........F................E........
..2...........U........................2......E..........2...........U.U......................V.
.....................W........M........

Client->GAME [08:15:02 07/07/09] packet size: 1 CRYPTED, Flags: 7f ServerSeq: 12 ClientSeq: 12
02 
.

GAME->Client [08:15:02 07/07/09] packet size: 695 CRYPTED, Flags: 7f ServerSeq: 13 ClientSeq: 11
02 04 02 00 d1 0e 16 80 bc 15 00 58 02 00 11 00 00 00 f2 03 34 00 00 00 00 00 00 00 00 16 80 bc 
15 00 59 02 00 11 00 00 00 ed 03 4d 00 00 00 00 00 00 00 00 16 80 bc 15 00 5a 02 00 11 00 00 00 
9f 00 19 00 00 00 00 00 00 00 00 16 80 bc 15 00 5b 02 00 11 00 00 00 f1 03 34 00 00 00 00 00 00 
00 00 16 80 bc 15 00 5c 02 00 11 00 00 00 0c 02 34 00 00 00 00 00 00 00 00 16 80 bc 15 00 5d 02 
00 11 00 00 00 b7 00 4c 00 00 00 00 00 00 00 00 16 80 bc 15 00 5e 02 00 11 00 00 00 f3 03 46 00 
00 00 00 00 00 00 00 16 80 bc 55 00 02 02 00 0b 00 00 00 37 02 96 00 00 00 01 00 00 00 00 16 80 
bc 55 00 5f 02 00 0b 00 00 00 37 02 96 00 00 00 00 00 00 00 00 16 80 bc 55 00 03 02 00 2d 00 00 
00 23 04 0a 00 00 00 01 00 00 00 00 16 80 bc 55 00 04 02 00 2d 00 00 00 20 04 0a 00 00 00 01 00 
00 00 00 16 80 bc 55 00 05 02 00 2d 00 00 00 19 04 05 00 00 00 01 00 00 00 00 16 80 bc 55 00 06 
02 00 2d 00 00 00 42 04 05 00 00 00 01 00 00 00 00 16 80 bc 55 00 60 02 00 2d 00 00 00 23 04 0a 
00 00 00 00 00 00 00 00 00 df 12 16 80 bc 55 00 61 02 00 2d 00 00 00 20 04 0a 00 00 00 00 00 00 
00 00 16 80 bc 55 00 62 02 00 2d 00 00 00 19 04 05 00 00 00 00 00 00 00 00 16 80 bc 55 00 63 02 
00 2d 00 00 00 42 04 05 00 00 00 00 00 00 00 00 16 80 bc 55 00 07 02 00 34 00 00 00 83 02 c8 00 
00 00 01 00 00 00 00 16 80 bc 55 00 64 02 00 34 00 00 00 83 02 c8 00 00 00 00 00 00 00 00 04 80 
b3 3d 04 16 80 bc 45 03 3d 04 00 43 00 00 00 3d 04 00 00 00 00 01 00 00 00 00 08 80 b2 3d 04 00 
00 08 02 16 80 bc 45 03 3d 04 00 43 00 00 00 3d 04 00 00 00 00 00 00 00 00 00 16 80 bc 55 00 08 
02 00 4b 00 00 00 1f 04 19 00 00 00 01 00 00 00 00 16 80 bc 55 00 65 02 00 4b 00 00 00 1f 04 19 
00 00 00 00 00 00 00 00 16 80 bc 55 00 09 02 00 5f 00 00 00 7c 04 0f 00 00 00 01 00 00 00 00 16 
80 bc 55 00 0a 02 00 5f 00 00 00 07 04 0f 00 00 00 01 00 00 00 00 16 80 bc 55 00 66 02 00 5f 00 
00 00 7c 04 0f 00 00 00 00 00 00 00 00 16 80 bc 55 00 67 02 00 5f 00 00 00 07 04 0f 00 00 00 00 
00 00 00 00 16 80 bc 55 00 0b 02 00 62 00 00 00 06 04 01 00 00 00 01 00 00 00 00 04 80 b3 35 04 
16 80 bc 45 03 35 04 00 62 00 00 00 35 04 00 00 00 00 01 00 00 00 00 
...........X........4.............Y........M.............Z......................[........4......
.......\........4.............]........L.............^........F...........U........7............
.U._......7.............U....-...#.............U....-... .............U....-.................U..
..-...B.............U.`..-...#................U.a..-... .............U.b..-.................U.c.
.-...B.............U....4.................U.d..4.................=....E.=..C...=.............=..
......E.=..C...=.............U....K.................U.e..K.................U...._...|...........
..U...._.................U.f.._...|.............U.g.._.................U....b.................5.
...E.5..b...5..........

Client->GAME [08:15:02 07/07/09] packet size: 1 CRYPTED, Flags: 7f ServerSeq: 13 ClientSeq: 13
02 
.

GAME->Client [08:15:02 07/07/09] packet size: 705 CRYPTED, Flags: 7f ServerSeq: 14 ClientSeq: 12
02 03 01 00 08 a3 b8 9a 05 c0 01 08 cd ab 03 15 00 00 00 00 00 36 e0 40 00 00 00 80 51 bc 57 40 
00 00 00 00 00 e0 c5 c0 07 00 00 00 00 00 00 00 00 00 80 3f 00 00 00 00 2e bd 3b b3 03 00 00 00 
00 04 01 00 f1 1f 16 80 bc 55 00 0c 02 00 62 00 00 00 15 04 01 00 00 00 01 00 00 00 00 16 80 bc 
55 00 68 02 00 62 00 00 00 06 04 01 00 00 00 00 00 00 00 00 08 80 b2 35 04 00 00 08 02 16 80 bc 
45 03 35 04 00 62 00 00 00 35 04 00 00 00 00 00 00 00 00 00 16 80 bc 55 00 69 02 00 62 00 00 00 
15 04 01 00 00 00 00 00 00 00 00 04 80 b3 3e 04 16 80 bc 45 03 3e 04 00 4f 01 00 00 3e 04 00 00 
00 00 01 00 00 00 00 08 80 b2 3e 04 00 00 08 02 16 80 bc 45 03 3e 04 00 4f 01 00 00 3e 04 00 00 
00 00 00 00 00 00 00 16 80 bc 55 00 0d 02 00 5a 01 00 00 07 04 05 00 00 00 01 00 00 00 00 16 80 
bc 55 00 0e 02 00 5a 01 00 00 1d 04 0f 00 00 00 01 00 00 00 00 16 80 bc 55 00 6a 02 00 5a 01 00 
00 07 04 05 00 00 00 00 00 00 00 00 16 80 bc 55 00 6b 02 00 5a 01 00 00 1d 04 0f 00 00 00 00 00 
00 00 00 04 80 b3 3f 04 16 80 bc 45 03 3f 04 00 64 01 00 00 3f 04 00 00 00 00 01 00 00 00 00 16 
80 bc 55 00 0f 02 00 64 01 00 00 1f 04 05 00 00 00 01 00 00 00 00 08 80 b2 3f 04 00 00 08 02 16 
80 bc 45 03 3f 04 00 64 01 00 00 3f 04 00 00 00 00 00 00 00 00 00 16 80 bc 55 00 6c 02 00 64 01 
00 00 1f 04 05 00 00 00 00 00 00 00 00 16 80 bc 55 00 10 02 00 66 01 00 00 7b 04 05 00 00 00 01 
00 00 00 00 16 80 bc 55 00 11 02 00 66 01 00 00 12 04 0a 00 00 00 01 00 00 00 00 16 80 bc 55 00 
12 02 00 66 01 00 00 06 04 0b 00 00 00 01 00 00 00 00 16 80 bc 55 00 6d 02 00 66 01 00 00 7b 04 
05 00 00 00 00 00 00 00 00 16 80 bc 55 00 6e 02 00 66 01 00 00 12 04 0a 00 00 00 00 00 00 00 00 
16 80 bc 55 00 6f 02 00 66 01 00 00 06 04 0b 00 00 00 00 00 00 00 00 16 80 bc 55 00 13 02 00 8e 
01 00 00 03 04 05 00 00 00 01 00 00 00 00 16 80 bc 55 00 14 02 00 8e 01 00 00 12 04 0f 00 00 00 
01 00 00 00 00 16 80 bc 55 00 15 02 00 8e 01 00 00 77 04 05 00 00 00 01 00 00 00 00 16 80 bc 55 
00 70 02 00 8e 01 00 00 03 04 05 00 00 00 00 00 00 00 00 16 80 bc 55 00 71 02 00 8e 01 00 00 12 
04 0f 00 00 00 00 00 00 00 00 16 80 bc 55 00 72 02 00 8e 01 00 00 77 04 05 00 00 00 00 00 00 00 
00 
.....................6.@....Q.W@...................?......;..............U....b.................
U.h..b.................5........E.5..b...5.............U.i..b.................>....E.>..O...>...
..........>........E.>..O...>.............U....Z.................U....Z.................U.j..Z..
...............U.k..Z.................?....E.?..d...?.............U....d.................?......
..E.?..d...?.............U.l..d.................U....f...{.............U....f.................U.
...f.................U.m..f...{.............U.n..f.................U.o..f.................U.....
.................U......................U........w.............U.p....................U.q.......
.............U.r......w..........

Client->GAME [08:15:02 07/07/09] packet size: 1 CRYPTED, Flags: 7f ServerSeq: 14 ClientSeq: 14
02 
.

GAME->Client [08:15:02 07/07/09] packet size: 702 CRYPTED, Flags: 7f ServerSeq: 15 ClientSeq: 13
02 04 02 01 10 16 16 80 bc 55 00 16 02 00 cd 01 00 00 e5 03 05 00 00 00 01 00 00 00 00 16 80 bc 
55 00 17 02 00 cd 01 00 00 73 04 05 00 00 00 01 00 00 00 00 16 80 bc 55 00 18 02 00 cd 01 00 00 
e3 03 0f 00 00 00 01 00 00 00 00 16 80 bc 55 00 73 02 00 cd 01 00 00 e5 03 05 00 00 00 00 00 00 
00 00 16 80 bc 55 00 74 02 00 cd 01 00 00 73 04 05 00 00 00 00 00 00 00 00 16 80 bc 55 00 75 02 
00 cd 01 00 00 e3 03 0f 00 00 00 00 00 00 00 00 04 80 b3 40 04 16 80 bc 45 03 40 04 00 d5 01 00 
00 40 04 00 00 00 00 01 00 00 00 00 16 80 bc 55 00 19 02 00 d5 01 00 00 e3 03 05 00 00 00 01 00 
00 00 00 08 80 b2 40 04 00 00 08 02 16 80 bc 45 03 40 04 00 d5 01 00 00 40 04 00 00 00 00 00 00 
00 00 00 16 80 bc 55 00 76 02 00 d5 01 00 00 e3 03 05 00 00 00 00 00 00 00 00 16 80 bc 55 00 1a 
02 00 36 02 00 00 37 02 0a 00 00 00 01 00 00 00 00 16 80 bc 55 00 77 02 00 36 02 00 00 37 02 0a 
00 00 00 00 00 00 00 00 16 80 bc 55 00 1b 02 00 74 02 00 00 34 02 1e 00 00 00 01 00 00 00 00 16 
80 bc 55 00 78 02 00 74 02 00 00 34 02 1e 00 00 00 00 00 00 00 00 16 80 bc 15 00 56 02 00 11 00 
00 00 ab 00 0d 00 00 00 01 00 00 00 00 16 80 bc 15 00 57 02 00 11 00 00 00 0a 02 4d 00 00 00 01 
00 00 00 00 16 80 bc 15 00 58 02 00 11 00 00 00 f2 03 34 00 00 00 01 00 00 00 00 16 80 bc 15 00 
59 02 00 11 00 00 00 ed 03 4d 00 00 00 01 00 00 00 00 16 80 bc 15 00 5a 02 00 11 00 00 00 9f 00 
19 00 00 00 01 00 00 00 00 16 80 bc 15 00 5b 02 00 11 00 00 00 f1 03 34 00 00 00 01 00 00 00 00 
01 26 0a 16 80 bc 15 00 5c 02 00 11 00 00 00 0c 02 34 00 00 00 01 00 00 00 00 16 80 bc 15 00 5d 
02 00 11 00 00 00 b7 00 4c 00 00 00 01 00 00 00 00 16 80 bc 15 00 5e 02 00 11 00 00 00 f3 03 46 
00 00 00 01 00 00 00 00 0b 80 bd 05 11 00 00 00 00 00 00 00 16 80 bc 15 00 79 02 00 11 00 00 00 
ab 00 0d 00 00 00 00 00 00 00 00 16 80 bc 15 00 7a 02 00 11 00 00 00 0a 02 4d 00 00 00 00 00 00 
00 00 16 80 bc 15 00 7b 02 00 11 00 00 00 f2 03 34 00 00 00 00 00 00 00 00 16 80 bc 15 00 7c 02 
00 11 00 00 00 ed 03 4d 00 00 00 00 00 00 00 00 16 80 bc 15 00 7d 02 00 11 00 00 00 9f 00 19 00 
00 00 00 00 00 00 00 16 80 bc 15 00 7e 02 00 11 00 00 00 f1 03 34 00 00 00 00 00 00 00 00 
.........U......................U........s.............U......................U.s...............
.....U.t......s.............U.u....................@....E.@......@.............U................
......@........E.@......@.............U.v....................U....6...7.............U.w..6...7..
...........U....t...4.............U.x..t...4...............V......................W........M....
.........X........4.............Y........M.............Z......................[........4........
.&......\........4.............]........L.............^........F.........................y......
................z........M.............{........4.............|........M.............}..........
............~........4........

Client->GAME [08:15:03 07/07/09] packet size: 1 CRYPTED, Flags: 7f ServerSeq: 15 ClientSeq: 15
02 
.

GAME->Client [08:15:03 07/07/09] packet size: 538 CRYPTED, Flags: 7f ServerSeq: 16 ClientSeq: 14
82 ad 1e f4 48 04 01 01 30 0e 16 80 bc 15 00 7f 02 00 11 00 00 00 0c 02 34 00 00 00 00 00 00 00 
00 16 80 bc 15 00 80 02 00 11 00 00 00 b7 00 4c 00 00 00 00 00 00 00 00 16 80 bc 15 00 81 02 00 
11 00 00 00 f3 03 46 00 00 00 00 00 00 00 00 0b 80 bd 05 11 00 00 00 00 00 00 01 17 3a 05 00 11 
00 0a 00 50 76 50 53 65 72 76 65 72 00 04 00 06 00 00 00 1d 3a 05 00 17 00 10 00 50 76 50 4d 61 
78 53 61 66 65 4c 65 76 65 6c 00 04 00 0f 00 00 00 37 3a 05 00 14 00 0d 00 57 52 5f 52 65 7a 45 
76 65 6e 74 73 00 21 00 48 61 6c 6c 6f 77 65 65 6e 5f 45 76 65 6e 74 2c 48 61 6c 6c 6f 77 65 65 
6e 5f 53 6b 79 62 6f 78 00 1b 3a 05 00 19 00 12 00 45 76 65 6e 74 53 6c 6f 74 31 5f 45 66 66 65 
63 74 00 00 00 28 3a 05 00 19 00 12 00 45 76 65 6e 74 53 6c 6f 74 32 5f 45 66 66 65 63 74 00 0d 
00 66 6c 79 6d 61 6e 5f 69 64 6c 65 33 00 25 3a 05 00 19 00 12 00 45 76 65 6e 74 53 6c 6f 74 33 
5f 45 66 66 65 63 74 00 0a 00 66 6c 79 5f 76 69 72 75 73 00 1f 3a 05 00 1b 00 14 00 46 69 78 65 
64 42 69 6e 6b 49 44 4f 76 65 72 72 69 64 65 00 02 00 20 00 41 81 67 17 00 27 00 1c 22 00 c6 01 
11 00 00 00 00 00 00 00 37 00 00 08 0e 00 41 66 74 65 72 57 68 6f 72 75 4e 65 6f 00 0e 00 41 66 
74 65 72 57 68 6f 72 75 4e 65 6f 00 02 00 4d 00 00 00 00 00 00 00 41 81 67 17 00 27 00 1c 22 00 
c6 01 11 00 00 00 00 00 00 00 37 00 00 08 0e 00 41 66 74 65 72 57 68 6f 72 75 4e 65 6f 00 0e 00 
41 66 74 65 72 57 68 6f 72 75 4e 65 6f 00 02 00 4d 00 00 00 00 00 00 00 41 81 67 17 00 27 00 1c 
22 00 c6 01 11 00 00 00 00 00 00 00 37 00 00 08 0e 00 41 66 74 65 72 57 68 6f 72 75 4e 65 6f 00 
0e 00 41 66 74 65 72 57 68 6f 72 75 4e 65 6f 00 02 00 4d 00 00 00 00 00 00 00 
....H...0...............4......................L......................F.....................:...
...PvPServer........:......PvPMaxSafeLevel.......7:......WR_RezEvents.!.Halloween_Event,Hallowee
n_Skybox..:......EventSlot1_Effect...(:......EventSlot2_Effect...flyman_idle3.%:......EventSlot3
_Effect...fly_virus..:......FixedBinkIDOverride... .A.g..'.."...........7.....AfterWhoruNeo...Af
terWhoruNeo...M.......A.g..'.."...........7.....AfterWhoruNeo...AfterWhoruNeo...M.......A.g..'..
"...........7.....AfterWhoruNeo...AfterWhoruNeo...M.......

Client->GAME [08:15:03 07/07/09] packet size: 1 CRYPTED, Flags: 7f ServerSeq: 0 ClientSeq: 16
02 
.

Client->GAME [08:15:05 07/07/09] packet size: 12
00 00 00 00 00 01 04 08 e2 31 37 00 
.........17.

GAME->Client [08:15:05 07/07/09] packet size: 12
00 00 00 00 00 01 04 08 e2 31 37 00 
.........17.

