Client->GAME [08:02:10 07/07/09] packet size: 22 CRYPTED, Flags: 7f ServerSeq: 12 ClientSeq: 13
02 04 01 00 02 01 0f 28 10 00 08 00 00 00 00 05 00 74 65 73 74 00 
.......(.........test.

GAME->Client [08:02:10 07/07/09] packet size: 1 CRYPTED, Flags: 7f ServerSeq: 13 ClientSeq: 13
02 
.

GAME->Client [08:02:13 07/07/09] packet size: 5 CRYPTED, Flags: ff ServerSeq: 14 ClientSeq: 13
82 91 be f3 48 
....H

Client->GAME [08:02:13 07/07/09] packet size: 1 CRYPTED, Flags: 7f ServerSeq: 14 ClientSeq: 14
02 
.

Client->GAME [08:02:23 07/07/09] packet size: 16 CRYPTED, Flags: 7f ServerSeq: 14 ClientSeq: 15
02 04 01 00 03 01 09 6c 02 00 00 00 00 00 00 00 
.......l........

GAME->Client [08:02:23 07/07/09] packet size: 396 CRYPTED, Flags: 7f ServerSeq: 15 ClientSeq: 15
02 04 01 00 96 01 81 84 6d 02 00 00 00 08 00 01 3f 00 00 07 00 00 00 00 00 1f 00 00 00 00 00 23 
00 00 00 00 00 24 00 00 00 00 00 25 00 00 00 00 00 26 00 00 00 00 00 27 00 00 00 00 00 29 00 00 
00 00 00 2b 00 00 00 00 00 2f 00 00 00 01 00 30 00 00 00 00 00 31 00 00 00 00 00 32 00 00 00 00 
00 34 00 00 00 00 00 35 00 00 00 00 00 36 00 00 00 00 00 37 00 00 00 00 00 38 00 00 00 00 00 3b 
00 00 00 00 00 3f 00 00 00 00 00 40 00 00 00 00 00 41 00 00 00 00 00 43 00 00 00 00 00 45 00 00 
00 00 00 48 00 00 00 00 00 49 00 00 00 00 00 4a 00 00 00 00 00 4b 00 00 00 00 00 4d 00 00 00 00 
00 4e 00 00 00 00 00 4f 00 00 00 00 00 50 00 00 00 00 00 51 00 00 00 00 00 52 00 00 00 00 00 54 
00 00 00 00 00 55 00 00 00 00 00 56 00 00 00 00 00 57 00 00 00 00 00 58 00 00 00 00 00 59 00 00 
00 00 00 5a 00 00 00 00 00 5b 00 00 00 00 00 5c 00 00 00 00 00 5d 00 00 00 00 00 5e 00 00 00 00 
00 5f 00 00 00 00 00 60 00 00 00 00 00 61 00 00 00 00 00 62 00 00 00 00 00 63 00 00 00 00 00 64 
00 00 00 00 00 65 00 00 00 00 00 66 00 00 00 00 00 67 00 00 00 00 00 69 00 00 00 00 00 6a 00 00 
00 00 00 6b 00 00 00 00 00 6c 00 00 00 00 00 6d 00 00 00 00 00 6e 00 00 00 00 00 6f 00 00 00 00 
00 70 00 00 00 00 00 71 00 00 00 00 
........m.......?..............#.....$.....%.....&.....'.....).....+...../.....0.....1.....2....
.4.....5.....6.....7.....8.....;.....?.....@.....A.....C.....E.....H.....I.....J.....K.....M....
.N.....O.....P.....Q.....R.....T.....U.....V.....W.....X.....Y.....Z.....[.....\.....].....^....
._.....`.....a.....b.....c.....d.....e.....f.....g.....i.....j.....k.....l.....m.....n.....o....
.p.....q....

Client->GAME [08:02:23 07/07/09] packet size: 1 CRYPTED, Flags: 7f ServerSeq: 15 ClientSeq: 16
02 
.

Client->GAME [08:02:24 07/07/09] packet size: 12
00 00 00 00 00 01 04 08 62 96 2b 00 
........b.+.

GAME->Client [08:02:24 07/07/09] packet size: 12
00 00 00 00 00 01 04 08 62 96 2b 00 
........b.+.

Client->GAME [08:02:35 07/07/09] packet size: 1 CRYPTED, Flags: ff ServerSeq: 15 ClientSeq: 17
02 
.

GAME->Client [08:02:35 07/07/09] packet size: 5 CRYPTED, Flags: ff ServerSeq: 16 ClientSeq: 0
82 49 c1 f3 48 
.I..H

Client->GAME [08:02:35 07/07/09] packet size: 1 CRYPTED, Flags: 7f ServerSeq: 0 ClientSeq: 18
02 
.

GAME->Client [08:02:35 07/07/09] packet size: 1 CRYPTED, Flags: 7f ServerSeq: 17 ClientSeq: 1
02 
.

Client->GAME [08:02:38 07/07/09] packet size: 16 CRYPTED, Flags: 7f ServerSeq: 1 ClientSeq: 19
02 04 01 00 04 01 09 6c 02 00 00 00 00 00 00 00 
.......l........

GAME->Client [08:02:38 07/07/09] packet size: 1 CRYPTED, Flags: 7f ServerSeq: 18 ClientSeq: 3
02 
.

GAME->Client [08:02:38 07/07/09] packet size: 400 CRYPTED, Flags: 7f ServerSeq: 19 ClientSeq: 3
82 b2 c1 f3 48 04 01 00 97 01 81 84 6d 02 00 00 00 08 00 01 3f 00 00 07 00 00 00 00 00 1f 00 00 
00 00 00 23 00 00 00 00 00 24 00 00 00 00 00 25 00 00 00 00 00 26 00 00 00 00 00 27 00 00 00 00 
00 29 00 00 00 00 00 2b 00 00 00 00 00 2f 00 00 00 01 00 30 00 00 00 00 00 31 00 00 00 00 00 32 
00 00 00 00 00 34 00 00 00 00 00 35 00 00 00 00 00 36 00 00 00 00 00 37 00 00 00 00 00 38 00 00 
00 00 00 3b 00 00 00 00 00 3f 00 00 00 00 00 40 00 00 00 00 00 41 00 00 00 00 00 43 00 00 00 00 
00 45 00 00 00 00 00 48 00 00 00 00 00 49 00 00 00 00 00 4a 00 00 00 00 00 4b 00 00 00 00 00 4d 
00 00 00 00 00 4e 00 00 00 00 00 4f 00 00 00 00 00 50 00 00 00 00 00 51 00 00 00 00 00 52 00 00 
00 00 00 54 00 00 00 00 00 55 00 00 00 00 00 56 00 00 00 00 00 57 00 00 00 00 00 58 00 00 00 00 
00 59 00 00 00 00 00 5a 00 00 00 00 00 5b 00 00 00 00 00 5c 00 00 00 00 00 5d 00 00 00 00 00 5e 
00 00 00 00 00 5f 00 00 00 00 00 60 00 00 00 00 00 61 00 00 00 00 00 62 00 00 00 00 00 63 00 00 
00 00 00 64 00 00 00 00 00 65 00 00 00 00 00 66 00 00 00 00 00 67 00 00 00 00 00 69 00 00 00 00 
00 6a 00 00 00 00 00 6b 00 00 00 00 00 6c 00 00 00 00 00 6d 00 00 00 00 00 6e 00 00 00 00 00 6f 
00 00 00 00 00 70 00 00 00 00 00 71 00 00 00 00 
....H.......m.......?..............#.....$.....%.....&.....'.....).....+...../.....0.....1.....2
.....4.....5.....6.....7.....8.....;.....?.....@.....A.....C.....E.....H.....I.....J.....K.....M
.....N.....O.....P.....Q.....R.....T.....U.....V.....W.....X.....Y.....Z.....[.....\.....].....^
....._.....`.....a.....b.....c.....d.....e.....f.....g.....i.....j.....k.....l.....m.....n.....o
.....p.....q....

Client->GAME [08:02:38 07/07/09] packet size: 1 CRYPTED, Flags: 7f ServerSeq: 3 ClientSeq: 20
02 
.

Client->GAME [08:02:39 07/07/09] packet size: 16 CRYPTED, Flags: 7f ServerSeq: 3 ClientSeq: 21
02 04 01 00 05 01 09 6c 03 00 00 00 00 00 00 00 
.......l........

GAME->Client [08:02:40 07/07/09] packet size: 1 CRYPTED, Flags: 7f ServerSeq: 20 ClientSeq: 5
02 
.

GAME->Client [08:02:40 07/07/09] packet size: 160 CRYPTED, Flags: 7f ServerSeq: 21 ClientSeq: 5
82 e5 c1 f3 48 04 01 00 98 01 80 94 6d 03 00 00 00 08 00 01 17 00 00 02 00 00 00 00 00 03 00 00 
00 00 00 04 00 00 00 00 00 05 00 00 00 00 00 06 00 00 00 00 00 07 00 00 00 00 00 08 00 00 00 00 
00 09 00 00 00 00 00 0a 00 00 00 00 00 0b 00 00 00 00 00 0c 00 00 00 00 00 0d 00 00 00 00 00 0e 
00 00 00 00 00 0f 00 00 00 00 00 10 00 00 00 00 00 11 00 00 00 00 00 12 00 00 00 00 00 13 00 00 
00 00 00 14 00 00 00 00 00 15 00 00 00 00 00 16 00 00 00 00 00 17 00 00 00 00 00 18 00 00 00 00 
....H.......m...................................................................................
................................................................

Client->GAME [08:02:40 07/07/09] packet size: 1 CRYPTED, Flags: 7f ServerSeq: 5 ClientSeq: 22
02 
.

Client->GAME [08:02:43 07/07/09] packet size: 12
00 00 00 00 00 01 04 08 92 e4 2b 00 
..........+.

GAME->Client [08:02:44 07/07/09] packet size: 12
00 00 00 00 00 01 04 08 92 e4 2b 00 
..........+.

Client->GAME [08:02:52 07/07/09] packet size: 1 CRYPTED, Flags: ff ServerSeq: 5 ClientSeq: 23
02 
.

GAME->Client [08:02:52 07/07/09] packet size: 1 CRYPTED, Flags: ff ServerSeq: 22 ClientSeq: 6
02 
.

Client->GAME [08:02:52 07/07/09] packet size: 1 CRYPTED, Flags: 7f ServerSeq: 6 ClientSeq: 24
02 
.

GAME->Client [08:02:52 07/07/09] packet size: 5 CRYPTED, Flags: 7f ServerSeq: 23 ClientSeq: 8
82 70 c3 f3 48 
.p..H

Client->GAME [08:03:03 07/07/09] packet size: 12
00 00 00 00 00 01 04 08 c2 32 2c 00 
.........2,.

GAME->Client [08:03:04 07/07/09] packet size: 12
00 00 00 00 00 01 04 08 c2 32 2c 00 
.........2,.

Client->GAME [08:03:04 07/07/09] packet size: 1 CRYPTED, Flags: ff ServerSeq: 6 ClientSeq: 25
02 
.

GAME->Client [08:03:04 07/07/09] packet size: 1 CRYPTED, Flags: 7f ServerSeq: 24 ClientSeq: 9
02 
.

GAME->Client [08:03:04 07/07/09] packet size: 5 CRYPTED, Flags: ff ServerSeq: 25 ClientSeq: 9
82 f2 c4 f3 48 
....H

Client->GAME [08:03:04 07/07/09] packet size: 1 CRYPTED, Flags: 7d ServerSeq: 9 ClientSeq: 26
02 
.

