Client->GAME [08:17:33 07/07/09] packet size: 48 CRYPTED, Flags: 7f ServerSeq: 10 ClientSeq: 86
02 04 01 00 09 01 29 80 c2 00 00 00 a0 1d 98 dd 40 00 00 00 00 00 c0 57 40 00 00 00 80 b1 ac af 
c0 11 00 03 00 07 00 00 f0 20 46 01 98 75 39 00 
......).........@......W@................ F..u9.

GAME->Client [08:17:33 07/07/09] packet size: 60 CRYPTED, Flags: 7f ServerSeq: 75 ClientSeq: 6
02 03 02 00 03 01 08 00 80 80 b4 00 f0 20 46 ea 13 cf 1d 00 00 00 a0 1d 98 dd 40 00 00 00 00 00 
c0 57 40 00 00 00 80 b1 ac af c0 10 e3 00 00 00 04 01 01 3f 01 06 80 c3 98 75 39 00 
............. F...........@......W@................?.....u9.

Client->GAME [08:17:33 07/07/09] packet size: 1 CRYPTED, Flags: 7f ServerSeq: 11 ClientSeq: 87
02 
.

GAME->Client [08:17:33 07/07/09] packet size: 209 CRYPTED, Flags: 7f ServerSeq: 76 ClientSeq: 6
82 8b 31 f4 48 03 02 00 03 09 08 00 4d f5 f1 46 fc 63 3b 45 f6 aa 95 c5 33 0c cf 1d ff 01 64 01 
00 00 00 00 00 00 00 00 00 00 00 08 41 6e 64 65 72 73 6f 6e 06 54 68 6f 6d 61 73 ff 04 80 73 1a 
e9 82 80 60 04 00 02 8e 00 00 00 01 00 00 00 00 00 00 00 00 00 00 00 00 00 00 ff 28 0a 32 00 f0 
20 46 04 00 ea 13 cf 1d 00 00 00 a0 1d 98 dd 40 00 00 00 00 00 c0 57 40 00 00 00 80 b1 ac af c0 
00 ff 00 00 00 00 00 f7 00 00 00 e3 00 00 00 00 00 28 0a ff 00 31 5e 00 00 00 00 00 00 00 00 00 
00 00 00 00 00 00 00 ff 00 00 00 00 01 00 00 00 00 00 00 00 80 3f 11 00 00 00 4b b1 00 00 71 02 
00 00 3f 00 00 00 01 22 00 00 00 00 00 00 00 00 00 
..1.H.......M..F.c;E....3.....d.............Anderson.Thomas...s....`.......................(.2..
 F.............@......W@.........................(...1^..............................?....K...q.
..?....".........

Client->GAME [08:17:33 07/07/09] packet size: 1 CRYPTED, Flags: 7f ServerSeq: 12 ClientSeq: 88
02 
.

GAME->Client [08:17:33 07/07/09] packet size: 203 CRYPTED, Flags: 7f ServerSeq: 77 ClientSeq: 7
02 03 02 00 03 08 d4 b4 f1 46 9a e3 8b 45 70 8e 94 c5 b0 0c cf 1d ff 01 64 01 00 00 00 00 00 00 
00 00 00 00 00 08 41 6e 64 65 72 73 6f 6e 06 54 68 6f 6d 61 73 ff 04 80 73 1a e9 82 80 60 04 00 
02 8e 00 00 00 01 00 00 00 00 00 00 00 00 00 00 00 00 00 00 ff 28 0a 32 00 f0 20 46 04 00 ea 13 
cf 1d 00 00 00 a0 1d 98 dd 40 00 00 00 00 00 c0 57 40 00 00 00 80 b1 ac af c0 00 ff 00 00 00 00 
00 f7 00 00 00 e3 00 00 00 00 00 28 0a ff 00 31 5e 00 00 00 00 00 00 00 00 00 00 00 00 00 00 00 
00 ff 00 00 00 00 01 00 00 00 00 00 00 00 80 3f 11 00 00 00 4b b1 00 00 71 02 00 00 3f 00 00 00 
01 22 00 00 00 00 00 00 00 00 00 
.........F...Ep.........d.............Anderson.Thomas...s....`.......................(.2.. F....
.........@......W@.........................(...1^..............................?....K...q...?...
.".........

Client->GAME [08:17:33 07/07/09] packet size: 1 CRYPTED, Flags: 7f ServerSeq: 13 ClientSeq: 89
02 
.

GAME->Client [08:17:33 07/07/09] packet size: 203 CRYPTED, Flags: 7f ServerSeq: 78 ClientSeq: 8
02 03 02 00 03 08 df 5e f1 46 96 7a c1 45 12 13 93 c5 3c 0d cf 1d ff 01 64 01 00 00 00 00 00 00 
00 00 00 00 00 08 41 6e 64 65 72 73 6f 6e 06 54 68 6f 6d 61 73 ff 04 80 73 1a e9 82 80 60 04 00 
02 8e 00 00 00 01 00 00 00 00 00 00 00 00 00 00 00 00 00 00 ff 28 0a 32 00 f0 20 46 04 00 ea 13 
cf 1d 00 00 00 a0 1d 98 dd 40 00 00 00 00 00 c0 57 40 00 00 00 80 b1 ac af c0 00 ff 00 00 00 00 
00 f7 00 00 00 e3 00 00 00 00 00 28 0a ff 00 31 5e 00 00 00 00 00 00 00 00 00 00 00 00 00 00 00 
00 ff 00 00 00 00 01 00 00 00 00 00 00 00 80 3f 11 00 00 00 4b b1 00 00 71 02 00 00 3f 00 00 00 
01 22 00 00 00 00 00 00 00 00 00 
.......^.F.z.E....<.....d.............Anderson.Thomas...s....`.......................(.2.. F....
.........@......W@.........................(...1^..............................?....K...q...?...
.".........

Client->GAME [08:17:33 07/07/09] packet size: 1 CRYPTED, Flags: 7f ServerSeq: 14 ClientSeq: 90
02 
.

GAME->Client [08:17:33 07/07/09] packet size: 203 CRYPTED, Flags: 7f ServerSeq: 79 ClientSeq: 9
02 03 02 00 03 08 e9 08 f1 46 6c ec ed 45 b4 97 91 c5 b9 0d cf 1d ff 01 64 01 00 00 00 00 00 00 
00 00 00 00 00 08 41 6e 64 65 72 73 6f 6e 06 54 68 6f 6d 61 73 ff 04 80 73 1a e9 82 80 60 04 00 
02 8e 00 00 00 01 00 00 00 00 00 00 00 00 00 00 00 00 00 00 ff 28 0a 32 00 f0 20 46 04 00 ea 13 
cf 1d 00 00 00 a0 1d 98 dd 40 00 00 00 00 00 c0 57 40 00 00 00 80 b1 ac af c0 00 ff 00 00 00 00 
00 f7 00 00 00 e3 00 00 00 00 00 28 0a ff 00 31 5e 00 00 00 00 00 00 00 00 00 00 00 00 00 00 00 
00 ff 00 00 00 00 01 00 00 00 00 00 00 00 80 3f 11 00 00 00 4b b1 00 00 71 02 00 00 3f 00 00 00 
01 22 00 00 00 00 00 00 00 00 00 
.........Fl..E..........d.............Anderson.Thomas...s....`.......................(.2.. F....
.........@......W@.........................(...1^..............................?....K...q...?...
.".........

Client->GAME [08:17:33 07/07/09] packet size: 39 CRYPTED, Flags: 7f ServerSeq: 14 ClientSeq: 91
02 04 01 00 0a 01 20 80 c4 00 00 00 a0 13 32 de 40 00 00 00 00 00 c0 57 40 00 00 00 60 d3 7d b2 
c0 11 00 03 00 07 00 
...... .......2.@......W@...`.}........

Client->GAME [08:17:33 07/07/09] packet size: 1 CRYPTED, Flags: 7f ServerSeq: 15 ClientSeq: 92
02 
.

GAME->Client [08:17:33 07/07/09] packet size: 203 CRYPTED, Flags: 7f ServerSeq: 80 ClientSeq: 10
02 03 02 00 03 08 f3 b2 f0 46 8f 9c 08 46 56 1c 90 c5 27 0e cf 1d ff 01 64 01 00 00 00 00 00 00 
00 00 00 00 00 08 41 6e 64 65 72 73 6f 6e 06 54 68 6f 6d 61 73 ff 04 80 73 1a e9 82 80 60 04 00 
02 8e 00 00 00 01 00 00 00 00 00 00 00 00 00 00 00 00 00 00 ff 28 0a 32 00 f0 20 46 04 00 ea 13 
cf 1d 00 00 00 a0 1d 98 dd 40 00 00 00 00 00 c0 57 40 00 00 00 80 b1 ac af c0 00 ff 00 00 00 00 
00 f7 00 00 00 e3 00 00 00 00 00 28 0a ff 00 31 5e 00 00 00 00 00 00 00 00 00 00 00 00 00 00 00 
00 ff 00 00 00 00 01 00 00 00 00 00 00 00 80 3f 11 00 00 00 4b b1 00 00 71 02 00 00 3f 00 00 00 
01 22 00 00 00 00 00 00 00 00 00 
.........F...FV...'.....d.............Anderson.Thomas...s....`.......................(.2.. F....
.........@......W@.........................(...1^..............................?....K...q...?...
.".........

Client->GAME [08:17:33 07/07/09] packet size: 1 CRYPTED, Flags: 7f ServerSeq: 0 ClientSeq: 93
02 
.

GAME->Client [08:17:34 07/07/09] packet size: 57 CRYPTED, Flags: 7f ServerSeq: 81 ClientSeq: 12
02 03 02 00 03 08 9c 17 f2 46 55 b0 15 46 64 42 96 c5 b3 0e cf 1d 80 80 38 14 00 e3 13 cf 1d 00 
00 00 a0 13 32 de 40 00 00 00 00 00 c0 57 40 00 00 00 60 d3 7d b2 c0 00 00 
.........FU..FdB........8...........2.@......W@...`.}....

Client->GAME [08:17:34 07/07/09] packet size: 1 CRYPTED, Flags: 7f ServerSeq: 1 ClientSeq: 94
02 
.

GAME->Client [08:17:34 07/07/09] packet size: 203 CRYPTED, Flags: 7f ServerSeq: 82 ClientSeq: 13
02 03 02 00 03 08 0d 0b f2 46 89 31 1e 46 f8 0a 96 c5 30 0f cf 1d ff 01 64 01 00 00 00 00 00 00 
00 00 00 00 00 08 41 6e 64 65 72 73 6f 6e 06 54 68 6f 6d 61 73 ff 04 80 73 1a e9 82 80 60 04 00 
02 8e 00 00 00 01 00 00 00 00 00 00 00 00 00 00 00 00 00 00 ff 28 0a 32 00 f0 20 46 14 00 e3 13 
cf 1d 00 00 00 a0 13 32 de 40 00 00 00 00 00 c0 57 40 00 00 00 60 d3 7d b2 c0 00 ff 00 00 00 00 
00 f7 00 00 00 e3 00 00 00 00 00 28 0a ff 00 31 5e 00 00 00 00 00 00 00 00 00 00 00 00 00 00 00 
00 ff 00 00 00 00 01 00 00 00 00 00 00 00 80 3f 11 00 00 00 4b b1 00 00 71 02 00 00 3f 00 00 00 
01 22 00 00 00 00 00 00 00 00 00 
.........F.1.F....0.....d.............Anderson.Thomas...s....`.......................(.2.. F....
.......2.@......W@...`.}...................(...1^..............................?....K...q...?...
.".........

Client->GAME [08:17:34 07/07/09] packet size: 1 CRYPTED, Flags: 7f ServerSeq: 2 ClientSeq: 95
02 
.

GAME->Client [08:17:34 07/07/09] packet size: 30 CRYPTED, Flags: 7f ServerSeq: 83 ClientSeq: 14
02 03 02 00 03 08 a2 01 f2 46 41 92 21 46 67 e1 95 c5 9e 0f cf 1d 80 80 80 10 e7 00 00 00 
.........FA.!Fg...............

Client->GAME [08:17:34 07/07/09] packet size: 1 CRYPTED, Flags: 7f ServerSeq: 3 ClientSeq: 96
02 
.

GAME->Client [08:17:34 07/07/09] packet size: 203 CRYPTED, Flags: 7f ServerSeq: 84 ClientSeq: 15
02 03 02 00 03 08 14 f5 f1 46 f5 12 22 46 fb a9 95 c5 1b 10 cf 1d ff 01 64 01 00 00 00 00 00 00 
00 00 00 00 00 08 41 6e 64 65 72 73 6f 6e 06 54 68 6f 6d 61 73 ff 04 80 73 1a e9 82 80 60 04 00 
02 8e 00 00 00 01 00 00 00 00 00 00 00 00 00 00 00 00 00 00 ff 28 0a 32 00 f0 20 46 14 00 e3 13 
cf 1d 00 00 00 a0 13 32 de 40 00 00 00 00 00 c0 57 40 00 00 00 60 d3 7d b2 c0 00 ff 00 00 00 00 
00 f7 00 00 00 e7 00 00 00 00 00 28 0a ff 00 31 5e 00 00 00 00 00 00 00 00 00 00 00 00 00 00 00 
00 ff 00 00 00 00 01 00 00 00 00 00 00 00 80 3f 11 00 00 00 4b b1 00 00 71 02 00 00 3f 00 00 00 
01 22 00 00 00 00 00 00 00 00 00 
.........F.."F..........d.............Anderson.Thomas...s....`.......................(.2.. F....
.......2.@......W@...`.}...................(...1^..............................?....K...q...?...
.".........

Client->GAME [08:17:34 07/07/09] packet size: 1 CRYPTED, Flags: 7f ServerSeq: 4 ClientSeq: 97
02 
.

GAME->Client [08:17:34 07/07/09] packet size: 207 CRYPTED, Flags: 7f ServerSeq: 85 ClientSeq: 0
82 af 31 f4 48 03 02 00 03 08 a8 eb f1 46 4c 73 1f 46 6a 80 95 c5 a7 10 cf 1d ff 01 64 01 00 00 
00 00 00 00 00 00 00 00 00 08 41 6e 64 65 72 73 6f 6e 06 54 68 6f 6d 61 73 ff 04 80 73 1a e9 82 
80 60 04 00 02 8e 00 00 00 01 00 00 00 00 00 00 00 00 00 00 00 00 00 00 ff 28 0a 32 00 f0 20 46 
14 00 e3 13 cf 1d 00 00 00 a0 13 32 de 40 00 00 00 00 00 c0 57 40 00 00 00 60 d3 7d b2 c0 00 ff 
00 00 00 00 00 f7 00 00 00 e7 00 00 00 00 00 28 0a ff 00 31 5e 00 00 00 00 00 00 00 00 00 00 00 
00 00 00 00 00 ff 00 00 00 00 01 00 00 00 00 00 00 00 80 3f 11 00 00 00 4b b1 00 00 71 02 00 00 
3f 00 00 00 01 22 00 00 00 00 00 00 00 00 00 
..1.H........FLs.Fj.........d.............Anderson.Thomas...s....`.......................(.2.. F
...........2.@......W@...`.}...................(...1^..............................?....K...q...
?....".........

Client->GAME [08:17:34 07/07/09] packet size: 1 CRYPTED, Flags: 7f ServerSeq: 5 ClientSeq: 98
02 
.

GAME->Client [08:17:34 07/07/09] packet size: 203 CRYPTED, Flags: 7f ServerSeq: 86 ClientSeq: 1
02 03 02 00 03 08 1a df f1 46 80 f3 17 46 fe 48 95 c5 24 11 cf 1d ff 01 64 01 00 00 00 00 00 00 
00 00 00 00 00 08 41 6e 64 65 72 73 6f 6e 06 54 68 6f 6d 61 73 ff 04 80 73 1a e9 82 80 60 04 00 
02 8e 00 00 00 01 00 00 00 00 00 00 00 00 00 00 00 00 00 00 ff 28 0a 32 00 f0 20 46 14 00 e3 13 
cf 1d 00 00 00 a0 13 32 de 40 00 00 00 00 00 c0 57 40 00 00 00 60 d3 7d b2 c0 00 ff 00 00 00 00 
00 f7 00 00 00 e7 00 00 00 00 00 28 0a ff 00 31 5e 00 00 00 00 00 00 00 00 00 00 00 00 00 00 00 
00 ff 00 00 00 00 01 00 00 00 00 00 00 00 80 3f 11 00 00 00 4b b1 00 00 71 02 00 00 3f 00 00 00 
01 22 00 00 00 00 00 00 00 00 00 
.........F...F.H..$.....d.............Anderson.Thomas...s....`.......................(.2.. F....
.......2.@......W@...`.}...................(...1^..............................?....K...q...?...
.".........

Client->GAME [08:17:34 07/07/09] packet size: 1 CRYPTED, Flags: 7f ServerSeq: 6 ClientSeq: 99
02 
.

GAME->Client [08:17:34 07/07/09] packet size: 203 CRYPTED, Flags: 7f ServerSeq: 87 ClientSeq: 2
02 03 02 00 03 08 67 cf f1 46 a2 25 08 46 b7 03 95 c5 92 11 cf 1d ff 01 64 01 00 00 00 00 00 00 
00 00 00 00 00 08 41 6e 64 65 72 73 6f 6e 06 54 68 6f 6d 61 73 ff 04 80 73 1a e9 82 80 60 04 00 
02 8e 00 00 00 01 00 00 00 00 00 00 00 00 00 00 00 00 00 00 ff 28 0a 32 00 f0 20 46 14 00 e3 13 
cf 1d 00 00 00 a0 13 32 de 40 00 00 00 00 00 c0 57 40 00 00 00 60 d3 7d b2 c0 00 ff 00 00 00 00 
00 f7 00 00 00 e7 00 00 00 00 00 28 0a ff 00 31 5e 00 00 00 00 00 00 00 00 00 00 00 00 00 00 00 
00 ff 00 00 00 00 01 00 00 00 00 00 00 00 80 3f 11 00 00 00 4b b1 00 00 71 02 00 00 3f 00 00 00 
01 22 00 00 00 00 00 00 00 00 00 
......g..F.%.F..........d.............Anderson.Thomas...s....`.......................(.2.. F....
.......2.@......W@...`.}...................(...1^..............................?....K...q...?...
.".........

Client->GAME [08:17:34 07/07/09] packet size: 1 CRYPTED, Flags: 7f ServerSeq: 7 ClientSeq: 100
02 
.

GAME->Client [08:17:34 07/07/09] packet size: 203 CRYPTED, Flags: 7f ServerSeq: 88 ClientSeq: 3
02 03 02 00 03 08 fc c5 f1 46 60 78 f6 45 26 da 94 c5 0f 12 cf 1d ff 01 64 01 00 00 00 00 00 00 
00 00 00 00 00 08 41 6e 64 65 72 73 6f 6e 06 54 68 6f 6d 61 73 ff 04 80 73 1a e9 82 80 60 04 00 
02 8e 00 00 00 01 00 00 00 00 00 00 00 00 00 00 00 00 00 00 ff 28 0a 32 00 f0 20 46 14 00 e3 13 
cf 1d 00 00 00 a0 13 32 de 40 00 00 00 00 00 c0 57 40 00 00 00 60 d3 7d b2 c0 00 ff 00 00 00 00 
00 f7 00 00 00 e7 00 00 00 00 00 28 0a ff 00 31 5e 00 00 00 00 00 00 00 00 00 00 00 00 00 00 00 
00 ff 00 00 00 00 01 00 00 00 00 00 00 00 80 3f 11 00 00 00 4b b1 00 00 71 02 00 00 3f 00 00 00 
01 22 00 00 00 00 00 00 00 00 00 
.........F`x.E&.........d.............Anderson.Thomas...s....`.......................(.2.. F....
.......2.@......W@...`.}...................(...1^..............................?....K...q...?...
.".........

Client->GAME [08:17:34 07/07/09] packet size: 1 CRYPTED, Flags: 7f ServerSeq: 8 ClientSeq: 101
02 
.

GAME->Client [08:17:35 07/07/09] packet size: 203 CRYPTED, Flags: 7f ServerSeq: 89 ClientSeq: 4
02 03 02 00 03 08 6d b9 f1 46 59 09 cc 45 ba a2 94 c5 9b 12 cf 1d ff 01 64 01 00 00 00 00 00 00 
00 00 00 00 00 08 41 6e 64 65 72 73 6f 6e 06 54 68 6f 6d 61 73 ff 04 80 73 1a e9 82 80 60 04 00 
02 8e 00 00 00 01 00 00 00 00 00 00 00 00 00 00 00 00 00 00 ff 28 0a 32 00 f0 20 46 14 00 e3 13 
cf 1d 00 00 00 a0 13 32 de 40 00 00 00 00 00 c0 57 40 00 00 00 60 d3 7d b2 c0 00 ff 00 00 00 00 
00 f7 00 00 00 e7 00 00 00 00 00 28 0a ff 00 31 5e 00 00 00 00 00 00 00 00 00 00 00 00 00 00 00 
00 ff 00 00 00 00 01 00 00 00 00 00 00 00 80 3f 11 00 00 00 4b b1 00 00 71 02 00 00 3f 00 00 00 
01 22 00 00 00 00 00 00 00 00 00 
......m..FY..E..........d.............Anderson.Thomas...s....`.......................(.2.. F....
.......2.@......W@...`.}...................(...1^..............................?....K...q...?...
.".........

Client->GAME [08:17:35 07/07/09] packet size: 1 CRYPTED, Flags: 7f ServerSeq: 9 ClientSeq: 102
02 
.

GAME->Client [08:17:35 07/07/09] packet size: 203 CRYPTED, Flags: 7f ServerSeq: 90 ClientSeq: 5
02 03 02 00 03 08 de ac f1 46 2d 75 98 45 4e 6b 94 c5 18 13 cf 1d ff 01 64 01 00 00 00 00 00 00 
00 00 00 00 00 08 41 6e 64 65 72 73 6f 6e 06 54 68 6f 6d 61 73 ff 04 80 73 1a e9 82 80 60 04 00 
02 8e 00 00 00 01 00 00 00 00 00 00 00 00 00 00 00 00 00 00 ff 28 0a 32 00 f0 20 46 14 00 e3 13 
cf 1d 00 00 00 a0 13 32 de 40 00 00 00 00 00 c0 57 40 00 00 00 60 d3 7d b2 c0 00 ff 00 00 00 00 
00 f7 00 00 00 e7 00 00 00 00 00 28 0a ff 00 31 5e 00 00 00 00 00 00 00 00 00 00 00 00 00 00 00 
00 ff 00 00 00 00 01 00 00 00 00 00 00 00 80 3f 11 00 00 00 4b b1 00 00 71 02 00 00 3f 00 00 00 
01 22 00 00 00 00 00 00 00 00 00 
.........F-u.ENk........d.............Anderson.Thomas...s....`.......................(.2.. F....
.......2.@......W@...`.}...................(...1^..............................?....K...q...?...
.".........

Client->GAME [08:17:35 07/07/09] packet size: 1 CRYPTED, Flags: 7f ServerSeq: 10 ClientSeq: 103
02 
.

GAME->Client [08:17:35 07/07/09] packet size: 30 CRYPTED, Flags: 7f ServerSeq: 91 ClientSeq: 6
02 03 02 00 03 08 50 a0 f1 46 b9 77 37 45 e2 33 94 c5 86 13 cf 1d 80 80 80 10 eb 00 00 00 
......P..F.w7E.3..............

Client->GAME [08:17:35 07/07/09] packet size: 1 CRYPTED, Flags: 7f ServerSeq: 11 ClientSeq: 104
02 
.

Client->GAME [08:17:35 07/07/09] packet size: 20 CRYPTED, Flags: 7f ServerSeq: 11 ClientSeq: 105
02 03 02 00 01 08 9d 90 f1 46 00 00 be 42 9b ee 93 c5 00 00 
.........F...B......

GAME->Client [08:17:35 07/07/09] packet size: 203 CRYPTED, Flags: 7f ServerSeq: 92 ClientSeq: 7
02 03 02 00 03 08 c1 93 f1 46 5e eb 2e 44 76 fc 93 c5 03 14 cf 1d ff 01 64 01 00 00 00 00 00 00 
00 00 00 00 00 08 41 6e 64 65 72 73 6f 6e 06 54 68 6f 6d 61 73 ff 04 80 73 1a e9 82 80 60 04 00 
02 8e 00 00 00 01 00 00 00 00 00 00 00 00 00 00 00 00 00 00 ff 28 0a 32 00 f0 20 46 14 00 e3 13 
cf 1d 00 00 00 a0 13 32 de 40 00 00 00 00 00 c0 57 40 00 00 00 60 d3 7d b2 c0 00 ff 00 00 00 00 
00 f7 00 00 00 eb 00 00 00 00 00 28 0a ff 00 31 5e 00 00 00 00 00 00 00 00 00 00 00 00 00 00 00 
00 ff 00 00 00 00 01 00 00 00 00 00 00 00 80 3f 11 00 00 00 4b b1 00 00 71 02 00 00 3f 00 00 00 
01 22 00 00 00 00 00 00 00 00 00 
.........F^..Dv.........d.............Anderson.Thomas...s....`.......................(.2.. F....
.......2.@......W@...`.}...................(...1^..............................?....K...q...?...
.".........

Client->GAME [08:17:35 07/07/09] packet size: 1 CRYPTED, Flags: 7f ServerSeq: 12 ClientSeq: 106
02 
.

GAME->Client [08:17:35 07/07/09] packet size: 205 CRYPTED, Flags: 7f ServerSeq: 93 ClientSeq: 8
02 03 02 00 03 09 00 00 9d 90 f1 46 00 00 be 42 9b ee 93 c5 8f 14 cf 1d ff 01 64 01 00 00 00 00 
00 00 00 00 00 00 00 08 41 6e 64 65 72 73 6f 6e 06 54 68 6f 6d 61 73 ff 04 80 73 1a e9 82 80 60 
04 00 02 8e 00 00 00 01 00 00 00 00 00 00 00 00 00 00 00 00 00 00 ff 28 0a 32 00 f0 20 46 14 00 
e3 13 cf 1d 00 00 00 a0 13 32 de 40 00 00 00 00 00 c0 57 40 00 00 00 60 d3 7d b2 c0 00 ff 00 00 
00 00 00 f7 00 00 00 eb 00 00 00 00 00 28 0a ff 00 31 5e 00 00 00 00 00 00 00 00 00 00 00 00 00 
00 00 00 ff 00 00 00 00 01 00 00 00 00 00 00 00 80 3f 11 00 00 00 4b b1 00 00 71 02 00 00 3f 00 
00 00 01 22 00 00 00 00 00 00 00 00 00 
...........F...B..........d.............Anderson.Thomas...s....`.......................(.2.. F..
.........2.@......W@...`.}...................(...1^..............................?....K...q...?.
...".........

Client->GAME [08:17:35 07/07/09] packet size: 1 CRYPTED, Flags: 7f ServerSeq: 13 ClientSeq: 107
02 
.

GAME->Client [08:17:35 07/07/09] packet size: 209 CRYPTED, Flags: 7f ServerSeq: 94 ClientSeq: 10
82 d3 31 f4 48 03 02 00 03 09 00 00 9d 90 f1 46 00 00 be 42 9b ee 93 c5 0c 15 cf 1d ff 01 64 01 
00 00 00 00 00 00 00 00 00 00 00 08 41 6e 64 65 72 73 6f 6e 06 54 68 6f 6d 61 73 ff 04 80 73 1a 
e9 82 80 60 04 00 02 8e 00 00 00 01 00 00 00 00 00 00 00 00 00 00 00 00 00 00 ff 28 0a 32 00 f0 
20 46 14 00 e3 13 cf 1d 00 00 00 a0 13 32 de 40 00 00 00 00 00 c0 57 40 00 00 00 60 d3 7d b2 c0 
00 ff 00 00 00 00 00 f7 00 00 00 eb 00 00 00 00 00 28 0a ff 00 31 5e 00 00 00 00 00 00 00 00 00 
00 00 00 00 00 00 00 ff 00 00 00 00 01 00 00 00 00 00 00 00 80 3f 11 00 00 00 4b b1 00 00 71 02 
00 00 3f 00 00 00 01 22 00 00 00 00 00 00 00 00 00 
..1.H..........F...B..........d.............Anderson.Thomas...s....`.......................(.2..
 F...........2.@......W@...`.}...................(...1^..............................?....K...q.
..?....".........

Client->GAME [08:17:35 07/07/09] packet size: 1 CRYPTED, Flags: 7f ServerSeq: 14 ClientSeq: 108
02 
.

GAME->Client [08:17:36 07/07/09] packet size: 13 CRYPTED, Flags: 7f ServerSeq: 95 ClientSeq: 12
02 03 02 00 02 80 80 80 10 ef 00 00 00 
.............

Client->GAME [08:17:36 07/07/09] packet size: 1 CRYPTED, Flags: 7f ServerSeq: 15 ClientSeq: 109
02 
.

GAME->Client [08:17:37 07/07/09] packet size: 13 CRYPTED, Flags: 7f ServerSeq: 96 ClientSeq: 13
02 03 02 00 02 80 80 80 10 f2 00 00 00 
.............

Client->GAME [08:17:37 07/07/09] packet size: 1 CRYPTED, Flags: 7f ServerSeq: 0 ClientSeq: 110
02 
.

GAME->Client [08:17:38 07/07/09] packet size: 17 CRYPTED, Flags: 7f ServerSeq: 97 ClientSeq: 14
82 2d 32 f4 48 03 02 00 02 80 80 80 10 f6 00 00 00 
.-2.H............

Client->GAME [08:17:38 07/07/09] packet size: 1 CRYPTED, Flags: 7f ServerSeq: 1 ClientSeq: 111
02 
.

GAME->Client [08:17:39 07/07/09] packet size: 13 CRYPTED, Flags: 7f ServerSeq: 98 ClientSeq: 15
02 03 02 00 02 80 80 80 10 f7 00 00 00 
.............

Client->GAME [08:17:39 07/07/09] packet size: 1 CRYPTED, Flags: 7f ServerSeq: 2 ClientSeq: 112
02 
.

Client->GAME [08:17:44 07/07/09] packet size: 12
00 00 00 00 00 01 04 08 d8 a1 39 00 
..........9.

GAME->Client [08:17:44 07/07/09] packet size: 12
00 00 00 00 00 01 04 08 d8 a1 39 00 
..........9.

