Client->GAME [08:12:44 07/07/09] packet size: 12
00 00 00 00 00 01 04 08 56 0e 35 00 
........V.5.

GAME->Client [08:12:44 07/07/09] packet size: 12
00 00 00 00 00 01 04 08 56 0e 35 00 
........V.5.

Client->GAME [08:12:46 07/07/09] packet size: 48 CRYPTED, Flags: 7f ServerSeq: 271 ClientSeq: 454
02 04 01 00 35 01 29 80 c2 00 00 00 00 f5 a5 fa 40 00 00 00 00 fe b7 85 40 00 00 00 e0 7e 7b c7 
c0 65 01 10 00 01 00 00 f0 20 46 01 de 14 35 00 
....5.).........@.......@....~{..e....... F...5.

GAME->Client [08:12:47 07/07/09] packet size: 78 CRYPTED, Flags: 7f ServerSeq: 416 ClientSeq: 262
02 03 02 00 03 09 08 00 e6 b5 da 47 c6 bd 93 44 4d 93 92 c5 5e aa ca 1d 80 80 bc 00 f0 20 46 04 
00 b7 d0 ca 1d 00 00 00 00 f5 a5 fa 40 00 00 00 00 fe b7 85 40 00 00 00 e0 7e 7b c7 c0 10 e3 00 
00 00 04 01 01 2b 01 06 80 c3 de 14 35 00 
...........G...DM...^........ F.............@.......@....~{..........+......5.

Client->GAME [08:12:47 07/07/09] packet size: 1 CRYPTED, Flags: 7f ServerSeq: 256 ClientSeq: 455
02 
.

GAME->Client [08:12:47 07/07/09] packet size: 327 CRYPTED, Flags: 7f ServerSeq: 417 ClientSeq: 262
82 a9 0d f4 48 03 02 00 03 09 08 00 79 a3 da 47 9d 99 d3 44 9c 8f 95 c5 dc aa ca 1d ff 01 64 01 
00 00 00 00 00 00 00 00 00 00 00 08 41 6e 64 65 72 73 6f 6e 06 54 68 6f 6d 61 73 ff 04 80 73 1a 
e9 82 80 60 04 00 02 8e 00 00 00 01 00 00 00 00 00 00 00 00 00 00 00 00 00 00 ff 28 0a 32 00 f0 
20 46 04 00 b7 d0 ca 1d 00 00 00 00 f5 a5 fa 40 00 00 00 00 fe b7 85 40 00 00 00 e0 7e 7b c7 c0 
00 ff 00 00 00 00 00 f7 00 00 00 e3 00 00 00 00 00 28 0a ff 00 31 5e 00 00 00 00 00 00 00 00 00 
00 00 00 00 00 00 00 ff 00 00 00 00 01 00 00 00 00 00 00 00 80 3f 11 00 00 00 4b b1 00 00 71 02 
00 00 3f 00 00 00 01 22 00 00 00 00 00 00 00 01 00 08 d0 20 af 04 50 16 e4 cd ab 07 fd 00 00 00 
00 50 db fa 40 00 00 00 00 00 b8 85 40 00 00 00 00 80 ed c4 c0 41 67 65 6e 74 20 48 61 6c 65 00 
00 00 00 00 00 00 00 00 00 00 00 00 00 00 00 00 00 00 00 00 00 00 00 00 00 00 00 00 00 00 00 00 
00 00 00 00 00 00 00 00 00 00 00 00 00 00 00 00 00 00 00 00 00 02 00 00 3a 00 15 0b 00 58 00 00 
01 00 1d 00 00 00 00 
....H.......y..G...D..........d.............Anderson.Thomas...s....`.......................(.2..
 F.............@.......@....~{...................(...1^..............................?....K...q.
..?...."........... ..P..........P..@.......@........Agent Hale.................................
........................:....X.........

Client->GAME [08:12:47 07/07/09] packet size: 1 CRYPTED, Flags: 7f ServerSeq: 257 ClientSeq: 456
02 
.

GAME->Client [08:12:47 07/07/09] packet size: 203 CRYPTED, Flags: 7f ServerSeq: 418 ClientSeq: 263
02 03 02 00 03 08 0b 91 da 47 3b e0 08 45 ea 8b 98 c5 59 ab ca 1d ff 01 64 01 00 00 00 00 00 00 
00 00 00 00 00 08 41 6e 64 65 72 73 6f 6e 06 54 68 6f 6d 61 73 ff 04 80 73 1a e9 82 80 60 04 00 
02 8e 00 00 00 01 00 00 00 00 00 00 00 00 00 00 00 00 00 00 ff 28 0a 32 00 f0 20 46 04 00 b7 d0 
ca 1d 00 00 00 00 f5 a5 fa 40 00 00 00 00 fe b7 85 40 00 00 00 e0 7e 7b c7 c0 00 ff 00 00 00 00 
00 f7 00 00 00 e3 00 00 00 00 00 28 0a ff 00 31 5e 00 00 00 00 00 00 00 00 00 00 00 00 00 00 00 
00 ff 00 00 00 00 01 00 00 00 00 00 00 00 80 3f 11 00 00 00 4b b1 00 00 71 02 00 00 3f 00 00 00 
01 22 00 00 00 00 00 00 00 00 00 
.........G;..E....Y.....d.............Anderson.Thomas...s....`.......................(.2.. F....
.........@.......@....~{...................(...1^..............................?....K...q...?...
.".........

Client->GAME [08:12:47 07/07/09] packet size: 1 CRYPTED, Flags: 7f ServerSeq: 258 ClientSeq: 457
02 
.

GAME->Client [08:12:47 07/07/09] packet size: 203 CRYPTED, Flags: 7f ServerSeq: 419 ClientSeq: 264
02 03 02 00 03 08 9e 7e da 47 2a 19 27 45 39 88 9b c5 d6 ab ca 1d ff 01 64 01 00 00 00 00 00 00 
00 00 00 00 00 08 41 6e 64 65 72 73 6f 6e 06 54 68 6f 6d 61 73 ff 04 80 73 1a e9 82 80 60 04 00 
02 8e 00 00 00 01 00 00 00 00 00 00 00 00 00 00 00 00 00 00 ff 28 0a 32 00 f0 20 46 04 00 b7 d0 
ca 1d 00 00 00 00 f5 a5 fa 40 00 00 00 00 fe b7 85 40 00 00 00 e0 7e 7b c7 c0 00 ff 00 00 00 00 
00 f7 00 00 00 e3 00 00 00 00 00 28 0a ff 00 31 5e 00 00 00 00 00 00 00 00 00 00 00 00 00 00 00 
00 ff 00 00 00 00 01 00 00 00 00 00 00 00 80 3f 11 00 00 00 4b b1 00 00 71 02 00 00 3f 00 00 00 
01 22 00 00 00 00 00 00 00 00 00 
.......~.G*.'E9.........d.............Anderson.Thomas...s....`.......................(.2.. F....
.........@.......@....~{...................(...1^..............................?....K...q...?...
.".........

Client->GAME [08:12:47 07/07/09] packet size: 1 CRYPTED, Flags: 7f ServerSeq: 259 ClientSeq: 458
02 
.

GAME->Client [08:12:47 07/07/09] packet size: 203 CRYPTED, Flags: 7f ServerSeq: 420 ClientSeq: 265
02 03 02 00 03 08 31 6c da 47 9b 77 44 45 88 84 9e c5 52 ac ca 1d ff 01 64 01 00 00 00 00 00 00 
00 00 00 00 00 08 41 6e 64 65 72 73 6f 6e 06 54 68 6f 6d 61 73 ff 04 80 73 1a e9 82 80 60 04 00 
02 8e 00 00 00 01 00 00 00 00 00 00 00 00 00 00 00 00 00 00 ff 28 0a 32 00 f0 20 46 04 00 b7 d0 
ca 1d 00 00 00 00 f5 a5 fa 40 00 00 00 00 fe b7 85 40 00 00 00 e0 7e 7b c7 c0 00 ff 00 00 00 00 
00 f7 00 00 00 e3 00 00 00 00 00 28 0a ff 00 31 5e 00 00 00 00 00 00 00 00 00 00 00 00 00 00 00 
00 ff 00 00 00 00 01 00 00 00 00 00 00 00 80 3f 11 00 00 00 4b b1 00 00 71 02 00 00 3f 00 00 00 
01 22 00 00 00 00 00 00 00 00 00 
......1l.G.wDE....R.....d.............Anderson.Thomas...s....`.......................(.2.. F....
.........@.......@....~{...................(...1^..............................?....K...q...?...
.".........

Client->GAME [08:12:47 07/07/09] packet size: 25 CRYPTED, Flags: 7f ServerSeq: 260 ClientSeq: 459
02 04 01 00 36 01 12 80 c9 07 00 90 22 00 38 47 47 00 00 20 41 00 a8 5e c7 
....6.......".8GG.. A..^.

GAME->Client [08:12:47 07/07/09] packet size: 203 CRYPTED, Flags: 7f ServerSeq: 421 ClientSeq: 265
02 03 02 00 03 08 5f 5e da 47 0d ef 59 45 c3 c1 a0 c5 cf ac ca 1d ff 01 64 01 00 00 00 00 00 00 
00 00 00 00 00 08 41 6e 64 65 72 73 6f 6e 06 54 68 6f 6d 61 73 ff 04 80 73 1a e9 82 80 60 04 00 
02 8e 00 00 00 01 00 00 00 00 00 00 00 00 00 00 00 00 00 00 ff 28 0a 32 00 f0 20 46 04 00 b7 d0 
ca 1d 00 00 00 00 f5 a5 fa 40 00 00 00 00 fe b7 85 40 00 00 00 e0 7e 7b c7 c0 00 ff 00 00 00 00 
00 f7 00 00 00 e3 00 00 00 00 00 28 0a ff 00 31 5e 00 00 00 00 00 00 00 00 00 00 00 00 00 00 00 
00 ff 00 00 00 00 01 00 00 00 00 00 00 00 80 3f 11 00 00 00 4b b1 00 00 71 02 00 00 3f 00 00 00 
01 22 00 00 00 00 00 00 00 00 00 
......_^.G..YE..........d.............Anderson.Thomas...s....`.......................(.2.. F....
.........@.......@....~{...................(...1^..............................?....K...q...?...
.".........

Client->GAME [08:12:48 07/07/09] packet size: 1 CRYPTED, Flags: 7f ServerSeq: 261 ClientSeq: 460
02 
.

GAME->Client [08:12:48 07/07/09] packet size: 203 CRYPTED, Flags: 7f ServerSeq: 422 ClientSeq: 267
02 03 02 00 03 08 f2 4b da 47 20 cf 75 45 12 be a3 c5 4d ad ca 1d ff 01 64 01 00 00 00 00 00 00 
00 00 00 00 00 08 41 6e 64 65 72 73 6f 6e 06 54 68 6f 6d 61 73 ff 04 80 73 1a e9 82 80 60 04 00 
02 8e 00 00 00 01 00 00 00 00 00 00 00 00 00 00 00 00 00 00 ff 28 0a 32 00 f0 20 46 04 00 b7 d0 
ca 1d 00 00 00 00 f5 a5 fa 40 00 00 00 00 fe b7 85 40 00 00 00 e0 7e 7b c7 c0 00 ff 00 00 00 00 
00 f7 00 00 00 e3 00 00 00 00 00 28 0a ff 00 31 5e 00 00 00 00 00 00 00 00 00 00 00 00 00 00 00 
00 ff 00 00 00 00 01 00 00 00 00 00 00 00 80 3f 11 00 00 00 4b b1 00 00 71 02 00 00 3f 00 00 00 
01 22 00 00 00 00 00 00 00 00 00 
.......K.G .uE....M.....d.............Anderson.Thomas...s....`.......................(.2.. F....
.........@.......@....~{...................(...1^..............................?....K...q...?...
.".........

GAME->Client [08:12:48 07/07/09] packet size: 203 CRYPTED, Flags: 7f ServerSeq: 423 ClientSeq: 268
02 03 02 00 03 08 85 39 da 47 5b 6a 88 45 61 ba a6 c5 c9 ad ca 1d ff 01 64 01 00 00 00 00 00 00 
00 00 00 00 00 08 41 6e 64 65 72 73 6f 6e 06 54 68 6f 6d 61 73 ff 04 80 73 1a e9 82 80 60 04 00 
02 8e 00 00 00 01 00 00 00 00 00 00 00 00 00 00 00 00 00 00 ff 28 0a 32 00 f0 20 46 04 00 b7 d0 
ca 1d 00 00 00 00 f5 a5 fa 40 00 00 00 00 fe b7 85 40 00 00 00 e0 7e 7b c7 c0 00 ff 00 00 00 00 
00 f7 00 00 00 e3 00 00 00 00 00 28 0a ff 00 31 5e 00 00 00 00 00 00 00 00 00 00 00 00 00 00 00 
00 ff 00 00 00 00 01 00 00 00 00 00 00 00 80 3f 11 00 00 00 4b b1 00 00 71 02 00 00 3f 00 00 00 
01 22 00 00 00 00 00 00 00 00 00 
.......9.G[j.Ea.........d.............Anderson.Thomas...s....`.......................(.2.. F....
.........@.......@....~{...................(...1^..............................?....K...q...?...
.".........

Client->GAME [08:12:48 07/07/09] packet size: 44 CRYPTED, Flags: 7f ServerSeq: 262 ClientSeq: 461
02 04 01 00 37 02 12 80 c9 b4 04 50 16 80 a3 d1 47 00 c0 2d 44 00 8c 75 c6 12 80 c9 a1 13 c0 0f 
80 e5 e4 47 00 c0 2d 44 00 1c 77 c6 
....7......P....G..-D..u...........G..-D..w.

Client->GAME [08:12:48 07/07/09] packet size: 1 CRYPTED, Flags: 7f ServerSeq: 263 ClientSeq: 462
02 
.

GAME->Client [08:12:48 07/07/09] packet size: 30 CRYPTED, Flags: 7f ServerSeq: 424 ClientSeq: 268
02 03 02 00 03 08 17 27 da 47 e7 7f 95 45 b0 b6 a9 c5 47 ae ca 1d 80 80 80 10 e6 00 00 00 
.......'.G...E....G...........

Client->GAME [08:12:48 07/07/09] packet size: 1 CRYPTED, Flags: 7f ServerSeq: 264 ClientSeq: 463
02 
.

GAME->Client [08:12:48 07/07/09] packet size: 203 CRYPTED, Flags: 7f ServerSeq: 425 ClientSeq: 270
02 03 02 00 03 08 aa 14 da 47 33 28 a2 45 fe b2 ac c5 c4 ae ca 1d ff 01 64 01 00 00 00 00 00 00 
00 00 00 00 00 08 41 6e 64 65 72 73 6f 6e 06 54 68 6f 6d 61 73 ff 04 80 73 1a e9 82 80 60 04 00 
02 8e 00 00 00 01 00 00 00 00 00 00 00 00 00 00 00 00 00 00 ff 28 0a 32 00 f0 20 46 04 00 b7 d0 
ca 1d 00 00 00 00 f5 a5 fa 40 00 00 00 00 fe b7 85 40 00 00 00 e0 7e 7b c7 c0 00 ff 00 00 00 00 
00 f7 00 00 00 e6 00 00 00 00 00 28 0a ff 00 31 5e 00 00 00 00 00 00 00 00 00 00 00 00 00 00 00 
00 ff 00 00 00 00 01 00 00 00 00 00 00 00 80 3f 11 00 00 00 4b b1 00 00 71 02 00 00 3f 00 00 00 
01 22 00 00 00 00 00 00 00 00 00 
.........G3(.E..........d.............Anderson.Thomas...s....`.......................(.2.. F....
.........@.......@....~{...................(...1^..............................?....K...q...?...
.".........

Client->GAME [08:12:48 07/07/09] packet size: 1 CRYPTED, Flags: 7f ServerSeq: 265 ClientSeq: 464
02 
.

GAME->Client [08:12:48 07/07/09] packet size: 207 CRYPTED, Flags: 7f ServerSeq: 426 ClientSeq: 270
82 cd 0d f4 48 03 02 00 03 08 3d 02 da 47 40 63 ae 45 4d af af c5 40 af ca 1d ff 01 64 01 00 00 
00 00 00 00 00 00 00 00 00 08 41 6e 64 65 72 73 6f 6e 06 54 68 6f 6d 61 73 ff 04 80 73 1a e9 82 
80 60 04 00 02 8e 00 00 00 01 00 00 00 00 00 00 00 00 00 00 00 00 00 00 ff 28 0a 32 00 f0 20 46 
04 00 b7 d0 ca 1d 00 00 00 00 f5 a5 fa 40 00 00 00 00 fe b7 85 40 00 00 00 e0 7e 7b c7 c0 00 ff 
00 00 00 00 00 f7 00 00 00 e6 00 00 00 00 00 28 0a ff 00 31 5e 00 00 00 00 00 00 00 00 00 00 00 
00 00 00 00 00 ff 00 00 00 00 01 00 00 00 00 00 00 00 80 3f 11 00 00 00 4b b1 00 00 71 02 00 00 
3f 00 00 00 01 22 00 00 00 00 00 00 00 00 00 
....H.....=..G@c.EM...@.....d.............Anderson.Thomas...s....`.......................(.2.. F
.............@.......@....~{...................(...1^..............................?....K...q...
?....".........

Client->GAME [08:12:48 07/07/09] packet size: 1 CRYPTED, Flags: 7f ServerSeq: 266 ClientSeq: 465
02 
.

GAME->Client [08:12:48 07/07/09] packet size: 203 CRYPTED, Flags: 7f ServerSeq: 427 ClientSeq: 256
02 03 02 00 03 08 d0 ef d9 47 0e 31 ba 45 9c ab b2 c5 bd af ca 1d ff 01 64 01 00 00 00 00 00 00 
00 00 00 00 00 08 41 6e 64 65 72 73 6f 6e 06 54 68 6f 6d 61 73 ff 04 80 73 1a e9 82 80 60 04 00 
02 8e 00 00 00 01 00 00 00 00 00 00 00 00 00 00 00 00 00 00 ff 28 0a 32 00 f0 20 46 04 00 b7 d0 
ca 1d 00 00 00 00 f5 a5 fa 40 00 00 00 00 fe b7 85 40 00 00 00 e0 7e 7b c7 c0 00 ff 00 00 00 00 
00 f7 00 00 00 e6 00 00 00 00 00 28 0a ff 00 31 5e 00 00 00 00 00 00 00 00 00 00 00 00 00 00 00 
00 ff 00 00 00 00 01 00 00 00 00 00 00 00 80 3f 11 00 00 00 4b b1 00 00 71 02 00 00 3f 00 00 00 
01 22 00 00 00 00 00 00 00 00 00 
.........G.1.E..........d.............Anderson.Thomas...s....`.......................(.2.. F....
.........@.......@....~{...................(...1^..............................?....K...q...?...
.".........

Client->GAME [08:12:48 07/07/09] packet size: 1 CRYPTED, Flags: 7f ServerSeq: 267 ClientSeq: 466
02 
.

GAME->Client [08:12:48 07/07/09] packet size: 203 CRYPTED, Flags: 7f ServerSeq: 428 ClientSeq: 256
02 03 02 00 03 08 63 dd d9 47 9d 91 c5 45 eb a7 b5 c5 3a b0 ca 1d ff 01 64 01 00 00 00 00 00 00 
00 00 00 00 00 08 41 6e 64 65 72 73 6f 6e 06 54 68 6f 6d 61 73 ff 04 80 73 1a e9 82 80 60 04 00 
02 8e 00 00 00 01 00 00 00 00 00 00 00 00 00 00 00 00 00 00 ff 28 0a 32 00 f0 20 46 04 00 b7 d0 
ca 1d 00 00 00 00 f5 a5 fa 40 00 00 00 00 fe b7 85 40 00 00 00 e0 7e 7b c7 c0 00 ff 00 00 00 00 
00 f7 00 00 00 e6 00 00 00 00 00 28 0a ff 00 31 5e 00 00 00 00 00 00 00 00 00 00 00 00 00 00 00 
00 ff 00 00 00 00 01 00 00 00 00 00 00 00 80 3f 11 00 00 00 4b b1 00 00 71 02 00 00 3f 00 00 00 
01 22 00 00 00 00 00 00 00 00 00 
......c..G...E....:.....d.............Anderson.Thomas...s....`.......................(.2.. F....
.........@.......@....~{...................(...1^..............................?....K...q...?...
.".........

Client->GAME [08:12:48 07/07/09] packet size: 1 CRYPTED, Flags: 7f ServerSeq: 268 ClientSeq: 467
02 
.

GAME->Client [08:12:48 07/07/09] packet size: 203 CRYPTED, Flags: 7f ServerSeq: 429 ClientSeq: 258
02 03 02 00 03 08 f5 ca d9 47 ed 84 d0 45 3a a4 b8 c5 b7 b0 ca 1d ff 01 64 01 00 00 00 00 00 00 
00 00 00 00 00 08 41 6e 64 65 72 73 6f 6e 06 54 68 6f 6d 61 73 ff 04 80 73 1a e9 82 80 60 04 00 
02 8e 00 00 00 01 00 00 00 00 00 00 00 00 00 00 00 00 00 00 ff 28 0a 32 00 f0 20 46 04 00 b7 d0 
ca 1d 00 00 00 00 f5 a5 fa 40 00 00 00 00 fe b7 85 40 00 00 00 e0 7e 7b c7 c0 00 ff 00 00 00 00 
00 f7 00 00 00 e6 00 00 00 00 00 28 0a ff 00 31 5e 00 00 00 00 00 00 00 00 00 00 00 00 00 00 00 
00 ff 00 00 00 00 01 00 00 00 00 00 00 00 80 3f 11 00 00 00 4b b1 00 00 71 02 00 00 3f 00 00 00 
01 22 00 00 00 00 00 00 00 00 00 
.........G...E:.........d.............Anderson.Thomas...s....`.......................(.2.. F....
.........@.......@....~{...................(...1^..............................?....K...q...?...
.".........

Client->GAME [08:12:48 07/07/09] packet size: 1 CRYPTED, Flags: 7f ServerSeq: 269 ClientSeq: 468
02 
.

GAME->Client [08:12:49 07/07/09] packet size: 203 CRYPTED, Flags: 7f ServerSeq: 430 ClientSeq: 259
02 03 02 00 03 08 88 b8 d9 47 fe 0a db 45 89 a0 bb c5 34 b1 ca 1d ff 01 64 01 00 00 00 00 00 00 
00 00 00 00 00 08 41 6e 64 65 72 73 6f 6e 06 54 68 6f 6d 61 73 ff 04 80 73 1a e9 82 80 60 04 00 
02 8e 00 00 00 01 00 00 00 00 00 00 00 00 00 00 00 00 00 00 ff 28 0a 32 00 f0 20 46 04 00 b7 d0 
ca 1d 00 00 00 00 f5 a5 fa 40 00 00 00 00 fe b7 85 40 00 00 00 e0 7e 7b c7 c0 00 ff 00 00 00 00 
00 f7 00 00 00 e6 00 00 00 00 00 28 0a ff 00 31 5e 00 00 00 00 00 00 00 00 00 00 00 00 00 00 00 
00 ff 00 00 00 00 01 00 00 00 00 00 00 00 80 3f 11 00 00 00 4b b1 00 00 71 02 00 00 3f 00 00 00 
01 22 00 00 00 00 00 00 00 00 00 
.........G...E....4.....d.............Anderson.Thomas...s....`.......................(.2.. F....
.........@.......@....~{...................(...1^..............................?....K...q...?...
.".........

Client->GAME [08:12:49 07/07/09] packet size: 1 CRYPTED, Flags: 7f ServerSeq: 270 ClientSeq: 469
02 
.

GAME->Client [08:12:49 07/07/09] packet size: 203 CRYPTED, Flags: 7f ServerSeq: 431 ClientSeq: 260
02 03 02 00 03 08 1b a6 d9 47 d0 23 e5 45 d8 9c be c5 b2 b1 ca 1d ff 01 64 01 00 00 00 00 00 00 
00 00 00 00 00 08 41 6e 64 65 72 73 6f 6e 06 54 68 6f 6d 61 73 ff 04 80 73 1a e9 82 80 60 04 00 
02 8e 00 00 00 01 00 00 00 00 00 00 00 00 00 00 00 00 00 00 ff 28 0a 32 00 f0 20 46 04 00 b7 d0 
ca 1d 00 00 00 00 f5 a5 fa 40 00 00 00 00 fe b7 85 40 00 00 00 e0 7e 7b c7 c0 00 ff 00 00 00 00 
00 f7 00 00 00 e6 00 00 00 00 00 28 0a ff 00 31 5e 00 00 00 00 00 00 00 00 00 00 00 00 00 00 00 
00 ff 00 00 00 00 01 00 00 00 00 00 00 00 80 3f 11 00 00 00 4b b1 00 00 71 02 00 00 3f 00 00 00 
01 22 00 00 00 00 00 00 00 00 00 
.........G.#.E..........d.............Anderson.Thomas...s....`.......................(.2.. F....
.........@.......@....~{...................(...1^..............................?....K...q...?...
.".........

Client->GAME [08:12:49 07/07/09] packet size: 1 CRYPTED, Flags: 7f ServerSeq: 271 ClientSeq: 470
02 
.

GAME->Client [08:12:49 07/07/09] packet size: 30 CRYPTED, Flags: 7f ServerSeq: 432 ClientSeq: 260
02 03 02 00 03 08 49 98 d9 47 bc 6e ec 45 13 da c0 c5 2f b2 ca 1d 80 80 80 10 ea 00 00 00 
......I..G.n.E..../...........

GAME->Client [08:12:49 07/07/09] packet size: 203 CRYPTED, Flags: 7f ServerSeq: 433 ClientSeq: 261
02 03 02 00 03 08 dc 85 d9 47 5f c8 f5 45 62 d6 c3 c5 ab b2 ca 1d ff 01 64 01 00 00 00 00 00 00 
00 00 00 00 00 08 41 6e 64 65 72 73 6f 6e 06 54 68 6f 6d 61 73 ff 04 80 73 1a e9 82 80 60 04 00 
02 8e 00 00 00 01 00 00 00 00 00 00 00 00 00 00 00 00 00 00 ff 28 0a 32 00 f0 20 46 04 00 b7 d0 
ca 1d 00 00 00 00 f5 a5 fa 40 00 00 00 00 fe b7 85 40 00 00 00 e0 7e 7b c7 c0 00 ff 00 00 00 00 
00 f7 00 00 00 ea 00 00 00 00 00 28 0a ff 00 31 5e 00 00 00 00 00 00 00 00 00 00 00 00 00 00 00 
00 ff 00 00 00 00 01 00 00 00 00 00 00 00 80 3f 11 00 00 00 4b b1 00 00 71 02 00 00 3f 00 00 00 
01 22 00 00 00 00 00 00 00 00 00 
.........G_..Eb.........d.............Anderson.Thomas...s....`.......................(.2.. F....
.........@.......@....~{...................(...1^..............................?....K...q...?...
.".........

Client->GAME [08:12:49 07/07/09] packet size: 1 CRYPTED, Flags: 7f ServerSeq: 256 ClientSeq: 471
02 
.

Client->GAME [08:12:49 07/07/09] packet size: 1 CRYPTED, Flags: 7f ServerSeq: 257 ClientSeq: 472
02 
.

GAME->Client [08:12:49 07/07/09] packet size: 203 CRYPTED, Flags: 7f ServerSeq: 434 ClientSeq: 262
02 03 02 00 03 08 6f 73 d9 47 c3 b4 fe 45 b0 d2 c6 c5 28 b3 ca 1d ff 01 64 01 00 00 00 00 00 00 
00 00 00 00 00 08 41 6e 64 65 72 73 6f 6e 06 54 68 6f 6d 61 73 ff 04 80 73 1a e9 82 80 60 04 00 
02 8e 00 00 00 01 00 00 00 00 00 00 00 00 00 00 00 00 00 00 ff 28 0a 32 00 f0 20 46 04 00 b7 d0 
ca 1d 00 00 00 00 f5 a5 fa 40 00 00 00 00 fe b7 85 40 00 00 00 e0 7e 7b c7 c0 00 ff 00 00 00 00 
00 f7 00 00 00 ea 00 00 00 00 00 28 0a ff 00 31 5e 00 00 00 00 00 00 00 00 00 00 00 00 00 00 00 
00 ff 00 00 00 00 01 00 00 00 00 00 00 00 80 3f 11 00 00 00 4b b1 00 00 71 02 00 00 3f 00 00 00 
01 22 00 00 00 00 00 00 00 00 00 
......os.G...E....(.....d.............Anderson.Thomas...s....`.......................(.2.. F....
.........@.......@....~{...................(...1^..............................?....K...q...?...
.".........

Client->GAME [08:12:49 07/07/09] packet size: 25 CRYPTED, Flags: 7f ServerSeq: 258 ClientSeq: 473
02 04 01 00 39 01 12 80 c9 07 00 e0 49 00 38 47 47 00 00 20 41 00 c4 86 c7 
....9.......I.8GG.. A....

GAME->Client [08:12:49 07/07/09] packet size: 207 CRYPTED, Flags: 7f ServerSeq: 435 ClientSeq: 263
82 f1 0d f4 48 03 02 00 03 08 01 61 d9 47 f4 99 03 46 ff ce c9 c5 a5 b3 ca 1d ff 01 64 01 00 00 
00 00 00 00 00 00 00 00 00 08 41 6e 64 65 72 73 6f 6e 06 54 68 6f 6d 61 73 ff 04 80 73 1a e9 82 
80 60 04 00 02 8e 00 00 00 01 00 00 00 00 00 00 00 00 00 00 00 00 00 00 ff 28 0a 32 00 f0 20 46 
04 00 b7 d0 ca 1d 00 00 00 00 f5 a5 fa 40 00 00 00 00 fe b7 85 40 00 00 00 e0 7e 7b c7 c0 00 ff 
00 00 00 00 00 f7 00 00 00 ea 00 00 00 00 00 28 0a ff 00 31 5e 00 00 00 00 00 00 00 00 00 00 00 
00 00 00 00 00 ff 00 00 00 00 01 00 00 00 00 00 00 00 80 3f 11 00 00 00 4b b1 00 00 71 02 00 00 
3f 00 00 00 01 22 00 00 00 00 00 00 00 00 00 
....H......a.G...F..........d.............Anderson.Thomas...s....`.......................(.2.. F
.............@.......@....~{...................(...1^..............................?....K...q...
?....".........

Client->GAME [08:12:49 07/07/09] packet size: 1 CRYPTED, Flags: 7f ServerSeq: 259 ClientSeq: 474
02 
.

GAME->Client [08:12:49 07/07/09] packet size: 203 CRYPTED, Flags: 7f ServerSeq: 436 ClientSeq: 264
02 03 02 00 03 08 94 4e d9 47 e7 a2 07 46 4e cb cc c5 22 b4 ca 1d ff 01 64 01 00 00 00 00 00 00 
00 00 00 00 00 08 41 6e 64 65 72 73 6f 6e 06 54 68 6f 6d 61 73 ff 04 80 73 1a e9 82 80 60 04 00 
02 8e 00 00 00 01 00 00 00 00 00 00 00 00 00 00 00 00 00 00 ff 28 0a 32 00 f0 20 46 04 00 b7 d0 
ca 1d 00 00 00 00 f5 a5 fa 40 00 00 00 00 fe b7 85 40 00 00 00 e0 7e 7b c7 c0 00 ff 00 00 00 00 
00 f7 00 00 00 ea 00 00 00 00 00 28 0a ff 00 31 5e 00 00 00 00 00 00 00 00 00 00 00 00 00 00 00 
00 ff 00 00 00 00 01 00 00 00 00 00 00 00 80 3f 11 00 00 00 4b b1 00 00 71 02 00 00 3f 00 00 00 
01 22 00 00 00 00 00 00 00 00 00 
.......N.G...FN...".....d.............Anderson.Thomas...s....`.......................(.2.. F....
.........@.......@....~{...................(...1^..............................?....K...q...?...
.".........

Client->GAME [08:12:49 07/07/09] packet size: 1 CRYPTED, Flags: 7f ServerSeq: 260 ClientSeq: 475
02 
.

GAME->Client [08:12:49 07/07/09] packet size: 203 CRYPTED, Flags: 7f ServerSeq: 437 ClientSeq: 266
02 03 02 00 03 08 27 3c d9 47 3a 75 0b 46 9d c7 cf c5 9f b4 ca 1d ff 01 64 01 00 00 00 00 00 00 
00 00 00 00 00 08 41 6e 64 65 72 73 6f 6e 06 54 68 6f 6d 61 73 ff 04 80 73 1a e9 82 80 60 04 00 
02 8e 00 00 00 01 00 00 00 00 00 00 00 00 00 00 00 00 00 00 ff 28 0a 32 00 f0 20 46 04 00 b7 d0 
ca 1d 00 00 00 00 f5 a5 fa 40 00 00 00 00 fe b7 85 40 00 00 00 e0 7e 7b c7 c0 00 ff 00 00 00 00 
00 f7 00 00 00 ea 00 00 00 00 00 28 0a ff 00 31 5e 00 00 00 00 00 00 00 00 00 00 00 00 00 00 00 
00 ff 00 00 00 00 01 00 00 00 00 00 00 00 80 3f 11 00 00 00 4b b1 00 00 71 02 00 00 3f 00 00 00 
01 22 00 00 00 00 00 00 00 00 00 
......'<.G:u.F..........d.............Anderson.Thomas...s....`.......................(.2.. F....
.........@.......@....~{...................(...1^..............................?....K...q...?...
.".........

Client->GAME [08:12:49 07/07/09] packet size: 1 CRYPTED, Flags: 7f ServerSeq: 261 ClientSeq: 476
02 
.

GAME->Client [08:12:50 07/07/09] packet size: 203 CRYPTED, Flags: 7f ServerSeq: 438 ClientSeq: 266
02 03 02 00 03 08 ba 29 d9 47 ee 10 0f 46 ec c3 d2 c5 1d b5 ca 1d ff 01 64 01 00 00 00 00 00 00 
00 00 00 00 00 08 41 6e 64 65 72 73 6f 6e 06 54 68 6f 6d 61 73 ff 04 80 73 1a e9 82 80 60 04 00 
02 8e 00 00 00 01 00 00 00 00 00 00 00 00 00 00 00 00 00 00 ff 28 0a 32 00 f0 20 46 04 00 b7 d0 
ca 1d 00 00 00 00 f5 a5 fa 40 00 00 00 00 fe b7 85 40 00 00 00 e0 7e 7b c7 c0 00 ff 00 00 00 00 
00 f7 00 00 00 ea 00 00 00 00 00 28 0a ff 00 31 5e 00 00 00 00 00 00 00 00 00 00 00 00 00 00 00 
00 ff 00 00 00 00 01 00 00 00 00 00 00 00 80 3f 11 00 00 00 4b b1 00 00 71 02 00 00 3f 00 00 00 
01 22 00 00 00 00 00 00 00 00 00 
.......).G...F..........d.............Anderson.Thomas...s....`.......................(.2.. F....
.........@.......@....~{...................(...1^..............................?....K...q...?...
.".........

Client->GAME [08:12:50 07/07/09] packet size: 1 CRYPTED, Flags: 7f ServerSeq: 262 ClientSeq: 477
02 
.

GAME->Client [08:12:50 07/07/09] packet size: 203 CRYPTED, Flags: 7f ServerSeq: 439 ClientSeq: 268
02 03 02 00 03 08 4d 17 d9 47 02 76 12 46 3a c0 d5 c5 99 b5 ca 1d ff 01 64 01 00 00 00 00 00 00 
00 00 00 00 00 08 41 6e 64 65 72 73 6f 6e 06 54 68 6f 6d 61 73 ff 04 80 73 1a e9 82 80 60 04 00 
02 8e 00 00 00 01 00 00 00 00 00 00 00 00 00 00 00 00 00 00 ff 28 0a 32 00 f0 20 46 04 00 b7 d0 
ca 1d 00 00 00 00 f5 a5 fa 40 00 00 00 00 fe b7 85 40 00 00 00 e0 7e 7b c7 c0 00 ff 00 00 00 00 
00 f7 00 00 00 ea 00 00 00 00 00 28 0a ff 00 31 5e 00 00 00 00 00 00 00 00 00 00 00 00 00 00 00 
00 ff 00 00 00 00 01 00 00 00 00 00 00 00 80 3f 11 00 00 00 4b b1 00 00 71 02 00 00 3f 00 00 00 
01 22 00 00 00 00 00 00 00 00 00 
......M..G.v.F:.........d.............Anderson.Thomas...s....`.......................(.2.. F....
.........@.......@....~{...................(...1^..............................?....K...q...?...
.".........

Client->GAME [08:12:50 07/07/09] packet size: 1 CRYPTED, Flags: 7f ServerSeq: 263 ClientSeq: 478
02 
.

GAME->Client [08:12:50 07/07/09] packet size: 30 CRYPTED, Flags: 7f ServerSeq: 440 ClientSeq: 268
02 03 02 00 03 08 df 04 d9 47 77 a4 15 46 8a bc d8 c5 16 b6 ca 1d 80 80 80 10 ee 00 00 00 
.........Gw..F................

Client->GAME [08:12:50 07/07/09] packet size: 1 CRYPTED, Flags: 7f ServerSeq: 264 ClientSeq: 479
02 
.

GAME->Client [08:12:50 07/07/09] packet size: 203 CRYPTED, Flags: 7f ServerSeq: 441 ClientSeq: 270
02 03 02 00 03 08 72 f2 d8 47 4c 9c 18 46 d8 b8 db c5 93 b6 ca 1d ff 01 64 01 00 00 00 00 00 00 
00 00 00 00 00 08 41 6e 64 65 72 73 6f 6e 06 54 68 6f 6d 61 73 ff 04 80 73 1a e9 82 80 60 04 00 
02 8e 00 00 00 01 00 00 00 00 00 00 00 00 00 00 00 00 00 00 ff 28 0a 32 00 f0 20 46 04 00 b7 d0 
ca 1d 00 00 00 00 f5 a5 fa 40 00 00 00 00 fe b7 85 40 00 00 00 e0 7e 7b c7 c0 00 ff 00 00 00 00 
00 f7 00 00 00 ee 00 00 00 00 00 28 0a ff 00 31 5e 00 00 00 00 00 00 00 00 00 00 00 00 00 00 00 
00 ff 00 00 00 00 01 00 00 00 00 00 00 00 80 3f 11 00 00 00 4b b1 00 00 71 02 00 00 3f 00 00 00 
01 22 00 00 00 00 00 00 00 00 00 
......r..GL..F..........d.............Anderson.Thomas...s....`.......................(.2.. F....
.........@.......@....~{...................(...1^..............................?....K...q...?...
.".........

Client->GAME [08:12:50 07/07/09] packet size: 1 CRYPTED, Flags: 7f ServerSeq: 265 ClientSeq: 480
02 
.

GAME->Client [08:12:50 07/07/09] packet size: 203 CRYPTED, Flags: 7f ServerSeq: 442 ClientSeq: 271
02 03 02 00 03 08 a0 e4 d8 47 53 b2 1a 46 14 f6 dd c5 10 b7 ca 1d ff 01 64 01 00 00 00 00 00 00 
00 00 00 00 00 08 41 6e 64 65 72 73 6f 6e 06 54 68 6f 6d 61 73 ff 04 80 73 1a e9 82 80 60 04 00 
02 8e 00 00 00 01 00 00 00 00 00 00 00 00 00 00 00 00 00 00 ff 28 0a 32 00 f0 20 46 04 00 b7 d0 
ca 1d 00 00 00 00 f5 a5 fa 40 00 00 00 00 fe b7 85 40 00 00 00 e0 7e 7b c7 c0 00 ff 00 00 00 00 
00 f7 00 00 00 ee 00 00 00 00 00 28 0a ff 00 31 5e 00 00 00 00 00 00 00 00 00 00 00 00 00 00 00 
00 ff 00 00 00 00 01 00 00 00 00 00 00 00 80 3f 11 00 00 00 4b b1 00 00 71 02 00 00 3f 00 00 00 
01 22 00 00 00 00 00 00 00 00 00 
.........GS..F..........d.............Anderson.Thomas...s....`.......................(.2.. F....
.........@.......@....~{...................(...1^..............................?....K...q...?...
.".........

Client->GAME [08:12:50 07/07/09] packet size: 1 CRYPTED, Flags: 7f ServerSeq: 266 ClientSeq: 481
02 
.

GAME->Client [08:12:50 07/07/09] packet size: 203 CRYPTED, Flags: 7f ServerSeq: 443 ClientSeq: 256
02 03 02 00 03 08 33 d2 d8 47 91 4a 1d 46 62 f2 e0 c5 8e b7 ca 1d ff 01 64 01 00 00 00 00 00 00 
00 00 00 00 00 08 41 6e 64 65 72 73 6f 6e 06 54 68 6f 6d 61 73 ff 04 80 73 1a e9 82 80 60 04 00 
02 8e 00 00 00 01 00 00 00 00 00 00 00 00 00 00 00 00 00 00 ff 28 0a 32 00 f0 20 46 04 00 b7 d0 
ca 1d 00 00 00 00 f5 a5 fa 40 00 00 00 00 fe b7 85 40 00 00 00 e0 7e 7b c7 c0 00 ff 00 00 00 00 
00 f7 00 00 00 ee 00 00 00 00 00 28 0a ff 00 31 5e 00 00 00 00 00 00 00 00 00 00 00 00 00 00 00 
00 ff 00 00 00 00 01 00 00 00 00 00 00 00 80 3f 11 00 00 00 4b b1 00 00 71 02 00 00 3f 00 00 00 
01 22 00 00 00 00 00 00 00 00 00 
......3..G.J.Fb.........d.............Anderson.Thomas...s....`.......................(.2.. F....
.........@.......@....~{...................(...1^..............................?....K...q...?...
.".........

Client->GAME [08:12:50 07/07/09] packet size: 1 CRYPTED, Flags: 7f ServerSeq: 267 ClientSeq: 482
02 
.

GAME->Client [08:12:50 07/07/09] packet size: 207 CRYPTED, Flags: 7f ServerSeq: 444 ClientSeq: 257
82 15 0e f4 48 03 02 00 03 08 c6 bf d8 47 2f ac 1f 46 b1 ee e3 c5 0a b8 ca 1d ff 01 64 01 00 00 
00 00 00 00 00 00 00 00 00 08 41 6e 64 65 72 73 6f 6e 06 54 68 6f 6d 61 73 ff 04 80 73 1a e9 82 
80 60 04 00 02 8e 00 00 00 01 00 00 00 00 00 00 00 00 00 00 00 00 00 00 ff 28 0a 32 00 f0 20 46 
04 00 b7 d0 ca 1d 00 00 00 00 f5 a5 fa 40 00 00 00 00 fe b7 85 40 00 00 00 e0 7e 7b c7 c0 00 ff 
00 00 00 00 00 f7 00 00 00 ee 00 00 00 00 00 28 0a ff 00 31 5e 00 00 00 00 00 00 00 00 00 00 00 
00 00 00 00 00 ff 00 00 00 00 01 00 00 00 00 00 00 00 80 3f 11 00 00 00 4b b1 00 00 71 02 00 00 
3f 00 00 00 01 22 00 00 00 00 00 00 00 00 00 
....H........G/..F..........d.............Anderson.Thomas...s....`.......................(.2.. F
.............@.......@....~{...................(...1^..............................?....K...q...
?....".........

Client->GAME [08:12:50 07/07/09] packet size: 1 CRYPTED, Flags: 7f ServerSeq: 268 ClientSeq: 483
02 
.

GAME->Client [08:12:50 07/07/09] packet size: 203 CRYPTED, Flags: 7f ServerSeq: 445 ClientSeq: 258
02 03 02 00 03 08 59 ad d8 47 2e d7 21 46 00 eb e6 c5 88 b8 ca 1d ff 01 64 01 00 00 00 00 00 00 
00 00 00 00 00 08 41 6e 64 65 72 73 6f 6e 06 54 68 6f 6d 61 73 ff 04 80 73 1a e9 82 80 60 04 00 
02 8e 00 00 00 01 00 00 00 00 00 00 00 00 00 00 00 00 00 00 ff 28 0a 32 00 f0 20 46 04 00 b7 d0 
ca 1d 00 00 00 00 f5 a5 fa 40 00 00 00 00 fe b7 85 40 00 00 00 e0 7e 7b c7 c0 00 ff 00 00 00 00 
00 f7 00 00 00 ee 00 00 00 00 00 28 0a ff 00 31 5e 00 00 00 00 00 00 00 00 00 00 00 00 00 00 00 
00 ff 00 00 00 00 01 00 00 00 00 00 00 00 80 3f 11 00 00 00 4b b1 00 00 71 02 00 00 3f 00 00 00 
01 22 00 00 00 00 00 00 00 00 00 
......Y..G..!F..........d.............Anderson.Thomas...s....`.......................(.2.. F....
.........@.......@....~{...................(...1^..............................?....K...q...?...
.".........

Client->GAME [08:12:50 07/07/09] packet size: 1 CRYPTED, Flags: 7f ServerSeq: 269 ClientSeq: 484
02 
.

GAME->Client [08:12:50 07/07/09] packet size: 203 CRYPTED, Flags: 7f ServerSeq: 446 ClientSeq: 259
02 03 02 00 03 08 eb 9a d8 47 8d cb 23 46 4e e7 e9 c5 04 b9 ca 1d ff 01 64 01 00 00 00 00 00 00 
00 00 00 00 00 08 41 6e 64 65 72 73 6f 6e 06 54 68 6f 6d 61 73 ff 04 80 73 1a e9 82 80 60 04 00 
02 8e 00 00 00 01 00 00 00 00 00 00 00 00 00 00 00 00 00 00 ff 28 0a 32 00 f0 20 46 04 00 b7 d0 
ca 1d 00 00 00 00 f5 a5 fa 40 00 00 00 00 fe b7 85 40 00 00 00 e0 7e 7b c7 c0 00 ff 00 00 00 00 
00 f7 00 00 00 ee 00 00 00 00 00 28 0a ff 00 31 5e 00 00 00 00 00 00 00 00 00 00 00 00 00 00 00 
00 ff 00 00 00 00 01 00 00 00 00 00 00 00 80 3f 11 00 00 00 4b b1 00 00 71 02 00 00 3f 00 00 00 
01 22 00 00 00 00 00 00 00 00 00 
.........G..#FN.........d.............Anderson.Thomas...s....`.......................(.2.. F....
.........@.......@....~{...................(...1^..............................?....K...q...?...
.".........

Client->GAME [08:12:51 07/07/09] packet size: 1 CRYPTED, Flags: 7f ServerSeq: 270 ClientSeq: 485
02 
.

GAME->Client [08:12:51 07/07/09] packet size: 203 CRYPTED, Flags: 7f ServerSeq: 447 ClientSeq: 260
02 03 02 00 03 08 7e 88 d8 47 4d 89 25 46 9e e3 ec c5 81 b9 ca 1d ff 01 64 01 00 00 00 00 00 00 
00 00 00 00 00 08 41 6e 64 65 72 73 6f 6e 06 54 68 6f 6d 61 73 ff 04 80 73 1a e9 82 80 60 04 00 
02 8e 00 00 00 01 00 00 00 00 00 00 00 00 00 00 00 00 00 00 ff 28 0a 32 00 f0 20 46 04 00 b7 d0 
ca 1d 00 00 00 00 f5 a5 fa 40 00 00 00 00 fe b7 85 40 00 00 00 e0 7e 7b c7 c0 00 ff 00 00 00 00 
00 f7 00 00 00 ee 00 00 00 00 00 28 0a ff 00 31 5e 00 00 00 00 00 00 00 00 00 00 00 00 00 00 00 
00 ff 00 00 00 00 01 00 00 00 00 00 00 00 80 3f 11 00 00 00 4b b1 00 00 71 02 00 00 3f 00 00 00 
01 22 00 00 00 00 00 00 00 00 00 
......~..GM.%F..........d.............Anderson.Thomas...s....`.......................(.2.. F....
.........@.......@....~{...................(...1^..............................?....K...q...?...
.".........

Client->GAME [08:12:51 07/07/09] packet size: 1 CRYPTED, Flags: 7f ServerSeq: 271 ClientSeq: 486
02 
.

GAME->Client [08:12:51 07/07/09] packet size: 30 CRYPTED, Flags: 7f ServerSeq: 448 ClientSeq: 261
02 03 02 00 03 08 11 76 d8 47 6d 10 27 46 ec df ef c5 fe b9 ca 1d 80 80 80 10 f2 00 00 00 
.......v.Gm.'F................

Client->GAME [08:12:51 07/07/09] packet size: 1 CRYPTED, Flags: 7f ServerSeq: 256 ClientSeq: 487
02 
.

GAME->Client [08:12:51 07/07/09] packet size: 203 CRYPTED, Flags: 7f ServerSeq: 449 ClientSeq: 262
02 03 02 00 03 08 a4 63 d8 47 ed 60 28 46 3c dc f2 c5 7b ba ca 1d ff 01 64 01 00 00 00 00 00 00 
00 00 00 00 00 08 41 6e 64 65 72 73 6f 6e 06 54 68 6f 6d 61 73 ff 04 80 73 1a e9 82 80 60 04 00 
02 8e 00 00 00 01 00 00 00 00 00 00 00 00 00 00 00 00 00 00 ff 28 0a 32 00 f0 20 46 04 00 b7 d0 
ca 1d 00 00 00 00 f5 a5 fa 40 00 00 00 00 fe b7 85 40 00 00 00 e0 7e 7b c7 c0 00 ff 00 00 00 00 
00 f7 00 00 00 f2 00 00 00 00 00 28 0a ff 00 31 5e 00 00 00 00 00 00 00 00 00 00 00 00 00 00 00 
00 ff 00 00 00 00 01 00 00 00 00 00 00 00 80 3f 11 00 00 00 4b b1 00 00 71 02 00 00 3f 00 00 00 
01 22 00 00 00 00 00 00 00 00 00 
.......c.G.`(F<...{.....d.............Anderson.Thomas...s....`.......................(.2.. F....
.........@.......@....~{...................(...1^..............................?....K...q...?...
.".........

Client->GAME [08:12:51 07/07/09] packet size: 1 CRYPTED, Flags: 7f ServerSeq: 257 ClientSeq: 488
02 
.

GAME->Client [08:12:51 07/07/09] packet size: 203 CRYPTED, Flags: 7f ServerSeq: 450 ClientSeq: 263
02 03 02 00 03 08 37 51 d8 47 ce 7a 29 46 8a d8 f5 c5 f8 ba ca 1d ff 01 64 01 00 00 00 00 00 00 
00 00 00 00 00 08 41 6e 64 65 72 73 6f 6e 06 54 68 6f 6d 61 73 ff 04 80 73 1a e9 82 80 60 04 00 
02 8e 00 00 00 01 00 00 00 00 00 00 00 00 00 00 00 00 00 00 ff 28 0a 32 00 f0 20 46 04 00 b7 d0 
ca 1d 00 00 00 00 f5 a5 fa 40 00 00 00 00 fe b7 85 40 00 00 00 e0 7e 7b c7 c0 00 ff 00 00 00 00 
00 f7 00 00 00 f2 00 00 00 00 00 28 0a ff 00 31 5e 00 00 00 00 00 00 00 00 00 00 00 00 00 00 00 
00 ff 00 00 00 00 01 00 00 00 00 00 00 00 80 3f 11 00 00 00 4b b1 00 00 71 02 00 00 3f 00 00 00 
01 22 00 00 00 00 00 00 00 00 00 
......7Q.G.z)F..........d.............Anderson.Thomas...s....`.......................(.2.. F....
.........@.......@....~{...................(...1^..............................?....K...q...?...
.".........

Client->GAME [08:12:51 07/07/09] packet size: 1 CRYPTED, Flags: 7f ServerSeq: 258 ClientSeq: 489
02 
.

GAME->Client [08:12:51 07/07/09] packet size: 203 CRYPTED, Flags: 7f ServerSeq: 451 ClientSeq: 264
02 03 02 00 03 08 c9 3e d8 47 10 5e 2a 46 da d4 f8 c5 75 bb ca 1d ff 01 64 01 00 00 00 00 00 00 
00 00 00 00 00 08 41 6e 64 65 72 73 6f 6e 06 54 68 6f 6d 61 73 ff 04 80 73 1a e9 82 80 60 04 00 
02 8e 00 00 00 01 00 00 00 00 00 00 00 00 00 00 00 00 00 00 ff 28 0a 32 00 f0 20 46 04 00 b7 d0 
ca 1d 00 00 00 00 f5 a5 fa 40 00 00 00 00 fe b7 85 40 00 00 00 e0 7e 7b c7 c0 00 ff 00 00 00 00 
00 f7 00 00 00 f2 00 00 00 00 00 28 0a ff 00 31 5e 00 00 00 00 00 00 00 00 00 00 00 00 00 00 00 
00 ff 00 00 00 00 01 00 00 00 00 00 00 00 80 3f 11 00 00 00 4b b1 00 00 71 02 00 00 3f 00 00 00 
01 22 00 00 00 00 00 00 00 00 00 
.......>.G.^*F....u.....d.............Anderson.Thomas...s....`.......................(.2.. F....
.........@.......@....~{...................(...1^..............................?....K...q...?...
.".........

Client->GAME [08:12:51 07/07/09] packet size: 1 CRYPTED, Flags: 7f ServerSeq: 259 ClientSeq: 490
02 
.

GAME->Client [08:12:51 07/07/09] packet size: 203 CRYPTED, Flags: 7f ServerSeq: 452 ClientSeq: 265
02 03 02 00 03 08 5c 2c d8 47 b1 0a 2b 46 28 d1 fb c5 f3 bb ca 1d ff 01 64 01 00 00 00 00 00 00 
00 00 00 00 00 08 41 6e 64 65 72 73 6f 6e 06 54 68 6f 6d 61 73 ff 04 80 73 1a e9 82 80 60 04 00 
02 8e 00 00 00 01 00 00 00 00 00 00 00 00 00 00 00 00 00 00 ff 28 0a 32 00 f0 20 46 04 00 b7 d0 
ca 1d 00 00 00 00 f5 a5 fa 40 00 00 00 00 fe b7 85 40 00 00 00 e0 7e 7b c7 c0 00 ff 00 00 00 00 
00 f7 00 00 00 f2 00 00 00 00 00 28 0a ff 00 31 5e 00 00 00 00 00 00 00 00 00 00 00 00 00 00 00 
00 ff 00 00 00 00 01 00 00 00 00 00 00 00 80 3f 11 00 00 00 4b b1 00 00 71 02 00 00 3f 00 00 00 
01 22 00 00 00 00 00 00 00 00 00 
......\,.G..+F(.........d.............Anderson.Thomas...s....`.......................(.2.. F....
.........@.......@....~{...................(...1^..............................?....K...q...?...
.".........

Client->GAME [08:12:51 07/07/09] packet size: 1 CRYPTED, Flags: 7f ServerSeq: 260 ClientSeq: 491
02 
.

GAME->Client [08:12:51 07/07/09] packet size: 207 CRYPTED, Flags: 7f ServerSeq: 453 ClientSeq: 266
82 39 0e f4 48 03 02 00 03 08 8a 1e d8 47 52 68 2b 46 63 0e fe c5 6f bc ca 1d ff 01 64 01 00 00 
00 00 00 00 00 00 00 00 00 08 41 6e 64 65 72 73 6f 6e 06 54 68 6f 6d 61 73 ff 04 80 73 1a e9 82 
80 60 04 00 02 8e 00 00 00 01 00 00 00 00 00 00 00 00 00 00 00 00 00 00 ff 28 0a 32 00 f0 20 46 
04 00 b7 d0 ca 1d 00 00 00 00 f5 a5 fa 40 00 00 00 00 fe b7 85 40 00 00 00 e0 7e 7b c7 c0 00 ff 
00 00 00 00 00 f7 00 00 00 f2 00 00 00 00 00 28 0a ff 00 31 5e 00 00 00 00 00 00 00 00 00 00 00 
00 00 00 00 00 ff 00 00 00 00 01 00 00 00 00 00 00 00 80 3f 11 00 00 00 4b b1 00 00 71 02 00 00 
3f 00 00 00 01 22 00 00 00 00 00 00 00 00 00 
.9..H........GRh+Fc...o.....d.............Anderson.Thomas...s....`.......................(.2.. F
.............@.......@....~{...................(...1^..............................?....K...q...
?....".........

Client->GAME [08:12:51 07/07/09] packet size: 1 CRYPTED, Flags: 7f ServerSeq: 261 ClientSeq: 492
02 
.

GAME->Client [08:12:51 07/07/09] packet size: 203 CRYPTED, Flags: 7f ServerSeq: 454 ClientSeq: 267
02 03 02 00 03 08 1d 0c d8 47 5d b5 2b 46 59 85 00 c6 ec bc ca 1d ff 01 64 01 00 00 00 00 00 00 
00 00 00 00 00 08 41 6e 64 65 72 73 6f 6e 06 54 68 6f 6d 61 73 ff 04 80 73 1a e9 82 80 60 04 00 
02 8e 00 00 00 01 00 00 00 00 00 00 00 00 00 00 00 00 00 00 ff 28 0a 32 00 f0 20 46 04 00 b7 d0 
ca 1d 00 00 00 00 f5 a5 fa 40 00 00 00 00 fe b7 85 40 00 00 00 e0 7e 7b c7 c0 00 ff 00 00 00 00 
00 f7 00 00 00 f2 00 00 00 00 00 28 0a ff 00 31 5e 00 00 00 00 00 00 00 00 00 00 00 00 00 00 00 
00 ff 00 00 00 00 01 00 00 00 00 00 00 00 80 3f 11 00 00 00 4b b1 00 00 71 02 00 00 3f 00 00 00 
01 22 00 00 00 00 00 00 00 00 00 
.........G].+FY.........d.............Anderson.Thomas...s....`.......................(.2.. F....
.........@.......@....~{...................(...1^..............................?....K...q...?...
.".........

Client->GAME [08:12:51 07/07/09] packet size: 1 CRYPTED, Flags: 7f ServerSeq: 262 ClientSeq: 493
02 
.

GAME->Client [08:12:52 07/07/09] packet size: 203 CRYPTED, Flags: 7f ServerSeq: 455 ClientSeq: 268
02 03 02 00 03 08 b0 f9 d7 47 c8 cb 2b 46 80 03 02 c6 69 bd ca 1d ff 01 64 01 00 00 00 00 00 00 
00 00 00 00 00 08 41 6e 64 65 72 73 6f 6e 06 54 68 6f 6d 61 73 ff 04 80 73 1a e9 82 80 60 04 00 
02 8e 00 00 00 01 00 00 00 00 00 00 00 00 00 00 00 00 00 00 ff 28 0a 32 00 f0 20 46 04 00 b7 d0 
ca 1d 00 00 00 00 f5 a5 fa 40 00 00 00 00 fe b7 85 40 00 00 00 e0 7e 7b c7 c0 00 ff 00 00 00 00 
00 f7 00 00 00 f2 00 00 00 00 00 28 0a ff 00 31 5e 00 00 00 00 00 00 00 00 00 00 00 00 00 00 00 
00 ff 00 00 00 00 01 00 00 00 00 00 00 00 80 3f 11 00 00 00 4b b1 00 00 71 02 00 00 3f 00 00 00 
01 22 00 00 00 00 00 00 00 00 00 
.........G..+F....i.....d.............Anderson.Thomas...s....`.......................(.2.. F....
.........@.......@....~{...................(...1^..............................?....K...q...?...
.".........

Client->GAME [08:12:52 07/07/09] packet size: 1 CRYPTED, Flags: 7f ServerSeq: 263 ClientSeq: 494
02 
.

GAME->Client [08:12:52 07/07/09] packet size: 203 CRYPTED, Flags: 7f ServerSeq: 456 ClientSeq: 269
02 03 02 00 03 08 43 e7 d7 47 93 ab 2b 46 a8 81 03 c6 e6 bd ca 1d ff 01 64 01 00 00 00 00 00 00 
00 00 00 00 00 08 41 6e 64 65 72 73 6f 6e 06 54 68 6f 6d 61 73 ff 04 80 73 1a e9 82 80 60 04 00 
02 8e 00 00 00 01 00 00 00 00 00 00 00 00 00 00 00 00 00 00 ff 28 0a 32 00 f0 20 46 04 00 b7 d0 
ca 1d 00 00 00 00 f5 a5 fa 40 00 00 00 00 fe b7 85 40 00 00 00 e0 7e 7b c7 c0 00 ff 00 00 00 00 
00 f7 00 00 00 f2 00 00 00 00 00 28 0a ff 00 31 5e 00 00 00 00 00 00 00 00 00 00 00 00 00 00 00 
00 ff 00 00 00 00 01 00 00 00 00 00 00 00 80 3f 11 00 00 00 4b b1 00 00 71 02 00 00 3f 00 00 00 
01 22 00 00 00 00 00 00 00 00 00 
......C..G..+F..........d.............Anderson.Thomas...s....`.......................(.2.. F....
.........@.......@....~{...................(...1^..............................?....K...q...?...
.".........

Client->GAME [08:12:52 07/07/09] packet size: 25 CRYPTED, Flags: 7f ServerSeq: 264 ClientSeq: 495
02 04 01 00 3a 01 12 80 c9 ae 04 50 16 80 d9 d7 47 00 c0 2d 44 00 72 92 c6 
....:......P....G..-D.r..

GAME->Client [08:12:52 07/07/09] packet size: 30 CRYPTED, Flags: 7f ServerSeq: 457 ClientSeq: 270
02 03 02 00 03 08 d5 d4 d7 47 bf 54 2b 46 cf ff 04 c6 63 be ca 1d 80 80 80 10 f5 00 00 00 
.........G.T+F....c...........

Client->GAME [08:12:52 07/07/09] packet size: 1 CRYPTED, Flags: 7f ServerSeq: 265 ClientSeq: 496
02 
.

GAME->Client [08:12:52 07/07/09] packet size: 203 CRYPTED, Flags: 7f ServerSeq: 458 ClientSeq: 270
02 03 02 00 03 08 68 c2 d7 47 4b c7 2a 46 f6 7d 06 c6 e0 be ca 1d ff 01 64 01 00 00 00 00 00 00 
00 00 00 00 00 08 41 6e 64 65 72 73 6f 6e 06 54 68 6f 6d 61 73 ff 04 80 73 1a e9 82 80 60 04 00 
02 8e 00 00 00 01 00 00 00 00 00 00 00 00 00 00 00 00 00 00 ff 28 0a 32 00 f0 20 46 04 00 b7 d0 
ca 1d 00 00 00 00 f5 a5 fa 40 00 00 00 00 fe b7 85 40 00 00 00 e0 7e 7b c7 c0 00 ff 00 00 00 00 
00 f7 00 00 00 f5 00 00 00 00 00 28 0a ff 00 31 5e 00 00 00 00 00 00 00 00 00 00 00 00 00 00 00 
00 ff 00 00 00 00 01 00 00 00 00 00 00 00 80 3f 11 00 00 00 4b b1 00 00 71 02 00 00 3f 00 00 00 
01 22 00 00 00 00 00 00 00 00 00 
......h..GK.*F.}........d.............Anderson.Thomas...s....`.......................(.2.. F....
.........@.......@....~{...................(...1^..............................?....K...q...?...
.".........

Client->GAME [08:12:52 07/07/09] packet size: 1 CRYPTED, Flags: 7f ServerSeq: 266 ClientSeq: 497
02 
.

GAME->Client [08:12:52 07/07/09] packet size: 203 CRYPTED, Flags: 7f ServerSeq: 459 ClientSeq: 256
02 03 02 00 03 08 fb af d7 47 38 03 2a 46 1e fc 07 c6 5e bf ca 1d ff 01 64 01 00 00 00 00 00 00 
00 00 00 00 00 08 41 6e 64 65 72 73 6f 6e 06 54 68 6f 6d 61 73 ff 04 80 73 1a e9 82 80 60 04 00 
02 8e 00 00 00 01 00 00 00 00 00 00 00 00 00 00 00 00 00 00 ff 28 0a 32 00 f0 20 46 04 00 b7 d0 
ca 1d 00 00 00 00 f5 a5 fa 40 00 00 00 00 fe b7 85 40 00 00 00 e0 7e 7b c7 c0 00 ff 00 00 00 00 
00 f7 00 00 00 f5 00 00 00 00 00 28 0a ff 00 31 5e 00 00 00 00 00 00 00 00 00 00 00 00 00 00 00 
00 ff 00 00 00 00 01 00 00 00 00 00 00 00 80 3f 11 00 00 00 4b b1 00 00 71 02 00 00 3f 00 00 00 
01 22 00 00 00 00 00 00 00 00 00 
.........G8.*F....^.....d.............Anderson.Thomas...s....`.......................(.2.. F....
.........@.......@....~{...................(...1^..............................?....K...q...?...
.".........

Client->GAME [08:12:52 07/07/09] packet size: 1 CRYPTED, Flags: 7f ServerSeq: 267 ClientSeq: 498
02 
.

GAME->Client [08:12:52 07/07/09] packet size: 203 CRYPTED, Flags: 7f ServerSeq: 460 ClientSeq: 257
02 03 02 00 03 08 8e 9d d7 47 85 08 29 46 46 7a 09 c6 da bf ca 1d ff 01 64 01 00 00 00 00 00 00 
00 00 00 00 00 08 41 6e 64 65 72 73 6f 6e 06 54 68 6f 6d 61 73 ff 04 80 73 1a e9 82 80 60 04 00 
02 8e 00 00 00 01 00 00 00 00 00 00 00 00 00 00 00 00 00 00 ff 28 0a 32 00 f0 20 46 04 00 b7 d0 
ca 1d 00 00 00 00 f5 a5 fa 40 00 00 00 00 fe b7 85 40 00 00 00 e0 7e 7b c7 c0 00 ff 00 00 00 00 
00 f7 00 00 00 f5 00 00 00 00 00 28 0a ff 00 31 5e 00 00 00 00 00 00 00 00 00 00 00 00 00 00 00 
00 ff 00 00 00 00 01 00 00 00 00 00 00 00 80 3f 11 00 00 00 4b b1 00 00 71 02 00 00 3f 00 00 00 
01 22 00 00 00 00 00 00 00 00 00 
.........G..)FFz........d.............Anderson.Thomas...s....`.......................(.2.. F....
.........@.......@....~{...................(...1^..............................?....K...q...?...
.".........

Client->GAME [08:12:52 07/07/09] packet size: 1 CRYPTED, Flags: 7f ServerSeq: 268 ClientSeq: 499
02 
.

GAME->Client [08:12:52 07/07/09] packet size: 203 CRYPTED, Flags: 7f ServerSeq: 461 ClientSeq: 258
02 03 02 00 03 08 21 8b d7 47 33 d7 27 46 6c f8 0a c6 57 c0 ca 1d ff 01 64 01 00 00 00 00 00 00 
00 00 00 00 00 08 41 6e 64 65 72 73 6f 6e 06 54 68 6f 6d 61 73 ff 04 80 73 1a e9 82 80 60 04 00 
02 8e 00 00 00 01 00 00 00 00 00 00 00 00 00 00 00 00 00 00 ff 28 0a 32 00 f0 20 46 04 00 b7 d0 
ca 1d 00 00 00 00 f5 a5 fa 40 00 00 00 00 fe b7 85 40 00 00 00 e0 7e 7b c7 c0 00 ff 00 00 00 00 
00 f7 00 00 00 f5 00 00 00 00 00 28 0a ff 00 31 5e 00 00 00 00 00 00 00 00 00 00 00 00 00 00 00 
00 ff 00 00 00 00 01 00 00 00 00 00 00 00 80 3f 11 00 00 00 4b b1 00 00 71 02 00 00 3f 00 00 00 
01 22 00 00 00 00 00 00 00 00 00 
......!..G3.'Fl...W.....d.............Anderson.Thomas...s....`.......................(.2.. F....
.........@.......@....~{...................(...1^..............................?....K...q...?...
.".........

Client->GAME [08:12:52 07/07/09] packet size: 1 CRYPTED, Flags: 7f ServerSeq: 269 ClientSeq: 500
02 
.

GAME->Client [08:12:52 07/07/09] packet size: 207 CRYPTED, Flags: 7f ServerSeq: 462 ClientSeq: 259
82 5d 0e f4 48 03 02 00 03 08 b3 78 d7 47 41 6f 26 46 94 76 0c c6 d4 c0 ca 1d ff 01 64 01 00 00 
00 00 00 00 00 00 00 00 00 08 41 6e 64 65 72 73 6f 6e 06 54 68 6f 6d 61 73 ff 04 80 73 1a e9 82 
80 60 04 00 02 8e 00 00 00 01 00 00 00 00 00 00 00 00 00 00 00 00 00 00 ff 28 0a 32 00 f0 20 46 
04 00 b7 d0 ca 1d 00 00 00 00 f5 a5 fa 40 00 00 00 00 fe b7 85 40 00 00 00 e0 7e 7b c7 c0 00 ff 
00 00 00 00 00 f7 00 00 00 f5 00 00 00 00 00 28 0a ff 00 31 5e 00 00 00 00 00 00 00 00 00 00 00 
00 00 00 00 00 ff 00 00 00 00 01 00 00 00 00 00 00 00 80 3f 11 00 00 00 4b b1 00 00 71 02 00 00 
3f 00 00 00 01 22 00 00 00 00 00 00 00 00 00 
.]..H......x.GAo&F.v........d.............Anderson.Thomas...s....`.......................(.2.. F
.............@.......@....~{...................(...1^..............................?....K...q...
?....".........

Client->GAME [08:12:52 07/07/09] packet size: 1 CRYPTED, Flags: 7f ServerSeq: 270 ClientSeq: 501
02 
.

GAME->Client [08:12:53 07/07/09] packet size: 203 CRYPTED, Flags: 7f ServerSeq: 463 ClientSeq: 259
02 03 02 00 03 08 46 66 d7 47 af d0 24 46 bc f4 0d c6 51 c1 ca 1d ff 01 64 01 00 00 00 00 00 00 
00 00 00 00 00 08 41 6e 64 65 72 73 6f 6e 06 54 68 6f 6d 61 73 ff 04 80 73 1a e9 82 80 60 04 00 
02 8e 00 00 00 01 00 00 00 00 00 00 00 00 00 00 00 00 00 00 ff 28 0a 32 00 f0 20 46 04 00 b7 d0 
ca 1d 00 00 00 00 f5 a5 fa 40 00 00 00 00 fe b7 85 40 00 00 00 e0 7e 7b c7 c0 00 ff 00 00 00 00 
00 f7 00 00 00 f5 00 00 00 00 00 28 0a ff 00 31 5e 00 00 00 00 00 00 00 00 00 00 00 00 00 00 00 
00 ff 00 00 00 00 01 00 00 00 00 00 00 00 80 3f 11 00 00 00 4b b1 00 00 71 02 00 00 3f 00 00 00 
01 22 00 00 00 00 00 00 00 00 00 
......Ff.G..$F....Q.....d.............Anderson.Thomas...s....`.......................(.2.. F....
.........@.......@....~{...................(...1^..............................?....K...q...?...
.".........

Client->GAME [08:12:53 07/07/09] packet size: 1 CRYPTED, Flags: 7f ServerSeq: 271 ClientSeq: 502
02 
.

GAME->Client [08:12:53 07/07/09] packet size: 203 CRYPTED, Flags: 7f ServerSeq: 464 ClientSeq: 261
02 03 02 00 03 08 74 58 d7 47 e9 75 23 46 5a 13 0f c6 ce c1 ca 1d ff 01 64 01 00 00 00 00 00 00 
00 00 00 00 00 08 41 6e 64 65 72 73 6f 6e 06 54 68 6f 6d 61 73 ff 04 80 73 1a e9 82 80 60 04 00 
02 8e 00 00 00 01 00 00 00 00 00 00 00 00 00 00 00 00 00 00 ff 28 0a 32 00 f0 20 46 04 00 b7 d0 
ca 1d 00 00 00 00 f5 a5 fa 40 00 00 00 00 fe b7 85 40 00 00 00 e0 7e 7b c7 c0 00 ff 00 00 00 00 
00 f7 00 00 00 f5 00 00 00 00 00 28 0a ff 00 31 5e 00 00 00 00 00 00 00 00 00 00 00 00 00 00 00 
00 ff 00 00 00 00 01 00 00 00 00 00 00 00 80 3f 11 00 00 00 4b b1 00 00 71 02 00 00 3f 00 00 00 
01 22 00 00 00 00 00 00 00 00 00 
......tX.G.u#FZ.........d.............Anderson.Thomas...s....`.......................(.2.. F....
.........@.......@....~{...................(...1^..............................?....K...q...?...
.".........

Client->GAME [08:12:53 07/07/09] packet size: 1 CRYPTED, Flags: 7f ServerSeq: 256 ClientSeq: 503
02 
.

GAME->Client [08:12:53 07/07/09] packet size: 30 CRYPTED, Flags: 7f ServerSeq: 465 ClientSeq: 262
02 03 02 00 03 08 07 46 d7 47 c1 77 21 46 80 91 10 c6 4b c2 ca 1d 80 80 80 10 f7 00 00 00 
.......F.G.w!F....K...........

Client->GAME [08:12:53 07/07/09] packet size: 1 CRYPTED, Flags: 7f ServerSeq: 257 ClientSeq: 504
02 
.

GAME->Client [08:12:53 07/07/09] packet size: 203 CRYPTED, Flags: 7f ServerSeq: 466 ClientSeq: 263
02 03 02 00 03 08 9a 33 d7 47 f8 42 1f 46 a8 0f 12 c6 c9 c2 ca 1d ff 01 64 01 00 00 00 00 00 00 
00 00 00 00 00 08 41 6e 64 65 72 73 6f 6e 06 54 68 6f 6d 61 73 ff 04 80 73 1a e9 82 80 60 04 00 
02 8e 00 00 00 01 00 00 00 00 00 00 00 00 00 00 00 00 00 00 ff 28 0a 32 00 f0 20 46 04 00 b7 d0 
ca 1d 00 00 00 00 f5 a5 fa 40 00 00 00 00 fe b7 85 40 00 00 00 e0 7e 7b c7 c0 00 ff 00 00 00 00 
00 f7 00 00 00 f7 00 00 00 00 00 28 0a ff 00 31 5e 00 00 00 00 00 00 00 00 00 00 00 00 00 00 00 
00 ff 00 00 00 00 01 00 00 00 00 00 00 00 80 3f 11 00 00 00 4b b1 00 00 71 02 00 00 3f 00 00 00 
01 22 00 00 00 00 00 00 00 00 00 
.......3.G.B.F..........d.............Anderson.Thomas...s....`.......................(.2.. F....
.........@.......@....~{...................(...1^..............................?....K...q...?...
.".........

Client->GAME [08:12:53 07/07/09] packet size: 39 CRYPTED, Flags: 7f ServerSeq: 257 ClientSeq: 505
02 04 01 00 3b 01 20 80 c4 00 00 00 40 91 e8 fa 40 00 00 00 00 00 68 85 40 00 00 00 c0 0c 16 c2 
c0 af 03 00 00 00 00 
....;. .....@...@.....h.@..............

Client->GAME [08:12:53 07/07/09] packet size: 1 CRYPTED, Flags: 7f ServerSeq: 258 ClientSeq: 506
02 
.

GAME->Client [08:12:53 07/07/09] packet size: 203 CRYPTED, Flags: 7f ServerSeq: 467 ClientSeq: 264
02 03 02 00 03 08 2d 21 d7 47 90 d7 1c 46 d0 8d 13 c6 45 c3 ca 1d ff 01 64 01 00 00 00 00 00 00 
00 00 00 00 00 08 41 6e 64 65 72 73 6f 6e 06 54 68 6f 6d 61 73 ff 04 80 73 1a e9 82 80 60 04 00 
02 8e 00 00 00 01 00 00 00 00 00 00 00 00 00 00 00 00 00 00 ff 28 0a 32 00 f0 20 46 04 00 b7 d0 
ca 1d 00 00 00 00 f5 a5 fa 40 00 00 00 00 fe b7 85 40 00 00 00 e0 7e 7b c7 c0 00 ff 00 00 00 00 
00 f7 00 00 00 f7 00 00 00 00 00 28 0a ff 00 31 5e 00 00 00 00 00 00 00 00 00 00 00 00 00 00 00 
00 ff 00 00 00 00 01 00 00 00 00 00 00 00 80 3f 11 00 00 00 4b b1 00 00 71 02 00 00 3f 00 00 00 
01 22 00 00 00 00 00 00 00 00 00 
......-!.G...F....E.....d.............Anderson.Thomas...s....`.......................(.2.. F....
.........@.......@....~{...................(...1^..............................?....K...q...?...
.".........

Client->GAME [08:12:53 07/07/09] packet size: 1 CRYPTED, Flags: 7f ServerSeq: 259 ClientSeq: 507
02 
.

GAME->Client [08:12:53 07/07/09] packet size: 57 CRYPTED, Flags: 7f ServerSeq: 468 ClientSeq: 265
02 03 02 00 03 08 45 71 d8 47 81 35 1a 46 f0 a6 f0 c5 c2 c3 ca 1d 80 80 38 14 00 b6 d0 ca 1d 00 
00 00 40 91 e8 fa 40 00 00 00 00 00 68 85 40 00 00 00 c0 0c 16 c2 c0 00 00 
......Eq.G.5.F..........8.........@...@.....h.@..........

Client->GAME [08:12:53 07/07/09] packet size: 63 CRYPTED, Flags: 7f ServerSeq: 259 ClientSeq: 508
02 04 01 00 3c 03 12 80 c9 07 00 50 14 00 ec a9 47 00 00 20 41 00 c4 86 c7 12 80 c9 0e 00 50 14 
00 7c 92 47 00 00 20 41 00 c4 86 c7 12 80 c9 07 00 60 48 00 c4 86 47 00 00 20 41 00 c4 86 c7 
....<......P....G.. A.........P..|.G.. A.........`H...G.. A....

GAME->Client [08:12:53 07/07/09] packet size: 203 CRYPTED, Flags: 7f ServerSeq: 469 ClientSeq: 267
02 03 02 00 03 08 b4 65 d8 47 d9 5c 17 46 b4 86 f2 c5 3f c4 ca 1d ff 01 64 01 00 00 00 00 00 00 
00 00 00 00 00 08 41 6e 64 65 72 73 6f 6e 06 54 68 6f 6d 61 73 ff 04 80 73 1a e9 82 80 60 04 00 
02 8e 00 00 00 01 00 00 00 00 00 00 00 00 00 00 00 00 00 00 ff 28 0a 32 00 f0 20 46 14 00 b6 d0 
ca 1d 00 00 00 40 91 e8 fa 40 00 00 00 00 00 68 85 40 00 00 00 c0 0c 16 c2 c0 00 ff 00 00 00 00 
00 f7 00 00 00 f7 00 00 00 00 00 28 0a ff 00 31 5e 00 00 00 00 00 00 00 00 00 00 00 00 00 00 00 
00 ff 00 00 00 00 01 00 00 00 00 00 00 00 80 3f 11 00 00 00 4b b1 00 00 71 02 00 00 3f 00 00 00 
01 22 00 00 00 00 00 00 00 00 00 
.......e.G.\.F....?.....d.............Anderson.Thomas...s....`.......................(.2.. F....
.....@...@.....h.@.........................(...1^..............................?....K...q...?...
.".........

Client->GAME [08:12:53 07/07/09] packet size: 1 CRYPTED, Flags: 7f ServerSeq: 260 ClientSeq: 509
02 
.

Client->GAME [08:12:53 07/07/09] packet size: 1 CRYPTED, Flags: 7f ServerSeq: 261 ClientSeq: 510
02 
.

GAME->Client [08:12:53 07/07/09] packet size: 203 CRYPTED, Flags: 7f ServerSeq: 470 ClientSeq: 268
02 03 02 00 03 08 23 5a d8 47 92 4d 14 46 78 66 f4 c5 bc c4 ca 1d ff 01 64 01 00 00 00 00 00 00 
00 00 00 00 00 08 41 6e 64 65 72 73 6f 6e 06 54 68 6f 6d 61 73 ff 04 80 73 1a e9 82 80 60 04 00 
02 8e 00 00 00 01 00 00 00 00 00 00 00 00 00 00 00 00 00 00 ff 28 0a 32 00 f0 20 46 14 00 b6 d0 
ca 1d 00 00 00 40 91 e8 fa 40 00 00 00 00 00 68 85 40 00 00 00 c0 0c 16 c2 c0 00 ff 00 00 00 00 
00 f7 00 00 00 f7 00 00 00 00 00 28 0a ff 00 31 5e 00 00 00 00 00 00 00 00 00 00 00 00 00 00 00 
00 ff 00 00 00 00 01 00 00 00 00 00 00 00 80 3f 11 00 00 00 4b b1 00 00 71 02 00 00 3f 00 00 00 
01 22 00 00 00 00 00 00 00 00 00 
......#Z.G.M.Fxf........d.............Anderson.Thomas...s....`.......................(.2.. F....
.....@...@.....h.@.........................(...1^..............................?....K...q...?...
.".........

Client->GAME [08:12:53 07/07/09] packet size: 1 CRYPTED, Flags: 7f ServerSeq: 262 ClientSeq: 511
02 
.

GAME->Client [08:12:53 07/07/09] packet size: 207 CRYPTED, Flags: 7f ServerSeq: 471 ClientSeq: 270
82 81 0e f4 48 03 02 00 03 08 92 4e d8 47 ab 07 11 46 3b 46 f6 c5 39 c5 ca 1d ff 01 64 01 00 00 
00 00 00 00 00 00 00 00 00 08 41 6e 64 65 72 73 6f 6e 06 54 68 6f 6d 61 73 ff 04 80 73 1a e9 82 
80 60 04 00 02 8e 00 00 00 01 00 00 00 00 00 00 00 00 00 00 00 00 00 00 ff 28 0a 32 00 f0 20 46 
14 00 b6 d0 ca 1d 00 00 00 40 91 e8 fa 40 00 00 00 00 00 68 85 40 00 00 00 c0 0c 16 c2 c0 00 ff 
00 00 00 00 00 f7 00 00 00 f7 00 00 00 00 00 28 0a ff 00 31 5e 00 00 00 00 00 00 00 00 00 00 00 
00 00 00 00 00 ff 00 00 00 00 01 00 00 00 00 00 00 00 80 3f 11 00 00 00 4b b1 00 00 71 02 00 00 
3f 00 00 00 01 22 00 00 00 00 00 00 00 00 00 
....H......N.G...F;F..9.....d.............Anderson.Thomas...s....`.......................(.2.. F
.........@...@.....h.@.........................(...1^..............................?....K...q...
?....".........

Client->GAME [08:12:54 07/07/09] packet size: 1 CRYPTED, Flags: 7f ServerSeq: 263 ClientSeq: 512
02 
.

GAME->Client [08:12:54 07/07/09] packet size: 203 CRYPTED, Flags: 7f ServerSeq: 472 ClientSeq: 271
02 03 02 00 03 08 01 43 d8 47 25 8b 0d 46 fe 25 f8 c5 b6 c5 ca 1d ff 01 64 01 00 00 00 00 00 00 
00 00 00 00 00 08 41 6e 64 65 72 73 6f 6e 06 54 68 6f 6d 61 73 ff 04 80 73 1a e9 82 80 60 04 00 
02 8e 00 00 00 01 00 00 00 00 00 00 00 00 00 00 00 00 00 00 ff 28 0a 32 00 f0 20 46 14 00 b6 d0 
ca 1d 00 00 00 40 91 e8 fa 40 00 00 00 00 00 68 85 40 00 00 00 c0 0c 16 c2 c0 00 ff 00 00 00 00 
00 f7 00 00 00 f7 00 00 00 00 00 28 0a ff 00 31 5e 00 00 00 00 00 00 00 00 00 00 00 00 00 00 00 
00 ff 00 00 00 00 01 00 00 00 00 00 00 00 80 3f 11 00 00 00 4b b1 00 00 71 02 00 00 3f 00 00 00 
01 22 00 00 00 00 00 00 00 00 00 
.......C.G%..F.%........d.............Anderson.Thomas...s....`.......................(.2.. F....
.....@...@.....h.@.........................(...1^..............................?....K...q...?...
.".........

Client->GAME [08:12:54 07/07/09] packet size: 1 CRYPTED, Flags: 7f ServerSeq: 264 ClientSeq: 513
02 
.

GAME->Client [08:12:54 07/07/09] packet size: 203 CRYPTED, Flags: 7f ServerSeq: 473 ClientSeq: 271
02 03 02 00 03 08 70 37 d8 47 ff d7 09 46 c2 05 fa c5 34 c6 ca 1d ff 01 64 01 00 00 00 00 00 00 
00 00 00 00 00 08 41 6e 64 65 72 73 6f 6e 06 54 68 6f 6d 61 73 ff 04 80 73 1a e9 82 80 60 04 00 
02 8e 00 00 00 01 00 00 00 00 00 00 00 00 00 00 00 00 00 00 ff 28 0a 32 00 f0 20 46 14 00 b6 d0 
ca 1d 00 00 00 40 91 e8 fa 40 00 00 00 00 00 68 85 40 00 00 00 c0 0c 16 c2 c0 00 ff 00 00 00 00 
00 f7 00 00 00 f7 00 00 00 00 00 28 0a ff 00 31 5e 00 00 00 00 00 00 00 00 00 00 00 00 00 00 00 
00 ff 00 00 00 00 01 00 00 00 00 00 00 00 80 3f 11 00 00 00 4b b1 00 00 71 02 00 00 3f 00 00 00 
01 22 00 00 00 00 00 00 00 00 00 
......p7.G...F....4.....d.............Anderson.Thomas...s....`.......................(.2.. F....
.....@...@.....h.@.........................(...1^..............................?....K...q...?...
.".........

Client->GAME [08:12:54 07/07/09] packet size: 1 CRYPTED, Flags: 7f ServerSeq: 265 ClientSeq: 514
02 
.

GAME->Client [08:12:54 07/07/09] packet size: 222 CRYPTED, Flags: 7f ServerSeq: 474 ClientSeq: 513
02 03 01 00 01 07 00 03 00 04 00 08 00 0c 00 0f 00 10 00 1d 00 02 00 03 08 df 2b d8 47 39 ee 05 
46 86 e5 fb c5 b0 c6 ca 1d ff 01 64 01 00 00 00 00 00 00 00 00 00 00 00 08 41 6e 64 65 72 73 6f 
6e 06 54 68 6f 6d 61 73 ff 04 80 73 1a e9 82 80 60 04 00 02 8e 00 00 00 01 00 00 00 00 00 00 00 
00 00 00 00 00 00 00 ff 28 0a 32 00 f0 20 46 14 00 b6 d0 ca 1d 00 00 00 40 91 e8 fa 40 00 00 00 
00 00 68 85 40 00 00 00 c0 0c 16 c2 c0 00 ff 00 00 00 00 00 f7 00 00 00 f7 00 00 00 00 00 28 0a 
ff 00 31 5e 00 00 00 00 00 00 00 00 00 00 00 00 00 00 00 00 ff 00 00 00 00 01 00 00 00 00 00 00 
00 80 3f 11 00 00 00 4b b1 00 00 71 02 00 00 3f 00 00 00 01 22 00 00 00 00 00 00 00 00 00 
..........................+.G9..F..........d.............Anderson.Thomas...s....`...............
........(.2.. F.........@...@.....h.@.........................(...1^............................
..?....K...q...?....".........

Client->GAME [08:12:54 07/07/09] packet size: 1 CRYPTED, Flags: 7f ServerSeq: 266 ClientSeq: 515
02 
.

GAME->Client [08:12:54 07/07/09] packet size: 203 CRYPTED, Flags: 7f ServerSeq: 475 ClientSeq: 514
02 03 02 00 03 08 32 23 d8 47 0d db 02 46 58 4d fd c5 2d c7 ca 1d ff 01 64 01 00 00 00 00 00 00 
00 00 00 00 00 08 41 6e 64 65 72 73 6f 6e 06 54 68 6f 6d 61 73 ff 04 80 73 1a e9 82 80 60 04 00 
02 8e 00 00 00 01 00 00 00 00 00 00 00 00 00 00 00 00 00 00 ff 28 0a 32 00 f0 20 46 14 00 b6 d0 
ca 1d 00 00 00 40 91 e8 fa 40 00 00 00 00 00 68 85 40 00 00 00 c0 0c 16 c2 c0 00 ff 00 00 00 00 
00 f7 00 00 00 f7 00 00 00 00 00 28 0a ff 00 31 5e 00 00 00 00 00 00 00 00 00 00 00 00 00 00 00 
00 ff 00 00 00 00 01 00 00 00 00 00 00 00 80 3f 11 00 00 00 4b b1 00 00 71 02 00 00 3f 00 00 00 
01 22 00 00 00 00 00 00 00 00 00 
......2#.G...FXM..-.....d.............Anderson.Thomas...s....`.......................(.2.. F....
.....@...@.....h.@.........................(...1^..............................?....K...q...?...
.".........

Client->GAME [08:12:54 07/07/09] packet size: 1 CRYPTED, Flags: 7f ServerSeq: 267 ClientSeq: 516
02 
.

GAME->Client [08:12:54 07/07/09] packet size: 203 CRYPTED, Flags: 7f ServerSeq: 476 ClientSeq: 515
02 03 02 00 03 08 a1 17 d8 47 5f 23 fd 45 1c 2d ff c5 aa c7 ca 1d ff 01 64 01 00 00 00 00 00 00 
00 00 00 00 00 08 41 6e 64 65 72 73 6f 6e 06 54 68 6f 6d 61 73 ff 04 80 73 1a e9 82 80 60 04 00 
02 8e 00 00 00 01 00 00 00 00 00 00 00 00 00 00 00 00 00 00 ff 28 0a 32 00 f0 20 46 14 00 b6 d0 
ca 1d 00 00 00 40 91 e8 fa 40 00 00 00 00 00 68 85 40 00 00 00 c0 0c 16 c2 c0 00 ff 00 00 00 00 
00 f7 00 00 00 f7 00 00 00 00 00 28 0a ff 00 31 5e 00 00 00 00 00 00 00 00 00 00 00 00 00 00 00 
00 ff 00 00 00 00 01 00 00 00 00 00 00 00 80 3f 11 00 00 00 4b b1 00 00 71 02 00 00 3f 00 00 00 
01 22 00 00 00 00 00 00 00 00 00 
.........G_#.E.-........d.............Anderson.Thomas...s....`.......................(.2.. F....
.....@...@.....h.@.........................(...1^..............................?....K...q...?...
.".........

Client->GAME [08:12:54 07/07/09] packet size: 63 CRYPTED, Flags: 7f ServerSeq: 267 ClientSeq: 517
02 04 01 00 3f 03 12 80 c9 07 00 50 14 00 ec a9 47 00 00 20 41 00 c4 86 c7 12 80 c9 0e 00 50 14 
00 7c 92 47 00 00 20 41 00 c4 86 c7 12 80 c9 07 00 60 48 00 c4 86 47 00 00 20 41 00 c4 86 c7 
....?......P....G.. A.........P..|.G.. A.........`H...G.. A....

Client->GAME [08:12:54 07/07/09] packet size: 1 CRYPTED, Flags: 7f ServerSeq: 268 ClientSeq: 518
02 
.

GAME->Client [08:12:54 07/07/09] packet size: 203 CRYPTED, Flags: 7f ServerSeq: 477 ClientSeq: 516
02 03 02 00 03 08 10 0c d8 47 68 23 f4 45 70 86 00 c6 27 c8 ca 1d ff 01 64 01 00 00 00 00 00 00 
00 00 00 00 00 08 41 6e 64 65 72 73 6f 6e 06 54 68 6f 6d 61 73 ff 04 80 73 1a e9 82 80 60 04 00 
02 8e 00 00 00 01 00 00 00 00 00 00 00 00 00 00 00 00 00 00 ff 28 0a 32 00 f0 20 46 14 00 b6 d0 
ca 1d 00 00 00 40 91 e8 fa 40 00 00 00 00 00 68 85 40 00 00 00 c0 0c 16 c2 c0 00 ff 00 00 00 00 
00 f7 00 00 00 f7 00 00 00 00 00 28 0a ff 00 31 5e 00 00 00 00 00 00 00 00 00 00 00 00 00 00 00 
00 ff 00 00 00 00 01 00 00 00 00 00 00 00 80 3f 11 00 00 00 4b b1 00 00 71 02 00 00 3f 00 00 00 
01 22 00 00 00 00 00 00 00 00 00 
.........Gh#.Ep...'.....d.............Anderson.Thomas...s....`.......................(.2.. F....
.....@...@.....h.@.........................(...1^..............................?....K...q...?...
.".........

Client->GAME [08:12:54 07/07/09] packet size: 1 CRYPTED, Flags: 7f ServerSeq: 269 ClientSeq: 519
02 
.

GAME->Client [08:12:54 07/07/09] packet size: 203 CRYPTED, Flags: 7f ServerSeq: 478 ClientSeq: 518
02 03 02 00 03 08 7f 00 d8 47 2f b6 ea 45 52 76 01 c6 a4 c8 ca 1d ff 01 64 01 00 00 00 00 00 00 
00 00 00 00 00 08 41 6e 64 65 72 73 6f 6e 06 54 68 6f 6d 61 73 ff 04 80 73 1a e9 82 80 60 04 00 
02 8e 00 00 00 01 00 00 00 00 00 00 00 00 00 00 00 00 00 00 ff 28 0a 32 00 f0 20 46 14 00 b6 d0 
ca 1d 00 00 00 40 91 e8 fa 40 00 00 00 00 00 68 85 40 00 00 00 c0 0c 16 c2 c0 00 ff 00 00 00 00 
00 f7 00 00 00 f7 00 00 00 00 00 28 0a ff 00 31 5e 00 00 00 00 00 00 00 00 00 00 00 00 00 00 00 
00 ff 00 00 00 00 01 00 00 00 00 00 00 00 80 3f 11 00 00 00 4b b1 00 00 71 02 00 00 3f 00 00 00 
01 22 00 00 00 00 00 00 00 00 00 
.........G/..ERv........d.............Anderson.Thomas...s....`.......................(.2.. F....
.....@...@.....h.@.........................(...1^..............................?....K...q...?...
.".........

Client->GAME [08:12:54 07/07/09] packet size: 1 CRYPTED, Flags: 7f ServerSeq: 270 ClientSeq: 520
02 
.

GAME->Client [08:12:54 07/07/09] packet size: 203 CRYPTED, Flags: 7f ServerSeq: 479 ClientSeq: 519
02 03 02 00 03 08 ee f4 d7 47 b9 db e0 45 33 66 02 c6 21 c9 ca 1d ff 01 64 01 00 00 00 00 00 00 
00 00 00 00 00 08 41 6e 64 65 72 73 6f 6e 06 54 68 6f 6d 61 73 ff 04 80 73 1a e9 82 80 60 04 00 
02 8e 00 00 00 01 00 00 00 00 00 00 00 00 00 00 00 00 00 00 ff 28 0a 32 00 f0 20 46 14 00 b6 d0 
ca 1d 00 00 00 40 91 e8 fa 40 00 00 00 00 00 68 85 40 00 00 00 c0 0c 16 c2 c0 00 ff 00 00 00 00 
00 f7 00 00 00 f7 00 00 00 00 00 28 0a ff 00 31 5e 00 00 00 00 00 00 00 00 00 00 00 00 00 00 00 
00 ff 00 00 00 00 01 00 00 00 00 00 00 00 80 3f 11 00 00 00 4b b1 00 00 71 02 00 00 3f 00 00 00 
01 22 00 00 00 00 00 00 00 00 00 
.........G...E3f..!.....d.............Anderson.Thomas...s....`.......................(.2.. F....
.....@...@.....h.@.........................(...1^..............................?....K...q...?...
.".........

Client->GAME [08:12:54 07/07/09] packet size: 1 CRYPTED, Flags: 7f ServerSeq: 271 ClientSeq: 521
02 
.

GAME->Client [08:12:55 07/07/09] packet size: 207 CRYPTED, Flags: 7f ServerSeq: 480 ClientSeq: 520
82 a5 0e f4 48 03 02 00 03 08 5d e9 d7 47 04 94 d6 45 15 56 03 c6 9f c9 ca 1d ff 01 64 01 00 00 
00 00 00 00 00 00 00 00 00 08 41 6e 64 65 72 73 6f 6e 06 54 68 6f 6d 61 73 ff 04 80 73 1a e9 82 
80 60 04 00 02 8e 00 00 00 01 00 00 00 00 00 00 00 00 00 00 00 00 00 00 ff 28 0a 32 00 f0 20 46 
14 00 b6 d0 ca 1d 00 00 00 40 91 e8 fa 40 00 00 00 00 00 68 85 40 00 00 00 c0 0c 16 c2 c0 00 ff 
00 00 00 00 00 f7 00 00 00 f7 00 00 00 00 00 28 0a ff 00 31 5e 00 00 00 00 00 00 00 00 00 00 00 
00 00 00 00 00 ff 00 00 00 00 01 00 00 00 00 00 00 00 80 3f 11 00 00 00 4b b1 00 00 71 02 00 00 
3f 00 00 00 01 22 00 00 00 00 00 00 00 00 00 
....H.....]..G...E.V........d.............Anderson.Thomas...s....`.......................(.2.. F
.........@...@.....h.@.........................(...1^..............................?....K...q...
?....".........

Client->GAME [08:12:55 07/07/09] packet size: 1 CRYPTED, Flags: 7f ServerSeq: 256 ClientSeq: 522
02 
.

GAME->Client [08:12:55 07/07/09] packet size: 439 CRYPTED, Flags: 7f ServerSeq: 481 ClientSeq: 521
02 03 02 00 03 08 cc dd d7 47 0e df cb 45 f6 45 04 c6 1b ca ca 1d ff 01 64 01 00 00 00 00 00 00 
00 00 00 00 00 08 41 6e 64 65 72 73 6f 6e 06 54 68 6f 6d 61 73 ff 04 80 73 1a e9 82 80 60 04 00 
02 8e 00 00 00 01 00 00 00 00 00 00 00 00 00 00 00 00 00 00 ff 28 0a 32 00 f0 20 46 14 00 b6 d0 
ca 1d 00 00 00 40 91 e8 fa 40 00 00 00 00 00 68 85 40 00 00 00 c0 0c 16 c2 c0 00 ff 00 00 00 00 
00 f7 00 00 00 f7 00 00 00 00 00 28 0a ff 00 31 5e 00 00 00 00 00 00 00 00 00 00 00 00 00 00 00 
00 ff 00 00 00 00 01 00 00 00 00 00 00 00 80 3f 11 00 00 00 4b b1 00 00 71 02 00 00 3f 00 00 00 
01 22 00 00 00 00 00 00 00 01 00 08 d0 20 af 04 50 16 e4 cd ab 07 fd 00 00 00 00 50 db fa 40 00 
00 00 00 00 b8 85 40 00 00 00 00 80 ed c4 c0 41 67 65 6e 74 20 48 61 6c 65 00 00 00 00 00 00 00 
00 00 00 00 00 00 00 00 00 00 00 00 00 00 00 00 00 00 00 00 00 00 00 00 00 00 00 00 00 00 00 00 
00 00 00 00 00 00 00 00 00 00 00 00 00 00 00 02 00 00 3a 00 15 0b 00 58 00 00 01 00 1b 00 00 01 
00 08 d0 20 b0 04 50 16 91 cd ab 07 fd 00 00 00 00 f0 ae fa 40 00 00 00 00 00 b8 85 40 00 00 00 
00 80 7a c9 c0 48 61 69 6e 65 79 00 00 00 00 00 00 00 00 00 00 00 00 00 00 00 00 00 00 00 00 00 
00 00 00 00 00 00 00 00 00 00 00 00 00 00 00 00 00 00 00 00 00 00 00 00 00 00 00 00 00 00 00 00 
00 00 00 00 00 02 00 00 3a 00 19 0b 00 58 00 00 01 00 19 00 00 00 00 
.........G...E.E........d.............Anderson.Thomas...s....`.......................(.2.. F....
.....@...@.....h.@.........................(...1^..............................?....K...q...?...
."........... ..P..........P..@.......@........Agent Hale.......................................
..................:....X........... ..P.............@.......@.....z..Hainey.....................
........................................:....X.........

GAME->Client [08:12:55 07/07/09] packet size: 439 CRYPTED, Flags: 7f ServerSeq: 482 ClientSeq: 522
02 03 02 00 03 08 3b d2 d7 47 d8 bc c0 45 d8 35 05 c6 98 ca ca 1d ff 01 64 01 00 00 00 00 00 00 
00 00 00 00 00 08 41 6e 64 65 72 73 6f 6e 06 54 68 6f 6d 61 73 ff 04 80 73 1a e9 82 80 60 04 00 
02 8e 00 00 00 01 00 00 00 00 00 00 00 00 00 00 00 00 00 00 ff 28 0a 32 00 f0 20 46 14 00 b6 d0 
ca 1d 00 00 00 40 91 e8 fa 40 00 00 00 00 00 68 85 40 00 00 00 c0 0c 16 c2 c0 00 ff 00 00 00 00 
00 f7 00 00 00 f7 00 00 00 00 00 28 0a ff 00 31 5e 00 00 00 00 00 00 00 00 00 00 00 00 00 00 00 
00 ff 00 00 00 00 01 00 00 00 00 00 00 00 80 3f 11 00 00 00 4b b1 00 00 71 02 00 00 3f 00 00 00 
01 22 00 00 00 00 00 00 00 01 00 08 d0 20 b8 07 90 42 e2 cd ab 07 fd 00 00 00 00 b0 0c fb 40 00 
00 00 00 00 b8 85 40 00 00 00 00 00 31 b5 c0 4a 6f 73 65 70 68 00 00 00 00 00 00 00 00 00 00 00 
00 00 00 00 00 00 00 00 00 00 00 00 00 00 00 00 00 00 00 00 00 00 00 00 00 00 00 00 00 00 00 00 
00 00 00 00 00 00 00 00 00 00 00 00 00 00 00 02 00 00 3a 00 12 0b 00 58 00 00 01 00 15 00 00 01 
00 08 d0 20 d2 07 50 4b e0 cd ab 07 fd 00 00 00 00 30 28 fb 40 00 00 00 00 00 b8 85 40 00 00 00 
00 00 8e a7 c0 52 69 70 70 65 72 00 00 00 00 00 00 00 00 00 00 00 00 00 00 00 00 00 00 00 00 00 
00 00 00 00 00 00 00 00 00 00 00 00 00 00 00 00 00 00 00 00 00 00 00 00 00 00 00 00 00 00 00 00 
00 00 00 00 00 02 00 00 3a 00 14 0b 00 58 00 00 01 00 17 00 00 00 00 
......;..G...E.5........d.............Anderson.Thomas...s....`.......................(.2.. F....
.....@...@.....h.@.........................(...1^..............................?....K...q...?...
."........... ...B............@.......@.....1..Joseph...........................................
..................:....X........... ..PK.........0(.@.......@........Ripper.....................
........................................:....X.........

Client->GAME [08:12:55 07/07/09] packet size: 1 CRYPTED, Flags: 7f ServerSeq: 257 ClientSeq: 523
02 
.

GAME->Client [08:12:55 07/07/09] packet size: 203 CRYPTED, Flags: 7f ServerSeq: 483 ClientSeq: 522
02 03 02 00 03 08 aa c6 d7 47 69 2d b5 45 ba 25 06 c6 15 cb ca 1d ff 01 64 01 00 00 00 00 00 00 
00 00 00 00 00 08 41 6e 64 65 72 73 6f 6e 06 54 68 6f 6d 61 73 ff 04 80 73 1a e9 82 80 60 04 00 
02 8e 00 00 00 01 00 00 00 00 00 00 00 00 00 00 00 00 00 00 ff 28 0a 32 00 f0 20 46 14 00 b6 d0 
ca 1d 00 00 00 40 91 e8 fa 40 00 00 00 00 00 68 85 40 00 00 00 c0 0c 16 c2 c0 00 ff 00 00 00 00 
00 f7 00 00 00 f7 00 00 00 00 00 28 0a ff 00 31 5e 00 00 00 00 00 00 00 00 00 00 00 00 00 00 00 
00 ff 00 00 00 00 01 00 00 00 00 00 00 00 80 3f 11 00 00 00 4b b1 00 00 71 02 00 00 3f 00 00 00 
01 22 00 00 00 00 00 00 00 00 00 
.........Gi-.E.%........d.............Anderson.Thomas...s....`.......................(.2.. F....
.....@...@.....h.@.........................(...1^..............................?....K...q...?...
.".........

Client->GAME [08:12:55 07/07/09] packet size: 1 CRYPTED, Flags: 7f ServerSeq: 259 ClientSeq: 524
02 
.

GAME->Client [08:12:55 07/07/09] packet size: 203 CRYPTED, Flags: 7f ServerSeq: 484 ClientSeq: 522
02 03 02 00 03 08 19 bb d7 47 b5 30 a9 45 9c 15 07 c6 92 cb ca 1d ff 01 64 01 00 00 00 00 00 00 
00 00 00 00 00 08 41 6e 64 65 72 73 6f 6e 06 54 68 6f 6d 61 73 ff 04 80 73 1a e9 82 80 60 04 00 
02 8e 00 00 00 01 00 00 00 00 00 00 00 00 00 00 00 00 00 00 ff 28 0a 32 00 f0 20 46 14 00 b6 d0 
ca 1d 00 00 00 40 91 e8 fa 40 00 00 00 00 00 68 85 40 00 00 00 c0 0c 16 c2 c0 00 ff 00 00 00 00 
00 f7 00 00 00 f7 00 00 00 00 00 28 0a ff 00 31 5e 00 00 00 00 00 00 00 00 00 00 00 00 00 00 00 
00 ff 00 00 00 00 01 00 00 00 00 00 00 00 80 3f 11 00 00 00 4b b1 00 00 71 02 00 00 3f 00 00 00 
01 22 00 00 00 00 00 00 00 00 00 
.........G.0.E..........d.............Anderson.Thomas...s....`.......................(.2.. F....
.....@...@.....h.@.........................(...1^..............................?....K...q...?...
.".........

Client->GAME [08:12:55 07/07/09] packet size: 1 CRYPTED, Flags: 7f ServerSeq: 260 ClientSeq: 525
02 
.

GAME->Client [08:12:55 07/07/09] packet size: 203 CRYPTED, Flags: 7f ServerSeq: 485 ClientSeq: 524
02 03 02 00 03 08 6c b2 d7 47 7a eb 9f 45 86 c9 07 c6 0f cc ca 1d ff 01 64 01 00 00 00 00 00 00 
00 00 00 00 00 08 41 6e 64 65 72 73 6f 6e 06 54 68 6f 6d 61 73 ff 04 80 73 1a e9 82 80 60 04 00 
02 8e 00 00 00 01 00 00 00 00 00 00 00 00 00 00 00 00 00 00 ff 28 0a 32 00 f0 20 46 14 00 b6 d0 
ca 1d 00 00 00 40 91 e8 fa 40 00 00 00 00 00 68 85 40 00 00 00 c0 0c 16 c2 c0 00 ff 00 00 00 00 
00 f7 00 00 00 f7 00 00 00 00 00 28 0a ff 00 31 5e 00 00 00 00 00 00 00 00 00 00 00 00 00 00 00 
00 ff 00 00 00 00 01 00 00 00 00 00 00 00 80 3f 11 00 00 00 4b b1 00 00 71 02 00 00 3f 00 00 00 
01 22 00 00 00 00 00 00 00 00 00 
......l..Gz..E..........d.............Anderson.Thomas...s....`.......................(.2.. F....
.....@...@.....h.@.........................(...1^..............................?....K...q...?...
.".........

Client->GAME [08:12:55 07/07/09] packet size: 1 CRYPTED, Flags: 7f ServerSeq: 261 ClientSeq: 526
02 
.

GAME->Client [08:12:55 07/07/09] packet size: 203 CRYPTED, Flags: 7f ServerSeq: 486 ClientSeq: 525
02 03 02 00 03 08 db a6 d7 47 9d 2f 93 45 67 b9 08 c6 8c cc ca 1d ff 01 64 01 00 00 00 00 00 00 
00 00 00 00 00 08 41 6e 64 65 72 73 6f 6e 06 54 68 6f 6d 61 73 ff 04 80 73 1a e9 82 80 60 04 00 
02 8e 00 00 00 01 00 00 00 00 00 00 00 00 00 00 00 00 00 00 ff 28 0a 32 00 f0 20 46 14 00 b6 d0 
ca 1d 00 00 00 40 91 e8 fa 40 00 00 00 00 00 68 85 40 00 00 00 c0 0c 16 c2 c0 00 ff 00 00 00 00 
00 f7 00 00 00 f7 00 00 00 00 00 28 0a ff 00 31 5e 00 00 00 00 00 00 00 00 00 00 00 00 00 00 00 
00 ff 00 00 00 00 01 00 00 00 00 00 00 00 80 3f 11 00 00 00 4b b1 00 00 71 02 00 00 3f 00 00 00 
01 22 00 00 00 00 00 00 00 00 00 
.........G./.Eg.........d.............Anderson.Thomas...s....`.......................(.2.. F....
.....@...@.....h.@.........................(...1^..............................?....K...q...?...
.".........

Client->GAME [08:12:55 07/07/09] packet size: 1 CRYPTED, Flags: 7f ServerSeq: 262 ClientSeq: 527
02 
.

GAME->Client [08:12:55 07/07/09] packet size: 203 CRYPTED, Flags: 7f ServerSeq: 487 ClientSeq: 526
02 03 02 00 03 08 4a 9b d7 47 7c 06 86 45 49 a9 09 c6 0a cd ca 1d ff 01 64 01 00 00 00 00 00 00 
00 00 00 00 00 08 41 6e 64 65 72 73 6f 6e 06 54 68 6f 6d 61 73 ff 04 80 73 1a e9 82 80 60 04 00 
02 8e 00 00 00 01 00 00 00 00 00 00 00 00 00 00 00 00 00 00 ff 28 0a 32 00 f0 20 46 14 00 b6 d0 
ca 1d 00 00 00 40 91 e8 fa 40 00 00 00 00 00 68 85 40 00 00 00 c0 0c 16 c2 c0 00 ff 00 00 00 00 
00 f7 00 00 00 f7 00 00 00 00 00 28 0a ff 00 31 5e 00 00 00 00 00 00 00 00 00 00 00 00 00 00 00 
00 ff 00 00 00 00 01 00 00 00 00 00 00 00 80 3f 11 00 00 00 4b b1 00 00 71 02 00 00 3f 00 00 00 
01 22 00 00 00 00 00 00 00 00 00 
......J..G|..EI.........d.............Anderson.Thomas...s....`.......................(.2.. F....
.....@...@.....h.@.........................(...1^..............................?....K...q...?...
.".........

Client->GAME [08:12:55 07/07/09] packet size: 1 CRYPTED, Flags: 7f ServerSeq: 263 ClientSeq: 528
02 
.

GAME->Client [08:12:56 07/07/09] packet size: 203 CRYPTED, Flags: 7f ServerSeq: 488 ClientSeq: 527
02 03 02 00 03 08 b9 8f d7 47 35 e0 70 45 2a 99 0a c6 86 cd ca 1d ff 01 64 01 00 00 00 00 00 00 
00 00 00 00 00 08 41 6e 64 65 72 73 6f 6e 06 54 68 6f 6d 61 73 ff 04 80 73 1a e9 82 80 60 04 00 
02 8e 00 00 00 01 00 00 00 00 00 00 00 00 00 00 00 00 00 00 ff 28 0a 32 00 f0 20 46 14 00 b6 d0 
ca 1d 00 00 00 40 91 e8 fa 40 00 00 00 00 00 68 85 40 00 00 00 c0 0c 16 c2 c0 00 ff 00 00 00 00 
00 f7 00 00 00 f7 00 00 00 00 00 28 0a ff 00 31 5e 00 00 00 00 00 00 00 00 00 00 00 00 00 00 00 
00 ff 00 00 00 00 01 00 00 00 00 00 00 00 80 3f 11 00 00 00 4b b1 00 00 71 02 00 00 3f 00 00 00 
01 22 00 00 00 00 00 00 00 00 00 
.........G5.pE*.........d.............Anderson.Thomas...s....`.......................(.2.. F....
.....@...@.....h.@.........................(...1^..............................?....K...q...?...
.".........

Client->GAME [08:12:56 07/07/09] packet size: 1 CRYPTED, Flags: 7f ServerSeq: 264 ClientSeq: 529
02 
.

GAME->Client [08:12:56 07/07/09] packet size: 207 CRYPTED, Flags: 7f ServerSeq: 489 ClientSeq: 512
82 c9 0e f4 48 03 02 00 03 08 28 84 d7 47 03 d9 54 45 0c 89 0b c6 03 ce ca 1d ff 01 64 01 00 00 
00 00 00 00 00 00 00 00 00 08 41 6e 64 65 72 73 6f 6e 06 54 68 6f 6d 61 73 ff 04 80 73 1a e9 82 
80 60 04 00 02 8e 00 00 00 01 00 00 00 00 00 00 00 00 00 00 00 00 00 00 ff 28 0a 32 00 f0 20 46 
14 00 b6 d0 ca 1d 00 00 00 40 91 e8 fa 40 00 00 00 00 00 68 85 40 00 00 00 c0 0c 16 c2 c0 00 ff 
00 00 00 00 00 f7 00 00 00 f7 00 00 00 00 00 28 0a ff 00 31 5e 00 00 00 00 00 00 00 00 00 00 00 
00 00 00 00 00 ff 00 00 00 00 01 00 00 00 00 00 00 00 80 3f 11 00 00 00 4b b1 00 00 71 02 00 00 
3f 00 00 00 01 22 00 00 00 00 00 00 00 00 00 
....H.....(..G..TE..........d.............Anderson.Thomas...s....`.......................(.2.. F
.........@...@.....h.@.........................(...1^..............................?....K...q...
?....".........

Client->GAME [08:12:56 07/07/09] packet size: 1 CRYPTED, Flags: 7f ServerSeq: 265 ClientSeq: 530
02 
.

GAME->Client [08:12:56 07/07/09] packet size: 203 CRYPTED, Flags: 7f ServerSeq: 490 ClientSeq: 513
02 03 02 00 03 08 97 78 d7 47 44 f7 37 45 ee 78 0c c6 80 ce ca 1d ff 01 64 01 00 00 00 00 00 00 
00 00 00 00 00 08 41 6e 64 65 72 73 6f 6e 06 54 68 6f 6d 61 73 ff 04 80 73 1a e9 82 80 60 04 00 
02 8e 00 00 00 01 00 00 00 00 00 00 00 00 00 00 00 00 00 00 ff 28 0a 32 00 f0 20 46 14 00 b6 d0 
ca 1d 00 00 00 40 91 e8 fa 40 00 00 00 00 00 68 85 40 00 00 00 c0 0c 16 c2 c0 00 ff 00 00 00 00 
00 f7 00 00 00 f7 00 00 00 00 00 28 0a ff 00 31 5e 00 00 00 00 00 00 00 00 00 00 00 00 00 00 00 
00 ff 00 00 00 00 01 00 00 00 00 00 00 00 80 3f 11 00 00 00 4b b1 00 00 71 02 00 00 3f 00 00 00 
01 22 00 00 00 00 00 00 00 00 00 
.......x.GD.7E.x........d.............Anderson.Thomas...s....`.......................(.2.. F....
.....@...@.....h.@.........................(...1^..............................?....K...q...?...
.".........

Client->GAME [08:12:56 07/07/09] packet size: 1 CRYPTED, Flags: 7f ServerSeq: 266 ClientSeq: 531
02 
.

GAME->Client [08:12:56 07/07/09] packet size: 203 CRYPTED, Flags: 7f ServerSeq: 491 ClientSeq: 514
02 03 02 00 03 08 06 6d d7 47 07 3b 1a 45 d0 68 0d c6 fd ce ca 1d ff 01 64 01 00 00 00 00 00 00 
00 00 00 00 00 08 41 6e 64 65 72 73 6f 6e 06 54 68 6f 6d 61 73 ff 04 80 73 1a e9 82 80 60 04 00 
02 8e 00 00 00 01 00 00 00 00 00 00 00 00 00 00 00 00 00 00 ff 28 0a 32 00 f0 20 46 14 00 b6 d0 
ca 1d 00 00 00 40 91 e8 fa 40 00 00 00 00 00 68 85 40 00 00 00 c0 0c 16 c2 c0 00 ff 00 00 00 00 
00 f7 00 00 00 f7 00 00 00 00 00 28 0a ff 00 31 5e 00 00 00 00 00 00 00 00 00 00 00 00 00 00 00 
00 ff 00 00 00 00 01 00 00 00 00 00 00 00 80 3f 11 00 00 00 4b b1 00 00 71 02 00 00 3f 00 00 00 
01 22 00 00 00 00 00 00 00 00 00 
.......m.G.;.E.h........d.............Anderson.Thomas...s....`.......................(.2.. F....
.....@...@.....h.@.........................(...1^..............................?....K...q...?...
.".........

Client->GAME [08:12:56 07/07/09] packet size: 1 CRYPTED, Flags: 7f ServerSeq: 267 ClientSeq: 532
02 
.

GAME->Client [08:12:56 07/07/09] packet size: 203 CRYPTED, Flags: 7f ServerSeq: 492 ClientSeq: 515
02 03 02 00 03 08 75 61 d7 47 98 48 f7 44 b2 58 0e c6 7a cf ca 1d ff 01 64 01 00 00 00 00 00 00 
00 00 00 00 00 08 41 6e 64 65 72 73 6f 6e 06 54 68 6f 6d 61 73 ff 04 80 73 1a e9 82 80 60 04 00 
02 8e 00 00 00 01 00 00 00 00 00 00 00 00 00 00 00 00 00 00 ff 28 0a 32 00 f0 20 46 14 00 b6 d0 
ca 1d 00 00 00 40 91 e8 fa 40 00 00 00 00 00 68 85 40 00 00 00 c0 0c 16 c2 c0 00 ff 00 00 00 00 
00 f7 00 00 00 f7 00 00 00 00 00 28 0a ff 00 31 5e 00 00 00 00 00 00 00 00 00 00 00 00 00 00 00 
00 ff 00 00 00 00 01 00 00 00 00 00 00 00 80 3f 11 00 00 00 4b b1 00 00 71 02 00 00 3f 00 00 00 
01 22 00 00 00 00 00 00 00 00 00 
......ua.G.H.D.X..z.....d.............Anderson.Thomas...s....`.......................(.2.. F....
.....@...@.....h.@.........................(...1^..............................?....K...q...?...
.".........

Client->GAME [08:12:56 07/07/09] packet size: 1 CRYPTED, Flags: 7f ServerSeq: 268 ClientSeq: 533
02 
.

GAME->Client [08:12:56 07/07/09] packet size: 203 CRYPTED, Flags: 7f ServerSeq: 493 ClientSeq: 516
02 03 02 00 03 08 e4 55 d7 47 43 66 b8 44 93 48 0f c6 f7 cf ca 1d ff 01 64 01 00 00 00 00 00 00 
00 00 00 00 00 08 41 6e 64 65 72 73 6f 6e 06 54 68 6f 6d 61 73 ff 04 80 73 1a e9 82 80 60 04 00 
02 8e 00 00 00 01 00 00 00 00 00 00 00 00 00 00 00 00 00 00 ff 28 0a 32 00 f0 20 46 14 00 b6 d0 
ca 1d 00 00 00 40 91 e8 fa 40 00 00 00 00 00 68 85 40 00 00 00 c0 0c 16 c2 c0 00 ff 00 00 00 00 
00 f7 00 00 00 f7 00 00 00 00 00 28 0a ff 00 31 5e 00 00 00 00 00 00 00 00 00 00 00 00 00 00 00 
00 ff 00 00 00 00 01 00 00 00 00 00 00 00 80 3f 11 00 00 00 4b b1 00 00 71 02 00 00 3f 00 00 00 
01 22 00 00 00 00 00 00 00 00 00 
.......U.GCf.D.H........d.............Anderson.Thomas...s....`.......................(.2.. F....
.....@...@.....h.@.........................(...1^..............................?....K...q...?...
.".........

Client->GAME [08:12:56 07/07/09] packet size: 1 CRYPTED, Flags: 7f ServerSeq: 269 ClientSeq: 534
02 
.

GAME->Client [08:12:56 07/07/09] packet size: 203 CRYPTED, Flags: 7f ServerSeq: 494 ClientSeq: 517
02 03 02 00 03 08 53 4a d7 47 a6 9d 6f 44 75 38 10 c6 74 d0 ca 1d ff 01 64 01 00 00 00 00 00 00 
00 00 00 00 00 08 41 6e 64 65 72 73 6f 6e 06 54 68 6f 6d 61 73 ff 04 80 73 1a e9 82 80 60 04 00 
02 8e 00 00 00 01 00 00 00 00 00 00 00 00 00 00 00 00 00 00 ff 28 0a 32 00 f0 20 46 14 00 b6 d0 
ca 1d 00 00 00 40 91 e8 fa 40 00 00 00 00 00 68 85 40 00 00 00 c0 0c 16 c2 c0 00 ff 00 00 00 00 
00 f7 00 00 00 f7 00 00 00 00 00 28 0a ff 00 31 5e 00 00 00 00 00 00 00 00 00 00 00 00 00 00 00 
00 ff 00 00 00 00 01 00 00 00 00 00 00 00 80 3f 11 00 00 00 4b b1 00 00 71 02 00 00 3f 00 00 00 
01 22 00 00 00 00 00 00 00 00 00 
......SJ.G..oDu8..t.....d.............Anderson.Thomas...s....`.......................(.2.. F....
.....@...@.....h.@.........................(...1^..............................?....K...q...?...
.".........

Client->GAME [08:12:56 07/07/09] packet size: 1 CRYPTED, Flags: 7f ServerSeq: 270 ClientSeq: 535
02 
.

Client->GAME [08:12:56 07/07/09] packet size: 20 CRYPTED, Flags: 7f ServerSeq: 270 ClientSeq: 536
02 03 02 00 01 08 8a 44 d7 47 00 40 2b 44 66 b0 10 c6 00 00 
.......D.G.@+Df.....

GAME->Client [08:12:56 07/07/09] packet size: 205 CRYPTED, Flags: 7f ServerSeq: 495 ClientSeq: 518
02 03 02 00 03 09 00 00 8a 44 d7 47 00 40 2b 44 66 b0 10 c6 f1 d0 ca 1d ff 01 64 01 00 00 00 00 
00 00 00 00 00 00 00 08 41 6e 64 65 72 73 6f 6e 06 54 68 6f 6d 61 73 ff 04 80 73 1a e9 82 80 60 
04 00 02 8e 00 00 00 01 00 00 00 00 00 00 00 00 00 00 00 00 00 00 ff 28 0a 32 00 f0 20 46 14 00 
b6 d0 ca 1d 00 00 00 40 91 e8 fa 40 00 00 00 00 00 68 85 40 00 00 00 c0 0c 16 c2 c0 00 ff 00 00 
00 00 00 f7 00 00 00 f7 00 00 00 00 00 28 0a ff 00 31 5e 00 00 00 00 00 00 00 00 00 00 00 00 00 
00 00 00 ff 00 00 00 00 01 00 00 00 00 00 00 00 80 3f 11 00 00 00 4b b1 00 00 71 02 00 00 3f 00 
00 00 01 22 00 00 00 00 00 00 00 00 00 
.........D.G.@+Df.........d.............Anderson.Thomas...s....`.......................(.2.. F..
.......@...@.....h.@.........................(...1^..............................?....K...q...?.
...".........

Client->GAME [08:12:56 07/07/09] packet size: 1 CRYPTED, Flags: 7f ServerSeq: 271 ClientSeq: 537
02 
.

GAME->Client [08:12:56 07/07/09] packet size: 205 CRYPTED, Flags: 7f ServerSeq: 496 ClientSeq: 519
02 03 02 00 03 09 00 00 8a 44 d7 47 00 40 2b 44 66 b0 10 c6 6e d1 ca 1d ff 01 64 01 00 00 00 00 
00 00 00 00 00 00 00 08 41 6e 64 65 72 73 6f 6e 06 54 68 6f 6d 61 73 ff 04 80 73 1a e9 82 80 60 
04 00 02 8e 00 00 00 01 00 00 00 00 00 00 00 00 00 00 00 00 00 00 ff 28 0a 32 00 f0 20 46 14 00 
b6 d0 ca 1d 00 00 00 40 91 e8 fa 40 00 00 00 00 00 68 85 40 00 00 00 c0 0c 16 c2 c0 00 ff 00 00 
00 00 00 f7 00 00 00 f7 00 00 00 00 00 28 0a ff 00 31 5e 00 00 00 00 00 00 00 00 00 00 00 00 00 
00 00 00 ff 00 00 00 00 01 00 00 00 00 00 00 00 80 3f 11 00 00 00 4b b1 00 00 71 02 00 00 3f 00 
00 00 01 22 00 00 00 00 00 00 00 00 00 
.........D.G.@+Df...n.....d.............Anderson.Thomas...s....`.......................(.2.. F..
.......@...@.....h.@.........................(...1^..............................?....K...q...?.
...".........

Client->GAME [08:12:57 07/07/09] packet size: 1 CRYPTED, Flags: 7f ServerSeq: 256 ClientSeq: 538
02 
.

GAME->Client [08:12:57 07/07/09] packet size: 1 CRYPTED, Flags: 7f ServerSeq: 497 ClientSeq: 521
02 
.

