GAME->Client [07:16:05 07/24/09] packet size: 21 CRYPTED, Flags: 7f ServerSeq: 209 ClientSeq: 15
02 03 15 00 02 0c d8 d4 f3 df 47 f0 bf 2d 44 fe cb d4 45 00 00 
..........G..-D...E..

Client->GAME [07:16:05 07/24/09] packet size: 1 CRYPTED, Flags: 7f ServerSeq: 1 ClientSeq: 226
02 
.

GAME->Client [07:16:05 07/24/09] packet size: 37 CRYPTED, Flags: 7e ServerSeq: 210 ClientSeq: 1
02 03 15 00 02 0c ce d4 f3 df 47 f0 bf 2d 44 fe cb d4 45 0c 00 02 08 bb 10 dc 47 f0 bf 2d 44 a6 
2d e6 45 00 00 
..........G..-D...E.......G..-D.-.E..

Client->GAME [07:16:05 07/24/09] packet size: 1 CRYPTED, Flags: 7f ServerSeq: 2 ClientSeq: 227
02 
.

GAME->Client [07:16:05 07/24/09] packet size: 21 CRYPTED, Flags: 7d ServerSeq: 211 ClientSeq: 2
02 03 15 00 02 0c c4 d4 f3 df 47 f0 bf 2d 44 fe cb d4 45 00 00 
..........G..-D...E..

Client->GAME [07:16:05 07/24/09] packet size: 1 CRYPTED, Flags: 7f ServerSeq: 3 ClientSeq: 228
02 
.

GAME->Client [07:16:05 07/24/09] packet size: 21 CRYPTED, Flags: 7b ServerSeq: 212 ClientSeq: 3
02 03 15 00 02 0c ba d4 f3 df 47 f0 bf 2d 44 fe cb d4 45 00 00 
..........G..-D...E..

Client->GAME [07:16:05 07/24/09] packet size: 1 CRYPTED, Flags: 7f ServerSeq: 4 ClientSeq: 229
02 
.

GAME->Client [07:16:05 07/24/09] packet size: 21 CRYPTED, Flags: 77 ServerSeq: 213 ClientSeq: 4
02 03 15 00 02 0c b0 d4 f3 df 47 f0 bf 2d 44 fe cb d4 45 00 00 
..........G..-D...E..

Client->GAME [07:16:05 07/24/09] packet size: 1 CRYPTED, Flags: 7f ServerSeq: 5 ClientSeq: 230
02 
.

GAME->Client [07:16:05 07/24/09] packet size: 22 CRYPTED, Flags: 6f ServerSeq: 214 ClientSeq: 5
02 03 15 00 02 0e 01 a6 53 ef df 47 f0 bf 2d 44 8e 96 d4 45 00 00 
........S..G..-D...E..

Client->GAME [07:16:05 07/24/09] packet size: 1 CRYPTED, Flags: 7f ServerSeq: 6 ClientSeq: 231
02 
.

GAME->Client [07:16:05 07/24/09] packet size: 26 CRYPTED, Flags: 5f ServerSeq: 215 ClientSeq: 6
82 cb 6b 7a 47 03 15 00 02 0e 01 9c ae e7 df 47 f0 bf 2d 44 ea 12 d4 45 00 00 
..kzG..........G..-D...E..

Client->GAME [07:16:05 07/24/09] packet size: 1 CRYPTED, Flags: 7f ServerSeq: 7 ClientSeq: 232
02 
.

GAME->Client [07:16:05 07/24/09] packet size: 21 CRYPTED, Flags: 3f ServerSeq: 216 ClientSeq: 7
02 03 15 00 02 0c 98 6c e1 df 47 f0 bf 2d 44 02 7d d3 45 00 00 
.......l..G..-D.}.E..

Client->GAME [07:16:05 07/24/09] packet size: 1 CRYPTED, Flags: 7f ServerSeq: 8 ClientSeq: 233
02 
.

GAME->Client [07:16:06 07/24/09] packet size: 20 CRYPTED, Flags: 7f ServerSeq: 217 ClientSeq: 9
02 03 0c 00 02 08 83 ab db 47 f0 bf 2d 44 e4 05 e6 45 00 00 
.........G..-D...E..

Client->GAME [07:16:06 07/24/09] packet size: 1 CRYPTED, Flags: 7f ServerSeq: 9 ClientSeq: 234
02 
.

Client->GAME [07:16:06 07/24/09] packet size: 10 CRYPTED, Flags: 7f ServerSeq: 9 ClientSeq: 235
02 03 02 00 01 06 03 3b 00 00 
.......;..

GAME->Client [07:16:06 07/24/09] packet size: 20 CRYPTED, Flags: 7f ServerSeq: 218 ClientSeq: 10
02 03 15 00 02 08 ad b5 df 47 f0 bf 2d 44 78 65 cf 45 00 00 
.........G..-Dxe.E..

Client->GAME [07:16:06 07/24/09] packet size: 1 CRYPTED, Flags: 7f ServerSeq: 10 ClientSeq: 236
02 
.

Client->GAME [07:16:06 07/24/09] packet size: 22 CRYPTED, Flags: 7f ServerSeq: 10 ClientSeq: 237
02 03 02 00 01 0e 03 3b 3f af dc 47 f0 bf 2d 44 52 f0 b2 45 00 00 
.......;?..G..-DR..E..

GAME->Client [07:16:06 07/24/09] packet size: 48 CRYPTED, Flags: 7f ServerSeq: 219 ClientSeq: 12
82 0c 6d 7a 47 03 02 00 02 80 04 1e 15 00 02 0c 99 2e a9 df 47 f0 bf 2d 44 4a 3a ce 45 03 00 01 
00 04 41 9a dc 47 f0 bf 2d 44 d3 c6 b2 45 00 00 
..mzG...............G..-DJ:.E.....A..G..-D...E..

Client->GAME [07:16:07 07/24/09] packet size: 1 CRYPTED, Flags: 7f ServerSeq: 11 ClientSeq: 238
02 
.

GAME->Client [07:16:07 07/24/09] packet size: 21 CRYPTED, Flags: 7f ServerSeq: 220 ClientSeq: 12
02 03 03 00 01 00 04 5e bf dc 47 f0 bf 2d 44 01 10 b3 45 00 00 
.......^..G..-D...E..

Client->GAME [07:16:07 07/24/09] packet size: 1 CRYPTED, Flags: 7f ServerSeq: 12 ClientSeq: 239
02 
.

Client->GAME [07:16:07 07/24/09] packet size: 21 CRYPTED, Flags: 7f ServerSeq: 12 ClientSeq: 240
02 03 02 00 01 0a 00 6b fa dc 47 f0 bf 2d 44 9d 5f b3 45 00 00 
.......k..G..-D._.E..

GAME->Client [07:16:07 07/24/09] packet size: 696 CRYPTED, Flags: 7f ServerSeq: 221 ClientSeq: 14
02 04 01 00 f8 1e 16 80 bc 11 00 d7 08 00 00 00 00 00 cb 02 00 00 00 00 01 00 00 00 00 16 80 bc 
56 00 1a 09 00 c5 a7 00 00 7e 02 16 00 00 00 01 00 00 00 00 16 80 bc 56 00 1b 09 00 c5 a7 00 00 
cc 00 19 00 00 00 01 00 00 00 00 16 80 bc 56 00 1c 09 00 c5 a7 00 00 41 02 28 00 00 00 01 00 00 
00 00 16 80 bc 56 00 1d 09 00 c5 a7 00 00 09 04 16 00 00 00 01 00 00 00 00 16 80 bc 56 00 1e 09 
00 c5 a7 00 00 16 04 01 00 00 00 01 00 00 00 00 16 80 bc 56 00 1f 09 00 95 b7 00 00 b4 00 16 00 
00 00 01 00 00 00 00 16 80 bc 56 00 20 09 00 95 b7 00 00 09 04 16 00 00 00 01 00 00 00 00 16 80 
bc 56 00 21 09 00 95 b7 00 00 9d 00 16 00 00 00 01 00 00 00 00 16 80 bc 56 00 22 09 00 95 b7 00 
00 b5 00 16 00 00 00 01 00 00 00 00 16 80 bc 56 00 23 09 00 24 b3 00 00 89 02 02 00 00 00 01 00 
00 00 00 16 80 bc 56 00 24 09 00 24 b3 00 00 1a 04 01 00 00 00 01 00 00 00 00 16 80 bc 56 00 25 
09 00 24 b3 00 00 b4 00 21 00 00 00 01 00 00 00 00 16 80 bc 56 00 26 09 00 24 b3 00 00 09 04 21 
00 00 00 01 00 00 00 00 16 80 bc 56 00 27 09 00 24 b3 00 00 15 04 02 00 00 00 01 00 00 00 00 16 
80 bc 56 00 28 09 00 24 b3 00 00 b5 00 21 00 00 00 01 00 00 00 00 16 80 bc 56 00 29 09 00 95 a7 
00 00 b4 00 12 00 00 00 01 00 00 00 00 16 80 bc 56 00 2a 09 00 95 a7 00 00 b5 00 12 00 00 00 01 
00 00 00 00 16 80 bc 56 00 2b 09 00 95 a7 00 00 09 04 12 00 00 00 01 00 00 00 00 16 80 bc 56 00 
2c 09 00 95 a7 00 00 70 00 0f 00 00 00 01 00 00 00 00 16 80 bc 56 00 2d 09 00 2c b3 00 00 17 04 
01 00 00 00 01 00 00 00 00 16 80 bc 56 00 2e 09 00 2c b3 00 00 b4 00 21 00 00 00 01 00 00 00 00 
16 80 bc 56 00 2f 09 00 2c b3 00 00 09 04 21 00 00 00 01 00 00 00 00 16 80 bc 56 00 30 09 00 2c 
b3 00 00 12 04 02 00 00 00 01 00 00 00 00 16 80 bc 56 00 31 09 00 2c b3 00 00 07 04 02 00 00 00 
01 00 00 00 00 16 80 bc 56 00 32 09 00 2c b3 00 00 b5 00 21 00 00 00 01 00 00 00 00 16 80 bc 56 
00 33 09 00 c3 b2 00 00 89 02 02 00 00 00 01 00 00 00 00 16 80 bc 56 00 34 09 00 c3 b2 00 00 21 
04 02 00 00 00 01 00 00 00 00 16 80 bc 56 00 35 09 00 c3 b2 00 00 b4 00 1f 00 00 00 01 00 00 00 
00 16 80 bc 56 00 36 09 00 c3 b2 00 00 09 04 1f 00 00 00 01 00 00 00 00 
................................V........~.............V......................V........A.(......
.....V......................V......................V......................V. ...................
.V.!....................V."....................V.#..$.................V.$..$.................V.%
..$.....!...........V.&..$.....!...........V.'..$.................V.(..$.....!...........V.)....
................V.*....................V.+....................V.,......p.............V.-..,.....
............V....,.....!...........V./..,.....!...........V.0..,.................V.1..,.........
........V.2..,.....!...........V.3....................V.4......!.............V.5................
....V.6.................

Client->GAME [07:16:07 07/24/09] packet size: 1 CRYPTED, Flags: 7f ServerSeq: 13 ClientSeq: 241
02 
.

GAME->Client [07:16:07 07/24/09] packet size: 696 CRYPTED, Flags: 7f ServerSeq: 222 ClientSeq: 15
02 04 01 01 16 1e 16 80 bc 56 00 37 09 00 c3 b2 00 00 1e 04 01 00 00 00 01 00 00 00 00 16 80 bc 
56 00 38 09 00 c3 b2 00 00 9d 00 1f 00 00 00 01 00 00 00 00 16 80 bc 55 00 39 09 00 02 00 00 00 
cc 00 0c 00 00 00 01 00 00 00 00 16 80 bc 55 00 3a 09 00 0b 00 00 00 37 02 96 00 00 00 01 00 00 
00 00 16 80 bc 55 00 3b 09 00 2d 00 00 00 23 04 0a 00 00 00 01 00 00 00 00 16 80 bc 55 00 3c 09 
00 2d 00 00 00 20 04 0a 00 00 00 01 00 00 00 00 16 80 bc 55 00 3d 09 00 2d 00 00 00 19 04 05 00 
00 00 01 00 00 00 00 16 80 bc 55 00 3e 09 00 2d 00 00 00 42 04 05 00 00 00 01 00 00 00 00 16 80 
bc 55 00 3f 09 00 34 00 00 00 83 02 c8 00 00 00 01 00 00 00 00 16 80 bc 55 00 40 09 00 4b 00 00 
00 1f 04 19 00 00 00 01 00 00 00 00 16 80 bc 55 00 41 09 00 5f 00 00 00 7c 04 0f 00 00 00 01 00 
00 00 00 16 80 bc 55 00 42 09 00 5f 00 00 00 07 04 0f 00 00 00 01 00 00 00 00 16 80 bc 55 00 43 
09 00 62 00 00 00 06 04 01 00 00 00 01 00 00 00 00 16 80 bc 55 00 44 09 00 62 00 00 00 15 04 01 
00 00 00 01 00 00 00 00 16 80 bc 55 00 45 09 00 5a 01 00 00 07 04 05 00 00 00 01 00 00 00 00 16 
80 bc 55 00 46 09 00 5a 01 00 00 1d 04 0f 00 00 00 01 00 00 00 00 16 80 bc 55 00 47 09 00 64 01 
00 00 1f 04 05 00 00 00 01 00 00 00 00 16 80 bc 55 00 48 09 00 66 01 00 00 7b 04 05 00 00 00 01 
00 00 00 00 16 80 bc 55 00 49 09 00 66 01 00 00 12 04 0a 00 00 00 01 00 00 00 00 16 80 bc 55 00 
4a 09 00 66 01 00 00 06 04 0b 00 00 00 01 00 00 00 00 16 80 bc 55 00 4b 09 00 8e 01 00 00 03 04 
05 00 00 00 01 00 00 00 00 16 80 bc 55 00 4c 09 00 8e 01 00 00 12 04 0f 00 00 00 01 00 00 00 00 
16 80 bc 55 00 4d 09 00 8e 01 00 00 77 04 05 00 00 00 01 00 00 00 00 16 80 bc 55 00 4e 09 00 cd 
01 00 00 e5 03 05 00 00 00 01 00 00 00 00 16 80 bc 55 00 4f 09 00 cd 01 00 00 73 04 05 00 00 00 
01 00 00 00 00 16 80 bc 55 00 50 09 00 cd 01 00 00 e3 03 0f 00 00 00 01 00 00 00 00 16 80 bc 55 
00 51 09 00 d5 01 00 00 e3 03 05 00 00 00 01 00 00 00 00 16 80 bc 55 00 52 09 00 36 02 00 00 37 
02 0a 00 00 00 01 00 00 00 00 16 80 bc 55 00 53 09 00 74 02 00 00 34 02 1e 00 00 00 01 00 00 00 
00 16 80 bc 15 00 54 09 00 ee 03 00 00 f1 03 33 00 00 00 01 00 00 00 00 
.........V.7....................V.8....................U.9....................U.:......7........
.....U.;..-...#.............U.<..-... .............U.=..-.................U.>..-...B............
.U.?..4.................U.@..K.................U.A.._...|.............U.B.._.................U.C
..b.................U.D..b.................U.E..Z.................U.F..Z.................U.G..d.
................U.H..f...{.............U.I..f.................U.J..f.................U.K........
............U.L....................U.M......w.............U.N....................U.O......s.....
........U.P....................U.Q....................U.R..6...7.............U.S..t...4.........
......T........3........

Client->GAME [07:16:07 07/24/09] packet size: 1 CRYPTED, Flags: 7f ServerSeq: 14 ClientSeq: 242
02 
.

GAME->Client [07:16:07 07/24/09] packet size: 341 CRYPTED, Flags: 7f ServerSeq: 223 ClientSeq: 1
02 04 02 01 34 03 16 80 bc 15 00 55 09 00 ee 03 00 00 56 01 6b 00 00 00 01 00 00 00 00 16 80 bc 
15 00 56 09 00 ee 03 00 00 ed 03 4b 00 00 00 01 00 00 00 00 16 80 bc 15 00 57 09 00 ee 03 00 00 
ae 00 1c 00 00 00 01 00 00 00 00 01 37 11 16 80 bc 15 00 58 09 00 ee 03 00 00 f3 03 45 00 00 00 
01 00 00 00 00 16 80 bc 15 00 59 09 00 ee 03 00 00 ac 00 2d 00 00 00 01 00 00 00 00 16 80 bc 15 
00 5a 09 00 ee 03 00 00 b7 00 4b 00 00 00 01 00 00 00 00 16 80 bc 15 00 5b 09 00 ee 03 00 00 f2 
03 33 00 00 00 01 00 00 00 00 04 80 b3 11 00 16 80 bc 45 03 11 00 00 02 00 00 00 11 00 32 00 00 
00 01 00 00 00 00 04 80 b3 35 04 16 80 bc 45 03 35 04 00 62 00 00 00 35 04 00 00 00 00 01 00 00 
00 00 04 80 b3 3d 04 16 80 bc 45 03 3d 04 00 43 00 00 00 3d 04 00 00 00 00 01 00 00 00 00 04 80 
b3 3e 04 16 80 bc 45 03 3e 04 00 4f 01 00 00 3e 04 00 00 00 00 01 00 00 00 00 04 80 b3 3f 04 16 
80 bc 45 03 3f 04 00 64 01 00 00 3f 04 00 00 00 00 01 00 00 00 00 04 80 b3 40 04 16 80 bc 45 03 
40 04 00 d5 01 00 00 40 04 00 00 00 00 01 00 00 00 00 02 81 07 
....4......U......V.k.............V........K.............W..................7......X........E...
..........Y........-.............Z........K.............[........3................E..........2..
.........5....E.5..b...5.............=....E.=..C...=.............>....E.>..O...>.............?..
..E.?..d...?.............@....E.@......@.............

Client->GAME [07:16:07 07/24/09] packet size: 13 CRYPTED, Flags: 7f ServerSeq: 15 ClientSeq: 243
02 04 01 00 32 01 06 81 08 00 00 00 00 
....2........

GAME->Client [07:16:07 07/24/09] packet size: 1 CRYPTED, Flags: 7f ServerSeq: 224 ClientSeq: 3
02 
.

GAME->Client [07:16:08 07/24/09] packet size: 1 CRYPTED, Flags: 7f ServerSeq: 225 ClientSeq: 3
42 
B

Client->GAME [07:16:08 07/24/09] packet size: 1 CRYPTED, Flags: 7f ServerSeq: 0 ClientSeq: 244
02 
.

GAME->Client [07:16:08 07/24/09] packet size: 5 CRYPTED, Flags: 7f ServerSeq: 226 ClientSeq: 3
c2 8b 6e 7a 47 
..nzG

GAME->Client [07:16:08 07/24/09] packet size: 1 CRYPTED, Flags: 7f ServerSeq: 227 ClientSeq: 4
42 
B

GAME->Client [07:16:08 07/24/09] packet size: 1 CRYPTED, Flags: 7f ServerSeq: 228 ClientSeq: 4
42 
B

GAME->Client [07:16:08 07/24/09] packet size: 1 CRYPTED, Flags: 7f ServerSeq: 229 ClientSeq: 4
42 
B

GAME->Client [07:16:08 07/24/09] packet size: 1 CRYPTED, Flags: 7f ServerSeq: 230 ClientSeq: 4
42 
B

Client->GAME [07:16:08 07/24/09] packet size: 13 CRYPTED, Flags: 0 ServerSeq: 0 ClientSeq: 1
22 04 01 00 00 01 06 81 51 00 00 00 00 
".......Q....

GAME->Client [07:16:09 07/24/09] packet size: 1 CRYPTED, Flags: 7f ServerSeq: 231 ClientSeq: 4
42 
B

GAME->Client [07:16:09 07/24/09] packet size: 1 CRYPTED, Flags: 7f ServerSeq: 232 ClientSeq: 4
42 
B

GAME->Client [07:16:09 07/24/09] packet size: 146 CRYPTED, Flags: 0 ServerSeq: 1 ClientSeq: 0
82 6b 6f 7a 47 04 01 00 00 03 71 06 0e 00 01 00 00 00 6b 6f 7a 47 01 44 00 34 00 72 65 73 6f 75 
72 63 65 2f 77 6f 72 6c 64 73 2f 66 69 6e 61 6c 5f 77 6f 72 6c 64 2f 73 6c 75 6d 73 5f 62 61 72 
72 65 6e 73 5f 66 75 6c 6c 2e 6d 65 74 72 00 2b 00 48 61 6c 6c 6f 77 65 65 6e 5f 45 76 65 6e 74 
2c 57 69 6e 74 65 72 33 48 61 6c 6c 6f 77 65 65 6e 46 6c 79 45 79 65 54 53 45 43 00 0a 80 e5 e7 
cb c0 12 00 00 00 00 0a 80 e4 78 09 0b e6 00 00 00 00 
.kozG.....q.......kozG.D.4.resource/worlds/final_world/slums_barrens_full.metr.+.Halloween_Event
,Winter3HalloweenFlyEyeTSEC...............x.......

GAME->Client [07:16:09 07/24/09] packet size: 1340 CRYPTED, Flags: 0 ServerSeq: 2 ClientSeq: 0
02 04 01 00 03 3a 16 80 bc 11 00 5c 09 00 00 00 00 00 cb 02 00 00 00 00 01 00 00 00 00 16 80 bc 
56 00 5d 09 00 c5 a7 00 00 7e 02 16 00 00 00 01 00 00 00 00 16 80 bc 56 00 5e 09 00 c5 a7 00 00 
cc 00 19 00 00 00 01 00 00 00 00 16 80 bc 56 00 5f 09 00 c5 a7 00 00 41 02 28 00 00 00 01 00 00 
00 00 16 80 bc 56 00 60 09 00 c5 a7 00 00 09 04 16 00 00 00 01 00 00 00 00 16 80 bc 56 00 61 09 
00 c5 a7 00 00 16 04 01 00 00 00 01 00 00 00 00 16 80 bc 56 00 62 09 00 95 b7 00 00 b4 00 16 00 
00 00 01 00 00 00 00 16 80 bc 56 00 63 09 00 95 b7 00 00 09 04 16 00 00 00 01 00 00 00 00 16 80 
bc 56 00 64 09 00 95 b7 00 00 9d 00 16 00 00 00 01 00 00 00 00 16 80 bc 56 00 65 09 00 95 b7 00 
00 b5 00 16 00 00 00 01 00 00 00 00 16 80 bc 56 00 66 09 00 24 b3 00 00 89 02 02 00 00 00 01 00 
00 00 00 16 80 bc 56 00 67 09 00 24 b3 00 00 1a 04 01 00 00 00 01 00 00 00 00 16 80 bc 56 00 68 
09 00 24 b3 00 00 b4 00 21 00 00 00 01 00 00 00 00 16 80 bc 56 00 69 09 00 24 b3 00 00 09 04 21 
00 00 00 01 00 00 00 00 16 80 bc 56 00 6a 09 00 24 b3 00 00 15 04 02 00 00 00 01 00 00 00 00 16 
80 bc 56 00 6b 09 00 24 b3 00 00 b5 00 21 00 00 00 01 00 00 00 00 16 80 bc 56 00 6c 09 00 95 a7 
00 00 b4 00 12 00 00 00 01 00 00 00 00 16 80 bc 56 00 6d 09 00 95 a7 00 00 b5 00 12 00 00 00 01 
00 00 00 00 16 80 bc 56 00 6e 09 00 95 a7 00 00 09 04 12 00 00 00 01 00 00 00 00 16 80 bc 56 00 
6f 09 00 95 a7 00 00 70 00 0f 00 00 00 01 00 00 00 00 16 80 bc 56 00 70 09 00 2c b3 00 00 17 04 
01 00 00 00 01 00 00 00 00 16 80 bc 56 00 71 09 00 2c b3 00 00 b4 00 21 00 00 00 01 00 00 00 00 
16 80 bc 56 00 72 09 00 2c b3 00 00 09 04 21 00 00 00 01 00 00 00 00 16 80 bc 56 00 73 09 00 2c 
b3 00 00 12 04 02 00 00 00 01 00 00 00 00 16 80 bc 56 00 74 09 00 2c b3 00 00 07 04 02 00 00 00 
01 00 00 00 00 16 80 bc 56 00 75 09 00 2c b3 00 00 b5 00 21 00 00 00 01 00 00 00 00 16 80 bc 56 
00 76 09 00 c3 b2 00 00 89 02 02 00 00 00 01 00 00 00 00 16 80 bc 56 00 77 09 00 c3 b2 00 00 21 
04 02 00 00 00 01 00 00 00 00 16 80 bc 56 00 78 09 00 c3 b2 00 00 b4 00 1f 00 00 00 01 00 00 00 
00 16 80 bc 56 00 79 09 00 c3 b2 00 00 09 04 1f 00 00 00 01 00 00 00 00 16 80 bc 56 00 7a 09 00 
c3 b2 00 00 1e 04 01 00 00 00 01 00 00 00 00 16 80 bc 56 00 7b 09 00 c3 b2 00 00 9d 00 1f 00 00 
00 01 00 00 00 00 16 80 bc 55 00 7c 09 00 02 00 00 00 cc 00 0c 00 00 00 01 00 00 00 00 16 80 bc 
55 00 7d 09 00 0b 00 00 00 37 02 96 00 00 00 01 00 00 00 00 16 80 bc 55 00 7e 09 00 2d 00 00 00 
23 04 0a 00 00 00 01 00 00 00 00 16 80 bc 55 00 7f 09 00 2d 00 00 00 20 04 0a 00 00 00 01 00 00 
00 00 16 80 bc 55 00 80 09 00 2d 00 00 00 19 04 05 00 00 00 01 00 00 00 00 16 80 bc 55 00 81 09 
00 2d 00 00 00 42 04 05 00 00 00 01 00 00 00 00 16 80 bc 55 00 82 09 00 34 00 00 00 83 02 c8 00 
00 00 01 00 00 00 00 16 80 bc 55 00 83 09 00 4b 00 00 00 1f 04 19 00 00 00 01 00 00 00 00 16 80 
bc 55 00 84 09 00 5f 00 00 00 7c 04 0f 00 00 00 01 00 00 00 00 16 80 bc 55 00 85 09 00 5f 00 00 
00 07 04 0f 00 00 00 01 00 00 00 00 16 80 bc 55 00 86 09 00 62 00 00 00 06 04 01 00 00 00 01 00 
00 00 00 16 80 bc 55 00 87 09 00 62 00 00 00 15 04 01 00 00 00 01 00 00 00 00 16 80 bc 55 00 88 
09 00 5a 01 00 00 07 04 05 00 00 00 01 00 00 00 00 16 80 bc 55 00 89 09 00 5a 01 00 00 1d 04 0f 
00 00 00 01 00 00 00 00 16 80 bc 55 00 8a 09 00 64 01 00 00 1f 04 05 00 00 00 01 00 00 00 00 16 
80 bc 55 00 8b 09 00 66 01 00 00 7b 04 05 00 00 00 01 00 00 00 00 16 80 bc 55 00 8c 09 00 66 01 
00 00 12 04 0a 00 00 00 01 00 00 00 00 16 80 bc 55 00 8d 09 00 66 01 00 00 06 04 0b 00 00 00 01 
00 00 00 00 16 80 bc 55 00 8e 09 00 8e 01 00 00 03 04 05 00 00 00 01 00 00 00 00 16 80 bc 55 00 
8f 09 00 8e 01 00 00 12 04 0f 00 00 00 01 00 00 00 00 16 80 bc 55 00 90 09 00 8e 01 00 00 77 04 
05 00 00 00 01 00 00 00 00 16 80 bc 55 00 91 09 00 cd 01 00 00 e5 03 05 00 00 00 01 00 00 00 00 
16 80 bc 55 00 92 09 00 cd 01 00 00 73 04 05 00 00 00 01 00 00 00 00 16 80 bc 55 00 93 09 00 cd 
01 00 00 e3 03 0f 00 00 00 01 00 00 00 00 16 80 bc 55 00 94 09 00 d5 01 00 00 e3 03 05 00 00 00 
01 00 00 00 00 16 80 bc 55 00 95 09 00 36 02 00 00 37 02 0a 00 00 00 01 00 00 00 00 
.....:.....\....................V.]......~.............V.^....................V._......A.(......
.....V.`....................V.a....................V.b....................V.c...................
.V.d....................V.e....................V.f..$.................V.g..$.................V.h
..$.....!...........V.i..$.....!...........V.j..$.................V.k..$.....!...........V.l....
................V.m....................V.n....................V.o......p.............V.p..,.....
............V.q..,.....!...........V.r..,.....!...........V.s..,.................V.t..,.........
........V.u..,.....!...........V.v....................V.w......!.............V.x................
....V.y....................V.z....................V.{....................U.|....................
U.}......7.............U.~..-...#.............U....-... .............U....-.................U...
.-...B.............U....4.................U....K.................U...._...|.............U...._..
...............U....b.................U....b.................U....Z.................U....Z......
...........U....d.................U....f...{.............U....f.................U....f..........
.......U......................U......................U........w.............U...................
...U........s.............U......................U......................U....6...7..........

Client->GAME [07:16:09 07/24/09] packet size: 6 CRYPTED, Flags: 1 ServerSeq: 1 ClientSeq: 2
02 05 02 0c 00 00 
......

GAME->Client [07:16:10 07/24/09] packet size: 387 CRYPTED, Flags: 2 ServerSeq: 3 ClientSeq: 2
02 04 02 00 3d 05 16 80 bc 55 00 96 09 00 74 02 00 00 34 02 1e 00 00 00 01 00 00 00 00 16 80 bc 
15 00 97 09 00 ee 03 00 00 f1 03 33 00 00 00 01 00 00 00 00 16 80 bc 15 00 98 09 00 ee 03 00 00 
56 01 6b 00 00 00 01 00 00 00 00 16 80 bc 15 00 99 09 00 ee 03 00 00 ed 03 4b 00 00 00 01 00 00 
00 00 16 80 bc 15 00 9a 09 00 ee 03 00 00 ae 00 1c 00 00 00 01 00 00 00 00 00 42 11 16 80 bc 15 
00 9b 09 00 ee 03 00 00 f3 03 45 00 00 00 01 00 00 00 00 16 80 bc 15 00 9c 09 00 ee 03 00 00 ac 
00 2d 00 00 00 01 00 00 00 00 16 80 bc 15 00 9d 09 00 ee 03 00 00 b7 00 4b 00 00 00 01 00 00 00 
00 16 80 bc 15 00 9e 09 00 ee 03 00 00 f2 03 33 00 00 00 01 00 00 00 00 04 80 b3 11 00 16 80 bc 
45 03 11 00 00 02 00 00 00 11 00 32 00 00 00 01 00 00 00 00 04 80 b3 35 04 16 80 bc 45 03 35 04 
00 62 00 00 00 35 04 00 00 00 00 01 00 00 00 00 04 80 b3 3d 04 16 80 bc 45 03 3d 04 00 43 00 00 
00 3d 04 00 00 00 00 01 00 00 00 00 04 80 b3 3e 04 16 80 bc 45 03 3e 04 00 4f 01 00 00 3e 04 00 
00 00 00 01 00 00 00 00 04 80 b3 3f 04 16 80 bc 45 03 3f 04 00 64 01 00 00 3f 04 00 00 00 00 01 
00 00 00 00 04 80 b3 40 04 16 80 bc 45 03 40 04 00 d5 01 00 00 40 04 00 00 00 00 01 00 00 00 00 
02 81 07 
....=....U....t...4........................3....................V.k......................K......
..........................B...............E......................-......................K.......
...............3................E..........2...........5....E.5..b...5.............=....E.=..C..
.=.............>....E.>..O...>.............?....E.?..d...?.............@....E.@......@..........
...

Client->GAME [07:16:10 07/24/09] packet size: 18 CRYPTED, Flags: 1 ServerSeq: 1 ClientSeq: 3
02 04 02 00 00 01 06 81 51 00 00 00 00 00 01 01 01 05 
........Q.........

Client->GAME [07:16:10 07/24/09] packet size: 13 CRYPTED, Flags: 7 ServerSeq: 3 ClientSeq: 4
02 04 01 00 02 01 06 81 08 00 00 00 00 
.............

GAME->Client [07:16:10 07/24/09] packet size: 1 CRYPTED, Flags: b ServerSeq: 4 ClientSeq: 4
02 
.

Client->GAME [07:16:11 07/24/09] packet size: 1 CRYPTED, Flags: f ServerSeq: 4 ClientSeq: 5
02 
.

GAME->Client [07:16:11 07/24/09] packet size: 5 CRYPTED, Flags: b ServerSeq: 5 ClientSeq: 4
c2 dc 71 7a 47 
..qzG

Client->GAME [07:16:11 07/24/09] packet size: 1 CRYPTED, Flags: 1f ServerSeq: 5 ClientSeq: 6
42 
B

GAME->Client [07:16:12 07/24/09] packet size: 1 CRYPTED, Flags: 2f ServerSeq: 6 ClientSeq: 6
42 
B

GAME->Client [07:16:12 07/24/09] packet size: 146 CRYPTED, Flags: 0 ServerSeq: 1 ClientSeq: 0
82 53 72 7a 47 04 01 00 00 03 71 06 0e 00 01 00 00 00 53 72 7a 47 01 44 00 34 00 72 65 73 6f 75 
72 63 65 2f 77 6f 72 6c 64 73 2f 66 69 6e 61 6c 5f 77 6f 72 6c 64 2f 73 6c 75 6d 73 5f 62 61 72 
72 65 6e 73 5f 66 75 6c 6c 2e 6d 65 74 72 00 2b 00 48 61 6c 6c 6f 77 65 65 6e 5f 45 76 65 6e 74 
2c 57 69 6e 74 65 72 33 48 61 6c 6c 6f 77 65 65 6e 46 6c 79 45 79 65 54 53 45 43 00 0a 80 e5 e7 
cb c0 12 00 00 00 00 0a 80 e4 78 09 0b e6 00 00 00 00 
.SrzG.....q.......SrzG.D.4.resource/worlds/final_world/slums_barrens_full.metr.+.Halloween_Event
,Winter3HalloweenFlyEyeTSEC...............x.......

Client->GAME [07:16:12 07/24/09] packet size: 6 CRYPTED, Flags: 1 ServerSeq: 1 ClientSeq: 1
02 05 02 0c 00 00 
......

Client->GAME [07:16:12 07/24/09] packet size: 12
00 00 00 00 00 01 04 08 c4 95 80 04 
............

Client->GAME [07:16:12 07/24/09] packet size: 8 CRYPTED, Flags: 1 ServerSeq: 1 ClientSeq: 2
02 04 01 00 00 01 01 05 
........

GAME->Client [07:16:12 07/24/09] packet size: 1 CRYPTED, Flags: 1 ServerSeq: 2 ClientSeq: 1
02 
.

GAME->Client [07:16:13 07/24/09] packet size: 12
00 00 00 00 00 01 04 08 c4 95 80 04 
............

GAME->Client [07:16:13 07/24/09] packet size: 274 CRYPTED, Flags: 3 ServerSeq: 3 ClientSeq: 2
02 03 01 00 0c 0c 00 f1 cd ab 28 9b 81 ff 71 02 00 00 41 6e 64 65 72 73 6f 6e 00 00 00 00 00 00 
00 00 00 00 00 00 00 00 00 00 00 00 00 00 00 00 00 00 05 b8 28 70 d0 03 54 68 6f 6d 61 73 00 00 
00 00 00 00 00 00 00 00 00 00 00 00 00 00 00 00 00 00 00 00 00 00 00 00 13 80 fc 49 00 00 02 28 
0a 25 00 f0 20 46 00 00 00 01 de 81 ff f7 00 31 5e 00 00 fe d4 78 3f 05 ce 67 00 41 66 74 65 72 
57 68 6f 72 75 4e 65 6f 00 00 00 00 00 00 00 00 00 00 00 00 00 00 00 00 00 00 00 00 00 00 00 88 
34 fb 40 00 00 00 00 fe b7 85 40 00 00 00 00 fc 27 73 c0 28 0a fd 64 01 00 00 67 00 75 d4 01 00 
4b b1 00 00 00 00 23 1a e9 90 80 b0 04 02 02 8e 00 00 00 f7 00 dd 00 00 00 00 a0 f5 04 41 00 00 
00 00 00 48 8c c0 00 00 00 00 00 45 da 40 81 ff 32 22 37 06 00 28 b8 00 30 00 02 01 00 04 00 89 
53 b8 d1 03 3b 1c 01 ee 03 00 00 67 00 02 00 00 00 00 
..........(...q...Anderson..........................(p..Thomas.............................I...(
.%.. F.........1^....x?..g.AfterWhoruNeo........................4.@.......@.....'s.(..d...g.u...
K.....#......................A.....H.......E.@..2"7..(..0.......S...;......g......

Client->GAME [07:16:13 07/24/09] packet size: 55 CRYPTED, Flags: 7 ServerSeq: 3 ClientSeq: 3
02 03 02 00 02 60 08 41 6e 64 65 72 73 6f 6e 06 54 68 6f 6d 61 73 00 00 04 01 00 01 05 02 80 be 
07 3f 45 00 10 00 00 00 08 3e 6b ee 03 00 00 00 00 02 81 48 02 0c 01 
.....`.Anderson.Thomas...........?E......>k........H...

GAME->Client [07:16:13 07/24/09] packet size: 700 CRYPTED, Flags: 7 ServerSeq: 4 ClientSeq: 3
82 06 74 7a 47 04 01 00 03 1e 16 80 bc 56 00 a0 09 00 c5 a7 00 00 7e 02 16 00 00 00 01 00 00 00 
00 16 80 bc 56 00 a1 09 00 c5 a7 00 00 cc 00 19 00 00 00 01 00 00 00 00 16 80 bc 56 00 a2 09 00 
c5 a7 00 00 41 02 28 00 00 00 01 00 00 00 00 16 80 bc 56 00 a3 09 00 c5 a7 00 00 09 04 16 00 00 
00 01 00 00 00 00 16 80 bc 56 00 a4 09 00 c5 a7 00 00 16 04 01 00 00 00 01 00 00 00 00 16 80 bc 
56 00 e2 09 00 c5 a7 00 00 7e 02 16 00 00 00 00 00 00 00 00 16 80 bc 56 00 e3 09 00 c5 a7 00 00 
cc 00 19 00 00 00 00 00 00 00 00 16 80 bc 56 00 e4 09 00 c5 a7 00 00 41 02 28 00 00 00 00 00 00 
00 00 16 80 bc 56 00 e5 09 00 c5 a7 00 00 09 04 16 00 00 00 00 00 00 00 00 16 80 bc 56 00 e6 09 
00 c5 a7 00 00 16 04 01 00 00 00 00 00 00 00 00 16 80 bc 56 00 a5 09 00 95 b7 00 00 b4 00 16 00 
00 00 01 00 00 00 00 16 80 bc 56 00 a6 09 00 95 b7 00 00 09 04 16 00 00 00 01 00 00 00 00 16 80 
bc 56 00 a7 09 00 95 b7 00 00 9d 00 16 00 00 00 01 00 00 00 00 16 80 bc 56 00 a8 09 00 95 b7 00 
00 b5 00 16 00 00 00 01 00 00 00 00 16 80 bc 56 00 e7 09 00 95 b7 00 00 b4 00 16 00 00 00 00 00 
00 00 00 16 80 bc 56 00 e8 09 00 95 b7 00 00 09 04 16 00 00 00 00 00 00 00 00 16 80 bc 56 00 e9 
09 00 95 b7 00 00 9d 00 16 00 00 00 00 00 00 00 00 16 80 bc 56 00 ea 09 00 95 b7 00 00 b5 00 16 
00 00 00 00 00 00 00 00 16 80 bc 56 00 a9 09 00 24 b3 00 00 89 02 02 00 00 00 01 00 00 00 00 16 
80 bc 56 00 aa 09 00 24 b3 00 00 1a 04 01 00 00 00 01 00 00 00 00 16 80 bc 56 00 ab 09 00 24 b3 
00 00 b4 00 21 00 00 00 01 00 00 00 00 16 80 bc 56 00 ac 09 00 24 b3 00 00 09 04 21 00 00 00 01 
00 00 00 00 16 80 bc 56 00 ad 09 00 24 b3 00 00 15 04 02 00 00 00 01 00 00 00 00 16 80 bc 56 00 
ae 09 00 24 b3 00 00 b5 00 21 00 00 00 01 00 00 00 00 16 80 bc 56 00 eb 09 00 24 b3 00 00 89 02 
02 00 00 00 00 00 00 00 00 16 80 bc 56 00 ec 09 00 24 b3 00 00 1a 04 01 00 00 00 00 00 00 00 00 
16 80 bc 56 00 ed 09 00 24 b3 00 00 b4 00 21 00 00 00 00 00 00 00 00 16 80 bc 56 00 ee 09 00 24 
b3 00 00 09 04 21 00 00 00 00 00 00 00 00 16 80 bc 56 00 ef 09 00 24 b3 00 00 15 04 02 00 00 00 
00 00 00 00 00 16 80 bc 56 00 f0 09 00 24 b3 00 00 b5 00 21 00 00 00 00 00 00 00 00 
..tzG........V........~.............V......................V........A.(...........V.............
.........V......................V........~.............V......................V........A.(......
.....V......................V......................V......................V.....................
.V......................V......................V......................V......................V..
....................V......................V....$.................V....$.................V....$.
....!...........V....$.....!...........V....$.................V....$.....!...........V....$.....
............V....$.................V....$.....!...........V....$.....!...........V....$.........
........V....$.....!........

GAME->Client [07:16:13 07/24/09] packet size: 696 CRYPTED, Flags: 7 ServerSeq: 5 ClientSeq: 3
02 04 01 00 21 1e 16 80 bc 56 00 af 09 00 95 a7 00 00 b4 00 12 00 00 00 01 00 00 00 00 16 80 bc 
56 00 b0 09 00 95 a7 00 00 b5 00 12 00 00 00 01 00 00 00 00 16 80 bc 56 00 b1 09 00 95 a7 00 00 
09 04 12 00 00 00 01 00 00 00 00 16 80 bc 56 00 b2 09 00 95 a7 00 00 70 00 0f 00 00 00 01 00 00 
00 00 16 80 bc 56 00 f1 09 00 95 a7 00 00 b4 00 12 00 00 00 00 00 00 00 00 16 80 bc 56 00 f2 09 
00 95 a7 00 00 b5 00 12 00 00 00 00 00 00 00 00 16 80 bc 56 00 f3 09 00 95 a7 00 00 09 04 12 00 
00 00 00 00 00 00 00 16 80 bc 56 00 f4 09 00 95 a7 00 00 70 00 0f 00 00 00 00 00 00 00 00 16 80 
bc 56 00 b3 09 00 2c b3 00 00 17 04 01 00 00 00 01 00 00 00 00 16 80 bc 56 00 b4 09 00 2c b3 00 
00 b4 00 21 00 00 00 01 00 00 00 00 16 80 bc 56 00 b5 09 00 2c b3 00 00 09 04 21 00 00 00 01 00 
00 00 00 16 80 bc 56 00 b6 09 00 2c b3 00 00 12 04 02 00 00 00 01 00 00 00 00 16 80 bc 56 00 b7 
09 00 2c b3 00 00 07 04 02 00 00 00 01 00 00 00 00 16 80 bc 56 00 b8 09 00 2c b3 00 00 b5 00 21 
00 00 00 01 00 00 00 00 16 80 bc 56 00 f5 09 00 2c b3 00 00 17 04 01 00 00 00 00 00 00 00 00 16 
80 bc 56 00 f6 09 00 2c b3 00 00 b4 00 21 00 00 00 00 00 00 00 00 16 80 bc 56 00 f7 09 00 2c b3 
00 00 09 04 21 00 00 00 00 00 00 00 00 16 80 bc 56 00 f8 09 00 2c b3 00 00 12 04 02 00 00 00 00 
00 00 00 00 16 80 bc 56 00 f9 09 00 2c b3 00 00 07 04 02 00 00 00 00 00 00 00 00 16 80 bc 56 00 
fa 09 00 2c b3 00 00 b5 00 21 00 00 00 00 00 00 00 00 16 80 bc 56 00 b9 09 00 c3 b2 00 00 89 02 
02 00 00 00 01 00 00 00 00 16 80 bc 56 00 ba 09 00 c3 b2 00 00 21 04 02 00 00 00 01 00 00 00 00 
16 80 bc 56 00 bb 09 00 c3 b2 00 00 b4 00 1f 00 00 00 01 00 00 00 00 16 80 bc 56 00 bc 09 00 c3 
b2 00 00 09 04 1f 00 00 00 01 00 00 00 00 16 80 bc 56 00 bd 09 00 c3 b2 00 00 1e 04 01 00 00 00 
01 00 00 00 00 16 80 bc 56 00 be 09 00 c3 b2 00 00 9d 00 1f 00 00 00 01 00 00 00 00 16 80 bc 56 
00 fb 09 00 c3 b2 00 00 89 02 02 00 00 00 00 00 00 00 00 16 80 bc 56 00 fc 09 00 c3 b2 00 00 21 
04 02 00 00 00 00 00 00 00 00 16 80 bc 56 00 fd 09 00 c3 b2 00 00 b4 00 1f 00 00 00 00 00 00 00 
00 16 80 bc 56 00 fe 09 00 c3 b2 00 00 09 04 1f 00 00 00 00 00 00 00 00 
....!....V......................V......................V......................V........p........
.....V......................V......................V......................V........p............
.V....,.................V....,.....!...........V....,.....!...........V....,.................V..
..,.................V....,.....!...........V....,.................V....,.....!...........V....,.
....!...........V....,.................V....,.................V....,.....!...........V..........
............V........!.............V......................V......................V..............
........V......................V......................V........!.............V..................
....V...................

Client->GAME [07:16:13 07/24/09] packet size: 1 CRYPTED, Flags: 1f ServerSeq: 5 ClientSeq: 4
02 
.

GAME->Client [07:16:13 07/24/09] packet size: 709 CRYPTED, Flags: 7 ServerSeq: 6 ClientSeq: 3
02 04 02 00 3f 04 16 80 bc 56 00 ff 09 00 c3 b2 00 00 1e 04 01 00 00 00 00 00 00 00 00 16 80 bc 
56 00 00 0a 00 c3 b2 00 00 9d 00 1f 00 00 00 00 00 00 00 00 04 80 b3 11 00 16 80 bc 45 03 11 00 
00 02 00 00 00 11 00 32 00 00 00 01 00 00 00 00 00 43 1e 16 80 bc 55 00 bf 09 00 02 00 00 00 cc 
00 0c 00 00 00 01 00 00 00 00 08 80 b2 11 00 32 00 08 02 16 80 bc 45 03 11 00 00 02 00 00 00 11 
00 32 00 00 00 00 00 00 00 00 16 80 bc 55 00 01 0a 00 02 00 00 00 cc 00 0c 00 00 00 00 00 00 00 
00 16 80 bc 55 00 c0 09 00 0b 00 00 00 37 02 96 00 00 00 01 00 00 00 00 16 80 bc 55 00 02 0a 00 
0b 00 00 00 37 02 96 00 00 00 00 00 00 00 00 16 80 bc 55 00 c1 09 00 2d 00 00 00 23 04 0a 00 00 
00 01 00 00 00 00 16 80 bc 55 00 c2 09 00 2d 00 00 00 20 04 0a 00 00 00 01 00 00 00 00 16 80 bc 
55 00 c3 09 00 2d 00 00 00 19 04 05 00 00 00 01 00 00 00 00 16 80 bc 55 00 c4 09 00 2d 00 00 00 
42 04 05 00 00 00 01 00 00 00 00 16 80 bc 55 00 03 0a 00 2d 00 00 00 23 04 0a 00 00 00 00 00 00 
00 00 16 80 bc 55 00 04 0a 00 2d 00 00 00 20 04 0a 00 00 00 00 00 00 00 00 16 80 bc 55 00 05 0a 
00 2d 00 00 00 19 04 05 00 00 00 00 00 00 00 00 16 80 bc 55 00 06 0a 00 2d 00 00 00 42 04 05 00 
00 00 00 00 00 00 00 16 80 bc 55 00 c5 09 00 34 00 00 00 83 02 c8 00 00 00 01 00 00 00 00 16 80 
bc 55 00 07 0a 00 34 00 00 00 83 02 c8 00 00 00 00 00 00 00 00 04 80 b3 3d 04 16 80 bc 45 03 3d 
04 00 43 00 00 00 3d 04 00 00 00 00 01 00 00 00 00 08 80 b2 3d 04 00 00 08 02 16 80 bc 45 03 3d 
04 00 43 00 00 00 3d 04 00 00 00 00 00 00 00 00 00 16 80 bc 55 00 c6 09 00 4b 00 00 00 1f 04 19 
00 00 00 01 00 00 00 00 16 80 bc 55 00 08 0a 00 4b 00 00 00 1f 04 19 00 00 00 00 00 00 00 00 16 
80 bc 55 00 c7 09 00 5f 00 00 00 7c 04 0f 00 00 00 01 00 00 00 00 16 80 bc 55 00 c8 09 00 5f 00 
00 00 07 04 0f 00 00 00 01 00 00 00 00 16 80 bc 55 00 09 0a 00 5f 00 00 00 7c 04 0f 00 00 00 00 
00 00 00 00 16 80 bc 55 00 0a 0a 00 5f 00 00 00 07 04 0f 00 00 00 00 00 00 00 00 16 80 bc 55 00 
c9 09 00 62 00 00 00 06 04 01 00 00 00 01 00 00 00 00 04 80 b3 35 04 16 80 bc 45 03 35 04 00 62 
00 00 00 35 04 00 00 00 00 01 00 00 00 00 16 80 bc 55 00 ca 09 00 62 00 00 00 15 04 01 00 00 00 
01 00 00 00 00 
....?....V......................V...........................E..........2.........C....U.........
...............2......E..........2...........U......................U........7.............U....
....7.............U....-...#.............U....-... .............U....-.................U....-...
B.............U....-...#.............U....-... .............U....-.................U....-...B...
..........U....4.................U....4.................=....E.=..C...=.............=........E.=
..C...=.............U....K.................U....K.................U...._...|.............U...._.
................U...._...|.............U...._.................U....b.................5....E.5..b
...5.............U....b..............

Client->GAME [07:16:14 07/24/09] packet size: 1 CRYPTED, Flags: 3f ServerSeq: 6 ClientSeq: 5
02 
.

GAME->Client [07:16:14 07/24/09] packet size: 710 CRYPTED, Flags: f ServerSeq: 7 ClientSeq: 4
02 04 01 00 61 22 16 80 bc 55 00 0b 0a 00 62 00 00 00 06 04 01 00 00 00 00 00 00 00 00 08 80 b2 
35 04 00 00 08 02 16 80 bc 45 03 35 04 00 62 00 00 00 35 04 00 00 00 00 00 00 00 00 00 16 80 bc 
55 00 0c 0a 00 62 00 00 00 15 04 01 00 00 00 00 00 00 00 00 04 80 b3 3e 04 16 80 bc 45 03 3e 04 
00 4f 01 00 00 3e 04 00 00 00 00 01 00 00 00 00 08 80 b2 3e 04 00 00 08 02 16 80 bc 45 03 3e 04 
00 4f 01 00 00 3e 04 00 00 00 00 00 00 00 00 00 16 80 bc 55 00 cb 09 00 5a 01 00 00 07 04 05 00 
00 00 01 00 00 00 00 16 80 bc 55 00 cc 09 00 5a 01 00 00 1d 04 0f 00 00 00 01 00 00 00 00 16 80 
bc 55 00 0d 0a 00 5a 01 00 00 07 04 05 00 00 00 00 00 00 00 00 16 80 bc 55 00 0e 0a 00 5a 01 00 
00 1d 04 0f 00 00 00 00 00 00 00 00 04 80 b3 3f 04 16 80 bc 45 03 3f 04 00 64 01 00 00 3f 04 00 
00 00 00 01 00 00 00 00 16 80 bc 55 00 cd 09 00 64 01 00 00 1f 04 05 00 00 00 01 00 00 00 00 08 
80 b2 3f 04 00 00 08 02 16 80 bc 45 03 3f 04 00 64 01 00 00 3f 04 00 00 00 00 00 00 00 00 00 16 
80 bc 55 00 0f 0a 00 64 01 00 00 1f 04 05 00 00 00 00 00 00 00 00 16 80 bc 55 00 ce 09 00 66 01 
00 00 7b 04 05 00 00 00 01 00 00 00 00 16 80 bc 55 00 cf 09 00 66 01 00 00 12 04 0a 00 00 00 01 
00 00 00 00 16 80 bc 55 00 d0 09 00 66 01 00 00 06 04 0b 00 00 00 01 00 00 00 00 16 80 bc 55 00 
10 0a 00 66 01 00 00 7b 04 05 00 00 00 00 00 00 00 00 16 80 bc 55 00 11 0a 00 66 01 00 00 12 04 
0a 00 00 00 00 00 00 00 00 16 80 bc 55 00 12 0a 00 66 01 00 00 06 04 0b 00 00 00 00 00 00 00 00 
16 80 bc 55 00 d1 09 00 8e 01 00 00 03 04 05 00 00 00 01 00 00 00 00 16 80 bc 55 00 d2 09 00 8e 
01 00 00 12 04 0f 00 00 00 01 00 00 00 00 16 80 bc 55 00 d3 09 00 8e 01 00 00 77 04 05 00 00 00 
01 00 00 00 00 16 80 bc 55 00 13 0a 00 8e 01 00 00 03 04 05 00 00 00 00 00 00 00 00 16 80 bc 55 
00 14 0a 00 8e 01 00 00 12 04 0f 00 00 00 00 00 00 00 00 16 80 bc 55 00 15 0a 00 8e 01 00 00 77 
04 05 00 00 00 00 00 00 00 00 16 80 bc 55 00 d4 09 00 cd 01 00 00 e5 03 05 00 00 00 01 00 00 00 
00 16 80 bc 55 00 d5 09 00 cd 01 00 00 73 04 05 00 00 00 01 00 00 00 00 16 80 bc 55 00 d6 09 00 
cd 01 00 00 e3 03 0f 00 00 00 01 00 00 00 00 16 80 bc 55 00 16 0a 00 cd 01 00 00 e5 03 05 00 00 
00 00 00 00 00 00 
....a"...U....b.................5........E.5..b...5.............U....b.................>....E.>.
.O...>.............>........E.>..O...>.............U....Z.................U....Z................
.U....Z.................U....Z.................?....E.?..d...?.............U....d...............
..?........E.?..d...?.............U....d.................U....f...{.............U....f..........
.......U....f.................U....f...{.............U....f.................U....f..............
...U......................U......................U........w.............U......................U
......................U........w.............U......................U........s.............U....
..................U...................

Client->GAME [07:16:14 07/24/09] packet size: 1 CRYPTED, Flags: 7f ServerSeq: 7 ClientSeq: 6
02 
.

GAME->Client [07:16:14 07/24/09] packet size: 699 CRYPTED, Flags: 1f ServerSeq: 8 ClientSeq: 5
02 04 02 00 83 07 16 80 bc 55 00 17 0a 00 cd 01 00 00 73 04 05 00 00 00 00 00 00 00 00 16 80 bc 
55 00 18 0a 00 cd 01 00 00 e3 03 0f 00 00 00 00 00 00 00 00 04 80 b3 40 04 16 80 bc 45 03 40 04 
00 d5 01 00 00 40 04 00 00 00 00 01 00 00 00 00 16 80 bc 55 00 d7 09 00 d5 01 00 00 e3 03 05 00 
00 00 01 00 00 00 00 08 80 b2 40 04 00 00 08 02 16 80 bc 45 03 40 04 00 d5 01 00 00 40 04 00 00 
00 00 00 00 00 00 00 00 8a 19 16 80 bc 55 00 19 0a 00 d5 01 00 00 e3 03 05 00 00 00 00 00 00 00 
00 16 80 bc 55 00 d8 09 00 36 02 00 00 37 02 0a 00 00 00 01 00 00 00 00 16 80 bc 55 00 1a 0a 00 
36 02 00 00 37 02 0a 00 00 00 00 00 00 00 00 16 80 bc 55 00 d9 09 00 74 02 00 00 34 02 1e 00 00 
00 01 00 00 00 00 16 80 bc 55 00 1b 0a 00 74 02 00 00 34 02 1e 00 00 00 00 00 00 00 00 16 80 bc 
15 00 da 09 00 ee 03 00 00 f1 03 33 00 00 00 01 00 00 00 00 16 80 bc 15 00 db 09 00 ee 03 00 00 
56 01 6b 00 00 00 01 00 00 00 00 16 80 bc 15 00 dc 09 00 ee 03 00 00 ed 03 4b 00 00 00 01 00 00 
00 00 16 80 bc 15 00 dd 09 00 ee 03 00 00 ae 00 1c 00 00 00 01 00 00 00 00 16 80 bc 15 00 de 09 
00 ee 03 00 00 f3 03 45 00 00 00 01 00 00 00 00 16 80 bc 15 00 df 09 00 ee 03 00 00 ac 00 2d 00 
00 00 01 00 00 00 00 16 80 bc 15 00 e0 09 00 ee 03 00 00 b7 00 4b 00 00 00 01 00 00 00 00 16 80 
bc 15 00 e1 09 00 ee 03 00 00 f2 03 33 00 00 00 01 00 00 00 00 0b 80 bd 05 ee 03 00 00 00 00 00 
00 16 80 bc 15 00 1c 0a 00 ee 03 00 00 f1 03 33 00 00 00 00 00 00 00 00 16 80 bc 15 00 1d 0a 00 
ee 03 00 00 56 01 6b 00 00 00 00 00 00 00 00 16 80 bc 15 00 1e 0a 00 ee 03 00 00 ed 03 4b 00 00 
00 00 00 00 00 00 16 80 bc 15 00 1f 0a 00 ee 03 00 00 ae 00 1c 00 00 00 00 00 00 00 00 16 80 bc 
15 00 20 0a 00 ee 03 00 00 f3 03 45 00 00 00 00 00 00 00 00 16 80 bc 15 00 21 0a 00 ee 03 00 00 
ac 00 2d 00 00 00 00 00 00 00 00 16 80 bc 15 00 22 0a 00 ee 03 00 00 b7 00 4b 00 00 00 00 00 00 
00 00 16 80 bc 15 00 23 0a 00 ee 03 00 00 f2 03 33 00 00 00 00 00 00 00 00 0b 80 bd 05 ee 03 00 
00 00 00 00 01 17 3a 05 00 11 00 0a 00 50 76 50 53 65 72 76 65 72 00 04 00 06 00 00 00 1d 3a 05 
00 17 00 10 00 50 76 50 4d 61 78 53 61 66 65 4c 65 76 65 6c 00 04 00 0f 00 00 00 
.........U........s.............U......................@....E.@......@.............U............
..........@........E.@......@................U......................U....6...7.............U....
6...7.............U....t...4.............U....t...4........................3....................
V.k......................K.............................................E......................-.
.....................K......................3..................................3................
....V.k......................K.................................... ........E.............!......
..-............."........K.............#........3.....................:......PvPServer........:.
.....PvPMaxSafeLevel.......

Client->GAME [07:16:14 07/24/09] packet size: 1 CRYPTED, Flags: 7f ServerSeq: 8 ClientSeq: 7
02 
.

GAME->Client [07:16:14 07/24/09] packet size: 714 CRYPTED, Flags: 3f ServerSeq: 9 ClientSeq: 6
02 03 01 00 0c 18 0a cb cd ab 01 01 03 00 00 00 03 00 00 00 00 04 01 00 a3 1a 41 3a 05 00 14 00 
0d 00 57 52 5f 52 65 7a 45 76 65 6e 74 73 00 2b 00 48 61 6c 6c 6f 77 65 65 6e 5f 45 76 65 6e 74 
2c 57 69 6e 74 65 72 33 48 61 6c 6c 6f 77 65 65 6e 46 6c 79 45 79 65 54 53 45 43 00 1b 3a 05 00 
19 00 12 00 45 76 65 6e 74 53 6c 6f 74 31 5f 45 66 66 65 63 74 00 00 00 28 3a 05 00 19 00 12 00 
45 76 65 6e 74 53 6c 6f 74 32 5f 45 66 66 65 63 74 00 0d 00 66 6c 79 6d 61 6e 5f 69 64 6c 65 33 
00 25 3a 05 00 19 00 12 00 45 76 65 6e 74 53 6c 6f 74 33 5f 45 66 66 65 63 74 00 0a 00 66 6c 79 
5f 76 69 72 75 73 00 1f 3a 05 00 1b 00 14 00 46 69 78 65 64 42 69 6e 6b 49 44 4f 76 65 72 72 69 
64 65 00 02 00 20 00 16 80 bc 11 00 9f 09 00 00 00 00 00 cb 02 00 00 00 00 00 00 00 00 00 16 80 
bc 56 00 e2 09 00 c5 a7 00 00 7e 02 16 00 00 00 00 00 00 00 00 16 80 bc 56 00 e3 09 00 c5 a7 00 
00 cc 00 19 00 00 00 00 00 00 00 00 16 80 bc 56 00 e4 09 00 c5 a7 00 00 41 02 28 00 00 00 00 00 
00 00 00 16 80 bc 56 00 e5 09 00 c5 a7 00 00 09 04 16 00 00 00 00 00 00 00 00 16 80 bc 56 00 e6 
09 00 c5 a7 00 00 16 04 01 00 00 00 00 00 00 00 00 16 80 bc 56 00 e7 09 00 95 b7 00 00 b4 00 16 
00 00 00 00 00 00 00 00 16 80 bc 56 00 e8 09 00 95 b7 00 00 09 04 16 00 00 00 00 00 00 00 00 16 
80 bc 56 00 e9 09 00 95 b7 00 00 9d 00 16 00 00 00 00 00 00 00 00 16 80 bc 56 00 ea 09 00 95 b7 
00 00 b5 00 16 00 00 00 00 00 00 00 00 16 80 bc 56 00 eb 09 00 24 b3 00 00 89 02 02 00 00 00 00 
00 00 00 00 16 80 bc 56 00 ec 09 00 24 b3 00 00 1a 04 01 00 00 00 00 00 00 00 00 16 80 bc 56 00 
ed 09 00 24 b3 00 00 b4 00 21 00 00 00 00 00 00 00 00 16 80 bc 56 00 ee 09 00 24 b3 00 00 09 04 
21 00 00 00 00 00 00 00 00 16 80 bc 56 00 ef 09 00 24 b3 00 00 15 04 02 00 00 00 00 00 00 00 00 
16 80 bc 56 00 f0 09 00 24 b3 00 00 b5 00 21 00 00 00 00 00 00 00 00 16 80 bc 56 00 f1 09 00 95 
a7 00 00 b4 00 12 00 00 00 00 00 00 00 00 16 80 bc 56 00 f2 09 00 95 a7 00 00 b5 00 12 00 00 00 
00 00 00 00 00 16 80 bc 56 00 f3 09 00 95 a7 00 00 09 04 12 00 00 00 00 00 00 00 00 16 80 bc 56 
00 f4 09 00 95 a7 00 00 70 00 0f 00 00 00 00 00 00 00 00 16 80 bc 56 00 f5 09 00 2c b3 00 00 17 
04 01 00 00 00 00 00 00 00 00 
..........................A:......WR_RezEvents.+.Halloween_Event,Winter3HalloweenFlyEyeTSEC..:..
....EventSlot1_Effect...(:......EventSlot2_Effect...flyman_idle3.%:......EventSlot3_Effect...fly
_virus..:......FixedBinkIDOverride... ...........................V........~.............V.......
...............V........A.(...........V......................V......................V...........
...........V......................V......................V......................V....$..........
.......V....$.................V....$.....!...........V....$.....!...........V....$..............
...V....$.....!...........V......................V......................V......................V
........p.............V....,..............

Client->GAME [07:16:14 07/24/09] packet size: 1 CRYPTED, Flags: 7f ServerSeq: 9 ClientSeq: 8
02 
.

GAME->Client [07:16:14 07/24/09] packet size: 695 CRYPTED, Flags: 7f ServerSeq: 10 ClientSeq: 7
02 03 01 00 02 24 00 03 00 01 cf 07 75 d4 01 00 01 00 00 00 20 f7 00 f7 00 28 0a 28 0a 00 ad 27 
48 00 40 62 c4 00 28 d2 46 00 00 04 02 00 bd 09 16 80 bc 56 00 f6 09 00 2c b3 00 00 b4 00 21 00 
00 00 00 00 00 00 00 16 80 bc 56 00 f7 09 00 2c b3 00 00 09 04 21 00 00 00 00 00 00 00 00 16 80 
bc 56 00 f8 09 00 2c b3 00 00 12 04 02 00 00 00 00 00 00 00 00 16 80 bc 56 00 f9 09 00 2c b3 00 
00 07 04 02 00 00 00 00 00 00 00 00 16 80 bc 56 00 fa 09 00 2c b3 00 00 b5 00 21 00 00 00 00 00 
00 00 00 16 80 bc 56 00 fb 09 00 c3 b2 00 00 89 02 02 00 00 00 00 00 00 00 00 16 80 bc 56 00 fc 
09 00 c3 b2 00 00 21 04 02 00 00 00 00 00 00 00 00 16 80 bc 56 00 fd 09 00 c3 b2 00 00 b4 00 1f 
00 00 00 00 00 00 00 00 16 80 bc 56 00 fe 09 00 c3 b2 00 00 09 04 1f 00 00 00 00 00 00 00 00 00 
c6 13 16 80 bc 56 00 ff 09 00 c3 b2 00 00 1e 04 01 00 00 00 00 00 00 00 00 16 80 bc 56 00 00 0a 
00 c3 b2 00 00 9d 00 1f 00 00 00 00 00 00 00 00 16 80 bc 55 00 01 0a 00 02 00 00 00 cc 00 0c 00 
00 00 00 00 00 00 00 16 80 bc 55 00 02 0a 00 0b 00 00 00 37 02 96 00 00 00 00 00 00 00 00 16 80 
bc 55 00 03 0a 00 2d 00 00 00 23 04 0a 00 00 00 00 00 00 00 00 16 80 bc 55 00 04 0a 00 2d 00 00 
00 20 04 0a 00 00 00 00 00 00 00 00 16 80 bc 55 00 05 0a 00 2d 00 00 00 19 04 05 00 00 00 00 00 
00 00 00 16 80 bc 55 00 06 0a 00 2d 00 00 00 42 04 05 00 00 00 00 00 00 00 00 16 80 bc 55 00 07 
0a 00 34 00 00 00 83 02 c8 00 00 00 00 00 00 00 00 16 80 bc 55 00 08 0a 00 4b 00 00 00 1f 04 19 
00 00 00 00 00 00 00 00 16 80 bc 55 00 09 0a 00 5f 00 00 00 7c 04 0f 00 00 00 00 00 00 00 00 16 
80 bc 55 00 0a 0a 00 5f 00 00 00 07 04 0f 00 00 00 00 00 00 00 00 16 80 bc 55 00 0b 0a 00 62 00 
00 00 06 04 01 00 00 00 00 00 00 00 00 16 80 bc 55 00 0c 0a 00 62 00 00 00 15 04 01 00 00 00 00 
00 00 00 00 16 80 bc 55 00 0d 0a 00 5a 01 00 00 07 04 05 00 00 00 00 00 00 00 00 16 80 bc 55 00 
0e 0a 00 5a 01 00 00 1d 04 0f 00 00 00 00 00 00 00 00 16 80 bc 55 00 0f 0a 00 64 01 00 00 1f 04 
05 00 00 00 00 00 00 00 00 16 80 bc 55 00 10 0a 00 66 01 00 00 7b 04 05 00 00 00 00 00 00 00 00 
16 80 bc 55 00 11 0a 00 66 01 00 00 12 04 0a 00 00 00 00 00 00 00 00 
.....$......u....... ....(.(...'H.@b..(.F..........V....,.....!...........V....,.....!..........
.V....,.................V....,.................V....,.....!...........V......................V..
......!.............V......................V.........................V......................V...
...................U......................U........7.............U....-...#.............U....-..
. .............U....-.................U....-...B.............U....4.................U....K......
...........U...._...|.............U...._.................U....b.................U....b..........
.......U....Z.................U....Z.................U....d.................U....f...{..........
...U....f..............

Client->GAME [07:16:14 07/24/09] packet size: 1 CRYPTED, Flags: 7f ServerSeq: 10 ClientSeq: 9
02 
.

GAME->Client [07:16:14 07/24/09] packet size: 636 CRYPTED, Flags: 7f ServerSeq: 11 ClientSeq: 8
02 04 01 00 d9 1a 16 80 bc 55 00 12 0a 00 66 01 00 00 06 04 0b 00 00 00 00 00 00 00 00 16 80 bc 
55 00 13 0a 00 8e 01 00 00 03 04 05 00 00 00 00 00 00 00 00 16 80 bc 55 00 14 0a 00 8e 01 00 00 
12 04 0f 00 00 00 00 00 00 00 00 16 80 bc 55 00 15 0a 00 8e 01 00 00 77 04 05 00 00 00 00 00 00 
00 00 16 80 bc 55 00 16 0a 00 cd 01 00 00 e5 03 05 00 00 00 00 00 00 00 00 16 80 bc 55 00 17 0a 
00 cd 01 00 00 73 04 05 00 00 00 00 00 00 00 00 16 80 bc 55 00 18 0a 00 cd 01 00 00 e3 03 0f 00 
00 00 00 00 00 00 00 16 80 bc 55 00 19 0a 00 d5 01 00 00 e3 03 05 00 00 00 00 00 00 00 00 16 80 
bc 55 00 1a 0a 00 36 02 00 00 37 02 0a 00 00 00 00 00 00 00 00 16 80 bc 55 00 1b 0a 00 74 02 00 
00 34 02 1e 00 00 00 00 00 00 00 00 16 80 bc 15 00 1c 0a 00 ee 03 00 00 f1 03 33 00 00 00 00 00 
00 00 00 16 80 bc 15 00 1d 0a 00 ee 03 00 00 56 01 6b 00 00 00 00 00 00 00 00 16 80 bc 15 00 1e 
0a 00 ee 03 00 00 ed 03 4b 00 00 00 00 00 00 00 00 16 80 bc 15 00 1f 0a 00 ee 03 00 00 ae 00 1c 
00 00 00 00 00 00 00 00 16 80 bc 15 00 20 0a 00 ee 03 00 00 f3 03 45 00 00 00 00 00 00 00 00 16 
80 bc 15 00 21 0a 00 ee 03 00 00 ac 00 2d 00 00 00 00 00 00 00 00 16 80 bc 15 00 22 0a 00 ee 03 
00 00 b7 00 4b 00 00 00 00 00 00 00 00 16 80 bc 15 00 23 0a 00 ee 03 00 00 f2 03 33 00 00 00 00 
00 00 00 00 16 80 bc 45 03 11 00 00 02 00 00 00 11 00 32 00 00 00 00 00 00 00 00 16 80 bc 45 03 
35 04 00 62 00 00 00 35 04 00 00 00 00 00 00 00 00 00 16 80 bc 45 03 3d 04 00 43 00 00 00 3d 04 
00 00 00 00 00 00 00 00 00 16 80 bc 45 03 3e 04 00 4f 01 00 00 3e 04 00 00 00 00 00 00 00 00 00 
16 80 bc 45 03 3f 04 00 64 01 00 00 3f 04 00 00 00 00 00 00 00 00 00 16 80 bc 45 03 40 04 00 d5 
01 00 00 40 04 00 00 00 00 00 00 00 00 00 0b 80 bd 05 ee 03 00 00 00 00 00 01 41 81 67 17 00 27 
00 1c 22 00 c6 01 ee 03 00 00 00 00 00 00 37 00 00 08 0e 00 41 66 74 65 72 57 68 6f 72 75 4e 65 
6f 00 0e 00 41 66 74 65 72 57 68 6f 72 75 4e 65 6f 00 02 00 6b 00 00 00 00 00 00 00 
.........U....f.................U......................U......................U........w........
.....U......................U........s.............U......................U.....................
.U....6...7.............U....t...4........................3....................V.k..............
........K.................................... ........E.............!........-............."....
....K.............#........3...........E..........2...........E.5..b...5.............E.=..C...=.
............E.>..O...>.............E.?..d...?.............E.@......@......................A.g..'
.."...........7.....AfterWhoruNeo...AfterWhoruNeo...k.......

Client->GAME [07:16:14 07/24/09] packet size: 1 CRYPTED, Flags: 7f ServerSeq: 11 ClientSeq: 10
02 
.

Client->GAME [07:16:21 07/24/09] packet size: 25 CRYPTED, Flags: 7f ServerSeq: 11 ClientSeq: 11
02 04 01 00 06 01 12 80 c9 07 00 70 30 00 54 ec 47 00 00 20 41 00 a0 0c c6 
...........p0.T.G.. A....

GAME->Client [07:16:21 07/24/09] packet size: 1 CRYPTED, Flags: 7f ServerSeq: 12 ClientSeq: 11
02 
.

Client->GAME [07:16:22 07/24/09] packet size: 44 CRYPTED, Flags: 7f ServerSeq: 12 ClientSeq: 12
02 04 01 00 07 02 12 80 c9 07 00 d0 0e 00 54 ec 47 00 00 20 41 00 f0 d2 c6 12 80 c9 07 00 30 56 
00 24 f4 47 00 00 20 41 00 90 e2 c6 
..............T.G.. A.........0V.$.G.. A....

GAME->Client [07:16:22 07/24/09] packet size: 5 CRYPTED, Flags: 7f ServerSeq: 13 ClientSeq: 12
82 eb 7c 7a 47 
..|zG

Client->GAME [07:16:22 07/24/09] packet size: 1 CRYPTED, Flags: 7f ServerSeq: 13 ClientSeq: 13
02 
.

Client->GAME [07:16:23 07/24/09] packet size: 25 CRYPTED, Flags: 7f ServerSeq: 13 ClientSeq: 14
02 04 01 00 09 01 12 80 c9 07 00 40 5b 00 e4 d4 47 00 00 20 41 00 f0 d2 c6 
...........@[...G.. A....

GAME->Client [07:16:23 07/24/09] packet size: 1 CRYPTED, Flags: 7f ServerSeq: 14 ClientSeq: 14
02 
.

