Client->WORLD [14:44:27 07/30/09] packet size: 13
PSS: 7f LocalSeq: 821 RemoteSeq: 682
02 04 01 00 4c 01 06 81 51 00 00 00 00 
.  .  .  .  L  .  .  .  Q  .  .  .  .  

Client->WORLD [14:44:27 07/30/09] packet size: 15
PSS: 7f LocalSeq: 822 RemoteSeq: 682
02 04 01 00 4d 01 08 80 c8 02 00 f0 34 03 00 
.  .  .  .  M  .  .  .  .  .  .  .  4  .  .  

WORLD->Client [14:44:27 07/30/09] packet size: 5
PSS: 7f LocalSeq: 683 RemoteSeq: 821
82 d9 e7 9b 45 
.  .  .  .  E  

Client->WORLD [14:44:27 07/30/09] packet size: 1
PSS: 7f LocalSeq: 823 RemoteSeq: 683
02 
.  

WORLD->Client [14:44:27 07/30/09] packet size: 1
PSS: 7f LocalSeq: 684 RemoteSeq: 822
02 
.  

WORLD->Client [14:44:28 07/30/09] packet size: 66
PSS: 7f LocalSeq: 685 RemoteSeq: 823
02 03 01 00 08 3c 1b 02 00 f0 34 28 cd ab 03 84 00 00 00 00 00 00 80 3f 00 00 00 00 00 00 00 00 
41 00 00 00 00 c0 ac f0 c0 00 00 00 00 00 20 62 40 00 00 00 00 00 f2 d2 40 34 08 00 00 08 00 00 
00 00 
.  .  .  .  .  <  .  .  .  .  4  (  .  .  .  .  .  .  .  .  .  .  .  ?  .  .  .  .  .  .  .  .  
A  .  .  .  .  .  .  .  .  .  .  .  .  .     b  @  .  .  .  .  .  .  .  @  4  .  .  .  .  .  .  
.  .  

Client->WORLD [14:44:28 07/30/09] packet size: 1
PSS: 7f LocalSeq: 824 RemoteSeq: 685
02 
.  

