Client->WORLD [14:55:00 07/30/09] packet size: 13
PSS: 7f LocalSeq: 1834 RemoteSeq: 1399
02 04 01 00 7b 01 06 81 51 00 00 00 00 
.  .  .  .  {  .  .  .  Q  .  .  .  .  

Client->WORLD [14:55:00 07/30/09] packet size: 15
PSS: 7f LocalSeq: 1835 RemoteSeq: 1399
02 04 01 00 7c 01 08 80 c8 10 03 f0 34 03 00 
.  .  .  .  |  .  .  .  .  .  .  .  4  .  .  

WORLD->Client [14:55:00 07/30/09] packet size: 1
PSS: 7f LocalSeq: 1400 RemoteSeq: 1834
02 
.  

WORLD->Client [14:55:01 07/30/09] packet size: 5
PSS: 7f LocalSeq: 1401 RemoteSeq: 1835
82 13 b7 af 45 
.  .  .  .  E  

Client->WORLD [14:55:01 07/30/09] packet size: 1
PSS: 7f LocalSeq: 1836 RemoteSeq: 1401
02 
.  

WORLD->Client [14:55:02 07/30/09] packet size: 66
PSS: 7f LocalSeq: 1402 RemoteSeq: 1836
02 03 01 00 08 9f 01 10 03 f0 34 4f cd ab 03 84 00 00 00 00 00 00 80 3f 00 00 00 00 00 00 00 00 
41 00 00 00 00 40 a0 f0 c0 00 00 00 00 00 20 62 40 00 00 00 00 00 50 d4 40 34 08 00 00 08 00 00 
00 00 
.  .  .  .  .  .  .  .  .  .  4  O  .  .  .  .  .  .  .  .  .  .  .  ?  .  .  .  .  .  .  .  .  
A  .  .  .  .  @  .  .  .  .  .  .  .  .     b  @  .  .  .  .  .  P  .  @  4  .  .  .  .  .  .  
.  .  

Client->WORLD [14:55:02 07/30/09] packet size: 1
PSS: 7f LocalSeq: 1837 RemoteSeq: 1402
02 
.  

