Client->WORLD [14:44:27 07/30/09] packet size: 13
PSS: 7f LocalSeq: 821 RemoteSeq: 682
02 04 01 00 4c 01 06 81 51 00 00 00 00 
.  .  .  .  L  .  .  .  Q  .  .  .  .  

Client->WORLD [14:44:27 07/30/09] packet size: 15
PSS: 7f LocalSeq: 822 RemoteSeq: 682
02 04 01 00 4d 01 08 80 c8 02 00 f0 34 03 00 
.  .  .  .  M  .  .  .  .  .  .  .  4  .  .  

WORLD->Client [14:44:27 07/30/09] packet size: 5
PSS: 7f LocalSeq: 683 RemoteSeq: 821
82 d9 e7 9b 45 
.  .  .  .  E  

Client->WORLD [14:44:27 07/30/09] packet size: 1
PSS: 7f LocalSeq: 823 RemoteSeq: 683
02 
.  

WORLD->Client [14:44:27 07/30/09] packet size: 1
PSS: 7f LocalSeq: 684 RemoteSeq: 822
02 
.  

WORLD->Client [14:44:28 07/30/09] packet size: 66
PSS: 7f LocalSeq: 685 RemoteSeq: 823
02 03 01 00 08 3c 1b 02 00 f0 34 28 cd ab 03 84 00 00 00 00 00 00 80 3f 00 00 00 00 00 00 00 00 
41 00 00 00 00 c0 ac f0 c0 00 00 00 00 00 20 62 40 00 00 00 00 00 f2 d2 40 34 08 00 00 08 00 00 
00 00 
.  .  .  .  .  <  .  .  .  .  4  (  .  .  .  .  .  .  .  .  .  .  .  ?  .  .  .  .  .  .  .  .  
A  .  .  .  .  .  .  .  .  .  .  .  .  .     b  @  .  .  .  .  .  .  .  @  4  .  .  .  .  .  .  
.  .  

Client->WORLD [14:44:28 07/30/09] packet size: 1
PSS: 7f LocalSeq: 824 RemoteSeq: 685
02 
.  

Client->WORLD [14:44:37 07/30/09] packet size: 12
Not Encrypted
00 00 00 00 00 01 04 08 9e 86 26 01 
.  .  .  .  .  .  .  .  .  .  &  .  

WORLD->Client [14:44:37 07/30/09] packet size: 12
Not Encrypted
00 00 00 00 00 01 04 08 9e 86 26 01 
.  .  .  .  .  .  .  .  .  .  &  .  

WORLD->Client [14:44:40 07/30/09] packet size: 1
PSS: ff LocalSeq: 686 RemoteSeq: 824
02 
.  

Client->WORLD [14:44:40 07/30/09] packet size: 1
PSS: ff LocalSeq: 825 RemoteSeq: 685
02 
.  

Client->WORLD [14:44:40 07/30/09] packet size: 1
PSS: 7f LocalSeq: 826 RemoteSeq: 686
02 
.  

WORLD->Client [14:44:40 07/30/09] packet size: 5
PSS: 7f LocalSeq: 687 RemoteSeq: 826
82 d8 50 9c 45 
.  .  P  .  E  

Client->WORLD [14:44:40 07/30/09] packet size: 1
PSS: 7f LocalSeq: 827 RemoteSeq: 687
02 
.  

WORLD->Client [14:44:42 07/30/09] packet size: 9
PSS: 7f LocalSeq: 688 RemoteSeq: 827
02 03 02 00 02 08 02 00 00 
.  .  .  .  .  .  .  .  .  

Client->WORLD [14:44:42 07/30/09] packet size: 1
PSS: 7f LocalSeq: 828 RemoteSeq: 688
02 
.  

WORLD->Client [14:44:42 07/30/09] packet size: 22
PSS: 7f LocalSeq: 689 RemoteSeq: 827
82 b7 61 9c 45 03 02 00 02 88 02 80 80 80 80 08 00 00 80 3f 00 00 
.  .  a  .  E  .  .  .  .  .  .  .  .  .  .  .  .  .  .  ?  .  .  

Client->WORLD [14:44:42 07/30/09] packet size: 1
PSS: 7f LocalSeq: 829 RemoteSeq: 689
02 
.  

WORLD->Client [14:44:47 07/30/09] packet size: 13
PSS: 7f LocalSeq: 690 RemoteSeq: 829
02 03 08 00 01 80 02 38 08 00 00 00 00 
.  .  .  .  .  .  .  8  .  .  .  .  .  

Client->WORLD [14:44:47 07/30/09] packet size: 1
PSS: 7f LocalSeq: 830 RemoteSeq: 690
02 
.  

WORLD->Client [14:44:48 07/30/09] packet size: 17
PSS: 7f LocalSeq: 691 RemoteSeq: 830
82 98 91 9c 45 03 08 00 01 80 02 35 08 00 00 00 00 
.  .  .  .  E  .  .  .  .  .  .  5  .  .  .  .  .  

Client->WORLD [14:44:48 07/30/09] packet size: 1
PSS: 7f LocalSeq: 831 RemoteSeq: 691
02 
.  

WORLD->Client [14:44:53 07/30/09] packet size: 30
PSS: 7f LocalSeq: 692 RemoteSeq: 831
02 03 08 00 01 ff 00 00 00 00 00 00 00 00 00 00 00 00 00 03 00 00 00 00 35 08 00 00 00 00 
.  .  .  .  .  .  .  .  .  .  .  .  .  .  .  .  .  .  .  .  .  .  .  .  5  .  .  .  .  .  

Client->WORLD [14:44:53 07/30/09] packet size: 1
PSS: 7f LocalSeq: 832 RemoteSeq: 692
02 
.  

WORLD->Client [14:44:53 07/30/09] packet size: 15
PSS: 7f LocalSeq: 693 RemoteSeq: 832
82 57 bc 9c 45 03 01 00 01 01 00 08 00 00 00 
.  W  .  .  E  .  .  .  .  .  .  .  .  .  .  

Client->WORLD [14:44:53 07/30/09] packet size: 1
PSS: 7f LocalSeq: 833 RemoteSeq: 693
02 
.  

Client->WORLD [14:44:57 07/30/09] packet size: 12
Not Encrypted
00 00 00 00 00 01 04 08 be d4 26 01 
.  .  .  .  .  .  .  .  .  .  &  .  

WORLD->Client [14:44:57 07/30/09] packet size: 12
Not Encrypted
00 00 00 00 00 01 04 08 be d4 26 01 
.  .  .  .  .  .  .  .  .  .  &  .  

Client->WORLD [14:45:05 07/30/09] packet size: 1
PSS: ff LocalSeq: 834 RemoteSeq: 693
02 
.  

WORLD->Client [14:45:05 07/30/09] packet size: 1
PSS: ff LocalSeq: 694 RemoteSeq: 833
02 
.  

Client->WORLD [14:45:05 07/30/09] packet size: 1
PSS: 7f LocalSeq: 835 RemoteSeq: 694
02 
.  

WORLD->Client [14:45:06 07/30/09] packet size: 5
PSS: 7f LocalSeq: 695 RemoteSeq: 834
82 16 1e 9d 45 
.  .  .  .  E  

Client->WORLD [14:45:06 07/30/09] packet size: 1
PSS: 7f LocalSeq: 836 RemoteSeq: 695
02 
.  

Client->WORLD [14:45:17 07/30/09] packet size: 12
Not Encrypted
00 00 00 00 00 01 04 08 ee 22 27 01 
.  .  .  .  .  .  .  .  .  "  '  .  

WORLD->Client [14:45:17 07/30/09] packet size: 12
Not Encrypted
00 00 00 00 00 01 04 08 ee 22 27 01 
.  .  .  .  .  .  .  .  .  "  '  .  

WORLD->Client [14:45:18 07/30/09] packet size: 1
PSS: ff LocalSeq: 696 RemoteSeq: 836
02 
.  

Client->WORLD [14:45:18 07/30/09] packet size: 1
PSS: ff LocalSeq: 837 RemoteSeq: 696
02 
.  

WORLD->Client [14:45:18 07/30/09] packet size: 5
PSS: 7f LocalSeq: 697 RemoteSeq: 837
82 55 80 9d 45 
.  U  .  .  E  

Client->WORLD [14:45:18 07/30/09] packet size: 1
PSS: 7f LocalSeq: 838 RemoteSeq: 697
02 
.  

WORLD->Client [14:45:30 07/30/09] packet size: 1
PSS: ff LocalSeq: 698 RemoteSeq: 838
02 
.  

Client->WORLD [14:45:30 07/30/09] packet size: 1
PSS: ff LocalSeq: 839 RemoteSeq: 697
02 
.  

Client->WORLD [14:45:30 07/30/09] packet size: 1
PSS: 7f LocalSeq: 840 RemoteSeq: 698
02 
.  

WORLD->Client [14:45:30 07/30/09] packet size: 5
PSS: 7f LocalSeq: 699 RemoteSeq: 839
82 95 e2 9d 45 
.  .  .  .  E  

Client->WORLD [14:45:30 07/30/09] packet size: 1
PSS: 7f LocalSeq: 841 RemoteSeq: 699
02 
.  

Client->WORLD [14:45:36 07/30/09] packet size: 10
PSS: 7f LocalSeq: 842 RemoteSeq: 699
02 03 02 00 01 06 03 a3 00 00 
.  .  .  .  .  .  .  .  .  .  

WORLD->Client [14:45:36 07/30/09] packet size: 10
PSS: 7f LocalSeq: 700 RemoteSeq: 842
02 03 02 00 02 80 04 1e 00 00 
.  .  .  .  .  .  .  .  .  .  

Client->WORLD [14:45:36 07/30/09] packet size: 1
PSS: 7f LocalSeq: 843 RemoteSeq: 700
02 
.  

Client->WORLD [14:45:36 07/30/09] packet size: 22
PSS: 7f LocalSeq: 844 RemoteSeq: 700
02 03 02 00 01 0e 05 a1 80 76 85 c7 00 00 be 42 da 78 95 46 00 00 
.  .  .  .  .  .  .  .  .  v  .  .  .  .  .  B  .  x  .  F  .  .  

Client->WORLD [14:45:36 07/30/09] packet size: 22
PSS: 7f LocalSeq: 845 RemoteSeq: 700
02 03 02 00 01 0e 05 9d d0 7b 85 c7 00 00 be 42 a0 64 95 46 00 00 
.  .  .  .  .  .  .  .  .  {  .  .  .  .  .  B  .  d  .  F  .  .  

Client->WORLD [14:45:36 07/30/09] packet size: 22
PSS: 7f LocalSeq: 846 RemoteSeq: 700
02 03 02 00 01 0e 05 97 d0 7b 85 c7 00 00 be 42 a0 64 95 46 00 00 
.  .  .  .  .  .  .  .  .  {  .  .  .  .  .  B  .  d  .  F  .  .  

Client->WORLD [14:45:36 07/30/09] packet size: 22
PSS: 7f LocalSeq: 847 RemoteSeq: 700
02 03 02 00 01 0e 05 90 d0 7b 85 c7 00 00 be 42 a0 64 95 46 00 00 
.  .  .  .  .  .  .  .  .  {  .  .  .  .  .  B  .  d  .  F  .  .  

Client->WORLD [14:45:37 07/30/09] packet size: 22
PSS: 7f LocalSeq: 848 RemoteSeq: 700
02 03 02 00 01 0e 05 8a d0 7b 85 c7 00 00 be 42 a0 64 95 46 00 00 
.  .  .  .  .  .  .  .  .  {  .  .  .  .  .  B  .  d  .  F  .  .  

WORLD->Client [14:45:37 07/30/09] packet size: 14
PSS: 7f LocalSeq: 701 RemoteSeq: 845
82 b4 16 9e 45 03 02 00 02 80 04 00 00 00 
.  .  .  .  E  .  .  .  .  .  .  .  .  .  

Client->WORLD [14:45:37 07/30/09] packet size: 9
PSS: 7f LocalSeq: 849 RemoteSeq: 701
02 03 02 00 01 04 85 00 00 
.  .  .  .  .  .  .  .  .  

WORLD->Client [14:45:37 07/30/09] packet size: 1
PSS: 7f LocalSeq: 702 RemoteSeq: 847
02 
.  

Client->WORLD [14:45:37 07/30/09] packet size: 9
PSS: 7f LocalSeq: 850 RemoteSeq: 701
02 03 02 00 01 04 7e 00 00 
.  .  .  .  .  .  ~  .  .  

Client->WORLD [14:45:37 07/30/09] packet size: 9
PSS: 7f LocalSeq: 851 RemoteSeq: 702
02 03 02 00 01 04 78 00 00 
.  .  .  .  .  .  x  .  .  

Client->WORLD [14:45:37 07/30/09] packet size: 12
Not Encrypted
00 00 00 00 00 01 04 08 1e 71 27 01 
.  .  .  .  .  .  .  .  .  q  '  .  

WORLD->Client [14:45:37 07/30/09] packet size: 1
PSS: 7f LocalSeq: 703 RemoteSeq: 849
02 
.  

Client->WORLD [14:45:37 07/30/09] packet size: 9
PSS: 7f LocalSeq: 852 RemoteSeq: 702
02 03 02 00 01 04 71 00 00 
.  .  .  .  .  .  q  .  .  

Client->WORLD [14:45:37 07/30/09] packet size: 9
PSS: 7f LocalSeq: 853 RemoteSeq: 703
02 03 02 00 01 04 6c 00 00 
.  .  .  .  .  .  l  .  .  

WORLD->Client [14:45:37 07/30/09] packet size: 1
PSS: 7f LocalSeq: 704 RemoteSeq: 850
02 
.  

Client->WORLD [14:45:37 07/30/09] packet size: 9
PSS: 7f LocalSeq: 854 RemoteSeq: 703
02 03 02 00 01 04 67 00 00 
.  .  .  .  .  .  g  .  .  

WORLD->Client [14:45:37 07/30/09] packet size: 12
Not Encrypted
00 00 00 00 00 01 04 08 1e 71 27 01 
.  .  .  .  .  .  .  .  .  q  '  .  

Client->WORLD [14:45:37 07/30/09] packet size: 9
PSS: 7f LocalSeq: 855 RemoteSeq: 704
02 03 02 00 01 04 62 00 00 
.  .  .  .  .  .  b  .  .  

WORLD->Client [14:45:37 07/30/09] packet size: 1
PSS: 7f LocalSeq: 705 RemoteSeq: 852
02 
.  

Client->WORLD [14:45:37 07/30/09] packet size: 9
PSS: 7f LocalSeq: 856 RemoteSeq: 705
02 03 02 00 01 04 5c 00 00 
.  .  .  .  .  .  \  .  .  

Client->WORLD [14:45:37 07/30/09] packet size: 9
PSS: 7f LocalSeq: 857 RemoteSeq: 705
02 03 02 00 01 04 56 00 00 
.  .  .  .  .  .  V  .  .  

WORLD->Client [14:45:37 07/30/09] packet size: 1
PSS: 7f LocalSeq: 706 RemoteSeq: 854
02 
.  

Client->WORLD [14:45:37 07/30/09] packet size: 9
PSS: 7f LocalSeq: 858 RemoteSeq: 706
02 03 02 00 01 04 50 00 00 
.  .  .  .  .  .  P  .  .  

Client->WORLD [14:45:37 07/30/09] packet size: 9
PSS: 7f LocalSeq: 859 RemoteSeq: 706
02 03 02 00 01 04 4b 00 00 
.  .  .  .  .  .  K  .  .  

WORLD->Client [14:45:37 07/30/09] packet size: 1
PSS: 7f LocalSeq: 707 RemoteSeq: 857
02 
.  

Client->WORLD [14:45:37 07/30/09] packet size: 9
PSS: 7f LocalSeq: 860 RemoteSeq: 706
02 03 02 00 01 04 45 00 00 
.  .  .  .  .  .  E  .  .  

Client->WORLD [14:45:37 07/30/09] packet size: 9
PSS: 7f LocalSeq: 861 RemoteSeq: 707
02 03 02 00 01 04 3f 00 00 
.  .  .  .  .  .  ?  .  .  

WORLD->Client [14:45:37 07/30/09] packet size: 1
PSS: 7f LocalSeq: 708 RemoteSeq: 858
02 
.  

Client->WORLD [14:45:37 07/30/09] packet size: 9
PSS: 7f LocalSeq: 862 RemoteSeq: 707
02 03 02 00 01 04 3a 00 00 
.  .  .  .  .  .  :  .  .  

Client->WORLD [14:45:37 07/30/09] packet size: 9
PSS: 7f LocalSeq: 863 RemoteSeq: 708
02 03 02 00 01 04 36 00 00 
.  .  .  .  .  .  6  .  .  

Client->WORLD [14:45:38 07/30/09] packet size: 9
PSS: 7f LocalSeq: 864 RemoteSeq: 708
02 03 02 00 01 04 2f 00 00 
.  .  .  .  .  .  /  .  .  

WORLD->Client [14:45:38 07/30/09] packet size: 1
PSS: 7f LocalSeq: 709 RemoteSeq: 861
02 
.  

Client->WORLD [14:45:38 07/30/09] packet size: 9
PSS: 7f LocalSeq: 865 RemoteSeq: 709
02 03 02 00 01 04 29 00 00 
.  .  .  .  .  .  )  .  .  

Client->WORLD [14:45:38 07/30/09] packet size: 9
PSS: 7f LocalSeq: 866 RemoteSeq: 709
02 03 02 00 01 04 23 00 00 
.  .  .  .  .  .  #  .  .  

WORLD->Client [14:45:38 07/30/09] packet size: 1
PSS: 7f LocalSeq: 710 RemoteSeq: 863
02 
.  

Client->WORLD [14:45:38 07/30/09] packet size: 9
PSS: 7f LocalSeq: 867 RemoteSeq: 710
02 03 02 00 01 04 1c 00 00 
.  .  .  .  .  .  .  .  .  

Client->WORLD [14:45:38 07/30/09] packet size: 9
PSS: 7f LocalSeq: 868 RemoteSeq: 710
02 03 02 00 01 04 16 00 00 
.  .  .  .  .  .  .  .  .  

WORLD->Client [14:45:38 07/30/09] packet size: 5
PSS: 7f LocalSeq: 711 RemoteSeq: 865
82 34 20 9e 45 
.  4     .  E  

Client->WORLD [14:45:38 07/30/09] packet size: 9
PSS: 7f LocalSeq: 869 RemoteSeq: 711
02 03 02 00 01 04 10 00 00 
.  .  .  .  .  .  .  .  .  

Client->WORLD [14:45:38 07/30/09] packet size: 10
PSS: 7f LocalSeq: 870 RemoteSeq: 711
02 03 02 00 01 06 00 0c 00 00 
.  .  .  .  .  .  .  .  .  .  

WORLD->Client [14:45:38 07/30/09] packet size: 1
PSS: 7f LocalSeq: 712 RemoteSeq: 867
02 
.  

WORLD->Client [14:45:38 07/30/09] packet size: 1
PSS: 7f LocalSeq: 713 RemoteSeq: 868
02 
.  

WORLD->Client [14:45:38 07/30/09] packet size: 1
PSS: 7f LocalSeq: 714 RemoteSeq: 870
02 
.  

WORLD->Client [14:45:50 07/30/09] packet size: 1
PSS: ff LocalSeq: 715 RemoteSeq: 870
02 
.  

Client->WORLD [14:45:50 07/30/09] packet size: 1
PSS: 7f LocalSeq: 871 RemoteSeq: 715
02 
.  

Client->WORLD [14:45:57 07/30/09] packet size: 12
Not Encrypted
00 00 00 00 00 01 04 08 4d bf 27 01 
.  .  .  .  .  .  .  .  M  .  '  .  

WORLD->Client [14:45:57 07/30/09] packet size: 12
Not Encrypted
00 00 00 00 00 01 04 08 4d bf 27 01 
.  .  .  .  .  .  .  .  M  .  '  .  

