Client->MRGN [11:06:02 07/24/09] packet size: 317
81 3b 01 03 00 36 01 63 ec b9 27 ce d2 40 3b 1e b9 5a b5 d9 a8 db b7 04 0d 80 83 d6 cf be 17 d7 
51 fc 58 08 0b a8 98 f4 c2 1d 28 e9 2a c7 20 54 96 b0 4b bc 9f 29 68 1c 3e 6a b6 52 2b 75 8b 74 
af 09 96 4d d4 dd f4 87 e3 e4 36 99 17 1e f4 11 0e ff 9f 07 7d b1 bb 93 c5 03 e3 37 4f c2 d6 08 
07 0f 99 9b 34 73 96 db 75 89 66 86 c7 8f 34 24 0c 6f 1b 59 28 27 bd 6e ac 50 7e c9 90 91 7d 28 
aa 51 74 46 90 68 4f 01 51 4e 79 00 43 72 61 73 68 4f 76 65 72 32 6b 00 00 00 00 00 00 00 00 00 
00 00 00 00 00 00 00 00 00 00 00 00 00 00 01 00 00 00 00 bc 7b 69 4a 00 00 00 00 00 00 00 00 00 
00 00 00 00 00 00 00 00 00 00 00 00 00 00 00 00 00 00 00 00 00 00 00 00 17 ab 1c 76 11 3f 67 0e 
21 61 0c 22 04 2c af 5d e8 ce bd 77 a0 26 41 03 eb f8 14 22 f7 55 3e 47 46 6e c6 42 1e 7b e9 b3 
f3 3b fe f1 7b 18 b0 ae 84 3f c8 ea da 52 fd d0 2e c4 30 73 5f 44 c4 6f 79 d2 2e 95 4c 3d 4c 1d 
28 0f 4a a6 4a c8 01 af be 67 f1 b1 d7 7a 20 25 9a 51 93 b2 46 2c 76 04 07 cb 10 19 26 
.;...6.c..'..@;..Z..............Q.X.......(.*. T..K..)h.>j.R+u.t...M......6.........}......7O...
....4s..u.f...4$.o.Y('.n.P~...}(.QtF.hO.QNy.CrashOver2k.............................{iJ.........
...........................v.?g.!a.".,.]...w.&A....".U>GFn.B.{...;..{....?...R....0s_D.oy...L=L.
(.J.J....g...z %.Q..F,v.....&

MRGN->Client [11:06:02 07/24/09] packet size: 102
65 02 03 00 60 00 40 eb 7f 6c b1 04 78 d6 d4 15 5b ba 5d d2 11 7c 66 eb 24 23 37 46 c1 0e 43 8b 
10 7d e7 9f 09 d3 d5 27 e6 b8 01 05 f8 5b 0f a8 b4 38 d7 6a 1d c5 c4 16 f4 19 6c f3 e1 fd cb 1a 
c6 72 70 03 dc 12 7f 50 30 9e f1 d1 97 83 c6 80 ba 8c a2 29 f6 35 97 a5 d8 01 51 cd 86 42 05 cb 
56 50 18 b2 f1 da 
e...`.@..l..x...[.]..|f.$#7F..C..}.....'.....[...8.j......l......rp....P0..........).5....Q..B..
VP....

Client->MRGN [11:06:02 07/24/09] packet size: 49
30 3e c1 87 82 04 a2 e5 ab 3b 86 c8 fd d9 14 e1 45 d7 7f 7d ce ce 24 3d 57 99 27 c4 73 f0 3d ca 
db 89 b8 a2 31 ea 34 4a 99 e7 31 d0 ce 2a 63 3f 47 
0>.......;......E..}..$=W.'.s.=.....1.4J..1..*c?G

MRGN->Client [11:06:02 07/24/09] packet size: 33
20 02 3f 75 39 ec ad 2a 69 af 6f 85 65 d2 5a 83 a4 66 3a d9 fd d6 77 f7 b4 9c 89 6d 4f 4b 95 c9 
d4 
 .?u9..*i.o.e.Z..f:...w....mOK...

Client->MRGN [11:06:02 07/24/09] packet size: 65
40 2a 96 89 ee 21 c1 2f 60 12 32 14 8e 5b 09 57 d9 a1 33 c9 4e b1 5d 8b 6b 71 3a 3b 97 94 76 14 
c6 c8 2f 10 36 38 fa cf db a8 92 f0 4d d2 43 a0 7b 19 06 91 b3 88 87 ec 94 94 5a 41 4f 36 23 4b 
7b 
@*...!./`.2..[.W..3.N.].kq:;..v.../.68......M.C.{.........ZAO6#K{

MRGN->Client [11:06:03 07/24/09] packet size: 49
30 ef 23 e8 85 89 ec fd 50 da d1 7c 48 a3 ac f8 1d 80 f0 3f d1 7a 89 db 57 80 9d c1 69 6a 23 4a 
1c f0 42 8f db 5e 53 0b 1b d5 cf 14 c5 0e fe ab 9b 
0.#.....P..|H......?.z..W...ij#J..B..^S..........

Client->MRGN [11:06:03 07/24/09] packet size: 49
30 62 47 57 50 89 e9 bb 05 01 30 ce 57 c2 92 cf 62 17 58 41 ca 77 aa 54 d5 2f 5b 6e a8 4e 57 4c 
5e db ad d0 06 eb 5f ab 7f f4 8f 41 5c 1a cd 2f 5f 
0bGWP.....0.W...b.XA.w.T./[n.NWL^....._....A\../_

MRGN->Client [11:06:03 07/24/09] packet size: 65
40 3b a7 ef 45 90 2c e9 ff 16 e9 1e fd 4d e4 58 9d ea ef a7 a6 b8 75 4c af b3 f1 7b a1 3a 97 9f 
ee ad fb 68 c9 ec d6 75 c5 ae 83 a7 0e 45 fe f3 fe f2 8f aa 42 4a 63 d0 68 53 43 69 69 8c 01 3d 
8c 
@;..E.,......M.X......uL...{.:.....h...u.....E......BJc.hSCii..=.

Client->MRGN [11:06:03 07/24/09] packet size: 242
80 f0 3c fb aa 64 93 97 5d 98 dc 54 fc 0b 71 75 e6 eb 18 68 52 40 53 a1 8c 25 cc c3 0a 30 73 60 
7b 09 16 aa 69 b8 21 e6 8f f1 bb 24 99 0c 5b e6 94 8a 2e 4c 76 a2 dd c7 10 17 9d 93 ff 47 a4 11 
82 c7 e6 88 89 82 c9 03 57 8c c8 31 c2 96 0f ce eb b3 19 58 02 1b 88 f2 44 10 a5 d7 72 f6 02 6d 
d8 40 3d ab 94 0d 90 b4 ee e1 88 91 a9 aa cb 71 b5 94 67 a6 c3 bd 93 e7 35 d6 11 e4 ba 99 22 93 
f1 2f 78 41 8c fd ad 89 ff b9 95 e1 19 16 46 06 64 e5 24 8f 0b 7d 22 52 b4 8e b5 d4 67 4e 0d 42 
64 94 4f 74 c0 c2 59 ae bb 44 21 c4 67 d5 aa c9 c3 e9 21 ca 9d d3 6b 6d ca d4 df 84 7e 60 bb 5f 
e4 7b 85 8d c3 28 47 16 7a bc 2f 9a e7 2c a1 b9 7c c3 72 58 ec 0b 41 47 c8 23 62 fb 08 19 fa 33 
fc dd ed 0c 1a 7c 59 dc 3c 8c 98 54 29 23 9a 2a 11 e2 
..<..d..]..T..qu...hR@S..%...0s`{...i.!....$..[....Lv........G..........W..1.......X....D...r..m
.@=............q..g.....5....."../xA..........F.d.$..}"R....gN.Bd.Ot..Y..D!.g.....!...km....~`._
.{...(G.z./..,..|.rX..AG.#b....3.....|Y.<..T)#.*..

MRGN->Client [11:06:03 07/24/09] packet size: 6
aa aa 61 d9 b3 3c 
..a..<

MRGN->Client [11:06:05 07/24/09] packet size: 49
30 c1 f5 5e b6 c2 4a ff 8e 57 f8 ca 64 0f df 31 35 03 6e e5 08 70 d0 68 ad 1b ad d6 54 0f 9c fd 
45 f2 55 c4 0c de 18 04 ce 50 36 71 da 0a 42 a5 46 
0..^..J..W..d..15.n..p.h....T...E.U......P6q..B.F

MRGN->Client [11:06:05 07/24/09] packet size: 1250
84 e0 02 ec 39 3c 9b 28 9e 45 67 3b 97 fa 33 f6 b2 75 46 2c 91 77 8b bb 3b 62 07 05 20 7f 69 f5 
b3 36 61 a5 cb 0d e4 32 8e ea c0 d1 e6 db d6 db 6b 3b cd 23 a6 97 60 d7 b2 61 e1 ed d6 e7 71 eb 
cf a2 54 af de 11 a5 75 3b fe 69 37 97 46 24 a2 2c 34 9f f2 13 a9 60 f4 37 ca 98 86 83 08 59 a2 
14 f2 6f 61 b7 4f 89 86 4d 94 d4 db aa 2a 2a e3 48 53 ac 0c 9e ce cc 64 33 95 ee c6 39 13 6f 2c 
4f 77 ae 52 47 19 3c d1 34 1e 2d f5 d3 c9 cc 96 20 62 74 d9 b8 c2 a1 a8 29 38 2f d4 76 ed d1 69 
cf 37 76 9e 59 25 d7 78 3b 34 68 8d 67 eb e4 63 34 9d cf 90 b9 ee 52 10 86 28 4e 39 83 f5 ed 1d 
25 1e d5 23 0c f5 5b 0a 55 0d ad e1 4e a4 69 64 88 11 bd 64 97 9c 3c 0f c4 61 46 2b 8a ca 47 cc 
41 25 ef f4 cd 41 34 2d 3a 4d 41 63 42 99 bc 90 d8 49 e8 d4 1c 0d 07 d0 0a c1 9b 4d a9 67 50 2c 
6c b3 14 0a 2e 60 ed ac 3e 81 26 78 09 80 29 d0 4c a3 5f ae 18 5a 39 de bc e7 2b 6d 7c 16 db 29 
10 6f f9 03 5e 4b 06 47 a2 4a cb 69 9c 2f 90 94 2d 80 cf 0f b9 fb 7e de 37 71 fa 12 9e fa ab 0b 
f9 cc e5 b2 4a 70 c5 0a 7d b8 b6 29 18 07 ee 6e 9d 85 f2 23 cd 4e b5 60 87 c2 91 b1 d6 d9 52 d6 
6e 40 c9 6a f0 e5 56 a2 ec c5 64 d1 3d 55 83 02 ea 62 22 fa 2f 09 b4 20 b7 d2 b0 b2 a5 a1 e0 9b 
ef 21 57 b2 8b 97 d1 1b 17 f1 9e 29 28 8f 70 20 f9 ec 8f ca ec 5b e7 91 a3 d1 77 db 24 16 67 b7 
d2 6d ea b8 96 5b 42 e8 ad 3b c8 91 93 b2 03 ec 34 00 a8 99 69 6a d4 98 bf 16 ca ff 13 01 3f 53 
ef 67 a2 72 f1 a3 37 98 13 3f 50 d0 c9 14 61 0e 79 40 19 f3 62 9c 4d a9 27 69 b7 01 d2 05 24 af 
5c 66 54 53 86 a0 7f a8 02 7b 89 36 aa 85 8e 59 d1 42 4b 8c 1d 8f 29 2c 68 4e 8f ee 50 bf 08 4f 
50 dd 22 8b 41 b4 aa a5 72 15 3f 5f 75 98 24 43 64 32 53 b8 e2 d5 03 24 2b 48 a9 da ff c7 9e 15 
77 72 05 48 eb 68 20 1b e1 e4 e8 f2 5e 57 59 b3 b8 ed f4 e7 dc 7d 8e b9 4b 38 ec 09 89 a5 b0 d9 
84 1a 55 f4 46 91 52 94 56 1a 56 67 c4 c3 df 45 61 d3 fe 6c 98 8c 77 ca 23 42 3a 95 58 9b 28 61 
ed d5 8c d3 80 04 d0 24 42 89 22 14 33 3a 76 da 82 95 55 a9 5b cf 34 87 be ac 53 de a8 9d 8b 46 
c8 41 a2 f0 67 bf 20 56 d6 41 ba 0f 3e 17 f0 bc 16 a6 96 df 3c 3a 33 09 97 db 0f 79 56 b4 18 81 
c3 c3 ca 35 9c f4 af 59 7a 0b 2c 14 f1 ea 2c f8 3f 22 c2 d5 39 f6 ab d4 e8 ca 7d c1 f4 76 58 9e 
64 94 e0 ae 03 71 8c 9e c9 15 1d 9a a9 1f 84 90 c8 6e 78 61 c4 c6 4b 43 c4 23 08 57 76 b5 ad f9 
cd 82 02 60 bb 02 4d bf 49 38 bc 40 ce 23 15 75 e9 34 c6 f3 1a f7 48 46 9b e4 ca 85 99 ba 07 02 
fa 5f 2e 96 54 b9 60 c4 82 5e 38 9f ad 6a 2e 84 67 ee 1f 18 fe ab b1 d3 0c c8 56 f8 85 e0 a8 a3 
c0 18 13 f3 33 9f 34 72 cd c5 e4 b3 7d 75 f1 80 ee f0 de c0 fb 71 7c 65 66 2b e5 12 71 ce 80 a4 
74 95 07 21 58 be 73 4a a0 2e 14 38 50 76 5d 14 e2 90 57 8b ca 44 21 3b 50 98 9f cf 57 59 1c 1e 
6c 9c a5 3c 3e 7d 32 ee 36 71 8a 83 17 de a7 f1 cc a5 1c c8 26 07 90 5d f4 02 bd ec 2e b0 fb b0 
99 ac 84 eb fd 68 09 53 e9 94 52 0f ed ee 5c c9 39 86 e7 c6 c9 7e f3 61 73 38 39 57 51 81 53 a7 
29 2d 1c 4f 17 86 f0 87 55 5c cc f1 af d8 fd bc 5e 1a 2d 51 46 03 10 c2 8a c6 da c7 52 34 40 76 
00 fe 44 73 16 da 55 18 42 f5 f6 6b b0 52 06 76 34 5e e5 70 70 08 d4 a2 84 c9 c1 3d 8e 2f 35 92 
33 57 47 43 83 24 be d9 25 22 c9 d9 90 10 c0 3e 49 93 19 65 a0 0d c4 d6 92 39 51 ad 60 7b 00 04 
a6 26 f3 6f 58 fe b9 4d 9f 8a ac db 09 7f ee 9f dc b2 1a 90 76 2c f4 70 b9 69 80 d2 89 d6 3a eb 
69 4e 02 c5 e7 29 d8 ee 46 84 76 96 67 43 57 45 e4 32 f1 20 bd 3a 22 cb b8 8d a0 f6 2b f6 b4 0c 
e7 57 d5 0a 4e e1 89 af d6 2a 6c db c6 34 e5 2f 07 bc 45 50 4a 03 c6 03 6f 10 7d dd c6 40 c4 c1 
86 5d 39 ce 67 e8 4e 72 c1 04 c4 d3 9c ac a1 fc ff 71 08 9e 0a 5a 36 ce 2f 2a 4c 1c 09 58 86 6e 
63 4e fa b9 9d 06 5b 2e 67 50 05 65 ed 1d ca 89 bf 3e 0b c8 43 00 26 64 34 3f 9d 58 76 3d 76 5f 
47 ba 64 59 96 be d7 42 29 3a 3d d6 37 1d a5 27 cf d7 11 eb b2 84 0a a1 55 07 9a ac 7b a4 bb da 
29 11 c0 0e f2 63 7c 4a 12 25 bd 8f 68 04 b8 47 0c e1 e0 76 ea cf 0c 2e 5f 5b 50 0b f1 e2 23 40 
1a b0 
....9<.(.Eg;..3..uF,.w..;b.. .i..6a....2........k;.#..`..a....q...T....u;.i7.F$.,4....`.7.....Y.
..oa.O..M....**.HS.....d3...9.o,Ow.RG.<.4.-..... bt.....)8/.v..i.7v.Y%.x;4h.g..c4.....R..(N9....
%..#..[.U...N.id...d..<..aF+..G.A%...A4-:MAcB....I.........M.gP,l....`..>.&x..).L._..Z9...+m|..)
.o..^K.G.J.i./..-.....~.7q..........Jp..}..)...n...#.N.`......R.n@.j..V...d.=U...b"./.. ........
.!W........)(.p .....[....w.$.g..m...[B..;......4...ij........?S.g.r..7..?P...a.y@..b.M.'i....$.
\fTS.....{.6...Y.BK...),hN..P..OP.".A...r.?_u.$Cd2S....$+H......wr.H.h .....^WY......}..K8......
..U.F.R.V.Vg...Ea..l..w.#B:.X.(a.......$B.".3:v...U.[.4...S....F.A..g. V.A..>.......<:3....yV...
...5...Yz.,...,.?"..9.....}..vX.d....q...........nxa..KC.#.Wv......`..M.I8.@.#.u.4....HF........
._..T.`..^8..j..g.........V.........3.4r....}u.......q|ef+..q...t..!X.sJ...8Pv]...W..D!;P...WY..
l..<>}2.6q..........&..].............h.S..R...\.9....~.as89WQ.S.)-.O....U\......^.-QF.......R4@v
..Ds..U.B..k.R.v4^.pp......=./5.3WGC.$..%".....>I..e.....9Q.`{...&.oX..M............v,.p.i....:.
iN...)..F.v.gCWE.2. .:".....+....W..N....*l..4./..EPJ...o.}..@...]9.g.Nr.........q...Z6./*L..X.n
cN....[.gP.e.....>..C.&d4?.Xv=v_G.dY...B):=.7..'........U...{...)....c|J.%..h..G...v...._[P...#@
..

MRGN->Client [11:06:05 07/24/09] packet size: 194
80 c0 fa 7e 37 6c 13 0d 1a 99 fa 8a b0 49 f1 cc 55 4d 6c c0 06 47 b0 27 0b ce d9 54 a3 ae b5 6b 
c5 df 63 b6 44 b9 f3 88 d2 f3 ca 5b 41 83 2d 8a 39 84 07 86 57 d0 27 13 3e 94 5c f7 bc 4d 3a bf 
25 67 68 a0 b9 f0 e8 ea 2e 09 b4 94 34 c8 6a 41 54 b2 30 7d 12 02 bc e4 74 8e 75 55 8f e5 6b 7d 
24 0f a3 b2 69 a4 6e 41 12 ad 59 2c 4b 8c d6 e4 b5 57 7c 9f e2 71 1c 9d 31 c7 d5 50 bf 07 8e a0 
b3 77 56 2c f0 c9 53 dd b8 66 6a 2a 54 1f 82 d0 cc 98 e1 1f 37 59 b3 60 f1 ea 43 4b 5b 25 30 14 
9e cb 8f 1e 19 50 f1 8a 25 67 d7 64 4f 09 59 af 48 19 1a eb 95 14 66 85 07 31 10 74 d7 a0 07 e3 
7a b7 
...~7l.......I..UMl..G.'...T...k..c.D......[A.-.9...W.'.>.\..M:.%gh.........4.jAT.0}....t.uU..k}
$...i.nA..Y,K....W|..q..1..P.....wV,..S..fj*T.......7Y.`..CK[%0......P..%g.dO.Y.H.....f..1.t....
z.

MRGN->Client [11:06:05 07/24/09] packet size: 49
30 dd ea 0f 5e d5 da 83 88 44 f3 5a bb 11 3b a9 1c 9c 8b 80 74 df b1 a6 3d 18 ee 93 e7 66 cb 2b 
bc 43 73 c5 ab 50 9c c9 48 f6 b6 ec b0 ee 5a f9 ac 
0...^....D.Z..;.....t...=....f.+.Cs..P..H.....Z..

MRGN->Client [11:06:05 07/24/09] packet size: 49
30 a6 3e 0d 50 82 51 71 ea b6 e2 59 8b 24 bf 8c f4 f1 17 d8 99 1e 10 32 97 67 29 a8 8c f9 a4 9b 
4b 11 7a 84 23 c5 51 75 c0 f9 f6 63 84 67 ce 2c 67 
0.>.P.Qq...Y.$.........2.g).....K.z.#.Qu...c.g.,g

MRGN->Client [11:06:05 07/24/09] packet size: 434
81 b0 87 8c dc 49 5f 36 1c eb dd a3 de 58 14 21 05 dc 7c 72 2f 00 a9 0a 8c 42 83 14 42 ce 0f c7 
16 28 37 09 59 dd 24 80 df 42 c5 86 fb 1b 35 c4 b9 79 d0 5e 5d 5b 10 a2 8d 75 18 1d d9 90 8d 63 
dd f4 5b 9c 4e 84 bf 4e 32 14 c9 98 a5 47 da 64 4c 96 62 ca 47 86 c1 6c 66 0d b1 47 7a fe 14 d6 
f1 82 92 fa 3f 3a 15 10 94 7a 05 f3 17 da 92 86 a4 d9 2a d9 90 a4 a5 fb c2 59 24 f4 db e7 07 cd 
2f 20 46 8b df 10 fe c4 c0 05 bd 50 64 f0 4d 36 0b c0 ed 89 dc 18 a7 0e 17 7f 0d 3b f8 2e aa 2b 
5d 6e 5d f9 ce c5 c8 10 28 f2 44 d4 29 f0 59 0d c1 ff 46 4d ae 95 3c aa aa 03 5b 0f 33 9b e1 55 
2f db ff af 0c 59 b1 05 3c b9 8c 17 dd 18 8f 63 f7 e9 63 3c 65 5f 58 5e 81 06 f6 7d 08 b5 de 7b 
5f eb ee df ad c5 b4 82 bd 41 ce c0 71 9d 05 01 28 91 df e0 35 c3 2e 74 e8 04 63 ea c8 48 e0 04 
80 70 ac 28 e1 aa 82 4f c0 1a a9 60 0a 3b a0 3f c4 a2 80 4c ae bb 45 48 70 41 3f 0d 34 c8 64 83 
4c 4b 2a 79 83 13 ac 34 98 e5 8a 51 96 a3 41 15 89 13 46 f9 ec 37 96 ae 15 b3 c9 da 88 fa 1e 41 
a9 90 a0 a8 39 f9 50 f4 9d 13 e2 a0 0c ba f5 b2 7b ab ee a4 4a 8d 81 cf ad cc 9e e1 e6 a8 93 aa 
0b 51 9e 85 b4 aa 56 96 ad 9e ec 6e 85 34 c2 ce fa a1 14 b1 c2 75 25 29 15 59 19 c9 4f 75 7a 83 
ab 3d a9 88 d4 01 a0 1c 9a 94 e4 58 6d da 59 c2 30 52 cb 1f db 9a b5 f0 45 4e 3a d5 1e 71 7c 01 
01 39 3c 5b df f0 ed 06 c8 f8 b7 dd d7 43 17 df 1f 9b 
.....I_6.....X.!..|r/....B..B....(7.Y.$..B....5..y.^][...u.....c..[.N..N2....G.dL.b.G..lf..Gz...
....?:...z........*......Y$...../ F........Pd.M6...........;...+]n].....(.D.).Y...FM..<...[.3..U
/....Y..<......c..c<e_X^...}...{_........A..q...(...5..t..c..H...p.(...O...`.;.?...L..EHpA?.4.d.
LK*y...4...Q..A...F..7.........A....9.P.........{...J............Q....V....n.4.......u%).Y..Ouz.
.=.........Xm.Y.0R......EN:..q|..9<[.........C....

MRGN->Client [11:06:05 07/24/09] packet size: 49
30 f9 4c ec f1 01 ec 2c f2 4d 6a 38 c0 13 7d 49 07 0a 22 fa 1e f3 2b f7 e9 9f d5 a5 39 96 cb 81 
5e e4 84 89 26 79 ab 24 e0 31 b6 4f 7d d2 d1 2c 5e 
0.L....,.Mj8..}I.."...+.....9...^...&y.$.1.O}..,^

MRGN->Client [11:06:05 07/24/09] packet size: 81
50 d8 2c e8 bf be 82 38 6a 0b c7 52 09 09 5e f2 0d dc 9d 77 fc 50 f7 33 cf cb 23 5b 6b c4 73 61 
09 aa 0f 9c 15 62 a3 40 af 60 8a 16 a6 31 19 a3 c7 cb 1f 6f da 77 e6 76 54 0f ee da 4f a5 6e e9 
bc 31 1c 92 1d 43 cb ff 5b 02 28 2c 77 34 37 c9 6b 
P.,....8j..R..^....w.P.3..#[k.sa.....b.@.`...1.....o.w.vT...O.n..1...C..[.(,w47.k

MRGN->Client [11:06:05 07/24/09] packet size: 882
83 70 8f e0 c4 9f 05 d4 e3 9c d8 13 9a 4e 61 55 ac d2 d7 4a 1d 1f 95 d8 4d 89 10 7c b8 f1 80 96 
6b ec 0d 4f 1e a5 c1 b8 38 fe ff 7c 2f 51 c4 2e b2 5f 08 87 a6 f7 9b a1 34 6f 96 8f 23 ef 56 70 
06 5d c8 d0 e7 c8 b5 37 7d 30 79 5f 8c a7 01 2d 27 6b 00 df f7 1c ce 49 2d a1 9a 77 f4 d3 d4 8e 
6f 8c b9 34 9f 27 b6 8b 45 83 12 cd 9a 94 62 1c f3 9b 32 d8 20 4c 06 8b 9b 4e 34 ac a8 3a 92 40 
4e 7c 72 ea b4 7f 33 44 ad 68 bf e3 27 cf cf 97 5d 48 86 e6 be 59 ee da b6 a4 b7 30 f3 80 5d 9e 
25 f4 6a d8 1c 18 4e 55 60 91 78 ac fc dc a8 15 a8 c8 eb 76 6a a5 4f 40 77 63 b1 dd c3 27 8e 02 
4e 0d 04 d7 fb 15 78 e1 02 44 c1 25 e4 13 33 a3 21 bc a9 d1 93 98 ea 7b d9 93 06 a2 b8 61 75 07 
56 46 0a a9 4e d3 28 cd 40 ae 1a 8a 41 f4 41 d0 dd 9d e6 dd ac 1f a5 24 e8 1a c0 59 e5 2d 80 f8 
98 5e 4c 97 49 0a ae 58 ee 11 0c 95 35 12 92 bf 41 46 6f f0 84 32 d6 fc c7 44 06 27 e7 be d0 85 
ef ec f9 11 06 0a be 7a 8b 6f 67 2b b5 f8 a2 e7 05 4a e0 a0 d3 88 c7 c2 08 64 f3 f0 24 ff eb 4e 
04 14 44 f5 fd 79 59 b5 fa 6c 93 d9 52 62 93 ad b6 b1 da 9b 83 40 9e c7 fd fe ea fe a3 31 59 5e 
12 95 46 ef 48 32 53 59 6b 98 03 79 a2 ac fe 4b 18 b1 60 30 d7 06 be 2d f8 00 06 9d 5b 28 2d ce 
a3 49 fd e0 2e 82 6d a9 6c 80 6b 23 8a b3 73 a2 c4 26 58 a2 fc 1a 8e e8 36 23 f3 da 4f c7 ca bf 
f4 bc 00 1c cb e7 d9 7a d9 5b b1 da f4 ff 0b 03 de ae 85 3b 73 1c e4 d1 6e 0e 0e 4e 90 aa a4 29 
e1 c1 e2 b4 b5 4a f1 d5 a7 00 5f cf 9f 50 d9 f5 43 64 58 bb 4c be 0b a3 02 7f be ce 63 9e b7 e2 
e1 d4 09 92 4a df af 64 ef 1a 5a 5a 48 58 20 48 c2 17 cb c9 e9 4e 68 10 89 1e 12 92 f1 9c d7 45 
b7 15 cf 77 5c f5 e7 44 6c 65 63 02 98 c8 cc 03 79 14 d2 6c a1 cf 4b c2 ed 3a 0d 3b fa 40 ef aa 
ac bc af 95 97 d1 3b 88 79 e0 e7 cf cf 96 b6 9e 15 a1 c0 b4 90 df 53 fc 95 51 ba e8 5e 5a d4 b8 
23 2d 32 9e 8a ca bd e3 da c4 08 e0 a3 5f 53 b8 a1 be 18 9c 33 97 ae cb 01 fa 72 e3 f9 8c d4 8a 
75 6a 9d 1b 73 74 59 da 1b 91 3d aa 44 fe 19 b2 a4 1d 74 be f5 be 81 29 98 91 84 e5 6f c3 22 d1 
d7 59 e6 a5 fd 89 35 87 39 76 5d 7c 8b 63 6b df b2 95 7c db 01 c3 58 83 f9 65 ac 22 62 22 9b a9 
a7 f0 6d dc 85 55 4c a6 73 5e c3 e1 7a ae 4b 7e 7d 0c 16 31 aa d2 ab f7 9e 0e 85 61 16 8d 5b 57 
0d 92 1d a9 dd 3d b9 83 23 a8 3a 67 5f 1d 33 cf 4d 10 6b 51 8e 9c 8c fa 59 00 65 ad 0c b7 a9 c8 
db 7b 5a dd a1 60 7b 8e b7 c4 04 6f 9b 58 46 d8 25 98 d5 0b 81 2c e0 56 b5 3d d3 40 7f 65 d1 e2 
26 18 08 7e 30 09 19 a9 58 51 0a 66 b9 95 d2 b0 0c b5 8e f0 b9 cd e2 eb df 0d b4 8b 05 31 e3 da 
8b 9f d6 ee 99 3f 18 7d a3 22 1d 83 0e 7a 0b 18 f9 96 e4 c1 52 49 dc 3b 46 a8 01 d2 1c 3b de 32 
bc 95 c3 87 82 53 d3 29 42 a5 92 7b 0d dc 3d e6 e4 1d 14 5f 27 ff c1 e5 16 5b ab 95 f5 93 43 b1 
00 eb 82 03 72 b6 35 81 7c df a9 89 42 aa 35 cb cd 49 
.p...........NaU...J....M..|....k..O....8..|/Q..._......4o..#.Vp.].....7}0y_...-'k.....I-..w....
o..4.'..E.....b...2. L...N4..:.@N|r...3D.h..'...]H...Y.....0..].%.j...NU`.x........vj.O@wc...'..
N.....x..D.%..3.!......{.....au.VF..N.(.@...A.A........$...Y.-...^L.I..X....5...AFo..2...D.'....
.......z.og+.....J.......d..$..N..D..yY..l..Rb.......@.......1Y^..F.H2SYk..y...K..`0...-....[(-.
.I....m.l.k#..s..&X.....6#..O..........z.[.........;s...n..N...).....J...._..P..CdX.L.......c...
....J..d..ZZHX H.....Nh........E...w\..Dlec.....y..l..K..:.;.@........;.y.............S..Q..^Z..
#-2.........._S.....3.....r.....uj..stY...=.D.....t....)....o."..Y....5.9v]|.ck...|...X..e."b"..
..m..UL.s^..z.K~}..1.......a..[W.....=..#.:g_.3.M.kQ....Y.e......{Z..`{....o.XF.%....,.V.=.@.e..
&..~0...XQ.f.................1.......?.}."...z......RI.;F....;.2.....S.)B..{..=...._'....[....C.
....r.5.|...B.5..I

MRGN->Client [11:06:05 07/24/09] packet size: 210
80 d0 fa 77 32 f9 94 e8 4f b8 b1 44 7e 8a 11 7e ea 22 ec 46 db 92 5a 52 82 5d ac 36 8b bc f1 58 
25 c3 64 9f 34 e2 56 0e f2 41 8a 62 e4 ea 1a 71 63 98 f5 84 93 39 1f 63 ce df 85 5f 20 ae 96 61 
0b 25 de ca 79 55 37 05 34 53 f8 b1 cc b0 12 b5 8e fa 82 06 91 a5 bc 13 55 cf a6 97 af c0 47 8b 
12 f1 95 54 75 ca b3 77 f1 5c 22 be 27 c5 ea a1 71 d3 a5 50 a7 ee 69 d1 04 38 e5 63 69 c2 cc bf 
7d d1 89 34 b1 02 ea b6 41 ac ca 10 e7 bf 7f 57 c9 cc 66 77 bf 9e 1b 9b ea 69 f4 fd 40 0a 83 94 
b1 80 40 2f 32 07 8c 5c 26 03 18 2b b1 27 5f aa 68 5b 7c 0c 15 3a 5c 59 f4 01 f4 6e 8a d6 7d 3d 
1c cc 9e 52 72 6d 7c a3 c4 a6 fd bc be 81 1d 2d 19 b0 
...w2...O..D~..~.".F..ZR.].6...X%.d.4.V..A.b...qc....9.c..._ ..a.%..yU7.4S..............U.....G.
...Tu..w.\".'...q..P..i..8.ci...}..4....A......W..fw.....i..@.....@/2..\&..+.'_.h[|..:\Y...n..}=
...Rrm|........-..

MRGN->Client [11:06:05 07/24/09] packet size: 690
82 b0 e0 10 ce 5b 37 84 6d cc d1 68 fb 25 a4 53 fa 05 6e 49 3f 47 21 25 54 bc 35 1b ed 9f 6b 06 
21 7c c2 9d 64 fe d7 bf 37 c0 a4 19 e9 8c de b2 b8 3e 6e e2 e7 26 2e 02 19 25 39 4e 0d b1 86 c2 
94 79 1c 1f fc 8c e9 8a 0c fc 0a b7 10 b4 b2 8c 6c 0b c6 a7 2d 0e 0f 47 76 97 75 8a e0 76 fc 4c 
08 4d ac 37 95 f1 9f ec 98 62 45 1f d0 a2 22 fd 4b c1 1e 10 2c d8 63 bc ab af f9 1e 7a 19 22 e9 
31 33 6f 11 fd 29 9e f1 1a 60 df 4a b0 24 19 00 30 c9 31 a2 1a 80 3a 58 de 73 5f ae 1a 93 c2 4e 
a6 ac 2b e0 49 8c 8c 5b 00 6c 39 10 8b 7f 3f ae 29 f5 a6 4d 21 13 d5 2a 93 1d 34 58 c6 ce 67 ba 
fe d4 55 e9 db a0 6b c2 62 eb 72 a5 40 50 89 e0 78 5d a4 f5 4d 99 69 aa b0 41 f4 8f 8e 0e d0 38 
3b 24 af 9d 50 f3 5e 41 9f af 56 2f 79 ad e7 d7 bc 44 98 59 61 dd 6f 38 63 45 68 97 04 36 64 9f 
d3 75 16 01 6b c3 a0 dc 96 91 33 fa 43 46 e0 96 f3 aa d3 5f 2f e2 2e 94 1c 25 78 bf 1f 1e 6e 2c 
e5 44 86 95 01 04 78 0c 90 9c 12 a2 85 a4 15 80 a0 33 78 13 7c e5 80 d7 5d 19 f9 52 d4 a1 14 4d 
cc 44 a3 a7 28 ae c6 5a 20 1c 5a 51 bb b7 09 e8 07 4e 71 f4 09 b7 60 a8 84 42 e6 cd ac f1 6d 6e 
f9 a5 f6 8b 08 b6 f3 3f 5c cc d1 ff e9 fe cd db ed 24 69 b8 3c 53 ca 64 16 4f e4 60 9c 2a 3d 1a 
b8 70 5c 91 a5 63 4c ac a2 30 c6 ef ba 69 73 2b fe 4c 0c 54 73 8f 14 fb 0c 28 c1 a2 9a 1f 61 8b 
ce d4 e8 54 d2 42 7c f0 97 e3 f5 e9 ec 8c 90 ec 24 08 b2 13 dc 61 3f c4 3b 2b a0 f1 75 ae f0 84 
7f 96 2d 4d 99 e0 aa d8 91 91 06 58 2a 6f 16 cd 34 07 2c b5 4c 7d e0 4d 06 cc 2b cb bf f2 eb 17 
e1 15 16 7a be a0 07 7e da d9 a7 7d 4f 3d 37 23 5b 3c 79 3f 91 f7 26 43 b3 88 f0 a7 61 ac ea 1b 
38 93 6e 93 08 61 c0 f9 f7 73 1e 09 e3 d9 b6 a2 14 03 96 e6 08 dc 48 bf 1b 36 cd a9 66 fd 31 0b 
c4 cd 5b 83 11 11 8c f5 60 5d d4 29 2d 38 0a 35 b8 49 7a 24 a6 cd 09 69 eb c6 ec 7a 7f 3e 87 2e 
48 b0 09 05 c2 f7 98 c0 16 cd ed 44 56 83 54 fa a5 f8 3f 0f b5 5f 12 99 67 96 aa 23 5e b0 14 c7 
4b dd 1b 87 02 19 3f 6e 1b f9 e0 45 aa 65 42 5d a8 b0 ad 9a 90 f1 33 6a 23 21 4f d7 1d 53 06 47 
61 3f 16 74 fc e0 0e 62 31 61 f9 89 b6 c4 67 d6 73 94 eb da dd b9 69 cb 3c 47 41 c1 24 38 a8 6b 
d8 1a a1 c6 a2 7c 0c fd 67 cb 41 32 41 3e 13 f7 55 b3 
.....[7.m..h.%.S..nI?G!%T.5...k.!|..d...7........>n..&...%9N.....y..............l...-..Gv.u..v.L
.M.7.....bE...".K...,.c.....z.".13o..)...`.J.$..0.1...:X.s_....N..+.I..[.l9...?.)..M!..*..4X..g.
..U...k.b.r.@P..x]..M.i..A.....8;$..P.^A..V/y....D.Ya.o8cEh..6d..u..k.....3.CF....._/....%x...n,
.D....x..........3x.|...]..R...M.D..(..Z .ZQ.....Nq...`..B....mn.......?\........$i.<S.d.O.`.*=.
.p\..cL..0...is+.L.Ts....(....a....T.B|.........$....a?.;+..u.....-M.......X*o..4.,.L}.M..+.....
...z...~...}O=7#[<y?..&C....a...8.n..a...s............H..6..f.1...[.....`].)-8.5.Iz$...i...z.>..
H..........DV.T...?.._..g..#^...K.....?n...E.eB]......3j#!O..S.Ga?.t...b1a....g.s.....i.<GA.$8.k
.....|..g.A2A>..U.

MRGN->Client [11:06:05 07/24/09] packet size: 49
30 56 56 af 1a 57 fa 55 de f5 3e 46 f4 2c df c6 e9 0d 17 a8 1f 41 66 30 95 c9 aa af 64 17 8b 39 
55 29 4d f1 55 67 47 dd d3 5a c9 b6 1d 74 9a c0 f2 
0VV..W.U..>F.,.......Af0....d..9U)M.UgG..Z...t...

MRGN->Client [11:06:05 07/24/09] packet size: 49
30 3e 67 e4 d2 7b a3 a6 6b 1a c0 03 73 36 60 e1 9b 09 0d 11 f5 64 25 8a 9f 20 27 01 82 9b 8e 28 
77 98 52 20 f4 df d3 b2 3c c8 ef 25 23 e4 1a 05 2e 
0>g..{..k...s6`......d%.. '....(w.R ....<..%#....

MRGN->Client [11:06:05 07/24/09] packet size: 130
80 80 e7 a8 bf 4f 7e 8b ba 6b 73 f2 e7 4d 31 d8 79 9a a4 86 35 cf 00 5b 7c 8d ce ba 2e 39 36 a6 
ac 47 b0 22 14 d3 5b 64 42 50 9e fb 4c 0c f1 24 52 4b 79 e8 60 10 e8 1f b7 74 a9 ec 8d 53 64 4d 
fb 24 14 af 8d f2 35 03 e9 c3 97 61 5a ee 78 94 97 d2 1a 9c 2b a5 5d 68 c1 be f8 fa ab 04 a5 9a 
f5 8f 03 66 36 ea 7f 13 d0 3f 5e ee 91 45 b6 d9 72 e4 ce dc 88 3a 20 60 f8 74 8a 62 bd ef eb d6 
a9 98 
.....O~..ks..M1.y...5..[|....96..G."..[dBP..L..$RKy.`....t...SdM.$....5....aZ.x.....+.]h........
...f6....?^..E..r....: `.t.b......

Client->GAME [11:06:05 07/24/09] packet size: 43
00 00 00 00 00 00 03 08 00 00 00 13 c6 0e 00 00 00 00 00 84 03 00 00 00 00 00 00 a0 66 52 a8 7d 
04 1b 8f e0 64 a0 86 30 50 b9 67 
............................fR.}....d..0P.g

GAME->Client [11:06:06 07/24/09] packet size: 7
00 00 00 00 00 00 05 
.......

GAME->Client [11:06:06 07/24/09] packet size: 7
00 00 00 00 00 00 05 
.......

GAME->Client [11:06:06 07/24/09] packet size: 7
00 00 00 00 00 00 05 
.......

GAME->Client [11:06:06 07/24/09] packet size: 7
00 00 00 00 00 00 05 
.......

GAME->Client [11:06:06 07/24/09] packet size: 7
00 00 00 00 00 00 05 
.......

MRGN->Client [11:06:07 07/24/09] packet size: 33
20 ad b3 25 a8 51 47 60 4f bb ab f9 94 2a 1c 48 46 81 b0 f3 2f 4d a0 ad 45 73 6d 13 e6 9c 9c 02 
63 
 ..%.QG`O....*.HF.../M..Esm.....c

MRGN->Client [11:06:07 07/24/09] packet size: 6
aa aa 1f a0 fc 8e 
......

GAME->Client [11:06:07 07/24/09] packet size: 1322 CRYPTED, Flags: 0 ServerSeq: 1 ClientSeq: 0
82 13 28 98 47 04 01 00 00 3b 71 06 0e 00 01 00 00 00 13 28 98 47 01 44 00 34 00 72 65 73 6f 75 
72 63 65 2f 77 6f 72 6c 64 73 2f 66 69 6e 61 6c 5f 77 6f 72 6c 64 2f 73 6c 75 6d 73 5f 62 61 72 
72 65 6e 73 5f 66 75 6c 6c 2e 6d 65 74 72 00 2b 00 48 61 6c 6c 6f 77 65 65 6e 5f 45 76 65 6e 74 
2c 57 69 6e 74 65 72 33 48 61 6c 6c 6f 77 65 65 6e 46 6c 79 45 79 65 54 53 45 43 00 0a 80 e5 e7 
cb c0 12 00 00 00 00 0a 80 e4 00 28 6b ee 00 00 00 00 08 80 b2 4e 00 08 00 08 02 08 80 b2 52 00 
10 00 08 02 08 80 b2 54 00 09 00 08 02 08 80 b2 4f 00 0b 00 08 02 08 80 b2 51 00 0c 00 08 02 08 
80 b2 11 00 11 00 08 02 16 80 bc 45 03 11 00 00 02 00 00 00 11 00 11 00 00 00 00 00 00 00 00 16 
80 bc 45 00 02 00 00 02 00 00 00 cc 00 04 00 00 00 00 00 00 00 00 16 80 bc 45 00 03 00 00 0b 00 
00 00 37 02 33 00 00 00 00 00 00 00 00 16 80 bc 45 00 04 00 00 2d 00 00 00 23 04 03 00 00 00 00 
00 00 00 00 16 80 bc 45 00 05 00 00 2d 00 00 00 20 04 03 00 00 00 00 00 00 00 00 16 80 bc 45 00 
06 00 00 2d 00 00 00 19 04 01 00 00 00 00 00 00 00 00 16 80 bc 45 00 07 00 00 2d 00 00 00 42 04 
01 00 00 00 00 00 00 00 00 16 80 bc 45 00 08 00 00 34 00 00 00 83 02 44 00 00 00 00 00 00 00 00 
16 80 bc 45 00 09 00 00 4c 00 00 00 15 04 04 00 00 00 00 00 00 00 00 16 80 bc 45 00 0a 00 00 4c 
00 00 00 06 04 04 00 00 00 00 00 00 00 00 16 80 bc 45 00 0b 00 00 4c 00 00 00 19 04 02 00 00 00 
00 00 00 00 00 16 80 bc 45 00 0c 00 00 53 00 00 00 15 04 01 00 00 00 00 00 00 00 00 16 80 bc 45 
00 0d 00 00 53 00 00 00 19 04 01 00 00 00 00 00 00 00 00 08 80 b2 3a 04 00 00 08 02 16 80 bc 45 
03 3a 04 00 53 00 00 00 3a 04 00 00 00 00 00 00 00 00 00 16 80 bc 45 00 0e 00 00 53 00 00 00 06 
04 01 00 00 00 00 00 00 00 00 16 80 bc 45 00 0f 00 00 5f 00 00 00 7c 04 05 00 00 00 00 00 00 00 
00 16 80 bc 45 00 10 00 00 5f 00 00 00 07 04 05 00 00 00 00 00 00 00 00 16 80 bc 45 00 11 00 00 
62 00 00 00 06 04 01 00 00 00 00 00 00 00 00 08 80 b2 35 04 00 00 08 02 16 80 bc 45 03 35 04 00 
62 00 00 00 35 04 00 00 00 00 00 00 00 00 00 16 80 bc 45 00 12 00 00 62 00 00 00 15 04 01 00 00 
00 00 00 00 00 00 16 80 bc 45 00 13 00 00 36 02 00 00 37 02 0a 00 00 00 00 00 00 00 00 16 80 bc 
56 00 14 00 00 53 1d 00 00 b4 00 05 00 00 00 00 00 00 00 00 16 80 bc 56 00 15 00 00 53 1d 00 00 
74 04 01 00 00 00 00 00 00 00 00 16 80 bc 56 00 16 00 00 53 1d 00 00 09 04 05 00 00 00 00 00 00 
00 00 16 80 bc 56 00 17 00 00 53 1d 00 00 78 04 01 00 00 00 00 00 00 00 00 16 80 bc 56 00 18 00 
00 53 1d 00 00 b5 00 05 00 00 00 00 00 00 00 00 16 80 bc 56 00 19 00 00 68 9a 00 00 b4 00 0a 00 
00 00 00 00 00 00 00 16 80 bc 56 00 1a 00 00 68 9a 00 00 9d 00 0a 00 00 00 00 00 00 00 00 16 80 
bc 56 00 1b 00 00 68 9a 00 00 7b 04 01 00 00 00 00 00 00 00 00 16 80 bc 56 00 1c 00 00 68 9a 00 
00 b5 00 0a 00 00 00 00 00 00 00 00 16 80 bc 56 00 1d 00 00 2e a1 00 00 21 04 01 00 00 00 00 00 
00 00 00 16 80 bc 56 00 1e 00 00 2e a1 00 00 09 04 0a 00 00 00 00 00 00 00 00 16 80 bc 56 00 1f 
00 00 2e a1 00 00 22 04 01 00 00 00 00 00 00 00 00 16 80 bc 56 00 20 00 00 2e a1 00 00 9d 00 0a 
00 00 00 00 00 00 00 00 16 80 bc 56 00 21 00 00 2e a1 00 00 b5 00 0a 00 00 00 00 00 00 00 00 16 
80 bc 56 00 22 00 00 d3 26 00 00 b4 00 0a 00 00 00 00 00 00 00 00 16 80 bc 56 00 23 00 00 d3 26 
00 00 09 04 0a 00 00 00 00 00 00 00 00 16 80 bc 56 00 24 00 00 d3 26 00 00 22 04 01 00 00 00 00 
00 00 00 00 16 80 bc 56 00 25 00 00 d3 26 00 00 c3 02 01 00 00 00 00 00 00 00 00 16 80 bc 56 00 
26 00 00 d3 26 00 00 76 04 01 00 00 00 00 00 00 00 00 16 80 bc 56 00 27 00 00 d3 26 00 00 b5 00 
0a 00 00 00 00 00 00 00 00 16 80 bc 56 00 28 00 00 b3 a9 00 00 b4 00 09 00 00 00 00 00 00 00 00 
16 80 bc 56 00 29 00 00 b3 a9 00 00 11 04 01 00 00 00 00 00 00 00 00 16 80 bc 56 00 2a 00 00 b3 
a9 00 00 09 04 09 00 00 00 00 00 00 00 00 16 80 bc 56 00 2b 00 00 b3 a9 00 00 06 04 01 00 00 00 
00 00 00 00 00 16 80 bc 56 00 2c 00 00 b3 a9 00 00 b5 00 09 00 00 00 00 00 00 00 00 16 80 bc 56 
00 2d 00 00 93 6c 00 00 09 04 10 00 00 00 00 00 00 00 00 16 80 bc 56 00 2e 00 00 93 6c 00 00 9d 
00 10 00 00 00 00 00 00 00 00 
..(.G....;q........(.G.D.4.resource/worlds/final_world/slums_barrens_full.metr.+.Halloween_Event
,Winter3HalloweenFlyEyeTSEC................(k........N........R........T........O........Q......
...........E......................E......................E........7.3...........E....-...#......
.......E....-... .............E....-.................E....-...B.............E....4.....D........
...E....L.................E....L.................E....L.................E....S.................E
....S.................:........E.:..S...:.............E....S.................E...._...|.........
....E...._.................E....b.................5........E.5..b...5.............E....b........
.........E....6...7.............V....S.................V....S...t.............V....S............
.....V....S...x.............V....S.................V....h.................V....h................
.V....h...{.............V....h.................V........!.............V......................V..
......".............V. ....................V.!....................V."...&................V.#...&
................V.$...&..".............V.%...&................V.&...&..v.............V.'...&....
............V.(....................V.)....................V.*....................V.+............
........V.,....................V.-...l................V.....l.............

MRGN->Client [11:06:07 07/24/09] packet size: 6
aa aa b7 b1 b8 8b 
......

GAME->Client [11:06:07 07/24/09] packet size: 343 CRYPTED, Flags: 0 ServerSeq: 2 ClientSeq: 0
02 04 02 00 3b 06 16 80 bc 15 00 2f 00 00 f7 03 00 00 08 02 00 00 00 00 00 00 00 00 00 16 80 bc 
15 00 30 00 00 f7 03 00 00 07 02 ec ff ff ff 00 00 00 00 00 16 80 bc 15 00 31 00 00 f7 03 00 00 
50 04 00 00 00 00 00 00 00 00 00 16 80 bc 15 00 32 00 00 f7 03 00 00 f4 03 00 00 00 00 00 00 00 
00 00 16 80 bc 15 00 33 00 00 f7 03 00 00 51 04 f6 ff ff ff 00 00 00 00 00 16 80 bc 15 00 34 00 
00 f7 03 00 00 52 04 0f 00 00 00 00 00 00 00 00 00 41 04 2f 47 00 00 04 01 00 00 00 00 00 00 00 
00 00 00 00 00 00 00 00 1a 00 06 00 00 00 01 00 00 00 00 01 01 00 00 00 00 00 80 00 00 00 00 00 
00 00 00 24 2e 07 00 00 00 00 00 00 00 00 00 00 00 59 00 00 2e 00 00 00 00 00 00 00 00 00 00 00 
00 00 00 00 00 00 00 00 25 80 86 ac 53 02 00 00 00 00 00 00 00 00 00 00 00 00 00 00 00 00 00 00 
00 00 21 00 00 00 00 00 23 00 00 00 00 00 48 81 a9 00 00 07 00 05 3f 00 68 74 74 70 3a 2f 2f 74 
68 65 6d 61 74 72 69 78 6f 6e 6c 69 6e 65 2e 73 74 61 74 69 6f 6e 2e 73 6f 6e 79 2e 63 6f 6d 2f 
70 72 6f 63 65 73 73 46 6c 61 73 68 54 72 61 66 66 69 63 2e 76 6d 00 
....;....../......................0......................1......P...............2...............
.......3......Q...............4......R...........A./G...........................................
...$.............Y......................%...S.....................!.....#.....H.......?.http://t
hematrixonline.station.sony.com/processFlashTraffic.vm.

Client->GAME [11:06:07 07/24/09] packet size: 6 CRYPTED, Flags: 1 ServerSeq: 1 ClientSeq: 1
02 05 02 0c 00 00 
......

GAME->Client [11:06:07 07/24/09] packet size: 785 CRYPTED, Flags: 1 ServerSeq: 3 ClientSeq: 1
02 04 01 00 45 12 30 80 d7 08 00 3c 00 00 8e 26 00 53 4f 45 2b 4d 58 4f 2b 56 65 63 74 6f 72 2d 
48 6f 73 74 69 6c 65 2b 52 75 6e 6e 69 6e 67 57 69 6c 64 33 30 35 00 2b 80 d7 08 00 3c 00 00 8e 
21 00 53 4f 45 2b 4d 58 4f 2b 56 65 63 74 6f 72 2d 48 6f 73 74 69 6c 65 2b 53 74 61 72 6c 61 69 
6e 65 00 28 80 d7 08 00 3c 00 00 8e 1e 00 53 4f 45 2b 4d 58 4f 2b 56 65 63 74 6f 72 2d 48 6f 73 
74 69 6c 65 2b 4b 61 64 61 6e 61 00 28 80 d7 08 00 3c 00 00 8e 1e 00 53 4f 45 2b 4d 58 4f 2b 56 
65 63 74 6f 72 2d 48 6f 73 74 69 6c 65 2b 41 6e 74 68 72 58 00 29 80 d7 08 00 3c 00 00 8e 1f 00 
53 4f 45 2b 4d 58 4f 2b 56 65 63 74 6f 72 2d 48 6f 73 74 69 6c 65 2b 4d 65 64 61 6e 69 61 00 2c 
80 d7 08 00 3c 00 00 8e 22 00 53 4f 45 2b 4d 58 4f 2b 56 65 63 74 6f 72 2d 48 6f 73 74 69 6c 65 
2b 43 61 6e 64 79 53 61 6e 64 79 00 28 80 d7 08 00 3c 00 00 8e 1e 00 53 4f 45 2b 4d 58 4f 2b 56 
65 63 74 6f 72 2d 48 6f 73 74 69 6c 65 2b 53 74 65 76 65 42 00 2b 80 d7 08 00 3c 00 00 8e 21 00 
53 4f 45 2b 4d 58 4f 2b 56 65 63 74 6f 72 2d 48 6f 73 74 69 6c 65 2b 41 72 6d 69 6e 61 74 6f 72 
00 27 80 d7 08 00 3c 00 00 8e 1d 00 53 4f 45 2b 4d 58 4f 2b 56 65 63 74 6f 72 2d 48 6f 73 74 69 
6c 65 2b 46 6f 6e 64 6f 00 28 80 d7 08 00 3c 00 00 8e 1e 00 53 4f 45 2b 4d 58 4f 2b 56 65 63 74 
6f 72 2d 48 6f 73 74 69 6c 65 2b 72 59 75 67 65 6e 00 28 80 d7 08 00 3c 00 00 8e 1e 00 53 4f 45 
2b 4d 58 4f 2b 56 65 63 74 6f 72 2d 48 6f 73 74 69 6c 65 2b 54 61 75 72 6f 6e 00 2f 80 d7 08 00 
3c 00 00 8e 25 00 53 4f 45 2b 4d 58 4f 2b 56 65 63 74 6f 72 2d 48 6f 73 74 69 6c 65 2b 54 68 65 
53 6f 6c 69 64 53 6e 61 6b 65 00 2d 80 d7 08 00 3c 00 00 8e 23 00 53 4f 45 2b 4d 58 4f 2b 56 65 
63 74 6f 72 2d 48 6f 73 74 69 6c 65 2b 57 69 74 63 68 62 75 72 6e 65 72 00 27 80 d7 08 00 3c 00 
00 8e 1d 00 53 4f 45 2b 4d 58 4f 2b 56 65 63 74 6f 72 2d 48 6f 73 74 69 6c 65 2b 53 79 6d 62 69 
00 2a 80 d7 08 00 3c 00 00 8e 20 00 53 4f 45 2b 4d 58 4f 2b 56 65 63 74 6f 72 2d 48 6f 73 74 69 
6c 65 2b 54 6f 64 64 33 34 36 35 00 29 80 d7 08 00 3c 00 00 8e 1f 00 53 4f 45 2b 4d 58 4f 2b 56 
65 63 74 6f 72 2d 48 6f 73 74 69 6c 65 2b 4d 65 64 61 6e 6f 6e 00 2f 80 d7 08 00 3c 00 00 8e 25 
00 53 4f 45 2b 4d 58 4f 2b 56 65 63 74 6f 72 2d 48 6f 73 74 69 6c 65 2b 54 68 65 41 76 65 6e 4e 
69 67 65 72 61 00 2a 80 d7 08 00 3c 00 00 8e 20 00 53 4f 45 2b 4d 58 4f 2b 56 65 63 74 6f 72 2d 
48 6f 73 74 69 6c 65 2b 65 6e 74 69 6c 73 61 72 00 
....E.0....<...&.SOE+MXO+Vector-Hostile+RunningWild305.+....<...!.SOE+MXO+Vector-Hostile+Starlai
ne.(....<.....SOE+MXO+Vector-Hostile+Kadana.(....<.....SOE+MXO+Vector-Hostile+AnthrX.)....<.....
SOE+MXO+Vector-Hostile+Medania.,....<...".SOE+MXO+Vector-Hostile+CandySandy.(....<.....SOE+MXO+V
ector-Hostile+SteveB.+....<...!.SOE+MXO+Vector-Hostile+Arminator.'....<.....SOE+MXO+Vector-Hosti
le+Fondo.(....<.....SOE+MXO+Vector-Hostile+rYugen.(....<.....SOE+MXO+Vector-Hostile+Tauron./....
<...%.SOE+MXO+Vector-Hostile+TheSolidSnake.-....<...#.SOE+MXO+Vector-Hostile+Witchburner.'....<.
....SOE+MXO+Vector-Hostile+Symbi.*....<... .SOE+MXO+Vector-Hostile+Todd3465.)....<.....SOE+MXO+V
ector-Hostile+Medanon./....<...%.SOE+MXO+Vector-Hostile+TheAvenNigera.*....<... .SOE+MXO+Vector-
Hostile+entilsar.

GAME->Client [11:06:08 07/24/09] packet size: 343 CRYPTED, Flags: 1 ServerSeq: 4 ClientSeq: 1
02 04 02 00 3b 06 16 80 bc 15 00 2f 00 00 f7 03 00 00 08 02 00 00 00 00 00 00 00 00 00 16 80 bc 
15 00 30 00 00 f7 03 00 00 07 02 ec ff ff ff 00 00 00 00 00 16 80 bc 15 00 31 00 00 f7 03 00 00 
50 04 00 00 00 00 00 00 00 00 00 16 80 bc 15 00 32 00 00 f7 03 00 00 f4 03 00 00 00 00 00 00 00 
00 00 16 80 bc 15 00 33 00 00 f7 03 00 00 51 04 f6 ff ff ff 00 00 00 00 00 16 80 bc 15 00 34 00 
00 f7 03 00 00 52 04 0f 00 00 00 00 00 00 00 00 00 41 04 2f 47 00 00 04 01 00 00 00 00 00 00 00 
00 00 00 00 00 00 00 00 1a 00 06 00 00 00 01 00 00 00 00 01 01 00 00 00 00 00 80 00 00 00 00 00 
00 00 00 24 2e 07 00 00 00 00 00 00 00 00 00 00 00 59 00 00 2e 00 00 00 00 00 00 00 00 00 00 00 
00 00 00 00 00 00 00 00 25 80 86 ac 53 02 00 00 00 00 00 00 00 00 00 00 00 00 00 00 00 00 00 00 
00 00 21 00 00 00 00 00 23 00 00 00 00 00 48 81 a9 00 00 07 00 05 3f 00 68 74 74 70 3a 2f 2f 74 
68 65 6d 61 74 72 69 78 6f 6e 6c 69 6e 65 2e 73 74 61 74 69 6f 6e 2e 73 6f 6e 79 2e 63 6f 6d 2f 
70 72 6f 63 65 73 73 46 6c 61 73 68 54 72 61 66 66 69 63 2e 76 6d 00 
....;....../......................0......................1......P...............2...............
.......3......Q...............4......R...........A./G...........................................
...$.............Y......................%...S.....................!.....#.....H.......?.http://t
hematrixonline.station.sony.com/processFlashTraffic.vm.

GAME->Client [11:06:09 07/24/09] packet size: 789 CRYPTED, Flags: 1 ServerSeq: 5 ClientSeq: 1
82 51 29 98 47 04 01 00 45 12 30 80 d7 08 00 3c 00 00 8e 26 00 53 4f 45 2b 4d 58 4f 2b 56 65 63 
74 6f 72 2d 48 6f 73 74 69 6c 65 2b 52 75 6e 6e 69 6e 67 57 69 6c 64 33 30 35 00 2b 80 d7 08 00 
3c 00 00 8e 21 00 53 4f 45 2b 4d 58 4f 2b 56 65 63 74 6f 72 2d 48 6f 73 74 69 6c 65 2b 53 74 61 
72 6c 61 69 6e 65 00 28 80 d7 08 00 3c 00 00 8e 1e 00 53 4f 45 2b 4d 58 4f 2b 56 65 63 74 6f 72 
2d 48 6f 73 74 69 6c 65 2b 4b 61 64 61 6e 61 00 28 80 d7 08 00 3c 00 00 8e 1e 00 53 4f 45 2b 4d 
58 4f 2b 56 65 63 74 6f 72 2d 48 6f 73 74 69 6c 65 2b 41 6e 74 68 72 58 00 29 80 d7 08 00 3c 00 
00 8e 1f 00 53 4f 45 2b 4d 58 4f 2b 56 65 63 74 6f 72 2d 48 6f 73 74 69 6c 65 2b 4d 65 64 61 6e 
69 61 00 2c 80 d7 08 00 3c 00 00 8e 22 00 53 4f 45 2b 4d 58 4f 2b 56 65 63 74 6f 72 2d 48 6f 73 
74 69 6c 65 2b 43 61 6e 64 79 53 61 6e 64 79 00 28 80 d7 08 00 3c 00 00 8e 1e 00 53 4f 45 2b 4d 
58 4f 2b 56 65 63 74 6f 72 2d 48 6f 73 74 69 6c 65 2b 53 74 65 76 65 42 00 2b 80 d7 08 00 3c 00 
00 8e 21 00 53 4f 45 2b 4d 58 4f 2b 56 65 63 74 6f 72 2d 48 6f 73 74 69 6c 65 2b 41 72 6d 69 6e 
61 74 6f 72 00 27 80 d7 08 00 3c 00 00 8e 1d 00 53 4f 45 2b 4d 58 4f 2b 56 65 63 74 6f 72 2d 48 
6f 73 74 69 6c 65 2b 46 6f 6e 64 6f 00 28 80 d7 08 00 3c 00 00 8e 1e 00 53 4f 45 2b 4d 58 4f 2b 
56 65 63 74 6f 72 2d 48 6f 73 74 69 6c 65 2b 72 59 75 67 65 6e 00 28 80 d7 08 00 3c 00 00 8e 1e 
00 53 4f 45 2b 4d 58 4f 2b 56 65 63 74 6f 72 2d 48 6f 73 74 69 6c 65 2b 54 61 75 72 6f 6e 00 2f 
80 d7 08 00 3c 00 00 8e 25 00 53 4f 45 2b 4d 58 4f 2b 56 65 63 74 6f 72 2d 48 6f 73 74 69 6c 65 
2b 54 68 65 53 6f 6c 69 64 53 6e 61 6b 65 00 2d 80 d7 08 00 3c 00 00 8e 23 00 53 4f 45 2b 4d 58 
4f 2b 56 65 63 74 6f 72 2d 48 6f 73 74 69 6c 65 2b 57 69 74 63 68 62 75 72 6e 65 72 00 27 80 d7 
08 00 3c 00 00 8e 1d 00 53 4f 45 2b 4d 58 4f 2b 56 65 63 74 6f 72 2d 48 6f 73 74 69 6c 65 2b 53 
79 6d 62 69 00 2a 80 d7 08 00 3c 00 00 8e 20 00 53 4f 45 2b 4d 58 4f 2b 56 65 63 74 6f 72 2d 48 
6f 73 74 69 6c 65 2b 54 6f 64 64 33 34 36 35 00 29 80 d7 08 00 3c 00 00 8e 1f 00 53 4f 45 2b 4d 
58 4f 2b 56 65 63 74 6f 72 2d 48 6f 73 74 69 6c 65 2b 4d 65 64 61 6e 6f 6e 00 2f 80 d7 08 00 3c 
00 00 8e 25 00 53 4f 45 2b 4d 58 4f 2b 56 65 63 74 6f 72 2d 48 6f 73 74 69 6c 65 2b 54 68 65 41 
76 65 6e 4e 69 67 65 72 61 00 2a 80 d7 08 00 3c 00 00 8e 20 00 53 4f 45 2b 4d 58 4f 2b 56 65 63 
74 6f 72 2d 48 6f 73 74 69 6c 65 2b 65 6e 74 69 6c 73 61 72 00 
.Q).G...E.0....<...&.SOE+MXO+Vector-Hostile+RunningWild305.+....<...!.SOE+MXO+Vector-Hostile+Sta
rlaine.(....<.....SOE+MXO+Vector-Hostile+Kadana.(....<.....SOE+MXO+Vector-Hostile+AnthrX.)....<.
....SOE+MXO+Vector-Hostile+Medania.,....<...".SOE+MXO+Vector-Hostile+CandySandy.(....<.....SOE+M
XO+Vector-Hostile+SteveB.+....<...!.SOE+MXO+Vector-Hostile+Arminator.'....<.....SOE+MXO+Vector-H
ostile+Fondo.(....<.....SOE+MXO+Vector-Hostile+rYugen.(....<.....SOE+MXO+Vector-Hostile+Tauron./
....<...%.SOE+MXO+Vector-Hostile+TheSolidSnake.-....<...#.SOE+MXO+Vector-Hostile+Witchburner.'..
..<.....SOE+MXO+Vector-Hostile+Symbi.*....<... .SOE+MXO+Vector-Hostile+Todd3465.)....<.....SOE+M
XO+Vector-Hostile+Medanon./....<...%.SOE+MXO+Vector-Hostile+TheAvenNigera.*....<... .SOE+MXO+Vec
tor-Hostile+entilsar.

Client->GAME [11:06:10 07/24/09] packet size: 8 CRYPTED, Flags: 1 ServerSeq: 1 ClientSeq: 2
02 04 01 00 00 01 01 05 
........

Client->GAME [11:06:10 07/24/09] packet size: 1 CRYPTED, Flags: 1f ServerSeq: 5 ClientSeq: 3
02 
.

GAME->Client [11:06:10 07/24/09] packet size: 231 CRYPTED, Flags: 7 ServerSeq: 6 ClientSeq: 3
02 03 01 00 0c 0c 00 ec cd ab 18 8b ec ff 05 00 00 00 48 69 6c 6c 00 00 00 00 00 00 00 00 00 00 
00 00 00 00 00 00 00 00 00 00 00 00 00 00 00 00 00 00 90 4c 61 75 72 69 6e 00 00 00 00 00 00 00 
00 00 00 00 00 00 00 00 00 00 00 00 00 00 00 00 00 00 00 80 98 28 0a 04 86 8c ff f7 00 c6 c5 ff 
54 72 69 6e 69 74 79 73 00 00 00 00 00 00 00 00 00 00 00 00 00 00 00 00 00 00 00 00 00 00 00 00 
28 0a ed 53 00 00 00 c5 ff ac 53 02 00 a3 b1 24 89 21 1c 24 0d c9 8a 00 08 00 00 00 f7 00 9d 00 
00 00 40 23 8d f0 c0 00 00 00 00 00 c0 57 40 00 00 00 00 00 e2 cf 40 8c ff 32 22 80 88 c1 1c 03 
00 10 00 00 c5 ff 02 00 00 00 00 04 01 00 3b 01 16 80 bc 15 00 2f 00 00 f7 03 00 00 08 02 00 00 
00 00 00 00 00 00 00 
..................Hill.............................Laurin............................(..........
Trinitys........................(..S......S....$.!.$..............@#.........W@.......@..2".....
..............;....../.................

GAME->Client [11:06:11 07/24/09] packet size: 125 CRYPTED, Flags: 7 ServerSeq: 7 ClientSeq: 3
82 27 2a 98 47 04 01 00 3c 05 16 80 bc 15 00 30 00 00 f7 03 00 00 07 02 ec ff ff ff 00 00 00 00 
00 16 80 bc 15 00 31 00 00 f7 03 00 00 50 04 00 00 00 00 00 00 00 00 00 16 80 bc 15 00 32 00 00 
f7 03 00 00 f4 03 00 00 00 00 00 00 00 00 00 16 80 bc 15 00 33 00 00 f7 03 00 00 51 04 f6 ff ff 
ff 00 00 00 00 00 16 80 bc 15 00 34 00 00 f7 03 00 00 52 04 0f 00 00 00 00 00 00 00 00 
.'*.G...<......0......................1......P...............2......................3......Q....
...........4......R..........

GAME->Client [11:06:11 07/24/09] packet size: 129 CRYPTED, Flags: 7 ServerSeq: 8 ClientSeq: 3
02 04 01 00 41 03 2f 47 00 00 04 01 00 00 00 00 00 00 00 00 00 00 00 00 00 00 00 1a 00 06 00 00 
00 01 00 00 00 00 01 01 00 00 00 00 00 80 00 00 00 00 00 00 00 00 24 2e 07 00 00 00 00 00 00 00 
00 00 00 00 59 00 00 2e 00 00 00 00 00 00 00 00 00 00 00 00 00 00 00 00 00 00 00 25 80 86 ac 53 
02 00 00 00 00 00 00 00 00 00 00 00 00 00 00 00 00 00 00 00 00 21 00 00 00 00 00 23 00 00 00 00 
00 
....A./G..............................................$.............Y......................%...S
.....................!.....#.....

Client->GAME [11:06:11 07/24/09] packet size: 51 CRYPTED, Flags: 3f ServerSeq: 6 ClientSeq: 4
02 03 02 00 02 60 04 48 69 6c 6c 06 4c 61 75 72 69 6e 00 00 04 01 00 01 05 02 80 be 07 3f 6b 00 
00 00 00 00 08 3e 6b 00 10 00 00 00 00 02 81 48 02 0c 01 
.....`.Hill.Laurin...........?k......>k........H...

Client->GAME [11:06:11 07/24/09] packet size: 1 CRYPTED, Flags: 7f ServerSeq: 8 ClientSeq: 5
02 
.

GAME->Client [11:06:11 07/24/09] packet size: 79 CRYPTED, Flags: 7 ServerSeq: 9 ClientSeq: 3
02 04 01 00 44 01 48 81 a9 00 00 07 00 05 3f 00 68 74 74 70 3a 2f 2f 74 68 65 6d 61 74 72 69 78 
6f 6e 6c 69 6e 65 2e 73 74 61 74 69 6f 6e 2e 73 6f 6e 79 2e 63 6f 6d 2f 70 72 6f 63 65 73 73 46 
6c 61 73 68 54 72 61 66 66 69 63 2e 76 6d 00 
....D.H.......?.http://thematrixonline.station.sony.com/processFlashTraffic.vm.

Client->GAME [11:06:11 07/24/09] packet size: 1 CRYPTED, Flags: 7f ServerSeq: 9 ClientSeq: 6
02 
.

GAME->Client [11:06:11 07/24/09] packet size: 694 CRYPTED, Flags: f ServerSeq: 10 ClientSeq: 4
02 03 02 00 02 80 80 80 80 80 90 11 00 00 00 01 00 00 00 01 00 00 04 01 00 57 1d 16 80 bc 56 00 
14 00 00 53 1d 00 00 b4 00 05 00 00 00 01 00 00 00 00 16 80 bc 56 00 15 00 00 53 1d 00 00 74 04 
01 00 00 00 01 00 00 00 00 16 80 bc 56 00 16 00 00 53 1d 00 00 09 04 05 00 00 00 01 00 00 00 00 
16 80 bc 56 00 17 00 00 53 1d 00 00 78 04 01 00 00 00 01 00 00 00 00 16 80 bc 56 00 18 00 00 53 
1d 00 00 b5 00 05 00 00 00 01 00 00 00 00 16 80 bc 56 00 35 00 00 53 1d 00 00 b4 00 05 00 00 00 
00 00 00 00 00 16 80 bc 56 00 36 00 00 53 1d 00 00 74 04 01 00 00 00 00 00 00 00 00 16 80 bc 56 
00 37 00 00 53 1d 00 00 09 04 05 00 00 00 00 00 00 00 00 16 80 bc 56 00 38 00 00 53 1d 00 00 78 
04 01 00 00 00 00 00 00 00 00 16 80 bc 56 00 39 00 00 53 1d 00 00 b5 00 05 00 00 00 00 00 00 00 
00 16 80 bc 56 00 19 00 00 68 9a 00 00 b4 00 0a 00 00 00 01 00 00 00 00 16 80 bc 56 00 1a 00 00 
68 9a 00 00 9d 00 0a 00 00 00 01 00 00 00 00 16 80 bc 56 00 1b 00 00 68 9a 00 00 7b 04 01 00 00 
00 01 00 00 00 00 16 80 bc 56 00 1c 00 00 68 9a 00 00 b5 00 0a 00 00 00 01 00 00 00 00 16 80 bc 
56 00 3a 00 00 68 9a 00 00 b4 00 0a 00 00 00 00 00 00 00 00 16 80 bc 56 00 3b 00 00 68 9a 00 00 
9d 00 0a 00 00 00 00 00 00 00 00 16 80 bc 56 00 3c 00 00 68 9a 00 00 7b 04 01 00 00 00 00 00 00 
00 00 16 80 bc 56 00 3d 00 00 68 9a 00 00 b5 00 0a 00 00 00 00 00 00 00 00 16 80 bc 56 00 1d 00 
00 2e a1 00 00 21 04 01 00 00 00 01 00 00 00 00 16 80 bc 56 00 1e 00 00 2e a1 00 00 09 04 0a 00 
00 00 01 00 00 00 00 16 80 bc 56 00 1f 00 00 2e a1 00 00 22 04 01 00 00 00 01 00 00 00 00 16 80 
bc 56 00 20 00 00 2e a1 00 00 9d 00 0a 00 00 00 01 00 00 00 00 16 80 bc 56 00 21 00 00 2e a1 00 
00 b5 00 0a 00 00 00 01 00 00 00 00 16 80 bc 56 00 3e 00 00 2e a1 00 00 21 04 01 00 00 00 00 00 
00 00 00 16 80 bc 56 00 3f 00 00 2e a1 00 00 09 04 0a 00 00 00 00 00 00 00 00 16 80 bc 56 00 40 
00 00 2e a1 00 00 22 04 01 00 00 00 00 00 00 00 00 16 80 bc 56 00 41 00 00 2e a1 00 00 9d 00 0a 
00 00 00 00 00 00 00 00 16 80 bc 56 00 42 00 00 2e a1 00 00 b5 00 0a 00 00 00 00 00 00 00 00 16 
80 bc 56 00 22 00 00 d3 26 00 00 b4 00 0a 00 00 00 01 00 00 00 00 
.........................W....V....S.................V....S...t.............V....S..............
...V....S...x.............V....S.................V.5..S.................V.6..S...t.............V
.7..S.................V.8..S...x.............V.9..S.................V....h.................V....
h.................V....h...{.............V....h.................V.:..h.................V.;..h...
..............V.<..h...{.............V.=..h.................V........!.............V............
..........V........".............V. ....................V.!....................V.>......!.......
......V.?....................V.@......".............V.A....................V.B..................
..V."...&.............

GAME->Client [11:06:11 07/24/09] packet size: 710 CRYPTED, Flags: 1f ServerSeq: 11 ClientSeq: 5
02 04 01 00 74 20 16 80 bc 56 00 23 00 00 d3 26 00 00 09 04 0a 00 00 00 01 00 00 00 00 16 80 bc 
56 00 24 00 00 d3 26 00 00 22 04 01 00 00 00 01 00 00 00 00 16 80 bc 56 00 25 00 00 d3 26 00 00 
c3 02 01 00 00 00 01 00 00 00 00 16 80 bc 56 00 26 00 00 d3 26 00 00 76 04 01 00 00 00 01 00 00 
00 00 16 80 bc 56 00 27 00 00 d3 26 00 00 b5 00 0a 00 00 00 01 00 00 00 00 16 80 bc 56 00 43 00 
00 d3 26 00 00 b4 00 0a 00 00 00 00 00 00 00 00 16 80 bc 56 00 44 00 00 d3 26 00 00 09 04 0a 00 
00 00 00 00 00 00 00 16 80 bc 56 00 45 00 00 d3 26 00 00 22 04 01 00 00 00 00 00 00 00 00 16 80 
bc 56 00 46 00 00 d3 26 00 00 c3 02 01 00 00 00 00 00 00 00 00 16 80 bc 56 00 47 00 00 d3 26 00 
00 76 04 01 00 00 00 00 00 00 00 00 16 80 bc 56 00 48 00 00 d3 26 00 00 b5 00 0a 00 00 00 00 00 
00 00 00 16 80 bc 56 00 28 00 00 b3 a9 00 00 b4 00 09 00 00 00 01 00 00 00 00 16 80 bc 56 00 29 
00 00 b3 a9 00 00 11 04 01 00 00 00 01 00 00 00 00 16 80 bc 56 00 2a 00 00 b3 a9 00 00 09 04 09 
00 00 00 01 00 00 00 00 16 80 bc 56 00 2b 00 00 b3 a9 00 00 06 04 01 00 00 00 01 00 00 00 00 16 
80 bc 56 00 2c 00 00 b3 a9 00 00 b5 00 09 00 00 00 01 00 00 00 00 16 80 bc 56 00 49 00 00 b3 a9 
00 00 b4 00 09 00 00 00 00 00 00 00 00 16 80 bc 56 00 4a 00 00 b3 a9 00 00 11 04 01 00 00 00 00 
00 00 00 00 16 80 bc 56 00 4b 00 00 b3 a9 00 00 09 04 09 00 00 00 00 00 00 00 00 16 80 bc 56 00 
4c 00 00 b3 a9 00 00 06 04 01 00 00 00 00 00 00 00 00 16 80 bc 56 00 4d 00 00 b3 a9 00 00 b5 00 
09 00 00 00 00 00 00 00 00 16 80 bc 56 00 2d 00 00 93 6c 00 00 09 04 10 00 00 00 01 00 00 00 00 
16 80 bc 56 00 2e 00 00 93 6c 00 00 9d 00 10 00 00 00 01 00 00 00 00 16 80 bc 56 00 4e 00 00 93 
6c 00 00 09 04 10 00 00 00 00 00 00 00 00 16 80 bc 56 00 4f 00 00 93 6c 00 00 9d 00 10 00 00 00 
00 00 00 00 00 04 80 b3 11 00 16 80 bc 45 03 11 00 00 02 00 00 00 11 00 11 00 00 00 01 00 00 00 
00 16 80 bc 45 00 02 00 00 02 00 00 00 cc 00 04 00 00 00 01 00 00 00 00 08 80 b2 11 00 11 00 08 
02 16 80 bc 45 03 11 00 00 02 00 00 00 11 00 11 00 00 00 00 00 00 00 00 16 80 bc 55 00 50 00 00 
02 00 00 00 cc 00 04 00 00 00 00 00 00 00 00 16 80 bc 45 00 03 00 00 0b 00 00 00 37 02 33 00 00 
00 01 00 00 00 00 
....t ...V.#...&................V.$...&..".............V.%...&................V.&...&..v........
.....V.'...&................V.C...&................V.D...&................V.E...&.."............
.V.F...&................V.G...&..v.............V.H...&................V.(....................V.)
....................V.*....................V.+....................V.,....................V.I....
................V.J....................V.K....................V.L....................V.M........
............V.-...l................V.....l................V.N...l................V.O...l........
.............E......................E...............................E......................U.P..
..................E........7.3........

GAME->Client [11:06:12 07/24/09] packet size: 713 CRYPTED, Flags: 3f ServerSeq: 12 ClientSeq: 6
02 04 02 00 94 04 16 80 bc 55 00 51 00 00 0b 00 00 00 37 02 33 00 00 00 00 00 00 00 00 16 80 bc 
45 00 04 00 00 2d 00 00 00 23 04 03 00 00 00 01 00 00 00 00 16 80 bc 45 00 05 00 00 2d 00 00 00 
20 04 03 00 00 00 01 00 00 00 00 16 80 bc 45 00 06 00 00 2d 00 00 00 19 04 01 00 00 00 01 00 00 
00 00 00 98 1c 16 80 bc 45 00 07 00 00 2d 00 00 00 42 04 01 00 00 00 01 00 00 00 00 16 80 bc 55 
00 52 00 00 2d 00 00 00 23 04 03 00 00 00 00 00 00 00 00 16 80 bc 55 00 53 00 00 2d 00 00 00 20 
04 03 00 00 00 00 00 00 00 00 16 80 bc 55 00 54 00 00 2d 00 00 00 19 04 01 00 00 00 00 00 00 00 
00 16 80 bc 55 00 55 00 00 2d 00 00 00 42 04 01 00 00 00 00 00 00 00 00 16 80 bc 45 00 08 00 00 
34 00 00 00 83 02 44 00 00 00 01 00 00 00 00 16 80 bc 55 00 56 00 00 34 00 00 00 83 02 44 00 00 
00 00 00 00 00 00 16 80 bc 45 00 09 00 00 4c 00 00 00 15 04 04 00 00 00 01 00 00 00 00 16 80 bc 
45 00 0a 00 00 4c 00 00 00 06 04 04 00 00 00 01 00 00 00 00 16 80 bc 45 00 0b 00 00 4c 00 00 00 
19 04 02 00 00 00 01 00 00 00 00 16 80 bc 55 00 57 00 00 4c 00 00 00 15 04 04 00 00 00 00 00 00 
00 00 16 80 bc 55 00 58 00 00 4c 00 00 00 06 04 04 00 00 00 00 00 00 00 00 16 80 bc 55 00 59 00 
00 4c 00 00 00 19 04 02 00 00 00 00 00 00 00 00 16 80 bc 45 00 0c 00 00 53 00 00 00 15 04 01 00 
00 00 01 00 00 00 00 16 80 bc 45 00 0d 00 00 53 00 00 00 19 04 01 00 00 00 01 00 00 00 00 04 80 
b3 3a 04 16 80 bc 45 03 3a 04 00 53 00 00 00 3a 04 00 00 00 00 01 00 00 00 00 16 80 bc 45 00 0e 
00 00 53 00 00 00 06 04 01 00 00 00 01 00 00 00 00 16 80 bc 55 00 5a 00 00 53 00 00 00 15 04 01 
00 00 00 00 00 00 00 00 16 80 bc 55 00 5b 00 00 53 00 00 00 19 04 01 00 00 00 00 00 00 00 00 08 
80 b2 3a 04 00 00 08 02 16 80 bc 45 03 3a 04 00 53 00 00 00 3a 04 00 00 00 00 00 00 00 00 00 16 
80 bc 55 00 5c 00 00 53 00 00 00 06 04 01 00 00 00 00 00 00 00 00 16 80 bc 45 00 0f 00 00 5f 00 
00 00 7c 04 05 00 00 00 01 00 00 00 00 16 80 bc 45 00 10 00 00 5f 00 00 00 07 04 05 00 00 00 01 
00 00 00 00 16 80 bc 55 00 5d 00 00 5f 00 00 00 7c 04 05 00 00 00 00 00 00 00 00 16 80 bc 55 00 
5e 00 00 5f 00 00 00 07 04 05 00 00 00 00 00 00 00 00 16 80 bc 45 00 11 00 00 62 00 00 00 06 04 
01 00 00 00 01 00 00 00 00 
.........U.Q......7.3...........E....-...#.............E....-... .............E....-............
........E....-...B.............U.R..-...#.............U.S..-... .............U.T..-.............
....U.U..-...B.............E....4.....D...........U.V..4.....D...........E....L.................
E....L.................E....L.................U.W..L.................U.X..L.................U.Y.
.L.................E....S.................E....S.................:....E.:..S...:.............E..
..S.................U.Z..S.................U.[..S.................:........E.:..S...:...........
..U.\..S.................E...._...|.............E...._.................U.].._...|.............U.
^.._.................E....b..............

Client->GAME [11:06:12 07/24/09] packet size: 1 CRYPTED, Flags: 7f ServerSeq: 10 ClientSeq: 7
02 
.

GAME->Client [11:06:12 07/24/09] packet size: 709 CRYPTED, Flags: 3f ServerSeq: 13 ClientSeq: 6
82 bb 2a 98 47 04 01 00 b4 1c 04 80 b3 35 04 16 80 bc 45 03 35 04 00 62 00 00 00 35 04 00 00 00 
00 01 00 00 00 00 16 80 bc 45 00 12 00 00 62 00 00 00 15 04 01 00 00 00 01 00 00 00 00 16 80 bc 
55 00 5f 00 00 62 00 00 00 06 04 01 00 00 00 00 00 00 00 00 08 80 b2 35 04 00 00 08 02 16 80 bc 
45 03 35 04 00 62 00 00 00 35 04 00 00 00 00 00 00 00 00 00 16 80 bc 55 00 60 00 00 62 00 00 00 
15 04 01 00 00 00 00 00 00 00 00 16 80 bc 45 00 13 00 00 36 02 00 00 37 02 0a 00 00 00 01 00 00 
00 00 16 80 bc 55 00 61 00 00 36 02 00 00 37 02 0a 00 00 00 00 00 00 00 00 16 80 bc 15 00 62 00 
00 11 00 00 00 ab 00 05 00 00 00 00 00 00 00 00 16 80 bc 15 00 63 00 00 11 00 00 00 0a 02 14 00 
00 00 00 00 00 00 00 16 80 bc 15 00 64 00 00 11 00 00 00 f2 03 11 00 00 00 00 00 00 00 00 16 80 
bc 15 00 65 00 00 11 00 00 00 ed 03 1a 00 00 00 00 00 00 00 00 16 80 bc 15 00 66 00 00 11 00 00 
00 9f 00 0b 00 00 00 00 00 00 00 00 16 80 bc 15 00 67 00 00 11 00 00 00 f1 03 10 00 00 00 00 00 
00 00 00 16 80 bc 15 00 68 00 00 11 00 00 00 0c 02 12 00 00 00 00 00 00 00 00 16 80 bc 15 00 69 
00 00 11 00 00 00 b7 00 14 00 00 00 00 00 00 00 00 16 80 bc 15 00 6a 00 00 11 00 00 00 f3 03 12 
00 00 00 00 00 00 00 00 0b 80 bd 05 11 00 00 00 00 00 00 01 16 80 bc 11 00 6b 00 00 00 00 00 00 
cb 02 00 00 00 00 00 00 00 00 00 17 3a 05 00 11 00 0a 00 50 76 50 53 65 72 76 65 72 00 04 00 06 
00 00 00 1d 3a 05 00 17 00 10 00 50 76 50 4d 61 78 53 61 66 65 4c 65 76 65 6c 00 04 00 0f 00 00 
00 41 3a 05 00 14 00 0d 00 57 52 5f 52 65 7a 45 76 65 6e 74 73 00 2b 00 48 61 6c 6c 6f 77 65 65 
6e 5f 45 76 65 6e 74 2c 57 69 6e 74 65 72 33 48 61 6c 6c 6f 77 65 65 6e 46 6c 79 45 79 65 54 53 
45 43 00 1b 3a 05 00 19 00 12 00 45 76 65 6e 74 53 6c 6f 74 31 5f 45 66 66 65 63 74 00 00 00 28 
3a 05 00 19 00 12 00 45 76 65 6e 74 53 6c 6f 74 32 5f 45 66 66 65 63 74 00 0d 00 66 6c 79 6d 61 
6e 5f 69 64 6c 65 33 00 25 3a 05 00 19 00 12 00 45 76 65 6e 74 53 6c 6f 74 33 5f 45 66 66 65 63 
74 00 0a 00 66 6c 79 5f 76 69 72 75 73 00 1f 3a 05 00 1b 00 14 00 46 69 78 65 64 42 69 6e 6b 49 
44 4f 76 65 72 72 69 64 65 00 02 00 20 00 16 80 bc 15 00 2f 00 00 f7 03 00 00 08 02 00 00 00 00 
00 00 00 00 00 
..*.G........5....E.5..b...5.............E....b.................U._..b.................5........
E.5..b...5.............U.`..b.................E....6...7.............U.a..6...7...............b.
.....................c......................d......................e......................f.....
.................g......................h......................i......................j.........
.........................k..................:......PvPServer........:......PvPMaxSafeLevel......
.A:......WR_RezEvents.+.Halloween_Event,Winter3HalloweenFlyEyeTSEC..:......EventSlot1_Effect...(
:......EventSlot2_Effect...flyman_idle3.%:......EventSlot3_Effect...fly_virus..:......FixedBinkI
DOverride... ....../.................

Client->GAME [11:06:12 07/24/09] packet size: 1 CRYPTED, Flags: 7f ServerSeq: 12 ClientSeq: 8
02 
.

GAME->Client [11:06:12 07/24/09] packet size: 699 CRYPTED, Flags: 3f ServerSeq: 14 ClientSeq: 6
02 04 02 00 d0 06 16 80 bc 15 00 30 00 00 f7 03 00 00 07 02 ec ff ff ff 00 00 00 00 00 16 80 bc 
15 00 31 00 00 f7 03 00 00 50 04 00 00 00 00 00 00 00 00 00 16 80 bc 15 00 32 00 00 f7 03 00 00 
f4 03 00 00 00 00 00 00 00 00 00 16 80 bc 15 00 33 00 00 f7 03 00 00 51 04 f6 ff ff ff 00 00 00 
00 00 16 80 bc 15 00 34 00 00 f7 03 00 00 52 04 0f 00 00 00 00 00 00 00 00 16 80 bc 56 00 35 00 
00 53 1d 00 00 b4 00 05 00 00 00 00 00 00 00 00 00 d6 18 16 80 bc 56 00 36 00 00 53 1d 00 00 74 
04 01 00 00 00 00 00 00 00 00 16 80 bc 56 00 37 00 00 53 1d 00 00 09 04 05 00 00 00 00 00 00 00 
00 16 80 bc 56 00 38 00 00 53 1d 00 00 78 04 01 00 00 00 00 00 00 00 00 16 80 bc 56 00 39 00 00 
53 1d 00 00 b5 00 05 00 00 00 00 00 00 00 00 16 80 bc 56 00 3a 00 00 68 9a 00 00 b4 00 0a 00 00 
00 00 00 00 00 00 16 80 bc 56 00 3b 00 00 68 9a 00 00 9d 00 0a 00 00 00 00 00 00 00 00 16 80 bc 
56 00 3c 00 00 68 9a 00 00 7b 04 01 00 00 00 00 00 00 00 00 16 80 bc 56 00 3d 00 00 68 9a 00 00 
b5 00 0a 00 00 00 00 00 00 00 00 16 80 bc 56 00 3e 00 00 2e a1 00 00 21 04 01 00 00 00 00 00 00 
00 00 16 80 bc 56 00 3f 00 00 2e a1 00 00 09 04 0a 00 00 00 00 00 00 00 00 16 80 bc 56 00 40 00 
00 2e a1 00 00 22 04 01 00 00 00 00 00 00 00 00 16 80 bc 56 00 41 00 00 2e a1 00 00 9d 00 0a 00 
00 00 00 00 00 00 00 16 80 bc 56 00 42 00 00 2e a1 00 00 b5 00 0a 00 00 00 00 00 00 00 00 16 80 
bc 56 00 43 00 00 d3 26 00 00 b4 00 0a 00 00 00 00 00 00 00 00 16 80 bc 56 00 44 00 00 d3 26 00 
00 09 04 0a 00 00 00 00 00 00 00 00 16 80 bc 56 00 45 00 00 d3 26 00 00 22 04 01 00 00 00 00 00 
00 00 00 16 80 bc 56 00 46 00 00 d3 26 00 00 c3 02 01 00 00 00 00 00 00 00 00 16 80 bc 56 00 47 
00 00 d3 26 00 00 76 04 01 00 00 00 00 00 00 00 00 16 80 bc 56 00 48 00 00 d3 26 00 00 b5 00 0a 
00 00 00 00 00 00 00 00 16 80 bc 56 00 49 00 00 b3 a9 00 00 b4 00 09 00 00 00 00 00 00 00 00 16 
80 bc 56 00 4a 00 00 b3 a9 00 00 11 04 01 00 00 00 00 00 00 00 00 16 80 bc 56 00 4b 00 00 b3 a9 
00 00 09 04 09 00 00 00 00 00 00 00 00 16 80 bc 56 00 4c 00 00 b3 a9 00 00 06 04 01 00 00 00 00 
00 00 00 00 16 80 bc 56 00 4d 00 00 b3 a9 00 00 b5 00 09 00 00 00 00 00 00 00 00 
...........0......................1......P...............2......................3......Q........
.......4......R.............V.5..S....................V.6..S...t.............V.7..S.............
....V.8..S...x.............V.9..S.................V.:..h.................V.;..h.................
V.<..h...{.............V.=..h.................V.>......!.............V.?....................V.@.
.....".............V.A....................V.B....................V.C...&................V.D...&.
...............V.E...&..".............V.F...&................V.G...&..v.............V.H...&.....
...........V.I....................V.J....................V.K....................V.L.............
.......V.M.................

Client->GAME [11:06:12 07/24/09] packet size: 1 CRYPTED, Flags: 7f ServerSeq: 14 ClientSeq: 9
02 
.

GAME->Client [11:06:12 07/24/09] packet size: 696 CRYPTED, Flags: 7f ServerSeq: 15 ClientSeq: 8
02 04 01 00 ee 1e 16 80 bc 56 00 4e 00 00 93 6c 00 00 09 04 10 00 00 00 00 00 00 00 00 16 80 bc 
56 00 4f 00 00 93 6c 00 00 9d 00 10 00 00 00 00 00 00 00 00 16 80 bc 55 00 50 00 00 02 00 00 00 
cc 00 04 00 00 00 00 00 00 00 00 16 80 bc 55 00 51 00 00 0b 00 00 00 37 02 33 00 00 00 00 00 00 
00 00 16 80 bc 55 00 52 00 00 2d 00 00 00 23 04 03 00 00 00 00 00 00 00 00 16 80 bc 55 00 53 00 
00 2d 00 00 00 20 04 03 00 00 00 00 00 00 00 00 16 80 bc 55 00 54 00 00 2d 00 00 00 19 04 01 00 
00 00 00 00 00 00 00 16 80 bc 55 00 55 00 00 2d 00 00 00 42 04 01 00 00 00 00 00 00 00 00 16 80 
bc 55 00 56 00 00 34 00 00 00 83 02 44 00 00 00 00 00 00 00 00 16 80 bc 55 00 57 00 00 4c 00 00 
00 15 04 04 00 00 00 00 00 00 00 00 16 80 bc 55 00 58 00 00 4c 00 00 00 06 04 04 00 00 00 00 00 
00 00 00 16 80 bc 55 00 59 00 00 4c 00 00 00 19 04 02 00 00 00 00 00 00 00 00 16 80 bc 55 00 5a 
00 00 53 00 00 00 15 04 01 00 00 00 00 00 00 00 00 16 80 bc 55 00 5b 00 00 53 00 00 00 19 04 01 
00 00 00 00 00 00 00 00 16 80 bc 55 00 5c 00 00 53 00 00 00 06 04 01 00 00 00 00 00 00 00 00 16 
80 bc 55 00 5d 00 00 5f 00 00 00 7c 04 05 00 00 00 00 00 00 00 00 16 80 bc 55 00 5e 00 00 5f 00 
00 00 07 04 05 00 00 00 00 00 00 00 00 16 80 bc 55 00 5f 00 00 62 00 00 00 06 04 01 00 00 00 00 
00 00 00 00 16 80 bc 55 00 60 00 00 62 00 00 00 15 04 01 00 00 00 00 00 00 00 00 16 80 bc 55 00 
61 00 00 36 02 00 00 37 02 0a 00 00 00 00 00 00 00 00 16 80 bc 15 00 62 00 00 11 00 00 00 ab 00 
05 00 00 00 00 00 00 00 00 16 80 bc 15 00 63 00 00 11 00 00 00 0a 02 14 00 00 00 00 00 00 00 00 
16 80 bc 15 00 64 00 00 11 00 00 00 f2 03 11 00 00 00 00 00 00 00 00 16 80 bc 15 00 65 00 00 11 
00 00 00 ed 03 1a 00 00 00 00 00 00 00 00 16 80 bc 15 00 66 00 00 11 00 00 00 9f 00 0b 00 00 00 
00 00 00 00 00 16 80 bc 15 00 67 00 00 11 00 00 00 f1 03 10 00 00 00 00 00 00 00 00 16 80 bc 15 
00 68 00 00 11 00 00 00 0c 02 12 00 00 00 00 00 00 00 00 16 80 bc 15 00 69 00 00 11 00 00 00 b7 
00 14 00 00 00 00 00 00 00 00 16 80 bc 15 00 6a 00 00 11 00 00 00 f3 03 12 00 00 00 00 00 00 00 
00 16 80 bc 11 00 6b 00 00 00 00 00 00 cb 02 00 00 00 00 00 00 00 00 00 
.........V.N...l................V.O...l................U.P....................U.Q......7.3......
.....U.R..-...#.............U.S..-... .............U.T..-.................U.U..-...B............
.U.V..4.....D...........U.W..L.................U.X..L.................U.Y..L.................U.Z
..S.................U.[..S.................U.\..S.................U.].._...|.............U.^.._.
................U._..b.................U.`..b.................U.a..6...7...............b........
..............c......................d......................e......................f............
..........g......................h......................i......................j................
......k.................

Client->GAME [11:06:12 07/24/09] packet size: 1 CRYPTED, Flags: 7f ServerSeq: 15 ClientSeq: 10
02 
.

GAME->Client [11:06:12 07/24/09] packet size: 143 CRYPTED, Flags: 7f ServerSeq: 16 ClientSeq: 8
02 04 01 01 0c 05 16 80 bc 45 03 11 00 00 02 00 00 00 11 00 11 00 00 00 00 00 00 00 00 16 80 bc 
45 03 35 04 00 62 00 00 00 35 04 00 00 00 00 00 00 00 00 00 16 80 bc 45 03 3a 04 00 53 00 00 00 
3a 04 00 00 00 00 00 00 00 00 00 0b 80 bd 05 11 00 00 00 00 00 00 01 37 81 67 17 00 22 00 1c 22 
00 c6 01 11 00 00 00 00 00 00 00 2d 00 00 08 09 00 54 72 69 6e 69 74 79 73 00 09 00 54 72 69 6e 
69 74 79 73 00 02 00 14 00 00 00 00 00 00 00 
.........E......................E.5..b...5.............E.:..S...:......................7.g..".."
...........-.....Trinitys...Trinitys...........

Client->GAME [11:06:12 07/24/09] packet size: 1 CRYPTED, Flags: 7f ServerSeq: 0 ClientSeq: 11
02 
.

Client->GAME [11:06:12 07/24/09] packet size: 25 CRYPTED, Flags: 7f ServerSeq: 0 ClientSeq: 12
02 04 01 00 06 01 12 80 c9 01 00 c0 47 00 88 90 c7 00 00 20 41 00 88 10 47 
............G...... A...G

Client->GAME [11:06:12 07/24/09] packet size: 44 CRYPTED, Flags: 7f ServerSeq: 0 ClientSeq: 13
02 04 01 00 07 02 12 80 c9 06 00 30 0e 00 88 90 c7 00 00 b4 c2 00 40 9c 45 12 80 c9 06 00 b0 10 
00 60 6a c7 00 00 b4 c2 00 40 9c 45 
...........0..........@.E........`j......@.E

GAME->Client [11:06:12 07/24/09] packet size: 421 CRYPTED, Flags: 7f ServerSeq: 17 ClientSeq: 11
02 03 01 00 0c 68 a7 fb cd ab 01 01 00 00 00 c0 1c 0d ef c0 00 00 00 80 14 6e 4a 40 00 00 00 20 
f5 82 d0 40 11 00 00 01 00 08 9c 1b 9b 08 f0 34 7f cd ab 02 09 00 00 00 00 dd c8 ef c0 00 00 00 
00 00 c0 57 40 00 00 00 e0 45 a8 d2 40 00 00 00 00 7f 0d 72 3f 00 00 00 00 df b0 a6 3e 0f 00 00 
01 00 0c 14 a8 f8 cd ab 02 05 00 00 00 00 9a 99 59 bf 00 00 00 00 b8 1e 05 bf 00 00 00 00 40 6e 
f0 c0 00 00 00 00 00 c0 57 40 00 00 00 00 00 fa c9 40 0d 00 00 01 00 08 db b5 9a 08 f0 34 98 cd 
ab 01 01 00 00 00 00 80 7e ef c0 00 00 00 80 0a bc 57 40 00 00 00 00 00 ad d1 40 0b 00 00 01 00 
08 50 02 81 08 f0 34 0d cd ab 02 09 00 00 00 c0 94 95 f0 c0 00 00 00 00 00 40 60 40 00 00 00 80 
59 95 cf 40 00 00 00 00 e8 0d c8 3e 00 00 00 00 35 a6 6b 3f 09 00 00 01 00 08 9f 01 10 00 f0 34 
f9 cd ab 03 84 00 00 00 00 f3 04 35 3f 00 00 00 00 f3 04 35 3f 11 00 00 00 00 00 68 f0 c0 00 00 
00 00 00 20 62 40 00 00 00 00 00 7e cd 40 ff ff ff ff 07 00 00 01 00 0c f7 bb fa cd ab 02 05 00 
00 00 00 8f c2 f5 be 00 00 00 00 52 b8 5e bf 00 00 00 00 40 6e f0 c0 00 00 00 00 00 c0 57 40 00 
00 00 00 00 32 c9 40 05 00 00 01 00 08 9f 1b af 03 20 30 02 cd ab 02 09 00 00 00 60 08 92 f0 c0 
00 00 00 00 00 c0 57 40 00 00 00 00 bd 21 c4 40 00 00 00 00 3a 5e 56 3d 00 00 00 00 2f a6 7f 3f 
03 00 00 00 00 
.....h...................nJ@... ...@...........4...................W@....E..@......r?.......>...
................Y.............@n........W@.......@...........4..........~........W@.......@.....
.P....4..................@`@....Y..@.......>....5.k?...........4...........5?......5?......h....
... b@.....~.@.............................R.^.....@n........W@.....2.@.......... 0........`....
......W@.....!.@....:^V=..../..?.....

Client->GAME [11:06:12 07/24/09] packet size: 1 CRYPTED, Flags: 7f ServerSeq: 1 ClientSeq: 14
02 
.

GAME->Client [11:06:13 07/24/09] packet size: 1 CRYPTED, Flags: 7f ServerSeq: 18 ClientSeq: 12
02 
.

Client->GAME [11:06:13 07/24/09] packet size: 44 CRYPTED, Flags: 7f ServerSeq: 2 ClientSeq: 15
02 04 01 00 09 02 12 80 c9 07 00 e0 0a 00 1c a2 c7 00 00 20 41 00 50 c3 46 12 80 c9 0a 00 e0 0a 
00 d4 ad c7 00 00 48 44 00 c8 c3 46 
................... A.P.F.............HD...F

GAME->Client [11:06:13 07/24/09] packet size: 1 CRYPTED, Flags: 7f ServerSeq: 19 ClientSeq: 14
02 
.

GAME->Client [11:06:13 07/24/09] packet size: 1 CRYPTED, Flags: 7f ServerSeq: 20 ClientSeq: 15
02 
.

Client->GAME [11:06:13 07/24/09] packet size: 63 CRYPTED, Flags: 7f ServerSeq: 3 ClientSeq: 16
02 04 01 00 0b 03 12 80 c9 07 00 c0 37 00 f8 27 c7 00 00 20 41 00 e0 2b 46 12 80 c9 07 00 70 4b 
00 68 3f c7 00 00 cd 43 00 70 94 46 12 80 c9 0e 00 70 4b 00 08 4f c7 00 00 20 41 00 50 c3 46 
............7..'... A..+F.....pK.h?....C.p.F.....pK..O... A.P.F

GAME->Client [11:06:13 07/24/09] packet size: 5 CRYPTED, Flags: 7f ServerSeq: 21 ClientSeq: 0
82 6b 2b 98 47 
.k+.G

Client->GAME [11:06:13 07/24/09] packet size: 1 CRYPTED, Flags: 7f ServerSeq: 5 ClientSeq: 17
02 
.

Client->GAME [11:06:14 07/24/09] packet size: 25 CRYPTED, Flags: 7f ServerSeq: 5 ClientSeq: 18
02 04 01 00 0e 01 12 80 c9 07 00 90 27 00 1c a2 c7 00 00 20 41 00 40 9c c5 
............'...... A.@..

GAME->Client [11:06:14 07/24/09] packet size: 1 CRYPTED, Flags: 7f ServerSeq: 22 ClientSeq: 2
02 
.

Client->GAME [11:06:14 07/24/09] packet size: 82 CRYPTED, Flags: 7f ServerSeq: 6 ClientSeq: 19
02 04 01 00 0f 04 12 80 c9 03 00 a0 1c 00 b8 f1 c6 00 00 48 44 00 40 9c 45 12 80 c9 0b 00 a0 1c 
00 30 f2 c6 00 00 20 41 00 40 9c 45 12 80 c9 0d 00 20 2e 00 5c c1 c7 00 00 48 44 00 60 9a c5 12 
80 c9 15 00 20 2e 00 5c c1 c7 00 00 20 41 00 40 9c c5 
...................HD.@.E........0.... A.@.E..... ..\....HD.`....... ..\.... A.@..

GAME->Client [11:06:14 07/24/09] packet size: 1 CRYPTED, Flags: 7f ServerSeq: 23 ClientSeq: 3
02 
.

GAME->Client [11:06:14 07/24/09] packet size: 281 CRYPTED, Flags: 7f ServerSeq: 24 ClientSeq: 3
82 2d 2c 98 47 03 01 00 0c 0c 00 eb cd ab 2a 9f 81 ff 02 00 00 00 01 53 74 79 61 72 74 00 00 00 
00 00 00 00 00 00 00 00 00 00 00 00 00 00 00 00 00 00 00 00 00 00 00 19 bc 7e 00 00 00 58 fe a2 
04 47 68 6f 63 74 00 00 00 00 00 00 00 00 00 00 00 00 00 00 00 00 00 00 00 00 00 00 00 00 00 00 
00 7f 80 f8 28 0a 1b 00 f0 20 46 00 00 00 01 de 81 ff f7 00 8e b6 00 00 4a 0c 42 3f 0d ce 01 00 
5a 76 65 72 00 00 00 00 00 00 00 00 00 00 00 00 00 00 00 00 00 00 00 00 00 00 00 00 00 00 00 00 
00 00 00 a0 ef ac e3 c0 00 00 00 00 00 c0 57 40 00 00 00 e0 e5 10 db c0 28 0a fd 80 00 00 00 01 
00 7c e0 04 00 ed 4a 01 00 40 08 53 02 f8 20 c0 42 62 00 01 8a 00 00 00 f7 00 fd 00 00 00 c0 15 
91 f0 c0 00 00 00 00 00 c0 57 40 00 00 00 20 15 b8 cf 40 81 ff 32 22 fb ff 4c 0a 00 28 b0 01 00 
02 00 89 e3 d7 a4 04 21 1d c0 b9 00 00 01 81 00 00 00 3d 00 12 00 00 00 00 
.-,.G.........*........Styart............................~...X...Ghoct..........................
....(.... F.............J.B?....Zver..........................................W@........(.......
.|....J..@.S.. .Bb.......................W@... ...@..2"..L..(..........!..........=......

Client->GAME [11:06:15 07/24/09] packet size: 13 CRYPTED, Flags: 7f ServerSeq: 8 ClientSeq: 20
02 04 01 00 13 01 06 80 f4 8e b6 00 00 
.............

Client->GAME [11:06:15 07/24/09] packet size: 25 CRYPTED, Flags: 7f ServerSeq: 8 ClientSeq: 21
02 04 01 00 14 01 12 80 c9 07 00 60 4b 00 58 18 c7 00 80 45 c4 00 e8 00 47 
...........`K.X....E....G

GAME->Client [11:06:15 07/24/09] packet size: 55 CRYPTED, Flags: 7f ServerSeq: 25 ClientSeq: 4
02 04 01 01 11 01 30 80 f5 8e b6 00 00 54 77 69 73 74 65 64 20 54 69 74 61 6e 73 20 2d 20 7b 63 
3a 46 46 44 34 32 44 7d 45 50 4e 7b 2f 63 7d 00 00 00 00 00 00 00 00 
......0......Twisted Titans - {c:FFD42D}EPN{/c}........

Client->GAME [11:06:15 07/24/09] packet size: 1 CRYPTED, Flags: 7f ServerSeq: 9 ClientSeq: 22
02 
.

GAME->Client [11:06:15 07/24/09] packet size: 1 CRYPTED, Flags: 7f ServerSeq: 26 ClientSeq: 5
02 
.

Client->GAME [11:06:15 07/24/09] packet size: 44 CRYPTED, Flags: 7f ServerSeq: 10 ClientSeq: 23
02 04 01 00 15 02 12 80 c9 03 00 50 3d 00 9e b1 c7 00 00 48 44 00 60 6a c6 12 80 c9 03 00 40 00 
00 2e 9a c7 00 00 48 44 00 50 c3 c6 
...........P=......HD.`j......@.......HD.P..

GAME->Client [11:06:15 07/24/09] packet size: 1 CRYPTED, Flags: 7f ServerSeq: 27 ClientSeq: 7
02 
.

Client->GAME [11:06:15 07/24/09] packet size: 44 CRYPTED, Flags: 7f ServerSeq: 10 ClientSeq: 24
02 04 01 00 17 02 12 80 c9 03 00 40 53 00 04 30 c7 00 00 48 44 00 b0 b3 c6 12 80 c9 17 00 40 53 
00 38 47 c7 00 00 20 41 00 10 a4 c6 
...........@S..0...HD.........@S.8G... A....

GAME->Client [11:06:16 07/24/09] packet size: 1 CRYPTED, Flags: 7f ServerSeq: 28 ClientSeq: 8
02 
.

Client->GAME [11:06:16 07/24/09] packet size: 25 CRYPTED, Flags: 7f ServerSeq: 12 ClientSeq: 25
02 04 01 00 19 01 12 80 c9 07 00 a0 49 00 10 a4 c6 00 00 20 41 00 e0 2b c6 
............I...... A..+.

GAME->Client [11:06:16 07/24/09] packet size: 5 CRYPTED, Flags: 7f ServerSeq: 29 ClientSeq: 9
82 19 2d 98 47 
..-.G

Client->GAME [11:06:16 07/24/09] packet size: 1 CRYPTED, Flags: 7f ServerSeq: 13 ClientSeq: 26
02 
.

Client->GAME [11:06:17 07/24/09] packet size: 82 CRYPTED, Flags: 7f ServerSeq: 13 ClientSeq: 27
02 04 01 00 1a 04 12 80 c9 01 00 50 51 00 28 20 c7 00 00 20 41 00 20 cb c6 12 80 c9 25 00 50 51 
00 38 47 c7 00 00 20 41 00 20 cb c6 12 80 c9 03 00 d0 1f 00 1c 18 c7 00 00 48 44 00 88 10 c7 12 
80 c9 01 00 20 3e 00 30 f2 c6 00 00 20 41 00 20 cb c6 
...........PQ.( ... A. .....%.PQ.8G... A. ...............HD......... >.0.... A. ..

GAME->Client [11:06:17 07/24/09] packet size: 1 CRYPTED, Flags: 7f ServerSeq: 30 ClientSeq: 11
02 
.

Client->GAME [11:06:18 07/24/09] packet size: 82 CRYPTED, Flags: 7f ServerSeq: 14 ClientSeq: 28
02 04 01 00 1e 04 12 80 c9 10 00 c0 10 00 5c c1 c7 00 80 13 c4 00 b8 08 c7 12 80 c9 04 00 e0 17 
00 bc b1 c7 00 00 48 44 00 b8 08 c7 12 80 c9 03 00 30 57 00 4c 9a c7 00 00 48 44 00 f4 08 c7 12 
80 c9 0b 00 30 57 00 4c 9a c7 00 00 20 41 00 b8 08 c7 
..............\.......................HD.........0W.L....HD.........0W.L.... A....

GAME->Client [11:06:18 07/24/09] packet size: 1 CRYPTED, Flags: 7f ServerSeq: 31 ClientSeq: 12
02 
.

Client->GAME [11:06:18 07/24/09] packet size: 44 CRYPTED, Flags: 7f ServerSeq: 15 ClientSeq: 29
02 04 01 00 22 02 12 80 c9 ad 03 70 2f 00 14 66 c7 00 00 be 42 00 30 59 46 12 80 c9 ab 03 70 2f 
00 bc 63 c7 00 00 be 42 00 a0 70 46 
...."......p/..f....B.0YF.....p/..c....B..pF

Client->GAME [11:06:18 07/24/09] packet size: 25 CRYPTED, Flags: 7f ServerSeq: 15 ClientSeq: 30
02 04 01 00 24 01 12 80 c9 01 00 00 2c 00 60 6a c6 00 00 20 41 00 20 cb c6 
....$.......,.`j... A. ..

GAME->Client [11:06:18 07/24/09] packet size: 5 CRYPTED, Flags: 7f ServerSeq: 32 ClientSeq: 13
82 27 2e 98 47 
.'..G

Client->GAME [11:06:18 07/24/09] packet size: 1 CRYPTED, Flags: 7f ServerSeq: 0 ClientSeq: 31
02 
.

GAME->Client [11:06:19 07/24/09] packet size: 1 CRYPTED, Flags: 7f ServerSeq: 33 ClientSeq: 15
02 
.

Client->GAME [11:06:19 07/24/09] packet size: 63 CRYPTED, Flags: 7f ServerSeq: 1 ClientSeq: 32
02 04 01 00 25 03 12 80 c9 03 00 50 2c 00 c8 c3 c6 00 00 48 44 00 28 20 c7 12 80 c9 0c 00 10 4e 
00 30 f2 c6 00 00 20 41 00 58 18 c7 12 80 c9 0f 00 10 4e 00 30 f2 c6 00 00 48 44 00 ec 1f c7 
....%......P,......HD.( .......N.0.... A.X........N.0....HD....

GAME->Client [11:06:19 07/24/09] packet size: 1 CRYPTED, Flags: 7f ServerSeq: 34 ClientSeq: 0
02 
.

Client->GAME [11:06:19 07/24/09] packet size: 25 CRYPTED, Flags: 7f ServerSeq: 2 ClientSeq: 33
02 04 01 00 28 01 12 80 c9 03 00 10 59 00 60 6a c6 00 00 48 44 00 28 20 c7 
....(.......Y.`j...HD.( .

GAME->Client [11:06:19 07/24/09] packet size: 1 CRYPTED, Flags: 7f ServerSeq: 35 ClientSeq: 1
02 
.

Client->GAME [11:06:20 07/24/09] packet size: 25 CRYPTED, Flags: 7f ServerSeq: 3 ClientSeq: 34
02 04 01 00 29 01 12 80 c9 06 00 a0 29 00 00 7a c5 00 00 20 41 00 d0 84 46 
....).......)..z... A...F

GAME->Client [11:06:20 07/24/09] packet size: 1 CRYPTED, Flags: 7f ServerSeq: 36 ClientSeq: 2
02 
.

Client->GAME [11:06:20 07/24/09] packet size: 44 CRYPTED, Flags: 7f ServerSeq: 4 ClientSeq: 35
02 04 01 00 2a 02 12 80 c9 03 00 80 1c 00 94 18 c7 00 00 48 44 00 d8 56 c7 12 80 c9 14 00 80 1c 
00 38 47 c7 00 00 20 41 00 d8 56 c7 
....*..............HD..V.........8G... A..V.

GAME->Client [11:06:20 07/24/09] packet size: 5 CRYPTED, Flags: 7f ServerSeq: 37 ClientSeq: 3
82 03 2f 98 47 
../.G

Client->GAME [11:06:20 07/24/09] packet size: 63 CRYPTED, Flags: 7f ServerSeq: 5 ClientSeq: 36
02 04 01 00 2c 03 12 80 c9 03 00 40 02 00 40 9c 45 00 00 48 44 00 64 20 c7 12 80 c9 07 00 90 4c 
00 60 6a 46 00 00 20 41 00 58 18 c7 12 80 c9 0a 00 90 4c 00 30 4a 46 00 00 48 44 00 58 18 c7 
....,......@..@.E..HD.d .......L.`jF.. A.X........L.0JF..HD.X..

Client->GAME [11:06:20 07/24/09] packet size: 25 CRYPTED, Flags: 7f ServerSeq: 5 ClientSeq: 37
02 04 01 00 2f 01 12 80 c9 0c 00 00 0b 00 30 f2 c6 00 00 20 41 00 d8 56 c7 
..../.........0.... A..V.

GAME->Client [11:06:20 07/24/09] packet size: 1 CRYPTED, Flags: 7f ServerSeq: 38 ClientSeq: 4
02 
.

Client->GAME [11:06:21 07/24/09] packet size: 44 CRYPTED, Flags: 7f ServerSeq: 6 ClientSeq: 38
02 04 01 00 30 02 12 80 c9 07 00 00 44 00 60 6a c6 00 00 20 41 00 d8 56 c7 12 80 c9 18 00 00 44 
00 b0 b3 c6 00 00 20 41 00 d8 56 c7 
....0.......D.`j... A..V.......D...... A..V.

GAME->Client [11:06:21 07/24/09] packet size: 1 CRYPTED, Flags: 7f ServerSeq: 39 ClientSeq: 5
02 
.

GAME->Client [11:06:21 07/24/09] packet size: 1 CRYPTED, Flags: 7f ServerSeq: 40 ClientSeq: 6
02 
.

