GAME->Client [06:25:00 07/20/09] packet size: 1344 CRYPTED, Flags: f ServerSeq: 7 ClientSeq: 4
02 03 01 00 0c 0c 00 9f cd ab 1a 8b 81 ff 71 02 00 00 41 6e 64 65 72 73 6f 6e 00 00 00 00 00 00 
00 00 00 00 00 00 00 00 00 00 00 00 00 00 00 00 00 00 90 54 68 6f 6d 61 73 00 00 00 00 00 00 00 
00 00 00 00 00 00 00 00 00 00 00 00 00 00 00 00 00 00 00 80 98 28 0a 0c 8e 81 ff f7 00 31 5e 00 
00 c6 67 00 41 66 74 65 72 57 68 6f 72 75 4e 65 6f 00 00 00 00 00 00 00 00 00 00 00 00 00 00 00 
00 00 00 00 28 0a fd 64 01 00 00 67 00 75 d4 01 00 4b b1 00 00 04 80 23 1a e9 82 80 b0 04 00 02 
8e 00 00 00 f7 00 9d 00 00 00 40 13 dc f2 40 00 00 00 00 00 c0 57 40 00 00 00 c0 fc 59 e6 40 81 
ff 32 22 80 88 b9 1c 01 00 10 00 00 67 00 02 00 00 00 00 04 02 00 84 02 27 80 d7 08 00 3c 00 00 
8e 1d 00 53 4f 45 2b 4d 58 4f 2b 56 65 63 74 6f 72 2d 48 6f 73 74 69 6c 65 2b 46 6f 6e 64 6f 00 
27 80 d7 08 00 3c 00 00 8e 1d 00 53 4f 45 2b 4d 58 4f 2b 56 65 63 74 6f 72 2d 48 6f 73 74 69 6c 
65 2b 4a 65 6e 6e 65 00 00 86 18 29 80 d7 08 00 3c 00 00 8e 1f 00 53 4f 45 2b 4d 58 4f 2b 56 65 
63 74 6f 72 2d 48 6f 73 74 69 6c 65 2b 4b 68 69 72 61 4c 69 00 2c 80 d7 08 00 3c 00 00 8e 22 00 
53 4f 45 2b 4d 58 4f 2b 56 65 63 74 6f 72 2d 48 6f 73 74 69 6c 65 2b 48 6f 74 53 68 6f 74 74 74 
74 00 2d 80 d7 08 00 3c 00 00 8e 23 00 53 4f 45 2b 4d 58 4f 2b 56 65 63 74 6f 72 2d 48 6f 73 74 
69 6c 65 2b 47 65 6c 62 65 67 65 66 61 68 72 00 30 80 d7 08 00 3c 00 00 8e 26 00 53 4f 45 2b 4d 
58 4f 2b 56 65 63 74 6f 72 2d 48 6f 73 74 69 6c 65 2b 52 75 6e 6e 69 6e 67 57 69 6c 64 33 30 35 
00 28 80 d7 08 00 3c 00 00 8e 1e 00 53 4f 45 2b 4d 58 4f 2b 56 65 63 74 6f 72 2d 48 6f 73 74 69 
6c 65 2b 54 61 75 72 6f 6e 00 27 80 d7 08 00 3c 00 00 8e 1d 00 53 4f 45 2b 4d 58 4f 2b 56 65 63 
74 6f 72 2d 48 6f 73 74 69 6c 65 2b 43 65 4a 61 79 00 2d 80 d7 08 00 3c 00 00 8e 23 00 53 4f 45 
2b 4d 58 4f 2b 56 65 63 74 6f 72 2d 48 6f 73 74 69 6c 65 2b 52 75 6e 6e 69 6e 67 77 69 6c 64 00 
29 80 d7 08 00 3c 00 00 8e 1f 00 53 4f 45 2b 4d 58 4f 2b 56 65 63 74 6f 72 2d 48 6f 73 74 69 6c 
65 2b 4d 65 64 61 6e 6f 6e 00 28 80 d7 08 00 3c 00 00 8e 1e 00 53 4f 45 2b 4d 58 4f 2b 56 65 63 
74 6f 72 2d 48 6f 73 74 69 6c 65 2b 42 49 36 36 33 52 00 2c 80 d7 08 00 3c 00 00 8e 22 00 53 4f 
45 2b 4d 58 4f 2b 56 65 63 74 6f 72 2d 48 6f 73 74 69 6c 65 2b 65 6c 65 6c 65 6a 69 64 6f 32 00 
29 80 d7 08 00 3c 00 00 8e 1f 00 53 4f 45 2b 4d 58 4f 2b 56 65 63 74 6f 72 2d 48 6f 73 74 69 6c 
65 2b 4d 65 64 61 6e 69 61 00 30 80 d7 08 00 3c 00 00 8e 26 00 53 4f 45 2b 4d 58 4f 2b 56 65 63 
74 6f 72 2d 48 6f 73 74 69 6c 65 2b 44 69 61 6d 6f 6e 64 77 61 72 72 69 6f 72 00 2f 80 d7 08 00 
3c 00 00 8e 25 00 53 4f 45 2b 4d 58 4f 2b 56 65 63 74 6f 72 2d 48 6f 73 74 69 6c 65 2b 54 68 65 
53 6f 6c 69 64 53 6e 61 6b 65 00 28 80 d7 08 00 3c 00 00 8e 1e 00 53 4f 45 2b 4d 58 4f 2b 56 65 
63 74 6f 72 2d 48 6f 73 74 69 6c 65 2b 53 79 6c 65 6e 64 00 28 80 d7 08 00 3c 00 00 8e 1e 00 53 
4f 45 2b 4d 58 4f 2b 56 65 63 74 6f 72 2d 48 6f 73 74 69 6c 65 2b 4b 6f 73 73 65 6e 00 2c 80 d7 
08 00 3c 00 00 8e 22 00 53 4f 45 2b 4d 58 4f 2b 56 65 63 74 6f 72 2d 48 6f 73 74 69 6c 65 2b 70 
61 74 74 6f 72 6e 61 64 6f 00 2c 80 d7 08 00 3c 00 00 8e 22 00 53 4f 45 2b 4d 58 4f 2b 56 65 63 
74 6f 72 2d 48 6f 73 74 69 6c 65 2b 53 79 6e 61 70 7a 65 37 37 37 00 2b 80 d7 08 00 3c 00 00 8e 
21 00 53 4f 45 2b 4d 58 4f 2b 56 65 63 74 6f 72 2d 48 6f 73 74 69 6c 65 2b 41 63 6b 65 72 63 6f 
6b 65 00 27 80 d7 08 00 3c 00 00 8e 1d 00 53 4f 45 2b 4d 58 4f 2b 56 65 63 74 6f 72 2d 48 6f 73 
74 69 6c 65 2b 69 44 61 76 65 00 2b 80 d7 08 00 3c 00 00 8e 21 00 53 4f 45 2b 4d 58 4f 2b 56 65 
63 74 6f 72 2d 48 6f 73 74 69 6c 65 2b 41 6c 6b 79 6f 6e 65 75 73 00 28 80 d7 08 00 3c 00 00 8e 
1e 00 53 4f 45 2b 4d 58 4f 2b 56 65 63 74 6f 72 2d 48 6f 73 74 69 6c 65 2b 53 74 65 76 65 42 00 
2a 80 d7 08 00 3c 00 00 8e 20 00 53 4f 45 2b 4d 58 4f 2b 56 65 63 74 6f 72 2d 48 6f 73 74 69 6c 
65 2b 53 61 72 61 69 61 6e 61 00 2c 80 d7 08 00 3c 00 00 8e 22 00 53 4f 45 2b 4d 58 4f 2b 56 65 
63 74 6f 72 2d 48 6f 73 74 69 6c 65 2b 41 68 70 68 72 6f 64 69 74 65 00 27 80 d7 08 00 3c 00 00 
8e 1d 00 53 4f 45 2b 4d 58 4f 2b 56 65 63 74 6f 72 2d 48 6f 73 74 69 6c 65 2b 34 49 52 4f 57 00 
..............q...Anderson.........................Thomas............................(.......1^.
..g.AfterWhoruNeo...................(..d...g.u...K.....#..................@...@......W@.....Y.@.
.2".........g...........'....<.....SOE+MXO+Vector-Hostile+Fondo.'....<.....SOE+MXO+Vector-Hostil
e+Jenne....)....<.....SOE+MXO+Vector-Hostile+KhiraLi.,....<...".SOE+MXO+Vector-Hostile+HotShottt
t.-....<...#.SOE+MXO+Vector-Hostile+Gelbegefahr.0....<...&.SOE+MXO+Vector-Hostile+RunningWild305
.(....<.....SOE+MXO+Vector-Hostile+Tauron.'....<.....SOE+MXO+Vector-Hostile+CeJay.-....<...#.SOE
+MXO+Vector-Hostile+Runningwild.)....<.....SOE+MXO+Vector-Hostile+Medanon.(....<.....SOE+MXO+Vec
tor-Hostile+BI663R.,....<...".SOE+MXO+Vector-Hostile+elelejido2.)....<.....SOE+MXO+Vector-Hostil
e+Medania.0....<...&.SOE+MXO+Vector-Hostile+Diamondwarrior./....<...%.SOE+MXO+Vector-Hostile+The
SolidSnake.(....<.....SOE+MXO+Vector-Hostile+Sylend.(....<.....SOE+MXO+Vector-Hostile+Kossen.,..
..<...".SOE+MXO+Vector-Hostile+pattornado.,....<...".SOE+MXO+Vector-Hostile+Synapze777.+....<...
!.SOE+MXO+Vector-Hostile+Ackercoke.'....<.....SOE+MXO+Vector-Hostile+iDave.+....<...!.SOE+MXO+Ve
ctor-Hostile+Alkyoneus.(....<.....SOE+MXO+Vector-Hostile+SteveB.*....<... .SOE+MXO+Vector-Hostil
e+Saraiana.,....<...".SOE+MXO+Vector-Hostile+Ahphrodite.'....<.....SOE+MXO+Vector-Hostile+4IROW.

GAME->Client [06:25:00 07/20/09] packet size: 646 CRYPTED, Flags: f ServerSeq: 8 ClientSeq: 4
82 81 5b 9a 48 04 02 00 9e 09 29 80 d7 08 00 3c 00 00 8e 1f 00 53 4f 45 2b 4d 58 4f 2b 56 65 63 
74 6f 72 2d 48 6f 73 74 69 6c 65 2b 41 6e 64 69 32 36 32 00 2a 80 d7 08 00 3c 00 00 8e 20 00 53 
4f 45 2b 4d 58 4f 2b 56 65 63 74 6f 72 2d 48 6f 73 74 69 6c 65 2b 68 41 6e 66 73 41 41 74 00 28 
80 d7 08 00 3c 00 00 8e 1e 00 53 4f 45 2b 4d 58 4f 2b 56 65 63 74 6f 72 2d 48 6f 73 74 69 6c 65 
2b 72 59 75 67 65 6e 00 2b 80 d7 08 00 3c 00 00 8e 21 00 53 4f 45 2b 4d 58 4f 2b 56 65 63 74 6f 
72 2d 48 6f 73 74 69 6c 65 2b 53 79 6c 33 64 72 69 6f 6e 00 27 80 d7 08 00 3c 00 00 8e 1d 00 53 
4f 45 2b 4d 58 4f 2b 56 65 63 74 6f 72 2d 48 6f 73 74 69 6c 65 2b 53 79 6d 62 69 00 2d 80 d7 08 
00 3c 00 00 8e 23 00 53 4f 45 2b 4d 58 4f 2b 56 65 63 74 6f 72 2d 48 6f 73 74 69 6c 65 2b 57 69 
74 63 68 62 75 72 6e 65 72 00 2c 80 d7 08 00 3c 00 00 8e 22 00 53 4f 45 2b 4d 58 4f 2b 56 65 63 
74 6f 72 2d 48 6f 73 74 69 6c 65 2b 50 6f 72 70 68 79 72 69 6f 6e 00 29 80 d7 08 00 3c 00 00 8e 
1f 00 53 4f 45 2b 4d 58 4f 2b 56 65 63 74 6f 72 2d 48 6f 73 74 69 6c 65 2b 43 65 63 69 6c 69 61 
00 28 80 d7 08 00 3c 00 00 8e 1e 00 53 4f 45 2b 4d 58 4f 2b 56 65 63 74 6f 72 2d 48 6f 73 74 69 
6c 65 2b 6e 65 70 68 74 61 00 00 a7 06 2c 80 d7 08 00 3c 00 00 8e 22 00 53 4f 45 2b 4d 58 4f 2b 
56 65 63 74 6f 72 2d 48 6f 73 74 69 6c 65 2b 43 61 6e 64 79 53 61 6e 64 79 00 27 80 d7 08 00 3c 
00 00 8e 1d 00 53 4f 45 2b 4d 58 4f 2b 56 65 63 74 6f 72 2d 48 6f 73 74 69 6c 65 2b 56 61 6e 69 
6e 00 27 80 d7 08 00 3c 00 00 8e 1d 00 53 4f 45 2b 4d 58 4f 2b 56 65 63 74 6f 72 2d 48 6f 73 74 
69 6c 65 2b 43 68 72 79 6c 00 29 80 d7 08 00 3c 00 00 8e 1f 00 53 4f 45 2b 4d 58 4f 2b 56 65 63 
74 6f 72 2d 48 6f 73 74 69 6c 65 2b 53 6b 65 61 6c 65 73 00 29 80 d7 08 00 3c 00 00 8e 1f 00 53 
4f 45 2b 4d 58 4f 2b 56 65 63 74 6f 72 2d 48 6f 73 74 69 6c 65 2b 66 61 62 6c 65 73 73 00 27 80 
d7 08 00 3c 00 00 8e 1d 00 53 4f 45 2b 4d 58 4f 2b 56 65 63 74 6f 72 2d 48 6f 73 74 69 6c 65 2b 
53 6e 6f 62 62 00 
..[.H.....)....<.....SOE+MXO+Vector-Hostile+Andi262.*....<... .SOE+MXO+Vector-Hostile+hAnfsAAt.(
....<.....SOE+MXO+Vector-Hostile+rYugen.+....<...!.SOE+MXO+Vector-Hostile+Syl3drion.'....<.....S
OE+MXO+Vector-Hostile+Symbi.-....<...#.SOE+MXO+Vector-Hostile+Witchburner.,....<...".SOE+MXO+Vec
tor-Hostile+Porphyrion.)....<.....SOE+MXO+Vector-Hostile+Cecilia.(....<.....SOE+MXO+Vector-Hosti
le+nephta....,....<...".SOE+MXO+Vector-Hostile+CandySandy.'....<.....SOE+MXO+Vector-Hostile+Vani
n.'....<.....SOE+MXO+Vector-Hostile+Chryl.)....<.....SOE+MXO+Vector-Hostile+Skeales.)....<.....S
OE+MXO+Vector-Hostile+fabless.'....<.....SOE+MXO+Vector-Hostile+Snobb.

GAME->Client [06:25:02 07/20/09] packet size: 562 CRYPTED, Flags: f ServerSeq: 9 ClientSeq: 4
02 03 01 00 0c 0c 00 9f cd ab 1a 8b 81 ff 71 02 00 00 41 6e 64 65 72 73 6f 6e 00 00 00 00 00 00 
00 00 00 00 00 00 00 00 00 00 00 00 00 00 00 00 00 00 90 54 68 6f 6d 61 73 00 00 00 00 00 00 00 
00 00 00 00 00 00 00 00 00 00 00 00 00 00 00 00 00 00 00 80 98 28 0a 0c 8e 81 ff f7 00 31 5e 00 
00 c6 67 00 41 66 74 65 72 57 68 6f 72 75 4e 65 6f 00 00 00 00 00 00 00 00 00 00 00 00 00 00 00 
00 00 00 00 28 0a fd 64 01 00 00 67 00 75 d4 01 00 4b b1 00 00 04 80 23 1a e9 82 80 b0 04 00 02 
8e 00 00 00 f7 00 9d 00 00 00 40 13 dc f2 40 00 00 00 00 00 c0 57 40 00 00 00 c0 fc 59 e6 40 81 
ff 32 22 80 88 b9 1c 01 00 10 00 00 67 00 02 00 00 00 00 04 02 00 84 02 27 80 d7 08 00 3c 00 00 
8e 1d 00 53 4f 45 2b 4d 58 4f 2b 56 65 63 74 6f 72 2d 48 6f 73 74 69 6c 65 2b 46 6f 6e 64 6f 00 
27 80 d7 08 00 3c 00 00 8e 1d 00 53 4f 45 2b 4d 58 4f 2b 56 65 63 74 6f 72 2d 48 6f 73 74 69 6c 
65 2b 4a 65 6e 6e 65 00 00 86 06 29 80 d7 08 00 3c 00 00 8e 1f 00 53 4f 45 2b 4d 58 4f 2b 56 65 
63 74 6f 72 2d 48 6f 73 74 69 6c 65 2b 4b 68 69 72 61 4c 69 00 2c 80 d7 08 00 3c 00 00 8e 22 00 
53 4f 45 2b 4d 58 4f 2b 56 65 63 74 6f 72 2d 48 6f 73 74 69 6c 65 2b 48 6f 74 53 68 6f 74 74 74 
74 00 2d 80 d7 08 00 3c 00 00 8e 23 00 53 4f 45 2b 4d 58 4f 2b 56 65 63 74 6f 72 2d 48 6f 73 74 
69 6c 65 2b 47 65 6c 62 65 67 65 66 61 68 72 00 30 80 d7 08 00 3c 00 00 8e 26 00 53 4f 45 2b 4d 
58 4f 2b 56 65 63 74 6f 72 2d 48 6f 73 74 69 6c 65 2b 52 75 6e 6e 69 6e 67 57 69 6c 64 33 30 35 
00 28 80 d7 08 00 3c 00 00 8e 1e 00 53 4f 45 2b 4d 58 4f 2b 56 65 63 74 6f 72 2d 48 6f 73 74 69 
6c 65 2b 54 61 75 72 6f 6e 00 27 80 d7 08 00 3c 00 00 8e 1d 00 53 4f 45 2b 4d 58 4f 2b 56 65 63 
74 6f 72 2d 48 6f 73 74 69 6c 65 2b 43 65 4a 61 79 00 
..............q...Anderson.........................Thomas............................(.......1^.
..g.AfterWhoruNeo...................(..d...g.u...K.....#..................@...@......W@.....Y.@.
.2".........g...........'....<.....SOE+MXO+Vector-Hostile+Fondo.'....<.....SOE+MXO+Vector-Hostil
e+Jenne....)....<.....SOE+MXO+Vector-Hostile+KhiraLi.,....<...".SOE+MXO+Vector-Hostile+HotShottt
t.-....<...#.SOE+MXO+Vector-Hostile+Gelbegefahr.0....<...&.SOE+MXO+Vector-Hostile+RunningWild305
.(....<.....SOE+MXO+Vector-Hostile+Tauron.'....<.....SOE+MXO+Vector-Hostile+CeJay.

GAME->Client [06:25:02 07/20/09] packet size: 226 CRYPTED, Flags: f ServerSeq: 10 ClientSeq: 4
82 b5 5b 9a 48 04 01 00 8c 05 2d 80 d7 08 00 3c 00 00 8e 23 00 53 4f 45 2b 4d 58 4f 2b 56 65 63 
74 6f 72 2d 48 6f 73 74 69 6c 65 2b 52 75 6e 6e 69 6e 67 77 69 6c 64 00 29 80 d7 08 00 3c 00 00 
8e 1f 00 53 4f 45 2b 4d 58 4f 2b 56 65 63 74 6f 72 2d 48 6f 73 74 69 6c 65 2b 4d 65 64 61 6e 6f 
6e 00 28 80 d7 08 00 3c 00 00 8e 1e 00 53 4f 45 2b 4d 58 4f 2b 56 65 63 74 6f 72 2d 48 6f 73 74 
69 6c 65 2b 42 49 36 36 33 52 00 2c 80 d7 08 00 3c 00 00 8e 22 00 53 4f 45 2b 4d 58 4f 2b 56 65 
63 74 6f 72 2d 48 6f 73 74 69 6c 65 2b 65 6c 65 6c 65 6a 69 64 6f 32 00 29 80 d7 08 00 3c 00 00 
8e 1f 00 53 4f 45 2b 4d 58 4f 2b 56 65 63 74 6f 72 2d 48 6f 73 74 69 6c 65 2b 4d 65 64 61 6e 69 
61 00 
..[.H.....-....<...#.SOE+MXO+Vector-Hostile+Runningwild.)....<.....SOE+MXO+Vector-Hostile+Medano
n.(....<.....SOE+MXO+Vector-Hostile+BI663R.,....<...".SOE+MXO+Vector-Hostile+elelejido2.)....<..
...SOE+MXO+Vector-Hostile+Medania.

GAME->Client [06:25:02 07/20/09] packet size: 103 CRYPTED, Flags: f ServerSeq: 11 ClientSeq: 4
02 04 01 00 91 02 30 80 d7 08 00 3c 00 00 8e 26 00 53 4f 45 2b 4d 58 4f 2b 56 65 63 74 6f 72 2d 
48 6f 73 74 69 6c 65 2b 44 69 61 6d 6f 6e 64 77 61 72 72 69 6f 72 00 2f 80 d7 08 00 3c 00 00 8e 
25 00 53 4f 45 2b 4d 58 4f 2b 56 65 63 74 6f 72 2d 48 6f 73 74 69 6c 65 2b 54 68 65 53 6f 6c 69 
64 53 6e 61 6b 65 00 
......0....<...&.SOE+MXO+Vector-Hostile+Diamondwarrior./....<...%.SOE+MXO+Vector-Hostile+TheSoli
dSnake.

GAME->Client [06:25:03 07/20/09] packet size: 133 CRYPTED, Flags: f ServerSeq: 12 ClientSeq: 4
02 04 01 00 93 03 28 80 d7 08 00 3c 00 00 8e 1e 00 53 4f 45 2b 4d 58 4f 2b 56 65 63 74 6f 72 2d 
48 6f 73 74 69 6c 65 2b 53 79 6c 65 6e 64 00 28 80 d7 08 00 3c 00 00 8e 1e 00 53 4f 45 2b 4d 58 
4f 2b 56 65 63 74 6f 72 2d 48 6f 73 74 69 6c 65 2b 4b 6f 73 73 65 6e 00 2c 80 d7 08 00 3c 00 00 
8e 22 00 53 4f 45 2b 4d 58 4f 2b 56 65 63 74 6f 72 2d 48 6f 73 74 69 6c 65 2b 70 61 74 74 6f 72 
6e 61 64 6f 00 
......(....<.....SOE+MXO+Vector-Hostile+Sylend.(....<.....SOE+MXO+Vector-Hostile+Kossen.,....<..
.".SOE+MXO+Vector-Hostile+pattornado.

GAME->Client [06:25:03 07/20/09] packet size: 261 CRYPTED, Flags: f ServerSeq: 13 ClientSeq: 4
02 03 01 00 0c 0c 00 9f cd ab 1a 8b 81 ff 71 02 00 00 41 6e 64 65 72 73 6f 6e 00 00 00 00 00 00 
00 00 00 00 00 00 00 00 00 00 00 00 00 00 00 00 00 00 90 54 68 6f 6d 61 73 00 00 00 00 00 00 00 
00 00 00 00 00 00 00 00 00 00 00 00 00 00 00 00 00 00 00 80 98 28 0a 0c 8e 81 ff f7 00 31 5e 00 
00 c6 67 00 41 66 74 65 72 57 68 6f 72 75 4e 65 6f 00 00 00 00 00 00 00 00 00 00 00 00 00 00 00 
00 00 00 00 28 0a fd 64 01 00 00 67 00 75 d4 01 00 4b b1 00 00 04 80 23 1a e9 82 80 b0 04 00 02 
8e 00 00 00 f7 00 9d 00 00 00 40 13 dc f2 40 00 00 00 00 00 c0 57 40 00 00 00 c0 fc 59 e6 40 81 
ff 32 22 80 88 b9 1c 01 00 10 00 00 67 00 02 00 00 00 00 04 01 00 96 01 2c 80 d7 08 00 3c 00 00 
8e 22 00 53 4f 45 2b 4d 58 4f 2b 56 65 63 74 6f 72 2d 48 6f 73 74 69 6c 65 2b 53 79 6e 61 70 7a 
65 37 37 37 00 
..............q...Anderson.........................Thomas............................(.......1^.
..g.AfterWhoruNeo...................(..d...g.u...K.....#..................@...@......W@.....Y.@.
.2".........g...........,....<...".SOE+MXO+Vector-Hostile+Synapze777.

GAME->Client [06:25:04 07/20/09] packet size: 138 CRYPTED, Flags: f ServerSeq: 14 ClientSeq: 4
82 e9 5b 9a 48 04 01 00 97 03 2b 80 d7 08 00 3c 00 00 8e 21 00 53 4f 45 2b 4d 58 4f 2b 56 65 63 
74 6f 72 2d 48 6f 73 74 69 6c 65 2b 41 63 6b 65 72 63 6f 6b 65 00 27 80 d7 08 00 3c 00 00 8e 1d 
00 53 4f 45 2b 4d 58 4f 2b 56 65 63 74 6f 72 2d 48 6f 73 74 69 6c 65 2b 69 44 61 76 65 00 2b 80 
d7 08 00 3c 00 00 8e 21 00 53 4f 45 2b 4d 58 4f 2b 56 65 63 74 6f 72 2d 48 6f 73 74 69 6c 65 2b 
41 6c 6b 79 6f 6e 65 75 73 00 
..[.H.....+....<...!.SOE+MXO+Vector-Hostile+Ackercoke.'....<.....SOE+MXO+Vector-Hostile+iDave.+.
...<...!.SOE+MXO+Vector-Hostile+Alkyoneus.

GAME->Client [06:25:04 07/20/09] packet size: 135 CRYPTED, Flags: f ServerSeq: 15 ClientSeq: 4
02 04 01 00 9a 03 28 80 d7 08 00 3c 00 00 8e 1e 00 53 4f 45 2b 4d 58 4f 2b 56 65 63 74 6f 72 2d 
48 6f 73 74 69 6c 65 2b 53 74 65 76 65 42 00 2a 80 d7 08 00 3c 00 00 8e 20 00 53 4f 45 2b 4d 58 
4f 2b 56 65 63 74 6f 72 2d 48 6f 73 74 69 6c 65 2b 53 61 72 61 69 61 6e 61 00 2c 80 d7 08 00 3c 
00 00 8e 22 00 53 4f 45 2b 4d 58 4f 2b 56 65 63 74 6f 72 2d 48 6f 73 74 69 6c 65 2b 41 68 70 68 
72 6f 64 69 74 65 00 
......(....<.....SOE+MXO+Vector-Hostile+SteveB.*....<... .SOE+MXO+Vector-Hostile+Saraiana.,....<
...".SOE+MXO+Vector-Hostile+Ahphrodite.

Client->GAME [06:25:04 07/20/09] packet size: 74 CRYPTED, Flags: 1f ServerSeq: 5 ClientSeq: 5
02 03 02 00 02 60 08 41 6e 64 65 72 73 6f 6e 06 54 68 6f 6d 61 73 00 00 04 01 00 01 06 12 80 c9 
04 00 90 31 00 d4 ad 47 00 00 b4 c2 00 ae 2b 47 02 80 be 07 3f 45 00 10 00 00 00 08 3e 6b ee 03 
00 00 00 00 02 81 48 02 0c 01 
.....`.Anderson.Thomas.............1...G......+G....?E......>k........H...

Client->GAME [06:25:04 07/20/09] packet size: 1 CRYPTED, Flags: 7f ServerSeq: 13 ClientSeq: 6
02 
.

Client->GAME [06:25:04 07/20/09] packet size: 1 CRYPTED, Flags: 7f ServerSeq: 15 ClientSeq: 7
02 
.

GAME->Client [06:25:04 07/20/09] packet size: 134 CRYPTED, Flags: f ServerSeq: 16 ClientSeq: 4
02 04 02 00 9d 01 27 80 d7 08 00 3c 00 00 8e 1d 00 53 4f 45 2b 4d 58 4f 2b 56 65 63 74 6f 72 2d 
48 6f 73 74 69 6c 65 2b 34 49 52 4f 57 00 00 9e 02 29 80 d7 08 00 3c 00 00 8e 1f 00 53 4f 45 2b 
4d 58 4f 2b 56 65 63 74 6f 72 2d 48 6f 73 74 69 6c 65 2b 41 6e 64 69 32 36 32 00 2a 80 d7 08 00 
3c 00 00 8e 20 00 53 4f 45 2b 4d 58 4f 2b 56 65 63 74 6f 72 2d 48 6f 73 74 69 6c 65 2b 68 41 6e 
66 73 41 41 74 00 
......'....<.....SOE+MXO+Vector-Hostile+4IROW....)....<.....SOE+MXO+Vector-Hostile+Andi262.*....
<... .SOE+MXO+Vector-Hostile+hAnfsAAt.

Client->GAME [06:25:04 07/20/09] packet size: 1 CRYPTED, Flags: 7f ServerSeq: 0 ClientSeq: 8
02 
.

GAME->Client [06:25:04 07/20/09] packet size: 685 CRYPTED, Flags: 1f ServerSeq: 17 ClientSeq: 5
02 04 04 00 a0 07 28 80 d7 08 00 3c 00 00 8e 1e 00 53 4f 45 2b 4d 58 4f 2b 56 65 63 74 6f 72 2d 
48 6f 73 74 69 6c 65 2b 72 59 75 67 65 6e 00 2b 80 d7 08 00 3c 00 00 8e 21 00 53 4f 45 2b 4d 58 
4f 2b 56 65 63 74 6f 72 2d 48 6f 73 74 69 6c 65 2b 53 79 6c 33 64 72 69 6f 6e 00 27 80 d7 08 00 
3c 00 00 8e 1d 00 53 4f 45 2b 4d 58 4f 2b 56 65 63 74 6f 72 2d 48 6f 73 74 69 6c 65 2b 53 79 6d 
62 69 00 2d 80 d7 08 00 3c 00 00 8e 23 00 53 4f 45 2b 4d 58 4f 2b 56 65 63 74 6f 72 2d 48 6f 73 
74 69 6c 65 2b 57 69 74 63 68 62 75 72 6e 65 72 00 2c 80 d7 08 00 3c 00 00 8e 22 00 53 4f 45 2b 
4d 58 4f 2b 56 65 63 74 6f 72 2d 48 6f 73 74 69 6c 65 2b 50 6f 72 70 68 79 72 69 6f 6e 00 29 80 
d7 08 00 3c 00 00 8e 1f 00 53 4f 45 2b 4d 58 4f 2b 56 65 63 74 6f 72 2d 48 6f 73 74 69 6c 65 2b 
43 65 63 69 6c 69 61 00 28 80 d7 08 00 3c 00 00 8e 1e 00 53 4f 45 2b 4d 58 4f 2b 56 65 63 74 6f 
72 2d 48 6f 73 74 69 6c 65 2b 6e 65 70 68 74 61 00 00 a7 06 2c 80 d7 08 00 3c 00 00 8e 22 00 53 
4f 45 2b 4d 58 4f 2b 56 65 63 74 6f 72 2d 48 6f 73 74 69 6c 65 2b 43 61 6e 64 79 53 61 6e 64 79 
00 27 80 d7 08 00 3c 00 00 8e 1d 00 53 4f 45 2b 4d 58 4f 2b 56 65 63 74 6f 72 2d 48 6f 73 74 69 
6c 65 2b 56 61 6e 69 6e 00 27 80 d7 08 00 3c 00 00 8e 1d 00 53 4f 45 2b 4d 58 4f 2b 56 65 63 74 
6f 72 2d 48 6f 73 74 69 6c 65 2b 43 68 72 79 6c 00 29 80 d7 08 00 3c 00 00 8e 1f 00 53 4f 45 2b 
4d 58 4f 2b 56 65 63 74 6f 72 2d 48 6f 73 74 69 6c 65 2b 53 6b 65 61 6c 65 73 00 29 80 d7 08 00 
3c 00 00 8e 1f 00 53 4f 45 2b 4d 58 4f 2b 56 65 63 74 6f 72 2d 48 6f 73 74 69 6c 65 2b 66 61 62 
6c 65 73 73 00 27 80 d7 08 00 3c 00 00 8e 1d 00 53 4f 45 2b 4d 58 4f 2b 56 65 63 74 6f 72 2d 48 
6f 73 74 69 6c 65 2b 53 6e 6f 62 62 00 00 84 02 27 80 d7 08 00 3c 00 00 8e 1d 00 53 4f 45 2b 4d 
58 4f 2b 56 65 63 74 6f 72 2d 48 6f 73 74 69 6c 65 2b 46 6f 6e 64 6f 00 27 80 d7 08 00 3c 00 00 
8e 1d 00 53 4f 45 2b 4d 58 4f 2b 56 65 63 74 6f 72 2d 48 6f 73 74 69 6c 65 2b 4a 65 6e 6e 65 00 
00 86 01 29 80 d7 08 00 3c 00 00 8e 1f 00 53 4f 45 2b 4d 58 4f 2b 56 65 63 74 6f 72 2d 48 6f 73 
74 69 6c 65 2b 4b 68 69 72 61 4c 69 00 
......(....<.....SOE+MXO+Vector-Hostile+rYugen.+....<...!.SOE+MXO+Vector-Hostile+Syl3drion.'....
<.....SOE+MXO+Vector-Hostile+Symbi.-....<...#.SOE+MXO+Vector-Hostile+Witchburner.,....<...".SOE+
MXO+Vector-Hostile+Porphyrion.)....<.....SOE+MXO+Vector-Hostile+Cecilia.(....<.....SOE+MXO+Vecto
r-Hostile+nephta....,....<...".SOE+MXO+Vector-Hostile+CandySandy.'....<.....SOE+MXO+Vector-Hosti
le+Vanin.'....<.....SOE+MXO+Vector-Hostile+Chryl.)....<.....SOE+MXO+Vector-Hostile+Skeales.)....
<.....SOE+MXO+Vector-Hostile+fabless.'....<.....SOE+MXO+Vector-Hostile+Snobb....'....<.....SOE+M
XO+Vector-Hostile+Fondo.'....<.....SOE+MXO+Vector-Hostile+Jenne....)....<.....SOE+MXO+Vector-Hos
tile+KhiraLi.

Client->GAME [06:25:04 07/20/09] packet size: 1 CRYPTED, Flags: 7f ServerSeq: 1 ClientSeq: 9
02 
.

GAME->Client [06:25:04 07/20/09] packet size: 723 CRYPTED, Flags: 7f ServerSeq: 18 ClientSeq: 7
02 03 02 00 02 80 80 80 80 80 90 11 00 00 00 01 00 00 00 01 00 00 04 05 00 87 05 2c 80 d7 08 00 
3c 00 00 8e 22 00 53 4f 45 2b 4d 58 4f 2b 56 65 63 74 6f 72 2d 48 6f 73 74 69 6c 65 2b 48 6f 74 
53 68 6f 74 74 74 74 00 2d 80 d7 08 00 3c 00 00 8e 23 00 53 4f 45 2b 4d 58 4f 2b 56 65 63 74 6f 
72 2d 48 6f 73 74 69 6c 65 2b 47 65 6c 62 65 67 65 66 61 68 72 00 30 80 d7 08 00 3c 00 00 8e 26 
00 53 4f 45 2b 4d 58 4f 2b 56 65 63 74 6f 72 2d 48 6f 73 74 69 6c 65 2b 52 75 6e 6e 69 6e 67 57 
69 6c 64 33 30 35 00 28 80 d7 08 00 3c 00 00 8e 1e 00 53 4f 45 2b 4d 58 4f 2b 56 65 63 74 6f 72 
2d 48 6f 73 74 69 6c 65 2b 54 61 75 72 6f 6e 00 27 80 d7 08 00 3c 00 00 8e 1d 00 53 4f 45 2b 4d 
58 4f 2b 56 65 63 74 6f 72 2d 48 6f 73 74 69 6c 65 2b 43 65 4a 61 79 00 00 8c 05 2d 80 d7 08 00 
3c 00 00 8e 23 00 53 4f 45 2b 4d 58 4f 2b 56 65 63 74 6f 72 2d 48 6f 73 74 69 6c 65 2b 52 75 6e 
6e 69 6e 67 77 69 6c 64 00 29 80 d7 08 00 3c 00 00 8e 1f 00 53 4f 45 2b 4d 58 4f 2b 56 65 63 74 
6f 72 2d 48 6f 73 74 69 6c 65 2b 4d 65 64 61 6e 6f 6e 00 28 80 d7 08 00 3c 00 00 8e 1e 00 53 4f 
45 2b 4d 58 4f 2b 56 65 63 74 6f 72 2d 48 6f 73 74 69 6c 65 2b 42 49 36 36 33 52 00 2c 80 d7 08 
00 3c 00 00 8e 22 00 53 4f 45 2b 4d 58 4f 2b 56 65 63 74 6f 72 2d 48 6f 73 74 69 6c 65 2b 65 6c 
65 6c 65 6a 69 64 6f 32 00 29 80 d7 08 00 3c 00 00 8e 1f 00 53 4f 45 2b 4d 58 4f 2b 56 65 63 74 
6f 72 2d 48 6f 73 74 69 6c 65 2b 4d 65 64 61 6e 69 61 00 00 91 02 30 80 d7 08 00 3c 00 00 8e 26 
00 53 4f 45 2b 4d 58 4f 2b 56 65 63 74 6f 72 2d 48 6f 73 74 69 6c 65 2b 44 69 61 6d 6f 6e 64 77 
61 72 72 69 6f 72 00 2f 80 d7 08 00 3c 00 00 8e 25 00 53 4f 45 2b 4d 58 4f 2b 56 65 63 74 6f 72 
2d 48 6f 73 74 69 6c 65 2b 54 68 65 53 6f 6c 69 64 53 6e 61 6b 65 00 00 93 03 28 80 d7 08 00 3c 
00 00 8e 1e 00 53 4f 45 2b 4d 58 4f 2b 56 65 63 74 6f 72 2d 48 6f 73 74 69 6c 65 2b 53 79 6c 65 
6e 64 00 28 80 d7 08 00 3c 00 00 8e 1e 00 53 4f 45 2b 4d 58 4f 2b 56 65 63 74 6f 72 2d 48 6f 73 
74 69 6c 65 2b 4b 6f 73 73 65 6e 00 2c 80 d7 08 00 3c 00 00 8e 22 00 53 4f 45 2b 4d 58 4f 2b 56 
65 63 74 6f 72 2d 48 6f 73 74 69 6c 65 2b 70 61 74 74 6f 72 6e 61 64 6f 00 00 ad 01 16 80 bc 45 
00 02 00 00 02 00 00 00 cc 00 0c 00 00 00 00 00 00 00 00 
...........................,....<...".SOE+MXO+Vector-Hostile+HotShotttt.-....<...#.SOE+MXO+Vecto
r-Hostile+Gelbegefahr.0....<...&.SOE+MXO+Vector-Hostile+RunningWild305.(....<.....SOE+MXO+Vector
-Hostile+Tauron.'....<.....SOE+MXO+Vector-Hostile+CeJay....-....<...#.SOE+MXO+Vector-Hostile+Run
ningwild.)....<.....SOE+MXO+Vector-Hostile+Medanon.(....<.....SOE+MXO+Vector-Hostile+BI663R.,...
.<...".SOE+MXO+Vector-Hostile+elelejido2.)....<.....SOE+MXO+Vector-Hostile+Medania....0....<...&
.SOE+MXO+Vector-Hostile+Diamondwarrior./....<...%.SOE+MXO+Vector-Hostile+TheSolidSnake....(....<
.....SOE+MXO+Vector-Hostile+Sylend.(....<.....SOE+MXO+Vector-Hostile+Kossen.,....<...".SOE+MXO+V
ector-Hostile+pattornado.......E...................

Client->GAME [06:25:05 07/20/09] packet size: 1 CRYPTED, Flags: 7f ServerSeq: 2 ClientSeq: 10
02 
.

GAME->Client [06:25:05 07/20/09] packet size: 696 CRYPTED, Flags: 7f ServerSeq: 19 ClientSeq: 8
02 04 01 00 ae 1e 16 80 bc 45 00 03 00 00 0b 00 00 00 37 02 96 00 00 00 00 00 00 00 00 16 80 bc 
45 00 04 00 00 2d 00 00 00 23 04 0a 00 00 00 00 00 00 00 00 16 80 bc 45 00 05 00 00 2d 00 00 00 
20 04 0a 00 00 00 00 00 00 00 00 16 80 bc 45 00 06 00 00 2d 00 00 00 19 04 05 00 00 00 00 00 00 
00 00 16 80 bc 45 00 07 00 00 2d 00 00 00 42 04 05 00 00 00 00 00 00 00 00 16 80 bc 45 00 08 00 
00 34 00 00 00 83 02 c8 00 00 00 00 00 00 00 00 16 80 bc 45 00 09 00 00 4b 00 00 00 1f 04 19 00 
00 00 00 00 00 00 00 16 80 bc 45 00 0a 00 00 5f 00 00 00 7c 04 0f 00 00 00 00 00 00 00 00 16 80 
bc 45 00 0b 00 00 5f 00 00 00 07 04 0f 00 00 00 00 00 00 00 00 16 80 bc 45 00 0c 00 00 62 00 00 
00 06 04 01 00 00 00 00 00 00 00 00 16 80 bc 45 00 0d 00 00 62 00 00 00 15 04 01 00 00 00 00 00 
00 00 00 16 80 bc 45 00 0e 00 00 a5 00 00 00 c0 02 05 00 00 00 00 00 00 00 00 16 80 bc 45 00 0f 
00 00 d7 00 00 00 bf 02 05 00 00 00 00 00 00 00 00 16 80 bc 45 00 10 00 00 2a 01 00 00 7e 02 04 
00 00 00 00 00 00 00 00 16 80 bc 45 00 11 00 00 2a 01 00 00 cc 00 00 00 00 00 00 00 00 00 00 16 
80 bc 45 00 12 00 00 5a 01 00 00 07 04 05 00 00 00 00 00 00 00 00 16 80 bc 45 00 13 00 00 5a 01 
00 00 1d 04 0f 00 00 00 00 00 00 00 00 16 80 bc 45 00 14 00 00 64 01 00 00 1f 04 05 00 00 00 00 
00 00 00 00 16 80 bc 45 00 15 00 00 66 01 00 00 7b 04 05 00 00 00 00 00 00 00 00 16 80 bc 45 00 
16 00 00 66 01 00 00 12 04 0a 00 00 00 00 00 00 00 00 16 80 bc 45 00 17 00 00 66 01 00 00 06 04 
0b 00 00 00 00 00 00 00 00 16 80 bc 45 00 18 00 00 8e 01 00 00 03 04 05 00 00 00 00 00 00 00 00 
16 80 bc 45 00 19 00 00 8e 01 00 00 12 04 0f 00 00 00 00 00 00 00 00 16 80 bc 45 00 1a 00 00 8e 
01 00 00 77 04 05 00 00 00 00 00 00 00 00 16 80 bc 45 00 1b 00 00 cd 01 00 00 e5 03 05 00 00 00 
00 00 00 00 00 16 80 bc 45 00 1c 00 00 cd 01 00 00 73 04 05 00 00 00 00 00 00 00 00 16 80 bc 45 
00 1d 00 00 cd 01 00 00 e3 03 0f 00 00 00 00 00 00 00 00 16 80 bc 45 00 1e 00 00 d5 01 00 00 e3 
03 05 00 00 00 00 00 00 00 00 16 80 bc 45 00 1f 00 00 36 02 00 00 37 02 0a 00 00 00 00 00 00 00 
00 16 80 bc 45 00 20 00 00 74 02 00 00 34 02 1e 00 00 00 00 00 00 00 00 
.........E........7.............E....-...#.............E....-... .............E....-............
.....E....-...B.............E....4.................E....K.................E...._...|............
.E...._.................E....b.................E....b.................E......................E..
....................E....*...~.............E....*.................E....Z.................E....Z.
................E....d.................E....f...{.............E....f.................E....f.....
............E......................E......................E........w.............E..............
........E........s.............E......................E......................E....6...7.........
....E. ..t...4..........

Client->GAME [06:25:05 07/20/09] packet size: 1 CRYPTED, Flags: 7f ServerSeq: 3 ClientSeq: 11
02 
.

GAME->Client [06:25:05 07/20/09] packet size: 700 CRYPTED, Flags: 7f ServerSeq: 20 ClientSeq: 10
82 0f 5c 9a 48 04 01 00 cc 1e 16 80 bc 56 00 21 00 00 ef b2 00 00 1b 04 02 00 00 00 00 00 00 00 
00 16 80 bc 56 00 22 00 00 ef b2 00 00 b4 00 20 00 00 00 00 00 00 00 00 16 80 bc 56 00 23 00 00 
ef b2 00 00 09 04 20 00 00 00 00 00 00 00 00 16 80 bc 56 00 24 00 00 ef b2 00 00 77 04 01 00 00 
00 00 00 00 00 00 16 80 bc 56 00 25 00 00 ef b2 00 00 e6 03 02 00 00 00 00 00 00 00 00 16 80 bc 
56 00 26 00 00 ef b2 00 00 b5 00 20 00 00 00 00 00 00 00 00 16 80 bc 56 00 27 00 00 70 9a 00 00 
23 04 02 00 00 00 00 00 00 00 00 16 80 bc 56 00 28 00 00 70 9a 00 00 b4 00 1e 00 00 00 00 00 00 
00 00 16 80 bc 56 00 29 00 00 70 9a 00 00 20 04 02 00 00 00 00 00 00 00 00 16 80 bc 56 00 2a 00 
00 70 9a 00 00 9d 00 1e 00 00 00 00 00 00 00 00 16 80 bc 56 00 2b 00 00 70 9a 00 00 b5 00 1e 00 
00 00 00 00 00 00 00 16 80 bc 56 00 2c 00 00 95 b7 00 00 b4 00 16 00 00 00 00 00 00 00 00 16 80 
bc 56 00 2d 00 00 95 b7 00 00 09 04 16 00 00 00 00 00 00 00 00 16 80 bc 56 00 2e 00 00 95 b7 00 
00 9d 00 16 00 00 00 00 00 00 00 00 16 80 bc 56 00 2f 00 00 95 b7 00 00 b5 00 16 00 00 00 00 00 
00 00 00 16 80 bc 56 00 30 00 00 24 b3 00 00 89 02 02 00 00 00 00 00 00 00 00 16 80 bc 56 00 31 
00 00 24 b3 00 00 1a 04 01 00 00 00 00 00 00 00 00 16 80 bc 56 00 32 00 00 24 b3 00 00 b4 00 21 
00 00 00 00 00 00 00 00 16 80 bc 56 00 33 00 00 24 b3 00 00 09 04 21 00 00 00 00 00 00 00 00 16 
80 bc 56 00 34 00 00 24 b3 00 00 15 04 02 00 00 00 00 00 00 00 00 16 80 bc 56 00 35 00 00 24 b3 
00 00 b5 00 21 00 00 00 00 00 00 00 00 16 80 bc 56 00 36 00 00 95 a7 00 00 b4 00 12 00 00 00 00 
00 00 00 00 16 80 bc 56 00 37 00 00 95 a7 00 00 b5 00 12 00 00 00 00 00 00 00 00 16 80 bc 56 00 
38 00 00 95 a7 00 00 09 04 12 00 00 00 00 00 00 00 00 16 80 bc 56 00 39 00 00 95 a7 00 00 70 00 
0f 00 00 00 00 00 00 00 00 16 80 bc 56 00 3a 00 00 2c b3 00 00 17 04 01 00 00 00 00 00 00 00 00 
16 80 bc 56 00 3b 00 00 2c b3 00 00 b4 00 21 00 00 00 00 00 00 00 00 16 80 bc 56 00 3c 00 00 2c 
b3 00 00 09 04 21 00 00 00 00 00 00 00 00 16 80 bc 56 00 3d 00 00 2c b3 00 00 12 04 02 00 00 00 
00 00 00 00 00 16 80 bc 56 00 3e 00 00 2c b3 00 00 07 04 02 00 00 00 00 00 00 00 00 
..\.H........V.!....................V."........ ...........V.#........ ...........V.$......w....
.........V.%....................V.&........ ...........V.'..p...#.............V.(..p............
.....V.)..p... .............V.*..p.................V.+..p.................V.,...................
.V.-....................V......................V./....................V.0..$.................V.1
..$.................V.2..$.....!...........V.3..$.....!...........V.4..$.................V.5..$.
....!...........V.6....................V.7....................V.8....................V.9......p.
............V.:..,.................V.;..,.....!...........V.<..,.....!...........V.=..,.........
........V.>..,..............

Client->GAME [06:25:05 07/20/09] packet size: 1 CRYPTED, Flags: 7f ServerSeq: 4 ClientSeq: 12
02 
.

GAME->Client [06:25:05 07/20/09] packet size: 702 CRYPTED, Flags: 7f ServerSeq: 21 ClientSeq: 11
02 04 03 00 ea 02 16 80 bc 56 00 3f 00 00 2c b3 00 00 b5 00 21 00 00 00 00 00 00 00 00 16 80 bc 
56 00 40 00 00 c3 b2 00 00 89 02 02 00 00 00 00 00 00 00 00 00 ec 11 16 80 bc 56 00 41 00 00 c3 
b2 00 00 21 04 02 00 00 00 00 00 00 00 00 16 80 bc 56 00 42 00 00 c3 b2 00 00 b4 00 1f 00 00 00 
00 00 00 00 00 16 80 bc 56 00 43 00 00 c3 b2 00 00 09 04 1f 00 00 00 00 00 00 00 00 16 80 bc 56 
00 44 00 00 c3 b2 00 00 1e 04 01 00 00 00 00 00 00 00 00 16 80 bc 56 00 45 00 00 c3 b2 00 00 9d 
00 1f 00 00 00 00 00 00 00 00 16 80 bc 15 00 46 00 00 f7 03 00 00 08 02 00 00 00 00 00 00 00 00 
00 16 80 bc 15 00 47 00 00 f7 03 00 00 07 02 ec ff ff ff 00 00 00 00 00 16 80 bc 15 00 48 00 00 
f7 03 00 00 50 04 00 00 00 00 00 00 00 00 00 16 80 bc 15 00 49 00 00 f7 03 00 00 f4 03 00 00 00 
00 00 00 00 00 00 16 80 bc 15 00 4a 00 00 f7 03 00 00 51 04 f6 ff ff ff 00 00 00 00 00 16 80 bc 
15 00 4b 00 00 f7 03 00 00 52 04 0f 00 00 00 00 00 00 00 00 16 80 bc 45 03 11 00 00 02 00 00 00 
11 00 32 00 00 00 00 00 00 00 00 16 80 bc 45 03 35 04 00 62 00 00 00 35 04 00 00 00 00 00 00 00 
00 00 16 80 bc 45 03 3d 04 00 43 00 00 00 3d 04 00 00 00 00 00 00 00 00 00 16 80 bc 45 03 3e 04 
00 4f 01 00 00 3e 04 00 00 00 00 00 00 00 00 00 16 80 bc 45 03 3f 04 00 64 01 00 00 3f 04 00 00 
00 00 00 00 00 00 00 16 80 bc 45 03 40 04 00 d5 01 00 00 40 04 00 00 00 00 00 00 00 00 00 00 fd 
0b 16 80 bc 56 00 21 00 00 ef b2 00 00 1b 04 02 00 00 00 01 00 00 00 00 16 80 bc 56 00 22 00 00 
ef b2 00 00 b4 00 20 00 00 00 01 00 00 00 00 16 80 bc 56 00 23 00 00 ef b2 00 00 09 04 20 00 00 
00 01 00 00 00 00 16 80 bc 56 00 24 00 00 ef b2 00 00 77 04 01 00 00 00 01 00 00 00 00 16 80 bc 
56 00 25 00 00 ef b2 00 00 e6 03 02 00 00 00 01 00 00 00 00 16 80 bc 56 00 26 00 00 ef b2 00 00 
b5 00 20 00 00 00 01 00 00 00 00 16 80 bc 56 00 4c 00 00 ef b2 00 00 1b 04 02 00 00 00 00 00 00 
00 00 16 80 bc 56 00 4d 00 00 ef b2 00 00 b4 00 20 00 00 00 00 00 00 00 00 16 80 bc 56 00 4e 00 
00 ef b2 00 00 09 04 20 00 00 00 00 00 00 00 00 16 80 bc 56 00 4f 00 00 ef b2 00 00 77 04 01 00 
00 00 00 00 00 00 00 16 80 bc 56 00 50 00 00 ef b2 00 00 e6 03 02 00 00 00 00 00 00 00 00 
.........V.?..,.....!...........V.@.......................V.A......!.............V.B............
........V.C....................V.D....................V.E......................F................
......G......................H......P...............I......................J......Q.............
..K......R.............E..........2...........E.5..b...5.............E.=..C...=.............E.>.
.O...>.............E.?..d...?.............E.@......@................V.!....................V."..
...... ...........V.#........ ...........V.$......w.............V.%....................V.&......
.. ...........V.L....................V.M........ ...........V.N........ ...........V.O......w...
..........V.P.................

Client->GAME [06:25:05 07/20/09] packet size: 1 CRYPTED, Flags: 7f ServerSeq: 5 ClientSeq: 13
02 
.

GAME->Client [06:25:05 07/20/09] packet size: 696 CRYPTED, Flags: 7f ServerSeq: 22 ClientSeq: 12
02 04 01 01 08 1e 16 80 bc 56 00 51 00 00 ef b2 00 00 b5 00 20 00 00 00 00 00 00 00 00 16 80 bc 
56 00 27 00 00 70 9a 00 00 23 04 02 00 00 00 01 00 00 00 00 16 80 bc 56 00 28 00 00 70 9a 00 00 
b4 00 1e 00 00 00 01 00 00 00 00 16 80 bc 56 00 29 00 00 70 9a 00 00 20 04 02 00 00 00 01 00 00 
00 00 16 80 bc 56 00 2a 00 00 70 9a 00 00 9d 00 1e 00 00 00 01 00 00 00 00 16 80 bc 56 00 2b 00 
00 70 9a 00 00 b5 00 1e 00 00 00 01 00 00 00 00 16 80 bc 56 00 52 00 00 70 9a 00 00 23 04 02 00 
00 00 00 00 00 00 00 16 80 bc 56 00 53 00 00 70 9a 00 00 b4 00 1e 00 00 00 00 00 00 00 00 16 80 
bc 56 00 54 00 00 70 9a 00 00 20 04 02 00 00 00 00 00 00 00 00 16 80 bc 56 00 55 00 00 70 9a 00 
00 9d 00 1e 00 00 00 00 00 00 00 00 16 80 bc 56 00 56 00 00 70 9a 00 00 b5 00 1e 00 00 00 00 00 
00 00 00 16 80 bc 56 00 2c 00 00 95 b7 00 00 b4 00 16 00 00 00 01 00 00 00 00 16 80 bc 56 00 2d 
00 00 95 b7 00 00 09 04 16 00 00 00 01 00 00 00 00 16 80 bc 56 00 2e 00 00 95 b7 00 00 9d 00 16 
00 00 00 01 00 00 00 00 16 80 bc 56 00 2f 00 00 95 b7 00 00 b5 00 16 00 00 00 01 00 00 00 00 16 
80 bc 56 00 57 00 00 95 b7 00 00 b4 00 16 00 00 00 00 00 00 00 00 16 80 bc 56 00 58 00 00 95 b7 
00 00 09 04 16 00 00 00 00 00 00 00 00 16 80 bc 56 00 59 00 00 95 b7 00 00 9d 00 16 00 00 00 00 
00 00 00 00 16 80 bc 56 00 5a 00 00 95 b7 00 00 b5 00 16 00 00 00 00 00 00 00 00 16 80 bc 56 00 
30 00 00 24 b3 00 00 89 02 02 00 00 00 01 00 00 00 00 16 80 bc 56 00 31 00 00 24 b3 00 00 1a 04 
01 00 00 00 01 00 00 00 00 16 80 bc 56 00 32 00 00 24 b3 00 00 b4 00 21 00 00 00 01 00 00 00 00 
16 80 bc 56 00 33 00 00 24 b3 00 00 09 04 21 00 00 00 01 00 00 00 00 16 80 bc 56 00 34 00 00 24 
b3 00 00 15 04 02 00 00 00 01 00 00 00 00 16 80 bc 56 00 35 00 00 24 b3 00 00 b5 00 21 00 00 00 
01 00 00 00 00 16 80 bc 56 00 5b 00 00 24 b3 00 00 89 02 02 00 00 00 00 00 00 00 00 16 80 bc 56 
00 5c 00 00 24 b3 00 00 1a 04 01 00 00 00 00 00 00 00 00 16 80 bc 56 00 5d 00 00 24 b3 00 00 b4 
00 21 00 00 00 00 00 00 00 00 16 80 bc 56 00 5e 00 00 24 b3 00 00 09 04 21 00 00 00 00 00 00 00 
00 16 80 bc 56 00 5f 00 00 24 b3 00 00 15 04 02 00 00 00 00 00 00 00 00 
.........V.Q........ ...........V.'..p...#.............V.(..p.................V.)..p... ........
.....V.*..p.................V.+..p.................V.R..p...#.............V.S..p................
.V.T..p... .............V.U..p.................V.V..p.................V.,....................V.-
....................V......................V./....................V.W....................V.X....
................V.Y....................V.Z....................V.0..$.................V.1..$.....
............V.2..$.....!...........V.3..$.....!...........V.4..$.................V.5..$.....!...
........V.[..$.................V.\..$.................V.]..$.....!...........V.^..$.....!.......
....V._..$..............

Client->GAME [06:25:05 07/20/09] packet size: 1 CRYPTED, Flags: 7f ServerSeq: 6 ClientSeq: 14
02 
.

GAME->Client [06:25:05 07/20/09] packet size: 699 CRYPTED, Flags: 7f ServerSeq: 23 ClientSeq: 13
02 04 02 01 26 16 16 80 bc 56 00 60 00 00 24 b3 00 00 b5 00 21 00 00 00 00 00 00 00 00 16 80 bc 
56 00 36 00 00 95 a7 00 00 b4 00 12 00 00 00 01 00 00 00 00 16 80 bc 56 00 37 00 00 95 a7 00 00 
b5 00 12 00 00 00 01 00 00 00 00 16 80 bc 56 00 38 00 00 95 a7 00 00 09 04 12 00 00 00 01 00 00 
00 00 16 80 bc 56 00 39 00 00 95 a7 00 00 70 00 0f 00 00 00 01 00 00 00 00 16 80 bc 56 00 61 00 
00 95 a7 00 00 b4 00 12 00 00 00 00 00 00 00 00 16 80 bc 56 00 62 00 00 95 a7 00 00 b5 00 12 00 
00 00 00 00 00 00 00 16 80 bc 56 00 63 00 00 95 a7 00 00 09 04 12 00 00 00 00 00 00 00 00 16 80 
bc 56 00 64 00 00 95 a7 00 00 70 00 0f 00 00 00 00 00 00 00 00 16 80 bc 56 00 3a 00 00 2c b3 00 
00 17 04 01 00 00 00 01 00 00 00 00 16 80 bc 56 00 3b 00 00 2c b3 00 00 b4 00 21 00 00 00 01 00 
00 00 00 16 80 bc 56 00 3c 00 00 2c b3 00 00 09 04 21 00 00 00 01 00 00 00 00 16 80 bc 56 00 3d 
00 00 2c b3 00 00 12 04 02 00 00 00 01 00 00 00 00 16 80 bc 56 00 3e 00 00 2c b3 00 00 07 04 02 
00 00 00 01 00 00 00 00 16 80 bc 56 00 3f 00 00 2c b3 00 00 b5 00 21 00 00 00 01 00 00 00 00 16 
80 bc 56 00 65 00 00 2c b3 00 00 17 04 01 00 00 00 00 00 00 00 00 16 80 bc 56 00 66 00 00 2c b3 
00 00 b4 00 21 00 00 00 00 00 00 00 00 16 80 bc 56 00 67 00 00 2c b3 00 00 09 04 21 00 00 00 00 
00 00 00 00 16 80 bc 56 00 68 00 00 2c b3 00 00 12 04 02 00 00 00 00 00 00 00 00 16 80 bc 56 00 
69 00 00 2c b3 00 00 07 04 02 00 00 00 00 00 00 00 00 16 80 bc 56 00 6a 00 00 2c b3 00 00 b5 00 
21 00 00 00 00 00 00 00 00 16 80 bc 56 00 40 00 00 c3 b2 00 00 89 02 02 00 00 00 01 00 00 00 00 
01 3c 08 16 80 bc 56 00 41 00 00 c3 b2 00 00 21 04 02 00 00 00 01 00 00 00 00 16 80 bc 56 00 42 
00 00 c3 b2 00 00 b4 00 1f 00 00 00 01 00 00 00 00 16 80 bc 56 00 43 00 00 c3 b2 00 00 09 04 1f 
00 00 00 01 00 00 00 00 16 80 bc 56 00 44 00 00 c3 b2 00 00 1e 04 01 00 00 00 01 00 00 00 00 16 
80 bc 56 00 45 00 00 c3 b2 00 00 9d 00 1f 00 00 00 01 00 00 00 00 16 80 bc 56 00 6b 00 00 c3 b2 
00 00 89 02 02 00 00 00 00 00 00 00 00 16 80 bc 56 00 6c 00 00 c3 b2 00 00 21 04 02 00 00 00 00 
00 00 00 00 16 80 bc 56 00 6d 00 00 c3 b2 00 00 b4 00 1f 00 00 00 00 00 00 00 00 
....&....V.`..$.....!...........V.6....................V.7....................V.8...............
.....V.9......p.............V.a....................V.b....................V.c...................
.V.d......p.............V.:..,.................V.;..,.....!...........V.<..,.....!...........V.=
..,.................V.>..,.................V.?..,.....!...........V.e..,.................V.f..,.
....!...........V.g..,.....!...........V.h..,.................V.i..,.................V.j..,.....
!...........V.@..................<....V.A......!.............V.B....................V.C.........
...........V.D....................V.E....................V.k....................V.l......!......
.......V.m.................

Client->GAME [06:25:05 07/20/09] packet size: 1 CRYPTED, Flags: 7f ServerSeq: 7 ClientSeq: 15
02 
.

GAME->Client [06:25:05 07/20/09] packet size: 706 CRYPTED, Flags: 7f ServerSeq: 24 ClientSeq: 14
02 04 01 01 44 22 16 80 bc 56 00 6e 00 00 c3 b2 00 00 09 04 1f 00 00 00 00 00 00 00 00 16 80 bc 
56 00 6f 00 00 c3 b2 00 00 1e 04 01 00 00 00 00 00 00 00 00 16 80 bc 56 00 70 00 00 c3 b2 00 00 
9d 00 1f 00 00 00 00 00 00 00 00 04 80 b3 11 00 16 80 bc 45 03 11 00 00 02 00 00 00 11 00 32 00 
00 00 01 00 00 00 00 16 80 bc 45 00 02 00 00 02 00 00 00 cc 00 0c 00 00 00 01 00 00 00 00 08 80 
b2 11 00 32 00 08 02 16 80 bc 45 03 11 00 00 02 00 00 00 11 00 32 00 00 00 00 00 00 00 00 16 80 
bc 55 00 71 00 00 02 00 00 00 cc 00 0c 00 00 00 00 00 00 00 00 16 80 bc 45 00 03 00 00 0b 00 00 
00 37 02 96 00 00 00 01 00 00 00 00 16 80 bc 55 00 72 00 00 0b 00 00 00 37 02 96 00 00 00 00 00 
00 00 00 16 80 bc 45 00 04 00 00 2d 00 00 00 23 04 0a 00 00 00 01 00 00 00 00 16 80 bc 45 00 05 
00 00 2d 00 00 00 20 04 0a 00 00 00 01 00 00 00 00 16 80 bc 45 00 06 00 00 2d 00 00 00 19 04 05 
00 00 00 01 00 00 00 00 16 80 bc 45 00 07 00 00 2d 00 00 00 42 04 05 00 00 00 01 00 00 00 00 16 
80 bc 55 00 73 00 00 2d 00 00 00 23 04 0a 00 00 00 00 00 00 00 00 16 80 bc 55 00 74 00 00 2d 00 
00 00 20 04 0a 00 00 00 00 00 00 00 00 16 80 bc 55 00 75 00 00 2d 00 00 00 19 04 05 00 00 00 00 
00 00 00 00 16 80 bc 55 00 76 00 00 2d 00 00 00 42 04 05 00 00 00 00 00 00 00 00 16 80 bc 45 00 
08 00 00 34 00 00 00 83 02 c8 00 00 00 01 00 00 00 00 16 80 bc 55 00 77 00 00 34 00 00 00 83 02 
c8 00 00 00 00 00 00 00 00 04 80 b3 3d 04 16 80 bc 45 03 3d 04 00 43 00 00 00 3d 04 00 00 00 00 
01 00 00 00 00 08 80 b2 3d 04 00 00 08 02 16 80 bc 45 03 3d 04 00 43 00 00 00 3d 04 00 00 00 00 
00 00 00 00 00 16 80 bc 45 00 09 00 00 4b 00 00 00 1f 04 19 00 00 00 01 00 00 00 00 16 80 bc 55 
00 78 00 00 4b 00 00 00 1f 04 19 00 00 00 00 00 00 00 00 16 80 bc 45 00 0a 00 00 5f 00 00 00 7c 
04 0f 00 00 00 01 00 00 00 00 16 80 bc 45 00 0b 00 00 5f 00 00 00 07 04 0f 00 00 00 01 00 00 00 
00 16 80 bc 55 00 79 00 00 5f 00 00 00 7c 04 0f 00 00 00 00 00 00 00 00 16 80 bc 55 00 7a 00 00 
5f 00 00 00 07 04 0f 00 00 00 00 00 00 00 00 16 80 bc 45 00 0c 00 00 62 00 00 00 06 04 01 00 00 
00 01 00 00 00 00 04 80 b3 35 04 16 80 bc 45 03 35 04 00 62 00 00 00 35 04 00 00 00 00 01 00 00 
00 00 
....D"...V.n....................V.o....................V.p.........................E..........2.
..........E........................2......E..........2...........U.q....................E.......
.7.............U.r......7.............E....-...#.............E....-... .............E....-......
...........E....-...B.............U.s..-...#.............U.t..-... .............U.u..-..........
.......U.v..-...B.............E....4.................U.w..4.................=....E.=..C...=.....
........=........E.=..C...=.............E....K.................U.x..K.................E...._...|
.............E...._.................U.y.._...|.............U.z.._.................E....b........
.........5....E.5..b...5..........

Client->GAME [06:25:05 07/20/09] packet size: 1 CRYPTED, Flags: 7f ServerSeq: 8 ClientSeq: 16
02 
.

GAME->Client [06:25:05 07/20/09] packet size: 727 CRYPTED, Flags: 7f ServerSeq: 25 ClientSeq: 15
02 03 01 00 0c 57 02 a0 cd ab 11 8e 44 65 6d 6f 6e 20 41 72 6d 79 20 41 6e 64 72 61 73 00 00 00 
00 00 00 00 00 00 00 00 00 00 00 00 00 10 00 00 22 d4 c4 cc 1c 00 c6 01 80 c1 32 03 00 08 00 00 
00 7f ea 34 f2 40 00 00 00 00 00 c0 57 40 00 00 00 1c 9f 83 e8 40 c0 01 8a 03 10 a8 04 96 00 b2 
09 96 00 07 08 00 00 80 02 01 13 00 00 01 00 0c 57 02 a1 cd ab 11 8e 44 65 6d 6f 6e 20 41 72 6d 
79 20 41 6e 64 72 61 73 00 00 00 00 00 00 00 00 00 00 00 00 00 00 00 00 10 00 00 22 d4 c2 cc 1c 
00 c6 01 80 c1 39 03 00 08 00 00 00 d8 a5 42 f2 40 00 00 00 00 00 c0 57 40 00 00 00 e8 bb 4b e6 
40 c0 01 8a 03 14 a8 04 96 00 b2 09 96 00 07 08 00 00 80 02 01 11 00 00 01 00 0c 57 02 a2 cd ab 
11 8e 44 65 6d 6f 6e 20 41 72 6d 79 20 41 6e 64 72 61 73 00 00 00 00 00 00 00 00 00 00 00 00 00 
00 00 00 10 00 00 22 d4 d9 cc 1c 00 c6 01 80 c1 39 03 00 08 00 00 00 6e 17 a2 f2 40 00 00 00 00 
00 c0 57 40 00 00 00 b4 2f 57 e8 40 c0 01 8a 03 0e a8 04 96 00 b2 09 96 00 07 08 00 00 80 02 01 
0f 00 00 01 00 0c 57 02 a3 cd ab 11 8e 44 65 6d 6f 6e 20 41 72 6d 79 20 41 6e 64 72 61 73 00 00 
00 00 00 00 00 00 00 00 00 00 00 00 00 00 10 00 00 22 d4 87 cc 1c 00 c6 01 80 c1 39 03 00 08 00 
00 80 48 3f a5 f1 40 00 00 00 00 00 c0 57 40 00 00 00 1c 27 ca e7 40 c0 01 8a 03 15 a8 04 96 00 
b2 09 96 00 07 08 00 00 80 02 01 0d 00 00 00 00 04 01 01 66 0e 16 80 bc 45 00 0d 00 00 62 00 00 
00 15 04 01 00 00 00 01 00 00 00 00 16 80 bc 55 00 7b 00 00 62 00 00 00 06 04 01 00 00 00 00 00 
00 00 00 08 80 b2 35 04 00 00 08 02 16 80 bc 45 03 35 04 00 62 00 00 00 35 04 00 00 00 00 00 00 
00 00 00 16 80 bc 55 00 7c 00 00 62 00 00 00 15 04 01 00 00 00 00 00 00 00 00 16 80 bc 45 00 0e 
00 00 a5 00 00 00 c0 02 05 00 00 00 01 00 00 00 00 16 80 bc 55 00 7d 00 00 a5 00 00 00 c0 02 05 
00 00 00 00 00 00 00 00 16 80 bc 45 00 0f 00 00 d7 00 00 00 bf 02 05 00 00 00 01 00 00 00 00 16 
80 bc 55 00 7e 00 00 d7 00 00 00 bf 02 05 00 00 00 00 00 00 00 00 16 80 bc 45 00 10 00 00 2a 01 
00 00 7e 02 04 00 00 00 01 00 00 00 00 16 80 bc 45 00 11 00 00 2a 01 00 00 cc 00 00 00 00 00 01 
00 00 00 00 16 80 bc 55 00 7f 00 00 2a 01 00 00 7e 02 04 00 00 00 00 00 00 00 00 16 80 bc 55 00 
80 00 00 2a 01 00 00 cc 00 00 00 00 00 00 00 00 00 00 04 80 b3 3e 04 
.....W......Demon Army Andras...................".........2........4.@......W@.......@..........
................W......Demon Army Andras...................".........9........B.@......W@.....K.
@..........................W......Demon Army Andras...................".........9......n...@....
..W@..../W.@..........................W......Demon Army Andras...................".........9....
..H?..@......W@....'..@............................f....E....b.................U.{..b...........
......5........E.5..b...5.............U.|..b.................E......................U.}.........
...........E......................U.~....................E....*...~.............E....*..........
.......U....*...~.............U....*.................>.

Client->GAME [06:25:06 07/20/09] packet size: 1 CRYPTED, Flags: 7f ServerSeq: 9 ClientSeq: 17
02 
.

GAME->Client [06:25:06 07/20/09] packet size: 713 CRYPTED, Flags: 7f ServerSeq: 26 ClientSeq: 0
02 03 01 00 0c 57 02 a4 cd ab 11 8e 44 65 6d 6f 6e 20 41 72 6d 79 20 41 6e 64 72 61 73 00 00 00 
00 00 00 00 00 00 00 00 00 00 00 00 00 10 00 00 22 d4 b7 cc 1c 00 c6 01 80 c1 39 03 00 08 00 00 
00 79 d7 31 f2 40 00 00 00 00 00 c0 57 40 00 00 00 50 55 4e e8 40 c0 01 8a 03 0e a8 04 96 00 b2 
09 96 00 07 08 00 00 80 02 01 0b 00 00 01 00 0c 57 02 a5 cd ab 11 8e 44 65 6d 6f 6e 20 41 72 6d 
79 20 41 6e 64 72 61 73 00 00 00 00 00 00 00 00 00 00 00 00 00 00 00 00 10 00 00 22 d4 60 cc 1c 
00 c6 01 80 c1 39 03 00 08 00 00 00 51 9c 2a f2 40 00 00 00 00 00 c0 57 40 00 00 00 74 fe 97 e6 
40 c0 01 8a 03 13 a8 04 96 00 b2 09 96 00 07 08 00 00 80 02 01 09 00 00 01 00 0c 57 02 a6 cd ab 
11 8e 44 65 6d 6f 6e 20 41 72 6d 79 20 41 6e 64 72 61 73 00 00 00 00 00 00 00 00 00 00 00 00 00 
00 00 00 10 00 00 22 d4 46 cc 1c 00 c6 01 80 c1 39 03 00 08 00 00 80 c9 04 d0 f1 40 00 00 00 00 
00 c0 57 40 00 00 00 00 b9 53 e6 40 c0 01 8a 03 10 a8 04 96 00 b2 09 96 00 07 08 00 00 80 02 01 
07 00 00 01 00 0c 57 02 a7 cd ab 11 8e 44 65 6d 6f 6e 20 41 72 6d 79 20 41 6e 64 72 61 73 00 00 
00 00 00 00 00 00 00 00 00 00 00 00 00 00 10 00 00 22 d4 b9 cc 1c 00 c6 01 80 c1 39 03 00 08 00 
00 00 12 fa 1d f2 40 00 00 00 00 00 c0 57 40 00 00 80 b5 1f 93 e6 40 c0 01 8a 03 0d a8 04 96 00 
b2 09 96 00 07 08 00 00 80 02 01 05 00 00 00 00 04 01 01 74 0e 16 80 bc 45 03 3e 04 00 4f 01 00 
00 3e 04 00 00 00 00 01 00 00 00 00 08 80 b2 3e 04 00 00 08 02 16 80 bc 45 03 3e 04 00 4f 01 00 
00 3e 04 00 00 00 00 00 00 00 00 00 16 80 bc 45 00 12 00 00 5a 01 00 00 07 04 05 00 00 00 01 00 
00 00 00 16 80 bc 45 00 13 00 00 5a 01 00 00 1d 04 0f 00 00 00 01 00 00 00 00 16 80 bc 55 00 81 
00 00 5a 01 00 00 07 04 05 00 00 00 00 00 00 00 00 16 80 bc 55 00 82 00 00 5a 01 00 00 1d 04 0f 
00 00 00 00 00 00 00 00 04 80 b3 3f 04 16 80 bc 45 03 3f 04 00 64 01 00 00 3f 04 00 00 00 00 01 
00 00 00 00 16 80 bc 45 00 14 00 00 64 01 00 00 1f 04 05 00 00 00 01 00 00 00 00 08 80 b2 3f 04 
00 00 08 02 16 80 bc 45 03 3f 04 00 64 01 00 00 3f 04 00 00 00 00 00 00 00 00 00 16 80 bc 55 00 
83 00 00 64 01 00 00 1f 04 05 00 00 00 00 00 00 00 00 16 80 bc 45 00 15 00 00 66 01 00 00 7b 04 
05 00 00 00 01 00 00 00 00 
.....W......Demon Army Andras...................".........9......y.1.@......W@...PUN.@..........
................W......Demon Army Andras...................".`.......9......Q.*.@......W@...t...
@..........................W......Demon Army Andras...................".F.......9..........@....
..W@.....S.@..........................W......Demon Army Andras...................".........9....
......@......W@.......@............................t....E.>..O...>.............>........E.>..O..
.>.............E....Z.................E....Z.................U....Z.................U....Z......
...........?....E.?..d...?.............E....d.................?........E.?..d...?.............U.
...d.................E....f...{..........

Client->GAME [06:25:06 07/20/09] packet size: 1 CRYPTED, Flags: 7f ServerSeq: 10 ClientSeq: 18
02 
.

GAME->Client [06:25:06 07/20/09] packet size: 710 CRYPTED, Flags: 7f ServerSeq: 27 ClientSeq: 1
02 03 01 00 02 14 00 07 00 02 0e 00 3c 26 80 8e 47 00 00 be 42 c8 9d 32 47 01 00 0c 57 02 a8 cd 
ab 13 8e 44 65 6d 6f 6e 20 41 72 6d 79 20 41 6e 64 72 61 73 00 00 00 00 00 00 00 00 00 00 00 00 
00 00 00 00 10 00 00 22 d4 de cc 1c 00 c6 01 80 d1 32 03 00 08 0a 00 00 00 50 91 0e f2 40 00 00 
00 00 00 c0 57 40 00 00 00 28 8b 4e e8 40 c0 01 8b 01 03 15 a8 04 96 00 b2 09 96 00 07 08 00 00 
80 02 01 03 00 00 00 00 04 02 01 82 01 16 80 bc 45 00 16 00 00 66 01 00 00 12 04 0a 00 00 00 01 
00 00 00 00 01 83 19 16 80 bc 45 00 17 00 00 66 01 00 00 06 04 0b 00 00 00 01 00 00 00 00 16 80 
bc 55 00 84 00 00 66 01 00 00 7b 04 05 00 00 00 00 00 00 00 00 16 80 bc 55 00 85 00 00 66 01 00 
00 12 04 0a 00 00 00 00 00 00 00 00 16 80 bc 55 00 86 00 00 66 01 00 00 06 04 0b 00 00 00 00 00 
00 00 00 16 80 bc 45 00 18 00 00 8e 01 00 00 03 04 05 00 00 00 01 00 00 00 00 16 80 bc 45 00 19 
00 00 8e 01 00 00 12 04 0f 00 00 00 01 00 00 00 00 16 80 bc 45 00 1a 00 00 8e 01 00 00 77 04 05 
00 00 00 01 00 00 00 00 16 80 bc 55 00 87 00 00 8e 01 00 00 03 04 05 00 00 00 00 00 00 00 00 16 
80 bc 55 00 88 00 00 8e 01 00 00 12 04 0f 00 00 00 00 00 00 00 00 16 80 bc 55 00 89 00 00 8e 01 
00 00 77 04 05 00 00 00 00 00 00 00 00 16 80 bc 45 00 1b 00 00 cd 01 00 00 e5 03 05 00 00 00 01 
00 00 00 00 16 80 bc 45 00 1c 00 00 cd 01 00 00 73 04 05 00 00 00 01 00 00 00 00 16 80 bc 45 00 
1d 00 00 cd 01 00 00 e3 03 0f 00 00 00 01 00 00 00 00 16 80 bc 55 00 8a 00 00 cd 01 00 00 e5 03 
05 00 00 00 00 00 00 00 00 16 80 bc 55 00 8b 00 00 cd 01 00 00 73 04 05 00 00 00 00 00 00 00 00 
16 80 bc 55 00 8c 00 00 cd 01 00 00 e3 03 0f 00 00 00 00 00 00 00 00 04 80 b3 40 04 16 80 bc 45 
03 40 04 00 d5 01 00 00 40 04 00 00 00 00 01 00 00 00 00 16 80 bc 45 00 1e 00 00 d5 01 00 00 e3 
03 05 00 00 00 01 00 00 00 00 08 80 b2 40 04 00 00 08 02 16 80 bc 45 03 40 04 00 d5 01 00 00 40 
04 00 00 00 00 00 00 00 00 00 16 80 bc 55 00 8d 00 00 d5 01 00 00 e3 03 05 00 00 00 00 00 00 00 
00 16 80 bc 45 00 1f 00 00 36 02 00 00 37 02 0a 00 00 00 01 00 00 00 00 16 80 bc 55 00 8e 00 00 
36 02 00 00 37 02 0a 00 00 00 00 00 00 00 00 16 80 bc 45 00 20 00 00 74 02 00 00 34 02 1e 00 00 
00 01 00 00 00 00 
............<&..G...B..2G...W......Demon Army Andras...................".........2.......P...@..
....W@...(.N.@..................................E....f....................E....f................
.U....f...{.............U....f.................U....f.................E......................E..
....................E........w.............U......................U......................U......
..w.............E......................E........s.............E......................U..........
............U........s.............U......................@....E.@......@.............E.........
.............@........E.@......@.............U......................E....6...7.............U....
6...7.............E. ..t...4..........

Client->GAME [06:25:06 07/20/09] packet size: 44 CRYPTED, Flags: 7f ServerSeq: 10 ClientSeq: 19
02 04 01 00 07 02 12 80 c9 13 00 b0 02 00 e8 7d 47 00 00 20 41 00 68 3f 47 12 80 c9 1c 00 b0 02 
00 e8 7d 47 00 00 20 41 00 f8 27 47 
...............}G.. A.h?G.........}G.. A..'G

Client->GAME [06:25:06 07/20/09] packet size: 1 CRYPTED, Flags: 7f ServerSeq: 11 ClientSeq: 20
02 
.

GAME->Client [06:25:06 07/20/09] packet size: 642 CRYPTED, Flags: 7f ServerSeq: 28 ClientSeq: 1
02 03 01 00 02 14 00 07 00 02 0e 00 36 26 80 8e 47 00 00 be 42 c8 9d 32 47 01 00 02 14 00 03 00 
02 0e 01 e8 c5 6d 90 47 00 00 be 42 28 86 42 47 00 00 04 01 01 9c 14 16 80 bc 55 00 8f 00 00 74 
02 00 00 34 02 1e 00 00 00 00 00 00 00 00 16 80 bc 15 00 90 00 00 11 00 00 00 ab 00 0d 00 00 00 
00 00 00 00 00 16 80 bc 15 00 91 00 00 11 00 00 00 0a 02 4d 00 00 00 00 00 00 00 00 16 80 bc 15 
00 92 00 00 11 00 00 00 f2 03 34 00 00 00 00 00 00 00 00 16 80 bc 15 00 93 00 00 11 00 00 00 ed 
03 4d 00 00 00 00 00 00 00 00 16 80 bc 15 00 94 00 00 11 00 00 00 9f 00 19 00 00 00 00 00 00 00 
00 16 80 bc 15 00 95 00 00 11 00 00 00 f1 03 34 00 00 00 00 00 00 00 00 16 80 bc 15 00 96 00 00 
11 00 00 00 0c 02 34 00 00 00 00 00 00 00 00 16 80 bc 15 00 97 00 00 11 00 00 00 b7 00 4c 00 00 
00 00 00 00 00 00 16 80 bc 15 00 98 00 00 11 00 00 00 f3 03 46 00 00 00 00 00 00 00 00 0b 80 bd 
05 11 00 00 00 00 00 00 01 16 80 bc 11 00 99 00 00 00 00 00 00 cb 02 00 00 00 00 00 00 00 00 00 
17 3a 05 00 11 00 0a 00 50 76 50 53 65 72 76 65 72 00 04 00 06 00 00 00 1d 3a 05 00 17 00 10 00 
50 76 50 4d 61 78 53 61 66 65 4c 65 76 65 6c 00 04 00 0f 00 00 00 3e 3a 05 00 14 00 0d 00 57 52 
5f 52 65 7a 45 76 65 6e 74 73 00 28 00 48 61 6c 6c 6f 77 65 65 6e 5f 45 76 65 6e 74 2c 57 69 6e 
74 65 72 33 48 61 6c 6c 6f 77 65 65 6e 46 6c 79 54 53 45 43 00 1b 3a 05 00 19 00 12 00 45 76 65 
6e 74 53 6c 6f 74 31 5f 45 66 66 65 63 74 00 00 00 28 3a 05 00 19 00 12 00 45 76 65 6e 74 53 6c 
6f 74 32 5f 45 66 66 65 63 74 00 0d 00 66 6c 79 6d 61 6e 5f 69 64 6c 65 33 00 25 3a 05 00 19 00 
12 00 45 76 65 6e 74 53 6c 6f 74 33 5f 45 66 66 65 63 74 00 0a 00 66 6c 79 5f 76 69 72 75 73 00 
1f 3a 05 00 1b 00 14 00 46 69 78 65 64 42 69 6e 6b 49 44 4f 76 65 72 72 69 64 65 00 02 00 20 00 
41 81 67 17 00 27 00 1c 22 00 c6 01 11 00 00 00 00 00 00 00 37 00 00 08 0e 00 41 66 74 65 72 57 
68 6f 72 75 4e 65 6f 00 0e 00 41 66 74 65 72 57 68 6f 72 75 4e 65 6f 00 02 00 4d 00 00 00 00 00 
00 00 
............6&..G...B..2G............m.G...B(.BG..........U....t...4............................
...................M......................4......................M..............................
...............4......................4......................L......................F...........
.................................:......PvPServer........:......PvPMaxSafeLevel.......>:......WR
_RezEvents.(.Halloween_Event,Winter3HalloweenFlyTSEC..:......EventSlot1_Effect...(:......EventSl
ot2_Effect...flyman_idle3.%:......EventSlot3_Effect...fly_virus..:......FixedBinkIDOverride... .
A.g..'.."...........7.....AfterWhoruNeo...AfterWhoruNeo...M.......

Client->GAME [06:25:06 07/20/09] packet size: 1 CRYPTED, Flags: 7f ServerSeq: 12 ClientSeq: 21
02 
.

GAME->Client [06:25:06 07/20/09] packet size: 26 CRYPTED, Flags: 7f ServerSeq: 29 ClientSeq: 4
82 33 5c 9a 48 03 03 00 02 0e 01 ee d6 68 90 47 00 00 be 42 62 9a 42 47 00 00 
.3\.H........h.G...Bb.BG..

Client->GAME [06:25:06 07/20/09] packet size: 1 CRYPTED, Flags: 7f ServerSeq: 13 ClientSeq: 22
02 
.

Client->GAME [06:25:06 07/20/09] packet size: 44 CRYPTED, Flags: 7f ServerSeq: 13 ClientSeq: 23
02 04 01 00 09 02 12 80 c9 03 00 90 21 00 a6 86 47 00 00 48 44 00 b8 08 47 12 80 c9 0b 00 90 21 
00 e8 7d 47 00 00 20 41 00 b8 08 47 
............!...G..HD...G......!..}G.. A...G

GAME->Client [06:25:06 07/20/09] packet size: 1 CRYPTED, Flags: 7f ServerSeq: 30 ClientSeq: 7
02 
.

GAME->Client [06:25:07 07/20/09] packet size: 20 CRYPTED, Flags: 7f ServerSeq: 31 ClientSeq: 7
02 03 03 00 02 08 2c 47 90 47 00 00 be 42 bb 28 43 47 00 00 
......,G.G...B.(CG..

Client->GAME [06:25:07 07/20/09] packet size: 1 CRYPTED, Flags: 7f ServerSeq: 15 ClientSeq: 24
02 
.

GAME->Client [06:25:07 07/20/09] packet size: 21 CRYPTED, Flags: 7f ServerSeq: 32 ClientSeq: 8
02 03 03 00 02 0c ed 99 38 90 47 00 00 be 42 b8 65 43 47 00 00 
........8.G...B.eCG..

Client->GAME [06:25:07 07/20/09] packet size: 25 CRYPTED, Flags: 7f ServerSeq: 0 ClientSeq: 25
02 04 01 00 0b 01 12 80 c9 04 00 80 0e 00 e8 7d 47 00 00 b4 c2 00 2e 6a 47 
...............}G......jG

GAME->Client [06:25:07 07/20/09] packet size: 5 CRYPTED, Flags: 7f ServerSeq: 33 ClientSeq: 9
82 63 5c 9a 48 
.c\.H

Client->GAME [06:25:07 07/20/09] packet size: 1 CRYPTED, Flags: 7f ServerSeq: 1 ClientSeq: 26
02 
.

GAME->Client [06:25:07 07/20/09] packet size: 21 CRYPTED, Flags: 7f ServerSeq: 34 ClientSeq: 9
02 03 03 00 02 0c ee c4 29 90 47 00 00 be 42 7d a2 43 47 00 00 
........).G...B}.CG..

Client->GAME [06:25:07 07/20/09] packet size: 1 CRYPTED, Flags: 7f ServerSeq: 2 ClientSeq: 27
02 
.

