GAME->Client [06:03:30 07/15/09] packet size: 37 CRYPTED, Flags: 7f ServerSeq: 157 ClientSeq: 12
02 03 0b 00 02 0c c4 f2 18 95 47 00 60 8b c4 e6 59 e3 44 0a 00 02 08 c2 81 97 47 00 20 8a c4 85 
5d 91 45 00 00 
..........G.`...Y.D.......G. ...].E..

Client->GAME [06:03:30 07/15/09] packet size: 1 CRYPTED, Flags: 7f ServerSeq: 13 ClientSeq: 174
02 
.

GAME->Client [06:03:30 07/15/09] packet size: 39 CRYPTED, Flags: 7f ServerSeq: 158 ClientSeq: 13
02 03 0b 00 02 0c ce f2 18 95 47 00 60 8b c4 e6 59 e3 44 0a 00 02 0e 04 a9 c2 81 97 47 00 20 8a 
c4 85 5d 91 45 00 00 
..........G.`...Y.D.........G. ...].E..

Client->GAME [06:03:30 07/15/09] packet size: 1 CRYPTED, Flags: 7f ServerSeq: 14 ClientSeq: 175
02 
.

GAME->Client [06:03:30 07/15/09] packet size: 48 CRYPTED, Flags: 7f ServerSeq: 159 ClientSeq: 14
02 03 02 00 02 80 80 80 10 74 00 0b 00 02 0c d8 f2 18 95 47 00 60 8b c4 e6 59 e3 44 0a 00 02 0e 
04 b3 c2 81 97 47 00 20 8a c4 85 5d 91 45 00 00 
.........t.........G.`...Y.D.........G. ...].E..

Client->GAME [06:03:30 07/15/09] packet size: 1 CRYPTED, Flags: 7f ServerSeq: 15 ClientSeq: 176
02 
.

GAME->Client [06:03:30 07/15/09] packet size: 54 CRYPTED, Flags: 7f ServerSeq: 160 ClientSeq: 15
02 03 0f 00 02 08 90 71 96 47 00 60 8b c4 46 2e de 44 0b 00 02 0c e2 f2 18 95 47 00 60 8b c4 e6 
59 e3 44 0a 00 02 0c bd c2 81 97 47 00 20 8a c4 85 5d 91 45 00 00 
.......q.G.`..F..D........G.`...Y.D........G. ...].E..

Client->GAME [06:03:30 07/15/09] packet size: 1 CRYPTED, Flags: 7f ServerSeq: 0 ClientSeq: 177
02 
.

GAME->Client [06:03:30 07/15/09] packet size: 56 CRYPTED, Flags: 7f ServerSeq: 161 ClientSeq: 0
02 03 0b 00 02 0c ec f2 18 95 47 00 60 8b c4 e6 59 e3 44 0a 00 02 0c c7 c2 81 97 47 00 20 8a c4 
85 5d 91 45 06 00 02 0e 04 d4 54 38 97 47 00 20 8a c4 3a 5c 83 45 00 00 
..........G.`...Y.D........G. ...].E......T8.G. ..:\.E..

Client->GAME [06:03:30 07/15/09] packet size: 1 CRYPTED, Flags: 7f ServerSeq: 1 ClientSeq: 178
02 
.

GAME->Client [06:03:30 07/15/09] packet size: 56 CRYPTED, Flags: 7f ServerSeq: 162 ClientSeq: 1
02 03 0b 00 02 0c f6 f2 18 95 47 00 60 8b c4 e6 59 e3 44 0a 00 02 0c d1 c2 81 97 47 00 20 8a c4 
85 5d 91 45 06 00 02 0e 04 de 54 38 97 47 00 20 8a c4 3a 5c 83 45 00 00 
..........G.`...Y.D........G. ...].E......T8.G. ..:\.E..

Client->GAME [06:03:30 07/15/09] packet size: 1 CRYPTED, Flags: 7f ServerSeq: 2 ClientSeq: 179
02 
.

GAME->Client [06:03:30 07/15/09] packet size: 72 CRYPTED, Flags: 7f ServerSeq: 163 ClientSeq: 2
02 03 0f 00 02 0c 83 7f 6f 96 47 00 60 8b c4 8a c4 d5 44 0b 00 02 0c 00 f2 18 95 47 00 60 8b c4 
e6 59 e3 44 0a 00 02 0c db c2 81 97 47 00 20 8a c4 85 5d 91 45 06 00 02 0c e8 54 38 97 47 00 20 
8a c4 3a 5c 83 45 00 00 
........o.G.`.....D........G.`...Y.D........G. ...].E.....T8.G. ..:\.E..

GAME->Client [06:03:30 07/15/09] packet size: 59 CRYPTED, Flags: 7f ServerSeq: 164 ClientSeq: 2
82 f8 61 ef 48 03 0b 00 02 0c 0a f2 18 95 47 00 60 8b c4 e6 59 e3 44 0a 00 02 0c e5 c2 81 97 47 
00 20 8a c4 85 5d 91 45 06 00 02 0c f2 54 38 97 47 00 20 8a c4 3a 5c 83 45 00 00 
..a.H.........G.`...Y.D........G. ...].E.....T8.G. ..:\.E..

Client->GAME [06:03:30 07/15/09] packet size: 1 CRYPTED, Flags: 7f ServerSeq: 3 ClientSeq: 180
02 
.

Client->GAME [06:03:30 07/15/09] packet size: 1 CRYPTED, Flags: 7f ServerSeq: 4 ClientSeq: 181
02 
.

GAME->Client [06:03:31 07/15/09] packet size: 57 CRYPTED, Flags: 7f ServerSeq: 165 ClientSeq: 3
02 03 0b 00 02 0e 01 14 f2 18 95 47 00 60 8b c4 e6 59 e3 44 0a 00 02 0c ef c2 81 97 47 00 20 8a 
c4 85 5d 91 45 06 00 02 0e 00 fc 54 38 97 47 00 20 8a c4 3a 5c 83 45 00 00 
...........G.`...Y.D........G. ...].E......T8.G. ..:\.E..

Client->GAME [06:03:31 07/15/09] packet size: 1 CRYPTED, Flags: 7f ServerSeq: 5 ClientSeq: 182
02 
.

GAME->Client [06:03:31 07/15/09] packet size: 77 CRYPTED, Flags: 7f ServerSeq: 166 ClientSeq: 5
02 03 0b 00 02 0e 01 1e f4 1f 95 47 00 60 8b c4 fb 89 e5 44 0a 00 02 0e 00 f9 c2 81 97 47 00 20 
8a c4 85 5d 91 45 06 00 02 0e 00 03 54 38 97 47 00 20 8a c4 3a 5c 83 45 00 00 04 01 01 41 02 04 
80 b3 d5 04 08 80 b2 d5 04 00 00 08 02 
...........G.`.....D.........G. ...].E......T8.G. ..:\.E.....A...............

GAME->Client [06:03:31 07/15/09] packet size: 49 CRYPTED, Flags: 7f ServerSeq: 167 ClientSeq: 5
02 03 02 00 02 80 80 80 10 78 00 0b 00 02 0e 01 25 aa 28 95 47 00 60 8b c4 7a 53 e7 44 0a 00 02 
0e 00 03 c2 81 97 47 00 20 8a c4 85 5d 91 45 00 00 
.........x......%.(.G.`..zS.D.........G. ...].E..

Client->GAME [06:03:31 07/15/09] packet size: 1 CRYPTED, Flags: 7f ServerSeq: 7 ClientSeq: 183
02 
.

GAME->Client [06:03:31 07/15/09] packet size: 40 CRYPTED, Flags: 7f ServerSeq: 168 ClientSeq: 6
02 03 0f 00 02 0e 04 82 0c 6c 96 47 00 60 8b c4 9e bb c7 44 0a 00 02 0e 00 07 c2 81 97 47 00 20 
8a c4 85 5d 91 45 00 00 
.........l.G.`.....D.........G. ...].E..

Client->GAME [06:03:31 07/15/09] packet size: 1 CRYPTED, Flags: 7f ServerSeq: 8 ClientSeq: 184
02 
.

GAME->Client [06:03:31 07/15/09] packet size: 22 CRYPTED, Flags: 7f ServerSeq: 169 ClientSeq: 7
02 03 0f 00 02 0e 04 8c 0c 6c 96 47 00 60 8b c4 9e bb c7 44 00 00 
.........l.G.`.....D..

GAME->Client [06:03:31 07/15/09] packet size: 38 CRYPTED, Flags: 7f ServerSeq: 170 ClientSeq: 8
02 03 0f 00 02 0c 96 0c 6c 96 47 00 60 8b c4 9e bb c7 44 0b 00 02 0c 26 56 43 95 47 00 60 8b c4 
65 7c ec 44 00 00 
........l.G.`.....D....&VC.G.`..e|.D..

Client->GAME [06:03:31 07/15/09] packet size: 1 CRYPTED, Flags: 7f ServerSeq: 10 ClientSeq: 185
02 
.

GAME->Client [06:03:31 07/15/09] packet size: 22 CRYPTED, Flags: 7f ServerSeq: 171 ClientSeq: 8
02 03 0f 00 02 0e 00 a0 0c 6c 96 47 00 60 8b c4 9e bb c7 44 00 00 
.........l.G.`.....D..

Client->GAME [06:03:31 07/15/09] packet size: 1 CRYPTED, Flags: 7f ServerSeq: 11 ClientSeq: 186
02 
.

GAME->Client [06:03:31 07/15/09] packet size: 64 CRYPTED, Flags: 7f ServerSeq: 172 ClientSeq: 8
02 03 0f 00 02 0e 00 aa 0c 6c 96 47 00 60 8b c4 9e bb c7 44 0b 00 02 2e 00 40 00 00 00 10 01 26 
3e 55 95 47 00 60 8b c4 7d e4 ef 44 08 00 02 0e 01 82 3a 29 90 47 00 20 8a c4 82 81 b3 45 00 00 
.........l.G.`.....D.....@.....&>U.G.`..}..D......:).G. .....E..

Client->GAME [06:03:31 07/15/09] packet size: 1 CRYPTED, Flags: 7f ServerSeq: 12 ClientSeq: 187
02 
.

GAME->Client [06:03:32 07/15/09] packet size: 43 CRYPTED, Flags: 7f ServerSeq: 173 ClientSeq: 10
82 1c 62 ef 48 03 0f 00 02 0c b0 0c 6c 96 47 00 60 8b c4 9e bb c7 44 08 00 02 0e 01 8c a2 26 90 
47 00 20 8a c4 c2 d2 b2 45 00 00 
..b.H.......l.G.`.....D.......&.G. .....E..

Client->GAME [06:03:32 07/15/09] packet size: 1 CRYPTED, Flags: 7f ServerSeq: 13 ClientSeq: 188
02 
.

GAME->Client [06:03:32 07/15/09] packet size: 37 CRYPTED, Flags: 7f ServerSeq: 174 ClientSeq: 11
02 03 0b 00 02 08 26 67 95 47 00 60 8b c4 66 4c f3 44 08 00 02 0c 93 d2 21 90 47 00 20 8a c4 07 
30 b2 45 00 00 
......&g.G.`..fL.D......!.G. ...0.E..

Client->GAME [06:03:32 07/15/09] packet size: 1 CRYPTED, Flags: 7f ServerSeq: 14 ClientSeq: 189
02 
.

GAME->Client [06:03:32 07/15/09] packet size: 13 CRYPTED, Flags: 7f ServerSeq: 175 ClientSeq: 12
02 03 02 00 02 80 80 80 10 7c 00 00 00 
.........|...

Client->GAME [06:03:32 07/15/09] packet size: 1 CRYPTED, Flags: 7f ServerSeq: 15 ClientSeq: 190
02 
.

Client->GAME [06:03:32 07/15/09] packet size: 16 CRYPTED, Flags: 7f ServerSeq: 15 ClientSeq: 191
02 04 01 00 25 01 09 6c 03 00 00 00 00 00 00 00 
....%..l........

GAME->Client [06:03:32 07/15/09] packet size: 177 CRYPTED, Flags: 7f ServerSeq: 176 ClientSeq: 15
02 03 08 00 02 0e 00 98 01 06 90 47 00 20 8a c4 d6 bb ae 45 00 00 04 01 01 43 01 80 94 6d 03 00 
00 00 08 00 01 17 00 00 02 00 00 00 00 00 03 00 00 00 00 00 04 00 00 00 00 00 05 00 00 00 00 00 
06 00 00 00 00 00 07 00 00 00 00 00 08 00 00 00 00 00 09 00 00 00 00 00 0a 00 00 00 00 00 0b 00 
00 00 00 00 0c 00 00 00 00 00 0d 00 00 00 00 00 0e 00 00 00 00 00 0f 00 00 00 00 00 10 00 00 00 
00 00 11 00 00 00 00 00 12 00 00 00 00 00 13 00 00 00 00 00 14 00 00 00 00 00 15 00 00 00 00 00 
16 00 00 00 00 00 17 00 00 00 00 00 18 00 00 00 00 
...........G. .....E.....C...m..................................................................
.................................................................................

Client->GAME [06:03:32 07/15/09] packet size: 1 CRYPTED, Flags: 7f ServerSeq: 0 ClientSeq: 192
02 
.

GAME->Client [06:03:32 07/15/09] packet size: 22 CRYPTED, Flags: 7f ServerSeq: 177 ClientSeq: 15
02 03 08 00 02 0e 00 99 01 06 90 47 00 20 8a c4 d6 bb ae 45 00 00 
...........G. .....E..

Client->GAME [06:03:33 07/15/09] packet size: 25 CRYPTED, Flags: 7f ServerSeq: 1 ClientSeq: 193
02 04 01 00 26 01 12 81 8e 14 00 00 00 03 00 00 00 07 00 00 00 03 00 00 00 
....&....................

GAME->Client [06:03:33 07/15/09] packet size: 47 CRYPTED, Flags: 7f ServerSeq: 178 ClientSeq: 0
82 44 62 ef 48 03 0b 00 02 08 b7 b7 95 47 00 60 8b c4 b9 4f 01 45 08 00 02 2c 00 40 00 00 00 10 
99 01 06 90 47 00 20 8a c4 d6 bb ae 45 00 00 
.Db.H........G.`...O.E...,.@........G. .....E..

Client->GAME [06:03:33 07/15/09] packet size: 1 CRYPTED, Flags: 7f ServerSeq: 2 ClientSeq: 194
02 
.

GAME->Client [06:03:33 07/15/09] packet size: 711 CRYPTED, Flags: 7f ServerSeq: 179 ClientSeq: 1
02 04 01 01 44 21 16 80 bc 11 00 32 03 00 00 00 00 00 cb 02 00 00 00 00 01 00 00 00 00 16 80 bc 
15 00 33 03 00 4b 04 00 00 f1 03 34 00 00 00 01 00 00 00 00 16 80 bc 01 00 70 03 00 d6 04 00 00 
00 10 01 00 00 00 01 00 00 00 00 16 80 bc 09 00 71 03 00 c6 02 00 00 00 10 01 00 00 00 01 00 00 
00 00 16 80 bc 5d 00 d3 03 00 d6 04 00 00 c6 02 00 00 00 00 01 00 00 00 00 04 80 b3 d6 04 04 80 
b3 d5 04 04 80 b3 b0 01 16 80 bc 15 00 74 03 00 f7 03 00 00 08 02 00 00 00 00 01 00 00 00 00 16 
80 bc 15 00 75 03 00 f7 03 00 00 07 02 ec ff ff ff 01 00 00 00 00 16 80 bc 15 00 76 03 00 f7 03 
00 00 50 04 00 00 00 00 01 00 00 00 00 16 80 bc 15 00 77 03 00 f7 03 00 00 f4 03 00 00 00 00 01 
00 00 00 00 16 80 bc 15 00 78 03 00 f7 03 00 00 51 04 f6 ff ff ff 01 00 00 00 00 16 80 bc 15 00 
79 03 00 f7 03 00 00 52 04 0f 00 00 00 01 00 00 00 00 16 80 bc 56 00 86 03 00 0a 95 00 00 06 04 
02 00 00 00 01 00 00 00 00 16 80 bc 56 00 87 03 00 0a 95 00 00 b4 00 11 00 00 00 01 00 00 00 00 
16 80 bc 56 00 88 03 00 0a 95 00 00 b5 00 11 00 00 00 01 00 00 00 00 16 80 bc 56 00 89 03 00 0a 
95 00 00 07 04 02 00 00 00 01 00 00 00 00 16 80 bc 56 00 8a 03 00 8a b2 00 00 23 04 02 00 00 00 
01 00 00 00 00 16 80 bc 56 00 8b 03 00 8a b2 00 00 21 04 01 00 00 00 01 00 00 00 00 16 80 bc 56 
00 8c 03 00 8a b2 00 00 b4 00 1d 00 00 00 01 00 00 00 00 16 80 bc 56 00 8d 03 00 8a b2 00 00 09 
04 1d 00 00 00 01 00 00 00 00 16 80 bc 56 00 8e 03 00 8a b2 00 00 9d 00 1d 00 00 00 01 00 00 00 
00 16 80 bc 56 00 8f 03 00 8a b2 00 00 06 04 01 00 00 00 01 00 00 00 00 16 80 bc 56 00 90 03 00 
24 b3 00 00 89 02 02 00 00 00 01 00 00 00 00 16 80 bc 56 00 91 03 00 24 b3 00 00 1a 04 01 00 00 
00 01 00 00 00 00 16 80 bc 56 00 92 03 00 24 b3 00 00 b4 00 21 00 00 00 01 00 00 00 00 16 80 bc 
56 00 93 03 00 24 b3 00 00 09 04 21 00 00 00 01 00 00 00 00 16 80 bc 56 00 94 03 00 24 b3 00 00 
15 04 02 00 00 00 01 00 00 00 00 16 80 bc 56 00 95 03 00 24 b3 00 00 b5 00 21 00 00 00 01 00 00 
00 00 16 80 bc 56 00 96 03 00 95 a7 00 00 b4 00 12 00 00 00 01 00 00 00 00 16 80 bc 56 00 97 03 
00 95 a7 00 00 b5 00 12 00 00 00 01 00 00 00 00 16 80 bc 56 00 98 03 00 95 a7 00 00 09 04 12 00 
00 00 01 00 00 00 00 
....D!.....2......................3..K.....4.............p......................q...............
.....].......................................t......................u......................v....
..P...............w......................x......Q...............y......R.............V..........
............V......................V......................V......................V........#.....
........V........!.............V......................V......................V..................
....V......................V....$.................V....$.................V....$.....!...........
V....$.....!...........V....$.................V....$.....!...........V......................V...
...................V...................

Client->GAME [06:03:33 07/15/09] packet size: 1 CRYPTED, Flags: 7f ServerSeq: 3 ClientSeq: 195
02 
.

GAME->Client [06:03:33 07/15/09] packet size: 696 CRYPTED, Flags: 7f ServerSeq: 180 ClientSeq: 2
02 04 01 01 65 1e 16 80 bc 56 00 99 03 00 95 a7 00 00 70 00 0f 00 00 00 01 00 00 00 00 16 80 bc 
56 00 9a 03 00 2c b3 00 00 17 04 01 00 00 00 01 00 00 00 00 16 80 bc 56 00 9b 03 00 2c b3 00 00 
b4 00 21 00 00 00 01 00 00 00 00 16 80 bc 56 00 9c 03 00 2c b3 00 00 09 04 21 00 00 00 01 00 00 
00 00 16 80 bc 56 00 9d 03 00 2c b3 00 00 12 04 02 00 00 00 01 00 00 00 00 16 80 bc 56 00 9e 03 
00 2c b3 00 00 07 04 02 00 00 00 01 00 00 00 00 16 80 bc 56 00 9f 03 00 2c b3 00 00 b5 00 21 00 
00 00 01 00 00 00 00 16 80 bc 56 00 a0 03 00 c3 b2 00 00 89 02 02 00 00 00 01 00 00 00 00 16 80 
bc 56 00 a1 03 00 c3 b2 00 00 21 04 02 00 00 00 01 00 00 00 00 16 80 bc 56 00 a2 03 00 c3 b2 00 
00 b4 00 1f 00 00 00 01 00 00 00 00 16 80 bc 56 00 a3 03 00 c3 b2 00 00 09 04 1f 00 00 00 01 00 
00 00 00 16 80 bc 56 00 a4 03 00 c3 b2 00 00 1e 04 01 00 00 00 01 00 00 00 00 16 80 bc 56 00 a5 
03 00 c3 b2 00 00 9d 00 1f 00 00 00 01 00 00 00 00 16 80 bc 55 00 af 03 00 02 00 00 00 cc 00 0c 
00 00 00 01 00 00 00 00 16 80 bc 55 00 b9 03 00 0b 00 00 00 37 02 96 00 00 00 01 00 00 00 00 16 
80 bc 55 00 ba 03 00 2d 00 00 00 23 04 0a 00 00 00 01 00 00 00 00 16 80 bc 55 00 bb 03 00 2d 00 
00 00 20 04 0a 00 00 00 01 00 00 00 00 16 80 bc 55 00 bc 03 00 2d 00 00 00 19 04 05 00 00 00 01 
00 00 00 00 16 80 bc 55 00 bd 03 00 2d 00 00 00 42 04 05 00 00 00 01 00 00 00 00 16 80 bc 55 00 
be 03 00 34 00 00 00 83 02 c8 00 00 00 01 00 00 00 00 16 80 bc 55 00 bf 03 00 4b 00 00 00 1f 04 
19 00 00 00 01 00 00 00 00 16 80 bc 55 00 c0 03 00 5f 00 00 00 7c 04 0f 00 00 00 01 00 00 00 00 
16 80 bc 55 00 c1 03 00 5f 00 00 00 07 04 0f 00 00 00 01 00 00 00 00 16 80 bc 55 00 c2 03 00 62 
00 00 00 06 04 01 00 00 00 01 00 00 00 00 16 80 bc 55 00 c3 03 00 62 00 00 00 15 04 01 00 00 00 
01 00 00 00 00 16 80 bc 55 00 c4 03 00 5a 01 00 00 07 04 05 00 00 00 01 00 00 00 00 16 80 bc 55 
00 c5 03 00 5a 01 00 00 1d 04 0f 00 00 00 01 00 00 00 00 16 80 bc 55 00 c6 03 00 64 01 00 00 1f 
04 05 00 00 00 01 00 00 00 00 16 80 bc 55 00 c7 03 00 66 01 00 00 7b 04 05 00 00 00 01 00 00 00 
00 16 80 bc 55 00 c8 03 00 66 01 00 00 12 04 0a 00 00 00 01 00 00 00 00 
....e....V........p.............V....,.................V....,.....!...........V....,.....!......
.....V....,.................V....,.................V....,.....!...........V.....................
.V........!.............V......................V......................V......................V..
....................U......................U........7.............U....-...#.............U....-.
.. .............U....-.................U....-...B.............U....4.................U....K.....
............U...._...|.............U...._.................U....b.................U....b.........
........U....Z.................U....Z.................U....d.................U....f...{.........
....U....f..............

Client->GAME [06:03:33 07/15/09] packet size: 1 CRYPTED, Flags: 7f ServerSeq: 4 ClientSeq: 196
02 
.

GAME->Client [06:03:33 07/15/09] packet size: 700 CRYPTED, Flags: 7f ServerSeq: 181 ClientSeq: 2
02 04 02 01 83 03 16 80 bc 55 00 c9 03 00 66 01 00 00 06 04 0b 00 00 00 01 00 00 00 00 16 80 bc 
55 00 ca 03 00 8e 01 00 00 03 04 05 00 00 00 01 00 00 00 00 16 80 bc 55 00 cb 03 00 8e 01 00 00 
12 04 0f 00 00 00 01 00 00 00 00 01 86 1c 16 80 bc 55 00 cc 03 00 8e 01 00 00 77 04 05 00 00 00 
01 00 00 00 00 16 80 bc 55 00 cd 03 00 cd 01 00 00 e5 03 05 00 00 00 01 00 00 00 00 16 80 bc 55 
00 ce 03 00 cd 01 00 00 73 04 05 00 00 00 01 00 00 00 00 16 80 bc 55 00 cf 03 00 cd 01 00 00 e3 
03 0f 00 00 00 01 00 00 00 00 16 80 bc 55 00 d0 03 00 d5 01 00 00 e3 03 05 00 00 00 01 00 00 00 
00 16 80 bc 55 00 d1 03 00 36 02 00 00 37 02 0a 00 00 00 01 00 00 00 00 16 80 bc 55 00 d2 03 00 
74 02 00 00 34 02 1e 00 00 00 01 00 00 00 00 16 80 bc 15 00 d4 03 00 11 00 00 00 ab 00 0d 00 00 
00 01 00 00 00 00 16 80 bc 15 00 d5 03 00 11 00 00 00 0a 02 4d 00 00 00 01 00 00 00 00 16 80 bc 
15 00 d6 03 00 11 00 00 00 f2 03 34 00 00 00 01 00 00 00 00 16 80 bc 15 00 d7 03 00 11 00 00 00 
ed 03 4d 00 00 00 01 00 00 00 00 16 80 bc 15 00 d8 03 00 11 00 00 00 9f 00 19 00 00 00 01 00 00 
00 00 16 80 bc 15 00 d9 03 00 11 00 00 00 f1 03 34 00 00 00 01 00 00 00 00 16 80 bc 15 00 da 03 
00 11 00 00 00 0c 02 34 00 00 00 01 00 00 00 00 16 80 bc 15 00 db 03 00 11 00 00 00 b7 00 4d 00 
00 00 01 00 00 00 00 16 80 bc 15 00 dc 03 00 11 00 00 00 f3 03 46 00 00 00 01 00 00 00 00 0b 80 
bd 05 11 00 00 00 00 00 00 00 16 80 bc 15 00 dd 03 00 11 00 00 00 ab 00 0c 00 00 00 00 00 00 00 
00 16 80 bc 15 00 de 03 00 11 00 00 00 0a 02 4b 00 00 00 00 00 00 00 00 16 80 bc 15 00 df 03 00 
11 00 00 00 f2 03 31 00 00 00 00 00 00 00 00 16 80 bc 15 00 e0 03 00 11 00 00 00 ed 03 4b 00 00 
00 00 00 00 00 00 16 80 bc 15 00 e1 03 00 11 00 00 00 9f 00 19 00 00 00 00 00 00 00 00 16 80 bc 
15 00 e2 03 00 11 00 00 00 f1 03 31 00 00 00 00 00 00 00 00 16 80 bc 15 00 e3 03 00 11 00 00 00 
0c 02 34 00 00 00 00 00 00 00 00 16 80 bc 15 00 e4 03 00 11 00 00 00 b7 00 46 00 00 00 00 00 00 
00 00 16 80 bc 15 00 e5 03 00 11 00 00 00 f3 03 46 00 00 00 00 00 00 00 00 0b 80 bd 05 11 00 00 
00 00 00 00 01 16 80 bc 15 00 dd 03 00 11 00 00 00 ab 00 0c 00 00 00 01 00 00 00 00 
.........U....f.................U......................U.........................U........w.....
........U......................U........s.............U......................U..................
....U....6...7.............U....t...4...............................................M...........
...........4......................M.............................................4...............
.......4......................M......................F..........................................
...............K......................1......................K..................................
...........1......................4......................F......................F...............
............................

Client->GAME [06:03:34 07/15/09] packet size: 1 CRYPTED, Flags: 7f ServerSeq: 5 ClientSeq: 197
02 
.

GAME->Client [06:03:34 07/15/09] packet size: 384 CRYPTED, Flags: 7f ServerSeq: 182 ClientSeq: 3
02 04 01 01 a2 16 16 80 bc 15 00 de 03 00 11 00 00 00 0a 02 4b 00 00 00 01 00 00 00 00 16 80 bc 
15 00 df 03 00 11 00 00 00 f2 03 31 00 00 00 01 00 00 00 00 16 80 bc 15 00 e0 03 00 11 00 00 00 
ed 03 4b 00 00 00 01 00 00 00 00 16 80 bc 15 00 e1 03 00 11 00 00 00 9f 00 19 00 00 00 01 00 00 
00 00 16 80 bc 15 00 e2 03 00 11 00 00 00 f1 03 31 00 00 00 01 00 00 00 00 16 80 bc 15 00 e3 03 
00 11 00 00 00 0c 02 34 00 00 00 01 00 00 00 00 16 80 bc 15 00 e4 03 00 11 00 00 00 b7 00 46 00 
00 00 01 00 00 00 00 16 80 bc 15 00 e5 03 00 11 00 00 00 f3 03 46 00 00 00 01 00 00 00 00 04 80 
b3 11 00 16 80 bc 45 03 11 00 00 02 00 00 00 11 00 32 00 00 00 01 00 00 00 00 04 80 b3 35 04 16 
80 bc 45 03 35 04 00 62 00 00 00 35 04 00 00 00 00 01 00 00 00 00 04 80 b3 3d 04 16 80 bc 45 03 
3d 04 00 43 00 00 00 3d 04 00 00 00 00 01 00 00 00 00 04 80 b3 3e 04 16 80 bc 45 03 3e 04 00 4f 
01 00 00 3e 04 00 00 00 00 01 00 00 00 00 04 80 b3 3f 04 16 80 bc 45 03 3f 04 00 64 01 00 00 3f 
04 00 00 00 00 01 00 00 00 00 04 80 b3 40 04 16 80 bc 45 03 40 04 00 d5 01 00 00 40 04 00 00 00 
00 01 00 00 00 00 16 80 bc 05 03 d6 04 00 d4 04 00 00 d6 04 00 00 00 00 01 00 00 00 00 02 81 07 
....................K......................1......................K.............................
................1......................4......................F......................F..........
......E..........2...........5....E.5..b...5.............=....E.=..C...=.............>....E.>..O
...>.............?....E.?..d...?.............@....E.@......@....................................

Client->GAME [06:03:34 07/15/09] packet size: 13 CRYPTED, Flags: 7f ServerSeq: 6 ClientSeq: 198
02 04 01 00 27 01 06 81 08 00 00 00 00 
....'........

GAME->Client [06:03:34 07/15/09] packet size: 1 CRYPTED, Flags: 7f ServerSeq: 183 ClientSeq: 6
02 
.

GAME->Client [06:03:35 07/15/09] packet size: 1 CRYPTED, Flags: 7f ServerSeq: 184 ClientSeq: 6
42 
B

GAME->Client [06:03:35 07/15/09] packet size: 5 CRYPTED, Flags: 7f ServerSeq: 185 ClientSeq: 6
c2 74 62 ef 48 
.tb.H

Client->GAME [06:03:35 07/15/09] packet size: 1 CRYPTED, Flags: 7f ServerSeq: 9 ClientSeq: 199
02 
.

GAME->Client [06:03:35 07/15/09] packet size: 1 CRYPTED, Flags: 7f ServerSeq: 186 ClientSeq: 6
42 
B

Client->GAME [06:03:35 07/15/09] packet size: 1 CRYPTED, Flags: 7f ServerSeq: 9 ClientSeq: 200
42 
B

GAME->Client [06:03:35 07/15/09] packet size: 1 CRYPTED, Flags: 7f ServerSeq: 187 ClientSeq: 7
42 
B

GAME->Client [06:03:36 07/15/09] packet size: 142 CRYPTED, Flags: 0 ServerSeq: 1 ClientSeq: 0
82 80 62 ef 48 04 01 00 00 03 6d 06 0e 00 03 00 00 00 80 62 ef 48 01 42 00 32 00 72 65 73 6f 75 
72 63 65 2f 77 6f 72 6c 64 73 2f 66 69 6e 61 6c 5f 77 6f 72 6c 64 2f 69 6e 74 65 72 6e 61 74 69 
6f 6e 61 6c 2f 69 74 2e 6d 65 74 72 00 29 00 48 61 6c 6c 6f 77 65 65 6e 5f 45 76 65 6e 74 2c 57 
69 6e 74 65 72 33 50 6c 75 73 48 61 6c 6c 6f 77 65 65 6e 54 53 45 43 00 0a 80 e5 e7 cb c0 12 00 
00 00 00 0a 80 e4 32 2e 7a 00 00 00 00 00 
..b.H.....m........b.H.B.2.resource/worlds/final_world/international/it.metr.).Halloween_Event,W
inter3PlusHalloweenTSEC...............2.z.....

Client->GAME [06:03:36 07/15/09] packet size: 13 CRYPTED, Flags: 0 ServerSeq: 0 ClientSeq: 1
22 04 01 00 00 01 06 81 51 00 00 00 00 
".......Q....

Client->GAME [06:03:36 07/15/09] packet size: 6 CRYPTED, Flags: 1 ServerSeq: 1 ClientSeq: 2
02 05 02 0c 00 00 
......

GAME->Client [06:03:36 07/15/09] packet size: 72 CRYPTED, Flags: 3 ServerSeq: 2 ClientSeq: 2
02 04 01 00 03 01 41 81 67 17 00 27 00 1c 22 00 c6 01 11 00 00 00 00 00 00 00 37 00 00 08 0e 00 
41 66 74 65 72 57 68 6f 72 75 4e 65 6f 00 0e 00 41 66 74 65 72 57 68 6f 72 75 4e 65 6f 00 02 00 
4b 00 00 00 00 00 00 00 
......A.g..'.."...........7.....AfterWhoruNeo...AfterWhoruNeo...K.......

Client->GAME [06:03:36 07/15/09] packet size: 8 CRYPTED, Flags: 1 ServerSeq: 1 ClientSeq: 3
02 04 01 00 01 01 01 05 
........

Client->GAME [06:03:36 07/15/09] packet size: 1 CRYPTED, Flags: 3 ServerSeq: 2 ClientSeq: 4
02 
.

GAME->Client [06:03:36 07/15/09] packet size: 233 CRYPTED, Flags: f ServerSeq: 3 ClientSeq: 4
02 03 01 00 0c 0c 00 dd cd ab 23 9b 81 ff 71 02 00 00 41 6e 64 65 72 73 6f 6e 00 00 00 00 00 00 
00 00 00 00 00 00 00 00 00 00 00 00 00 00 00 00 00 00 02 b0 54 68 6f 6d 61 73 00 00 00 00 00 00 
00 00 00 00 00 00 00 00 00 00 00 00 00 00 00 00 00 00 00 00 5f 80 d8 28 0a 0c 00 00 00 01 cf 01 
00 81 ff 80 00 31 5e 00 00 07 c7 76 0c 00 58 67 00 41 66 74 65 72 57 68 6f 72 75 4e 65 6f 00 00 
00 00 00 00 00 00 00 00 00 00 00 00 00 00 00 00 00 28 0a fd 64 01 00 00 67 00 75 d4 01 00 4b b1 
00 00 00 00 73 1a e9 88 80 60 04 00 02 8e 00 00 00 f7 00 dd 00 00 00 00 00 e6 e4 40 00 00 00 00 
00 44 91 c0 00 00 00 00 00 26 b6 c0 81 ff 32 22 1d 0a 00 28 80 c9 10 54 38 1d 80 00 1c 01 11 00 
00 00 67 00 02 00 00 00 00 
..........#...q...Anderson..........................Thomas.........................._..(........
.....1^....v..Xg.AfterWhoruNeo...................(..d...g.u...K.....s....`.................@....
.D.......&....2"...(...T8.........g......

GAME->Client [06:03:37 07/15/09] packet size: 34 CRYPTED, Flags: f ServerSeq: 4 ClientSeq: 4
02 03 01 00 02 1b 00 02 00 02 e0 08 41 6e 64 65 72 73 6f 6e 06 54 68 6f 6d 61 73 80 80 10 83 00 
00 00 
............Anderson.Thomas.......

Client->GAME [06:03:37 07/15/09] packet size: 55 CRYPTED, Flags: 7 ServerSeq: 3 ClientSeq: 5
02 03 02 00 02 60 08 41 6e 64 65 72 73 6f 6e 06 54 68 6f 6d 61 73 00 00 04 01 00 02 05 02 80 be 
07 3f 6b 00 00 00 00 00 08 3e 6b 00 10 00 00 00 00 02 81 48 02 0c 01 
.....`.Anderson.Thomas...........?k......>k........H...

GAME->Client [06:03:37 07/15/09] packet size: 712 CRYPTED, Flags: 1f ServerSeq: 5 ClientSeq: 5
82 bc 62 ef 48 03 01 00 08 50 02 f4 09 e0 03 b3 cd ab 02 09 00 00 00 00 00 e6 e4 40 00 00 00 00 
00 a4 90 c0 00 00 00 00 00 c2 b5 c0 00 00 00 00 00 00 80 3f 00 00 00 00 2e bd 3b b3 0f 00 00 01 
00 08 a1 1b 42 00 80 14 0e cd ab 02 09 00 00 00 20 9a c4 e3 40 00 00 00 00 00 3c 91 c0 00 00 00 
80 2e 5b bd c0 00 00 00 00 c8 26 74 bf 00 00 00 00 1e f6 99 3e 0d 00 00 01 00 0c 57 02 de cd ab 
12 8e 47 6f 6c 64 20 42 6c 6f 6f 64 20 43 68 61 6d 70 69 6f 6e 00 00 00 00 00 00 00 00 00 00 00 
00 00 00 10 00 00 22 d4 56 61 1c 00 c6 01 80 c1 d7 09 00 58 00 00 00 aa 6f 35 e5 40 00 00 00 00 
00 44 91 c0 00 00 00 00 d4 b3 7b c0 c0 01 83 04 01 a8 0d ee 02 b2 04 ee 02 07 08 00 00 81 b5 02 
00 00 02 03 0b 00 00 01 00 0c 57 02 df cd ab 11 8e 47 6f 6c 64 20 42 6c 6f 6f 64 20 45 6e 74 68 
75 73 69 61 73 74 00 00 00 00 00 00 00 00 00 00 00 00 10 00 00 22 d4 54 60 1c 00 c6 01 80 c1 d6 
09 00 58 00 00 00 9e 2c 42 e5 40 00 00 00 00 00 44 91 c0 00 00 00 00 08 df 7b c0 c0 01 82 02 a8 
0d 32 02 b2 09 32 02 07 08 00 00 81 b5 02 00 00 02 03 09 00 00 01 00 08 d0 20 fc 09 e0 03 10 cd 
ab 08 fd 00 00 00 00 40 5d e7 40 00 00 00 00 00 44 91 c0 00 00 00 00 00 44 b6 c0 41 6d 65 74 68 
79 73 74 00 00 00 00 00 00 00 00 00 00 00 00 00 00 00 00 00 00 00 00 00 00 00 00 00 00 00 00 00 
00 00 00 00 00 00 00 00 00 00 00 00 00 00 00 00 00 00 00 00 00 00 00 00 00 00 00 02 00 00 3a 00 
f9 0a 00 58 00 00 03 00 00 00 00 00 5c 83 6c 3f 00 00 00 00 17 ef c3 3e 07 00 00 00 00 04 01 00 
04 0a 16 80 bc 56 00 e7 03 00 0a 95 00 00 06 04 02 00 00 00 01 00 00 00 00 16 80 bc 56 00 e8 03 
00 0a 95 00 00 b4 00 11 00 00 00 01 00 00 00 00 16 80 bc 56 00 e9 03 00 0a 95 00 00 b5 00 11 00 
00 00 01 00 00 00 00 16 80 bc 56 00 ea 03 00 0a 95 00 00 07 04 02 00 00 00 01 00 00 00 00 16 80 
bc 56 00 2c 04 00 0a 95 00 00 06 04 02 00 00 00 00 00 00 00 00 16 80 bc 56 00 2d 04 00 0a 95 00 
00 b4 00 11 00 00 00 00 00 00 00 00 16 80 bc 56 00 2e 04 00 0a 95 00 00 b5 00 11 00 00 00 00 00 
00 00 00 16 80 bc 56 00 2f 04 00 0a 95 00 00 07 04 02 00 00 00 00 00 00 00 00 16 80 bc 56 00 eb 
03 00 8a b2 00 00 23 04 02 00 00 00 01 00 00 00 00 16 80 bc 56 00 ec 03 00 8a b2 00 00 21 04 01 
00 00 00 01 00 00 00 00 
..b.H....P.................@.......................?......;.........B........... ...@.....<.....
..[.......&t........>......W......Gold Blood Champion.................".Va.........X....o5.@....
.D........{...............................W......Gold Blood Enthusiast...............".T`.......
..X....,B.@.....D........{.......2...2................... .............@].@.....D.......D..Ameth
yst...........................................................:....X........\.l?.......>........
.....V......................V......................V......................V.....................
.V.,....................V.-....................V......................V./....................V..
......#.............V........!..........

GAME->Client [06:03:37 07/15/09] packet size: 698 CRYPTED, Flags: 1f ServerSeq: 6 ClientSeq: 5
02 03 01 00 08 69 95 43 00 80 14 a0 cd ab 02 09 00 00 00 00 40 a7 e3 40 00 00 00 00 00 40 91 c0 
00 00 00 00 00 9a c0 c0 00 00 00 00 f2 04 35 bf 00 00 00 00 f3 04 35 3f 05 00 00 01 00 08 68 95 
44 00 80 14 a1 cd ab 02 09 00 00 00 00 80 fe e2 40 00 00 00 00 00 40 91 c0 00 00 00 00 00 b3 c0 
c0 00 00 00 00 f2 04 35 3f 00 00 00 00 f3 04 35 3f 03 00 00 00 00 04 01 00 0e 19 16 80 bc 56 00 
ed 03 00 8a b2 00 00 b4 00 1d 00 00 00 01 00 00 00 00 16 80 bc 56 00 ee 03 00 8a b2 00 00 09 04 
1d 00 00 00 01 00 00 00 00 16 80 bc 56 00 ef 03 00 8a b2 00 00 9d 00 1d 00 00 00 01 00 00 00 00 
16 80 bc 56 00 f0 03 00 8a b2 00 00 06 04 01 00 00 00 01 00 00 00 00 16 80 bc 56 00 30 04 00 8a 
b2 00 00 23 04 02 00 00 00 00 00 00 00 00 16 80 bc 56 00 31 04 00 8a b2 00 00 21 04 01 00 00 00 
00 00 00 00 00 16 80 bc 56 00 32 04 00 8a b2 00 00 b4 00 1d 00 00 00 00 00 00 00 00 16 80 bc 56 
00 33 04 00 8a b2 00 00 09 04 1d 00 00 00 00 00 00 00 00 16 80 bc 56 00 34 04 00 8a b2 00 00 9d 
00 1d 00 00 00 00 00 00 00 00 16 80 bc 56 00 35 04 00 8a b2 00 00 06 04 01 00 00 00 00 00 00 00 
00 16 80 bc 56 00 f1 03 00 24 b3 00 00 89 02 02 00 00 00 01 00 00 00 00 16 80 bc 56 00 f2 03 00 
24 b3 00 00 1a 04 01 00 00 00 01 00 00 00 00 16 80 bc 56 00 f3 03 00 24 b3 00 00 b4 00 21 00 00 
00 01 00 00 00 00 16 80 bc 56 00 f4 03 00 24 b3 00 00 09 04 21 00 00 00 01 00 00 00 00 16 80 bc 
56 00 f5 03 00 24 b3 00 00 15 04 02 00 00 00 01 00 00 00 00 16 80 bc 56 00 f6 03 00 24 b3 00 00 
b5 00 21 00 00 00 01 00 00 00 00 16 80 bc 56 00 36 04 00 24 b3 00 00 89 02 02 00 00 00 00 00 00 
00 00 16 80 bc 56 00 37 04 00 24 b3 00 00 1a 04 01 00 00 00 00 00 00 00 00 16 80 bc 56 00 38 04 
00 24 b3 00 00 b4 00 21 00 00 00 00 00 00 00 00 16 80 bc 56 00 39 04 00 24 b3 00 00 09 04 21 00 
00 00 00 00 00 00 00 16 80 bc 56 00 3a 04 00 24 b3 00 00 15 04 02 00 00 00 00 00 00 00 00 16 80 
bc 56 00 3b 04 00 24 b3 00 00 b5 00 21 00 00 00 00 00 00 00 00 16 80 bc 56 00 f7 03 00 95 a7 00 
00 b4 00 12 00 00 00 01 00 00 00 00 16 80 bc 56 00 f8 03 00 95 a7 00 00 b5 00 12 00 00 00 01 00 
00 00 00 16 80 bc 56 00 f9 03 00 95 a7 00 00 09 04 12 00 00 00 01 00 00 00 00 
.....i.C............@..@.....@................5.......5?......h.D...............@.....@.........
.......5?......5?.............V......................V......................V...................
...V......................V.0......#.............V.1......!.............V.2....................V
.3....................V.4....................V.5....................V....$.................V....
$.................V....$.....!...........V....$.....!...........V....$.................V....$...
..!...........V.6..$.................V.7..$.................V.8..$.....!...........V.9..$.....!.
..........V.:..$.................V.;..$.....!...........V......................V................
......V...................

Client->GAME [06:03:37 07/15/09] packet size: 1 CRYPTED, Flags: 1f ServerSeq: 5 ClientSeq: 6
02 
.

GAME->Client [06:03:37 07/15/09] packet size: 700 CRYPTED, Flags: 1f ServerSeq: 7 ClientSeq: 5
02 03 02 00 02 e0 08 41 6e 64 65 72 73 6f 6e 06 54 68 6f 6d 61 73 80 80 10 87 00 01 00 02 13 00 
0b 00 02 0c 60 7d ab 29 47 00 20 8a c4 a0 9e dd c3 00 00 04 01 00 27 1c 16 80 bc 56 00 fa 03 00 
95 a7 00 00 70 00 0f 00 00 00 01 00 00 00 00 16 80 bc 56 00 3c 04 00 95 a7 00 00 b4 00 12 00 00 
00 00 00 00 00 00 16 80 bc 56 00 3d 04 00 95 a7 00 00 b5 00 12 00 00 00 00 00 00 00 00 16 80 bc 
56 00 3e 04 00 95 a7 00 00 09 04 12 00 00 00 00 00 00 00 00 16 80 bc 56 00 3f 04 00 95 a7 00 00 
70 00 0f 00 00 00 00 00 00 00 00 16 80 bc 56 00 fb 03 00 2c b3 00 00 17 04 01 00 00 00 01 00 00 
00 00 16 80 bc 56 00 fc 03 00 2c b3 00 00 b4 00 21 00 00 00 01 00 00 00 00 16 80 bc 56 00 fd 03 
00 2c b3 00 00 09 04 21 00 00 00 01 00 00 00 00 16 80 bc 56 00 fe 03 00 2c b3 00 00 12 04 02 00 
00 00 01 00 00 00 00 16 80 bc 56 00 ff 03 00 2c b3 00 00 07 04 02 00 00 00 01 00 00 00 00 16 80 
bc 56 00 00 04 00 2c b3 00 00 b5 00 21 00 00 00 01 00 00 00 00 16 80 bc 56 00 40 04 00 2c b3 00 
00 17 04 01 00 00 00 00 00 00 00 00 16 80 bc 56 00 41 04 00 2c b3 00 00 b4 00 21 00 00 00 00 00 
00 00 00 16 80 bc 56 00 42 04 00 2c b3 00 00 09 04 21 00 00 00 00 00 00 00 00 16 80 bc 56 00 43 
04 00 2c b3 00 00 12 04 02 00 00 00 00 00 00 00 00 16 80 bc 56 00 44 04 00 2c b3 00 00 07 04 02 
00 00 00 00 00 00 00 00 16 80 bc 56 00 45 04 00 2c b3 00 00 b5 00 21 00 00 00 00 00 00 00 00 16 
80 bc 56 00 01 04 00 c3 b2 00 00 89 02 02 00 00 00 01 00 00 00 00 16 80 bc 56 00 02 04 00 c3 b2 
00 00 21 04 02 00 00 00 01 00 00 00 00 16 80 bc 56 00 03 04 00 c3 b2 00 00 b4 00 1f 00 00 00 01 
00 00 00 00 16 80 bc 56 00 04 04 00 c3 b2 00 00 09 04 1f 00 00 00 01 00 00 00 00 16 80 bc 56 00 
05 04 00 c3 b2 00 00 1e 04 01 00 00 00 01 00 00 00 00 16 80 bc 56 00 06 04 00 c3 b2 00 00 9d 00 
1f 00 00 00 01 00 00 00 00 16 80 bc 56 00 46 04 00 c3 b2 00 00 89 02 02 00 00 00 00 00 00 00 00 
16 80 bc 56 00 47 04 00 c3 b2 00 00 21 04 02 00 00 00 00 00 00 00 00 16 80 bc 56 00 48 04 00 c3 
b2 00 00 b4 00 1f 00 00 00 00 00 00 00 00 16 80 bc 56 00 49 04 00 c3 b2 00 00 09 04 1f 00 00 00 
00 00 00 00 00 16 80 bc 56 00 4a 04 00 c3 b2 00 00 1e 04 01 00 00 00 00 00 00 00 00 
.......Anderson.Thomas..............`}.)G. ...........'....V........p.............V.<...........
.........V.=....................V.>....................V.?......p.............V....,............
.....V....,.....!...........V....,.....!...........V....,.................V....,................
.V....,.....!...........V.@..,.................V.A..,.....!...........V.B..,.....!...........V.C
..,.................V.D..,.................V.E..,.....!...........V......................V......
..!.............V......................V......................V......................V..........
............V.F....................V.G......!.............V.H....................V.I............
........V.J.................

Client->GAME [06:03:37 07/15/09] packet size: 1 CRYPTED, Flags: 3f ServerSeq: 6 ClientSeq: 7
02 
.

Client->GAME [06:03:37 07/15/09] packet size: 1 CRYPTED, Flags: 7f ServerSeq: 7 ClientSeq: 8
02 
.

GAME->Client [06:03:37 07/15/09] packet size: 705 CRYPTED, Flags: 1f ServerSeq: 8 ClientSeq: 5
02 03 01 00 02 14 00 0b 00 02 0e 01 6a 48 b1 29 47 00 20 8a c4 20 73 e2 c3 00 00 04 01 00 43 1f 
16 80 bc 56 00 4b 04 00 c3 b2 00 00 9d 00 1f 00 00 00 00 00 00 00 00 16 80 bc 15 00 23 04 00 11 
00 00 00 ab 00 0d 00 00 00 01 00 00 00 00 16 80 bc 15 00 24 04 00 11 00 00 00 0a 02 4d 00 00 00 
01 00 00 00 00 16 80 bc 15 00 25 04 00 11 00 00 00 f2 03 34 00 00 00 01 00 00 00 00 16 80 bc 15 
00 26 04 00 11 00 00 00 ed 03 4d 00 00 00 01 00 00 00 00 16 80 bc 15 00 27 04 00 11 00 00 00 9f 
00 19 00 00 00 01 00 00 00 00 16 80 bc 15 00 28 04 00 11 00 00 00 f1 03 34 00 00 00 01 00 00 00 
00 16 80 bc 15 00 29 04 00 11 00 00 00 0c 02 34 00 00 00 01 00 00 00 00 16 80 bc 15 00 2a 04 00 
11 00 00 00 b7 00 4d 00 00 00 01 00 00 00 00 16 80 bc 15 00 2b 04 00 11 00 00 00 f3 03 46 00 00 
00 01 00 00 00 00 0b 80 bd 05 11 00 00 00 00 00 00 00 16 80 bc 15 00 4c 04 00 11 00 00 00 ab 00 
0d 00 00 00 00 00 00 00 00 16 80 bc 15 00 4d 04 00 11 00 00 00 0a 02 4d 00 00 00 00 00 00 00 00 
16 80 bc 15 00 4e 04 00 11 00 00 00 f2 03 34 00 00 00 00 00 00 00 00 16 80 bc 15 00 4f 04 00 11 
00 00 00 ed 03 4d 00 00 00 00 00 00 00 00 16 80 bc 15 00 50 04 00 11 00 00 00 9f 00 19 00 00 00 
00 00 00 00 00 16 80 bc 15 00 51 04 00 11 00 00 00 f1 03 34 00 00 00 00 00 00 00 00 16 80 bc 15 
00 52 04 00 11 00 00 00 0c 02 34 00 00 00 00 00 00 00 00 16 80 bc 15 00 53 04 00 11 00 00 00 b7 
00 4d 00 00 00 00 00 00 00 00 16 80 bc 15 00 54 04 00 11 00 00 00 f3 03 46 00 00 00 00 00 00 00 
00 0b 80 bd 05 11 00 00 00 00 00 00 01 16 80 bc 15 00 4c 04 00 11 00 00 00 ab 00 0d 00 00 00 01 
00 00 00 00 16 80 bc 15 00 4d 04 00 11 00 00 00 0a 02 4d 00 00 00 01 00 00 00 00 16 80 bc 15 00 
4e 04 00 11 00 00 00 f2 03 34 00 00 00 01 00 00 00 00 16 80 bc 15 00 4f 04 00 11 00 00 00 ed 03 
4d 00 00 00 01 00 00 00 00 16 80 bc 15 00 50 04 00 11 00 00 00 9f 00 19 00 00 00 01 00 00 00 00 
16 80 bc 15 00 51 04 00 11 00 00 00 f1 03 34 00 00 00 01 00 00 00 00 16 80 bc 15 00 52 04 00 11 
00 00 00 0c 02 34 00 00 00 01 00 00 00 00 16 80 bc 15 00 53 04 00 11 00 00 00 b7 00 4d 00 00 00 
01 00 00 00 00 16 80 bc 15 00 54 04 00 11 00 00 00 f3 03 46 00 00 00 01 00 00 00 00 04 80 b3 11 
00 
............jH.)G. .. s.......C....V.K......................#......................$........M...
..........%........4.............&........M.............'......................(........4.......
......)........4.............*........M.............+........F.........................L........
..............M........M.............N........4.............O........M.............P............
..........Q........4.............R........4.............S........M.............T........F.......
..................L......................M........M.............N........4.............O........
M.............P......................Q........4.............R........4.............S........M...
..........T........F.............

Client->GAME [06:03:38 07/15/09] packet size: 63 CRYPTED, Flags: 7f ServerSeq: 8 ClientSeq: 9
02 04 01 00 07 03 12 80 c9 07 00 c0 0a 00 68 3f 47 00 c0 94 c4 00 00 7a c4 12 80 c9 0e 00 c0 0a 
00 68 3f 47 00 c0 94 c4 00 60 6a c6 12 80 c9 07 00 10 11 00 28 20 47 00 c0 94 c4 00 00 7a 44 
..............h?G......z.........h?G.....`j.........( G......zD

GAME->Client [06:03:38 07/15/09] packet size: 694 CRYPTED, Flags: 7f ServerSeq: 9 ClientSeq: 7
02 03 0b 00 02 0e 01 74 21 b9 29 47 00 20 8a c4 c0 fd ec c3 00 00 04 01 00 62 1f 16 80 bc 45 03 
11 00 00 02 00 00 00 11 00 32 00 00 00 01 00 00 00 00 16 80 bc 55 00 07 04 00 02 00 00 00 cc 00 
0c 00 00 00 01 00 00 00 00 08 80 b2 11 00 32 00 08 02 16 80 bc 45 03 11 00 00 02 00 00 00 11 00 
32 00 00 00 00 00 00 00 00 16 80 bc 55 00 55 04 00 02 00 00 00 cc 00 0c 00 00 00 00 00 00 00 00 
16 80 bc 15 00 56 04 00 11 00 00 00 ab 00 0d 00 00 00 00 00 00 00 00 16 80 bc 15 00 57 04 00 11 
00 00 00 0a 02 4d 00 00 00 00 00 00 00 00 16 80 bc 15 00 58 04 00 11 00 00 00 f2 03 34 00 00 00 
00 00 00 00 00 16 80 bc 15 00 59 04 00 11 00 00 00 ed 03 4d 00 00 00 00 00 00 00 00 16 80 bc 15 
00 5a 04 00 11 00 00 00 9f 00 19 00 00 00 00 00 00 00 00 16 80 bc 15 00 5b 04 00 11 00 00 00 f1 
03 34 00 00 00 00 00 00 00 00 16 80 bc 15 00 5c 04 00 11 00 00 00 0c 02 34 00 00 00 00 00 00 00 
00 16 80 bc 15 00 5d 04 00 11 00 00 00 b7 00 4d 00 00 00 00 00 00 00 00 16 80 bc 15 00 5e 04 00 
11 00 00 00 f3 03 46 00 00 00 00 00 00 00 00 16 80 bc 55 00 08 04 00 0b 00 00 00 37 02 96 00 00 
00 01 00 00 00 00 16 80 bc 55 00 5f 04 00 0b 00 00 00 37 02 96 00 00 00 00 00 00 00 00 16 80 bc 
55 00 09 04 00 2d 00 00 00 23 04 0a 00 00 00 01 00 00 00 00 16 80 bc 55 00 0a 04 00 2d 00 00 00 
20 04 0a 00 00 00 01 00 00 00 00 16 80 bc 55 00 0b 04 00 2d 00 00 00 19 04 05 00 00 00 01 00 00 
00 00 16 80 bc 55 00 0c 04 00 2d 00 00 00 42 04 05 00 00 00 01 00 00 00 00 16 80 bc 55 00 60 04 
00 2d 00 00 00 23 04 0a 00 00 00 00 00 00 00 00 16 80 bc 55 00 61 04 00 2d 00 00 00 20 04 0a 00 
00 00 00 00 00 00 00 16 80 bc 55 00 62 04 00 2d 00 00 00 19 04 05 00 00 00 00 00 00 00 00 16 80 
bc 55 00 63 04 00 2d 00 00 00 42 04 05 00 00 00 00 00 00 00 00 16 80 bc 55 00 0d 04 00 34 00 00 
00 83 02 c8 00 00 00 01 00 00 00 00 16 80 bc 55 00 64 04 00 34 00 00 00 83 02 c8 00 00 00 00 00 
00 00 00 04 80 b3 3d 04 16 80 bc 45 03 3d 04 00 43 00 00 00 3d 04 00 00 00 00 01 00 00 00 00 08 
80 b2 3d 04 00 00 08 02 16 80 bc 45 03 3d 04 00 43 00 00 00 3d 04 00 00 00 00 00 00 00 00 00 16 
80 bc 55 00 0e 04 00 4b 00 00 00 1f 04 19 00 00 00 01 00 00 00 00 
.......t!.)G. ...........b....E..........2...........U........................2......E..........
2...........U.U......................V......................W........M.............X........4...
..........Y........M.............Z......................[........4.............\........4.......
......]........M.............^........F...........U........7.............U._......7.............
U....-...#.............U....-... .............U....-.................U....-...B.............U.`.
.-...#.............U.a..-... .............U.b..-.................U.c..-...B.............U....4..
...............U.d..4.................=....E.=..C...=.............=........E.=..C...=...........
..U....K..............

Client->GAME [06:03:38 07/15/09] packet size: 1 CRYPTED, Flags: 7f ServerSeq: 9 ClientSeq: 10
02 
.

GAME->Client [06:03:38 07/15/09] packet size: 692 CRYPTED, Flags: 7f ServerSeq: 10 ClientSeq: 9
02 03 0b 00 02 0c 76 52 be 29 47 00 20 8a c4 20 ec f7 c3 00 00 04 02 00 81 05 16 80 bc 55 00 65 
04 00 4b 00 00 00 1f 04 19 00 00 00 00 00 00 00 00 16 80 bc 55 00 0f 04 00 5f 00 00 00 7c 04 0f 
00 00 00 01 00 00 00 00 16 80 bc 55 00 10 04 00 5f 00 00 00 07 04 0f 00 00 00 01 00 00 00 00 16 
80 bc 55 00 66 04 00 5f 00 00 00 7c 04 0f 00 00 00 00 00 00 00 00 16 80 bc 55 00 67 04 00 5f 00 
00 00 07 04 0f 00 00 00 00 00 00 00 00 00 86 1c 16 80 bc 55 00 11 04 00 62 00 00 00 06 04 01 00 
00 00 01 00 00 00 00 04 80 b3 35 04 16 80 bc 45 03 35 04 00 62 00 00 00 35 04 00 00 00 00 01 00 
00 00 00 16 80 bc 55 00 12 04 00 62 00 00 00 15 04 01 00 00 00 01 00 00 00 00 16 80 bc 55 00 68 
04 00 62 00 00 00 06 04 01 00 00 00 00 00 00 00 00 08 80 b2 35 04 00 00 08 02 16 80 bc 45 03 35 
04 00 62 00 00 00 35 04 00 00 00 00 00 00 00 00 00 16 80 bc 55 00 69 04 00 62 00 00 00 15 04 01 
00 00 00 00 00 00 00 00 04 80 b3 3e 04 16 80 bc 45 03 3e 04 00 4f 01 00 00 3e 04 00 00 00 00 01 
00 00 00 00 08 80 b2 3e 04 00 00 08 02 16 80 bc 45 03 3e 04 00 4f 01 00 00 3e 04 00 00 00 00 00 
00 00 00 00 16 80 bc 55 00 13 04 00 5a 01 00 00 07 04 05 00 00 00 01 00 00 00 00 16 80 bc 55 00 
14 04 00 5a 01 00 00 1d 04 0f 00 00 00 01 00 00 00 00 16 80 bc 55 00 6a 04 00 5a 01 00 00 07 04 
05 00 00 00 00 00 00 00 00 16 80 bc 55 00 6b 04 00 5a 01 00 00 1d 04 0f 00 00 00 00 00 00 00 00 
04 80 b3 3f 04 16 80 bc 45 03 3f 04 00 64 01 00 00 3f 04 00 00 00 00 01 00 00 00 00 16 80 bc 55 
00 15 04 00 64 01 00 00 1f 04 05 00 00 00 01 00 00 00 00 08 80 b2 3f 04 00 00 08 02 16 80 bc 45 
03 3f 04 00 64 01 00 00 3f 04 00 00 00 00 00 00 00 00 00 16 80 bc 55 00 6c 04 00 64 01 00 00 1f 
04 05 00 00 00 00 00 00 00 00 16 80 bc 55 00 16 04 00 66 01 00 00 7b 04 05 00 00 00 01 00 00 00 
00 16 80 bc 55 00 17 04 00 66 01 00 00 12 04 0a 00 00 00 01 00 00 00 00 16 80 bc 55 00 18 04 00 
66 01 00 00 06 04 0b 00 00 00 01 00 00 00 00 16 80 bc 55 00 6d 04 00 66 01 00 00 7b 04 05 00 00 
00 00 00 00 00 00 16 80 bc 55 00 6e 04 00 66 01 00 00 12 04 0a 00 00 00 00 00 00 00 00 16 80 bc 
55 00 6f 04 00 66 01 00 00 06 04 0b 00 00 00 00 00 00 00 00 
......vR.)G. .. .............U.e..K.................U...._...|.............U...._...............
..U.f.._...|.............U.g.._....................U....b.................5....E.5..b...5.......
......U....b.................U.h..b.................5........E.5..b...5.............U.i..b......
...........>....E.>..O...>.............>........E.>..O...>.............U....Z.................U.
...Z.................U.j..Z.................U.k..Z.................?....E.?..d...?.............U
....d.................?........E.?..d...?.............U.l..d.................U....f...{.........
....U....f.................U....f.................U.m..f...{.............U.n..f.................
U.o..f..............

GAME->Client [06:03:38 07/15/09] packet size: 710 CRYPTED, Flags: 7f ServerSeq: 11 ClientSeq: 9
02 04 01 00 a2 20 16 80 bc 55 00 19 04 00 8e 01 00 00 03 04 05 00 00 00 01 00 00 00 00 16 80 bc 
55 00 1a 04 00 8e 01 00 00 12 04 0f 00 00 00 01 00 00 00 00 16 80 bc 55 00 1b 04 00 8e 01 00 00 
77 04 05 00 00 00 01 00 00 00 00 16 80 bc 55 00 70 04 00 8e 01 00 00 03 04 05 00 00 00 00 00 00 
00 00 16 80 bc 55 00 71 04 00 8e 01 00 00 12 04 0f 00 00 00 00 00 00 00 00 16 80 bc 55 00 72 04 
00 8e 01 00 00 77 04 05 00 00 00 00 00 00 00 00 16 80 bc 55 00 1c 04 00 cd 01 00 00 e5 03 05 00 
00 00 01 00 00 00 00 16 80 bc 55 00 1d 04 00 cd 01 00 00 73 04 05 00 00 00 01 00 00 00 00 16 80 
bc 55 00 1e 04 00 cd 01 00 00 e3 03 0f 00 00 00 01 00 00 00 00 16 80 bc 55 00 73 04 00 cd 01 00 
00 e5 03 05 00 00 00 00 00 00 00 00 16 80 bc 55 00 74 04 00 cd 01 00 00 73 04 05 00 00 00 00 00 
00 00 00 16 80 bc 55 00 75 04 00 cd 01 00 00 e3 03 0f 00 00 00 00 00 00 00 00 04 80 b3 40 04 16 
80 bc 45 03 40 04 00 d5 01 00 00 40 04 00 00 00 00 01 00 00 00 00 16 80 bc 55 00 1f 04 00 d5 01 
00 00 e3 03 05 00 00 00 01 00 00 00 00 08 80 b2 40 04 00 00 08 02 16 80 bc 45 03 40 04 00 d5 01 
00 00 40 04 00 00 00 00 00 00 00 00 00 16 80 bc 55 00 76 04 00 d5 01 00 00 e3 03 05 00 00 00 00 
00 00 00 00 16 80 bc 55 00 20 04 00 36 02 00 00 37 02 0a 00 00 00 01 00 00 00 00 16 80 bc 55 00 
77 04 00 36 02 00 00 37 02 0a 00 00 00 00 00 00 00 00 16 80 bc 55 00 21 04 00 74 02 00 00 34 02 
1e 00 00 00 01 00 00 00 00 16 80 bc 55 00 78 04 00 74 02 00 00 34 02 1e 00 00 00 00 00 00 00 00 
16 80 bc 5d 00 22 04 00 d6 04 00 00 c6 02 00 00 00 00 01 00 00 00 00 16 80 bc 5d 00 79 04 00 d6 
04 00 00 c6 02 00 00 00 00 00 00 00 00 00 16 80 bc 15 00 56 04 00 11 00 00 00 ab 00 0d 00 00 00 
01 00 00 00 00 16 80 bc 15 00 57 04 00 11 00 00 00 0a 02 4d 00 00 00 01 00 00 00 00 16 80 bc 15 
00 58 04 00 11 00 00 00 f2 03 34 00 00 00 01 00 00 00 00 16 80 bc 15 00 59 04 00 11 00 00 00 ed 
03 4d 00 00 00 01 00 00 00 00 16 80 bc 15 00 5a 04 00 11 00 00 00 9f 00 19 00 00 00 01 00 00 00 
00 16 80 bc 15 00 5b 04 00 11 00 00 00 f1 03 34 00 00 00 01 00 00 00 00 16 80 bc 15 00 5c 04 00 
11 00 00 00 0c 02 34 00 00 00 01 00 00 00 00 16 80 bc 15 00 5d 04 00 11 00 00 00 b7 00 4d 00 00 
00 01 00 00 00 00 
..... ...U......................U......................U........w.............U.p...............
.....U.q....................U.r......w.............U......................U........s............
.U......................U.s....................U.t......s.............U.u....................@..
..E.@......@.............U......................@........E.@......@.............U.v.............
.......U. ..6...7.............U.w..6...7.............U.!..t...4.............U.x..t...4..........
...]."....................].y......................V......................W........M............
.X........4.............Y........M.............Z......................[........4.............\..
......4.............]........M........

Client->GAME [06:03:38 07/15/09] packet size: 1 CRYPTED, Flags: 7f ServerSeq: 10 ClientSeq: 11
02 
.

Client->GAME [06:03:38 07/15/09] packet size: 1 CRYPTED, Flags: 7f ServerSeq: 11 ClientSeq: 12
02 
.

GAME->Client [06:03:38 07/15/09] packet size: 704 CRYPTED, Flags: 7f ServerSeq: 12 ClientSeq: 10
02 04 02 00 c2 0a 16 80 bc 15 00 5e 04 00 11 00 00 00 f3 03 46 00 00 00 01 00 00 00 00 0b 80 bd 
05 11 00 00 00 00 00 00 00 16 80 bc 15 00 7a 04 00 11 00 00 00 ab 00 0d 00 00 00 00 00 00 00 00 
16 80 bc 15 00 7b 04 00 11 00 00 00 0a 02 4d 00 00 00 00 00 00 00 00 16 80 bc 15 00 7c 04 00 11 
00 00 00 f2 03 34 00 00 00 00 00 00 00 00 16 80 bc 15 00 7d 04 00 11 00 00 00 ed 03 4d 00 00 00 
00 00 00 00 00 16 80 bc 15 00 7e 04 00 11 00 00 00 9f 00 19 00 00 00 00 00 00 00 00 16 80 bc 15 
00 7f 04 00 11 00 00 00 f1 03 34 00 00 00 00 00 00 00 00 16 80 bc 15 00 80 04 00 11 00 00 00 0c 
02 34 00 00 00 00 00 00 00 00 16 80 bc 15 00 81 04 00 11 00 00 00 b7 00 4d 00 00 00 00 00 00 00 
00 00 cc 11 16 80 bc 15 00 82 04 00 11 00 00 00 f3 03 46 00 00 00 00 00 00 00 00 0b 80 bd 05 11 
00 00 00 00 00 00 01 17 3a 05 00 11 00 0a 00 50 76 50 53 65 72 76 65 72 00 04 00 06 00 00 00 1d 
3a 05 00 17 00 10 00 50 76 50 4d 61 78 53 61 66 65 4c 65 76 65 6c 00 04 00 0f 00 00 00 3f 3a 05 
00 14 00 0d 00 57 52 5f 52 65 7a 45 76 65 6e 74 73 00 29 00 48 61 6c 6c 6f 77 65 65 6e 5f 45 76 
65 6e 74 2c 57 69 6e 74 65 72 33 50 6c 75 73 48 61 6c 6c 6f 77 65 65 6e 54 53 45 43 00 1b 3a 05 
00 19 00 12 00 45 76 65 6e 74 53 6c 6f 74 31 5f 45 66 66 65 63 74 00 00 00 28 3a 05 00 19 00 12 
00 45 76 65 6e 74 53 6c 6f 74 32 5f 45 66 66 65 63 74 00 0d 00 66 6c 79 6d 61 6e 5f 69 64 6c 65 
33 00 25 3a 05 00 19 00 12 00 45 76 65 6e 74 53 6c 6f 74 33 5f 45 66 66 65 63 74 00 0a 00 66 6c 
79 5f 76 69 72 75 73 00 1f 3a 05 00 1b 00 14 00 46 69 78 65 64 42 69 6e 6b 49 44 4f 76 65 72 72 
69 64 65 00 02 00 20 00 16 80 bc 11 00 dd 03 00 00 00 00 00 cb 02 00 00 00 00 00 00 00 00 00 16 
80 bc 15 00 de 03 00 4b 04 00 00 f1 03 34 00 00 00 00 00 00 00 00 16 80 bc 01 00 df 03 00 d6 04 
00 00 00 10 01 00 00 00 00 00 00 00 00 16 80 bc 09 00 e0 03 00 c6 02 00 00 00 10 01 00 00 00 00 
00 00 00 00 16 80 bc 15 00 e1 03 00 f7 03 00 00 08 02 00 00 00 00 00 00 00 00 00 16 80 bc 15 00 
e2 03 00 f7 03 00 00 07 02 ec ff ff ff 00 00 00 00 00 16 80 bc 15 00 e3 03 00 f7 03 00 00 50 04 
00 00 00 00 00 00 00 00 00 16 80 bc 15 00 e4 03 00 f7 03 00 00 f4 03 00 00 00 00 00 00 00 00 00 
...........^........F.........................z......................{........M.............|...
.....4.............}........M.............~...............................4.....................
.4......................M.........................F.....................:......PvPServer........
:......PvPMaxSafeLevel.......?:......WR_RezEvents.).Halloween_Event,Winter3PlusHalloweenTSEC..:.
.....EventSlot1_Effect...(:......EventSlot2_Effect...flyman_idle3.%:......EventSlot3_Effect...fl
y_virus..:......FixedBinkIDOverride... ................................K.....4..................
..............................................................................................P.
................................

Client->GAME [06:03:38 07/15/09] packet size: 1 CRYPTED, Flags: 7f ServerSeq: 12 ClientSeq: 13
02 
.

GAME->Client [06:03:38 07/15/09] packet size: 696 CRYPTED, Flags: 7f ServerSeq: 13 ClientSeq: 11
02 04 01 00 dd 1e 16 80 bc 15 00 e5 03 00 f7 03 00 00 51 04 f6 ff ff ff 00 00 00 00 00 16 80 bc 
15 00 e6 03 00 f7 03 00 00 52 04 0f 00 00 00 00 00 00 00 00 16 80 bc 56 00 2c 04 00 0a 95 00 00 
06 04 02 00 00 00 00 00 00 00 00 16 80 bc 56 00 2d 04 00 0a 95 00 00 b4 00 11 00 00 00 00 00 00 
00 00 16 80 bc 56 00 2e 04 00 0a 95 00 00 b5 00 11 00 00 00 00 00 00 00 00 16 80 bc 56 00 2f 04 
00 0a 95 00 00 07 04 02 00 00 00 00 00 00 00 00 16 80 bc 56 00 30 04 00 8a b2 00 00 23 04 02 00 
00 00 00 00 00 00 00 16 80 bc 56 00 31 04 00 8a b2 00 00 21 04 01 00 00 00 00 00 00 00 00 16 80 
bc 56 00 32 04 00 8a b2 00 00 b4 00 1d 00 00 00 00 00 00 00 00 16 80 bc 56 00 33 04 00 8a b2 00 
00 09 04 1d 00 00 00 00 00 00 00 00 16 80 bc 56 00 34 04 00 8a b2 00 00 9d 00 1d 00 00 00 00 00 
00 00 00 16 80 bc 56 00 35 04 00 8a b2 00 00 06 04 01 00 00 00 00 00 00 00 00 16 80 bc 56 00 36 
04 00 24 b3 00 00 89 02 02 00 00 00 00 00 00 00 00 16 80 bc 56 00 37 04 00 24 b3 00 00 1a 04 01 
00 00 00 00 00 00 00 00 16 80 bc 56 00 38 04 00 24 b3 00 00 b4 00 21 00 00 00 00 00 00 00 00 16 
80 bc 56 00 39 04 00 24 b3 00 00 09 04 21 00 00 00 00 00 00 00 00 16 80 bc 56 00 3a 04 00 24 b3 
00 00 15 04 02 00 00 00 00 00 00 00 00 16 80 bc 56 00 3b 04 00 24 b3 00 00 b5 00 21 00 00 00 00 
00 00 00 00 16 80 bc 56 00 3c 04 00 95 a7 00 00 b4 00 12 00 00 00 00 00 00 00 00 16 80 bc 56 00 
3d 04 00 95 a7 00 00 b5 00 12 00 00 00 00 00 00 00 00 16 80 bc 56 00 3e 04 00 95 a7 00 00 09 04 
12 00 00 00 00 00 00 00 00 16 80 bc 56 00 3f 04 00 95 a7 00 00 70 00 0f 00 00 00 00 00 00 00 00 
16 80 bc 56 00 40 04 00 2c b3 00 00 17 04 01 00 00 00 00 00 00 00 00 16 80 bc 56 00 41 04 00 2c 
b3 00 00 b4 00 21 00 00 00 00 00 00 00 00 16 80 bc 56 00 42 04 00 2c b3 00 00 09 04 21 00 00 00 
00 00 00 00 00 16 80 bc 56 00 43 04 00 2c b3 00 00 12 04 02 00 00 00 00 00 00 00 00 16 80 bc 56 
00 44 04 00 2c b3 00 00 07 04 02 00 00 00 00 00 00 00 00 16 80 bc 56 00 45 04 00 2c b3 00 00 b5 
00 21 00 00 00 00 00 00 00 00 16 80 bc 56 00 46 04 00 c3 b2 00 00 89 02 02 00 00 00 00 00 00 00 
00 16 80 bc 56 00 47 04 00 c3 b2 00 00 21 04 02 00 00 00 00 00 00 00 00 
..................Q......................R.............V.,....................V.-...............
.....V......................V./....................V.0......#.............V.1......!............
.V.2....................V.3....................V.4....................V.5....................V.6
..$.................V.7..$.................V.8..$.....!...........V.9..$.....!...........V.:..$.
................V.;..$.....!...........V.<....................V.=....................V.>........
............V.?......p.............V.@..,.................V.A..,.....!...........V.B..,.....!...
........V.C..,.................V.D..,.................V.E..,.....!...........V.F................
....V.G......!..........

Client->GAME [06:03:38 07/15/09] packet size: 1 CRYPTED, Flags: 7f ServerSeq: 13 ClientSeq: 14
02 
.

GAME->Client [06:03:38 07/15/09] packet size: 730 CRYPTED, Flags: 7f ServerSeq: 14 ClientSeq: 13
02 03 01 00 0c 57 02 e2 cd ab 11 8e 47 6f 6c 64 20 42 6c 6f 6f 64 20 43 68 61 6d 70 69 6f 6e 00 
00 00 00 00 00 00 00 00 00 00 00 00 00 10 00 00 22 d4 bf 61 1c 00 c6 01 80 c1 d7 09 00 58 00 00 
00 f4 38 40 e7 40 00 00 00 00 00 44 91 c0 00 00 00 00 0f 2d 96 c0 c0 01 82 01 a8 0d ee 02 b2 04 
ee 02 07 08 00 00 81 b5 02 00 00 02 03 08 00 00 01 00 0c 57 02 e1 cd ab 13 8e 47 6f 6c 64 20 42 
6c 6f 6f 64 20 43 68 61 6d 70 69 6f 6e 00 00 00 00 00 00 00 00 00 00 00 00 00 00 10 00 00 22 d4 
48 61 1c 00 c6 01 80 d1 d7 09 00 58 0a 00 00 00 e0 8e 00 e7 40 00 00 00 00 00 44 91 c0 00 00 00 
a0 b3 34 c6 c0 c0 01 83 01 01 a8 0d ee 02 b2 04 ee 02 07 08 00 00 81 b5 02 00 00 02 03 10 00 00 
01 00 0c 57 02 e3 cd ab 13 8e 47 6f 6c 64 20 42 6c 6f 6f 64 20 45 6e 74 68 75 73 69 61 73 74 00 
00 00 00 00 00 00 00 00 00 00 00 10 00 00 22 d4 02 60 1c 00 c6 01 80 d1 d7 09 00 58 0a 00 00 00 
00 1d 38 e7 40 00 00 00 00 00 44 91 c0 00 00 00 00 2a 44 87 c0 c0 01 83 01 02 a8 0d 32 02 b2 09 
32 02 07 08 00 00 81 b5 02 00 00 02 03 0c 00 00 01 00 0c 57 02 e0 cd ab 12 8e 47 6f 6c 64 20 42 
6c 6f 6f 64 20 45 6e 74 68 75 73 69 61 73 74 00 00 00 00 00 00 00 00 00 00 00 00 10 00 00 22 d4 
6e 60 1c 00 c6 01 80 c1 d7 09 00 58 00 00 00 1c 3c 57 e7 40 00 00 00 00 00 44 91 c0 00 00 00 90 
f8 d3 c6 c0 c0 01 83 04 02 a8 0d 32 02 b2 09 32 02 07 08 00 00 81 b5 02 00 00 02 03 06 00 00 00 
00 04 01 00 fb 0c 16 80 bc 56 00 48 04 00 c3 b2 00 00 b4 00 1f 00 00 00 00 00 00 00 00 16 80 bc 
56 00 49 04 00 c3 b2 00 00 09 04 1f 00 00 00 00 00 00 00 00 16 80 bc 56 00 4a 04 00 c3 b2 00 00 
1e 04 01 00 00 00 00 00 00 00 00 16 80 bc 56 00 4b 04 00 c3 b2 00 00 9d 00 1f 00 00 00 00 00 00 
00 00 16 80 bc 55 00 55 04 00 02 00 00 00 cc 00 0c 00 00 00 00 00 00 00 00 16 80 bc 55 00 5f 04 
00 0b 00 00 00 37 02 96 00 00 00 00 00 00 00 00 16 80 bc 55 00 60 04 00 2d 00 00 00 23 04 0a 00 
00 00 00 00 00 00 00 16 80 bc 55 00 61 04 00 2d 00 00 00 20 04 0a 00 00 00 00 00 00 00 00 16 80 
bc 55 00 62 04 00 2d 00 00 00 19 04 05 00 00 00 00 00 00 00 00 16 80 bc 55 00 63 04 00 2d 00 00 
00 42 04 05 00 00 00 00 00 00 00 00 16 80 bc 55 00 64 04 00 34 00 00 00 83 02 c8 00 00 00 00 00 
00 00 00 16 80 bc 55 00 65 04 00 4b 00 00 00 1f 04 19 00 00 00 00 00 00 00 00 
.....W......Gold Blood Champion................."..a.........X....8@.@.....D.......-............
...................W......Gold Blood Champion.................".Ha.........X........@.....D.....
..4................................W......Gold Blood Enthusiast..............."..`.........X....
..8.@.....D......*D.........2...2..................W......Gold Blood Enthusiast...............".
n`.........X....<W.@.....D.................2...2.........................V.H....................
V.I....................V.J....................V.K....................U.U....................U._.
.....7.............U.`..-...#.............U.a..-... .............U.b..-.................U.c..-..
.B.............U.d..4.................U.e..K..............

Client->GAME [06:03:39 07/15/09] packet size: 25 CRYPTED, Flags: 7f ServerSeq: 13 ClientSeq: 15
02 04 01 00 0a 01 12 80 c9 07 00 10 18 00 e8 00 47 00 c0 94 c4 00 d0 84 c6 
................G........

GAME->Client [06:03:39 07/15/09] packet size: 712 CRYPTED, Flags: 7f ServerSeq: 15 ClientSeq: 14
82 e1 62 ef 48 03 02 00 02 80 80 80 10 8b 00 01 00 02 13 00 08 00 02 0c b7 c8 01 3a 47 00 20 8a 
c4 78 68 b1 c4 01 00 02 13 00 10 00 02 0c 4b c8 1b 38 47 00 20 8a c4 6c bf 31 c6 01 00 02 13 00 
06 00 02 0c 79 e1 b9 3a 47 00 20 8a c4 c4 9f 36 c6 00 00 04 02 01 07 01 16 80 bc 55 00 66 04 00 
5f 00 00 00 7c 04 0f 00 00 00 00 00 00 00 00 01 08 1a 16 80 bc 55 00 67 04 00 5f 00 00 00 07 04 
0f 00 00 00 00 00 00 00 00 16 80 bc 55 00 68 04 00 62 00 00 00 06 04 01 00 00 00 00 00 00 00 00 
16 80 bc 55 00 69 04 00 62 00 00 00 15 04 01 00 00 00 00 00 00 00 00 16 80 bc 55 00 6a 04 00 5a 
01 00 00 07 04 05 00 00 00 00 00 00 00 00 16 80 bc 55 00 6b 04 00 5a 01 00 00 1d 04 0f 00 00 00 
00 00 00 00 00 16 80 bc 55 00 6c 04 00 64 01 00 00 1f 04 05 00 00 00 00 00 00 00 00 16 80 bc 55 
00 6d 04 00 66 01 00 00 7b 04 05 00 00 00 00 00 00 00 00 16 80 bc 55 00 6e 04 00 66 01 00 00 12 
04 0a 00 00 00 00 00 00 00 00 16 80 bc 55 00 6f 04 00 66 01 00 00 06 04 0b 00 00 00 00 00 00 00 
00 16 80 bc 55 00 70 04 00 8e 01 00 00 03 04 05 00 00 00 00 00 00 00 00 16 80 bc 55 00 71 04 00 
8e 01 00 00 12 04 0f 00 00 00 00 00 00 00 00 16 80 bc 55 00 72 04 00 8e 01 00 00 77 04 05 00 00 
00 00 00 00 00 00 16 80 bc 55 00 73 04 00 cd 01 00 00 e5 03 05 00 00 00 00 00 00 00 00 16 80 bc 
55 00 74 04 00 cd 01 00 00 73 04 05 00 00 00 00 00 00 00 00 16 80 bc 55 00 75 04 00 cd 01 00 00 
e3 03 0f 00 00 00 00 00 00 00 00 16 80 bc 55 00 76 04 00 d5 01 00 00 e3 03 05 00 00 00 00 00 00 
00 00 16 80 bc 55 00 77 04 00 36 02 00 00 37 02 0a 00 00 00 00 00 00 00 00 16 80 bc 55 00 78 04 
00 74 02 00 00 34 02 1e 00 00 00 00 00 00 00 00 16 80 bc 5d 00 79 04 00 d6 04 00 00 c6 02 00 00 
00 00 00 00 00 00 00 16 80 bc 15 00 7a 04 00 11 00 00 00 ab 00 0d 00 00 00 00 00 00 00 00 16 80 
bc 15 00 7b 04 00 11 00 00 00 0a 02 4d 00 00 00 00 00 00 00 00 16 80 bc 15 00 7c 04 00 11 00 00 
00 f2 03 34 00 00 00 00 00 00 00 00 16 80 bc 15 00 7d 04 00 11 00 00 00 ed 03 4d 00 00 00 00 00 
00 00 00 16 80 bc 15 00 7e 04 00 11 00 00 00 9f 00 19 00 00 00 00 00 00 00 00 16 80 bc 15 00 7f 
04 00 11 00 00 00 f1 03 34 00 00 00 00 00 00 00 00 16 80 bc 15 00 80 04 00 11 00 00 00 0c 02 34 
00 00 00 00 00 00 00 00 
..b.H......................:G. ..xh...........K..8G. ..l.1..........y..:G. ....6...........U.f..
_...|................U.g.._.................U.h..b.................U.i..b.................U.j..Z
.................U.k..Z.................U.l..d.................U.m..f...{.............U.n..f....
.............U.o..f.................U.p....................U.q....................U.r......w....
.........U.s....................U.t......s.............U.u....................U.v...............
.....U.w..6...7.............U.x..t...4.............].y......................z...................
...{........M.............|........4.............}........M.............~.......................
........4......................4........

Client->GAME [06:03:39 07/15/09] packet size: 1 CRYPTED, Flags: 7f ServerSeq: 15 ClientSeq: 16
02 
.

GAME->Client [06:03:39 07/15/09] packet size: 497 CRYPTED, Flags: 7f ServerSeq: 16 ClientSeq: 15
02 03 01 00 02 12 00 0c 00 02 08 1d c3 39 47 00 20 8a c4 d0 e3 2e c4 01 00 02 13 00 06 00 02 0c 
82 e1 b9 3a 47 00 20 8a c4 c4 9f 36 c6 0b 00 02 08 82 dd 29 47 00 20 8a c4 50 cb 1c c4 00 00 04 
01 01 22 0e 16 80 bc 15 00 81 04 00 11 00 00 00 b7 00 4d 00 00 00 00 00 00 00 00 16 80 bc 15 00 
82 04 00 11 00 00 00 f3 03 46 00 00 00 00 00 00 00 00 16 80 bc 45 03 11 00 00 02 00 00 00 11 00 
32 00 00 00 00 00 00 00 00 16 80 bc 45 03 35 04 00 62 00 00 00 35 04 00 00 00 00 00 00 00 00 00 
16 80 bc 45 03 3d 04 00 43 00 00 00 3d 04 00 00 00 00 00 00 00 00 00 16 80 bc 45 03 3e 04 00 4f 
01 00 00 3e 04 00 00 00 00 00 00 00 00 00 16 80 bc 45 03 3f 04 00 64 01 00 00 3f 04 00 00 00 00 
00 00 00 00 00 16 80 bc 45 03 40 04 00 d5 01 00 00 40 04 00 00 00 00 00 00 00 00 00 16 80 bc 05 
03 d6 04 00 d4 04 00 00 d6 04 00 00 00 00 00 00 00 00 00 0b 80 bd 05 11 00 00 00 00 00 00 01 0b 
80 bd 05 4b 04 00 00 00 00 00 01 41 81 67 17 00 27 00 1c 22 00 c6 01 11 00 00 00 00 00 00 00 37 
00 00 08 0e 00 41 66 74 65 72 57 68 6f 72 75 4e 65 6f 00 0e 00 41 66 74 65 72 57 68 6f 72 75 4e 
65 6f 00 02 00 4d 00 00 00 00 00 00 00 41 81 67 17 00 27 00 1c 22 00 c6 01 11 00 00 00 00 00 00 
00 37 00 00 08 0e 00 41 66 74 65 72 57 68 6f 72 75 4e 65 6f 00 0e 00 41 66 74 65 72 57 68 6f 72 
75 4e 65 6f 00 02 00 4d 00 00 00 00 00 00 00 41 81 67 17 00 27 00 1c 22 00 c6 01 11 00 00 00 00 
00 00 00 37 00 00 08 0e 00 41 66 74 65 72 57 68 6f 72 75 4e 65 6f 00 0e 00 41 66 74 65 72 57 68 
6f 72 75 4e 65 6f 00 02 00 4d 00 00 00 00 00 00 00 
.............9G. ..................:G. ....6.......)G. ..P........"...............M.............
.........F...........E..........2...........E.5..b...5.............E.=..C...=.............E.>..O
...>.............E.?..d...?.............E.@......@..............................................
...K.......A.g..'.."...........7.....AfterWhoruNeo...AfterWhoruNeo...M.......A.g..'.."..........
.7.....AfterWhoruNeo...AfterWhoruNeo...M.......A.g..'.."...........7.....AfterWhoruNeo...AfterWh
oruNeo...M.......

Client->GAME [06:03:39 07/15/09] packet size: 1 CRYPTED, Flags: 7f ServerSeq: 0 ClientSeq: 17
02 
.

GAME->Client [06:03:39 07/15/09] packet size: 22 CRYPTED, Flags: 7f ServerSeq: 17 ClientSeq: 0
02 03 06 00 02 0e 00 8c e1 b9 3a 47 00 20 8a c4 c4 9f 36 c6 00 00 
..........:G. ....6...

Client->GAME [06:03:39 07/15/09] packet size: 1 CRYPTED, Flags: 7f ServerSeq: 1 ClientSeq: 18
02 
.

GAME->Client [06:03:39 07/15/09] packet size: 22 CRYPTED, Flags: 7f ServerSeq: 18 ClientSeq: 1
02 03 06 00 02 0e 00 96 e1 b9 3a 47 00 20 8a c4 c4 9f 36 c6 00 00 
..........:G. ....6...

Client->GAME [06:03:39 07/15/09] packet size: 1 CRYPTED, Flags: 7f ServerSeq: 2 ClientSeq: 19
02 
.

GAME->Client [06:03:39 07/15/09] packet size: 21 CRYPTED, Flags: 7f ServerSeq: 19 ClientSeq: 2
02 03 06 00 02 0c 9a e1 b9 3a 47 00 20 8a c4 c4 9f 36 c6 00 00 
.........:G. ....6...

Client->GAME [06:03:39 07/15/09] packet size: 1 CRYPTED, Flags: 7f ServerSeq: 3 ClientSeq: 20
02 
.

GAME->Client [06:03:39 07/15/09] packet size: 20 CRYPTED, Flags: 7f ServerSeq: 20 ClientSeq: 4
02 03 10 00 02 08 4d a6 38 47 00 20 8a c4 c2 58 32 c6 00 00 
......M.8G. ...X2...

Client->GAME [06:03:39 07/15/09] packet size: 1 CRYPTED, Flags: 7f ServerSeq: 4 ClientSeq: 21
02 
.

GAME->Client [06:03:39 07/15/09] packet size: 447 CRYPTED, Flags: 7f ServerSeq: 21 ClientSeq: 4
02 03 01 00 0c 57 02 e4 cd ab 10 8e 47 6f 6c 64 20 42 6c 6f 6f 64 20 43 68 61 6d 70 69 6f 6e 00 
00 00 00 00 00 00 00 00 00 00 00 00 00 10 00 00 22 d0 61 1c 00 c6 01 80 c1 d7 09 00 58 00 00 00 
64 c4 a8 e6 40 00 00 00 00 00 44 91 c0 00 00 00 00 00 63 b5 c0 c0 01 82 01 a8 0d ee 02 b2 04 ee 
02 07 08 00 00 81 b5 02 00 00 02 03 18 00 00 01 00 0c 57 02 e5 cd ab 12 8e 47 6f 6c 64 20 42 6c 
6f 6f 64 20 45 6e 74 68 75 73 69 61 73 74 00 00 00 00 00 00 00 00 00 00 00 00 10 00 00 22 d4 4f 
60 1c 00 c6 01 80 c1 d6 09 00 58 00 00 00 a8 27 fe e6 40 00 00 00 00 00 44 91 c0 00 00 00 e0 27 
de b4 c0 c0 01 83 04 02 a8 0d 32 02 b2 09 32 02 07 08 00 00 81 b5 02 00 00 02 03 16 00 00 01 00 
0c 57 02 e6 cd ab 12 8e 47 6f 6c 64 20 42 6c 6f 6f 64 20 43 68 61 6d 70 69 6f 6e 00 00 00 00 00 
00 00 00 00 00 00 00 00 00 10 00 00 22 d4 d4 61 1c 00 c6 01 80 c1 d7 09 00 58 00 00 00 c4 bd 5b 
e6 40 00 00 00 00 00 44 91 c0 00 00 00 80 cb 18 aa c0 c0 01 83 05 01 a8 0d ee 02 b2 04 ee 02 07 
08 00 00 81 b5 02 00 00 02 03 14 00 00 01 00 0c 57 02 e7 cd ab 13 8e 47 6f 6c 64 20 42 6c 6f 6f 
64 20 45 6e 74 68 75 73 69 61 73 74 00 00 00 00 00 00 00 00 00 00 00 00 10 00 00 22 d4 24 60 1c 
00 c6 01 80 d1 d9 09 00 58 0a 00 00 00 64 3f ac e6 40 00 00 00 00 00 44 91 c0 00 00 00 00 d9 86 
a7 c0 c0 01 83 01 02 a8 0d 32 02 b2 09 32 02 07 08 00 00 81 b5 02 00 00 02 03 12 00 00 00 00 
.....W......Gold Blood Champion.................".a.........X...d...@.....D.......c.............
..................W......Gold Blood Enthusiast...............".O`.........X....'..@.....D......'
..........2...2..................W......Gold Blood Champion................."..a.........X.....[
.@.....D........................................W......Gold Blood Enthusiast...............".$`.
........X....d?..@.....D.................2...2.................

Client->GAME [06:03:39 07/15/09] packet size: 1 CRYPTED, Flags: 7f ServerSeq: 5 ClientSeq: 22
02 
.

GAME->Client [06:03:40 07/15/09] packet size: 280 CRYPTED, Flags: 7f ServerSeq: 22 ClientSeq: 5
02 03 02 00 02 80 80 80 10 8e 00 01 00 02 13 00 16 00 02 0c 59 3d f1 37 47 00 20 8a c4 3f f1 a6 
c5 01 00 02 13 00 14 00 02 0c ca ee dd 32 47 00 20 8a c4 5c c6 50 c5 01 00 0c 57 02 e8 cd ab 12 
8e 47 6f 6c 64 20 42 6c 6f 6f 64 20 42 72 6f 74 68 65 72 00 00 00 00 00 00 00 00 00 00 00 00 00 
00 00 10 00 00 22 d4 24 5f 1c 00 c6 01 80 c1 d8 09 00 58 00 00 00 d4 df 6b e6 40 00 00 00 00 00 
44 91 c0 00 00 00 40 a9 e7 a3 c0 c0 01 83 04 03 a8 0d 77 01 b2 09 77 01 07 08 00 00 81 b5 02 00 
00 02 03 11 00 00 01 00 0c 57 02 e9 cd ab 13 8e 47 6f 6c 64 20 42 6c 6f 6f 64 20 42 72 6f 74 68 
65 72 00 00 00 00 00 00 00 00 00 00 00 00 00 00 00 10 00 00 22 d4 eb 5f 1c 00 c6 01 80 d1 d8 09 
00 58 0a 00 00 00 2c ea 4e e6 40 00 00 00 00 00 44 91 c0 00 00 00 40 c5 f8 a8 c0 c0 01 83 01 03 
a8 0d 77 01 b2 09 77 01 07 08 00 00 81 b5 02 00 00 02 03 0a 00 00 00 00 
....................Y=.7G. ..?...............2G. ..\.P....W......Gold Blood Brother.............
.....".$_.........X.....k.@.....D.....@...........w...w..................W......Gold Blood Broth
er..................".._.........X....,.N.@.....D.....@...........w...w.................

Client->GAME [06:03:40 07/15/09] packet size: 1 CRYPTED, Flags: 7f ServerSeq: 6 ClientSeq: 23
02 
.

GAME->Client [06:03:40 07/15/09] packet size: 118 CRYPTED, Flags: 7f ServerSeq: 23 ClientSeq: 6
82 06 63 ef 48 03 01 00 02 13 00 11 00 02 0c 2e ff 5e 33 47 00 20 8a c4 4a 3d 1f c5 01 00 02 13 
00 0a 00 02 0c ec 79 6c 32 47 00 20 8a c4 e2 8a 46 c5 16 00 02 0c 63 3d f1 37 47 00 20 8a c4 3f 
f1 a6 c5 14 00 02 0c c0 ee dd 32 47 00 20 8a c4 5c c6 50 c5 0c 00 02 08 5c cc 39 47 00 20 8a c4 
00 af ff c3 0b 00 02 08 c0 07 2a 47 00 20 8a c4 a0 3f 49 c4 00 00 
..c.H............^3G. ..J=............yl2G. ....F.....c=.7G. ..?..........2G. ..\.P.....\.9G. ..
..........*G. ...?I...

Client->GAME [06:03:40 07/15/09] packet size: 1 CRYPTED, Flags: 7f ServerSeq: 7 ClientSeq: 24
02 
.

GAME->Client [06:03:40 07/15/09] packet size: 56 CRYPTED, Flags: 7f ServerSeq: 24 ClientSeq: 7
02 03 16 00 02 0e 01 6d 8f fc 37 47 00 20 8a c4 97 8c a7 c5 14 00 02 0c b6 ee dd 32 47 00 20 8a 
c4 5c c6 50 c5 11 00 02 0c 38 ff 5e 33 47 00 20 8a c4 4a 3d 1f c5 00 00 
.......m..7G. .............2G. ..\.P.....8.^3G. ..J=....

Client->GAME [06:03:40 07/15/09] packet size: 1 CRYPTED, Flags: 7f ServerSeq: 8 ClientSeq: 25
02 
.

GAME->Client [06:03:40 07/15/09] packet size: 91 CRYPTED, Flags: 7f ServerSeq: 25 ClientSeq: 8
02 03 16 00 02 0e 01 74 9e 03 38 47 00 20 8a c4 86 37 a8 c5 14 00 02 0c ac ee dd 32 47 00 20 8a 
c4 5c c6 50 c5 11 00 02 0c 42 ff 5e 33 47 00 20 8a c4 4a 3d 1f c5 0c 00 02 0c 03 d8 ce 39 47 00 
20 8a c4 80 34 e9 c3 0a 00 02 0e 04 f0 0e 5c 32 47 00 20 8a c4 20 b2 44 c5 00 00 
.......t..8G. ...7.........2G. ..\.P.....B.^3G. ..J=.........9G. ...4.........\2G. .. .D...

Client->GAME [06:03:40 07/15/09] packet size: 1 CRYPTED, Flags: 7f ServerSeq: 9 ClientSeq: 26
02 
.

GAME->Client [06:03:40 07/15/09] packet size: 56 CRYPTED, Flags: 7f ServerSeq: 26 ClientSeq: 9
02 03 14 00 02 0c a2 ee dd 32 47 00 20 8a c4 5c c6 50 c5 11 00 02 0c 4c ff 5e 33 47 00 20 8a c4 
4a 3d 1f c5 0a 00 02 0e 04 fa 0e 5c 32 47 00 20 8a c4 20 b2 44 c5 00 00 
.........2G. ..\.P.....L.^3G. ..J=.........\2G. .. .D...

Client->GAME [06:03:40 07/15/09] packet size: 1 CRYPTED, Flags: 7f ServerSeq: 10 ClientSeq: 27
02 
.

GAME->Client [06:03:40 07/15/09] packet size: 74 CRYPTED, Flags: 7f ServerSeq: 27 ClientSeq: 10
02 03 14 00 02 0e 01 98 aa d7 32 47 00 20 8a c4 72 5c 51 c5 12 00 02 08 30 ca 35 47 00 20 8a c4 
c4 d8 36 c5 11 00 02 0e 00 56 ff 5e 33 47 00 20 8a c4 4a 3d 1f c5 0a 00 02 0e 00 04 0e 5c 32 47 
00 20 8a c4 20 b2 44 c5 00 00 
..........2G. ..r\Q.....0.5G. ....6......V.^3G. ..J=.........\2G. .. .D...

Client->GAME [06:03:40 07/15/09] packet size: 1 CRYPTED, Flags: 7f ServerSeq: 11 ClientSeq: 28
02 
.

GAME->Client [06:03:40 07/15/09] packet size: 58 CRYPTED, Flags: 7f ServerSeq: 28 ClientSeq: 11
02 03 14 00 02 0e 01 8e d4 ce 32 47 00 20 8a c4 36 a6 52 c5 11 00 02 0e 00 5c ff 5e 33 47 00 20 
8a c4 4a 3d 1f c5 0a 00 02 0e 00 0e 0e 5c 32 47 00 20 8a c4 20 b2 44 c5 00 00 
..........2G. ..6.R......\.^3G. ..J=.........\2G. .. .D...

Client->GAME [06:03:40 07/15/09] packet size: 1 CRYPTED, Flags: 7f ServerSeq: 12 ClientSeq: 29
02 
.

GAME->Client [06:03:40 07/15/09] packet size: 54 CRYPTED, Flags: 7f ServerSeq: 29 ClientSeq: 12
02 03 14 00 02 0c 8b ce c8 32 47 00 20 8a c4 5c 02 54 c5 10 00 02 08 7b 67 39 47 00 20 8a c4 98 
2e 33 c6 0a 00 02 0c 10 0e 5c 32 47 00 20 8a c4 20 b2 44 c5 00 00 
.........2G. ..\.T.....{g9G. ....3.......\2G. .. .D...

Client->GAME [06:03:40 07/15/09] packet size: 1 CRYPTED, Flags: 7f ServerSeq: 13 ClientSeq: 30
02 
.

GAME->Client [06:03:40 07/15/09] packet size: 36 CRYPTED, Flags: 7f ServerSeq: 30 ClientSeq: 12
02 03 02 00 02 80 80 80 10 92 00 11 00 02 2c 00 40 00 00 00 10 5c ff 5e 33 47 00 20 8a c4 4a 3d 
1f c5 00 00 
..............,.@....\.^3G. ..J=....

