Client->GAME [12:37:06 07/17/09] packet size: 10 CRYPTED, Flags: 7f ServerSeq: 525 ClientSeq: 1180
02 04 01 00 d7 01 03 80 fc 01 
..........

Client->GAME [12:37:06 07/17/09] packet size: 1 CRYPTED, Flags: 7f ServerSeq: 526 ClientSeq: 1181
02 
.

GAME->Client [12:37:06 07/17/09] packet size: 40 CRYPTED, Flags: 7f ServerSeq: 623 ClientSeq: 1035
02 03 15 00 02 0e 00 f6 b8 f7 33 47 00 20 8a c4 64 b2 a9 c5 0a 00 02 0e 01 69 d4 cd 36 47 00 20 
8a c4 00 b5 eb c4 00 00 
..........3G. ..d........i..6G. ........

Client->GAME [12:37:06 07/17/09] packet size: 1 CRYPTED, Flags: 7f ServerSeq: 527 ClientSeq: 1182
02 
.

GAME->Client [12:37:06 07/17/09] packet size: 47 CRYPTED, Flags: 7f ServerSeq: 624 ClientSeq: 1035
02 03 01 00 01 01 00 0b 00 15 00 02 0e 00 f7 b8 f7 33 47 00 20 8a c4 64 b2 a9 c5 0a 00 02 0e 01 
5f 21 dd 36 47 00 20 8a c4 14 c4 ed c4 00 00 
.................3G. ..d........_!.6G. ........

Client->GAME [12:37:06 07/17/09] packet size: 1 CRYPTED, Flags: 7f ServerSeq: 512 ClientSeq: 1183
02 
.

GAME->Client [12:37:06 07/17/09] packet size: 52 CRYPTED, Flags: 7f ServerSeq: 625 ClientSeq: 1038
02 03 0a 00 02 0c 5a 30 e6 36 47 00 20 8a c4 18 9b ee c4 05 00 02 0c ed 89 ea 29 47 00 20 8a c4 
80 bf fa c3 00 00 04 01 08 24 01 08 80 fd 00 00 00 00 01 00 
......Z0.6G. .............)G. ...........$..........

GAME->Client [12:37:06 07/17/09] packet size: 44 CRYPTED, Flags: 7f ServerSeq: 626 ClientSeq: 1038
02 03 15 00 02 2c 00 40 00 00 00 10 f7 b8 f7 33 47 00 20 8a c4 64 b2 a9 c5 0a 00 02 0c 56 6e f9 
36 47 00 20 8a c4 24 0c f0 c4 00 00 
.....,.@.......3G. ..d.......Vn.6G. ..$.....

Client->GAME [12:37:07 07/17/09] packet size: 1 CRYPTED, Flags: 7e ServerSeq: 514 ClientSeq: 1184
02 
.

GAME->Client [12:37:07 07/17/09] packet size: 74 CRYPTED, Flags: 7f ServerSeq: 627 ClientSeq: 1039
02 03 15 00 02 28 00 40 00 00 00 10 b8 f7 33 47 00 20 8a c4 64 b2 a9 c5 0a 00 02 2e 00 40 00 00 
00 10 01 56 08 20 37 47 00 20 8a c4 7c f0 f2 c4 05 00 02 2e 00 40 00 00 00 10 01 ed 7b cb 29 47 
00 20 8a c4 40 d2 dc c3 00 00 
.....(.@......3G. ..d........@.....V. 7G. ..|........@......{.)G. ..@.....

Client->GAME [12:37:07 07/17/09] packet size: 1 CRYPTED, Flags: 7d ServerSeq: 515 ClientSeq: 1185
02 
.

GAME->Client [12:37:07 07/17/09] packet size: 45 CRYPTED, Flags: 7f ServerSeq: 628 ClientSeq: 1024
82 30 c5 9a 47 03 0a 00 02 02 01 05 00 02 0e 01 ec 25 c6 29 47 00 20 8a c4 80 d4 d7 c3 00 00 04 
01 08 24 01 08 80 fd 00 00 00 00 01 00 
.0..G............%.)G. ...........$..........

GAME->Client [12:37:07 07/17/09] packet size: 51 CRYPTED, Flags: 7f ServerSeq: 629 ClientSeq: 1025
02 03 0a 00 02 2a 00 40 00 00 00 10 01 b0 52 37 47 00 20 8a c4 20 bc f6 c4 05 00 02 2e 00 40 00 
00 00 10 01 ec 21 b0 29 47 00 20 8a c4 c0 a6 c2 c3 00 00 
.....*.@......R7G. .. ........@......!.)G. ........

GAME->Client [12:37:07 07/17/09] packet size: 51 CRYPTED, Flags: 7f ServerSeq: 630 ClientSeq: 1025
02 03 0a 00 02 2a 00 40 00 00 00 10 01 fc 65 37 47 00 20 8a c4 40 2e f8 c4 05 00 02 2e 00 40 00 
00 00 10 01 ec c5 a5 29 47 00 20 8a c4 c0 aa b8 c3 00 00 
.....*.@......e7G. ..@........@........)G. ........

GAME->Client [12:37:07 07/17/09] packet size: 58 CRYPTED, Flags: 7f ServerSeq: 631 ClientSeq: 1025
02 03 01 00 01 01 00 04 00 0a 00 02 2a 00 40 00 00 00 10 01 49 79 37 47 00 20 8a c4 68 a0 f9 c4 
05 00 02 2e 00 40 00 00 00 10 01 ed 68 9b 29 47 00 20 8a c4 80 ae ae c3 00 00 
............*.@.....Iy7G. ..h........@......h.)G. ........

GAME->Client [12:37:07 07/17/09] packet size: 51 CRYPTED, Flags: 7f ServerSeq: 632 ClientSeq: 1025
02 03 0a 00 02 2a 00 40 00 00 00 10 01 96 8c 37 47 00 20 8a c4 90 12 fb c4 05 00 02 2e 00 40 00 
00 00 10 01 ed 0c 91 29 47 00 20 8a c4 20 b2 a4 c3 00 00 
.....*.@.......7G. ...........@........)G. .. .....

GAME->Client [12:37:08 07/17/09] packet size: 51 CRYPTED, Flags: 7f ServerSeq: 633 ClientSeq: 1025
02 03 0a 00 02 2a 00 40 00 00 00 10 01 ef 9f 37 47 00 20 8a c4 b0 85 fc c4 05 00 02 2e 00 40 00 
00 00 10 01 ed a8 86 29 47 00 20 8a c4 40 af 9a c3 00 00 
.....*.@.......7G. ...........@........)G. ..@.....

GAME->Client [12:37:08 07/17/09] packet size: 65 CRYPTED, Flags: 7f ServerSeq: 634 ClientSeq: 1025
02 03 0a 00 02 2a 00 40 00 00 00 10 01 31 b3 37 47 00 20 8a c4 0c f7 fd c4 05 00 02 2e 00 40 00 
00 00 10 01 ed 51 7c 29 47 00 20 8a c4 c0 b8 90 c3 00 00 04 01 08 24 01 08 80 fd 00 00 00 00 01 
00 
.....*.@.....1.7G. ...........@......Q|)G. ...........$..........

Client->GAME [12:37:08 07/17/09] packet size: 17 CRYPTED, Flags: 7b ServerSeq: 516 ClientSeq: 1186
02 04 01 00 d8 02 03 80 fe 01 06 81 51 00 00 00 00 
............Q....

GAME->Client [12:37:08 07/17/09] packet size: 51 CRYPTED, Flags: 7f ServerSeq: 635 ClientSeq: 1025
02 03 0a 00 02 2a 00 40 00 00 00 10 01 7a c6 37 47 00 20 8a c4 f8 68 ff c4 05 00 02 2e 00 40 00 
00 00 10 01 ed f6 71 29 47 00 20 8a c4 20 be 86 c3 00 00 
.....*.@.....z.7G. ...h.......@.......q)G. .. .....

Client->GAME [12:37:08 07/17/09] packet size: 1 CRYPTED, Flags: 7f ServerSeq: 523 ClientSeq: 1187
02 
.

GAME->Client [12:37:08 07/17/09] packet size: 699 CRYPTED, Flags: 7f ServerSeq: 636 ClientSeq: 1026
82 c2 c5 9a 47 04 02 08 25 0b 04 80 b3 11 00 04 80 b3 35 04 04 80 b3 3d 04 04 80 b3 3e 04 04 80 
b3 3f 04 0b 80 bd 05 3f 04 00 00 00 00 00 00 16 80 bc 15 00 9c 00 00 3f 04 00 00 56 01 0d 00 00 
00 01 00 00 00 00 16 80 bc 15 00 9d 00 00 3f 04 00 00 ac 00 08 00 00 00 01 00 00 00 00 16 80 bc 
15 00 9e 00 00 3f 04 00 00 34 02 07 00 00 00 01 00 00 00 00 16 80 bc 15 00 9f 00 00 3f 04 00 00 
b1 00 11 00 00 00 01 00 00 00 00 04 80 b3 40 04 08 30 18 16 80 bc 56 00 43 00 00 0a 95 00 00 06 
04 02 00 00 00 01 00 00 00 00 16 80 bc 56 00 44 00 00 0a 95 00 00 b4 00 11 00 00 00 01 00 00 00 
00 16 80 bc 56 00 45 00 00 0a 95 00 00 b5 00 11 00 00 00 01 00 00 00 00 16 80 bc 56 00 46 00 00 
0a 95 00 00 07 04 02 00 00 00 01 00 00 00 00 16 80 bc 56 00 4d 00 00 24 b3 00 00 89 02 02 00 00 
00 01 00 00 00 00 16 80 bc 56 00 4e 00 00 24 b3 00 00 1a 04 01 00 00 00 01 00 00 00 00 16 80 bc 
56 00 4f 00 00 24 b3 00 00 b4 00 21 00 00 00 01 00 00 00 00 16 80 bc 56 00 50 00 00 24 b3 00 00 
09 04 21 00 00 00 01 00 00 00 00 16 80 bc 56 00 51 00 00 24 b3 00 00 15 04 02 00 00 00 01 00 00 
00 00 16 80 bc 56 00 52 00 00 24 b3 00 00 b5 00 21 00 00 00 01 00 00 00 00 16 80 bc 56 00 53 00 
00 95 a7 00 00 b4 00 12 00 00 00 01 00 00 00 00 16 80 bc 56 00 54 00 00 95 a7 00 00 b5 00 12 00 
00 00 01 00 00 00 00 16 80 bc 56 00 55 00 00 95 a7 00 00 09 04 12 00 00 00 01 00 00 00 00 16 80 
bc 56 00 56 00 00 95 a7 00 00 70 00 0f 00 00 00 01 00 00 00 00 16 80 bc 56 00 57 00 00 2c b3 00 
00 17 04 01 00 00 00 01 00 00 00 00 16 80 bc 56 00 58 00 00 2c b3 00 00 b4 00 21 00 00 00 01 00 
00 00 00 16 80 bc 56 00 59 00 00 2c b3 00 00 09 04 21 00 00 00 01 00 00 00 00 16 80 bc 56 00 5a 
00 00 2c b3 00 00 12 04 02 00 00 00 01 00 00 00 00 16 80 bc 56 00 5b 00 00 2c b3 00 00 07 04 02 
00 00 00 01 00 00 00 00 16 80 bc 56 00 5c 00 00 2c b3 00 00 b5 00 21 00 00 00 01 00 00 00 00 16 
80 bc 56 00 5d 00 00 c3 b2 00 00 89 02 02 00 00 00 01 00 00 00 00 16 80 bc 56 00 5e 00 00 c3 b2 
00 00 21 04 02 00 00 00 01 00 00 00 00 16 80 bc 56 00 5f 00 00 c3 b2 00 00 b4 00 1f 00 00 00 01 
00 00 00 00 16 80 bc 56 00 60 00 00 c3 b2 00 00 09 04 1f 00 00 00 01 00 00 00 00 
....G...%.........5....=....>....?.....?...............?...V..................?.................
.....?...4..................?.................@..0....V.C....................V.D................
....V.E....................V.F....................V.M..$.................V.N..$.................
V.O..$.....!...........V.P..$.....!...........V.Q..$.................V.R..$.....!...........V.S.
...................V.T....................V.U....................V.V......p.............V.W..,..
...............V.X..,.....!...........V.Y..,.....!...........V.Z..,.................V.[..,......
...........V.\..,.....!...........V.]....................V.^......!.............V._.............
.......V.`.................

Client->GAME [12:37:08 07/17/09] packet size: 1 CRYPTED, Flags: 7f ServerSeq: 524 ClientSeq: 1188
02 
.

GAME->Client [12:37:08 07/17/09] packet size: 696 CRYPTED, Flags: 7f ServerSeq: 637 ClientSeq: 1026
02 04 01 08 48 1e 16 80 bc 56 00 61 00 00 c3 b2 00 00 1e 04 01 00 00 00 01 00 00 00 00 16 80 bc 
56 00 62 00 00 c3 b2 00 00 9d 00 1f 00 00 00 01 00 00 00 00 16 80 bc 55 00 63 00 00 02 00 00 00 
cc 00 0c 00 00 00 01 00 00 00 00 16 80 bc 55 00 64 00 00 0b 00 00 00 37 02 96 00 00 00 01 00 00 
00 00 16 80 bc 55 00 65 00 00 2d 00 00 00 23 04 0a 00 00 00 01 00 00 00 00 16 80 bc 55 00 66 00 
00 2d 00 00 00 20 04 0a 00 00 00 01 00 00 00 00 16 80 bc 55 00 67 00 00 2d 00 00 00 19 04 05 00 
00 00 01 00 00 00 00 16 80 bc 55 00 68 00 00 2d 00 00 00 42 04 05 00 00 00 01 00 00 00 00 16 80 
bc 55 00 69 00 00 34 00 00 00 83 02 c8 00 00 00 01 00 00 00 00 16 80 bc 55 00 6a 00 00 4b 00 00 
00 1f 04 19 00 00 00 01 00 00 00 00 16 80 bc 55 00 6b 00 00 5f 00 00 00 7c 04 0f 00 00 00 01 00 
00 00 00 16 80 bc 55 00 6c 00 00 5f 00 00 00 07 04 0f 00 00 00 01 00 00 00 00 16 80 bc 55 00 6d 
00 00 62 00 00 00 06 04 01 00 00 00 01 00 00 00 00 16 80 bc 55 00 6e 00 00 62 00 00 00 15 04 01 
00 00 00 01 00 00 00 00 16 80 bc 55 00 6f 00 00 5a 01 00 00 07 04 05 00 00 00 01 00 00 00 00 16 
80 bc 55 00 70 00 00 5a 01 00 00 1d 04 0f 00 00 00 01 00 00 00 00 16 80 bc 55 00 71 00 00 64 01 
00 00 1f 04 05 00 00 00 01 00 00 00 00 16 80 bc 55 00 72 00 00 66 01 00 00 7b 04 05 00 00 00 01 
00 00 00 00 16 80 bc 55 00 73 00 00 66 01 00 00 12 04 0a 00 00 00 01 00 00 00 00 16 80 bc 55 00 
74 00 00 66 01 00 00 06 04 0b 00 00 00 01 00 00 00 00 16 80 bc 55 00 75 00 00 8e 01 00 00 03 04 
05 00 00 00 01 00 00 00 00 16 80 bc 55 00 76 00 00 8e 01 00 00 12 04 0f 00 00 00 01 00 00 00 00 
16 80 bc 55 00 77 00 00 8e 01 00 00 77 04 05 00 00 00 01 00 00 00 00 16 80 bc 55 00 78 00 00 cd 
01 00 00 e5 03 05 00 00 00 01 00 00 00 00 16 80 bc 55 00 79 00 00 cd 01 00 00 73 04 05 00 00 00 
01 00 00 00 00 16 80 bc 55 00 7a 00 00 cd 01 00 00 e3 03 0f 00 00 00 01 00 00 00 00 16 80 bc 55 
00 7b 00 00 d5 01 00 00 e3 03 05 00 00 00 01 00 00 00 00 16 80 bc 55 00 7c 00 00 36 02 00 00 37 
02 0a 00 00 00 01 00 00 00 00 16 80 bc 55 00 7d 00 00 74 02 00 00 34 02 1e 00 00 00 01 00 00 00 
00 16 80 bc 11 00 87 00 00 00 00 00 00 cb 02 00 00 00 00 01 00 00 00 00 
....H....V.a....................V.b....................U.c....................U.d......7........
.....U.e..-...#.............U.f..-... .............U.g..-.................U.h..-...B............
.U.i..4.................U.j..K.................U.k.._...|.............U.l.._.................U.m
..b.................U.n..b.................U.o..Z.................U.p..Z.................U.q..d.
................U.r..f...{.............U.s..f.................U.t..f.................U.u........
............U.v....................U.w......w.............U.x....................U.y......s.....
........U.z....................U.{....................U.|..6...7.............U.}..t...4.........
........................

Client->GAME [12:37:08 07/17/09] packet size: 1 CRYPTED, Flags: 7f ServerSeq: 525 ClientSeq: 1189
02 
.

GAME->Client [12:37:08 07/17/09] packet size: 285 CRYPTED, Flags: 7f ServerSeq: 638 ClientSeq: 1028
02 04 02 08 66 09 16 80 bc 15 00 a8 00 00 4b 04 00 00 f1 03 34 00 00 00 01 00 00 00 00 16 80 bc 
15 00 39 01 00 f7 03 00 00 08 02 00 00 00 00 01 00 00 00 00 16 80 bc 15 00 3a 01 00 f7 03 00 00 
07 02 ec ff ff ff 01 00 00 00 00 16 80 bc 15 00 3b 01 00 f7 03 00 00 50 04 00 00 00 00 01 00 00 
00 00 16 80 bc 15 00 3c 01 00 f7 03 00 00 f4 03 00 00 00 00 01 00 00 00 00 16 80 bc 15 00 3d 01 
00 f7 03 00 00 51 04 f6 ff ff ff 01 00 00 00 00 16 80 bc 15 00 3e 01 00 f7 03 00 00 52 04 0f 00 
00 00 01 00 00 00 00 16 80 bc 56 00 43 01 00 95 b7 00 00 b4 00 16 00 00 00 01 00 00 00 00 16 80 
bc 56 00 44 01 00 95 b7 00 00 09 04 16 00 00 00 01 00 00 00 00 08 6f 03 16 80 bc 56 00 45 01 00 
95 b7 00 00 9d 00 16 00 00 00 01 00 00 00 00 16 80 bc 56 00 46 01 00 95 b7 00 00 b5 00 16 00 00 
00 01 00 00 00 00 16 80 bc 56 00 fb 01 00 ef b2 00 00 1b 04 02 00 00 00 01 00 00 00 00 
....f.........K.....4.............9......................:......................;......P........
.......<......................=......Q...............>......R.............V.C...................
.V.D..................o....V.E....................V.F....................V...................

Client->GAME [12:37:08 07/17/09] packet size: 1 CRYPTED, Flags: 7f ServerSeq: 526 ClientSeq: 1190
02 
.

GAME->Client [12:37:08 07/17/09] packet size: 317 CRYPTED, Flags: 7f ServerSeq: 639 ClientSeq: 1029
02 04 01 08 72 0e 16 80 bc 56 00 fc 01 00 ef b2 00 00 b4 00 20 00 00 00 01 00 00 00 00 16 80 bc 
56 00 fd 01 00 ef b2 00 00 09 04 20 00 00 00 01 00 00 00 00 16 80 bc 56 00 fe 01 00 ef b2 00 00 
77 04 01 00 00 00 01 00 00 00 00 16 80 bc 56 00 ff 01 00 ef b2 00 00 e6 03 02 00 00 00 01 00 00 
00 00 16 80 bc 56 00 00 02 00 ef b2 00 00 b5 00 20 00 00 00 01 00 00 00 00 16 80 bc 15 00 36 02 
00 ee 03 00 00 f1 03 34 00 00 00 01 00 00 00 00 16 80 bc 15 00 37 02 00 ee 03 00 00 56 01 6c 00 
00 00 01 00 00 00 00 16 80 bc 15 00 38 02 00 ee 03 00 00 ed 03 4c 00 00 00 01 00 00 00 00 16 80 
bc 15 00 39 02 00 ee 03 00 00 ae 00 1c 00 00 00 01 00 00 00 00 16 80 bc 15 00 3a 02 00 ee 03 00 
00 f3 03 46 00 00 00 01 00 00 00 00 16 80 bc 15 00 3b 02 00 ee 03 00 00 ac 00 2e 00 00 00 01 00 
00 00 00 16 80 bc 15 00 3c 02 00 ee 03 00 00 b7 00 4d 00 00 00 01 00 00 00 00 16 80 bc 15 00 3d 
02 00 ee 03 00 00 f2 03 34 00 00 00 01 00 00 00 00 0b 80 bd 01 58 01 04 fa b0 17 43 00 
....r....V.......... ...........V.......... ...........V........w.............V.................
.....V.......... .............6........4.............7......V.l.............8........L..........
...9......................:........F.............;......................<........M.............=
........4............X.....C.

Client->GAME [12:37:08 07/17/09] packet size: 1 CRYPTED, Flags: 7f ServerSeq: 527 ClientSeq: 1191
02 
.

GAME->Client [12:37:08 07/17/09] packet size: 147 CRYPTED, Flags: 7f ServerSeq: 640 ClientSeq: 1030
02 04 01 08 80 07 16 80 bc 45 03 11 00 00 02 00 00 00 11 00 32 00 00 00 01 00 00 00 00 16 80 bc 
45 03 35 04 00 62 00 00 00 35 04 00 00 00 00 01 00 00 00 00 16 80 bc 45 03 3d 04 00 43 00 00 00 
3d 04 00 00 00 00 01 00 00 00 00 16 80 bc 45 03 3e 04 00 4f 01 00 00 3e 04 00 00 00 00 01 00 00 
00 00 16 80 bc 45 03 3f 04 00 64 01 00 00 3f 04 00 00 00 00 01 00 00 00 00 16 80 bc 45 03 40 04 
00 d5 01 00 00 40 04 00 00 00 00 01 00 00 00 00 02 81 07 
.........E..........2...........E.5..b...5.............E.=..C...=.............E.>..O...>........
.....E.?..d...?.............E.@......@.............

Client->GAME [12:37:08 07/17/09] packet size: 13 CRYPTED, Flags: 7f ServerSeq: 512 ClientSeq: 1192
02 04 01 00 da 01 06 81 08 00 00 00 00 
.............

GAME->Client [12:37:09 07/17/09] packet size: 1 CRYPTED, Flags: 7f ServerSeq: 641 ClientSeq: 1032
02 
.

GAME->Client [12:37:09 07/17/09] packet size: 1 CRYPTED, Flags: 7f ServerSeq: 642 ClientSeq: 1032
42 
B

Client->GAME [12:37:09 07/17/09] packet size: 1 CRYPTED, Flags: 7f ServerSeq: 514 ClientSeq: 1193
42 
B

GAME->Client [12:37:10 07/17/09] packet size: 5 CRYPTED, Flags: 7f ServerSeq: 643 ClientSeq: 1032
c2 92 c6 9a 47 
....G

GAME->Client [12:37:10 07/17/09] packet size: 1 CRYPTED, Flags: 7f ServerSeq: 644 ClientSeq: 1032
42 
B

GAME->Client [12:37:10 07/17/09] packet size: 1 CRYPTED, Flags: 7f ServerSeq: 645 ClientSeq: 1033
42 
B

GAME->Client [12:37:10 07/17/09] packet size: 293 CRYPTED, Flags: 0 ServerSeq: 2 ClientSeq: 0
02 04 01 00 03 0d 16 80 bc 15 00 b0 02 00 ee 03 00 00 f1 03 34 00 00 00 01 00 00 00 00 16 80 bc 
15 00 b1 02 00 ee 03 00 00 56 01 6c 00 00 00 01 00 00 00 00 16 80 bc 15 00 b2 02 00 ee 03 00 00 
ed 03 4c 00 00 00 01 00 00 00 00 16 80 bc 15 00 b3 02 00 ee 03 00 00 ae 00 1c 00 00 00 01 00 00 
00 00 16 80 bc 15 00 b4 02 00 ee 03 00 00 f3 03 46 00 00 00 01 00 00 00 00 16 80 bc 15 00 b5 02 
00 ee 03 00 00 ac 00 2e 00 00 00 01 00 00 00 00 16 80 bc 15 00 b6 02 00 ee 03 00 00 b7 00 4d 00 
00 00 01 00 00 00 00 16 80 bc 15 00 b7 02 00 ee 03 00 00 f2 03 34 00 00 00 01 00 00 00 00 0b 80 
bd 05 ee 03 00 00 00 00 00 00 16 80 bc 15 00 9f 02 00 4b 04 00 00 f1 03 34 00 00 00 01 00 00 00 
00 0b 80 bd 05 4b 04 00 00 00 00 00 00 02 81 09 34 2e 07 00 00 00 00 00 00 00 00 00 00 00 64 00 
00 2e 00 24 00 00 00 00 00 00 00 00 00 00 00 00 00 00 00 00 00 0e 00 41 66 74 65 72 57 68 6f 72 
75 4e 65 6f 00 
....................4....................V.l......................L.............................
................F.............................................M......................4..........
..................K.....4............K..........4.............d....$...................AfterWhor
uNeo.

Client->GAME [12:37:11 07/17/09] packet size: 1 CRYPTED, Flags: 2 ServerSeq: 2 ClientSeq: 1
02 
.

GAME->Client [12:37:11 07/17/09] packet size: 124 CRYPTED, Flags: 0 ServerSeq: 3 ClientSeq: 0
02 04 01 00 00 03 5f 06 0e 00 86 03 00 00 32 c1 9a 47 01 35 00 25 00 72 65 73 6f 75 72 63 65 2f 
77 6f 72 6c 64 73 2f 6c 6f 61 64 69 6e 67 5f 61 72 65 61 2f 6c 61 2e 6d 65 74 72 00 28 00 48 61 
6c 6c 6f 77 65 65 6e 5f 45 76 65 6e 74 2c 57 69 6e 74 65 72 33 48 61 6c 6c 6f 77 65 65 6e 46 6c 
79 54 53 45 43 00 0a 80 e5 e7 cb c0 12 00 00 00 00 0a 80 e4 b5 18 7b 00 00 00 00 00 
......_.......2..G.5.%.resource/worlds/loading_area/la.metr.(.Halloween_Event,Winter3HalloweenFl
yTSEC.................{.....

Client->GAME [12:37:11 07/17/09] packet size: 18 CRYPTED, Flags: 5 ServerSeq: 3 ClientSeq: 2
02 04 01 00 00 02 01 05 09 6c 03 00 00 00 00 00 00 00 
.........l........

GAME->Client [12:37:11 07/17/09] packet size: 145 CRYPTED, Flags: 3 ServerSeq: 4 ClientSeq: 2
82 f0 c1 9a 47 03 01 00 0c 18 0a 5a cd ab 01 01 01 00 00 00 02 00 00 00 00 04 01 00 10 05 16 80 
bc 56 00 aa 02 00 ef b2 00 00 1b 04 02 00 00 00 01 00 00 00 00 16 80 bc 56 00 ab 02 00 ef b2 00 
00 b4 00 20 00 00 00 01 00 00 00 00 16 80 bc 56 00 ac 02 00 ef b2 00 00 09 04 20 00 00 00 01 00 
00 00 00 16 80 bc 56 00 ad 02 00 ef b2 00 00 77 04 01 00 00 00 01 00 00 00 00 16 80 bc 56 00 ae 
02 00 ef b2 00 00 e6 03 02 00 00 00 01 00 00 00 00 
....G......Z.....................V......................V.......... ...........V.......... .....
......V........w.............V...................

Client->GAME [12:37:11 07/17/09] packet size: 1 CRYPTED, Flags: b ServerSeq: 4 ClientSeq: 3
02 
.

GAME->Client [12:37:11 07/17/09] packet size: 140 CRYPTED, Flags: 3 ServerSeq: 5 ClientSeq: 2
02 03 01 00 02 24 00 02 00 01 cf 07 75 d4 01 00 86 03 00 00 18 f7 00 f7 00 28 0a 28 0a 00 00 00 
00 00 00 be 42 00 00 00 00 00 00 04 01 00 15 04 16 80 bc 56 00 af 02 00 ef b2 00 00 b5 00 20 00 
00 00 01 00 00 00 00 16 80 bc 56 00 b8 02 00 ef b2 00 00 1b 04 02 00 00 00 00 00 00 00 00 16 80 
bc 56 00 b9 02 00 ef b2 00 00 b4 00 20 00 00 00 00 00 00 00 00 16 80 bc 56 00 ba 02 00 ef b2 00 
00 09 04 20 00 00 00 00 00 00 00 00 
.....$......u............(.(........B..............V.......... ...........V.....................
.V.......... ...........V.......... ........

Client->GAME [12:37:11 07/17/09] packet size: 1 CRYPTED, Flags: 17 ServerSeq: 5 ClientSeq: 4
02 
.

GAME->Client [12:37:12 07/17/09] packet size: 167 CRYPTED, Flags: 7 ServerSeq: 6 ClientSeq: 3
02 04 01 00 19 07 16 80 bc 56 00 bb 02 00 ef b2 00 00 77 04 01 00 00 00 00 00 00 00 00 16 80 bc 
56 00 bc 02 00 ef b2 00 00 e6 03 02 00 00 00 00 00 00 00 00 16 80 bc 56 00 bd 02 00 ef b2 00 00 
b5 00 20 00 00 00 00 00 00 00 00 16 80 bc 56 00 69 02 00 0a 95 00 00 06 04 02 00 00 00 01 00 00 
00 00 16 80 bc 56 00 6a 02 00 0a 95 00 00 b4 00 11 00 00 00 01 00 00 00 00 16 80 bc 56 00 6b 02 
00 0a 95 00 00 b5 00 11 00 00 00 01 00 00 00 00 16 80 bc 56 00 6c 02 00 0a 95 00 00 07 04 02 00 
00 00 01 00 00 00 00 
.........V........w.............V......................V.......... ...........V.i...............
.....V.j....................V.k....................V.l.................

Client->GAME [12:37:12 07/17/09] packet size: 1 CRYPTED, Flags: 2f ServerSeq: 6 ClientSeq: 5
02 
.

GAME->Client [12:37:12 07/17/09] packet size: 167 CRYPTED, Flags: f ServerSeq: 7 ClientSeq: 4
02 04 01 00 20 07 16 80 bc 56 00 be 02 00 0a 95 00 00 06 04 02 00 00 00 00 00 00 00 00 16 80 bc 
56 00 bf 02 00 0a 95 00 00 b4 00 11 00 00 00 00 00 00 00 00 16 80 bc 56 00 c0 02 00 0a 95 00 00 
b5 00 11 00 00 00 00 00 00 00 00 16 80 bc 56 00 c1 02 00 0a 95 00 00 07 04 02 00 00 00 00 00 00 
00 00 16 80 bc 56 00 a6 02 00 95 b7 00 00 b4 00 16 00 00 00 01 00 00 00 00 16 80 bc 56 00 a7 02 
00 95 b7 00 00 09 04 16 00 00 00 01 00 00 00 00 16 80 bc 56 00 a8 02 00 95 b7 00 00 9d 00 16 00 
00 00 01 00 00 00 00 
.... ....V......................V......................V......................V.................
.....V......................V......................V...................

Client->GAME [12:37:12 07/17/09] packet size: 1 CRYPTED, Flags: 5f ServerSeq: 7 ClientSeq: 6
02 
.

GAME->Client [12:37:12 07/17/09] packet size: 167 CRYPTED, Flags: 1f ServerSeq: 8 ClientSeq: 5
02 04 01 00 27 07 16 80 bc 56 00 a9 02 00 95 b7 00 00 b5 00 16 00 00 00 01 00 00 00 00 16 80 bc 
56 00 c2 02 00 95 b7 00 00 b4 00 16 00 00 00 00 00 00 00 00 16 80 bc 56 00 c3 02 00 95 b7 00 00 
09 04 16 00 00 00 00 00 00 00 00 16 80 bc 56 00 c4 02 00 95 b7 00 00 9d 00 16 00 00 00 00 00 00 
00 00 16 80 bc 56 00 c5 02 00 95 b7 00 00 b5 00 16 00 00 00 00 00 00 00 00 16 80 bc 56 00 6d 02 
00 24 b3 00 00 89 02 02 00 00 00 01 00 00 00 00 16 80 bc 56 00 6e 02 00 24 b3 00 00 1a 04 01 00 
00 00 01 00 00 00 00 
....'....V......................V......................V......................V.................
.....V......................V.m..$.................V.n..$..............

Client->GAME [12:37:12 07/17/09] packet size: 1 CRYPTED, Flags: 3f ServerSeq: 8 ClientSeq: 7
02 
.

GAME->Client [12:37:12 07/17/09] packet size: 190 CRYPTED, Flags: 3f ServerSeq: 9 ClientSeq: 6
02 04 01 00 2e 08 16 80 bc 56 00 6f 02 00 24 b3 00 00 b4 00 21 00 00 00 01 00 00 00 00 16 80 bc 
56 00 70 02 00 24 b3 00 00 09 04 21 00 00 00 01 00 00 00 00 16 80 bc 56 00 71 02 00 24 b3 00 00 
15 04 02 00 00 00 01 00 00 00 00 16 80 bc 56 00 72 02 00 24 b3 00 00 b5 00 21 00 00 00 01 00 00 
00 00 16 80 bc 56 00 c6 02 00 24 b3 00 00 89 02 02 00 00 00 00 00 00 00 00 16 80 bc 56 00 c7 02 
00 24 b3 00 00 1a 04 01 00 00 00 00 00 00 00 00 16 80 bc 56 00 c8 02 00 24 b3 00 00 b4 00 21 00 
00 00 00 00 00 00 00 16 80 bc 56 00 c9 02 00 24 b3 00 00 09 04 21 00 00 00 00 00 00 00 00 
.........V.o..$.....!...........V.p..$.....!...........V.q..$.................V.r..$.....!......
.....V....$.................V....$.................V....$.....!...........V....$.....!........

Client->GAME [12:37:12 07/17/09] packet size: 1 CRYPTED, Flags: 7f ServerSeq: 9 ClientSeq: 8
02 
.

GAME->Client [12:37:12 07/17/09] packet size: 190 CRYPTED, Flags: 7f ServerSeq: 10 ClientSeq: 7
02 04 01 00 36 08 16 80 bc 56 00 ca 02 00 24 b3 00 00 15 04 02 00 00 00 00 00 00 00 00 16 80 bc 
56 00 cb 02 00 24 b3 00 00 b5 00 21 00 00 00 00 00 00 00 00 16 80 bc 56 00 73 02 00 95 a7 00 00 
b4 00 12 00 00 00 01 00 00 00 00 16 80 bc 56 00 74 02 00 95 a7 00 00 b5 00 12 00 00 00 01 00 00 
00 00 16 80 bc 56 00 75 02 00 95 a7 00 00 09 04 12 00 00 00 01 00 00 00 00 16 80 bc 56 00 76 02 
00 95 a7 00 00 70 00 0f 00 00 00 01 00 00 00 00 16 80 bc 56 00 cc 02 00 95 a7 00 00 b4 00 12 00 
00 00 00 00 00 00 00 16 80 bc 56 00 cd 02 00 95 a7 00 00 b5 00 12 00 00 00 00 00 00 00 00 
....6....V....$.................V....$.....!...........V.s....................V.t...............
.....V.u....................V.v......p.............V......................V...................

Client->GAME [12:37:12 07/17/09] packet size: 1 CRYPTED, Flags: 7f ServerSeq: 10 ClientSeq: 9
02 
.

GAME->Client [12:37:12 07/17/09] packet size: 190 CRYPTED, Flags: 7f ServerSeq: 11 ClientSeq: 8
02 04 01 00 3e 08 16 80 bc 56 00 ce 02 00 95 a7 00 00 09 04 12 00 00 00 00 00 00 00 00 16 80 bc 
56 00 cf 02 00 95 a7 00 00 70 00 0f 00 00 00 00 00 00 00 00 16 80 bc 56 00 77 02 00 2c b3 00 00 
17 04 01 00 00 00 01 00 00 00 00 16 80 bc 56 00 78 02 00 2c b3 00 00 b4 00 21 00 00 00 01 00 00 
00 00 16 80 bc 56 00 79 02 00 2c b3 00 00 09 04 21 00 00 00 01 00 00 00 00 16 80 bc 56 00 7a 02 
00 2c b3 00 00 12 04 02 00 00 00 01 00 00 00 00 16 80 bc 56 00 7b 02 00 2c b3 00 00 07 04 02 00 
00 00 01 00 00 00 00 16 80 bc 56 00 7c 02 00 2c b3 00 00 b5 00 21 00 00 00 01 00 00 00 00 
....>....V......................V........p.............V.w..,.................V.x..,.....!......
.....V.y..,.....!...........V.z..,.................V.{..,.................V.|..,.....!........

Client->GAME [12:37:12 07/17/09] packet size: 1 CRYPTED, Flags: 7f ServerSeq: 11 ClientSeq: 10
02 
.

GAME->Client [12:37:12 07/17/09] packet size: 213 CRYPTED, Flags: 7f ServerSeq: 12 ClientSeq: 9
02 04 01 00 46 09 16 80 bc 56 00 d0 02 00 2c b3 00 00 17 04 01 00 00 00 00 00 00 00 00 16 80 bc 
56 00 d1 02 00 2c b3 00 00 b4 00 21 00 00 00 00 00 00 00 00 16 80 bc 56 00 d2 02 00 2c b3 00 00 
09 04 21 00 00 00 00 00 00 00 00 16 80 bc 56 00 d3 02 00 2c b3 00 00 12 04 02 00 00 00 00 00 00 
00 00 16 80 bc 56 00 d4 02 00 2c b3 00 00 07 04 02 00 00 00 00 00 00 00 00 16 80 bc 56 00 d5 02 
00 2c b3 00 00 b5 00 21 00 00 00 00 00 00 00 00 16 80 bc 56 00 7d 02 00 c3 b2 00 00 89 02 02 00 
00 00 01 00 00 00 00 16 80 bc 56 00 7e 02 00 c3 b2 00 00 21 04 02 00 00 00 01 00 00 00 00 16 80 
bc 56 00 7f 02 00 c3 b2 00 00 b4 00 1f 00 00 00 01 00 00 00 00 
....F....V....,.................V....,.....!...........V....,.....!...........V....,............
.....V....,.................V....,.....!...........V.}....................V.~......!............
.V...................

Client->GAME [12:37:12 07/17/09] packet size: 1 CRYPTED, Flags: 7f ServerSeq: 12 ClientSeq: 11
02 
.

GAME->Client [12:37:12 07/17/09] packet size: 213 CRYPTED, Flags: 7f ServerSeq: 13 ClientSeq: 9
02 04 01 00 4f 09 16 80 bc 56 00 80 02 00 c3 b2 00 00 09 04 1f 00 00 00 01 00 00 00 00 16 80 bc 
56 00 81 02 00 c3 b2 00 00 1e 04 01 00 00 00 01 00 00 00 00 16 80 bc 56 00 82 02 00 c3 b2 00 00 
9d 00 1f 00 00 00 01 00 00 00 00 16 80 bc 56 00 d6 02 00 c3 b2 00 00 89 02 02 00 00 00 00 00 00 
00 00 16 80 bc 56 00 d7 02 00 c3 b2 00 00 21 04 02 00 00 00 00 00 00 00 00 16 80 bc 56 00 d8 02 
00 c3 b2 00 00 b4 00 1f 00 00 00 00 00 00 00 00 16 80 bc 56 00 d9 02 00 c3 b2 00 00 09 04 1f 00 
00 00 00 00 00 00 00 16 80 bc 56 00 da 02 00 c3 b2 00 00 1e 04 01 00 00 00 00 00 00 00 00 16 80 
bc 56 00 db 02 00 c3 b2 00 00 9d 00 1f 00 00 00 00 00 00 00 00 
....O....V......................V......................V......................V.................
.....V........!.............V......................V......................V.....................
.V...................

Client->GAME [12:37:12 07/17/09] packet size: 1 CRYPTED, Flags: 7f ServerSeq: 13 ClientSeq: 12
02 
.

GAME->Client [12:37:13 07/17/09] packet size: 226 CRYPTED, Flags: 7f ServerSeq: 14 ClientSeq: 11
82 8e c2 9a 47 04 01 00 58 0a 16 80 bc 55 00 83 02 00 02 00 00 00 cc 00 0c 00 00 00 01 00 00 00 
00 08 80 b2 11 00 32 00 08 02 16 80 bc 55 00 dc 02 00 02 00 00 00 cc 00 0c 00 00 00 00 00 00 00 
00 16 80 bc 55 00 84 02 00 0b 00 00 00 37 02 96 00 00 00 01 00 00 00 00 16 80 bc 55 00 dd 02 00 
0b 00 00 00 37 02 96 00 00 00 00 00 00 00 00 16 80 bc 55 00 85 02 00 2d 00 00 00 23 04 0a 00 00 
00 01 00 00 00 00 16 80 bc 55 00 86 02 00 2d 00 00 00 20 04 0a 00 00 00 01 00 00 00 00 16 80 bc 
55 00 87 02 00 2d 00 00 00 19 04 05 00 00 00 01 00 00 00 00 16 80 bc 55 00 88 02 00 2d 00 00 00 
42 04 05 00 00 00 01 00 00 00 00 16 80 bc 55 00 de 02 00 2d 00 00 00 23 04 0a 00 00 00 00 00 00 
00 00 
....G...X....U........................2......U......................U........7.............U....
....7.............U....-...#.............U....-... .............U....-.................U....-...
B.............U....-...#..........

Client->GAME [12:37:13 07/17/09] packet size: 1 CRYPTED, Flags: 7f ServerSeq: 14 ClientSeq: 13
02 
.

GAME->Client [12:37:13 07/17/09] packet size: 245 CRYPTED, Flags: 7f ServerSeq: 15 ClientSeq: 12
02 04 01 00 62 0b 16 80 bc 55 00 df 02 00 2d 00 00 00 20 04 0a 00 00 00 00 00 00 00 00 16 80 bc 
55 00 e0 02 00 2d 00 00 00 19 04 05 00 00 00 00 00 00 00 00 16 80 bc 55 00 e1 02 00 2d 00 00 00 
42 04 05 00 00 00 00 00 00 00 00 16 80 bc 55 00 89 02 00 34 00 00 00 83 02 c8 00 00 00 01 00 00 
00 00 16 80 bc 55 00 e2 02 00 34 00 00 00 83 02 c8 00 00 00 00 00 00 00 00 08 80 b2 3d 04 00 00 
08 02 16 80 bc 55 00 8a 02 00 4b 00 00 00 1f 04 19 00 00 00 01 00 00 00 00 16 80 bc 55 00 e3 02 
00 4b 00 00 00 1f 04 19 00 00 00 00 00 00 00 00 16 80 bc 55 00 8b 02 00 5f 00 00 00 7c 04 0f 00 
00 00 01 00 00 00 00 16 80 bc 55 00 8c 02 00 5f 00 00 00 07 04 0f 00 00 00 01 00 00 00 00 16 80 
bc 55 00 e4 02 00 5f 00 00 00 7c 04 0f 00 00 00 00 00 00 00 00 
....b....U....-... .............U....-.................U....-...B.............U....4............
.....U....4.................=........U....K.................U....K.................U...._...|...
..........U...._.................U...._...|..........

Client->GAME [12:37:13 07/17/09] packet size: 1 CRYPTED, Flags: 7f ServerSeq: 15 ClientSeq: 14
02 
.

GAME->Client [12:37:13 07/17/09] packet size: 263 CRYPTED, Flags: 7f ServerSeq: 16 ClientSeq: 13
02 04 01 00 6d 0d 16 80 bc 55 00 e5 02 00 5f 00 00 00 07 04 0f 00 00 00 00 00 00 00 00 16 80 bc 
55 00 8d 02 00 62 00 00 00 06 04 01 00 00 00 01 00 00 00 00 16 80 bc 55 00 8e 02 00 62 00 00 00 
15 04 01 00 00 00 01 00 00 00 00 16 80 bc 55 00 e6 02 00 62 00 00 00 06 04 01 00 00 00 00 00 00 
00 00 08 80 b2 35 04 00 00 08 02 16 80 bc 55 00 e7 02 00 62 00 00 00 15 04 01 00 00 00 00 00 00 
00 00 08 80 b2 3e 04 00 00 08 02 16 80 bc 55 00 8f 02 00 5a 01 00 00 07 04 05 00 00 00 01 00 00 
00 00 16 80 bc 55 00 90 02 00 5a 01 00 00 1d 04 0f 00 00 00 01 00 00 00 00 16 80 bc 55 00 e8 02 
00 5a 01 00 00 07 04 05 00 00 00 00 00 00 00 00 16 80 bc 55 00 e9 02 00 5a 01 00 00 1d 04 0f 00 
00 00 00 00 00 00 00 16 80 bc 55 00 91 02 00 64 01 00 00 1f 04 05 00 00 00 01 00 00 00 00 08 80 
b2 3f 04 00 00 08 02 
....m....U...._.................U....b.................U....b.................U....b............
.....5........U....b.................>........U....Z.................U....Z.................U...
.Z.................U....Z.................U....d.................?.....

Client->GAME [12:37:13 07/17/09] packet size: 1 CRYPTED, Flags: 7f ServerSeq: 0 ClientSeq: 15
02 
.

GAME->Client [12:37:13 07/17/09] packet size: 259 CRYPTED, Flags: 7f ServerSeq: 17 ClientSeq: 13
02 04 01 00 7a 0b 16 80 bc 55 00 ea 02 00 64 01 00 00 1f 04 05 00 00 00 00 00 00 00 00 16 80 bc 
55 00 92 02 00 66 01 00 00 7b 04 05 00 00 00 01 00 00 00 00 16 80 bc 55 00 93 02 00 66 01 00 00 
12 04 0a 00 00 00 01 00 00 00 00 16 80 bc 55 00 94 02 00 66 01 00 00 06 04 0b 00 00 00 01 00 00 
00 00 16 80 bc 55 00 eb 02 00 66 01 00 00 7b 04 05 00 00 00 00 00 00 00 00 16 80 bc 55 00 ec 02 
00 66 01 00 00 12 04 0a 00 00 00 00 00 00 00 00 16 80 bc 55 00 ed 02 00 66 01 00 00 06 04 0b 00 
00 00 00 00 00 00 00 16 80 bc 55 00 95 02 00 8e 01 00 00 03 04 05 00 00 00 01 00 00 00 00 16 80 
bc 55 00 96 02 00 8e 01 00 00 12 04 0f 00 00 00 01 00 00 00 00 16 80 bc 55 00 97 02 00 8e 01 00 
00 77 04 05 00 00 00 01 00 00 00 00 16 80 bc 55 00 ee 02 00 8e 01 00 00 03 04 05 00 00 00 00 00 
00 00 00 
....z....U....d.................U....f...{.............U....f.................U....f............
