Client->GAME [16:49:03 07/14/09] packet size: 16 CRYPTED, Flags: 7f ServerSeq: 12 ClientSeq: 13
02 04 01 00 02 01 09 6c 03 00 00 00 00 00 00 00 
.......l........

GAME->Client [16:49:03 07/14/09] packet size: 156 CRYPTED, Flags: 7f ServerSeq: 13 ClientSeq: 13
02 04 01 00 92 01 80 94 6d 03 00 00 00 08 00 01 17 00 00 02 00 00 00 00 00 03 00 00 00 00 00 04 
00 00 00 00 00 05 00 00 00 00 00 06 00 00 00 00 00 07 00 00 00 00 00 08 00 00 00 00 00 09 00 00 
00 00 00 0a 00 00 00 00 00 0b 00 00 00 00 00 0c 00 00 00 00 00 0d 00 00 00 00 00 0e 00 00 00 00 
00 0f 00 00 00 00 00 10 00 00 00 00 00 11 00 00 00 00 00 12 00 00 00 00 00 13 00 00 00 00 00 14 
00 00 00 00 00 15 00 00 00 00 00 16 00 00 00 00 00 17 00 00 00 00 00 18 00 00 00 00 
........m.......................................................................................
............................................................

Client->GAME [16:49:03 07/14/09] packet size: 1 CRYPTED, Flags: 7f ServerSeq: 13 ClientSeq: 14
02 
.

Client->GAME [16:49:04 07/14/09] packet size: 12
00 00 00 00 00 01 04 08 fa 0b 97 01 
............

GAME->Client [16:49:04 07/14/09] packet size: 12
00 00 00 00 00 01 04 08 fa 0b 97 01 
............

Client->GAME [16:49:10 07/14/09] packet size: 17 CRYPTED, Flags: 7f ServerSeq: 13 ClientSeq: 15
02 04 01 00 03 01 0a 80 ff 03 00 00 00 09 00 00 00 
.................

GAME->Client [16:49:10 07/14/09] packet size: 700 CRYPTED, Flags: 7f ServerSeq: 14 ClientSeq: 15
82 76 19 d8 48 04 01 00 93 1e 16 80 bc 15 00 af 01 00 f7 03 00 00 08 02 00 00 00 00 01 00 00 00 
00 16 80 bc 15 00 b0 01 00 f7 03 00 00 07 02 ec ff ff ff 01 00 00 00 00 16 80 bc 15 00 b1 01 00 
f7 03 00 00 50 04 00 00 00 00 01 00 00 00 00 16 80 bc 15 00 b2 01 00 f7 03 00 00 f4 03 00 00 00 
00 01 00 00 00 00 16 80 bc 15 00 b3 01 00 f7 03 00 00 51 04 f6 ff ff ff 01 00 00 00 00 16 80 bc 
15 00 b4 01 00 f7 03 00 00 52 04 0f 00 00 00 01 00 00 00 00 16 80 bc 11 00 b5 01 00 00 00 00 00 
cb 02 00 00 00 00 01 00 00 00 00 16 80 bc 56 00 f1 01 00 0a 95 00 00 06 04 02 00 00 00 01 00 00 
00 00 16 80 bc 56 00 f2 01 00 0a 95 00 00 b4 00 11 00 00 00 01 00 00 00 00 16 80 bc 56 00 f3 01 
00 0a 95 00 00 b5 00 11 00 00 00 01 00 00 00 00 16 80 bc 56 00 f4 01 00 0a 95 00 00 07 04 02 00 
00 00 01 00 00 00 00 16 80 bc 56 00 f5 01 00 8a b2 00 00 23 04 02 00 00 00 01 00 00 00 00 16 80 
bc 56 00 f6 01 00 8a b2 00 00 21 04 01 00 00 00 01 00 00 00 00 16 80 bc 56 00 f7 01 00 8a b2 00 
00 b4 00 1d 00 00 00 01 00 00 00 00 16 80 bc 56 00 f8 01 00 8a b2 00 00 09 04 1d 00 00 00 01 00 
00 00 00 16 80 bc 56 00 f9 01 00 8a b2 00 00 9d 00 1d 00 00 00 01 00 00 00 00 16 80 bc 56 00 fa 
01 00 8a b2 00 00 06 04 01 00 00 00 01 00 00 00 00 16 80 bc 56 00 fb 01 00 24 b3 00 00 89 02 02 
00 00 00 01 00 00 00 00 16 80 bc 56 00 fc 01 00 24 b3 00 00 1a 04 01 00 00 00 01 00 00 00 00 16 
80 bc 56 00 fd 01 00 24 b3 00 00 b4 00 21 00 00 00 01 00 00 00 00 16 80 bc 56 00 fe 01 00 24 b3 
00 00 09 04 21 00 00 00 01 00 00 00 00 16 80 bc 56 00 ff 01 00 24 b3 00 00 15 04 02 00 00 00 01 
00 00 00 00 16 80 bc 56 00 00 02 00 24 b3 00 00 b5 00 21 00 00 00 01 00 00 00 00 16 80 bc 56 00 
01 02 00 95 a7 00 00 b4 00 12 00 00 00 01 00 00 00 00 16 80 bc 56 00 02 02 00 95 a7 00 00 b5 00 
12 00 00 00 01 00 00 00 00 16 80 bc 56 00 03 02 00 95 a7 00 00 09 04 12 00 00 00 01 00 00 00 00 
16 80 bc 56 00 04 02 00 95 a7 00 00 70 00 0f 00 00 00 01 00 00 00 00 16 80 bc 56 00 05 02 00 2c 
b3 00 00 17 04 01 00 00 00 01 00 00 00 00 16 80 bc 56 00 06 02 00 2c b3 00 00 b4 00 21 00 00 00 
01 00 00 00 00 16 80 bc 56 00 07 02 00 2c b3 00 00 09 04 21 00 00 00 01 00 00 00 00 
.v..H...............................................................P...........................
..................Q......................R....................................V.................
.....V......................V......................V......................V........#............
.V........!.............V......................V......................V......................V..
....................V....$.................V....$.................V....$.....!...........V....$.
....!...........V....$.................V....$.....!...........V......................V..........
............V......................V........p.............V....,.................V....,.....!...
........V....,.....!........

Client->GAME [16:49:10 07/14/09] packet size: 1 CRYPTED, Flags: 7f ServerSeq: 14 ClientSeq: 16
02 
.

GAME->Client [16:49:10 07/14/09] packet size: 696 CRYPTED, Flags: 7f ServerSeq: 15 ClientSeq: 15
02 04 01 00 b1 1e 16 80 bc 56 00 08 02 00 2c b3 00 00 12 04 02 00 00 00 01 00 00 00 00 16 80 bc 
56 00 09 02 00 2c b3 00 00 07 04 02 00 00 00 01 00 00 00 00 16 80 bc 56 00 0a 02 00 2c b3 00 00 
b5 00 21 00 00 00 01 00 00 00 00 16 80 bc 56 00 0b 02 00 c3 b2 00 00 89 02 02 00 00 00 01 00 00 
00 00 16 80 bc 56 00 0c 02 00 c3 b2 00 00 21 04 02 00 00 00 01 00 00 00 00 16 80 bc 56 00 0d 02 
00 c3 b2 00 00 b4 00 1f 00 00 00 01 00 00 00 00 16 80 bc 56 00 0e 02 00 c3 b2 00 00 09 04 1f 00 
00 00 01 00 00 00 00 16 80 bc 56 00 0f 02 00 c3 b2 00 00 1e 04 01 00 00 00 01 00 00 00 00 16 80 
bc 56 00 10 02 00 c3 b2 00 00 9d 00 1f 00 00 00 01 00 00 00 00 16 80 bc 55 00 11 02 00 02 00 00 
00 cc 00 0c 00 00 00 01 00 00 00 00 16 80 bc 15 00 12 02 00 11 00 00 00 ab 00 0d 00 00 00 01 00 
00 00 00 16 80 bc 15 00 13 02 00 11 00 00 00 0a 02 4d 00 00 00 01 00 00 00 00 16 80 bc 15 00 14 
02 00 11 00 00 00 f2 03 34 00 00 00 01 00 00 00 00 16 80 bc 15 00 15 02 00 11 00 00 00 ed 03 4d 
00 00 00 01 00 00 00 00 16 80 bc 15 00 16 02 00 11 00 00 00 9f 00 19 00 00 00 01 00 00 00 00 16 
80 bc 15 00 17 02 00 11 00 00 00 f1 03 34 00 00 00 01 00 00 00 00 16 80 bc 15 00 18 02 00 11 00 
00 00 0c 02 34 00 00 00 01 00 00 00 00 16 80 bc 15 00 19 02 00 11 00 00 00 b7 00 4d 00 00 00 01 
00 00 00 00 16 80 bc 15 00 1a 02 00 11 00 00 00 f3 03 46 00 00 00 01 00 00 00 00 16 80 bc 55 00 
1b 02 00 0b 00 00 00 37 02 96 00 00 00 01 00 00 00 00 16 80 bc 55 00 1c 02 00 2d 00 00 00 23 04 
0a 00 00 00 01 00 00 00 00 16 80 bc 55 00 1d 02 00 2d 00 00 00 20 04 0a 00 00 00 01 00 00 00 00 
16 80 bc 55 00 1e 02 00 2d 00 00 00 19 04 05 00 00 00 01 00 00 00 00 16 80 bc 55 00 1f 02 00 2d 
00 00 00 42 04 05 00 00 00 01 00 00 00 00 16 80 bc 55 00 20 02 00 34 00 00 00 83 02 c8 00 00 00 
01 00 00 00 00 16 80 bc 55 00 21 02 00 4b 00 00 00 1f 04 19 00 00 00 01 00 00 00 00 16 80 bc 55 
00 22 02 00 5f 00 00 00 7c 04 0f 00 00 00 01 00 00 00 00 16 80 bc 55 00 23 02 00 5f 00 00 00 07 
04 0f 00 00 00 01 00 00 00 00 16 80 bc 55 00 24 02 00 62 00 00 00 06 04 01 00 00 00 01 00 00 00 
00 16 80 bc 55 00 25 02 00 62 00 00 00 15 04 01 00 00 00 01 00 00 00 00 
.........V....,.................V....,.................V....,.....!...........V.................
.....V........!.............V......................V......................V.....................
.V......................U........................................................M..............
........4......................M.............................................4..................
....4......................M......................F...........U........7.............U....-...#.
............U....-... .............U....-.................U....-...B.............U. ..4.........
........U.!..K.................U.".._...|.............U.#.._.................U.$..b.............
....U.%..b..............

Client->GAME [16:49:10 07/14/09] packet size: 1 CRYPTED, Flags: 7f ServerSeq: 15 ClientSeq: 17
02 
.

GAME->Client [16:49:10 07/14/09] packet size: 525 CRYPTED, Flags: 7f ServerSeq: 16 ClientSeq: 0
02 04 02 00 cf 03 16 80 bc 55 00 26 02 00 5a 01 00 00 07 04 05 00 00 00 01 00 00 00 00 16 80 bc 
55 00 27 02 00 5a 01 00 00 1d 04 0f 00 00 00 01 00 00 00 00 16 80 bc 55 00 28 02 00 64 01 00 00 
1f 04 05 00 00 00 01 00 00 00 00 00 d2 19 16 80 bc 55 00 29 02 00 66 01 00 00 7b 04 05 00 00 00 
01 00 00 00 00 16 80 bc 55 00 2a 02 00 66 01 00 00 12 04 0a 00 00 00 01 00 00 00 00 16 80 bc 55 
00 2b 02 00 66 01 00 00 06 04 0b 00 00 00 01 00 00 00 00 16 80 bc 55 00 2c 02 00 8e 01 00 00 03 
04 05 00 00 00 01 00 00 00 00 16 80 bc 55 00 2d 02 00 8e 01 00 00 12 04 0f 00 00 00 01 00 00 00 
00 16 80 bc 55 00 2e 02 00 8e 01 00 00 77 04 05 00 00 00 01 00 00 00 00 16 80 bc 55 00 2f 02 00 
cd 01 00 00 e5 03 05 00 00 00 01 00 00 00 00 16 80 bc 55 00 30 02 00 cd 01 00 00 73 04 05 00 00 
00 01 00 00 00 00 16 80 bc 55 00 31 02 00 cd 01 00 00 e3 03 0f 00 00 00 01 00 00 00 00 16 80 bc 
55 00 32 02 00 d5 01 00 00 e3 03 05 00 00 00 01 00 00 00 00 16 80 bc 55 00 33 02 00 36 02 00 00 
37 02 0a 00 00 00 01 00 00 00 00 16 80 bc 55 00 34 02 00 74 02 00 00 34 02 1e 00 00 00 01 00 00 
00 00 04 80 b3 11 00 16 80 bc 45 03 11 00 00 02 00 00 00 11 00 32 00 00 00 01 00 00 00 00 04 80 
b3 35 04 16 80 bc 45 03 35 04 00 62 00 00 00 35 04 00 00 00 00 01 00 00 00 00 04 80 b3 3d 04 16 
80 bc 45 03 3d 04 00 43 00 00 00 3d 04 00 00 00 00 01 00 00 00 00 04 80 b3 3e 04 16 80 bc 45 03 
3e 04 00 4f 01 00 00 3e 04 00 00 00 00 01 00 00 00 00 04 80 b3 3f 04 16 80 bc 45 03 3f 04 00 64 
01 00 00 3f 04 00 00 00 00 01 00 00 00 00 04 80 b3 40 04 16 80 bc 45 03 40 04 00 d5 01 00 00 40 
04 00 00 00 00 01 00 00 00 00 02 81 07 
.........U.&..Z.................U.'..Z.................U.(..d....................U.)..f...{.....
........U.*..f.................U.+..f.................U.,....................U.-................
....U........w.............U./....................U.0......s.............U.1....................
U.2....................U.3..6...7.............U.4..t...4..................E..........2..........
.5....E.5..b...5.............=....E.=..C...=.............>....E.>..O...>.............?....E.?..d
...?.............@....E.@......@.............

Client->GAME [16:49:10 07/14/09] packet size: 13 CRYPTED, Flags: 7f ServerSeq: 0 ClientSeq: 18
02 04 01 00 04 01 06 81 08 00 00 00 00 
.............

GAME->Client [16:49:11 07/14/09] packet size: 1 CRYPTED, Flags: 7f ServerSeq: 17 ClientSeq: 2
02 
.

GAME->Client [16:49:11 07/14/09] packet size: 1 CRYPTED, Flags: 7f ServerSeq: 18 ClientSeq: 2
42 
B

GAME->Client [16:49:11 07/14/09] packet size: 5 CRYPTED, Flags: 7f ServerSeq: 19 ClientSeq: 2
c2 a3 19 d8 48 
....H

Client->GAME [16:49:11 07/14/09] packet size: 1 CRYPTED, Flags: 7f ServerSeq: 3 ClientSeq: 19
02 
.

Client->GAME [16:49:11 07/14/09] packet size: 1 CRYPTED, Flags: 7f ServerSeq: 3 ClientSeq: 20
42 
B

GAME->Client [16:49:12 07/14/09] packet size: 1 CRYPTED, Flags: 7f ServerSeq: 20 ClientSeq: 2
42 
B

GAME->Client [16:49:12 07/14/09] packet size: 1 CRYPTED, Flags: 7f ServerSeq: 21 ClientSeq: 4
42 
B

GAME->Client [16:49:12 07/14/09] packet size: 112 CRYPTED, Flags: 0 ServerSeq: 2 ClientSeq: 0
02 04 01 00 03 02 34 2e 07 00 00 00 00 00 00 00 00 00 00 00 64 00 00 2e 00 24 00 00 00 00 00 00 
00 00 00 00 00 00 00 00 00 00 00 0e 00 41 66 74 65 72 57 68 6f 72 75 4e 65 6f 00 34 2e 07 00 00 
00 00 00 00 00 00 00 00 00 64 00 00 2e 00 24 00 00 00 00 00 00 00 00 00 00 00 00 00 00 00 00 00 
0e 00 41 66 74 65 72 57 68 6f 72 75 4e 65 6f 00 
......4.............d....$...................AfterWhoruNeo.4.............d....$.................
..AfterWhoruNeo.

Client->GAME [16:49:12 07/14/09] packet size: 1 CRYPTED, Flags: 2 ServerSeq: 2 ClientSeq: 1
02 
.

GAME->Client [16:49:13 07/14/09] packet size: 138 CRYPTED, Flags: 1 ServerSeq: 3 ClientSeq: 1
02 04 01 00 00 03 6d 06 0e 00 03 00 00 00 ed 1b d8 48 01 42 00 32 00 72 65 73 6f 75 72 63 65 2f 
77 6f 72 6c 64 73 2f 66 69 6e 61 6c 5f 77 6f 72 6c 64 2f 69 6e 74 65 72 6e 61 74 69 6f 6e 61 6c 
2f 69 74 2e 6d 65 74 72 00 29 00 48 61 6c 6c 6f 77 65 65 6e 5f 45 76 65 6e 74 2c 57 69 6e 74 65 
72 33 50 6c 75 73 48 61 6c 6c 6f 77 65 65 6e 54 53 45 43 00 0a 80 e5 e7 cb c0 12 00 00 00 00 0a 
80 e4 e2 97 79 00 00 00 00 00 
......m..........H.B.2.resource/worlds/final_world/international/it.metr.).Halloween_Event,Winte
r3PlusHalloweenTSEC.................y.....

Client->GAME [16:49:13 07/14/09] packet size: 6 CRYPTED, Flags: 5 ServerSeq: 3 ClientSeq: 2
02 05 02 0c 00 00 
......

GAME->Client [16:49:13 07/14/09] packet size: 1 CRYPTED, Flags: 3 ServerSeq: 4 ClientSeq: 2
02 
.

Client->GAME [16:49:16 07/14/09] packet size: 12
00 00 00 00 00 01 04 08 a2 39 97 01 
.........9..

Client->GAME [16:49:16 07/14/09] packet size: 8 CRYPTED, Flags: 5 ServerSeq: 3 ClientSeq: 3
02 04 01 00 00 01 01 05 
........

GAME->Client [16:49:16 07/14/09] packet size: 12
00 00 00 00 00 01 04 08 a2 39 97 01 
.........9..

GAME->Client [16:49:16 07/14/09] packet size: 258 CRYPTED, Flags: 7 ServerSeq: 5 ClientSeq: 3
82 7e 1c d8 48 03 01 00 0c 0c 00 8a cd ab 20 8b 81 ff 71 02 00 00 41 6e 64 65 72 73 6f 6e 00 00 
00 00 00 00 00 00 00 00 00 00 00 00 00 00 00 00 00 00 00 00 00 00 98 eb 93 5c 1a 54 68 6f 6d 61 
73 00 00 00 00 00 00 00 00 00 00 00 00 00 00 00 00 00 00 00 00 00 00 00 00 00 00 80 f8 28 0a 0c 
00 f0 20 46 00 00 00 01 8e 81 ff f7 00 31 5e 00 00 ce 67 00 41 66 74 65 72 57 68 6f 72 75 4e 65 
6f 00 00 00 00 00 00 00 00 00 00 00 00 00 00 00 00 00 00 00 00 00 00 c0 a9 bf e2 40 00 00 00 00 
00 44 91 c0 00 00 00 20 f3 4e bf c0 28 0a fd 64 01 00 00 67 00 75 d4 01 00 4b b1 00 00 00 00 73 
1a e9 88 80 60 04 00 02 8e 00 00 00 f7 00 9d 00 00 00 00 00 bb e7 c0 00 00 00 00 00 c0 57 40 00 
00 00 00 80 47 df c0 81 ff 32 22 b0 01 00 14 00 81 1a 23 60 1a 1c 01 11 00 00 00 67 00 02 00 00 
00 00 
.~..H......... ...q...Anderson...........................\.Thomas............................(..
.. F.........1^...g.AfterWhoruNeo..........................@.....D..... .N..(..d...g.u...K.....s
....`........................W@.....G....2".......#`.......g......

GAME->Client [16:49:18 07/14/09] packet size: 254 CRYPTED, Flags: 7 ServerSeq: 6 ClientSeq: 3
02 03 01 00 0c 0c 00 8a cd ab 20 8b 81 ff 71 02 00 00 41 6e 64 65 72 73 6f 6e 00 00 00 00 00 00 
00 00 00 00 00 00 00 00 00 00 00 00 00 00 00 00 00 00 98 eb 93 5c 1a 54 68 6f 6d 61 73 00 00 00 
00 00 00 00 00 00 00 00 00 00 00 00 00 00 00 00 00 00 00 00 00 00 00 80 f8 28 0a 0c 00 f0 20 46 
00 00 00 01 8e 81 ff f7 00 31 5e 00 00 ce 67 00 41 66 74 65 72 57 68 6f 72 75 4e 65 6f 00 00 00 
00 00 00 00 00 00 00 00 00 00 00 00 00 00 00 00 00 00 00 c0 a9 bf e2 40 00 00 00 00 00 44 91 c0 
00 00 00 20 f3 4e bf c0 28 0a fd 64 01 00 00 67 00 75 d4 01 00 4b b1 00 00 00 00 73 1a e9 88 80 
60 04 00 02 8e 00 00 00 f7 00 9d 00 00 00 00 00 bb e7 c0 00 00 00 00 00 c0 57 40 00 00 00 00 80 
47 df c0 81 ff 32 22 b0 01 00 14 00 81 1a 23 60 1a 1c 01 11 00 00 00 67 00 02 00 00 00 00 
.......... ...q...Anderson...........................\.Thomas............................(.... F
.........1^...g.AfterWhoruNeo..........................@.....D..... .N..(..d...g.u...K.....s....
`........................W@.....G....2".......#`.......g......

Client->GAME [16:49:18 07/14/09] packet size: 55 CRYPTED, Flags: 17 ServerSeq: 5 ClientSeq: 4
02 03 02 00 02 60 08 41 6e 64 65 72 73 6f 6e 06 54 68 6f 6d 61 73 00 00 04 01 00 01 05 02 80 be 
07 3f 4e 00 10 00 00 00 08 3e 6b 00 10 00 00 00 00 02 81 48 02 0c 01 
.....`.Anderson.Thomas...........?N......>k........H...

Client->GAME [16:49:18 07/14/09] packet size: 1 CRYPTED, Flags: 2f ServerSeq: 6 ClientSeq: 5
02 
.

GAME->Client [16:49:18 07/14/09] packet size: 700 CRYPTED, Flags: f ServerSeq: 7 ClientSeq: 4
82 c3 1c d8 48 04 01 00 05 1e 16 80 bc 15 00 35 02 00 f7 03 00 00 08 02 00 00 00 00 00 00 00 00 
00 16 80 bc 15 00 36 02 00 f7 03 00 00 07 02 ec ff ff ff 00 00 00 00 00 16 80 bc 15 00 37 02 00 
f7 03 00 00 50 04 00 00 00 00 00 00 00 00 00 16 80 bc 15 00 38 02 00 f7 03 00 00 f4 03 00 00 00 
00 00 00 00 00 00 16 80 bc 15 00 39 02 00 f7 03 00 00 51 04 f6 ff ff ff 00 00 00 00 00 16 80 bc 
15 00 3a 02 00 f7 03 00 00 52 04 0f 00 00 00 00 00 00 00 00 16 80 bc 11 00 3b 02 00 00 00 00 00 
cb 02 00 00 00 00 00 00 00 00 00 16 80 bc 56 00 3c 02 00 0a 95 00 00 06 04 02 00 00 00 00 00 00 
00 00 16 80 bc 56 00 3d 02 00 0a 95 00 00 b4 00 11 00 00 00 00 00 00 00 00 16 80 bc 56 00 3e 02 
00 0a 95 00 00 b5 00 11 00 00 00 00 00 00 00 00 16 80 bc 56 00 3f 02 00 0a 95 00 00 07 04 02 00 
00 00 00 00 00 00 00 16 80 bc 56 00 40 02 00 8a b2 00 00 23 04 02 00 00 00 00 00 00 00 00 16 80 
bc 56 00 41 02 00 8a b2 00 00 21 04 01 00 00 00 00 00 00 00 00 16 80 bc 56 00 42 02 00 8a b2 00 
00 b4 00 1d 00 00 00 00 00 00 00 00 16 80 bc 56 00 43 02 00 8a b2 00 00 09 04 1d 00 00 00 00 00 
00 00 00 16 80 bc 56 00 44 02 00 8a b2 00 00 9d 00 1d 00 00 00 00 00 00 00 00 16 80 bc 56 00 45 
02 00 8a b2 00 00 06 04 01 00 00 00 00 00 00 00 00 16 80 bc 56 00 46 02 00 24 b3 00 00 89 02 02 
00 00 00 00 00 00 00 00 16 80 bc 56 00 47 02 00 24 b3 00 00 1a 04 01 00 00 00 00 00 00 00 00 16 
80 bc 56 00 48 02 00 24 b3 00 00 b4 00 21 00 00 00 00 00 00 00 00 16 80 bc 56 00 49 02 00 24 b3 
00 00 09 04 21 00 00 00 00 00 00 00 00 16 80 bc 56 00 4a 02 00 24 b3 00 00 15 04 02 00 00 00 00 
00 00 00 00 16 80 bc 56 00 4b 02 00 24 b3 00 00 b5 00 21 00 00 00 00 00 00 00 00 16 80 bc 56 00 
4c 02 00 95 a7 00 00 b4 00 12 00 00 00 00 00 00 00 00 16 80 bc 56 00 4d 02 00 95 a7 00 00 b5 00 
12 00 00 00 00 00 00 00 00 16 80 bc 56 00 4e 02 00 95 a7 00 00 09 04 12 00 00 00 00 00 00 00 00 
16 80 bc 56 00 4f 02 00 95 a7 00 00 70 00 0f 00 00 00 00 00 00 00 00 16 80 bc 56 00 50 02 00 2c 
b3 00 00 17 04 01 00 00 00 00 00 00 00 00 16 80 bc 56 00 51 02 00 2c b3 00 00 b4 00 21 00 00 00 
00 00 00 00 00 16 80 bc 56 00 52 02 00 2c b3 00 00 09 04 21 00 00 00 00 00 00 00 00 
....H..........5......................6......................7......P...............8...........
...........9......Q...............:......R...............;....................V.<...............
.....V.=....................V.>....................V.?....................V.@......#............
.V.A......!.............V.B....................V.C....................V.D....................V.E
....................V.F..$.................V.G..$.................V.H..$.....!...........V.I..$.
....!...........V.J..$.................V.K..$.....!...........V.L....................V.M........
............V.N....................V.O......p.............V.P..,.................V.Q..,.....!...
........V.R..,.....!........

Client->GAME [16:49:18 07/14/09] packet size: 1 CRYPTED, Flags: 5f ServerSeq: 7 ClientSeq: 6
02 
.

GAME->Client [16:49:19 07/14/09] packet size: 696 CRYPTED, Flags: 1f ServerSeq: 8 ClientSeq: 5
02 04 01 00 23 1e 16 80 bc 56 00 53 02 00 2c b3 00 00 12 04 02 00 00 00 00 00 00 00 00 16 80 bc 
56 00 54 02 00 2c b3 00 00 07 04 02 00 00 00 00 00 00 00 00 16 80 bc 56 00 55 02 00 2c b3 00 00 
b5 00 21 00 00 00 00 00 00 00 00 16 80 bc 56 00 56 02 00 c3 b2 00 00 89 02 02 00 00 00 00 00 00 
00 00 16 80 bc 56 00 57 02 00 c3 b2 00 00 21 04 02 00 00 00 00 00 00 00 00 16 80 bc 56 00 58 02 
00 c3 b2 00 00 b4 00 1f 00 00 00 00 00 00 00 00 16 80 bc 56 00 59 02 00 c3 b2 00 00 09 04 1f 00 
00 00 00 00 00 00 00 16 80 bc 56 00 5a 02 00 c3 b2 00 00 1e 04 01 00 00 00 00 00 00 00 00 16 80 
bc 56 00 5b 02 00 c3 b2 00 00 9d 00 1f 00 00 00 00 00 00 00 00 16 80 bc 55 00 5c 02 00 02 00 00 
00 cc 00 0c 00 00 00 00 00 00 00 00 16 80 bc 15 00 5d 02 00 11 00 00 00 ab 00 0d 00 00 00 00 00 
00 00 00 16 80 bc 15 00 5e 02 00 11 00 00 00 0a 02 4d 00 00 00 00 00 00 00 00 16 80 bc 15 00 5f 
02 00 11 00 00 00 f2 03 34 00 00 00 00 00 00 00 00 16 80 bc 15 00 60 02 00 11 00 00 00 ed 03 4d 
00 00 00 00 00 00 00 00 16 80 bc 15 00 61 02 00 11 00 00 00 9f 00 19 00 00 00 00 00 00 00 00 16 
80 bc 15 00 62 02 00 11 00 00 00 f1 03 34 00 00 00 00 00 00 00 00 16 80 bc 15 00 63 02 00 11 00 
00 00 0c 02 34 00 00 00 00 00 00 00 00 16 80 bc 15 00 64 02 00 11 00 00 00 b7 00 4d 00 00 00 00 
00 00 00 00 16 80 bc 15 00 65 02 00 11 00 00 00 f3 03 46 00 00 00 00 00 00 00 00 16 80 bc 55 00 
66 02 00 0b 00 00 00 37 02 96 00 00 00 00 00 00 00 00 16 80 bc 55 00 67 02 00 2d 00 00 00 23 04 
0a 00 00 00 00 00 00 00 00 16 80 bc 55 00 68 02 00 2d 00 00 00 20 04 0a 00 00 00 00 00 00 00 00 
16 80 bc 55 00 69 02 00 2d 00 00 00 19 04 05 00 00 00 00 00 00 00 00 16 80 bc 55 00 6a 02 00 2d 
00 00 00 42 04 05 00 00 00 00 00 00 00 00 16 80 bc 55 00 6b 02 00 34 00 00 00 83 02 c8 00 00 00 
00 00 00 00 00 16 80 bc 55 00 6c 02 00 4b 00 00 00 1f 04 19 00 00 00 00 00 00 00 00 16 80 bc 55 
00 6d 02 00 5f 00 00 00 7c 04 0f 00 00 00 00 00 00 00 00 16 80 bc 55 00 6e 02 00 5f 00 00 00 07 
04 0f 00 00 00 00 00 00 00 00 16 80 bc 55 00 6f 02 00 62 00 00 00 06 04 01 00 00 00 00 00 00 00 
00 16 80 bc 55 00 70 02 00 62 00 00 00 15 04 01 00 00 00 00 00 00 00 00 
....#....V.S..,.................V.T..,.................V.U..,.....!...........V.V...............
.....V.W......!.............V.X....................V.Y....................V.Z...................
.V.[....................U.\......................]......................^........M............._
........4.............`........M.............a......................b........4.............c....
....4.............d........M.............e........F...........U.f......7.............U.g..-...#.
............U.h..-... .............U.i..-.................U.j..-...B.............U.k..4.........
........U.l..K.................U.m.._...|.............U.n.._.................U.o..b.............
....U.p..b..............

Client->GAME [16:49:19 07/14/09] packet size: 1 CRYPTED, Flags: 3f ServerSeq: 8 ClientSeq: 7
02 
.

GAME->Client [16:49:19 07/14/09] packet size: 717 CRYPTED, Flags: 1f ServerSeq: 9 ClientSeq: 5
02 03 01 00 0c 68 a7 23 cd ab 01 01 00 00 00 e0 81 72 e5 c0 00 00 00 60 66 66 70 40 00 00 00 80 
b3 1c e2 c0 09 00 00 01 00 08 50 02 bb 09 40 02 c8 cd ab 01 01 00 00 00 00 00 bb e7 c0 00 00 00 
00 00 40 60 40 00 00 00 00 80 60 df c0 07 00 00 01 00 08 69 09 d0 09 40 02 24 cd ab 02 05 00 00 
00 00 c0 52 ea c0 00 00 00 00 00 88 99 40 00 00 00 00 80 81 e2 c0 00 00 00 00 16 ef c3 3e 00 00 
00 00 5e 83 6c 3f 05 00 00 01 00 0c 57 02 8b cd ab 11 8e 53 69 6c 76 65 72 20 44 72 61 67 6f 6e 
20 48 6f 72 6e 00 00 00 00 00 00 00 00 00 00 00 00 00 00 00 10 00 00 22 d4 c8 38 1c 00 c6 01 80 
c1 f5 09 00 58 00 00 00 54 82 db e9 c0 00 00 00 00 00 c0 57 40 00 00 00 b4 65 48 da c0 c0 01 82 
02 a8 10 a3 02 b2 09 a3 02 07 08 00 00 81 ed 1a 00 00 02 04 03 00 00 00 00 04 02 00 41 03 16 80 
bc 55 00 71 02 00 5a 01 00 00 07 04 05 00 00 00 00 00 00 00 00 16 80 bc 55 00 72 02 00 5a 01 00 
00 1d 04 0f 00 00 00 00 00 00 00 00 16 80 bc 55 00 73 02 00 64 01 00 00 1f 04 05 00 00 00 00 00 
00 00 00 00 44 11 16 80 bc 55 00 74 02 00 66 01 00 00 7b 04 05 00 00 00 00 00 00 00 00 16 80 bc 
55 00 75 02 00 66 01 00 00 12 04 0a 00 00 00 00 00 00 00 00 16 80 bc 55 00 76 02 00 66 01 00 00 
06 04 0b 00 00 00 00 00 00 00 00 16 80 bc 55 00 77 02 00 8e 01 00 00 03 04 05 00 00 00 00 00 00 
00 00 16 80 bc 55 00 78 02 00 8e 01 00 00 12 04 0f 00 00 00 00 00 00 00 00 16 80 bc 55 00 79 02 
00 8e 01 00 00 77 04 05 00 00 00 00 00 00 00 00 16 80 bc 55 00 7a 02 00 cd 01 00 00 e5 03 05 00 
00 00 00 00 00 00 00 16 80 bc 55 00 7b 02 00 cd 01 00 00 73 04 05 00 00 00 00 00 00 00 00 16 80 
bc 55 00 7c 02 00 cd 01 00 00 e3 03 0f 00 00 00 00 00 00 00 00 16 80 bc 55 00 7d 02 00 d5 01 00 
00 e3 03 05 00 00 00 00 00 00 00 00 16 80 bc 55 00 7e 02 00 36 02 00 00 37 02 0a 00 00 00 00 00 
00 00 00 16 80 bc 55 00 7f 02 00 74 02 00 00 34 02 1e 00 00 00 00 00 00 00 00 16 80 bc 45 03 11 
00 00 02 00 00 00 11 00 32 00 00 00 00 00 00 00 00 16 80 bc 45 03 35 04 00 62 00 00 00 35 04 00 
00 00 00 00 00 00 00 00 16 80 bc 45 03 3d 04 00 43 00 00 00 3d 04 00 00 00 00 00 00 00 00 00 16 
80 bc 45 03 3e 04 00 4f 01 00 00 3e 04 00 00 00 00 00 00 00 00 00 16 80 bc 45 03 3f 04 00 64 01 
00 00 3f 04 00 00 00 00 00 00 00 00 00 
.....h.#.........r.....`ffp@..............P...@...................@`@.....`........i...@.$......
...R.........@...............>....^.l?......W......Silver Dragon Horn.................."..8.....
....X...T..........W@....eH.................................A....U.q..Z.................U.r..Z..
...............U.s..d...............D....U.t..f...{.............U.u..f.................U.v..f...
..............U.w....................U.x....................U.y......w.............U.z..........
..........U.{......s.............U.|....................U.}....................U.~..6...7.......
......U....t...4.............E..........2...........E.5..b...5.............E.=..C...=...........
..E.>..O...>.............E.?..d...?..........

Client->GAME [16:49:19 07/14/09] packet size: 1 CRYPTED, Flags: 7f ServerSeq: 9 ClientSeq: 8
02 
.

GAME->Client [16:49:19 07/14/09] packet size: 711 CRYPTED, Flags: 7f ServerSeq: 10 ClientSeq: 7
02 04 02 00 55 02 16 80 bc 45 03 40 04 00 d5 01 00 00 40 04 00 00 00 00 00 00 00 00 00 0b 80 bd 
05 11 00 00 00 00 00 00 01 00 57 1d 16 80 bc 56 00 3c 02 00 0a 95 00 00 06 04 02 00 00 00 01 00 
00 00 00 16 80 bc 56 00 3d 02 00 0a 95 00 00 b4 00 11 00 00 00 01 00 00 00 00 16 80 bc 56 00 3e 
02 00 0a 95 00 00 b5 00 11 00 00 00 01 00 00 00 00 16 80 bc 56 00 3f 02 00 0a 95 00 00 07 04 02 
00 00 00 01 00 00 00 00 16 80 bc 56 00 80 02 00 0a 95 00 00 06 04 02 00 00 00 00 00 00 00 00 16 
80 bc 56 00 81 02 00 0a 95 00 00 b4 00 11 00 00 00 00 00 00 00 00 16 80 bc 56 00 82 02 00 0a 95 
00 00 b5 00 11 00 00 00 00 00 00 00 00 16 80 bc 56 00 83 02 00 0a 95 00 00 07 04 02 00 00 00 00 
00 00 00 00 16 80 bc 56 00 40 02 00 8a b2 00 00 23 04 02 00 00 00 01 00 00 00 00 16 80 bc 56 00 
41 02 00 8a b2 00 00 21 04 01 00 00 00 01 00 00 00 00 16 80 bc 56 00 42 02 00 8a b2 00 00 b4 00 
1d 00 00 00 01 00 00 00 00 16 80 bc 56 00 43 02 00 8a b2 00 00 09 04 1d 00 00 00 01 00 00 00 00 
16 80 bc 56 00 44 02 00 8a b2 00 00 9d 00 1d 00 00 00 01 00 00 00 00 16 80 bc 56 00 45 02 00 8a 
b2 00 00 06 04 01 00 00 00 01 00 00 00 00 16 80 bc 56 00 84 02 00 8a b2 00 00 23 04 02 00 00 00 
00 00 00 00 00 16 80 bc 56 00 85 02 00 8a b2 00 00 21 04 01 00 00 00 00 00 00 00 00 16 80 bc 56 
00 86 02 00 8a b2 00 00 b4 00 1d 00 00 00 00 00 00 00 00 16 80 bc 56 00 87 02 00 8a b2 00 00 09 
04 1d 00 00 00 00 00 00 00 00 16 80 bc 56 00 88 02 00 8a b2 00 00 9d 00 1d 00 00 00 00 00 00 00 
00 16 80 bc 56 00 89 02 00 8a b2 00 00 06 04 01 00 00 00 00 00 00 00 00 16 80 bc 56 00 46 02 00 
24 b3 00 00 89 02 02 00 00 00 01 00 00 00 00 16 80 bc 56 00 47 02 00 24 b3 00 00 1a 04 01 00 00 
00 01 00 00 00 00 16 80 bc 56 00 48 02 00 24 b3 00 00 b4 00 21 00 00 00 01 00 00 00 00 16 80 bc 
56 00 49 02 00 24 b3 00 00 09 04 21 00 00 00 01 00 00 00 00 16 80 bc 56 00 4a 02 00 24 b3 00 00 
15 04 02 00 00 00 01 00 00 00 00 16 80 bc 56 00 4b 02 00 24 b3 00 00 b5 00 21 00 00 00 01 00 00 
00 00 16 80 bc 56 00 8a 02 00 24 b3 00 00 89 02 02 00 00 00 00 00 00 00 00 16 80 bc 56 00 8b 02 
00 24 b3 00 00 1a 04 01 00 00 00 00 00 00 00 00 16 80 bc 56 00 8c 02 00 24 b3 00 00 b4 00 21 00 
00 00 00 00 00 00 00 
....U....E.@......@.......................W....V.<....................V.=....................V.>
....................V.?....................V......................V......................V......
................V......................V.@......#.............V.A......!.............V.B........
............V.C....................V.D....................V.E....................V........#.....
........V........!.............V......................V......................V..................
....V......................V.F..$.................V.G..$.................V.H..$.....!...........
V.I..$.....!...........V.J..$.................V.K..$.....!...........V....$.................V...
.$.................V....$.....!........

Client->GAME [16:49:19 07/14/09] packet size: 1 CRYPTED, Flags: 7f ServerSeq: 10 ClientSeq: 9
02 
.

GAME->Client [16:49:19 07/14/09] packet size: 696 CRYPTED, Flags: 7f ServerSeq: 11 ClientSeq: 8
02 04 01 00 74 1e 16 80 bc 56 00 8d 02 00 24 b3 00 00 09 04 21 00 00 00 00 00 00 00 00 16 80 bc 
56 00 8e 02 00 24 b3 00 00 15 04 02 00 00 00 00 00 00 00 00 16 80 bc 56 00 8f 02 00 24 b3 00 00 
b5 00 21 00 00 00 00 00 00 00 00 16 80 bc 56 00 4c 02 00 95 a7 00 00 b4 00 12 00 00 00 01 00 00 
00 00 16 80 bc 56 00 4d 02 00 95 a7 00 00 b5 00 12 00 00 00 01 00 00 00 00 16 80 bc 56 00 4e 02 
00 95 a7 00 00 09 04 12 00 00 00 01 00 00 00 00 16 80 bc 56 00 4f 02 00 95 a7 00 00 70 00 0f 00 
00 00 01 00 00 00 00 16 80 bc 56 00 90 02 00 95 a7 00 00 b4 00 12 00 00 00 00 00 00 00 00 16 80 
bc 56 00 91 02 00 95 a7 00 00 b5 00 12 00 00 00 00 00 00 00 00 16 80 bc 56 00 92 02 00 95 a7 00 
00 09 04 12 00 00 00 00 00 00 00 00 16 80 bc 56 00 93 02 00 95 a7 00 00 70 00 0f 00 00 00 00 00 
00 00 00 16 80 bc 56 00 50 02 00 2c b3 00 00 17 04 01 00 00 00 01 00 00 00 00 16 80 bc 56 00 51 
02 00 2c b3 00 00 b4 00 21 00 00 00 01 00 00 00 00 16 80 bc 56 00 52 02 00 2c b3 00 00 09 04 21 
00 00 00 01 00 00 00 00 16 80 bc 56 00 53 02 00 2c b3 00 00 12 04 02 00 00 00 01 00 00 00 00 16 
80 bc 56 00 54 02 00 2c b3 00 00 07 04 02 00 00 00 01 00 00 00 00 16 80 bc 56 00 55 02 00 2c b3 
00 00 b5 00 21 00 00 00 01 00 00 00 00 16 80 bc 56 00 94 02 00 2c b3 00 00 17 04 01 00 00 00 00 
00 00 00 00 16 80 bc 56 00 95 02 00 2c b3 00 00 b4 00 21 00 00 00 00 00 00 00 00 16 80 bc 56 00 
96 02 00 2c b3 00 00 09 04 21 00 00 00 00 00 00 00 00 16 80 bc 56 00 97 02 00 2c b3 00 00 12 04 
02 00 00 00 00 00 00 00 00 16 80 bc 56 00 98 02 00 2c b3 00 00 07 04 02 00 00 00 00 00 00 00 00 
16 80 bc 56 00 99 02 00 2c b3 00 00 b5 00 21 00 00 00 00 00 00 00 00 16 80 bc 56 00 56 02 00 c3 
b2 00 00 89 02 02 00 00 00 01 00 00 00 00 16 80 bc 56 00 57 02 00 c3 b2 00 00 21 04 02 00 00 00 
01 00 00 00 00 16 80 bc 56 00 58 02 00 c3 b2 00 00 b4 00 1f 00 00 00 01 00 00 00 00 16 80 bc 56 
00 59 02 00 c3 b2 00 00 09 04 1f 00 00 00 01 00 00 00 00 16 80 bc 56 00 5a 02 00 c3 b2 00 00 1e 
04 01 00 00 00 01 00 00 00 00 16 80 bc 56 00 5b 02 00 c3 b2 00 00 9d 00 1f 00 00 00 01 00 00 00 
00 16 80 bc 56 00 9a 02 00 c3 b2 00 00 89 02 02 00 00 00 00 00 00 00 00 
....t....V....$.....!...........V....$.................V....$.....!...........V.L...............
.....V.M....................V.N....................V.O......p.............V.....................
.V......................V......................V........p.............V.P..,.................V.Q
..,.....!...........V.R..,.....!...........V.S..,.................V.T..,.................V.U..,.
....!...........V....,.................V....,.....!...........V....,.....!...........V....,.....
............V....,.................V....,.....!...........V.V....................V.W......!.....
........V.X....................V.Y....................V.Z....................V.[................
....V...................

Client->GAME [16:49:19 07/14/09] packet size: 1 CRYPTED, Flags: 7f ServerSeq: 11 ClientSeq: 10
02 
.

GAME->Client [16:49:19 07/14/09] packet size: 700 CRYPTED, Flags: 7f ServerSeq: 12 ClientSeq: 9
02 04 02 00 92 04 16 80 bc 56 00 9b 02 00 c3 b2 00 00 21 04 02 00 00 00 00 00 00 00 00 16 80 bc 
56 00 9c 02 00 c3 b2 00 00 b4 00 1f 00 00 00 00 00 00 00 00 16 80 bc 56 00 9d 02 00 c3 b2 00 00 
09 04 1f 00 00 00 00 00 00 00 00 16 80 bc 56 00 9e 02 00 c3 b2 00 00 1e 04 01 00 00 00 00 00 00 
00 00 00 96 1b 16 80 bc 56 00 9f 02 00 c3 b2 00 00 9d 00 1f 00 00 00 00 00 00 00 00 16 80 bc 15 
00 5d 02 00 11 00 00 00 ab 00 0d 00 00 00 01 00 00 00 00 16 80 bc 15 00 5e 02 00 11 00 00 00 0a 
02 4d 00 00 00 01 00 00 00 00 16 80 bc 15 00 5f 02 00 11 00 00 00 f2 03 34 00 00 00 01 00 00 00 
00 16 80 bc 15 00 60 02 00 11 00 00 00 ed 03 4d 00 00 00 01 00 00 00 00 16 80 bc 15 00 61 02 00 
11 00 00 00 9f 00 19 00 00 00 01 00 00 00 00 16 80 bc 15 00 62 02 00 11 00 00 00 f1 03 34 00 00 
00 01 00 00 00 00 16 80 bc 15 00 63 02 00 11 00 00 00 0c 02 34 00 00 00 01 00 00 00 00 16 80 bc 
15 00 64 02 00 11 00 00 00 b7 00 4d 00 00 00 01 00 00 00 00 16 80 bc 15 00 65 02 00 11 00 00 00 
f3 03 46 00 00 00 01 00 00 00 00 0b 80 bd 05 11 00 00 00 00 00 00 00 16 80 bc 15 00 a0 02 00 11 
00 00 00 ab 00 0d 00 00 00 00 00 00 00 00 16 80 bc 15 00 a1 02 00 11 00 00 00 0a 02 4d 00 00 00 
00 00 00 00 00 16 80 bc 15 00 a2 02 00 11 00 00 00 f2 03 34 00 00 00 00 00 00 00 00 16 80 bc 15 
00 a3 02 00 11 00 00 00 ed 03 4d 00 00 00 00 00 00 00 00 16 80 bc 15 00 a4 02 00 11 00 00 00 9f 
00 19 00 00 00 00 00 00 00 00 16 80 bc 15 00 a5 02 00 11 00 00 00 f1 03 34 00 00 00 00 00 00 00 
00 16 80 bc 15 00 a6 02 00 11 00 00 00 0c 02 34 00 00 00 00 00 00 00 00 16 80 bc 15 00 a7 02 00 
11 00 00 00 b7 00 4d 00 00 00 00 00 00 00 00 16 80 bc 15 00 a8 02 00 11 00 00 00 f3 03 46 00 00 
00 00 00 00 00 00 0b 80 bd 05 11 00 00 00 00 00 00 01 16 80 bc 15 00 a0 02 00 11 00 00 00 ab 00 
0d 00 00 00 01 00 00 00 00 16 80 bc 15 00 a1 02 00 11 00 00 00 0a 02 4d 00 00 00 01 00 00 00 00 
16 80 bc 15 00 a2 02 00 11 00 00 00 f2 03 34 00 00 00 01 00 00 00 00 16 80 bc 15 00 a3 02 00 11 
00 00 00 ed 03 4d 00 00 00 01 00 00 00 00 16 80 bc 15 00 a4 02 00 11 00 00 00 9f 00 19 00 00 00 
01 00 00 00 00 16 80 bc 15 00 a5 02 00 11 00 00 00 f1 03 34 00 00 00 01 00 00 00 00 
.........V........!.............V......................V......................V.................
........V........................]......................^........M............._........4.......
......`........M.............a......................b........4.............c........4...........
..d........M.............e........F.........................................................M...
...................4......................M.............................................4.......
...............4......................M......................F..................................
.......................M......................4......................M..........................
...................4........

Client->GAME [16:49:19 07/14/09] packet size: 1 CRYPTED, Flags: 7f ServerSeq: 12 ClientSeq: 11
02 
.

GAME->Client [16:49:19 07/14/09] packet size: 701 CRYPTED, Flags: 7f ServerSeq: 13 ClientSeq: 10
02 04 01 00 b1 21 16 80 bc 15 00 a6 02 00 11 00 00 00 0c 02 34 00 00 00 01 00 00 00 00 16 80 bc 
15 00 a7 02 00 11 00 00 00 b7 00 4d 00 00 00 01 00 00 00 00 16 80 bc 15 00 a8 02 00 11 00 00 00 
f3 03 46 00 00 00 01 00 00 00 00 04 80 b3 11 00 16 80 bc 45 03 11 00 00 02 00 00 00 11 00 32 00 
00 00 01 00 00 00 00 16 80 bc 55 00 5c 02 00 02 00 00 00 cc 00 0c 00 00 00 01 00 00 00 00 08 80 
b2 11 00 32 00 08 02 16 80 bc 45 03 11 00 00 02 00 00 00 11 00 32 00 00 00 00 00 00 00 00 16 80 
bc 55 00 a9 02 00 02 00 00 00 cc 00 0c 00 00 00 00 00 00 00 00 16 80 bc 15 00 aa 02 00 11 00 00 
00 ab 00 0d 00 00 00 00 00 00 00 00 16 80 bc 15 00 ab 02 00 11 00 00 00 0a 02 4d 00 00 00 00 00 
00 00 00 16 80 bc 15 00 ac 02 00 11 00 00 00 f2 03 34 00 00 00 00 00 00 00 00 16 80 bc 15 00 ad 
02 00 11 00 00 00 ed 03 4d 00 00 00 00 00 00 00 00 16 80 bc 15 00 ae 02 00 11 00 00 00 9f 00 19 
00 00 00 00 00 00 00 00 16 80 bc 15 00 af 02 00 11 00 00 00 f1 03 34 00 00 00 00 00 00 00 00 16 
80 bc 15 00 b0 02 00 11 00 00 00 0c 02 34 00 00 00 00 00 00 00 00 16 80 bc 15 00 b1 02 00 11 00 
00 00 b7 00 4d 00 00 00 00 00 00 00 00 16 80 bc 15 00 b2 02 00 11 00 00 00 f3 03 46 00 00 00 00 
00 00 00 00 16 80 bc 55 00 66 02 00 0b 00 00 00 37 02 96 00 00 00 01 00 00 00 00 16 80 bc 55 00 
b3 02 00 0b 00 00 00 37 02 96 00 00 00 00 00 00 00 00 16 80 bc 55 00 67 02 00 2d 00 00 00 23 04 
0a 00 00 00 01 00 00 00 00 16 80 bc 55 00 68 02 00 2d 00 00 00 20 04 0a 00 00 00 01 00 00 00 00 
16 80 bc 55 00 69 02 00 2d 00 00 00 19 04 05 00 00 00 01 00 00 00 00 16 80 bc 55 00 6a 02 00 2d 
00 00 00 42 04 05 00 00 00 01 00 00 00 00 16 80 bc 55 00 b4 02 00 2d 00 00 00 23 04 0a 00 00 00 
00 00 00 00 00 16 80 bc 55 00 b5 02 00 2d 00 00 00 20 04 0a 00 00 00 00 00 00 00 00 16 80 bc 55 
00 b6 02 00 2d 00 00 00 19 04 05 00 00 00 00 00 00 00 00 16 80 bc 55 00 b7 02 00 2d 00 00 00 42 
04 05 00 00 00 00 00 00 00 00 16 80 bc 55 00 6b 02 00 34 00 00 00 83 02 c8 00 00 00 01 00 00 00 
00 16 80 bc 55 00 b8 02 00 34 00 00 00 83 02 c8 00 00 00 00 00 00 00 00 04 80 b3 3d 04 16 80 bc 
45 03 3d 04 00 43 00 00 00 3d 04 00 00 00 00 01 00 00 00 00 08 80 b2 3d 04 00 00 08 02 
.....!..............4......................M......................F................E..........2.
..........U.\......................2......E..........2...........U..............................
..........................M......................4......................M.......................
......................4......................4......................M......................F....
.......U.f......7.............U........7.............U.g..-...#.............U.h..-... ..........
...U.i..-.................U.j..-...B.............U....-...#.............U....-... .............U
....-.................U....-...B.............U.k..4.................U....4.................=....
E.=..C...=.............=.....

Client->GAME [16:49:19 07/14/09] packet size: 1 CRYPTED, Flags: 7f ServerSeq: 13 ClientSeq: 12
02 
.

GAME->Client [16:49:19 07/14/09] packet size: 695 CRYPTED, Flags: 7f ServerSeq: 14 ClientSeq: 11
02 04 02 00 d2 07 16 80 bc 45 03 3d 04 00 43 00 00 00 3d 04 00 00 00 00 00 00 00 00 00 16 80 bc 
55 00 6c 02 00 4b 00 00 00 1f 04 19 00 00 00 01 00 00 00 00 16 80 bc 55 00 b9 02 00 4b 00 00 00 
1f 04 19 00 00 00 00 00 00 00 00 16 80 bc 55 00 6d 02 00 5f 00 00 00 7c 04 0f 00 00 00 01 00 00 
00 00 16 80 bc 55 00 6e 02 00 5f 00 00 00 07 04 0f 00 00 00 01 00 00 00 00 16 80 bc 55 00 ba 02 
00 5f 00 00 00 7c 04 0f 00 00 00 00 00 00 00 00 16 80 bc 55 00 bb 02 00 5f 00 00 00 07 04 0f 00 
00 00 00 00 00 00 00 00 d9 1b 16 80 bc 55 00 6f 02 00 62 00 00 00 06 04 01 00 00 00 01 00 00 00 
00 04 80 b3 35 04 16 80 bc 45 03 35 04 00 62 00 00 00 35 04 00 00 00 00 01 00 00 00 00 16 80 bc 
55 00 70 02 00 62 00 00 00 15 04 01 00 00 00 01 00 00 00 00 16 80 bc 55 00 bc 02 00 62 00 00 00 
06 04 01 00 00 00 00 00 00 00 00 08 80 b2 35 04 00 00 08 02 16 80 bc 45 03 35 04 00 62 00 00 00 
35 04 00 00 00 00 00 00 00 00 00 16 80 bc 55 00 bd 02 00 62 00 00 00 15 04 01 00 00 00 00 00 00 
00 00 04 80 b3 3e 04 16 80 bc 45 03 3e 04 00 4f 01 00 00 3e 04 00 00 00 00 01 00 00 00 00 08 80 
b2 3e 04 00 00 08 02 16 80 bc 45 03 3e 04 00 4f 01 00 00 3e 04 00 00 00 00 00 00 00 00 00 16 80 
bc 55 00 71 02 00 5a 01 00 00 07 04 05 00 00 00 01 00 00 00 00 16 80 bc 55 00 72 02 00 5a 01 00 
00 1d 04 0f 00 00 00 01 00 00 00 00 16 80 bc 55 00 be 02 00 5a 01 00 00 07 04 05 00 00 00 00 00 
00 00 00 16 80 bc 55 00 bf 02 00 5a 01 00 00 1d 04 0f 00 00 00 00 00 00 00 00 04 80 b3 3f 04 16 
80 bc 45 03 3f 04 00 64 01 00 00 3f 04 00 00 00 00 01 00 00 00 00 16 80 bc 55 00 73 02 00 64 01 
00 00 1f 04 05 00 00 00 01 00 00 00 00 08 80 b2 3f 04 00 00 08 02 16 80 bc 45 03 3f 04 00 64 01 
00 00 3f 04 00 00 00 00 00 00 00 00 00 16 80 bc 55 00 c0 02 00 64 01 00 00 1f 04 05 00 00 00 00 
00 00 00 00 16 80 bc 55 00 74 02 00 66 01 00 00 7b 04 05 00 00 00 01 00 00 00 00 16 80 bc 55 00 
75 02 00 66 01 00 00 12 04 0a 00 00 00 01 00 00 00 00 16 80 bc 55 00 76 02 00 66 01 00 00 06 04 
0b 00 00 00 01 00 00 00 00 16 80 bc 55 00 c1 02 00 66 01 00 00 7b 04 05 00 00 00 00 00 00 00 00 
16 80 bc 55 00 c2 02 00 66 01 00 00 12 04 0a 00 00 00 00 00 00 00 00 
.........E.=..C...=.............U.l..K.................U....K.................U.m.._...|........
.....U.n.._.................U...._...|.............U...._....................U.o..b.............
....5....E.5..b...5.............U.p..b.................U....b.................5........E.5..b...
5.............U....b.................>....E.>..O...>.............>........E.>..O...>............
.U.q..Z.................U.r..Z.................U....Z.................U....Z.................?..
..E.?..d...?.............U.s..d.................?........E.?..d...?.............U....d..........
.......U.t..f...{.............U.u..f.................U.v..f.................U....f...{..........
...U....f..............

Client->GAME [16:49:19 07/14/09] packet size: 1 CRYPTED, Flags: 7f ServerSeq: 14 ClientSeq: 13
02 
.

GAME->Client [16:49:19 07/14/09] packet size: 710 CRYPTED, Flags: 7f ServerSeq: 15 ClientSeq: 12
02 04 01 00 f4 20 16 80 bc 55 00 c3 02 00 66 01 00 00 06 04 0b 00 00 00 00 00 00 00 00 16 80 bc 
55 00 77 02 00 8e 01 00 00 03 04 05 00 00 00 01 00 00 00 00 16 80 bc 55 00 78 02 00 8e 01 00 00 
12 04 0f 00 00 00 01 00 00 00 00 16 80 bc 55 00 79 02 00 8e 01 00 00 77 04 05 00 00 00 01 00 00 
00 00 16 80 bc 55 00 c4 02 00 8e 01 00 00 03 04 05 00 00 00 00 00 00 00 00 16 80 bc 55 00 c5 02 
00 8e 01 00 00 12 04 0f 00 00 00 00 00 00 00 00 16 80 bc 55 00 c6 02 00 8e 01 00 00 77 04 05 00 
00 00 00 00 00 00 00 16 80 bc 55 00 7a 02 00 cd 01 00 00 e5 03 05 00 00 00 01 00 00 00 00 16 80 
bc 55 00 7b 02 00 cd 01 00 00 73 04 05 00 00 00 01 00 00 00 00 16 80 bc 55 00 7c 02 00 cd 01 00 
00 e3 03 0f 00 00 00 01 00 00 00 00 16 80 bc 55 00 c7 02 00 cd 01 00 00 e5 03 05 00 00 00 00 00 
00 00 00 16 80 bc 55 00 c8 02 00 cd 01 00 00 73 04 05 00 00 00 00 00 00 00 00 16 80 bc 55 00 c9 
02 00 cd 01 00 00 e3 03 0f 00 00 00 00 00 00 00 00 04 80 b3 40 04 16 80 bc 45 03 40 04 00 d5 01 
00 00 40 04 00 00 00 00 01 00 00 00 00 16 80 bc 55 00 7d 02 00 d5 01 00 00 e3 03 05 00 00 00 01 
00 00 00 00 08 80 b2 40 04 00 00 08 02 16 80 bc 45 03 40 04 00 d5 01 00 00 40 04 00 00 00 00 00 
00 00 00 00 16 80 bc 55 00 ca 02 00 d5 01 00 00 e3 03 05 00 00 00 00 00 00 00 00 16 80 bc 55 00 
7e 02 00 36 02 00 00 37 02 0a 00 00 00 01 00 00 00 00 16 80 bc 55 00 cb 02 00 36 02 00 00 37 02 
0a 00 00 00 00 00 00 00 00 16 80 bc 55 00 7f 02 00 74 02 00 00 34 02 1e 00 00 00 01 00 00 00 00 
16 80 bc 55 00 cc 02 00 74 02 00 00 34 02 1e 00 00 00 00 00 00 00 00 16 80 bc 15 00 aa 02 00 11 
00 00 00 ab 00 0d 00 00 00 01 00 00 00 00 16 80 bc 15 00 ab 02 00 11 00 00 00 0a 02 4d 00 00 00 
01 00 00 00 00 16 80 bc 15 00 ac 02 00 11 00 00 00 f2 03 34 00 00 00 01 00 00 00 00 16 80 bc 15 
00 ad 02 00 11 00 00 00 ed 03 4d 00 00 00 01 00 00 00 00 16 80 bc 15 00 ae 02 00 11 00 00 00 9f 
00 19 00 00 00 01 00 00 00 00 16 80 bc 15 00 af 02 00 11 00 00 00 f1 03 34 00 00 00 01 00 00 00 
00 16 80 bc 15 00 b0 02 00 11 00 00 00 0c 02 34 00 00 00 01 00 00 00 00 16 80 bc 15 00 b1 02 00 
11 00 00 00 b7 00 4d 00 00 00 01 00 00 00 00 16 80 bc 15 00 b2 02 00 11 00 00 00 f3 03 46 00 00 
00 01 00 00 00 00 
..... ...U....f.................U.w....................U.x....................U.y......w........
.....U......................U......................U........w.............U.z...................
.U.{......s.............U.|....................U......................U........s.............U..
....................@....E.@......@.............U.}....................@........E.@......@......
.......U......................U.~..6...7.............U....6...7.............U....t...4..........
...U....t...4...............................................M......................4............
..........M.............................................4......................4................
......M......................F........

Client->GAME [16:49:19 07/14/09] packet size: 1 CRYPTED, Flags: 7f ServerSeq: 15 ClientSeq: 14
02 
.

