Client->GAME [16:54:23 07/14/09] packet size: 16 CRYPTED, Flags: 7f ServerSeq: 10 ClientSeq: 10
02 04 01 00 02 01 09 6c 03 00 00 00 00 00 00 00 
.......l........

GAME->Client [16:54:23 07/14/09] packet size: 156 CRYPTED, Flags: 7f ServerSeq: 11 ClientSeq: 10
02 04 01 00 92 01 80 94 6d 03 00 00 00 08 00 01 17 00 00 02 00 00 00 00 00 03 00 00 00 00 00 04 
00 00 00 00 00 05 00 00 00 00 00 06 00 00 00 00 00 07 00 00 00 00 00 08 00 00 00 00 00 09 00 00 
00 00 00 0a 00 00 00 00 00 0b 00 00 00 00 00 0c 00 00 00 00 00 0d 00 00 00 00 00 0e 00 00 00 00 
00 0f 00 00 00 00 00 10 00 00 00 00 00 11 00 00 00 00 00 12 00 00 00 00 00 13 00 00 00 00 00 14 
00 00 00 00 00 15 00 00 00 00 00 16 00 00 00 00 00 17 00 00 00 00 00 18 00 00 00 00 
........m.......................................................................................
............................................................

Client->GAME [16:54:23 07/14/09] packet size: 1 CRYPTED, Flags: 7f ServerSeq: 11 ClientSeq: 11
02 
.

Client->GAME [16:54:25 07/14/09] packet size: 17 CRYPTED, Flags: 7f ServerSeq: 11 ClientSeq: 12
02 04 01 00 03 01 0a 80 ff 03 00 00 00 09 00 00 00 
.................

GAME->Client [16:54:25 07/14/09] packet size: 700 CRYPTED, Flags: 7f ServerSeq: 12 ClientSeq: 12
82 77 43 d8 48 04 01 00 93 1e 16 80 bc 15 00 80 03 00 f7 03 00 00 08 02 00 00 00 00 01 00 00 00 
00 16 80 bc 15 00 81 03 00 f7 03 00 00 07 02 ec ff ff ff 01 00 00 00 00 16 80 bc 15 00 82 03 00 
f7 03 00 00 50 04 00 00 00 00 01 00 00 00 00 16 80 bc 15 00 83 03 00 f7 03 00 00 f4 03 00 00 00 
00 01 00 00 00 00 16 80 bc 15 00 84 03 00 f7 03 00 00 51 04 f6 ff ff ff 01 00 00 00 00 16 80 bc 
15 00 85 03 00 f7 03 00 00 52 04 0f 00 00 00 01 00 00 00 00 16 80 bc 11 00 86 03 00 00 00 00 00 
cb 02 00 00 00 00 01 00 00 00 00 16 80 bc 56 00 c2 03 00 0a 95 00 00 06 04 02 00 00 00 01 00 00 
00 00 16 80 bc 56 00 c3 03 00 0a 95 00 00 b4 00 11 00 00 00 01 00 00 00 00 16 80 bc 56 00 c4 03 
00 0a 95 00 00 b5 00 11 00 00 00 01 00 00 00 00 16 80 bc 56 00 c5 03 00 0a 95 00 00 07 04 02 00 
00 00 01 00 00 00 00 16 80 bc 56 00 c6 03 00 8a b2 00 00 23 04 02 00 00 00 01 00 00 00 00 16 80 
bc 56 00 c7 03 00 8a b2 00 00 21 04 01 00 00 00 01 00 00 00 00 16 80 bc 56 00 c8 03 00 8a b2 00 
00 b4 00 1d 00 00 00 01 00 00 00 00 16 80 bc 56 00 c9 03 00 8a b2 00 00 09 04 1d 00 00 00 01 00 
00 00 00 16 80 bc 56 00 ca 03 00 8a b2 00 00 9d 00 1d 00 00 00 01 00 00 00 00 16 80 bc 56 00 cb 
03 00 8a b2 00 00 06 04 01 00 00 00 01 00 00 00 00 16 80 bc 56 00 cc 03 00 24 b3 00 00 89 02 02 
00 00 00 01 00 00 00 00 16 80 bc 56 00 cd 03 00 24 b3 00 00 1a 04 01 00 00 00 01 00 00 00 00 16 
80 bc 56 00 ce 03 00 24 b3 00 00 b4 00 21 00 00 00 01 00 00 00 00 16 80 bc 56 00 cf 03 00 24 b3 
00 00 09 04 21 00 00 00 01 00 00 00 00 16 80 bc 56 00 d0 03 00 24 b3 00 00 15 04 02 00 00 00 01 
00 00 00 00 16 80 bc 56 00 d1 03 00 24 b3 00 00 b5 00 21 00 00 00 01 00 00 00 00 16 80 bc 56 00 
d2 03 00 95 a7 00 00 b4 00 12 00 00 00 01 00 00 00 00 16 80 bc 56 00 d3 03 00 95 a7 00 00 b5 00 
12 00 00 00 01 00 00 00 00 16 80 bc 56 00 d4 03 00 95 a7 00 00 09 04 12 00 00 00 01 00 00 00 00 
16 80 bc 56 00 d5 03 00 95 a7 00 00 70 00 0f 00 00 00 01 00 00 00 00 16 80 bc 56 00 d6 03 00 2c 
b3 00 00 17 04 01 00 00 00 01 00 00 00 00 16 80 bc 56 00 d7 03 00 2c b3 00 00 b4 00 21 00 00 00 
01 00 00 00 00 16 80 bc 56 00 d8 03 00 2c b3 00 00 09 04 21 00 00 00 01 00 00 00 00 
.wC.H...............................................................P...........................
..................Q......................R....................................V.................
.....V......................V......................V......................V........#............
.V........!.............V......................V......................V......................V..
....................V....$.................V....$.................V....$.....!...........V....$.
....!...........V....$.................V....$.....!...........V......................V..........
............V......................V........p.............V....,.................V....,.....!...
........V....,.....!........

Client->GAME [16:54:25 07/14/09] packet size: 1 CRYPTED, Flags: 7f ServerSeq: 12 ClientSeq: 13
02 
.

GAME->Client [16:54:25 07/14/09] packet size: 696 CRYPTED, Flags: 7f ServerSeq: 13 ClientSeq: 12
02 04 01 00 b1 1e 16 80 bc 56 00 d9 03 00 2c b3 00 00 12 04 02 00 00 00 01 00 00 00 00 16 80 bc 
56 00 da 03 00 2c b3 00 00 07 04 02 00 00 00 01 00 00 00 00 16 80 bc 56 00 db 03 00 2c b3 00 00 
b5 00 21 00 00 00 01 00 00 00 00 16 80 bc 56 00 dc 03 00 c3 b2 00 00 89 02 02 00 00 00 01 00 00 
00 00 16 80 bc 56 00 dd 03 00 c3 b2 00 00 21 04 02 00 00 00 01 00 00 00 00 16 80 bc 56 00 de 03 
00 c3 b2 00 00 b4 00 1f 00 00 00 01 00 00 00 00 16 80 bc 56 00 df 03 00 c3 b2 00 00 09 04 1f 00 
00 00 01 00 00 00 00 16 80 bc 56 00 e0 03 00 c3 b2 00 00 1e 04 01 00 00 00 01 00 00 00 00 16 80 
bc 56 00 e1 03 00 c3 b2 00 00 9d 00 1f 00 00 00 01 00 00 00 00 16 80 bc 55 00 e2 03 00 02 00 00 
00 cc 00 0c 00 00 00 01 00 00 00 00 16 80 bc 15 00 e3 03 00 11 00 00 00 ab 00 0d 00 00 00 01 00 
00 00 00 16 80 bc 15 00 e4 03 00 11 00 00 00 0a 02 4d 00 00 00 01 00 00 00 00 16 80 bc 15 00 e5 
03 00 11 00 00 00 f2 03 34 00 00 00 01 00 00 00 00 16 80 bc 15 00 e6 03 00 11 00 00 00 ed 03 4d 
00 00 00 01 00 00 00 00 16 80 bc 15 00 e7 03 00 11 00 00 00 9f 00 19 00 00 00 01 00 00 00 00 16 
80 bc 15 00 e8 03 00 11 00 00 00 f1 03 34 00 00 00 01 00 00 00 00 16 80 bc 15 00 e9 03 00 11 00 
00 00 0c 02 34 00 00 00 01 00 00 00 00 16 80 bc 15 00 ea 03 00 11 00 00 00 b7 00 4d 00 00 00 01 
00 00 00 00 16 80 bc 15 00 eb 03 00 11 00 00 00 f3 03 46 00 00 00 01 00 00 00 00 16 80 bc 55 00 
ec 03 00 0b 00 00 00 37 02 96 00 00 00 01 00 00 00 00 16 80 bc 55 00 ed 03 00 2d 00 00 00 23 04 
0a 00 00 00 01 00 00 00 00 16 80 bc 55 00 ee 03 00 2d 00 00 00 20 04 0a 00 00 00 01 00 00 00 00 
16 80 bc 55 00 ef 03 00 2d 00 00 00 19 04 05 00 00 00 01 00 00 00 00 16 80 bc 55 00 f0 03 00 2d 
00 00 00 42 04 05 00 00 00 01 00 00 00 00 16 80 bc 55 00 f1 03 00 34 00 00 00 83 02 c8 00 00 00 
01 00 00 00 00 16 80 bc 55 00 f2 03 00 4b 00 00 00 1f 04 19 00 00 00 01 00 00 00 00 16 80 bc 55 
00 f3 03 00 5f 00 00 00 7c 04 0f 00 00 00 01 00 00 00 00 16 80 bc 55 00 f4 03 00 5f 00 00 00 07 
04 0f 00 00 00 01 00 00 00 00 16 80 bc 55 00 f5 03 00 62 00 00 00 06 04 01 00 00 00 01 00 00 00 
00 16 80 bc 55 00 f6 03 00 62 00 00 00 15 04 01 00 00 00 01 00 00 00 00 
.........V....,.................V....,.................V....,.....!...........V.................
.....V........!.............V......................V......................V.....................
.V......................U........................................................M..............
........4......................M.............................................4..................
....4......................M......................F...........U........7.............U....-...#.
............U....-... .............U....-.................U....-...B.............U....4.........
........U....K.................U...._...|.............U...._.................U....b.............
....U....b..............

Client->GAME [16:54:25 07/14/09] packet size: 1 CRYPTED, Flags: 7f ServerSeq: 13 ClientSeq: 14
02 
.

GAME->Client [16:54:26 07/14/09] packet size: 525 CRYPTED, Flags: 7f ServerSeq: 14 ClientSeq: 13
02 04 02 00 cf 03 16 80 bc 55 00 f7 03 00 5a 01 00 00 07 04 05 00 00 00 01 00 00 00 00 16 80 bc 
55 00 f8 03 00 5a 01 00 00 1d 04 0f 00 00 00 01 00 00 00 00 16 80 bc 55 00 f9 03 00 64 01 00 00 
1f 04 05 00 00 00 01 00 00 00 00 00 d2 19 16 80 bc 55 00 fa 03 00 66 01 00 00 7b 04 05 00 00 00 
01 00 00 00 00 16 80 bc 55 00 fb 03 00 66 01 00 00 12 04 0a 00 00 00 01 00 00 00 00 16 80 bc 55 
00 fc 03 00 66 01 00 00 06 04 0b 00 00 00 01 00 00 00 00 16 80 bc 55 00 fd 03 00 8e 01 00 00 03 
04 05 00 00 00 01 00 00 00 00 16 80 bc 55 00 fe 03 00 8e 01 00 00 12 04 0f 00 00 00 01 00 00 00 
00 16 80 bc 55 00 ff 03 00 8e 01 00 00 77 04 05 00 00 00 01 00 00 00 00 16 80 bc 55 00 00 04 00 
cd 01 00 00 e5 03 05 00 00 00 01 00 00 00 00 16 80 bc 55 00 01 04 00 cd 01 00 00 73 04 05 00 00 
00 01 00 00 00 00 16 80 bc 55 00 02 04 00 cd 01 00 00 e3 03 0f 00 00 00 01 00 00 00 00 16 80 bc 
55 00 03 04 00 d5 01 00 00 e3 03 05 00 00 00 01 00 00 00 00 16 80 bc 55 00 04 04 00 36 02 00 00 
37 02 0a 00 00 00 01 00 00 00 00 16 80 bc 55 00 05 04 00 74 02 00 00 34 02 1e 00 00 00 01 00 00 
00 00 04 80 b3 11 00 16 80 bc 45 03 11 00 00 02 00 00 00 11 00 32 00 00 00 01 00 00 00 00 04 80 
b3 35 04 16 80 bc 45 03 35 04 00 62 00 00 00 35 04 00 00 00 00 01 00 00 00 00 04 80 b3 3d 04 16 
80 bc 45 03 3d 04 00 43 00 00 00 3d 04 00 00 00 00 01 00 00 00 00 04 80 b3 3e 04 16 80 bc 45 03 
3e 04 00 4f 01 00 00 3e 04 00 00 00 00 01 00 00 00 00 04 80 b3 3f 04 16 80 bc 45 03 3f 04 00 64 
01 00 00 3f 04 00 00 00 00 01 00 00 00 00 04 80 b3 40 04 16 80 bc 45 03 40 04 00 d5 01 00 00 40 
04 00 00 00 00 01 00 00 00 00 02 81 07 
.........U....Z.................U....Z.................U....d....................U....f...{.....
........U....f.................U....f.................U......................U..................
....U........w.............U......................U........s.............U......................
U......................U....6...7.............U....t...4..................E..........2..........
.5....E.5..b...5.............=....E.=..C...=.............>....E.>..O...>.............?....E.?..d
...?.............@....E.@......@.............

Client->GAME [16:54:26 07/14/09] packet size: 13 CRYPTED, Flags: 7f ServerSeq: 14 ClientSeq: 15
02 04 01 00 04 01 06 81 08 00 00 00 00 
.............

GAME->Client [16:54:26 07/14/09] packet size: 1 CRYPTED, Flags: 7f ServerSeq: 15 ClientSeq: 15
02 
.

GAME->Client [16:54:27 07/14/09] packet size: 1 CRYPTED, Flags: 7f ServerSeq: 16 ClientSeq: 15
42 
B

Client->GAME [16:54:27 07/14/09] packet size: 1 CRYPTED, Flags: 7f ServerSeq: 0 ClientSeq: 16
42 
B

GAME->Client [16:54:27 07/14/09] packet size: 5 CRYPTED, Flags: 7f ServerSeq: 17 ClientSeq: 15
c2 a9 43 d8 48 
..C.H

GAME->Client [16:54:27 07/14/09] packet size: 1 CRYPTED, Flags: 7f ServerSeq: 18 ClientSeq: 0
42 
B

GAME->Client [16:54:27 07/14/09] packet size: 112 CRYPTED, Flags: 0 ServerSeq: 2 ClientSeq: 0
02 04 01 00 03 02 34 2e 07 00 00 00 00 00 00 00 00 00 00 00 64 00 00 2e 00 24 00 00 00 00 00 00 
00 00 00 00 00 00 00 00 00 00 00 0e 00 41 66 74 65 72 57 68 6f 72 75 4e 65 6f 00 34 2e 07 00 00 
00 00 00 00 00 00 00 00 00 64 00 00 2e 00 24 00 00 00 00 00 00 00 00 00 00 00 00 00 00 00 00 00 
0e 00 41 66 74 65 72 57 68 6f 72 75 4e 65 6f 00 
......4.............d....$...................AfterWhoruNeo.4.............d....$.................
..AfterWhoruNeo.

Client->GAME [16:54:27 07/14/09] packet size: 1 CRYPTED, Flags: 2 ServerSeq: 2 ClientSeq: 1
02 
.

GAME->Client [16:54:28 07/14/09] packet size: 138 CRYPTED, Flags: 1 ServerSeq: 3 ClientSeq: 1
02 04 01 00 00 03 6d 06 0e 00 03 00 00 00 4c 43 d8 48 01 42 00 32 00 72 65 73 6f 75 72 63 65 2f 
77 6f 72 6c 64 73 2f 66 69 6e 61 6c 5f 77 6f 72 6c 64 2f 69 6e 74 65 72 6e 61 74 69 6f 6e 61 6c 
2f 69 74 2e 6d 65 74 72 00 29 00 48 61 6c 6c 6f 77 65 65 6e 5f 45 76 65 6e 74 2c 57 69 6e 74 65 
72 33 50 6c 75 73 48 61 6c 6c 6f 77 65 65 6e 54 53 45 43 00 0a 80 e5 e7 cb c0 12 00 00 00 00 0a 
80 e4 e2 97 79 00 00 00 00 00 
......m.......LC.H.B.2.resource/worlds/final_world/international/it.metr.).Halloween_Event,Winte
r3PlusHalloweenTSEC.................y.....

Client->GAME [16:54:28 07/14/09] packet size: 6 CRYPTED, Flags: 5 ServerSeq: 3 ClientSeq: 2
02 05 02 0c 00 00 
......

GAME->Client [16:54:28 07/14/09] packet size: 1 CRYPTED, Flags: 3 ServerSeq: 4 ClientSeq: 2
02 
.

Client->GAME [16:54:31 07/14/09] packet size: 8 CRYPTED, Flags: 5 ServerSeq: 3 ClientSeq: 3
02 04 01 00 00 01 01 05 
........

GAME->Client [16:54:32 07/14/09] packet size: 258 CRYPTED, Flags: 7 ServerSeq: 5 ClientSeq: 3
82 de 43 d8 48 03 01 00 0c 0c 00 8c cd ab 20 8b 81 ff 71 02 00 00 41 6e 64 65 72 73 6f 6e 00 00 
00 00 00 00 00 00 00 00 00 00 00 00 00 00 00 00 00 00 00 00 00 00 98 eb 93 5c 1a 54 68 6f 6d 61 
73 00 00 00 00 00 00 00 00 00 00 00 00 00 00 00 00 00 00 00 00 00 00 00 00 00 00 80 f8 28 0a 0c 
00 f0 20 46 00 00 00 01 8e 81 ff f7 00 31 5e 00 00 ce 67 00 41 66 74 65 72 57 68 6f 72 75 4e 65 
6f 00 00 00 00 00 00 00 00 00 00 00 00 00 00 00 00 00 00 00 00 00 00 c0 a9 bf e2 40 00 00 00 00 
00 44 91 c0 00 00 00 20 f3 4e bf c0 28 0a fd 64 01 00 00 67 00 75 d4 01 00 4b b1 00 00 00 00 73 
1a e9 88 80 60 04 00 02 8e 00 00 00 f7 00 9d 00 00 00 00 00 bb e7 c0 00 00 00 00 00 c0 57 40 00 
00 00 00 80 47 df c0 81 ff 32 22 b0 01 00 14 00 81 6c 78 63 1a 1c 01 11 00 00 00 67 00 02 00 00 
00 00 
..C.H......... ...q...Anderson...........................\.Thomas............................(..
.. F.........1^...g.AfterWhoruNeo..........................@.....D..... .N..(..d...g.u...K.....s
....`........................W@.....G....2"......lxc.......g......

Client->GAME [16:54:32 07/14/09] packet size: 55 CRYPTED, Flags: 17 ServerSeq: 5 ClientSeq: 4
02 03 02 00 02 60 08 41 6e 64 65 72 73 6f 6e 06 54 68 6f 6d 61 73 00 00 04 01 00 01 05 02 80 be 
07 3f 4e 00 10 00 00 00 08 3e 6b 00 10 00 00 00 00 02 81 48 02 0c 01 
.....`.Anderson.Thomas...........?N......>k........H...

GAME->Client [16:54:32 07/14/09] packet size: 696 CRYPTED, Flags: f ServerSeq: 6 ClientSeq: 4
02 04 01 00 05 1e 16 80 bc 56 00 0d 04 00 0a 95 00 00 06 04 02 00 00 00 01 00 00 00 00 16 80 bc 
56 00 0e 04 00 0a 95 00 00 b4 00 11 00 00 00 01 00 00 00 00 16 80 bc 56 00 0f 04 00 0a 95 00 00 
b5 00 11 00 00 00 01 00 00 00 00 16 80 bc 56 00 10 04 00 0a 95 00 00 07 04 02 00 00 00 01 00 00 
00 00 16 80 bc 56 00 51 04 00 0a 95 00 00 06 04 02 00 00 00 00 00 00 00 00 16 80 bc 56 00 52 04 
00 0a 95 00 00 b4 00 11 00 00 00 00 00 00 00 00 16 80 bc 56 00 53 04 00 0a 95 00 00 b5 00 11 00 
00 00 00 00 00 00 00 16 80 bc 56 00 54 04 00 0a 95 00 00 07 04 02 00 00 00 00 00 00 00 00 16 80 
bc 56 00 11 04 00 8a b2 00 00 23 04 02 00 00 00 01 00 00 00 00 16 80 bc 56 00 12 04 00 8a b2 00 
00 21 04 01 00 00 00 01 00 00 00 00 16 80 bc 56 00 13 04 00 8a b2 00 00 b4 00 1d 00 00 00 01 00 
00 00 00 16 80 bc 56 00 14 04 00 8a b2 00 00 09 04 1d 00 00 00 01 00 00 00 00 16 80 bc 56 00 15 
04 00 8a b2 00 00 9d 00 1d 00 00 00 01 00 00 00 00 16 80 bc 56 00 16 04 00 8a b2 00 00 06 04 01 
00 00 00 01 00 00 00 00 16 80 bc 56 00 55 04 00 8a b2 00 00 23 04 02 00 00 00 00 00 00 00 00 16 
80 bc 56 00 56 04 00 8a b2 00 00 21 04 01 00 00 00 00 00 00 00 00 16 80 bc 56 00 57 04 00 8a b2 
00 00 b4 00 1d 00 00 00 00 00 00 00 00 16 80 bc 56 00 58 04 00 8a b2 00 00 09 04 1d 00 00 00 00 
00 00 00 00 16 80 bc 56 00 59 04 00 8a b2 00 00 9d 00 1d 00 00 00 00 00 00 00 00 16 80 bc 56 00 
5a 04 00 8a b2 00 00 06 04 01 00 00 00 00 00 00 00 00 16 80 bc 56 00 17 04 00 24 b3 00 00 89 02 
02 00 00 00 01 00 00 00 00 16 80 bc 56 00 18 04 00 24 b3 00 00 1a 04 01 00 00 00 01 00 00 00 00 
16 80 bc 56 00 19 04 00 24 b3 00 00 b4 00 21 00 00 00 01 00 00 00 00 16 80 bc 56 00 1a 04 00 24 
b3 00 00 09 04 21 00 00 00 01 00 00 00 00 16 80 bc 56 00 1b 04 00 24 b3 00 00 15 04 02 00 00 00 
01 00 00 00 00 16 80 bc 56 00 1c 04 00 24 b3 00 00 b5 00 21 00 00 00 01 00 00 00 00 16 80 bc 56 
00 5b 04 00 24 b3 00 00 89 02 02 00 00 00 00 00 00 00 00 16 80 bc 56 00 5c 04 00 24 b3 00 00 1a 
04 01 00 00 00 00 00 00 00 00 16 80 bc 56 00 5d 04 00 24 b3 00 00 b4 00 21 00 00 00 00 00 00 00 
00 16 80 bc 56 00 5e 04 00 24 b3 00 00 09 04 21 00 00 00 00 00 00 00 00 
.........V......................V......................V......................V.................
.....V.Q....................V.R....................V.S....................V.T...................
.V........#.............V........!.............V......................V......................V..
....................V......................V.U......#.............V.V......!.............V.W....
................V.X....................V.Y....................V.Z....................V....$.....
............V....$.................V....$.....!...........V....$.....!...........V....$.........
........V....$.....!...........V.[..$.................V.\..$.................V.]..$.....!.......
....V.^..$.....!........

GAME->Client [16:54:32 07/14/09] packet size: 696 CRYPTED, Flags: f ServerSeq: 7 ClientSeq: 4
02 04 01 00 23 1e 16 80 bc 56 00 5f 04 00 24 b3 00 00 15 04 02 00 00 00 00 00 00 00 00 16 80 bc 
56 00 60 04 00 24 b3 00 00 b5 00 21 00 00 00 00 00 00 00 00 16 80 bc 56 00 1d 04 00 95 a7 00 00 
b4 00 12 00 00 00 01 00 00 00 00 16 80 bc 56 00 1e 04 00 95 a7 00 00 b5 00 12 00 00 00 01 00 00 
00 00 16 80 bc 56 00 1f 04 00 95 a7 00 00 09 04 12 00 00 00 01 00 00 00 00 16 80 bc 56 00 20 04 
00 95 a7 00 00 70 00 0f 00 00 00 01 00 00 00 00 16 80 bc 56 00 61 04 00 95 a7 00 00 b4 00 12 00 
00 00 00 00 00 00 00 16 80 bc 56 00 62 04 00 95 a7 00 00 b5 00 12 00 00 00 00 00 00 00 00 16 80 
bc 56 00 63 04 00 95 a7 00 00 09 04 12 00 00 00 00 00 00 00 00 16 80 bc 56 00 64 04 00 95 a7 00 
00 70 00 0f 00 00 00 00 00 00 00 00 16 80 bc 56 00 21 04 00 2c b3 00 00 17 04 01 00 00 00 01 00 
00 00 00 16 80 bc 56 00 22 04 00 2c b3 00 00 b4 00 21 00 00 00 01 00 00 00 00 16 80 bc 56 00 23 
04 00 2c b3 00 00 09 04 21 00 00 00 01 00 00 00 00 16 80 bc 56 00 24 04 00 2c b3 00 00 12 04 02 
00 00 00 01 00 00 00 00 16 80 bc 56 00 25 04 00 2c b3 00 00 07 04 02 00 00 00 01 00 00 00 00 16 
80 bc 56 00 26 04 00 2c b3 00 00 b5 00 21 00 00 00 01 00 00 00 00 16 80 bc 56 00 65 04 00 2c b3 
00 00 17 04 01 00 00 00 00 00 00 00 00 16 80 bc 56 00 66 04 00 2c b3 00 00 b4 00 21 00 00 00 00 
00 00 00 00 16 80 bc 56 00 67 04 00 2c b3 00 00 09 04 21 00 00 00 00 00 00 00 00 16 80 bc 56 00 
68 04 00 2c b3 00 00 12 04 02 00 00 00 00 00 00 00 00 16 80 bc 56 00 69 04 00 2c b3 00 00 07 04 
02 00 00 00 00 00 00 00 00 16 80 bc 56 00 6a 04 00 2c b3 00 00 b5 00 21 00 00 00 00 00 00 00 00 
16 80 bc 56 00 27 04 00 c3 b2 00 00 89 02 02 00 00 00 01 00 00 00 00 16 80 bc 56 00 28 04 00 c3 
b2 00 00 21 04 02 00 00 00 01 00 00 00 00 16 80 bc 56 00 29 04 00 c3 b2 00 00 b4 00 1f 00 00 00 
01 00 00 00 00 16 80 bc 56 00 2a 04 00 c3 b2 00 00 09 04 1f 00 00 00 01 00 00 00 00 16 80 bc 56 
00 2b 04 00 c3 b2 00 00 1e 04 01 00 00 00 01 00 00 00 00 16 80 bc 56 00 2c 04 00 c3 b2 00 00 9d 
00 1f 00 00 00 01 00 00 00 00 16 80 bc 56 00 6b 04 00 c3 b2 00 00 89 02 02 00 00 00 00 00 00 00 
00 16 80 bc 56 00 6c 04 00 c3 b2 00 00 21 04 02 00 00 00 00 00 00 00 00 
....#....V._..$.................V.`..$.....!...........V......................V.................
.....V......................V. ......p.............V.a....................V.b...................
.V.c....................V.d......p.............V.!..,.................V."..,.....!...........V.#
..,.....!...........V.$..,.................V.%..,.................V.&..,.....!...........V.e..,.
................V.f..,.....!...........V.g..,.....!...........V.h..,.................V.i..,.....
............V.j..,.....!...........V.'....................V.(......!.............V.)............
........V.*....................V.+....................V.,....................V.k................
....V.l......!..........

Client->GAME [16:54:32 07/14/09] packet size: 1 CRYPTED, Flags: 2f ServerSeq: 6 ClientSeq: 5
02 
.

Client->GAME [16:54:32 07/14/09] packet size: 1 CRYPTED, Flags: 5f ServerSeq: 7 ClientSeq: 6
02 
.

GAME->Client [16:54:32 07/14/09] packet size: 700 CRYPTED, Flags: f ServerSeq: 8 ClientSeq: 4
02 04 02 00 41 03 16 80 bc 56 00 6d 04 00 c3 b2 00 00 b4 00 1f 00 00 00 00 00 00 00 00 16 80 bc 
56 00 6e 04 00 c3 b2 00 00 09 04 1f 00 00 00 00 00 00 00 00 16 80 bc 56 00 6f 04 00 c3 b2 00 00 
1e 04 01 00 00 00 00 00 00 00 00 00 44 1c 16 80 bc 56 00 70 04 00 c3 b2 00 00 9d 00 1f 00 00 00 
00 00 00 00 00 16 80 bc 15 00 2e 04 00 11 00 00 00 ab 00 0d 00 00 00 01 00 00 00 00 16 80 bc 15 
00 2f 04 00 11 00 00 00 0a 02 4d 00 00 00 01 00 00 00 00 16 80 bc 15 00 30 04 00 11 00 00 00 f2 
03 34 00 00 00 01 00 00 00 00 16 80 bc 15 00 31 04 00 11 00 00 00 ed 03 4d 00 00 00 01 00 00 00 
00 16 80 bc 15 00 32 04 00 11 00 00 00 9f 00 19 00 00 00 01 00 00 00 00 16 80 bc 15 00 33 04 00 
11 00 00 00 f1 03 34 00 00 00 01 00 00 00 00 16 80 bc 15 00 34 04 00 11 00 00 00 0c 02 34 00 00 
00 01 00 00 00 00 16 80 bc 15 00 35 04 00 11 00 00 00 b7 00 4d 00 00 00 01 00 00 00 00 16 80 bc 
15 00 36 04 00 11 00 00 00 f3 03 46 00 00 00 01 00 00 00 00 0b 80 bd 05 11 00 00 00 00 00 00 00 
16 80 bc 15 00 71 04 00 11 00 00 00 ab 00 0d 00 00 00 00 00 00 00 00 16 80 bc 15 00 72 04 00 11 
00 00 00 0a 02 4d 00 00 00 00 00 00 00 00 16 80 bc 15 00 73 04 00 11 00 00 00 f2 03 34 00 00 00 
00 00 00 00 00 16 80 bc 15 00 74 04 00 11 00 00 00 ed 03 4d 00 00 00 00 00 00 00 00 16 80 bc 15 
00 75 04 00 11 00 00 00 9f 00 19 00 00 00 00 00 00 00 00 16 80 bc 15 00 76 04 00 11 00 00 00 f1 
03 34 00 00 00 00 00 00 00 00 16 80 bc 15 00 77 04 00 11 00 00 00 0c 02 34 00 00 00 00 00 00 00 
00 16 80 bc 15 00 78 04 00 11 00 00 00 b7 00 4d 00 00 00 00 00 00 00 00 16 80 bc 15 00 79 04 00 
11 00 00 00 f3 03 46 00 00 00 00 00 00 00 00 0b 80 bd 05 11 00 00 00 00 00 00 01 16 80 bc 15 00 
71 04 00 11 00 00 00 ab 00 0d 00 00 00 01 00 00 00 00 16 80 bc 15 00 72 04 00 11 00 00 00 0a 02 
4d 00 00 00 01 00 00 00 00 16 80 bc 15 00 73 04 00 11 00 00 00 f2 03 34 00 00 00 01 00 00 00 00 
16 80 bc 15 00 74 04 00 11 00 00 00 ed 03 4d 00 00 00 01 00 00 00 00 16 80 bc 15 00 75 04 00 11 
00 00 00 9f 00 19 00 00 00 01 00 00 00 00 16 80 bc 15 00 76 04 00 11 00 00 00 f1 03 34 00 00 00 
01 00 00 00 00 16 80 bc 15 00 77 04 00 11 00 00 00 0c 02 34 00 00 00 01 00 00 00 00 
....A....V.m....................V.n....................V.o..................D....V.p............
................................./........M.............0........4.............1........M.......
......2......................3........4.............4........4.............5........M...........
..6........F.........................q......................r........M.............s........4...
..........t........M.............u......................v........4.............w........4.......
......x........M.............y........F.........................q......................r........
M.............s........4.............t........M.............u......................v........4...
..........w........4........

Client->GAME [16:54:33 07/14/09] packet size: 1 CRYPTED, Flags: 3f ServerSeq: 8 ClientSeq: 7
02 
.

GAME->Client [16:54:33 07/14/09] packet size: 701 CRYPTED, Flags: 1f ServerSeq: 9 ClientSeq: 5
02 04 01 00 60 21 16 80 bc 15 00 78 04 00 11 00 00 00 b7 00 4d 00 00 00 01 00 00 00 00 16 80 bc 
15 00 79 04 00 11 00 00 00 f3 03 46 00 00 00 01 00 00 00 00 04 80 b3 11 00 16 80 bc 45 03 11 00 
00 02 00 00 00 11 00 32 00 00 00 01 00 00 00 00 16 80 bc 55 00 2d 04 00 02 00 00 00 cc 00 0c 00 
00 00 01 00 00 00 00 08 80 b2 11 00 32 00 08 02 16 80 bc 45 03 11 00 00 02 00 00 00 11 00 32 00 
00 00 00 00 00 00 00 16 80 bc 55 00 7a 04 00 02 00 00 00 cc 00 0c 00 00 00 00 00 00 00 00 16 80 
bc 15 00 7b 04 00 11 00 00 00 ab 00 0d 00 00 00 00 00 00 00 00 16 80 bc 15 00 7c 04 00 11 00 00 
00 0a 02 4d 00 00 00 00 00 00 00 00 16 80 bc 15 00 7d 04 00 11 00 00 00 f2 03 34 00 00 00 00 00 
00 00 00 16 80 bc 15 00 7e 04 00 11 00 00 00 ed 03 4d 00 00 00 00 00 00 00 00 16 80 bc 15 00 7f 
04 00 11 00 00 00 9f 00 19 00 00 00 00 00 00 00 00 16 80 bc 15 00 80 04 00 11 00 00 00 f1 03 34 
00 00 00 00 00 00 00 00 16 80 bc 15 00 81 04 00 11 00 00 00 0c 02 34 00 00 00 00 00 00 00 00 16 
80 bc 15 00 82 04 00 11 00 00 00 b7 00 4d 00 00 00 00 00 00 00 00 16 80 bc 15 00 83 04 00 11 00 
00 00 f3 03 46 00 00 00 00 00 00 00 00 16 80 bc 55 00 37 04 00 0b 00 00 00 37 02 96 00 00 00 01 
00 00 00 00 16 80 bc 55 00 84 04 00 0b 00 00 00 37 02 96 00 00 00 00 00 00 00 00 16 80 bc 55 00 
38 04 00 2d 00 00 00 23 04 0a 00 00 00 01 00 00 00 00 16 80 bc 55 00 39 04 00 2d 00 00 00 20 04 
0a 00 00 00 01 00 00 00 00 16 80 bc 55 00 3a 04 00 2d 00 00 00 19 04 05 00 00 00 01 00 00 00 00 
16 80 bc 55 00 3b 04 00 2d 00 00 00 42 04 05 00 00 00 01 00 00 00 00 16 80 bc 55 00 85 04 00 2d 
00 00 00 23 04 0a 00 00 00 00 00 00 00 00 16 80 bc 55 00 86 04 00 2d 00 00 00 20 04 0a 00 00 00 
00 00 00 00 00 16 80 bc 55 00 87 04 00 2d 00 00 00 19 04 05 00 00 00 00 00 00 00 00 16 80 bc 55 
00 88 04 00 2d 00 00 00 42 04 05 00 00 00 00 00 00 00 00 16 80 bc 55 00 3c 04 00 34 00 00 00 83 
02 c8 00 00 00 01 00 00 00 00 16 80 bc 55 00 89 04 00 34 00 00 00 83 02 c8 00 00 00 00 00 00 00 
00 04 80 b3 3d 04 16 80 bc 45 03 3d 04 00 43 00 00 00 3d 04 00 00 00 00 01 00 00 00 00 08 80 b2 
3d 04 00 00 08 02 16 80 bc 45 03 3d 04 00 43 00 00 00 3d 04 00 00 00 00 00 00 00 00 00 
....`!.....x........M.............y........F................E..........2...........U.-..........
............2......E..........2...........U.z......................{......................|.....
...M.............}........4.............~........M.............................................4
......................4......................M......................F...........U.7......7......
.......U........7.............U.8..-...#.............U.9..-... .............U.:..-..............
...U.;..-...B.............U....-...#.............U....-... .............U....-.................U
....-...B.............U.<..4.................U....4.................=....E.=..C...=.............
=........E.=..C...=..........

GAME->Client [16:54:33 07/14/09] packet size: 706 CRYPTED, Flags: 3f ServerSeq: 10 ClientSeq: 6
02 03 01 00 08 50 02 bb 09 40 02 c8 cd ab 01 01 00 00 00 00 00 bb e7 c0 00 00 00 00 00 40 60 40 
00 00 00 00 80 60 df c0 09 00 00 01 00 08 69 09 d0 09 40 02 24 cd ab 02 05 00 00 00 00 c0 52 ea 
c0 00 00 00 00 00 88 99 40 00 00 00 00 80 81 e2 c0 00 00 00 00 16 ef c3 3e 00 00 00 00 5e 83 6c 
3f 07 00 00 01 00 0c 68 a7 23 cd ab 01 01 00 00 00 e0 81 72 e5 c0 00 00 00 60 66 66 70 40 00 00 
00 80 b3 1c e2 c0 05 00 00 01 00 0c 57 02 8d cd ab 13 8e 53 69 6c 76 65 72 20 44 72 61 67 6f 6e 
20 48 6f 72 6e 00 00 00 00 00 00 00 00 00 00 00 00 00 00 00 10 00 00 22 d4 62 38 1c 00 c6 01 80 
d1 f5 09 00 58 0a 00 00 00 bc 95 da e9 c0 00 00 00 00 00 c0 57 40 00 00 00 7c a8 01 da c0 c0 01 
83 01 02 a8 10 a3 02 b2 09 a3 02 07 08 00 00 81 ed 1a 00 00 02 04 03 00 00 00 00 04 02 00 81 06 
16 80 bc 55 00 3d 04 00 4b 00 00 00 1f 04 19 00 00 00 01 00 00 00 00 16 80 bc 55 00 8a 04 00 4b 
00 00 00 1f 04 19 00 00 00 00 00 00 00 00 16 80 bc 55 00 3e 04 00 5f 00 00 00 7c 04 0f 00 00 00 
01 00 00 00 00 16 80 bc 55 00 3f 04 00 5f 00 00 00 07 04 0f 00 00 00 01 00 00 00 00 16 80 bc 55 
00 8b 04 00 5f 00 00 00 7c 04 0f 00 00 00 00 00 00 00 00 16 80 bc 55 00 8c 04 00 5f 00 00 00 07 
04 0f 00 00 00 00 00 00 00 00 00 87 11 16 80 bc 55 00 40 04 00 62 00 00 00 06 04 01 00 00 00 01 
00 00 00 00 04 80 b3 35 04 16 80 bc 45 03 35 04 00 62 00 00 00 35 04 00 00 00 00 01 00 00 00 00 
16 80 bc 55 00 41 04 00 62 00 00 00 15 04 01 00 00 00 01 00 00 00 00 16 80 bc 55 00 8d 04 00 62 
00 00 00 06 04 01 00 00 00 00 00 00 00 00 08 80 b2 35 04 00 00 08 02 16 80 bc 45 03 35 04 00 62 
00 00 00 35 04 00 00 00 00 00 00 00 00 00 16 80 bc 55 00 8e 04 00 62 00 00 00 15 04 01 00 00 00 
00 00 00 00 00 04 80 b3 3e 04 16 80 bc 45 03 3e 04 00 4f 01 00 00 3e 04 00 00 00 00 01 00 00 00 
00 08 80 b2 3e 04 00 00 08 02 16 80 bc 45 03 3e 04 00 4f 01 00 00 3e 04 00 00 00 00 00 00 00 00 
00 16 80 bc 55 00 42 04 00 5a 01 00 00 07 04 05 00 00 00 01 00 00 00 00 16 80 bc 55 00 43 04 00 
5a 01 00 00 1d 04 0f 00 00 00 01 00 00 00 00 16 80 bc 55 00 8f 04 00 5a 01 00 00 07 04 05 00 00 
00 00 00 00 00 00 16 80 bc 55 00 90 04 00 5a 01 00 00 1d 04 0f 00 00 00 00 00 00 00 00 04 80 b3 
3f 04 
.....P...@...................@`@.....`........i...@.$.........R.........@...............>....^.l
?......h.#.........r.....`ffp@..............W......Silver Dragon Horn..................".b8.....
....X...............W@...|.........................................U.=..K.................U....K
.................U.>.._...|.............U.?.._.................U...._...|.............U...._....
................U.@..b.................5....E.5..b...5.............U.A..b.................U....b
.................5........E.5..b...5.............U....b.................>....E.>..O...>.........
....>........E.>..O...>.............U.B..Z.................U.C..Z.................U....Z........
.........U....Z.................?.

Client->GAME [16:54:33 07/14/09] packet size: 1 CRYPTED, Flags: 7f ServerSeq: 10 ClientSeq: 8
02 
.

GAME->Client [16:54:33 07/14/09] packet size: 703 CRYPTED, Flags: 7f ServerSeq: 11 ClientSeq: 7
82 05 44 d8 48 03 01 00 02 14 00 03 00 02 0e 04 6c ae d4 4e c7 00 00 be 42 44 0d d0 c6 00 00 04 
01 00 98 1f 16 80 bc 45 03 3f 04 00 64 01 00 00 3f 04 00 00 00 00 01 00 00 00 00 16 80 bc 55 00 
44 04 00 64 01 00 00 1f 04 05 00 00 00 01 00 00 00 00 08 80 b2 3f 04 00 00 08 02 16 80 bc 45 03 
3f 04 00 64 01 00 00 3f 04 00 00 00 00 00 00 00 00 00 16 80 bc 55 00 91 04 00 64 01 00 00 1f 04 
05 00 00 00 00 00 00 00 00 16 80 bc 55 00 45 04 00 66 01 00 00 7b 04 05 00 00 00 01 00 00 00 00 
16 80 bc 55 00 46 04 00 66 01 00 00 12 04 0a 00 00 00 01 00 00 00 00 16 80 bc 55 00 47 04 00 66 
01 00 00 06 04 0b 00 00 00 01 00 00 00 00 16 80 bc 55 00 92 04 00 66 01 00 00 7b 04 05 00 00 00 
00 00 00 00 00 16 80 bc 55 00 93 04 00 66 01 00 00 12 04 0a 00 00 00 00 00 00 00 00 16 80 bc 55 
00 94 04 00 66 01 00 00 06 04 0b 00 00 00 00 00 00 00 00 16 80 bc 55 00 48 04 00 8e 01 00 00 03 
04 05 00 00 00 01 00 00 00 00 16 80 bc 55 00 49 04 00 8e 01 00 00 12 04 0f 00 00 00 01 00 00 00 
00 16 80 bc 55 00 4a 04 00 8e 01 00 00 77 04 05 00 00 00 01 00 00 00 00 16 80 bc 55 00 95 04 00 
8e 01 00 00 03 04 05 00 00 00 00 00 00 00 00 16 80 bc 55 00 96 04 00 8e 01 00 00 12 04 0f 00 00 
00 00 00 00 00 00 16 80 bc 55 00 97 04 00 8e 01 00 00 77 04 05 00 00 00 00 00 00 00 00 16 80 bc 
55 00 4b 04 00 cd 01 00 00 e5 03 05 00 00 00 01 00 00 00 00 16 80 bc 55 00 4c 04 00 cd 01 00 00 
73 04 05 00 00 00 01 00 00 00 00 16 80 bc 55 00 4d 04 00 cd 01 00 00 e3 03 0f 00 00 00 01 00 00 
00 00 16 80 bc 55 00 98 04 00 cd 01 00 00 e5 03 05 00 00 00 00 00 00 00 00 16 80 bc 55 00 99 04 
00 cd 01 00 00 73 04 05 00 00 00 00 00 00 00 00 16 80 bc 55 00 9a 04 00 cd 01 00 00 e3 03 0f 00 
00 00 00 00 00 00 00 04 80 b3 40 04 16 80 bc 45 03 40 04 00 d5 01 00 00 40 04 00 00 00 00 01 00 
00 00 00 16 80 bc 55 00 4e 04 00 d5 01 00 00 e3 03 05 00 00 00 01 00 00 00 00 08 80 b2 40 04 00 
00 08 02 16 80 bc 45 03 40 04 00 d5 01 00 00 40 04 00 00 00 00 00 00 00 00 00 16 80 bc 55 00 9b 
04 00 d5 01 00 00 e3 03 05 00 00 00 00 00 00 00 00 16 80 bc 55 00 4f 04 00 36 02 00 00 37 02 0a 
00 00 00 01 00 00 00 00 16 80 bc 55 00 9c 04 00 36 02 00 00 37 02 0a 00 00 00 00 00 00 00 00 
..D.H...........l..N....BD.............E.?..d...?.............U.D..d.................?........E.
?..d...?.............U....d.................U.E..f...{.............U.F..f.................U.G..f
.................U....f...{.............U....f.................U....f.................U.H.......
.............U.I....................U.J......w.............U......................U.............
.........U........w.............U.K....................U.L......s.............U.M...............
.....U......................U........s.............U......................@....E.@......@.......
......U.N....................@........E.@......@.............U......................U.O..6...7..
...........U....6...7..........

Client->GAME [16:54:33 07/14/09] packet size: 1 CRYPTED, Flags: 7f ServerSeq: 11 ClientSeq: 9
02 
.

GAME->Client [16:54:33 07/14/09] packet size: 701 CRYPTED, Flags: 7f ServerSeq: 12 ClientSeq: 8
02 03 03 00 02 0e 04 76 ae d4 4e c7 00 00 be 42 44 0d d0 c6 00 00 04 02 00 b7 16 16 80 bc 55 00 
50 04 00 74 02 00 00 34 02 1e 00 00 00 01 00 00 00 00 16 80 bc 55 00 9d 04 00 74 02 00 00 34 02 
1e 00 00 00 00 00 00 00 00 16 80 bc 15 00 7b 04 00 11 00 00 00 ab 00 0d 00 00 00 01 00 00 00 00 
16 80 bc 15 00 7c 04 00 11 00 00 00 0a 02 4d 00 00 00 01 00 00 00 00 16 80 bc 15 00 7d 04 00 11 
00 00 00 f2 03 34 00 00 00 01 00 00 00 00 16 80 bc 15 00 7e 04 00 11 00 00 00 ed 03 4d 00 00 00 
01 00 00 00 00 16 80 bc 15 00 7f 04 00 11 00 00 00 9f 00 19 00 00 00 01 00 00 00 00 16 80 bc 15 
00 80 04 00 11 00 00 00 f1 03 34 00 00 00 01 00 00 00 00 16 80 bc 15 00 81 04 00 11 00 00 00 0c 
02 34 00 00 00 01 00 00 00 00 16 80 bc 15 00 82 04 00 11 00 00 00 b7 00 4d 00 00 00 01 00 00 00 
00 16 80 bc 15 00 83 04 00 11 00 00 00 f3 03 46 00 00 00 01 00 00 00 00 0b 80 bd 05 11 00 00 00 
00 00 00 00 16 80 bc 15 00 9e 04 00 11 00 00 00 ab 00 0d 00 00 00 00 00 00 00 00 16 80 bc 15 00 
9f 04 00 11 00 00 00 0a 02 4d 00 00 00 00 00 00 00 00 16 80 bc 15 00 a0 04 00 11 00 00 00 f2 03 
34 00 00 00 00 00 00 00 00 16 80 bc 15 00 a1 04 00 11 00 00 00 ed 03 4d 00 00 00 00 00 00 00 00 
16 80 bc 15 00 a2 04 00 11 00 00 00 9f 00 19 00 00 00 00 00 00 00 00 16 80 bc 15 00 a3 04 00 11 
00 00 00 f1 03 34 00 00 00 00 00 00 00 00 16 80 bc 15 00 a4 04 00 11 00 00 00 0c 02 34 00 00 00 
00 00 00 00 00 16 80 bc 15 00 a5 04 00 11 00 00 00 b7 00 4d 00 00 00 00 00 00 00 00 16 80 bc 15 
00 a6 04 00 11 00 00 00 f3 03 46 00 00 00 00 00 00 00 00 0b 80 bd 05 11 00 00 00 00 00 00 01 00 
cd 05 17 3a 05 00 11 00 0a 00 50 76 50 53 65 72 76 65 72 00 04 00 06 00 00 00 1d 3a 05 00 17 00 
10 00 50 76 50 4d 61 78 53 61 66 65 4c 65 76 65 6c 00 04 00 0f 00 00 00 3f 3a 05 00 14 00 0d 00 
57 52 5f 52 65 7a 45 76 65 6e 74 73 00 29 00 48 61 6c 6c 6f 77 65 65 6e 5f 45 76 65 6e 74 2c 57 
69 6e 74 65 72 33 50 6c 75 73 48 61 6c 6c 6f 77 65 65 6e 54 53 45 43 00 1b 3a 05 00 19 00 12 00 
45 76 65 6e 74 53 6c 6f 74 31 5f 45 66 66 65 63 74 00 00 00 28 3a 05 00 19 00 12 00 45 76 65 6e 
74 53 6c 6f 74 32 5f 45 66 66 65 63 74 00 0d 00 66 6c 79 6d 61 6e 5f 69 64 6c 65 33 00 
.......v..N....BD.............U.P..t...4.............U....t...4...............{.................
.....|........M.............}........4.............~........M...................................
..........4......................4......................M......................F................
.........................................M......................4......................M........
.....................................4......................4......................M............
..........F........................:......PvPServer........:......PvPMaxSafeLevel.......?:......
WR_RezEvents.).Halloween_Event,Winter3PlusHalloweenTSEC..:......EventSlot1_Effect...(:......Even
tSlot2_Effect...flyman_idle3.

Client->GAME [16:54:33 07/14/09] packet size: 1 CRYPTED, Flags: 7f ServerSeq: 12 ClientSeq: 10
02 
.

GAME->Client [16:54:33 07/14/09] packet size: 694 CRYPTED, Flags: 7f ServerSeq: 13 ClientSeq: 9
02 03 03 00 02 0c 80 ae d4 4e c7 00 00 be 42 44 0d d0 c6 00 00 04 01 00 d2 1c 25 3a 05 00 19 00 
12 00 45 76 65 6e 74 53 6c 6f 74 33 5f 45 66 66 65 63 74 00 0a 00 66 6c 79 5f 76 69 72 75 73 00 
1f 3a 05 00 1b 00 14 00 46 69 78 65 64 42 69 6e 6b 49 44 4f 76 65 72 72 69 64 65 00 02 00 20 00 
16 80 bc 15 00 06 04 00 f7 03 00 00 08 02 00 00 00 00 00 00 00 00 00 16 80 bc 15 00 07 04 00 f7 
03 00 00 07 02 ec ff ff ff 00 00 00 00 00 16 80 bc 15 00 08 04 00 f7 03 00 00 50 04 00 00 00 00 
00 00 00 00 00 16 80 bc 15 00 09 04 00 f7 03 00 00 f4 03 00 00 00 00 00 00 00 00 00 16 80 bc 15 
00 0a 04 00 f7 03 00 00 51 04 f6 ff ff ff 00 00 00 00 00 16 80 bc 15 00 0b 04 00 f7 03 00 00 52 
04 0f 00 00 00 00 00 00 00 00 16 80 bc 11 00 0c 04 00 00 00 00 00 cb 02 00 00 00 00 00 00 00 00 
00 16 80 bc 56 00 51 04 00 0a 95 00 00 06 04 02 00 00 00 00 00 00 00 00 16 80 bc 56 00 52 04 00 
0a 95 00 00 b4 00 11 00 00 00 00 00 00 00 00 16 80 bc 56 00 53 04 00 0a 95 00 00 b5 00 11 00 00 
00 00 00 00 00 00 16 80 bc 56 00 54 04 00 0a 95 00 00 07 04 02 00 00 00 00 00 00 00 00 16 80 bc 
56 00 55 04 00 8a b2 00 00 23 04 02 00 00 00 00 00 00 00 00 16 80 bc 56 00 56 04 00 8a b2 00 00 
21 04 01 00 00 00 00 00 00 00 00 16 80 bc 56 00 57 04 00 8a b2 00 00 b4 00 1d 00 00 00 00 00 00 
00 00 16 80 bc 56 00 58 04 00 8a b2 00 00 09 04 1d 00 00 00 00 00 00 00 00 16 80 bc 56 00 59 04 
00 8a b2 00 00 9d 00 1d 00 00 00 00 00 00 00 00 16 80 bc 56 00 5a 04 00 8a b2 00 00 06 04 01 00 
00 00 00 00 00 00 00 16 80 bc 56 00 5b 04 00 24 b3 00 00 89 02 02 00 00 00 00 00 00 00 00 16 80 
bc 56 00 5c 04 00 24 b3 00 00 1a 04 01 00 00 00 00 00 00 00 00 16 80 bc 56 00 5d 04 00 24 b3 00 
00 b4 00 21 00 00 00 00 00 00 00 00 16 80 bc 56 00 5e 04 00 24 b3 00 00 09 04 21 00 00 00 00 00 
00 00 00 16 80 bc 56 00 5f 04 00 24 b3 00 00 15 04 02 00 00 00 00 00 00 00 00 16 80 bc 56 00 60 
04 00 24 b3 00 00 b5 00 21 00 00 00 00 00 00 00 00 16 80 bc 56 00 61 04 00 95 a7 00 00 b4 00 12 
00 00 00 00 00 00 00 00 16 80 bc 56 00 62 04 00 95 a7 00 00 b5 00 12 00 00 00 00 00 00 00 00 16 
80 bc 56 00 63 04 00 95 a7 00 00 09 04 12 00 00 00 00 00 00 00 00 
.........N....BD..........%:......EventSlot3_Effect...fly_virus..:......FixedBinkIDOverride... .
..........................................................P.....................................
........Q......................R....................................V.Q....................V.R..
..................V.S....................V.T....................V.U......#.............V.V......
!.............V.W....................V.X....................V.Y....................V.Z..........
..........V.[..$.................V.\..$.................V.]..$.....!...........V.^..$.....!.....
......V._..$.................V.`..$.....!...........V.a....................V.b..................
..V.c.................

GAME->Client [16:54:33 07/14/09] packet size: 696 CRYPTED, Flags: 7f ServerSeq: 14 ClientSeq: 10
02 03 03 00 02 0c 8a ae d4 4e c7 00 00 be 42 44 0d d0 c6 00 00 04 02 00 ee 1a 16 80 bc 56 00 64 
04 00 95 a7 00 00 70 00 0f 00 00 00 00 00 00 00 00 16 80 bc 56 00 65 04 00 2c b3 00 00 17 04 01 
00 00 00 00 00 00 00 00 16 80 bc 56 00 66 04 00 2c b3 00 00 b4 00 21 00 00 00 00 00 00 00 00 16 
80 bc 56 00 67 04 00 2c b3 00 00 09 04 21 00 00 00 00 00 00 00 00 16 80 bc 56 00 68 04 00 2c b3 
00 00 12 04 02 00 00 00 00 00 00 00 00 16 80 bc 56 00 69 04 00 2c b3 00 00 07 04 02 00 00 00 00 
00 00 00 00 16 80 bc 56 00 6a 04 00 2c b3 00 00 b5 00 21 00 00 00 00 00 00 00 00 16 80 bc 56 00 
6b 04 00 c3 b2 00 00 89 02 02 00 00 00 00 00 00 00 00 16 80 bc 56 00 6c 04 00 c3 b2 00 00 21 04 
02 00 00 00 00 00 00 00 00 16 80 bc 56 00 6d 04 00 c3 b2 00 00 b4 00 1f 00 00 00 00 00 00 00 00 
16 80 bc 56 00 6e 04 00 c3 b2 00 00 09 04 1f 00 00 00 00 00 00 00 00 16 80 bc 56 00 6f 04 00 c3 
b2 00 00 1e 04 01 00 00 00 00 00 00 00 00 16 80 bc 56 00 70 04 00 c3 b2 00 00 9d 00 1f 00 00 00 
00 00 00 00 00 16 80 bc 55 00 7a 04 00 02 00 00 00 cc 00 0c 00 00 00 00 00 00 00 00 16 80 bc 55 
00 84 04 00 0b 00 00 00 37 02 96 00 00 00 00 00 00 00 00 16 80 bc 55 00 85 04 00 2d 00 00 00 23 
04 0a 00 00 00 00 00 00 00 00 16 80 bc 55 00 86 04 00 2d 00 00 00 20 04 0a 00 00 00 00 00 00 00 
00 16 80 bc 55 00 87 04 00 2d 00 00 00 19 04 05 00 00 00 00 00 00 00 00 16 80 bc 55 00 88 04 00 
2d 00 00 00 42 04 05 00 00 00 00 00 00 00 00 16 80 bc 55 00 89 04 00 34 00 00 00 83 02 c8 00 00 
00 00 00 00 00 00 16 80 bc 55 00 8a 04 00 4b 00 00 00 1f 04 19 00 00 00 00 00 00 00 00 16 80 bc 
55 00 8b 04 00 5f 00 00 00 7c 04 0f 00 00 00 00 00 00 00 00 16 80 bc 55 00 8c 04 00 5f 00 00 00 
07 04 0f 00 00 00 00 00 00 00 00 16 80 bc 55 00 8d 04 00 62 00 00 00 06 04 01 00 00 00 00 00 00 
00 00 16 80 bc 55 00 8e 04 00 62 00 00 00 15 04 01 00 00 00 00 00 00 00 00 16 80 bc 55 00 8f 04 
00 5a 01 00 00 07 04 05 00 00 00 00 00 00 00 00 01 08 03 16 80 bc 55 00 90 04 00 5a 01 00 00 1d 
04 0f 00 00 00 00 00 00 00 00 16 80 bc 55 00 91 04 00 64 01 00 00 1f 04 05 00 00 00 00 00 00 00 
00 16 80 bc 55 00 92 04 00 66 01 00 00 7b 04 05 00 00 00 00 00 00 00 00 
.........N....BD.............V.d......p.............V.e..,.................V.f..,.....!.........
..V.g..,.....!...........V.h..,.................V.i..,.................V.j..,.....!...........V.
k....................V.l......!.............V.m....................V.n....................V.o...
.................V.p....................U.z....................U........7.............U....-...#
.............U....-... .............U....-.................U....-...B.............U....4........
.........U....K.................U...._...|.............U...._.................U....b............
.....U....b.................U....Z....................U....Z.................U....d.............
....U....f...{..........

Client->GAME [16:54:33 07/14/09] packet size: 1 CRYPTED, Flags: 7f ServerSeq: 13 ClientSeq: 11
02 
.

Client->GAME [16:54:33 07/14/09] packet size: 1 CRYPTED, Flags: 7f ServerSeq: 14 ClientSeq: 12
02 
.

GAME->Client [16:54:33 07/14/09] packet size: 702 CRYPTED, Flags: 7f ServerSeq: 15 ClientSeq: 10
02 03 03 00 02 0c 97 ae d4 4e c7 00 00 be 42 44 0d d0 c6 00 00 04 01 01 0b 1c 16 80 bc 55 00 93 
04 00 66 01 00 00 12 04 0a 00 00 00 00 00 00 00 00 16 80 bc 55 00 94 04 00 66 01 00 00 06 04 0b 
00 00 00 00 00 00 00 00 16 80 bc 55 00 95 04 00 8e 01 00 00 03 04 05 00 00 00 00 00 00 00 00 16 
80 bc 55 00 96 04 00 8e 01 00 00 12 04 0f 00 00 00 00 00 00 00 00 16 80 bc 55 00 97 04 00 8e 01 
00 00 77 04 05 00 00 00 00 00 00 00 00 16 80 bc 55 00 98 04 00 cd 01 00 00 e5 03 05 00 00 00 00 
00 00 00 00 16 80 bc 55 00 99 04 00 cd 01 00 00 73 04 05 00 00 00 00 00 00 00 00 16 80 bc 55 00 
9a 04 00 cd 01 00 00 e3 03 0f 00 00 00 00 00 00 00 00 16 80 bc 55 00 9b 04 00 d5 01 00 00 e3 03 
05 00 00 00 00 00 00 00 00 16 80 bc 55 00 9c 04 00 36 02 00 00 37 02 0a 00 00 00 00 00 00 00 00 
16 80 bc 55 00 9d 04 00 74 02 00 00 34 02 1e 00 00 00 00 00 00 00 00 16 80 bc 15 00 9e 04 00 11 
00 00 00 ab 00 0d 00 00 00 00 00 00 00 00 16 80 bc 15 00 9f 04 00 11 00 00 00 0a 02 4d 00 00 00 
00 00 00 00 00 16 80 bc 15 00 a0 04 00 11 00 00 00 f2 03 34 00 00 00 00 00 00 00 00 16 80 bc 15 
00 a1 04 00 11 00 00 00 ed 03 4d 00 00 00 00 00 00 00 00 16 80 bc 15 00 a2 04 00 11 00 00 00 9f 
00 19 00 00 00 00 00 00 00 00 16 80 bc 15 00 a3 04 00 11 00 00 00 f1 03 34 00 00 00 00 00 00 00 
00 16 80 bc 15 00 a4 04 00 11 00 00 00 0c 02 34 00 00 00 00 00 00 00 00 16 80 bc 15 00 a5 04 00 
11 00 00 00 b7 00 4d 00 00 00 00 00 00 00 00 16 80 bc 15 00 a6 04 00 11 00 00 00 f3 03 46 00 00 
00 00 00 00 00 00 16 80 bc 45 03 11 00 00 02 00 00 00 11 00 32 00 00 00 00 00 00 00 00 16 80 bc 
45 03 35 04 00 62 00 00 00 35 04 00 00 00 00 00 00 00 00 00 16 80 bc 45 03 3d 04 00 43 00 00 00 
3d 04 00 00 00 00 00 00 00 00 00 16 80 bc 45 03 3e 04 00 4f 01 00 00 3e 04 00 00 00 00 00 00 00 
00 00 16 80 bc 45 03 3f 04 00 64 01 00 00 3f 04 00 00 00 00 00 00 00 00 00 16 80 bc 45 03 40 04 
00 d5 01 00 00 40 04 00 00 00 00 00 00 00 00 00 0b 80 bd 05 11 00 00 00 00 00 00 01 41 81 67 17 
00 27 00 1c 22 00 c6 01 11 00 00 00 00 00 00 00 37 00 00 08 0e 00 41 66 74 65 72 57 68 6f 72 75 
4e 65 6f 00 0e 00 41 66 74 65 72 57 68 6f 72 75 4e 65 6f 00 02 00 4d 00 00 00 00 00 00 00 
.........N....BD.............U....f.................U....f.................U....................
..U......................U........w.............U......................U........s.............U.
.....................U......................U....6...7.............U....t...4...................
............................M......................4......................M.....................
........................4......................4......................M......................F..
.........E..........2...........E.5..b...5.............E.=..C...=.............E.>..O...>........
.....E.?..d...?.............E.@......@......................A.g..'.."...........7.....AfterWhoru
Neo...AfterWhoruNeo...M.......

Client->GAME [16:54:33 07/14/09] packet size: 1 CRYPTED, Flags: 7f ServerSeq: 15 ClientSeq: 13
02 
.

GAME->Client [16:54:33 07/14/09] packet size: 158 CRYPTED, Flags: 7f ServerSeq: 16 ClientSeq: 12
02 03 03 00 02 0c 9c ae d4 4e c7 00 00 be 42 44 0d d0 c6 00 00 04 01 01 27 02 41 81 67 17 00 27 
00 1c 22 00 c6 01 11 00 00 00 00 00 00 00 37 00 00 08 0e 00 41 66 74 65 72 57 68 6f 72 75 4e 65 
6f 00 0e 00 41 66 74 65 72 57 68 6f 72 75 4e 65 6f 00 02 00 4d 00 00 00 00 00 00 00 41 81 67 17 
00 27 00 1c 22 00 c6 01 11 00 00 00 00 00 00 00 37 00 00 08 0e 00 41 66 74 65 72 57 68 6f 72 75 
4e 65 6f 00 0e 00 41 66 74 65 72 57 68 6f 72 75 4e 65 6f 00 02 00 4d 00 00 00 00 00 00 00 
.........N....BD........'.A.g..'.."...........7.....AfterWhoruNeo...AfterWhoruNeo...M.......A.g.
.'.."...........7.....AfterWhoruNeo...AfterWhoruNeo...M.......

Client->GAME [16:54:33 07/14/09] packet size: 1 CRYPTED, Flags: 7f ServerSeq: 0 ClientSeq: 14
02 
.

GAME->Client [16:54:34 07/14/09] packet size: 21 CRYPTED, Flags: 7f ServerSeq: 17 ClientSeq: 13
02 03 03 00 02 0c a6 ae d4 4e c7 00 00 be 42 44 0d d0 c6 00 00 
.........N....BD.....

Client->GAME [16:54:34 07/14/09] packet size: 1 CRYPTED, Flags: 7f ServerSeq: 1 ClientSeq: 15
02 
.

GAME->Client [16:54:34 07/14/09] packet size: 21 CRYPTED, Flags: 7f ServerSeq: 18 ClientSeq: 14
02 03 03 00 02 0c b1 ae d4 4e c7 00 00 be 42 44 0d d0 c6 00 00 
.........N....BD.....

Client->GAME [16:54:34 07/14/09] packet size: 1 CRYPTED, Flags: 7f ServerSeq: 2 ClientSeq: 16
02 
.

GAME->Client [16:54:34 07/14/09] packet size: 21 CRYPTED, Flags: 7f ServerSeq: 19 ClientSeq: 15
02 03 03 00 02 0c bc ae d4 4e c7 00 00 be 42 44 0d d0 c6 00 00 
.........N....BD.....

Client->GAME [16:54:34 07/14/09] packet size: 1 CRYPTED, Flags: 7f ServerSeq: 3 ClientSeq: 17
02 
.

GAME->Client [16:54:34 07/14/09] packet size: 26 CRYPTED, Flags: 7f ServerSeq: 20 ClientSeq: 0
82 2a 44 d8 48 03 03 00 02 0e 00 c6 ae d4 4e c7 00 00 be 42 44 0d d0 c6 00 00 
.*D.H.........N....BD.....

Client->GAME [16:54:34 07/14/09] packet size: 1 CRYPTED, Flags: 7f ServerSeq: 4 ClientSeq: 18
02 
.

GAME->Client [16:54:34 07/14/09] packet size: 22 CRYPTED, Flags: 7f ServerSeq: 21 ClientSeq: 1
02 03 03 00 02 0e 00 cb ae d4 4e c7 00 00 be 42 44 0d d0 c6 00 00 
..........N....BD.....

Client->GAME [16:54:34 07/14/09] packet size: 1 CRYPTED, Flags: 7f ServerSeq: 5 ClientSeq: 19
02 
.

Client->GAME [16:54:34 07/14/09] packet size: 82 CRYPTED, Flags: 7f ServerSeq: 5 ClientSeq: 20
02 04 01 00 06 04 12 80 c9 16 00 90 05 00 98 37 c7 00 00 20 41 00 18 76 c7 12 80 c9 07 00 10 0a 
00 e8 7d c7 00 80 18 44 00 d0 84 c6 12 80 c9 0e 00 10 0a 00 e8 7d c7 00 80 18 44 00 30 f2 c6 12 
80 c9 07 00 a0 0b 00 e8 00 c7 00 00 20 41 00 60 6a c6 
...............7... A..v..........}....D.............}....D.0............... A.`j.

