Client->MRGN [08:43:32 07/23/09] packet size: 317
81 3b 01 03 00 36 01 82 9b 02 c4 99 d7 73 22 48 f9 d1 e1 c3 3d b3 4e c2 27 3d 09 60 fb 7f ea 37 
3d 3d cd eb 98 0b 22 d3 ce 21 30 6a f5 ac 0b 28 4d a1 73 57 91 a9 95 91 40 ce 08 91 d1 2c e8 c6 
11 54 6c 10 0a 6d e9 8c 34 5a 5f 38 87 47 63 74 f1 b9 be 74 21 40 46 25 96 f5 9d 5f 4e f0 1a 84 
f0 c0 06 83 d1 62 24 d0 52 7c 2a d3 bd 2f 9b cc 99 38 7a fd 2a 22 97 9c 25 1c 4a 40 ea d6 6d 0d 
ac 64 8e 1f 87 ac 9c 01 51 4e 79 00 43 72 61 73 68 4f 76 65 72 32 6b 00 00 00 00 00 00 00 00 00 
00 00 00 00 00 00 00 00 00 00 00 00 00 00 01 00 00 00 00 e3 08 68 4a 00 00 00 00 00 00 00 00 00 
00 00 00 00 00 00 00 00 00 00 00 00 00 00 00 00 00 00 00 00 00 00 00 00 17 ab 1c 76 11 3f 67 0e 
21 61 0c 22 04 2c af 5d e8 ce bd 77 a0 26 41 03 eb f8 14 22 f7 55 3e 47 46 6e c6 42 1e 7b e9 b3 
f3 3b fe f1 7b 18 b0 ae 84 3f c8 ea da 52 fd d0 2e c4 30 73 5f 44 c4 6f 79 d2 2e 95 4c 3d 4c 1d 
28 0f 4a a6 4a c8 01 af be 67 f1 b1 d7 7a 20 25 9a 51 93 b2 46 2c 76 04 07 cb 10 19 26 
.;...6.......s"H....=.N.'=.`...7==...."..!0j...(M.sW....@....,...Tl..m..4Z_8.Gct...t!@F%..._N...
.....b$.R|*../...8z.*"..%.J@..m..d......QNy.CrashOver2k..............................hJ.........
...........................v.?g.!a.".,.]...w.&A....".U>GFn.B.{...;..{....?...R....0s_D.oy...L=L.
(.J.J....g...z %.Q..F,v.....&

MRGN->Client [08:43:33 07/23/09] packet size: 102
65 02 03 00 60 00 3b 54 c2 a3 be 1c 90 7e 66 a9 77 ed 1b 27 3a 99 5c be 7f 28 6c 41 25 e6 d7 c5 
0a 88 25 34 e7 01 61 99 49 72 aa 80 a0 20 2a 48 17 4b 71 71 2c b9 be d1 89 b2 79 57 5f 16 6b 2a 
2c 80 63 48 4d 6f 66 d8 1d 03 f9 bf 7e 5d 77 99 ba 5e 93 df ad 07 16 1d 82 40 8e d5 d5 76 c5 42 
fc 1d 1e c5 b7 5e 
e...`.;T.....~f.w..':.\..(lA%.....%4..a.Ir... *H.Kqq,.....yW_.k*,.cHMof.....~]w..^.......@...v.B
.....^

Client->MRGN [08:43:33 07/23/09] packet size: 49
30 6b 1f 16 b2 bc 72 e8 28 48 65 26 94 c4 af ae 6e 48 cd 28 8f 20 80 5e 6c 5b 6c 98 58 07 95 d2 
93 4d 00 a5 19 03 ed ba cc de f1 f4 fa 79 d1 0b fd 
0k....r.(He&....nH.(. .^l[l.X....M...........y...

MRGN->Client [08:43:33 07/23/09] packet size: 33
20 77 cf 1a 9e 58 c0 71 8c 8f f7 b3 03 5c 7d 6a 26 fe ee e6 fe c8 7b 80 91 0e 68 9b 7e 44 8b 5d 
ba 
 w...X.q.....\}j&.....{...h.~D.].

Client->MRGN [08:43:33 07/23/09] packet size: 65
40 cc dd 49 ac 23 b0 7d 21 d6 07 0c 01 97 29 ec 91 c8 31 6a 7e e3 63 4a 4b 9e 18 8c 4b 19 17 9c 
9f 72 32 2d 5e 56 5c a6 b1 1b 39 36 80 3f 9c 0e 20 0c 8e 0b 9c 3d 01 ad dd d7 c6 ec e8 93 96 3e 
06 
@..I.#.}!.....)...1j~.cJK...K....r2-^V\...96.?.. ....=.........>.

MRGN->Client [08:43:33 07/23/09] packet size: 49
30 39 0d c4 c9 dc ee 64 93 e5 58 b6 a1 01 40 57 40 98 75 25 55 bc 50 ac 7e d8 9c 5d cb 97 e9 df 
f5 00 fb 29 44 8e 93 b2 ff d3 50 b2 e5 5b e3 15 1e 
09.....d..X...@W@.u%U.P.~..].......)D.....P..[...

Client->MRGN [08:43:33 07/23/09] packet size: 49
30 d6 22 6d fa f8 07 4e b5 2b 2b ed 2c 53 bc 22 43 c9 92 76 c8 e1 19 3d 2d e2 61 2f 95 5a 12 a2 
26 98 cd 1d 8e 6d e2 25 f4 de ab 2b 11 88 92 c2 ee 
0."m...N.++.,S."C..v...=-.a/.Z..&....m.%...+.....

MRGN->Client [08:43:33 07/23/09] packet size: 65
40 42 de 73 dd c3 a4 8d 7e d8 9e 69 02 6f fa 77 86 c1 58 36 69 f1 c7 7b fa 2a 72 63 8f 76 78 f3 
6f a6 ce cd 8a f6 47 bf 99 d6 64 72 65 8e b9 6a d7 75 34 42 11 3b d4 d6 b9 b9 d0 83 e8 d7 cc e5 
e4 
@B.s....~..i.o.w..X6i..{.*rc.vx.o.....G...dre..j.u4B.;...........

Client->MRGN [08:43:33 07/23/09] packet size: 242
80 f0 2d 00 38 38 eb 87 1f f8 7f be 97 e5 0f 91 40 75 96 da dd 3f 6b 10 1b f1 47 5a b3 a7 19 63 
40 66 22 9a 75 f5 b4 02 20 97 a9 5d 9b 34 e5 4f 99 dd cf 0b 29 81 df 12 a8 8a 40 ff 6f c4 7e b5 
71 7e 99 2c 21 6a ee 4a 5f 8f e0 46 44 fc 4d 30 bd 83 64 ee 92 d7 bf ec f5 d7 6a ab b5 15 3f 6d 
dc dd b2 15 af eb 02 f7 79 70 db 42 9e a7 d0 4f b1 3b b5 fc 48 39 72 c8 46 07 52 29 ed 9b 0f a0 
6c 59 82 12 ca ae b1 7f 21 03 89 ec 75 83 7b a9 7d 9e 9a 11 8f bd 66 b0 ff 3e f7 7d e0 5a ef 83 
db dc a6 5a 01 77 16 84 e7 15 b3 cf a1 6c 42 3d 94 3f 6b 2c 62 2e 3b 56 25 eb b7 7a 6a 07 a6 dc 
46 82 a3 3f 70 04 0b 7c 07 37 1e 36 64 f1 2e 91 ed 80 1e 45 d7 f9 1a aa 75 af 70 3d 00 49 51 8f 
5e b5 92 70 8a 15 d3 57 af 4b 5f f3 30 7a 46 c7 01 81 
..-.88..........@u...?k...GZ...c@f".u... ..].4.O....).....@.o.~.q~.,!j.J_..FD.M0..d.......j...?m
........yp.B...O.;..H9r.F.R)....lY......!...u.{.}.....f..>.}.Z.....Z.w.......lB=.?k,b.;V%..zj...
F..?p..|.7.6d......E....u.p=.IQ.^..p...W.K_.0zF...

MRGN->Client [08:43:34 07/23/09] packet size: 6
00 00 00 00 00 00 
......

MRGN->Client [08:43:34 07/23/09] packet size: 49
30 81 d8 97 24 3e d0 63 72 75 f5 89 80 28 86 36 7d da 94 11 b8 9d 13 66 b6 56 70 22 55 5b 84 c4 
5a 9c 34 f8 d4 a8 35 1d 65 cd 0a 96 cd 76 c8 ba 5d 
0...$>.cru...(.6}......f.Vp"U[..Z.4...5.e....v..]

MRGN->Client [08:43:34 07/23/09] packet size: 1250
84 e0 5b 87 4a 8f de 67 56 65 53 27 4e bc be b6 50 02 9e c5 28 7c 2b e4 32 b3 73 ed 00 57 7d 56 
f4 36 35 a4 9d 11 a8 ef 3b 92 c6 db e4 96 ce b7 22 1a 18 2b 1f 5d 4d ca e7 87 f0 4f 7c 1e 55 15 
b8 a6 e8 19 c4 d8 99 3c 44 50 7c 38 f9 c2 2d b1 4b 0e ca 51 e3 82 20 66 3c 12 a3 ed a7 6b e2 c2 
0c d8 b0 f0 2b bf 7f 5a f3 78 2a e6 da e9 41 8c d9 4d 85 34 a8 12 5a 42 4b db 61 99 ee 9f b5 3f 
e3 31 8a d0 ed 44 02 14 a2 3f a6 56 42 b8 42 6a 2f bc 6a a7 32 44 1b 76 04 bc be 27 b4 2b d1 7f 
67 11 94 cd 67 d0 ed e0 e8 f0 0c fc a7 e9 5c 03 20 24 8f 19 28 7c da 5a 39 c1 ab 7a a3 c6 98 0d 
36 85 b0 b7 35 dc d1 7b 32 24 1e 89 92 22 ad c8 09 d3 ae 69 b0 1c 44 89 7e 33 c6 ff 51 f6 34 ab 
4c fb fd fd 19 5f 26 d3 97 b6 a7 22 83 d5 ec a5 e8 de 35 bd c0 ff 05 bd dd 05 65 79 01 00 bc c1 
29 b7 e4 63 b0 b8 68 35 8f 6a db 46 c9 15 82 c5 68 6e 39 1a 59 3e 28 7e df 97 fa c6 fc 2c 7f a4 
f3 b7 cf 20 98 db bd ef 24 be 26 0b 9b 58 da d2 60 b2 14 c8 1c 03 a4 01 8c 9c 2c da 30 4f aa 25 
d7 fc 28 c8 42 20 84 1f 7f e6 3e af 4f 42 1e f4 fb 47 4b ed 8b 33 33 c4 7b 1a c3 97 f7 bf e6 e7 
9c c1 65 8e 4f 5f ce b8 48 d6 ad 7c 7a ee 15 7b 29 a8 92 8d 2d 2b 94 f0 c6 16 9c c4 d8 51 91 b5 
25 58 8a 0f c3 2f 4d dd dc b4 11 ec a1 72 ee 2b 09 49 fb 2d 4b 16 07 c8 ae 77 bc 9f b2 42 cf a8 
82 df 8a d7 ac 22 ad 73 da 41 02 d2 57 02 68 a7 83 fc e1 c5 02 06 2a 56 91 44 4a 3c 63 26 36 b8 
f7 d7 b5 49 c6 6a e3 a9 88 c4 b9 e5 54 8f 9a 38 66 86 c1 f7 29 d2 a4 42 96 2e 59 f5 e4 41 49 08 
50 e1 cf 0c 61 6f 1e a7 a2 08 f6 5e 12 95 b3 03 b5 8b 83 d4 55 65 bb d3 08 15 4f 92 7e 26 74 06 
ea 8b 04 35 25 8c 7e f7 4f b0 78 91 32 ac bb c9 ec 74 92 11 2b 2d e7 09 f8 4b 1b 58 87 51 7c 08 
8b 77 f3 81 54 74 c0 04 bf 46 a9 8e 31 af db 39 03 4d 95 4f c4 a5 dc ba 76 6c d4 fe de ba 33 a4 
73 ae c8 88 aa 65 52 bd d6 1b 55 83 a3 a6 15 aa 1d 5b 35 31 62 91 c5 d2 fe 89 f8 82 6a ef 44 48 
91 87 32 51 44 15 e2 5c 92 d6 69 c5 f6 68 d9 3f e0 b5 e4 86 fa 11 4f c4 47 bb 48 30 5c a1 d2 92 
7d 23 7c 9f 7b 64 63 39 f0 d1 6f f5 93 d4 e4 35 cf 55 e0 4a 15 49 e9 37 58 99 42 fe 3f 01 d1 dd 
33 17 b5 b8 2a 91 32 5e 97 28 6e c3 2b f0 97 0a e6 4c 5b 6e b9 b9 8b f3 07 12 37 b0 11 9b 95 99 
69 dc 68 9c 52 c0 be a1 f1 5a ca f1 f2 8f f6 df 3b 80 03 2d 55 37 64 48 1f 12 99 e0 16 48 0f 5d 
3f e9 a0 c0 55 79 d1 f9 b1 cb d6 30 f4 da 1f b3 27 b7 fe aa 08 82 f0 d1 de ed cf 03 63 52 5c 40 
f7 1c 5b 40 2b a7 45 7f 10 db aa e6 47 76 45 39 15 8a 08 94 99 d3 35 33 ba b2 63 59 85 02 30 27 
12 f3 0e b9 e0 ed e8 86 99 b3 d1 d4 8b 7d f2 75 0e 5c 39 ec fd 90 11 af 0e b5 13 21 08 b4 17 f7 
cd 4e 51 89 21 9d 08 1f ad 6d 52 cc f6 e2 36 c6 4d 03 22 4c b2 0b 6e 31 5d 62 ad 47 43 22 4f 27 
f1 f7 2d 9b e7 86 0a 8d ba a0 e0 e4 f1 52 20 8c b8 9e da de b3 05 d8 12 f1 9d 91 83 8a 6d f4 b9 
27 c2 a5 7e cd 8c f6 dd bf 39 fa be 82 7a cb 94 21 25 9d cc cf 41 b2 56 ef bf 43 45 a6 f3 1d 8a 
ce 2b 15 2d c5 60 bb 5a 7b 7f d1 fe f0 18 01 f6 68 20 56 b9 fe 78 b3 83 4c 1d 7c 69 57 21 60 7f 
a1 6c 27 14 d4 56 f9 44 e8 4d 76 aa 4f 96 05 8e e9 25 f5 a6 63 13 24 53 9f bd 12 1c db c7 7f 36 
98 f5 bd b2 b0 7d 14 ce 24 53 aa 78 38 b4 9f 40 f1 70 62 8f 79 46 11 a2 c3 2c e1 a2 8d ec db 5f 
e5 fb 17 bd b3 49 28 27 0e 76 d9 94 56 cd fb d3 76 7a 51 11 19 a4 e4 97 72 45 cf f2 42 15 0b 5e 
97 e4 30 9a 7b 7d 4a e0 dc 6e 1c 91 a5 43 84 4a 12 fc 90 6e 3d 8a bd a1 50 3e f5 f6 b9 0f e6 91 
1d f1 a3 b9 85 96 f7 63 7c 2b 9c ab 2a 8a 41 5a 7e 42 cd 9c 82 dc 5c cb f8 ba 89 f5 e6 37 a1 b9 
50 e3 06 0e 00 91 27 c8 10 60 1c 05 fa 61 a1 94 bc f6 b5 4a 18 6d 48 b6 82 53 79 9a 31 10 2d a6 
66 59 78 b4 f8 45 e9 f3 56 af 1c 8d 55 37 89 bf cf 37 c9 40 ee 5c 4d 4c 03 ee 6f 7b 09 b0 c0 bf 
02 d9 a6 dd f7 6a 40 64 72 b5 d1 3e 56 42 a5 6c bc 8c 8e c3 d8 74 e7 a4 88 bd 6c 01 c4 d8 9d 10 
48 70 57 0a 26 ec 9c 8d 97 c9 3e f9 74 31 c8 e9 58 4c 19 31 ec 7a 4c 63 91 9a f6 c5 41 6c 00 08 
87 b4 
..[.J..gVeS'N...P...(|+.2.s..W}V.65.....;......."..+.]M....O|.U........<DP|8..-.K..Q.. f<....k..
....+..Z.x*...A..M.4..ZBK.a....?.1...D...?.VB.Bj/.j.2D.v...'.+..g...g.........\. $..(|.Z9..z....
6...5..{2$...".....i..D.~3..Q.4.L...._&...."......5.......ey....)..c..h5.j.F....hn9.Y>(~.....,..
... ....$.&..X..`.........,.0O.%..(.B ....>.OB...GK..33.{.........e.O_..H..|z..{)...-+.......Q..
%X.../M......r.+.I.-K....w...B.......".s.A..W.h.......*V.DJ<c&6....I.j......T..8f...)..B..Y..AI.
P...ao.....^........Ue....O.~&t....5%.~.O.x.2....t..+-...K.X.Q|..w..Tt...F..1..9.M.O....vl....3.
s....eR...U......[51b.......j.DH..2QD..\..i..h.?......O.G.H0\...}#|.{dc9..o....5.U.J.I.7X.B.?...
3...*.2^.(n.+....L[n......7.....i.h.R....Z......;..-U7dH.....H.]?...Uy.....0....'...........cR\@
..[@+.E.....GvE9......53..cY..0'.............}.u.\9........!.....NQ.!....mR...6.M."L..n1]b.GC"O'
..-..........R ..............m..'..~.....9...z..!%...A.V..CE.....+.-.`.Z{.......h V..x..L.|iW!`.
.l'..V.D.Mv.O....%..c.$S.......6.....}..$S.x8..@.pb.yF...,....._.....I('.v..V...vzQ.....rE..B..^
..0.{}J..n...C.J...n=...P>.............c|+..*.AZ~B....\......7..P.....'..`...a.....J.mH..Sy.1.-.
fYx..E..V...U7...7.@.\ML..o{.........j@dr..>VB.l.....t....l.....HpW.&.....>.t1..XL.1.zLc....Al..
..

MRGN->Client [08:43:34 07/23/09] packet size: 194
80 c0 16 37 42 34 2e 9c f6 e2 61 9b 0f ce ac b0 df 5b bc 18 41 be 78 ba a5 c9 95 ee 63 85 9b 3b 
76 75 5e 22 43 4a 85 7b b2 4d e1 35 5b d5 51 01 c9 41 4a 8f a3 cf a0 cf 34 0d 52 0d b5 31 4d 78 
c3 57 04 4d a3 e9 14 bf c1 09 9a 64 25 ef 28 02 96 3e 4e f7 d3 d6 27 17 76 7b 6b 1e 1f 96 22 4e 
0a 21 57 4f 24 5e 53 23 1c df 6d eb dc ec c5 b5 7a 81 a9 4e a9 ac b9 cb 4e f9 d1 5b c9 1d 8b d2 
d1 3c 75 f3 dc 26 ad a3 e5 60 06 38 91 b8 ef 36 bf 22 d6 f8 ba fb 31 d4 4f f1 4c 35 a7 5c 09 8f 
ae 80 cd f6 0c bc dd 8d 53 82 12 03 c2 22 07 71 7f 68 27 b8 42 2a 27 8b ff 76 0e 89 44 08 f9 3f 
3a 0f 
...7B4....a......[..A.x.....c..;vu^"CJ.{.M.5[.Q..AJ.....4.R..1Mx.W.M.......d%.(..>N...'.v{k..."N
.!WO$^S#..m.....z..N....N..[.....<u..&...`.8...6."....1.O.L5.\..........S....".q.h'.B*'..v..D..?
:.

MRGN->Client [08:43:34 07/23/09] packet size: 49
30 41 d2 72 cd f9 fa 90 03 f0 31 96 e1 70 39 8c 84 fa 8a a1 d9 fc 17 94 51 bd 0f fc 82 af 86 c8 
1e 72 c3 22 dd ba b8 17 dd 28 03 93 be 8d 86 41 c5 
0A.r......1..p9.........Q........r.".....(.....A.

MRGN->Client [08:43:34 07/23/09] packet size: 49
30 4f f5 48 3d 78 b7 26 2a f7 4d 98 d6 db a9 5e 63 92 f9 91 9b 8f d8 c0 93 2b 5e da a2 4a f9 62 
e4 5b 9f 2b 63 50 41 23 f6 b7 66 c8 8e 16 b9 18 70 
0O.H=x.&*.M....^c........+^..J.b.[.+cPA#..f.....p

MRGN->Client [08:43:34 07/23/09] packet size: 434
81 b0 d5 53 14 75 25 6f 45 00 c8 48 fe fe 0e 11 54 ab ca 98 62 02 38 1e 36 9f b6 00 64 41 8e 7b 
3e 0e 87 b6 d7 36 4e 99 de 8e 8a ce 64 53 23 2b 05 c5 d1 21 06 58 30 10 ad ae db 30 ed 20 ee ec 
44 46 c2 3d 88 f6 a4 4e 0d 33 c2 85 0e e2 92 ab 6f 71 fb 11 58 01 e8 9e d9 16 2f ad a0 e6 48 b9 
1e d1 45 f4 85 1e 70 56 42 5d 28 fb 2b 75 7e 6a 50 a2 3f cf 9c c8 03 15 3f 8d 92 2e 1d b0 3e de 
88 8f 53 69 4d 88 e7 ed 20 b4 36 5b 60 7c 53 31 cc f9 eb d4 90 37 b2 8f 2d 98 40 be 34 33 18 43 
bf fb 35 f5 e9 e4 16 78 49 f5 ca e3 8d d1 fd c5 16 0e 73 31 17 6f a9 41 34 8b df 27 4f fa 68 bc 
b5 30 9c bb 64 15 75 d5 ab 92 2e 87 0b 00 58 60 56 8f 21 8e 44 75 0b 90 8f 3d 1c 1b 17 33 f0 24 
3c 30 36 2a c7 18 db ec d5 68 f0 ce e7 0b 57 c9 cb 32 98 e2 bf 9f cc 21 76 40 ce 2a e0 34 b5 6d 
aa 55 1c 05 7d 61 e9 63 a9 6d ef 5d ed 67 55 c3 c4 63 d3 d7 62 99 2f dd ba 32 26 bd cf 04 e5 1f 
17 49 78 a4 d5 44 ac f1 42 b9 99 b6 7e 07 e7 b5 1e dd 02 90 0b e3 56 83 cf ca ec f2 e5 30 ce 9b 
12 ef 7f 45 54 4d 1f 4d 87 80 67 fd 4d 02 0c a1 ee 01 92 6b 86 0b bd e0 28 22 cf 48 5a 22 56 25 
69 be 5e a3 73 52 61 3e c2 13 e5 72 61 99 07 1b 1d 3e 81 82 fa dd d9 b3 ee 5a bf bc d5 02 e6 2b 
14 6d ba 80 a3 e3 a9 2e b5 d7 8e ae c6 77 7f 63 6e 70 9f 82 24 c1 9d 5c ce 0a 7a e5 e1 dd 09 42 
3c 8d 66 26 ec f5 40 31 1d 42 c7 6f b5 70 b8 fc b1 1a 
...S.u%oE..H....T...b.8.6...dA.{>....6N.....dS#+...!.X0....0. ..DF.=...N.3......oq..X...../...H.
..E...pVB](.+u~jP.?.....?.....>...SiM... .6[`|S1.....7..-.@.43.C..5....xI.........s1.o.A4..'O.h.
.0..d.u.......X`V.!.Du...=...3.$<06*.....h....W..2.....!v@.*.4.m.U..}a.c.m.].gU..c..b./..2&.....
.Ix..D..B...~.........V......0.....ETM.M..g.M......k....(".HZ"V%i.^.sRa>...ra....>.......Z.....+
.m...........w.cnp..$..\..z....B<.f&..@1.B.o.p....

MRGN->Client [08:43:34 07/23/09] packet size: 49
30 81 5b 66 c3 1e d9 cd c7 80 2c a9 d9 1d c0 ff 87 21 b3 58 62 c8 25 17 67 85 7d 29 77 90 8d 7c 
4a 2d 1b fc fb 12 49 01 a9 51 00 80 ad a2 bd dc 6d 
0.[f......,......!.Xb.%.g.})w..|J-....I..Q......m

MRGN->Client [08:43:34 07/23/09] packet size: 81
50 12 1a 73 09 6d 4c f4 fa 7c dc 6f 2f f3 a8 82 79 ce a5 8b 4f 3f b9 9d 6f d1 54 be fe e1 79 e7 
5f 5e 97 c3 7b d8 b3 31 49 1f 4f 31 10 04 09 46 33 dc f9 16 40 d3 a4 ff 82 d2 1d 71 2f b5 18 13 
31 d8 a4 3b ff cf 5b 58 ad e9 52 9b 34 3e 50 dd 5a 
P..s.mL..|.o/...y...O?..o.T...y._^..{..1I.O1...F3...@......q/...1..;..[X..R.4>P.Z

MRGN->Client [08:43:35 07/23/09] packet size: 866
83 60 44 b4 21 df 3e 7a 62 1e c4 60 86 a2 8a 28 6a 2b 8a 17 7f 1f 77 5c 22 22 c6 81 ed d5 9b 81 
ef d8 43 35 ac 8b ab b9 5d 52 ef 1f b4 72 69 8c 44 ab 70 9b 30 d7 7b f0 a5 31 2d d7 7d 2a 03 fa 
2c 87 61 03 11 d3 06 0d e1 0f 9f 02 e1 89 fb fe 5e 7e a3 1c 7d 74 cd 1e 3c 92 21 48 8b 7d 2f bf 
91 2c d5 80 65 23 a4 72 f3 ce ca 0c b1 3e 3b 6d 74 91 e7 23 4a ed e2 6c 1f 99 0a 28 7c 8b aa 62 
46 0f d6 b6 6f 26 32 e6 a8 33 25 d6 5c d9 f7 5b 5b 25 ee 06 61 93 43 8f 71 b1 33 63 fe 64 0a a0 
9d c5 ef 3e 0b b1 51 70 6d 70 e2 9f 6c 3c 0d 43 92 01 de 19 3c 05 0d 47 3c 53 4f 43 e5 c4 23 dd 
73 a6 7f 8d c5 88 ff e2 f2 0d a5 dd 8a 23 a7 7f cd c3 89 02 bb 3e 23 3a c0 ac 92 a2 b7 d9 ec 1a 
96 05 63 af 05 3d 5b b7 d2 e4 23 6b 0a 14 6d c8 0c 5b 1a c9 d0 80 7e 57 b8 ad a4 ae 01 a3 01 f7 
6f f2 1d 1f 74 59 8b 1c cb 1a 96 28 04 5e 76 7f e9 ff a3 d5 f2 bc 89 c2 af 1b 1a de 5d 2e 99 09 
c1 b6 69 6b 25 ad 62 35 26 9b c8 20 5f a3 f8 4e f4 8a a0 84 d1 18 bf ce 77 1b f5 b5 3e 78 6e 36 
c0 3e e6 8f 16 d9 e9 3f 8e 11 ee e4 42 b8 d3 69 65 b9 d6 34 f2 b7 9b b5 d6 4f c2 3f fa b5 c4 88 
dc 81 5a ba a6 ca fb 7f 35 9a be 6a 1a f8 45 da 69 79 a3 13 59 23 98 4d 98 b1 bb a5 52 2b 94 e4 
d4 49 b0 2e f2 ce 37 04 1e b3 2c 63 48 de 1c 64 c8 2f bb a8 3a 38 c0 a0 88 fb 9e 77 a9 c4 6c c6 
a3 9f 57 37 7a 82 7b d8 74 03 96 9a 63 39 c9 32 ec 54 fa 99 33 af c6 af 38 17 b2 e6 ef ba 4d d9 
bf 62 f9 03 85 fe dd 60 cb e7 8f 28 d2 b3 d1 b9 16 3e f7 b6 ab 59 96 93 72 72 f5 7a c3 35 c5 ac 
a6 57 d5 16 89 93 37 e4 f2 cd 3e 7f f7 b1 c0 ee e5 9c cd 0b e1 19 e8 32 bb 36 5d 92 17 80 18 a6 
15 1c 95 26 c2 2f cc 2f 3b dd 2a 40 8d 05 ae 90 47 68 66 22 27 80 d4 09 70 d2 68 5e 1f ba 07 5c 
0e 7d 9b 39 53 87 08 95 de 9f e5 7d 31 8e 5c 68 15 fc 46 d1 00 6f 39 14 d1 01 11 e5 dd ed 2f a4 
fe 41 d8 23 ae 9e b0 e0 e8 94 72 20 8a 45 e2 4e c0 63 06 be 16 36 da b7 6a e7 7c 29 7c 28 0c b8 
64 6d 0a e2 e5 5f 32 6b 2c 3d 04 4c 2c 51 8e 90 2b d7 bb 45 a5 77 36 21 6a ff e4 9a d2 90 c6 13 
2c da 94 fe ca c7 d2 7b 1e 64 d0 a5 61 f2 aa c1 52 ae d1 39 e2 73 44 6d 31 c9 87 47 ec e5 7b b6 
6a 84 b0 02 50 7a 38 85 71 ff 9f e2 b3 fe b6 04 f6 5e cd 03 78 04 c2 bd 1c 4d 0d 8f 23 ef 41 69 
f8 7a 64 31 ef e0 65 2c 67 a3 a2 ed a9 13 2b 7d d6 e3 b2 c9 43 a3 e5 5d 29 66 4b 4c 2c 5c aa 78 
82 a2 ef 1d 5d 56 2c b3 26 a6 5f d2 a4 eb 19 b4 f1 48 31 a9 f7 4d 71 4b 4b 42 7e e4 ca 83 73 75 
41 d4 5c 77 8b 13 63 29 eb 14 6b 85 05 ea b3 a4 b2 58 62 23 e8 35 39 1d a4 35 ed 89 c8 18 80 cb 
5e ba 71 ef 94 2a c4 a6 77 d7 bc e7 8a e6 47 18 cc 98 d6 5f 4b d9 c0 9c ae 9a da c4 a1 f6 74 9b 
c4 b1 be 6b 2e a7 87 86 32 32 c2 5a 09 71 bf 72 0f 85 73 44 df 70 42 a6 59 43 3b bd ed 1c db 06 
75 15 
.`D.!.>zb..`...(j+....w\""........C5....]R...ri.D.p.0.{..1-.}*..,.a.............^~..}t..<.!H.}/.
.,..e#.r.....>;mt..#J..l...(|..bF...o&2..3%.\..[[%..a.C.q.3c.d.....>..Qpmp..l<.C....<..G<SOC..#.
s............#.......>#:..........c..=[...#k..m..[....~W........o...tY.....(.^v.............]...
..ik%.b5&.. _..N........w...>xn6.>.....?....B..ie..4.....O.?......Z.....5..j..E.iy..Y#.M....R+..
.I....7...,cH..d./..:8.....w..l...W7z.{.t...c9.2.T..3...8.....M..b.....`...(.....>...Y..rr.z.5..
.W....7...>............2.6]........&././;.*@....Ghf"'...p.h^...\.}.9S......}1.\h..F..o9......./.
.A.#......r .E.N.c...6..j.|)|(..dm..._2k,=.L,Q..+..E.w6!j.......,......{.d..a...R..9.sDm1..G..{.
j...Pz8.q........^..x....M..#.Ai.zd1..e,g.....+}....C..])fKL,\.x....]V,.&._......H1..MqKKB~...su
A.\w..c)..k......Xb#.59..5......^.q..*..w.....G...._K.........t....k....22.Z.q.r..sD.pB.YC;.....
u.

MRGN->Client [08:43:35 07/23/09] packet size: 210
80 d0 c2 ff 8b da dd d1 49 29 28 8e ed e3 2f b0 90 91 11 1c 80 6a a1 69 5e 72 25 dd e7 d2 a8 3c 
30 fb 50 5d d7 5e b7 d6 6c 9c 4e 1c b6 c8 86 fd 8a 23 37 31 ef 1f 07 ab 12 64 d1 b3 dc 5e 7e 3e 
2e 51 fd f1 f1 e0 8b 97 ef 84 ec 54 9a 94 cb c3 3d fd ac ef 18 56 e6 de 11 69 0a ed 4b 9d 08 60 
0f 4f 65 fd 8d 2b e1 55 7e 16 ca 01 53 bc cb a6 07 15 1e 14 32 2b 9d 7d 6f 38 cc 36 5f d2 92 fe 
0c 1d be 37 93 bc 48 80 c2 ea 66 bd 0e a9 da 20 b0 54 8d cb e9 8e 34 0e 24 2e bd 02 a1 a6 ee a6 
0a 86 f9 d2 35 0a 08 bb 86 9b ec 69 0e 53 d8 9c c8 45 3a ac 16 f0 52 7a 4d 9c eb d8 36 72 c1 e1 
81 37 cf 06 7f 3a f0 87 e7 4d 4a 20 90 40 f5 85 8e c9 
........I)(.../......j.i^r%....<0.P].^..l.N......#71.....d...^~>.Q.........T....=....V...i..K..`
.Oe..+.U~...S.......2+.}o8.6_......7..H...f.... .T....4.$...........5......i.S...E:...RzM...6r..
.7...:...MJ .@....

MRGN->Client [08:43:35 07/23/09] packet size: 690
82 b0 0d 5b 02 6b ee d7 6e 93 73 41 b6 7b 2b 6c c7 f3 66 2a 53 7f 0e 0f 3e ba e8 46 a7 99 35 12 
5f 36 3f 51 b6 cf 1c b4 81 d2 7f 96 de 5b dc 80 87 9f ba 01 3e 57 d5 41 ca 98 cf 31 31 de a5 36 
65 4d 10 40 3d 68 0a a4 79 c9 78 70 c0 be 82 93 36 20 b5 57 44 1a 8b f0 a6 b3 32 1b 6f b7 7a 0c 
0f a7 9a 1c c5 32 aa 6d f1 eb bf 32 12 51 7b 25 9b 4b ae 20 83 52 19 fe 52 ee a6 72 4b 2d 13 8c 
d5 b3 9a 85 c2 d2 01 2c e2 6d c0 13 75 e5 40 08 40 fa c7 90 33 b3 6c 2e 5f c3 14 83 6d 4b 67 2a 
2b 7f 72 fd c1 58 a4 fb 03 36 75 0a e8 ca 00 e8 e7 9f d2 2a 02 9d a4 34 e8 63 0f 29 e3 52 47 8d 
f9 d3 ee f4 cf fc 93 23 08 a1 06 ee 00 30 da 8c 44 dc 69 de 51 50 b4 f6 a5 43 ac fe af b9 f6 68 
5e 76 e2 60 a2 5e 6d c4 9d c6 72 08 c6 17 d9 63 7e 0f 8e e6 27 47 2f e4 85 e1 42 71 f1 ac 5e 17 
46 6e fb 94 45 5b 58 db 48 34 fc 18 06 45 19 91 b2 ef 54 08 2b 92 49 a7 a5 20 c0 eb 09 8e 52 f0 
6b ca 28 da 39 c3 71 25 e6 d8 7f c0 5b 0a e1 bf c7 f5 0d ca 51 89 11 41 c7 b2 f0 3f b8 cb 71 3d 
b8 04 9c e5 eb 94 21 a0 72 71 32 cd 5c 57 16 0c a6 1f 3e 44 f5 9d 4a ab 56 37 b1 7d 59 ef 67 4d 
5d f6 99 ef c8 be 13 b7 ff 7b 29 06 8b 81 8b c5 93 18 eb f5 55 5e 5c e8 22 c4 ef c6 42 e7 87 9e 
76 99 66 0d aa f9 bc 3f 78 53 4a 40 57 1b 73 09 05 2a 8b 4e 24 39 af eb 28 2d 68 e7 d7 bb 49 68 
6f 6f 7a a1 58 9c 65 57 5b 21 da c4 d6 4b 34 a7 b9 a3 23 41 7d af 61 dd ad b3 55 c6 01 59 7b 38 
d0 60 64 07 36 42 f5 f1 52 34 f8 08 6f 74 f8 03 33 12 8b c3 72 6d 70 5a 86 bb 6d 05 7b 13 7d e8 
3e ac 97 56 bc 01 85 db 1c 6c e1 69 64 d7 55 64 69 d1 13 5f cc 90 40 ec 51 6c 71 1c dc ea 9f 2e 
e0 04 4f 1f 26 58 9f 45 45 cb 84 1c 8c 53 a4 0c 2f 22 f9 01 ad 51 3c 76 5e 81 e4 61 6a ae 10 9a 
17 38 26 23 b7 57 8f b8 93 64 fb a1 4d 42 cb e8 a5 5d 93 b7 19 a3 42 cb 92 21 f2 e7 7e 65 c4 6c 
26 e3 55 fa e1 2d bb f7 b5 1b 32 8a 9d 98 d3 a4 d3 11 12 cb 40 bd eb f0 df 9f 8a 77 d9 ce c9 35 
86 94 e1 51 71 92 51 82 f5 ad 36 91 a8 0a a8 01 4e 7b 72 e3 75 62 5f 08 6d 41 37 c5 9a cf d0 12 
54 0d fb c7 bc 58 22 4c 6f 82 45 92 6a 52 2a 86 c3 7c e9 86 86 6a 8b 68 e5 7b 69 8b c4 e8 2e cf 
24 7a 63 06 b2 06 1d 6b 0d 7c 96 66 bb df cf e9 7e 9d 
...[.k..n.sA.{+l..f*S...>..F..5._6?Q.........[......>W.A...11..6eM.@=h..y.xp....6 .WD.....2.o.z.
.....2.m...2.Q{%.K. .R..R..rK-.........,.m..u.@.@...3.l._...mKg*+.r..X...6u........*...4.c.).RG.
.......#.....0..D.i.QP...C.....h^v.`.^m...r....c~...'G/...Bq..^.Fn..E[X.H4...E....T.+.I.. ....R.
k.(.9.q%....[.......Q..A...?..q=......!.rq2.\W....>D..J.V7.}Y.gM]........{).........U^\."...B...
v.f....?xSJ@W.s..*.N$9..(-h...Ihooz.X.eW[!...K4...#A}.a...U..Y{8.`d.6B..R4..ot..3...rmpZ..m.{.}.
>..V.....l.id.Udi.._..@.Qlq.......O.&X.EE....S../"...Q<v^..aj....8&#.W...d..MB...]....B..!..~e.l
&.U..-....2.........@......w...5...Qq.Q...6.....N{r.ub_.mA7.....T....X"Lo.E.jR*..|...j.h.{i.....
$zc....k.|.f....~.

MRGN->Client [08:43:35 07/23/09] packet size: 49
30 ac 68 4c 4e 9f 7d cf 7a 9e a8 8f 94 cd 35 67 0b 11 4b 16 06 8d 4d d8 1a cf 36 a7 6f cb 58 ce 
29 d3 69 d1 fe f9 37 68 c4 a0 1c 9b 58 6e 62 05 b2 
0.hLN.}.z.....5g..K...M...6.o.X.).i...7h....Xnb..

MRGN->Client [08:43:35 07/23/09] packet size: 49
30 7e fc a2 d7 1f a8 0e 3b 2d cc 0a bb 69 42 36 bb 7c 77 14 26 70 f7 0c a0 34 3b 1d 0b ce 26 59 
ed d7 49 4d c7 85 46 c3 9f 9c 69 65 bc 90 ed cb c8 
0~......;-...iB6.|w.&p...4;...&Y..IM..F...ie.....

MRGN->Client [08:43:35 07/23/09] packet size: 194
80 c0 20 36 c9 4c c6 2c 88 90 e0 5f ed a1 82 d0 53 49 4f 86 ac f8 c6 35 57 47 0b d0 97 b4 3d cb 
25 11 7d 14 ef a5 d2 a9 24 9f d8 65 ec 08 bf 3b 0b f2 85 ec 69 16 ba 09 5f 4f c6 5b 70 21 47 0b 
93 69 3c 5d 50 8d 34 a8 64 af 7e db 65 d3 a4 3e a7 7b e5 df da d5 85 89 84 f6 e5 91 f8 bf af 5d 
b1 bc 01 bc f6 6b ef 07 94 09 2b 54 8a 5d c6 18 0c 08 0a 87 62 1d a3 54 df 41 61 c9 f3 43 f9 b7 
01 1b 42 c7 25 e7 66 f7 02 36 ea f8 d2 b8 99 bc 73 12 3e 88 eb 2b 33 56 4b 12 25 3a f2 57 4e c4 
c1 ef 08 37 b8 d5 04 40 6e 53 f0 04 c4 3e 31 71 a5 57 1c 11 53 34 fe bf 86 36 43 7d 66 90 ee da 
3c aa 
.. 6.L.,..._....SIO....5WG....=.%.}.....$..e...;....i..._O.[p!G..i<]P.4.d.~.e..>.{.............]
.....k....+T.]......b..T.Aa..C....B.%.f..6......s.>..+3VK.%:.WN....7...@nS...>1q.W..S4...6C}f...
<.

Client->GAME [08:43:35 07/23/09] packet size: 43
00 00 00 00 00 00 03 08 00 00 00 13 c6 0e 00 00 00 00 00 84 03 00 00 00 00 00 00 a0 eb 31 f4 53 
95 5f 4d b9 95 6b 5f 97 63 46 0c 
.............................1.S._M..k_.cF.

MRGN->Client [08:43:35 07/23/09] packet size: 434
81 b0 d5 53 14 75 25 6f 45 00 c8 48 fe fe 0e 11 54 ab ca 98 62 02 38 1e 36 9f b6 00 64 41 8e 7b 
3e 0e 87 b6 d7 36 4e 99 de 8e 8a ce 64 53 23 2b 05 c5 d1 21 06 58 30 10 ad ae db 30 ed 20 ee ec 
44 46 c2 3d 88 f6 a4 4e 0d 33 c2 85 0e e2 92 ab 6f 71 fb 11 58 01 e8 9e d9 16 2f ad a0 e6 48 b9 
1e d1 45 f4 85 1e 70 56 42 5d 28 fb 2b 75 7e 6a 50 a2 3f cf 9c c8 03 15 3f 8d 92 2e 1d b0 3e de 
88 8f 53 69 4d 88 e7 ed 20 b4 36 5b 60 7c 53 31 cc f9 eb d4 90 37 b2 8f 2d 98 40 be 34 33 18 43 
bf fb 35 f5 e9 e4 16 78 49 f5 ca e3 8d d1 fd c5 16 0e 73 31 17 6f a9 41 34 8b df 27 4f fa 68 bc 
b5 30 9c bb 64 15 75 d5 ab 92 2e 87 0b 00 58 60 56 8f 21 8e 44 75 0b 90 8f 3d 1c 1b 17 33 f0 24 
3c 30 36 2a c7 18 db ec d5 68 f0 ce e7 0b 57 c9 cb 32 98 e2 bf 9f cc 21 76 40 ce 2a e0 34 b5 6d 
aa 55 1c 05 7d 61 e9 63 a9 6d ef 5d ed 67 55 c3 c4 63 d3 d7 62 99 2f dd ba 32 26 bd cf 04 e5 1f 
17 49 78 a4 d5 44 ac f1 42 b9 99 b6 7e 07 e7 b5 1e dd 02 90 0b e3 56 83 cf ca ec f2 e5 30 ce 9b 
12 ef 7f 45 54 4d 1f 4d 87 80 67 fd 4d 02 0c a1 ee 01 92 6b 86 0b bd e0 28 22 cf 48 5a 22 56 25 
69 be 5e a3 73 52 61 3e c2 13 e5 72 61 99 07 1b 1d 3e 81 82 fa dd d9 b3 ee 5a bf bc d5 02 e6 2b 
14 6d ba 80 a3 e3 a9 2e b5 d7 8e ae c6 77 7f 63 6e 70 9f 82 24 c1 9d 5c ce 0a 7a e5 e1 dd 09 42 
3c 8d 66 26 ec f5 40 31 1d 42 c7 6f b5 70 b8 fc b1 1a 
...S.u%oE..H....T...b.8.6...dA.{>....6N.....dS#+...!.X0....0. ..DF.=...N.3......oq..X...../...H.
..E...pVB](.+u~jP.?.....?.....>...SiM... .6[`|S1.....7..-.@.43.C..5....xI.........s1.o.A4..'O.h.
.0..d.u.......X`V.!.Du...=...3.$<06*.....h....W..2.....!v@.*.4.m.U..}a.c.m.].gU..c..b./..2&.....
.Ix..D..B...~.........V......0.....ETM.M..g.M......k....(".HZ"V%i.^.sRa>...ra....>.......Z.....+
.m...........w.cnp..$..\..z....B<.f&..@1.B.o.p....

GAME->Client [08:43:35 07/23/09] packet size: 7
00 00 00 00 00 00 05 
.......

GAME->Client [08:43:35 07/23/09] packet size: 7
00 00 00 00 00 00 05 
.......

GAME->Client [08:43:35 07/23/09] packet size: 7
00 00 00 00 00 00 05 
.......

GAME->Client [08:43:35 07/23/09] packet size: 7
00 00 00 00 00 00 05 
.......

GAME->Client [08:43:35 07/23/09] packet size: 7
00 00 00 00 00 00 05 
.......

MRGN->Client [08:43:36 07/23/09] packet size: 33
20 fd 65 e7 1d 16 92 b4 1e 84 6f b5 47 07 5a 16 cb 0b 93 c7 f8 0f a2 5e f4 68 51 f0 f1 7d 62 21 
9a 
 .e.......o.G.Z........^.hQ..}b!.

MRGN->Client [08:43:36 07/23/09] packet size: 6
00 00 00 00 00 00 
......

GAME->Client [08:43:36 07/23/09] packet size: 706 CRYPTED, Flags: 0 ServerSeq: 1 ClientSeq: 0
82 2c 7c 0e 49 04 01 00 00 21 5f 06 0e 00 86 03 00 00 2c 7c 0e 49 01 35 00 25 00 72 65 73 6f 75 
72 63 65 2f 77 6f 72 6c 64 73 2f 6c 6f 61 64 69 6e 67 5f 61 72 65 61 2f 6c 61 2e 6d 65 74 72 00 
28 00 48 61 6c 6c 6f 77 65 65 6e 5f 45 76 65 6e 74 2c 57 69 6e 74 65 72 33 48 61 6c 6c 6f 77 65 
65 6e 46 6c 79 54 53 45 43 00 0a 80 e5 43 2d 9c 00 00 00 00 00 0a 80 e4 f3 ab 09 00 00 00 00 00 
08 80 b2 4e 00 08 00 08 02 08 80 b2 52 00 10 00 08 02 08 80 b2 54 00 09 00 08 02 08 80 b2 4f 00 
0b 00 08 02 08 80 b2 51 00 0c 00 08 02 08 80 b2 11 00 11 00 08 02 16 80 bc 45 03 11 00 00 02 00 
00 00 11 00 11 00 00 00 00 00 00 00 00 16 80 bc 45 00 02 00 00 02 00 00 00 cc 00 04 00 00 00 00 
00 00 00 00 16 80 bc 45 00 03 00 00 0b 00 00 00 37 02 33 00 00 00 00 00 00 00 00 16 80 bc 45 00 
04 00 00 2d 00 00 00 23 04 03 00 00 00 00 00 00 00 00 16 80 bc 45 00 05 00 00 2d 00 00 00 20 04 
03 00 00 00 00 00 00 00 00 16 80 bc 45 00 06 00 00 2d 00 00 00 19 04 01 00 00 00 00 00 00 00 00 
16 80 bc 45 00 07 00 00 2d 00 00 00 42 04 01 00 00 00 00 00 00 00 00 16 80 bc 45 00 08 00 00 34 
00 00 00 83 02 44 00 00 00 00 00 00 00 00 16 80 bc 45 00 09 00 00 4c 00 00 00 15 04 04 00 00 00 
00 00 00 00 00 16 80 bc 45 00 0a 00 00 4c 00 00 00 06 04 04 00 00 00 00 00 00 00 00 16 80 bc 45 
00 0b 00 00 4c 00 00 00 19 04 02 00 00 00 00 00 00 00 00 16 80 bc 45 00 0c 00 00 53 00 00 00 15 
04 01 00 00 00 00 00 00 00 00 16 80 bc 45 00 0d 00 00 53 00 00 00 19 04 01 00 00 00 00 00 00 00 
00 08 80 b2 3a 04 00 00 08 02 16 80 bc 45 03 3a 04 00 53 00 00 00 3a 04 00 00 00 00 00 00 00 00 
00 16 80 bc 45 00 0e 00 00 53 00 00 00 06 04 01 00 00 00 00 00 00 00 00 16 80 bc 45 00 0f 00 00 
5f 00 00 00 7c 04 05 00 00 00 00 00 00 00 00 16 80 bc 45 00 10 00 00 5f 00 00 00 07 04 05 00 00 
00 00 00 00 00 00 16 80 bc 45 00 11 00 00 62 00 00 00 06 04 01 00 00 00 00 00 00 00 00 08 80 b2 
35 04 00 00 08 02 16 80 bc 45 03 35 04 00 62 00 00 00 35 04 00 00 00 00 00 00 00 00 00 16 80 bc 
45 00 12 00 00 62 00 00 00 15 04 01 00 00 00 00 00 00 00 00 16 80 bc 45 00 13 00 00 36 02 00 00 
37 02 0a 00 00 00 00 00 00 00 00 16 80 bc 56 00 14 00 00 53 1d 00 00 b4 00 05 00 00 00 00 00 00 
00 00 
.,|.I....!_.......,|.I.5.%.resource/worlds/loading_area/la.metr.(.Halloween_Event,Winter3Hallowe
enFlyTSEC....C-....................N........R........T........O........Q.................E......
................E......................E........7.3...........E....-...#.............E....-... .
............E....-.................E....-...B.............E....4.....D...........E....L.........
........E....L.................E....L.................E....S.................E....S.............
....:........E.:..S...:.............E....S.................E...._...|.............E...._........
.........E....b.................5........E.5..b...5.............E....b.................E....6...
7.............V....S..............

GAME->Client [08:43:36 07/23/09] packet size: 673 CRYPTED, Flags: 0 ServerSeq: 2 ClientSeq: 0
02 04 01 00 21 1d 16 80 bc 56 00 15 00 00 53 1d 00 00 74 04 01 00 00 00 00 00 00 00 00 16 80 bc 
56 00 16 00 00 53 1d 00 00 09 04 05 00 00 00 00 00 00 00 00 16 80 bc 56 00 17 00 00 53 1d 00 00 
78 04 01 00 00 00 00 00 00 00 00 16 80 bc 56 00 18 00 00 53 1d 00 00 b5 00 05 00 00 00 00 00 00 
00 00 16 80 bc 56 00 19 00 00 68 9a 00 00 b4 00 0a 00 00 00 00 00 00 00 00 16 80 bc 56 00 1a 00 
00 68 9a 00 00 9d 00 0a 00 00 00 00 00 00 00 00 16 80 bc 56 00 1b 00 00 68 9a 00 00 7b 04 01 00 
00 00 00 00 00 00 00 16 80 bc 56 00 1c 00 00 68 9a 00 00 b5 00 0a 00 00 00 00 00 00 00 00 16 80 
bc 56 00 1d 00 00 2e a1 00 00 21 04 01 00 00 00 00 00 00 00 00 16 80 bc 56 00 1e 00 00 2e a1 00 
00 09 04 0a 00 00 00 00 00 00 00 00 16 80 bc 56 00 1f 00 00 2e a1 00 00 22 04 01 00 00 00 00 00 
00 00 00 16 80 bc 56 00 20 00 00 2e a1 00 00 9d 00 0a 00 00 00 00 00 00 00 00 16 80 bc 56 00 21 
00 00 2e a1 00 00 b5 00 0a 00 00 00 00 00 00 00 00 16 80 bc 56 00 22 00 00 d3 26 00 00 b4 00 0a 
00 00 00 00 00 00 00 00 16 80 bc 56 00 23 00 00 d3 26 00 00 09 04 0a 00 00 00 00 00 00 00 00 16 
80 bc 56 00 24 00 00 d3 26 00 00 22 04 01 00 00 00 00 00 00 00 00 16 80 bc 56 00 25 00 00 d3 26 
00 00 c3 02 01 00 00 00 00 00 00 00 00 16 80 bc 56 00 26 00 00 d3 26 00 00 76 04 01 00 00 00 00 
00 00 00 00 16 80 bc 56 00 27 00 00 d3 26 00 00 b5 00 0a 00 00 00 00 00 00 00 00 16 80 bc 56 00 
28 00 00 b3 a9 00 00 b4 00 09 00 00 00 00 00 00 00 00 16 80 bc 56 00 29 00 00 b3 a9 00 00 11 04 
01 00 00 00 00 00 00 00 00 16 80 bc 56 00 2a 00 00 b3 a9 00 00 09 04 09 00 00 00 00 00 00 00 00 
16 80 bc 56 00 2b 00 00 b3 a9 00 00 06 04 01 00 00 00 00 00 00 00 00 16 80 bc 56 00 2c 00 00 b3 
a9 00 00 b5 00 09 00 00 00 00 00 00 00 00 16 80 bc 15 00 2d 00 00 f7 03 00 00 08 02 00 00 00 00 
00 00 00 00 00 16 80 bc 15 00 2e 00 00 f7 03 00 00 07 02 ec ff ff ff 00 00 00 00 00 16 80 bc 15 
00 2f 00 00 f7 03 00 00 50 04 00 00 00 00 00 00 00 00 00 16 80 bc 15 00 30 00 00 f7 03 00 00 f4 
03 00 00 00 00 00 00 00 00 00 16 80 bc 15 00 31 00 00 f7 03 00 00 51 04 f6 ff ff ff 00 00 00 00 
00 
....!....V....S...t.............V....S.................V....S...x.............V....S............
.....V....h.................V....h.................V....h...{.............V....h................
.V........!.............V......................V........".............V. ....................V.!
....................V."...&................V.#...&................V.$...&..".............V.%...&
................V.&...&..v.............V.'...&................V.(....................V.)........
............V.*....................V.+....................V.,......................-............
................................./......P...............0......................1......Q.........
.

MRGN->Client [08:43:36 07/23/09] packet size: 6
00 00 00 00 00 00 
......

GAME->Client [08:43:36 07/23/09] packet size: 197 CRYPTED, Flags: 0 ServerSeq: 3 ClientSeq: 0
02 04 03 00 3e 02 16 80 bc 15 00 32 00 00 f7 03 00 00 52 04 0f 00 00 00 00 00 00 00 00 2f 47 00 
00 04 01 00 00 00 00 00 00 00 00 00 00 00 00 00 00 00 1a 00 06 00 00 00 01 00 00 00 00 01 01 00 
00 00 00 00 80 00 00 00 00 00 00 00 00 00 40 01 25 80 86 ac 53 02 00 00 00 00 00 00 00 00 00 00 
00 00 00 00 00 00 00 00 00 00 21 00 00 00 00 00 23 00 00 00 00 00 00 41 02 02 81 09 48 81 a9 00 
00 07 00 05 3f 00 68 74 74 70 3a 2f 2f 74 68 65 6d 61 74 72 69 78 6f 6e 6c 69 6e 65 2e 73 74 61 
74 69 6f 6e 2e 73 6f 6e 79 2e 63 6f 6d 2f 70 72 6f 63 65 73 73 46 6c 61 73 68 54 72 61 66 66 69 
63 2e 76 6d 00 
....>......2......R........../G...............................................@.%...S...........
..........!.....#......A....H.......?.http://thematrixonline.station.sony.com/processFlashTraffi
c.vm.

Client->GAME [08:43:36 07/23/09] packet size: 18 CRYPTED, Flags: 7 ServerSeq: 3 ClientSeq: 1
02 04 01 00 00 02 01 05 09 6c 01 00 00 00 00 00 00 00 
.........l........

GAME->Client [08:43:36 07/23/09] packet size: 696 CRYPTED, Flags: 1 ServerSeq: 4 ClientSeq: 1
02 04 01 00 43 1e 16 80 bc 56 00 14 00 00 53 1d 00 00 b4 00 05 00 00 00 01 00 00 00 00 16 80 bc 
56 00 15 00 00 53 1d 00 00 74 04 01 00 00 00 01 00 00 00 00 16 80 bc 56 00 16 00 00 53 1d 00 00 
09 04 05 00 00 00 01 00 00 00 00 16 80 bc 56 00 17 00 00 53 1d 00 00 78 04 01 00 00 00 01 00 00 
00 00 16 80 bc 56 00 18 00 00 53 1d 00 00 b5 00 05 00 00 00 01 00 00 00 00 16 80 bc 56 00 33 00 
00 53 1d 00 00 b4 00 05 00 00 00 00 00 00 00 00 16 80 bc 56 00 34 00 00 53 1d 00 00 74 04 01 00 
00 00 00 00 00 00 00 16 80 bc 56 00 35 00 00 53 1d 00 00 09 04 05 00 00 00 00 00 00 00 00 16 80 
bc 56 00 36 00 00 53 1d 00 00 78 04 01 00 00 00 00 00 00 00 00 16 80 bc 56 00 37 00 00 53 1d 00 
00 b5 00 05 00 00 00 00 00 00 00 00 16 80 bc 56 00 19 00 00 68 9a 00 00 b4 00 0a 00 00 00 01 00 
00 00 00 16 80 bc 56 00 1a 00 00 68 9a 00 00 9d 00 0a 00 00 00 01 00 00 00 00 16 80 bc 56 00 1b 
00 00 68 9a 00 00 7b 04 01 00 00 00 01 00 00 00 00 16 80 bc 56 00 1c 00 00 68 9a 00 00 b5 00 0a 
00 00 00 01 00 00 00 00 16 80 bc 56 00 38 00 00 68 9a 00 00 b4 00 0a 00 00 00 00 00 00 00 00 16 
80 bc 56 00 39 00 00 68 9a 00 00 9d 00 0a 00 00 00 00 00 00 00 00 16 80 bc 56 00 3a 00 00 68 9a 
00 00 7b 04 01 00 00 00 00 00 00 00 00 16 80 bc 56 00 3b 00 00 68 9a 00 00 b5 00 0a 00 00 00 00 
00 00 00 00 16 80 bc 56 00 1d 00 00 2e a1 00 00 21 04 01 00 00 00 01 00 00 00 00 16 80 bc 56 00 
1e 00 00 2e a1 00 00 09 04 0a 00 00 00 01 00 00 00 00 16 80 bc 56 00 1f 00 00 2e a1 00 00 22 04 
01 00 00 00 01 00 00 00 00 16 80 bc 56 00 20 00 00 2e a1 00 00 9d 00 0a 00 00 00 01 00 00 00 00 
16 80 bc 56 00 21 00 00 2e a1 00 00 b5 00 0a 00 00 00 01 00 00 00 00 16 80 bc 56 00 3c 00 00 2e 
a1 00 00 21 04 01 00 00 00 00 00 00 00 00 16 80 bc 56 00 3d 00 00 2e a1 00 00 09 04 0a 00 00 00 
00 00 00 00 00 16 80 bc 56 00 3e 00 00 2e a1 00 00 22 04 01 00 00 00 00 00 00 00 00 16 80 bc 56 
00 3f 00 00 2e a1 00 00 9d 00 0a 00 00 00 00 00 00 00 00 16 80 bc 56 00 40 00 00 2e a1 00 00 b5 
00 0a 00 00 00 00 00 00 00 00 16 80 bc 56 00 22 00 00 d3 26 00 00 b4 00 0a 00 00 00 01 00 00 00 
00 16 80 bc 56 00 23 00 00 d3 26 00 00 09 04 0a 00 00 00 01 00 00 00 00 
....C....V....S.................V....S...t.............V....S.................V....S...x........
.....V....S.................V.3..S.................V.4..S...t.............V.5..S................
.V.6..S...x.............V.7..S.................V....h.................V....h.................V..
..h...{.............V....h.................V.8..h.................V.9..h.................V.:..h.
..{.............V.;..h.................V........!.............V......................V........".
............V. ....................V.!....................V.<......!.............V.=............
........V.>......".............V.?....................V.@....................V."...&............
....V.#...&.............

Client->GAME [08:43:36 07/23/09] packet size: 1 CRYPTED, Flags: f ServerSeq: 4 ClientSeq: 2
02 
.

GAME->Client [08:43:36 07/23/09] packet size: 710 CRYPTED, Flags: 1 ServerSeq: 5 ClientSeq: 1
02 04 01 00 61 20 16 80 bc 56 00 24 00 00 d3 26 00 00 22 04 01 00 00 00 01 00 00 00 00 16 80 bc 
56 00 25 00 00 d3 26 00 00 c3 02 01 00 00 00 01 00 00 00 00 16 80 bc 56 00 26 00 00 d3 26 00 00 
76 04 01 00 00 00 01 00 00 00 00 16 80 bc 56 00 27 00 00 d3 26 00 00 b5 00 0a 00 00 00 01 00 00 
00 00 16 80 bc 56 00 41 00 00 d3 26 00 00 b4 00 0a 00 00 00 00 00 00 00 00 16 80 bc 56 00 42 00 
00 d3 26 00 00 09 04 0a 00 00 00 00 00 00 00 00 16 80 bc 56 00 43 00 00 d3 26 00 00 22 04 01 00 
00 00 00 00 00 00 00 16 80 bc 56 00 44 00 00 d3 26 00 00 c3 02 01 00 00 00 00 00 00 00 00 16 80 
bc 56 00 45 00 00 d3 26 00 00 76 04 01 00 00 00 00 00 00 00 00 16 80 bc 56 00 46 00 00 d3 26 00 
00 b5 00 0a 00 00 00 00 00 00 00 00 16 80 bc 56 00 28 00 00 b3 a9 00 00 b4 00 09 00 00 00 01 00 
00 00 00 16 80 bc 56 00 29 00 00 b3 a9 00 00 11 04 01 00 00 00 01 00 00 00 00 16 80 bc 56 00 2a 
00 00 b3 a9 00 00 09 04 09 00 00 00 01 00 00 00 00 16 80 bc 56 00 2b 00 00 b3 a9 00 00 06 04 01 
00 00 00 01 00 00 00 00 16 80 bc 56 00 2c 00 00 b3 a9 00 00 b5 00 09 00 00 00 01 00 00 00 00 16 
80 bc 56 00 47 00 00 b3 a9 00 00 b4 00 09 00 00 00 00 00 00 00 00 16 80 bc 56 00 48 00 00 b3 a9 
00 00 11 04 01 00 00 00 00 00 00 00 00 16 80 bc 56 00 49 00 00 b3 a9 00 00 09 04 09 00 00 00 00 
00 00 00 00 16 80 bc 56 00 4a 00 00 b3 a9 00 00 06 04 01 00 00 00 00 00 00 00 00 16 80 bc 56 00 
4b 00 00 b3 a9 00 00 b5 00 09 00 00 00 00 00 00 00 00 04 80 b3 11 00 16 80 bc 45 03 11 00 00 02 
00 00 00 11 00 11 00 00 00 01 00 00 00 00 16 80 bc 45 00 02 00 00 02 00 00 00 cc 00 04 00 00 00 
01 00 00 00 00 08 80 b2 11 00 11 00 08 02 16 80 bc 45 03 11 00 00 02 00 00 00 11 00 11 00 00 00 
00 00 00 00 00 16 80 bc 55 00 4c 00 00 02 00 00 00 cc 00 04 00 00 00 00 00 00 00 00 16 80 bc 45 
00 03 00 00 0b 00 00 00 37 02 33 00 00 00 01 00 00 00 00 16 80 bc 55 00 4d 00 00 0b 00 00 00 37 
02 33 00 00 00 00 00 00 00 00 16 80 bc 45 00 04 00 00 2d 00 00 00 23 04 03 00 00 00 01 00 00 00 
00 16 80 bc 45 00 05 00 00 2d 00 00 00 20 04 03 00 00 00 01 00 00 00 00 16 80 bc 45 00 06 00 00 
2d 00 00 00 19 04 01 00 00 00 01 00 00 00 00 16 80 bc 45 00 07 00 00 2d 00 00 00 42 04 01 00 00 
00 01 00 00 00 00 
....a ...V.$...&..".............V.%...&................V.&...&..v.............V.'...&...........
.....V.A...&................V.B...&................V.C...&..".............V.D...&...............
.V.E...&..v.............V.F...&................V.(....................V.)....................V.*
....................V.+....................V.,....................V.G....................V.H....
................V.I....................V.J....................V.K.........................E.....
.................E...............................E......................U.L....................E
........7.3...........U.M......7.3...........E....-...#.............E....-... .............E....
-.................E....-...B..........

Client->GAME [08:43:36 07/23/09] packet size: 1 CRYPTED, Flags: 1f ServerSeq: 5 ClientSeq: 3
02 
.

GAME->Client [08:43:37 07/23/09] packet size: 704 CRYPTED, Flags: 3 ServerSeq: 6 ClientSeq: 2
02 04 02 00 81 03 16 80 bc 55 00 4e 00 00 2d 00 00 00 23 04 03 00 00 00 00 00 00 00 00 16 80 bc 
55 00 4f 00 00 2d 00 00 00 20 04 03 00 00 00 00 00 00 00 00 16 80 bc 55 00 50 00 00 2d 00 00 00 
19 04 01 00 00 00 00 00 00 00 00 00 84 1e 16 80 bc 55 00 51 00 00 2d 00 00 00 42 04 01 00 00 00 
00 00 00 00 00 16 80 bc 45 00 08 00 00 34 00 00 00 83 02 44 00 00 00 01 00 00 00 00 16 80 bc 55 
00 52 00 00 34 00 00 00 83 02 44 00 00 00 00 00 00 00 00 16 80 bc 45 00 09 00 00 4c 00 00 00 15 
04 04 00 00 00 01 00 00 00 00 16 80 bc 45 00 0a 00 00 4c 00 00 00 06 04 04 00 00 00 01 00 00 00 
00 16 80 bc 45 00 0b 00 00 4c 00 00 00 19 04 02 00 00 00 01 00 00 00 00 16 80 bc 55 00 53 00 00 
4c 00 00 00 15 04 04 00 00 00 00 00 00 00 00 16 80 bc 55 00 54 00 00 4c 00 00 00 06 04 04 00 00 
00 00 00 00 00 00 16 80 bc 55 00 55 00 00 4c 00 00 00 19 04 02 00 00 00 00 00 00 00 00 16 80 bc 
45 00 0c 00 00 53 00 00 00 15 04 01 00 00 00 01 00 00 00 00 16 80 bc 45 00 0d 00 00 53 00 00 00 
19 04 01 00 00 00 01 00 00 00 00 04 80 b3 3a 04 16 80 bc 45 03 3a 04 00 53 00 00 00 3a 04 00 00 
00 00 01 00 00 00 00 16 80 bc 45 00 0e 00 00 53 00 00 00 06 04 01 00 00 00 01 00 00 00 00 16 80 
bc 55 00 56 00 00 53 00 00 00 15 04 01 00 00 00 00 00 00 00 00 16 80 bc 55 00 57 00 00 53 00 00 
00 19 04 01 00 00 00 00 00 00 00 00 08 80 b2 3a 04 00 00 08 02 16 80 bc 45 03 3a 04 00 53 00 00 
00 3a 04 00 00 00 00 00 00 00 00 00 16 80 bc 55 00 58 00 00 53 00 00 00 06 04 01 00 00 00 00 00 
00 00 00 16 80 bc 45 00 0f 00 00 5f 00 00 00 7c 04 05 00 00 00 01 00 00 00 00 16 80 bc 45 00 10 
00 00 5f 00 00 00 07 04 05 00 00 00 01 00 00 00 00 16 80 bc 55 00 59 00 00 5f 00 00 00 7c 04 05 
00 00 00 00 00 00 00 00 16 80 bc 55 00 5a 00 00 5f 00 00 00 07 04 05 00 00 00 00 00 00 00 00 16 
80 bc 45 00 11 00 00 62 00 00 00 06 04 01 00 00 00 01 00 00 00 00 04 80 b3 35 04 16 80 bc 45 03 
35 04 00 62 00 00 00 35 04 00 00 00 00 01 00 00 00 00 16 80 bc 45 00 12 00 00 62 00 00 00 15 04 
01 00 00 00 01 00 00 00 00 16 80 bc 55 00 5b 00 00 62 00 00 00 06 04 01 00 00 00 00 00 00 00 00 
08 80 b2 35 04 00 00 08 02 16 80 bc 45 03 35 04 00 62 00 00 00 35 04 00 00 00 00 00 00 00 00 00 
.........U.N..-...#.............U.O..-... .............U.P..-....................U.Q..-...B.....
........E....4.....D...........U.R..4.....D...........E....L.................E....L.............
....E....L.................U.S..L.................U.T..L.................U.U..L.................
E....S.................E....S.................:....E.:..S...:.............E....S................
.U.V..S.................U.W..S.................:........E.:..S...:.............U.X..S...........
......E...._...|.............E...._.................U.Y.._...|.............U.Z.._...............
..E....b.................5....E.5..b...5.............E....b.................U.[..b..............
...5........E.5..b...5..........

Client->GAME [08:43:38 07/23/09] packet size: 1 CRYPTED, Flags: 3f ServerSeq: 6 ClientSeq: 4
02 
.

GAME->Client [08:43:38 07/23/09] packet size: 708 CRYPTED, Flags: 7 ServerSeq: 7 ClientSeq: 3
82 3e 7c 0e 49 04 02 00 a2 0b 16 80 bc 55 00 5c 00 00 62 00 00 00 15 04 01 00 00 00 00 00 00 00 
00 16 80 bc 45 00 13 00 00 36 02 00 00 37 02 0a 00 00 00 01 00 00 00 00 16 80 bc 55 00 5d 00 00 
36 02 00 00 37 02 0a 00 00 00 00 00 00 00 00 16 80 bc 11 00 5e 00 00 00 00 00 00 cb 02 00 00 00 
00 00 00 00 00 00 17 3a 05 00 11 00 0a 00 50 76 50 53 65 72 76 65 72 00 04 00 06 00 00 00 1d 3a 
05 00 17 00 10 00 50 76 50 4d 61 78 53 61 66 65 4c 65 76 65 6c 00 04 00 0f 00 00 00 3e 3a 05 00 
14 00 0d 00 57 52 5f 52 65 7a 45 76 65 6e 74 73 00 28 00 48 61 6c 6c 6f 77 65 65 6e 5f 45 76 65 
6e 74 2c 57 69 6e 74 65 72 33 48 61 6c 6c 6f 77 65 65 6e 46 6c 79 54 53 45 43 00 1b 3a 05 00 19 
00 12 00 45 76 65 6e 74 53 6c 6f 74 31 5f 45 66 66 65 63 74 00 00 00 28 3a 05 00 19 00 12 00 45 
76 65 6e 74 53 6c 6f 74 32 5f 45 66 66 65 63 74 00 0d 00 66 6c 79 6d 61 6e 5f 69 64 6c 65 33 00 
25 3a 05 00 19 00 12 00 45 76 65 6e 74 53 6c 6f 74 33 5f 45 66 66 65 63 74 00 0a 00 66 6c 79 5f 
76 69 72 75 73 00 1f 3a 05 00 1b 00 14 00 46 69 78 65 64 42 69 6e 6b 49 44 4f 76 65 72 72 69 64 
65 00 02 00 20 00 00 ad 08 30 80 d7 08 00 3c 00 00 8e 26 00 53 4f 45 2b 4d 58 4f 2b 56 65 63 74 
6f 72 2d 48 6f 73 74 69 6c 65 2b 52 75 6e 6e 69 6e 67 57 69 6c 64 33 30 35 00 2b 80 d7 08 00 3c 
00 00 8e 21 00 53 4f 45 2b 4d 58 4f 2b 56 65 63 74 6f 72 2d 48 6f 73 74 69 6c 65 2b 53 74 61 72 
6c 61 69 6e 65 00 28 80 d7 08 00 3c 00 00 8e 1e 00 53 4f 45 2b 4d 58 4f 2b 56 65 63 74 6f 72 2d 
48 6f 73 74 69 6c 65 2b 4b 61 64 61 6e 61 00 28 80 d7 08 00 3c 00 00 8e 1e 00 53 4f 45 2b 4d 58 
4f 2b 56 65 63 74 6f 72 2d 48 6f 73 74 69 6c 65 2b 41 6e 74 68 72 58 00 29 80 d7 08 00 3c 00 00 
8e 1f 00 53 4f 45 2b 4d 58 4f 2b 56 65 63 74 6f 72 2d 48 6f 73 74 69 6c 65 2b 4d 65 64 61 6e 69 
61 00 2c 80 d7 08 00 3c 00 00 8e 22 00 53 4f 45 2b 4d 58 4f 2b 56 65 63 74 6f 72 2d 48 6f 73 74 
69 6c 65 2b 43 61 6e 64 79 53 61 6e 64 79 00 28 80 d7 08 00 3c 00 00 8e 1e 00 53 4f 45 2b 4d 58 
4f 2b 56 65 63 74 6f 72 2d 48 6f 73 74 69 6c 65 2b 53 74 65 76 65 42 00 2b 80 d7 08 00 3c 00 00 
8e 21 00 53 4f 45 2b 4d 58 4f 2b 56 65 63 74 6f 72 2d 48 6f 73 74 69 6c 65 2b 41 72 6d 69 6e 61 
74 6f 72 00 
.>|.I........U.\..b.................E....6...7.............U.]..6...7...............^...........
.......:......PvPServer........:......PvPMaxSafeLevel.......>:......WR_RezEvents.(.Halloween_Eve
nt,Winter3HalloweenFlyTSEC..:......EventSlot1_Effect...(:......EventSlot2_Effect...flyman_idle3.
%:......EventSlot3_Effect...fly_virus..:......FixedBinkIDOverride... ....0....<...&.SOE+MXO+Vect
or-Hostile+RunningWild305.+....<...!.SOE+MXO+Vector-Hostile+Starlaine.(....<.....SOE+MXO+Vector-
Hostile+Kadana.(....<.....SOE+MXO+Vector-Hostile+AnthrX.)....<.....SOE+MXO+Vector-Hostile+Medani
a.,....<...".SOE+MXO+Vector-Hostile+CandySandy.(....<.....SOE+MXO+Vector-Hostile+SteveB.+....<..
.!.SOE+MXO+Vector-Hostile+Arminator.

Client->GAME [08:43:38 07/23/09] packet size: 1 CRYPTED, Flags: 7f ServerSeq: 7 ClientSeq: 5
02 
.

GAME->Client [08:43:38 07/23/09] packet size: 696 CRYPTED, Flags: f ServerSeq: 8 ClientSeq: 4
02 04 01 00 b5 0b 27 80 d7 08 00 3c 00 00 8e 1d 00 53 4f 45 2b 4d 58 4f 2b 56 65 63 74 6f 72 2d 
48 6f 73 74 69 6c 65 2b 46 6f 6e 64 6f 00 28 80 d7 08 00 3c 00 00 8e 1e 00 53 4f 45 2b 4d 58 4f 
2b 56 65 63 74 6f 72 2d 48 6f 73 74 69 6c 65 2b 72 59 75 67 65 6e 00 28 80 d7 08 00 3c 00 00 8e 
1e 00 53 4f 45 2b 4d 58 4f 2b 56 65 63 74 6f 72 2d 48 6f 73 74 69 6c 65 2b 54 61 75 72 6f 6e 00 
2f 80 d7 08 00 3c 00 00 8e 25 00 53 4f 45 2b 4d 58 4f 2b 56 65 63 74 6f 72 2d 48 6f 73 74 69 6c 
65 2b 54 68 65 53 6f 6c 69 64 53 6e 61 6b 65 00 2d 80 d7 08 00 3c 00 00 8e 23 00 53 4f 45 2b 4d 
58 4f 2b 56 65 63 74 6f 72 2d 48 6f 73 74 69 6c 65 2b 57 69 74 63 68 62 75 72 6e 65 72 00 27 80 
d7 08 00 3c 00 00 8e 1d 00 53 4f 45 2b 4d 58 4f 2b 56 65 63 74 6f 72 2d 48 6f 73 74 69 6c 65 2b 
53 79 6d 62 69 00 2a 80 d7 08 00 3c 00 00 8e 20 00 53 4f 45 2b 4d 58 4f 2b 56 65 63 74 6f 72 2d 
48 6f 73 74 69 6c 65 2b 54 6f 64 64 33 34 36 35 00 29 80 d7 08 00 3c 00 00 8e 1f 00 53 4f 45 2b 
4d 58 4f 2b 56 65 63 74 6f 72 2d 48 6f 73 74 69 6c 65 2b 4d 65 64 61 6e 6f 6e 00 2f 80 d7 08 00 
3c 00 00 8e 25 00 53 4f 45 2b 4d 58 4f 2b 56 65 63 74 6f 72 2d 48 6f 73 74 69 6c 65 2b 54 68 65 
41 76 65 6e 4e 69 67 65 72 61 00 2a 80 d7 08 00 3c 00 00 8e 20 00 53 4f 45 2b 4d 58 4f 2b 56 65 
63 74 6f 72 2d 48 6f 73 74 69 6c 65 2b 65 6e 74 69 6c 73 61 72 00 81 00 6d 01 00 00 00 08 00 01 
29 00 00 30 00 00 00 00 00 31 00 00 00 00 00 37 00 00 00 00 00 48 00 00 00 00 00 4c 00 00 00 00 
00 4e 00 00 00 00 00 50 00 00 00 00 00 52 00 00 00 00 00 63 00 00 00 00 00 64 00 00 00 00 00 65 
00 00 00 00 00 68 00 00 00 00 00 69 00 00 00 00 00 6a 00 00 00 00 00 6b 00 00 00 00 00 6d 00 00 
00 00 00 6f 00 00 00 00 00 70 00 00 00 00 00 72 00 00 00 00 00 73 00 00 00 00 00 74 00 00 00 00 
00 78 00 00 00 00 00 79 00 00 00 00 00 7c 00 00 00 00 00 7d 00 00 00 00 00 80 00 00 00 00 00 81 
00 00 00 00 00 82 00 00 00 00 00 83 00 00 00 00 00 84 00 00 00 00 00 85 00 00 00 00 00 88 00 00 
00 00 00 8e 00 00 00 00 00 8f 00 00 00 00 00 90 00 00 00 00 00 92 00 00 00 00 00 93 00 00 00 00 
00 94 00 00 00 00 00 95 00 00 00 00 00 98 00 00 00 00 00 99 00 00 00 00 
......'....<.....SOE+MXO+Vector-Hostile+Fondo.(....<.....SOE+MXO+Vector-Hostile+rYugen.(....<...
..SOE+MXO+Vector-Hostile+Tauron./....<...%.SOE+MXO+Vector-Hostile+TheSolidSnake.-....<...#.SOE+M
XO+Vector-Hostile+Witchburner.'....<.....SOE+MXO+Vector-Hostile+Symbi.*....<... .SOE+MXO+Vector-
Hostile+Todd3465.)....<.....SOE+MXO+Vector-Hostile+Medanon./....<...%.SOE+MXO+Vector-Hostile+The
AvenNigera.*....<... .SOE+MXO+Vector-Hostile+entilsar...m.......)..0.....1.....7.....H.....L....
.N.....P.....R.....c.....d.....e.....h.....i.....j.....k.....m.....o.....p.....r.....s.....t....
.x.....y.....|.....}............................................................................
........................

Client->GAME [08:43:38 07/23/09] packet size: 1 CRYPTED, Flags: 7f ServerSeq: 8 ClientSeq: 6
02 
.

