Client->GAME [08:44:06 07/23/09] packet size: 17 CRYPTED, Flags: 7f ServerSeq: 11 ClientSeq: 11
02 04 01 00 03 01 0a 80 ff 01 00 00 00 4c 00 00 00 
.............L...

GAME->Client [08:44:06 07/23/09] packet size: 700 CRYPTED, Flags: 7f ServerSeq: 12 ClientSeq: 11
82 09 7e 0e 49 04 01 00 c1 1e 16 80 bc 15 00 2d 00 00 f7 03 00 00 08 02 00 00 00 00 01 00 00 00 
00 16 80 bc 15 00 2e 00 00 f7 03 00 00 07 02 ec ff ff ff 01 00 00 00 00 16 80 bc 15 00 2f 00 00 
f7 03 00 00 50 04 00 00 00 00 01 00 00 00 00 16 80 bc 15 00 30 00 00 f7 03 00 00 f4 03 00 00 00 
00 01 00 00 00 00 16 80 bc 15 00 31 00 00 f7 03 00 00 51 04 f6 ff ff ff 01 00 00 00 00 16 80 bc 
15 00 32 00 00 f7 03 00 00 52 04 0f 00 00 00 01 00 00 00 00 16 80 bc 56 00 33 00 00 53 1d 00 00 
b4 00 05 00 00 00 01 00 00 00 00 16 80 bc 56 00 34 00 00 53 1d 00 00 74 04 01 00 00 00 01 00 00 
00 00 16 80 bc 56 00 35 00 00 53 1d 00 00 09 04 05 00 00 00 01 00 00 00 00 16 80 bc 56 00 36 00 
00 53 1d 00 00 78 04 01 00 00 00 01 00 00 00 00 16 80 bc 56 00 37 00 00 53 1d 00 00 b5 00 05 00 
00 00 01 00 00 00 00 16 80 bc 56 00 38 00 00 68 9a 00 00 b4 00 0a 00 00 00 01 00 00 00 00 16 80 
bc 56 00 39 00 00 68 9a 00 00 9d 00 0a 00 00 00 01 00 00 00 00 16 80 bc 56 00 3a 00 00 68 9a 00 
00 7b 04 01 00 00 00 01 00 00 00 00 16 80 bc 56 00 3b 00 00 68 9a 00 00 b5 00 0a 00 00 00 01 00 
00 00 00 16 80 bc 56 00 3c 00 00 2e a1 00 00 21 04 01 00 00 00 01 00 00 00 00 16 80 bc 56 00 3d 
00 00 2e a1 00 00 09 04 0a 00 00 00 01 00 00 00 00 16 80 bc 56 00 3e 00 00 2e a1 00 00 22 04 01 
00 00 00 01 00 00 00 00 16 80 bc 56 00 3f 00 00 2e a1 00 00 9d 00 0a 00 00 00 01 00 00 00 00 16 
80 bc 56 00 40 00 00 2e a1 00 00 b5 00 0a 00 00 00 01 00 00 00 00 16 80 bc 56 00 41 00 00 d3 26 
00 00 b4 00 0a 00 00 00 01 00 00 00 00 16 80 bc 56 00 42 00 00 d3 26 00 00 09 04 0a 00 00 00 01 
00 00 00 00 16 80 bc 56 00 43 00 00 d3 26 00 00 22 04 01 00 00 00 01 00 00 00 00 16 80 bc 56 00 
44 00 00 d3 26 00 00 c3 02 01 00 00 00 01 00 00 00 00 16 80 bc 56 00 45 00 00 d3 26 00 00 76 04 
01 00 00 00 01 00 00 00 00 16 80 bc 56 00 46 00 00 d3 26 00 00 b5 00 0a 00 00 00 01 00 00 00 00 
16 80 bc 56 00 47 00 00 b3 a9 00 00 b4 00 09 00 00 00 01 00 00 00 00 16 80 bc 56 00 48 00 00 b3 
a9 00 00 11 04 01 00 00 00 01 00 00 00 00 16 80 bc 56 00 49 00 00 b3 a9 00 00 09 04 09 00 00 00 
01 00 00 00 00 16 80 bc 56 00 4a 00 00 b3 a9 00 00 06 04 01 00 00 00 01 00 00 00 00 
..~.I..........-............................................./......P...............0...........
...........1......Q...............2......R.............V.3..S.................V.4..S...t........
.....V.5..S.................V.6..S...x.............V.7..S.................V.8..h................
.V.9..h.................V.:..h...{.............V.;..h.................V.<......!.............V.=
....................V.>......".............V.?....................V.@....................V.A...&
................V.B...&................V.C...&..".............V.D...&................V.E...&..v.
............V.F...&................V.G....................V.H....................V.I............
........V.J.................

Client->GAME [08:44:06 07/23/09] packet size: 1 CRYPTED, Flags: 7f ServerSeq: 12 ClientSeq: 12
02 
.

GAME->Client [08:44:06 07/23/09] packet size: 553 CRYPTED, Flags: 7f ServerSeq: 13 ClientSeq: 11
02 04 01 00 df 1b 16 80 bc 56 00 4b 00 00 b3 a9 00 00 b5 00 09 00 00 00 01 00 00 00 00 16 80 bc 
55 00 4c 00 00 02 00 00 00 cc 00 04 00 00 00 01 00 00 00 00 16 80 bc 55 00 4d 00 00 0b 00 00 00 
37 02 33 00 00 00 01 00 00 00 00 16 80 bc 55 00 4e 00 00 2d 00 00 00 23 04 03 00 00 00 01 00 00 
00 00 16 80 bc 55 00 4f 00 00 2d 00 00 00 20 04 03 00 00 00 01 00 00 00 00 16 80 bc 55 00 50 00 
00 2d 00 00 00 19 04 01 00 00 00 01 00 00 00 00 16 80 bc 55 00 51 00 00 2d 00 00 00 42 04 01 00 
00 00 01 00 00 00 00 16 80 bc 55 00 52 00 00 34 00 00 00 83 02 44 00 00 00 01 00 00 00 00 16 80 
bc 55 00 53 00 00 4c 00 00 00 15 04 04 00 00 00 01 00 00 00 00 16 80 bc 55 00 54 00 00 4c 00 00 
00 06 04 04 00 00 00 01 00 00 00 00 16 80 bc 55 00 55 00 00 4c 00 00 00 19 04 02 00 00 00 01 00 
00 00 00 16 80 bc 55 00 56 00 00 53 00 00 00 15 04 01 00 00 00 01 00 00 00 00 16 80 bc 55 00 57 
00 00 53 00 00 00 19 04 01 00 00 00 01 00 00 00 00 16 80 bc 55 00 58 00 00 53 00 00 00 06 04 01 
00 00 00 01 00 00 00 00 16 80 bc 55 00 59 00 00 5f 00 00 00 7c 04 05 00 00 00 01 00 00 00 00 16 
80 bc 55 00 5a 00 00 5f 00 00 00 07 04 05 00 00 00 01 00 00 00 00 16 80 bc 55 00 5b 00 00 62 00 
00 00 06 04 01 00 00 00 01 00 00 00 00 16 80 bc 55 00 5c 00 00 62 00 00 00 15 04 01 00 00 00 01 
00 00 00 00 16 80 bc 55 00 5d 00 00 36 02 00 00 37 02 0a 00 00 00 01 00 00 00 00 16 80 bc 11 00 
5e 00 00 00 00 00 00 cb 02 00 00 00 00 01 00 00 00 00 04 80 b3 11 00 16 80 bc 45 03 11 00 00 02 
00 00 00 11 00 11 00 00 00 01 00 00 00 00 04 80 b3 35 04 16 80 bc 45 03 35 04 00 62 00 00 00 35 
04 00 00 00 00 01 00 00 00 00 04 80 b3 3a 04 16 80 bc 45 03 3a 04 00 53 00 00 00 3a 04 00 00 00 
00 01 00 00 00 00 02 81 07 
.........V.K....................U.L....................U.M......7.3...........U.N..-...#........
.....U.O..-... .............U.P..-.................U.Q..-...B.............U.R..4.....D..........
.U.S..L.................U.T..L.................U.U..L.................U.V..S.................U.W
..S.................U.X..S.................U.Y.._...|.............U.Z.._.................U.[..b.
................U.\..b.................U.]..6...7...............^.........................E.....
.................5....E.5..b...5.............:....E.:..S...:.............

Client->GAME [08:44:06 07/23/09] packet size: 13 CRYPTED, Flags: 7f ServerSeq: 13 ClientSeq: 13
02 04 01 00 04 01 06 81 08 00 00 00 00 
.............

GAME->Client [08:44:07 07/23/09] packet size: 1 CRYPTED, Flags: 7f ServerSeq: 14 ClientSeq: 13
02 
.

GAME->Client [08:44:08 07/23/09] packet size: 1 CRYPTED, Flags: 7f ServerSeq: 15 ClientSeq: 13
42 
B

Client->GAME [08:44:08 07/23/09] packet size: 1 CRYPTED, Flags: 7f ServerSeq: 15 ClientSeq: 14
42 
B

GAME->Client [08:44:08 07/23/09] packet size: 5 CRYPTED, Flags: 7f ServerSeq: 16 ClientSeq: 13
c2 21 7e 0e 49 
.!~.I

GAME->Client [08:44:08 07/23/09] packet size: 102 CRYPTED, Flags: 0 ServerSeq: 2 ClientSeq: 0
02 04 01 00 03 02 2f 2e 07 00 00 00 00 00 00 00 00 00 00 00 64 00 00 2e 00 24 00 00 00 00 00 00 
00 00 00 00 00 00 00 00 00 00 00 09 00 54 72 69 6e 69 74 79 73 00 2f 2e 07 00 00 00 00 00 00 00 
00 00 00 00 64 00 00 2e 00 24 00 00 00 00 00 00 00 00 00 00 00 00 00 00 00 00 00 09 00 54 72 69 
6e 69 74 79 73 00 
....../.............d....$...................Trinitys./.............d....$...................Tri
nitys.

Client->GAME [08:44:08 07/23/09] packet size: 1 CRYPTED, Flags: 2 ServerSeq: 2 ClientSeq: 1
02 
.

GAME->Client [08:44:09 07/23/09] packet size: 139 CRYPTED, Flags: 1 ServerSeq: 3 ClientSeq: 1
02 04 01 00 00 03 6e 06 0e 00 01 00 00 00 ac 7e 0e 49 01 44 00 34 00 72 65 73 6f 75 72 63 65 2f 
77 6f 72 6c 64 73 2f 66 69 6e 61 6c 5f 77 6f 72 6c 64 2f 73 6c 75 6d 73 5f 62 61 72 72 65 6e 73 
5f 66 75 6c 6c 2e 6d 65 74 72 00 28 00 48 61 6c 6c 6f 77 65 65 6e 5f 45 76 65 6e 74 2c 57 69 6e 
74 65 72 33 48 61 6c 6c 6f 77 65 65 6e 46 6c 79 54 53 45 43 00 0a 80 e5 43 2d 9c 00 00 00 00 00 
0a 80 e4 f3 ab 09 00 00 00 00 00 
......n........~.I.D.4.resource/worlds/final_world/slums_barrens_full.metr.(.Halloween_Event,Win
ter3HalloweenFlyTSEC....C-.................

Client->GAME [08:44:09 07/23/09] packet size: 6 CRYPTED, Flags: 5 ServerSeq: 3 ClientSeq: 2
02 05 02 0c 00 00 
......

GAME->Client [08:44:10 07/23/09] packet size: 1 CRYPTED, Flags: 3 ServerSeq: 4 ClientSeq: 2
02 
.

Client->GAME [08:44:10 07/23/09] packet size: 12
00 00 00 00 00 01 04 08 a7 dd 85 00 
............

Client->GAME [08:44:10 07/23/09] packet size: 8 CRYPTED, Flags: 5 ServerSeq: 3 ClientSeq: 3
02 04 01 00 00 01 01 05 
........

GAME->Client [08:44:10 07/23/09] packet size: 12
00 00 00 00 00 01 04 08 a7 dd 85 00 
............

GAME->Client [08:44:10 07/23/09] packet size: 213 CRYPTED, Flags: 7 ServerSeq: 5 ClientSeq: 3
82 cf 7e 0e 49 03 01 00 0c 0c 00 f9 cd ab 1a 8b ec ff 05 00 00 00 48 69 6c 6c 00 00 00 00 00 00 
00 00 00 00 00 00 00 00 00 00 00 00 00 00 00 00 00 00 00 00 00 00 90 4c 61 75 72 69 6e 00 00 00 
00 00 00 00 00 00 00 00 00 00 00 00 00 00 00 00 00 00 00 00 00 00 00 80 d8 b6 03 04 00 00 00 01 
86 8c ff 94 00 c6 c5 ff 54 72 69 6e 69 74 79 73 00 00 00 00 00 00 00 00 00 00 00 00 00 00 00 00 
00 00 00 00 00 00 00 00 b6 03 ed 53 00 00 00 c5 ff ac 53 02 00 a3 b1 24 89 21 1c 24 0d c9 8a 00 
08 00 00 00 94 00 9d 00 00 00 c0 15 91 f0 c0 00 00 00 00 00 c0 57 40 00 00 00 20 15 b8 cf 40 8c 
ff 11 22 90 01 00 88 21 1c 03 00 10 00 00 c5 ff 02 00 00 00 00 
..~.I.................Hill.............................Laurin...................................
........Trinitys...........................S......S....$.!.$.........................W@... ...@.
.."....!.............

GAME->Client [08:44:12 07/23/09] packet size: 209 CRYPTED, Flags: 7 ServerSeq: 6 ClientSeq: 3
02 03 01 00 0c 0c 00 f9 cd ab 1a 8b ec ff 05 00 00 00 48 69 6c 6c 00 00 00 00 00 00 00 00 00 00 
00 00 00 00 00 00 00 00 00 00 00 00 00 00 00 00 00 00 90 4c 61 75 72 69 6e 00 00 00 00 00 00 00 
00 00 00 00 00 00 00 00 00 00 00 00 00 00 00 00 00 00 00 80 d8 b6 03 04 00 00 00 01 86 8c ff 94 
00 c6 c5 ff 54 72 69 6e 69 74 79 73 00 00 00 00 00 00 00 00 00 00 00 00 00 00 00 00 00 00 00 00 
00 00 00 00 b6 03 ed 53 00 00 00 c5 ff ac 53 02 00 a3 b1 24 89 21 1c 24 0d c9 8a 00 08 00 00 00 
94 00 9d 00 00 00 c0 15 91 f0 c0 00 00 00 00 00 c0 57 40 00 00 00 20 15 b8 cf 40 8c ff 11 22 90 
01 00 88 21 1c 03 00 10 00 00 c5 ff 02 00 00 00 00 
..................Hill.............................Laurin.......................................
....Trinitys...........................S......S....$.!.$.........................W@... ...@...".
...!.............

Client->GAME [08:44:13 07/23/09] packet size: 51 CRYPTED, Flags: 17 ServerSeq: 5 ClientSeq: 4
02 03 02 00 02 60 04 48 69 6c 6c 06 4c 61 75 72 69 6e 00 00 04 01 00 01 05 02 80 be 07 3f 6b 00 
00 00 00 00 08 3e 6b 00 10 00 00 00 00 02 81 48 02 0c 01 
.....`.Hill.Laurin...........?k......>k........H...

Client->GAME [08:44:13 07/23/09] packet size: 1 CRYPTED, Flags: 2f ServerSeq: 6 ClientSeq: 5
02 
.

GAME->Client [08:44:13 07/23/09] packet size: 700 CRYPTED, Flags: f ServerSeq: 7 ClientSeq: 4
82 ff 7e 0e 49 04 01 00 05 1e 16 80 bc 15 00 5f 00 00 f7 03 00 00 08 02 00 00 00 00 00 00 00 00 
00 16 80 bc 15 00 60 00 00 f7 03 00 00 07 02 ec ff ff ff 00 00 00 00 00 16 80 bc 15 00 61 00 00 
f7 03 00 00 50 04 00 00 00 00 00 00 00 00 00 16 80 bc 15 00 62 00 00 f7 03 00 00 f4 03 00 00 00 
00 00 00 00 00 00 16 80 bc 15 00 63 00 00 f7 03 00 00 51 04 f6 ff ff ff 00 00 00 00 00 16 80 bc 
15 00 64 00 00 f7 03 00 00 52 04 0f 00 00 00 00 00 00 00 00 16 80 bc 56 00 65 00 00 53 1d 00 00 
b4 00 05 00 00 00 00 00 00 00 00 16 80 bc 56 00 66 00 00 53 1d 00 00 74 04 01 00 00 00 00 00 00 
00 00 16 80 bc 56 00 67 00 00 53 1d 00 00 09 04 05 00 00 00 00 00 00 00 00 16 80 bc 56 00 68 00 
00 53 1d 00 00 78 04 01 00 00 00 00 00 00 00 00 16 80 bc 56 00 69 00 00 53 1d 00 00 b5 00 05 00 
00 00 00 00 00 00 00 16 80 bc 56 00 6a 00 00 68 9a 00 00 b4 00 0a 00 00 00 00 00 00 00 00 16 80 
bc 56 00 6b 00 00 68 9a 00 00 9d 00 0a 00 00 00 00 00 00 00 00 16 80 bc 56 00 6c 00 00 68 9a 00 
00 7b 04 01 00 00 00 00 00 00 00 00 16 80 bc 56 00 6d 00 00 68 9a 00 00 b5 00 0a 00 00 00 00 00 
00 00 00 16 80 bc 56 00 6e 00 00 2e a1 00 00 21 04 01 00 00 00 00 00 00 00 00 16 80 bc 56 00 6f 
00 00 2e a1 00 00 09 04 0a 00 00 00 00 00 00 00 00 16 80 bc 56 00 70 00 00 2e a1 00 00 22 04 01 
00 00 00 00 00 00 00 00 16 80 bc 56 00 71 00 00 2e a1 00 00 9d 00 0a 00 00 00 00 00 00 00 00 16 
80 bc 56 00 72 00 00 2e a1 00 00 b5 00 0a 00 00 00 00 00 00 00 00 16 80 bc 56 00 73 00 00 d3 26 
00 00 b4 00 0a 00 00 00 00 00 00 00 00 16 80 bc 56 00 74 00 00 d3 26 00 00 09 04 0a 00 00 00 00 
00 00 00 00 16 80 bc 56 00 75 00 00 d3 26 00 00 22 04 01 00 00 00 00 00 00 00 00 16 80 bc 56 00 
76 00 00 d3 26 00 00 c3 02 01 00 00 00 00 00 00 00 00 16 80 bc 56 00 77 00 00 d3 26 00 00 76 04 
01 00 00 00 00 00 00 00 00 16 80 bc 56 00 78 00 00 d3 26 00 00 b5 00 0a 00 00 00 00 00 00 00 00 
16 80 bc 56 00 79 00 00 b3 a9 00 00 b4 00 09 00 00 00 00 00 00 00 00 16 80 bc 56 00 7a 00 00 b3 
a9 00 00 11 04 01 00 00 00 00 00 00 00 00 16 80 bc 56 00 7b 00 00 b3 a9 00 00 09 04 09 00 00 00 
00 00 00 00 00 16 80 bc 56 00 7c 00 00 b3 a9 00 00 06 04 01 00 00 00 00 00 00 00 00 
..~.I.........._......................`......................a......P...............b...........
...........c......Q...............d......R.............V.e..S.................V.f..S...t........
.....V.g..S.................V.h..S...x.............V.i..S.................V.j..h................
.V.k..h.................V.l..h...{.............V.m..h.................V.n......!.............V.o
....................V.p......".............V.q....................V.r....................V.s...&
................V.t...&................V.u...&..".............V.v...&................V.w...&..v.
............V.x...&................V.y....................V.z....................V.{............
........V.|.................

GAME->Client [08:44:13 07/23/09] packet size: 535 CRYPTED, Flags: f ServerSeq: 8 ClientSeq: 4
02 04 01 00 23 17 16 80 bc 56 00 7d 00 00 b3 a9 00 00 b5 00 09 00 00 00 00 00 00 00 00 16 80 bc 
55 00 7e 00 00 02 00 00 00 cc 00 04 00 00 00 00 00 00 00 00 16 80 bc 55 00 7f 00 00 0b 00 00 00 
37 02 33 00 00 00 00 00 00 00 00 16 80 bc 55 00 80 00 00 2d 00 00 00 23 04 03 00 00 00 00 00 00 
00 00 16 80 bc 55 00 81 00 00 2d 00 00 00 20 04 03 00 00 00 00 00 00 00 00 16 80 bc 55 00 82 00 
00 2d 00 00 00 19 04 01 00 00 00 00 00 00 00 00 16 80 bc 55 00 83 00 00 2d 00 00 00 42 04 01 00 
00 00 00 00 00 00 00 16 80 bc 55 00 84 00 00 34 00 00 00 83 02 44 00 00 00 00 00 00 00 00 16 80 
bc 55 00 85 00 00 4c 00 00 00 15 04 04 00 00 00 00 00 00 00 00 16 80 bc 55 00 86 00 00 4c 00 00 
00 06 04 04 00 00 00 00 00 00 00 00 16 80 bc 55 00 87 00 00 4c 00 00 00 19 04 02 00 00 00 00 00 
00 00 00 16 80 bc 55 00 88 00 00 53 00 00 00 15 04 01 00 00 00 00 00 00 00 00 16 80 bc 55 00 89 
00 00 53 00 00 00 19 04 01 00 00 00 00 00 00 00 00 16 80 bc 55 00 8a 00 00 53 00 00 00 06 04 01 
00 00 00 00 00 00 00 00 16 80 bc 55 00 8b 00 00 5f 00 00 00 7c 04 05 00 00 00 00 00 00 00 00 16 
80 bc 55 00 8c 00 00 5f 00 00 00 07 04 05 00 00 00 00 00 00 00 00 16 80 bc 55 00 8d 00 00 62 00 
00 00 06 04 01 00 00 00 00 00 00 00 00 16 80 bc 55 00 8e 00 00 62 00 00 00 15 04 01 00 00 00 00 
00 00 00 00 16 80 bc 55 00 8f 00 00 36 02 00 00 37 02 0a 00 00 00 00 00 00 00 00 16 80 bc 11 00 
90 00 00 00 00 00 00 cb 02 00 00 00 00 00 00 00 00 00 16 80 bc 45 03 11 00 00 02 00 00 00 11 00 
11 00 00 00 00 00 00 00 00 16 80 bc 45 03 35 04 00 62 00 00 00 35 04 00 00 00 00 00 00 00 00 00 
16 80 bc 45 03 3a 04 00 53 00 00 00 3a 04 00 00 00 00 00 00 00 00 00 
....#....V.}....................U.~....................U........7.3...........U....-...#........
.....U....-... .............U....-.................U....-...B.............U....4.....D..........
.U....L.................U....L.................U....L.................U....S.................U..
..S.................U....S.................U...._...|.............U...._.................U....b.
................U....b.................U....6...7....................................E..........
............E.5..b...5.............E.:..S...:..........

Client->GAME [08:44:13 07/23/09] packet size: 1 CRYPTED, Flags: 3f ServerSeq: 8 ClientSeq: 6
02 
.

GAME->Client [08:44:13 07/23/09] packet size: 712 CRYPTED, Flags: 1f ServerSeq: 9 ClientSeq: 5
02 03 02 00 02 80 80 80 80 80 10 11 00 00 00 00 00 04 01 00 3a 1e 16 80 bc 56 00 65 00 00 53 1d 
00 00 b4 00 05 00 00 00 01 00 00 00 00 16 80 bc 56 00 66 00 00 53 1d 00 00 74 04 01 00 00 00 01 
00 00 00 00 16 80 bc 56 00 67 00 00 53 1d 00 00 09 04 05 00 00 00 01 00 00 00 00 16 80 bc 56 00 
68 00 00 53 1d 00 00 78 04 01 00 00 00 01 00 00 00 00 16 80 bc 56 00 69 00 00 53 1d 00 00 b5 00 
05 00 00 00 01 00 00 00 00 16 80 bc 56 00 91 00 00 53 1d 00 00 b4 00 05 00 00 00 00 00 00 00 00 
16 80 bc 56 00 92 00 00 53 1d 00 00 74 04 01 00 00 00 00 00 00 00 00 16 80 bc 56 00 93 00 00 53 
1d 00 00 09 04 05 00 00 00 00 00 00 00 00 16 80 bc 56 00 94 00 00 53 1d 00 00 78 04 01 00 00 00 
00 00 00 00 00 16 80 bc 56 00 95 00 00 53 1d 00 00 b5 00 05 00 00 00 00 00 00 00 00 16 80 bc 56 
00 6a 00 00 68 9a 00 00 b4 00 0a 00 00 00 01 00 00 00 00 16 80 bc 56 00 6b 00 00 68 9a 00 00 9d 
00 0a 00 00 00 01 00 00 00 00 16 80 bc 56 00 6c 00 00 68 9a 00 00 7b 04 01 00 00 00 01 00 00 00 
00 16 80 bc 56 00 6d 00 00 68 9a 00 00 b5 00 0a 00 00 00 01 00 00 00 00 16 80 bc 56 00 96 00 00 
68 9a 00 00 b4 00 0a 00 00 00 00 00 00 00 00 16 80 bc 56 00 97 00 00 68 9a 00 00 9d 00 0a 00 00 
00 00 00 00 00 00 16 80 bc 56 00 98 00 00 68 9a 00 00 7b 04 01 00 00 00 00 00 00 00 00 16 80 bc 
56 00 99 00 00 68 9a 00 00 b5 00 0a 00 00 00 00 00 00 00 00 16 80 bc 56 00 6e 00 00 2e a1 00 00 
21 04 01 00 00 00 01 00 00 00 00 16 80 bc 56 00 6f 00 00 2e a1 00 00 09 04 0a 00 00 00 01 00 00 
00 00 16 80 bc 56 00 70 00 00 2e a1 00 00 22 04 01 00 00 00 01 00 00 00 00 16 80 bc 56 00 71 00 
00 2e a1 00 00 9d 00 0a 00 00 00 01 00 00 00 00 16 80 bc 56 00 72 00 00 2e a1 00 00 b5 00 0a 00 
00 00 01 00 00 00 00 16 80 bc 56 00 9a 00 00 2e a1 00 00 21 04 01 00 00 00 00 00 00 00 00 16 80 
bc 56 00 9b 00 00 2e a1 00 00 09 04 0a 00 00 00 00 00 00 00 00 16 80 bc 56 00 9c 00 00 2e a1 00 
00 22 04 01 00 00 00 00 00 00 00 00 16 80 bc 56 00 9d 00 00 2e a1 00 00 9d 00 0a 00 00 00 00 00 
00 00 00 16 80 bc 56 00 9e 00 00 2e a1 00 00 b5 00 0a 00 00 00 00 00 00 00 00 16 80 bc 56 00 73 
00 00 d3 26 00 00 b4 00 0a 00 00 00 01 00 00 00 00 16 80 bc 56 00 74 00 00 d3 26 00 00 09 04 0a 
00 00 00 01 00 00 00 00 
....................:....V.e..S.................V.f..S...t.............V.g..S.................V.
h..S...x.............V.i..S.................V....S.................V....S...t.............V....S
.................V....S...x.............V....S.................V.j..h.................V.k..h....
.............V.l..h...{.............V.m..h.................V....h.................V....h........
.........V....h...{.............V....h.................V.n......!.............V.o...............
.....V.p......".............V.q....................V.r....................V........!............
.V......................V........".............V......................V......................V.s
...&................V.t...&.............

Client->GAME [08:44:13 07/23/09] packet size: 1 CRYPTED, Flags: 7f ServerSeq: 9 ClientSeq: 7
02 
.

GAME->Client [08:44:13 07/23/09] packet size: 710 CRYPTED, Flags: 1f ServerSeq: 10 ClientSeq: 5
02 04 01 00 58 20 16 80 bc 56 00 75 00 00 d3 26 00 00 22 04 01 00 00 00 01 00 00 00 00 16 80 bc 
56 00 76 00 00 d3 26 00 00 c3 02 01 00 00 00 01 00 00 00 00 16 80 bc 56 00 77 00 00 d3 26 00 00 
76 04 01 00 00 00 01 00 00 00 00 16 80 bc 56 00 78 00 00 d3 26 00 00 b5 00 0a 00 00 00 01 00 00 
00 00 16 80 bc 56 00 9f 00 00 d3 26 00 00 b4 00 0a 00 00 00 00 00 00 00 00 16 80 bc 56 00 a0 00 
00 d3 26 00 00 09 04 0a 00 00 00 00 00 00 00 00 16 80 bc 56 00 a1 00 00 d3 26 00 00 22 04 01 00 
00 00 00 00 00 00 00 16 80 bc 56 00 a2 00 00 d3 26 00 00 c3 02 01 00 00 00 00 00 00 00 00 16 80 
bc 56 00 a3 00 00 d3 26 00 00 76 04 01 00 00 00 00 00 00 00 00 16 80 bc 56 00 a4 00 00 d3 26 00 
00 b5 00 0a 00 00 00 00 00 00 00 00 16 80 bc 56 00 79 00 00 b3 a9 00 00 b4 00 09 00 00 00 01 00 
00 00 00 16 80 bc 56 00 7a 00 00 b3 a9 00 00 11 04 01 00 00 00 01 00 00 00 00 16 80 bc 56 00 7b 
00 00 b3 a9 00 00 09 04 09 00 00 00 01 00 00 00 00 16 80 bc 56 00 7c 00 00 b3 a9 00 00 06 04 01 
00 00 00 01 00 00 00 00 16 80 bc 56 00 7d 00 00 b3 a9 00 00 b5 00 09 00 00 00 01 00 00 00 00 16 
80 bc 56 00 a5 00 00 b3 a9 00 00 b4 00 09 00 00 00 00 00 00 00 00 16 80 bc 56 00 a6 00 00 b3 a9 
00 00 11 04 01 00 00 00 00 00 00 00 00 16 80 bc 56 00 a7 00 00 b3 a9 00 00 09 04 09 00 00 00 00 
00 00 00 00 16 80 bc 56 00 a8 00 00 b3 a9 00 00 06 04 01 00 00 00 00 00 00 00 00 16 80 bc 56 00 
a9 00 00 b3 a9 00 00 b5 00 09 00 00 00 00 00 00 00 00 04 80 b3 11 00 16 80 bc 45 03 11 00 00 02 
00 00 00 11 00 11 00 00 00 01 00 00 00 00 16 80 bc 55 00 7e 00 00 02 00 00 00 cc 00 04 00 00 00 
01 00 00 00 00 08 80 b2 11 00 11 00 08 02 16 80 bc 45 03 11 00 00 02 00 00 00 11 00 11 00 00 00 
00 00 00 00 00 16 80 bc 55 00 aa 00 00 02 00 00 00 cc 00 04 00 00 00 00 00 00 00 00 16 80 bc 55 
00 7f 00 00 0b 00 00 00 37 02 33 00 00 00 01 00 00 00 00 16 80 bc 55 00 ab 00 00 0b 00 00 00 37 
02 33 00 00 00 00 00 00 00 00 16 80 bc 55 00 80 00 00 2d 00 00 00 23 04 03 00 00 00 01 00 00 00 
00 16 80 bc 55 00 81 00 00 2d 00 00 00 20 04 03 00 00 00 01 00 00 00 00 16 80 bc 55 00 82 00 00 
2d 00 00 00 19 04 01 00 00 00 01 00 00 00 00 16 80 bc 55 00 83 00 00 2d 00 00 00 42 04 01 00 00 
00 01 00 00 00 00 
....X ...V.u...&..".............V.v...&................V.w...&..v.............V.x...&...........
.....V.....&................V.....&................V.....&..".............V.....&...............
.V.....&..v.............V.....&................V.y....................V.z....................V.{
....................V.|....................V.}....................V......................V......
................V......................V......................V...........................E.....
.................U.~.............................E......................U......................U
........7.3...........U........7.3...........U....-...#.............U....-... .............U....
-.................U....-...B..........

Client->GAME [08:44:13 07/23/09] packet size: 1 CRYPTED, Flags: 7f ServerSeq: 10 ClientSeq: 8
02 
.

GAME->Client [08:44:13 07/23/09] packet size: 704 CRYPTED, Flags: 7f ServerSeq: 11 ClientSeq: 7
02 04 02 00 78 03 16 80 bc 55 00 ac 00 00 2d 00 00 00 23 04 03 00 00 00 00 00 00 00 00 16 80 bc 
55 00 ad 00 00 2d 00 00 00 20 04 03 00 00 00 00 00 00 00 00 16 80 bc 55 00 ae 00 00 2d 00 00 00 
19 04 01 00 00 00 00 00 00 00 00 00 7b 1e 16 80 bc 55 00 af 00 00 2d 00 00 00 42 04 01 00 00 00 
00 00 00 00 00 16 80 bc 55 00 84 00 00 34 00 00 00 83 02 44 00 00 00 01 00 00 00 00 16 80 bc 55 
00 b0 00 00 34 00 00 00 83 02 44 00 00 00 00 00 00 00 00 16 80 bc 55 00 85 00 00 4c 00 00 00 15 
04 04 00 00 00 01 00 00 00 00 16 80 bc 55 00 86 00 00 4c 00 00 00 06 04 04 00 00 00 01 00 00 00 
00 16 80 bc 55 00 87 00 00 4c 00 00 00 19 04 02 00 00 00 01 00 00 00 00 16 80 bc 55 00 b1 00 00 
4c 00 00 00 15 04 04 00 00 00 00 00 00 00 00 16 80 bc 55 00 b2 00 00 4c 00 00 00 06 04 04 00 00 
00 00 00 00 00 00 16 80 bc 55 00 b3 00 00 4c 00 00 00 19 04 02 00 00 00 00 00 00 00 00 16 80 bc 
55 00 88 00 00 53 00 00 00 15 04 01 00 00 00 01 00 00 00 00 16 80 bc 55 00 89 00 00 53 00 00 00 
19 04 01 00 00 00 01 00 00 00 00 04 80 b3 3a 04 16 80 bc 45 03 3a 04 00 53 00 00 00 3a 04 00 00 
00 00 01 00 00 00 00 16 80 bc 55 00 8a 00 00 53 00 00 00 06 04 01 00 00 00 01 00 00 00 00 16 80 
bc 55 00 b4 00 00 53 00 00 00 15 04 01 00 00 00 00 00 00 00 00 16 80 bc 55 00 b5 00 00 53 00 00 
00 19 04 01 00 00 00 00 00 00 00 00 08 80 b2 3a 04 00 00 08 02 16 80 bc 45 03 3a 04 00 53 00 00 
00 3a 04 00 00 00 00 00 00 00 00 00 16 80 bc 55 00 b6 00 00 53 00 00 00 06 04 01 00 00 00 00 00 
00 00 00 16 80 bc 55 00 8b 00 00 5f 00 00 00 7c 04 05 00 00 00 01 00 00 00 00 16 80 bc 55 00 8c 
00 00 5f 00 00 00 07 04 05 00 00 00 01 00 00 00 00 16 80 bc 55 00 b7 00 00 5f 00 00 00 7c 04 05 
00 00 00 00 00 00 00 00 16 80 bc 55 00 b8 00 00 5f 00 00 00 07 04 05 00 00 00 00 00 00 00 00 16 
80 bc 55 00 8d 00 00 62 00 00 00 06 04 01 00 00 00 01 00 00 00 00 04 80 b3 35 04 16 80 bc 45 03 
35 04 00 62 00 00 00 35 04 00 00 00 00 01 00 00 00 00 16 80 bc 55 00 8e 00 00 62 00 00 00 15 04 
01 00 00 00 01 00 00 00 00 16 80 bc 55 00 b9 00 00 62 00 00 00 06 04 01 00 00 00 00 00 00 00 00 
08 80 b2 35 04 00 00 08 02 16 80 bc 45 03 35 04 00 62 00 00 00 35 04 00 00 00 00 00 00 00 00 00 
....x....U....-...#.............U....-... .............U....-...............{....U....-...B.....
........U....4.....D...........U....4.....D...........U....L.................U....L.............
....U....L.................U....L.................U....L.................U....L.................
U....S.................U....S.................:....E.:..S...:.............U....S................
.U....S.................U....S.................:........E.:..S...:.............U....S...........
......U...._...|.............U...._.................U...._...|.............U...._...............
..U....b.................5....E.5..b...5.............U....b.................U....b..............
...5........E.5..b...5..........

Client->GAME [08:44:14 07/23/09] packet size: 1 CRYPTED, Flags: 7f ServerSeq: 11 ClientSeq: 9
02 
.

GAME->Client [08:44:14 07/23/09] packet size: 606 CRYPTED, Flags: 7f ServerSeq: 12 ClientSeq: 8
02 04 01 00 99 15 16 80 bc 55 00 ba 00 00 62 00 00 00 15 04 01 00 00 00 00 00 00 00 00 16 80 bc 
55 00 8f 00 00 36 02 00 00 37 02 0a 00 00 00 01 00 00 00 00 16 80 bc 55 00 bb 00 00 36 02 00 00 
37 02 0a 00 00 00 00 00 00 00 00 16 80 bc 15 00 bc 00 00 11 00 00 00 ab 00 05 00 00 00 00 00 00 
00 00 16 80 bc 15 00 bd 00 00 11 00 00 00 0a 02 14 00 00 00 00 00 00 00 00 16 80 bc 15 00 be 00 
00 11 00 00 00 f2 03 11 00 00 00 00 00 00 00 00 16 80 bc 15 00 bf 00 00 11 00 00 00 ed 03 1a 00 
00 00 00 00 00 00 00 16 80 bc 15 00 c0 00 00 11 00 00 00 9f 00 0b 00 00 00 00 00 00 00 00 16 80 
bc 15 00 c1 00 00 11 00 00 00 f1 03 10 00 00 00 00 00 00 00 00 16 80 bc 15 00 c2 00 00 11 00 00 
00 0c 02 12 00 00 00 00 00 00 00 00 16 80 bc 15 00 c3 00 00 11 00 00 00 b7 00 14 00 00 00 00 00 
00 00 00 16 80 bc 15 00 c4 00 00 11 00 00 00 f3 03 12 00 00 00 00 00 00 00 00 0b 80 bd 05 11 00 
00 00 00 00 00 01 17 3a 05 00 11 00 0a 00 50 76 50 53 65 72 76 65 72 00 04 00 06 00 00 00 1d 3a 
05 00 17 00 10 00 50 76 50 4d 61 78 53 61 66 65 4c 65 76 65 6c 00 04 00 0f 00 00 00 3e 3a 05 00 
14 00 0d 00 57 52 5f 52 65 7a 45 76 65 6e 74 73 00 28 00 48 61 6c 6c 6f 77 65 65 6e 5f 45 76 65 
6e 74 2c 57 69 6e 74 65 72 33 48 61 6c 6c 6f 77 65 65 6e 46 6c 79 54 53 45 43 00 1b 3a 05 00 19 
00 12 00 45 76 65 6e 74 53 6c 6f 74 31 5f 45 66 66 65 63 74 00 00 00 28 3a 05 00 19 00 12 00 45 
76 65 6e 74 53 6c 6f 74 32 5f 45 66 66 65 63 74 00 0d 00 66 6c 79 6d 61 6e 5f 69 64 6c 65 33 00 
25 3a 05 00 19 00 12 00 45 76 65 6e 74 53 6c 6f 74 33 5f 45 66 66 65 63 74 00 0a 00 66 6c 79 5f 
76 69 72 75 73 00 1f 3a 05 00 1b 00 14 00 46 69 78 65 64 42 69 6e 6b 49 44 4f 76 65 72 72 69 64 
65 00 02 00 20 00 37 81 67 17 00 22 00 1c 22 00 c6 01 11 00 00 00 00 00 00 00 2d 00 00 08 09 00 
54 72 69 6e 69 74 79 73 00 09 00 54 72 69 6e 69 74 79 73 00 02 00 14 00 00 00 00 00 00 00 
.........U....b.................U....6...7.............U....6...7...............................
................................................................................................
................................................................................................
.......:......PvPServer........:......PvPMaxSafeLevel.......>:......WR_RezEvents.(.Halloween_Eve
nt,Winter3HalloweenFlyTSEC..:......EventSlot1_Effect...(:......EventSlot2_Effect...flyman_idle3.
%:......EventSlot3_Effect...fly_virus..:......FixedBinkIDOverride... .7.g..".."...........-.....
Trinitys...Trinitys...........

Client->GAME [08:44:14 07/23/09] packet size: 1 CRYPTED, Flags: 7f ServerSeq: 12 ClientSeq: 10
02 
.

GAME->Client [08:44:14 07/23/09] packet size: 421 CRYPTED, Flags: 7f ServerSeq: 13 ClientSeq: 8
02 03 01 00 08 50 02 81 08 f0 34 44 cd ab 02 09 00 00 00 c0 94 95 f0 c0 00 00 00 00 00 40 60 40 
00 00 00 80 59 95 cf 40 00 00 00 00 e8 0d c8 3e 00 00 00 00 35 a6 6b 3f 11 00 00 01 00 0c 14 a8 
82 cd ab 02 05 00 00 00 00 9a 99 59 bf 00 00 00 00 b8 1e 05 bf 00 00 00 00 40 6e f0 c0 00 00 00 
00 00 c0 57 40 00 00 00 00 00 fa c9 40 0f 00 00 01 00 0c f7 bb 83 cd ab 02 05 00 00 00 00 8f c2 
f5 be 00 00 00 00 52 b8 5e bf 00 00 00 00 40 6e f0 c0 00 00 00 00 00 c0 57 40 00 00 00 00 00 32 
c9 40 0d 00 00 01 00 08 9c 1b 9b 08 f0 34 af cd ab 02 09 00 00 00 00 dd c8 ef c0 00 00 00 00 00 
c0 57 40 00 00 00 e0 45 a8 d2 40 00 00 00 00 7f 0d 72 3f 00 00 00 00 df b0 a6 3e 0b 00 00 01 00 
08 9f 01 10 00 f0 34 81 cd ab 03 84 00 00 00 00 f3 04 35 3f 00 00 00 00 f3 04 35 3f 11 00 00 00 
00 00 68 f0 c0 00 00 00 00 00 20 62 40 00 00 00 00 00 7e cd 40 ff ff ff ff 09 00 00 01 00 08 db 
b5 9a 08 f0 34 f5 cd ab 01 01 00 00 00 00 80 7e ef c0 00 00 00 80 0a bc 57 40 00 00 00 00 00 ad 
d1 40 07 00 00 01 00 08 9f 1b af 03 20 30 31 cd ab 02 09 00 00 00 60 08 92 f0 c0 00 00 00 00 00 
c0 57 40 00 00 00 00 bd 21 c4 40 00 00 00 00 3a 5e 56 3d 00 00 00 00 2f a6 7f 3f 05 00 00 01 00 
0c 68 a7 80 cd ab 01 01 00 00 00 c0 1c 0d ef c0 00 00 00 80 14 6e 4a 40 00 00 00 20 f5 82 d0 40 
03 00 00 00 00 
.....P....4D.................@`@....Y..@.......>....5.k?...................Y.............@n.....
...W@.......@.........................R.^.....@n........W@.....2.@...........4..................
.W@....E..@......r?.......>...........4...........5?......5?......h....... b@.....~.@...........
....4..........~........W@.......@.......... 01.......`..........W@.....!.@....:^V=..../..?.....
.h...................nJ@... ...@.....

Client->GAME [08:44:14 07/23/09] packet size: 1 CRYPTED, Flags: 7f ServerSeq: 13 ClientSeq: 11
02 
.

Client->GAME [08:44:15 07/23/09] packet size: 25 CRYPTED, Flags: 7f ServerSeq: 13 ClientSeq: 12
02 04 01 00 06 01 12 80 c9 01 00 c0 47 00 88 90 c7 00 00 20 41 00 88 10 47 
............G...... A...G

Client->GAME [08:44:15 07/23/09] packet size: 44 CRYPTED, Flags: 7f ServerSeq: 13 ClientSeq: 13
02 04 01 00 07 02 12 80 c9 06 00 30 0e 00 88 90 c7 00 00 b4 c2 00 40 9c 45 12 80 c9 06 00 b0 10 
00 60 6a c7 00 00 b4 c2 00 40 9c 45 
...........0..........@.E........`j......@.E

GAME->Client [08:44:15 07/23/09] packet size: 1 CRYPTED, Flags: 7f ServerSeq: 14 ClientSeq: 12
02 
.

GAME->Client [08:44:15 07/23/09] packet size: 5 CRYPTED, Flags: 7f ServerSeq: 15 ClientSeq: 13
82 21 7f 0e 49 
.!..I

Client->GAME [08:44:15 07/23/09] packet size: 1 CRYPTED, Flags: 7f ServerSeq: 15 ClientSeq: 14
02 
.

Client->GAME [08:44:15 07/23/09] packet size: 44 CRYPTED, Flags: 7f ServerSeq: 15 ClientSeq: 15
02 04 01 00 09 02 12 80 c9 07 00 e0 0a 00 1c a2 c7 00 00 20 41 00 50 c3 46 12 80 c9 0a 00 e0 0a 
00 d4 ad c7 00 00 48 44 00 c8 c3 46 
................... A.P.F.............HD...F

GAME->Client [08:44:15 07/23/09] packet size: 1 CRYPTED, Flags: 7f ServerSeq: 16 ClientSeq: 15
02 
.

Client->GAME [08:44:16 07/23/09] packet size: 63 CRYPTED, Flags: 7f ServerSeq: 0 ClientSeq: 16
02 04 01 00 0b 03 12 80 c9 07 00 c0 37 00 f8 27 c7 00 00 20 41 00 e0 2b 46 12 80 c9 07 00 70 4b 
00 68 3f c7 00 00 cd 43 00 70 94 46 12 80 c9 0e 00 70 4b 00 08 4f c7 00 00 20 41 00 50 c3 46 
............7..'... A..+F.....pK.h?....C.p.F.....pK..O... A.P.F

GAME->Client [08:44:16 07/23/09] packet size: 1 CRYPTED, Flags: 7f ServerSeq: 17 ClientSeq: 0
02 
.

Client->GAME [08:44:17 07/23/09] packet size: 25 CRYPTED, Flags: 7f ServerSeq: 1 ClientSeq: 17
02 04 01 00 0e 01 12 80 c9 07 00 90 27 00 1c a2 c7 00 00 20 41 00 40 9c c5 
............'...... A.@..

GAME->Client [08:44:17 07/23/09] packet size: 1 CRYPTED, Flags: 7f ServerSeq: 18 ClientSeq: 1
02 
.

Client->GAME [08:44:18 07/23/09] packet size: 44 CRYPTED, Flags: 7f ServerSeq: 2 ClientSeq: 18
02 04 01 00 0f 02 12 80 c9 03 00 a0 1c 00 b8 f1 c6 00 00 48 44 00 40 9c 45 12 80 c9 0b 00 a0 1c 
00 30 f2 c6 00 00 20 41 00 40 9c 45 
...................HD.@.E........0.... A.@.E

GAME->Client [08:44:18 07/23/09] packet size: 5 CRYPTED, Flags: 7f ServerSeq: 19 ClientSeq: 2
82 4d 7f 0e 49 
.M..I

Client->GAME [08:44:18 07/23/09] packet size: 44 CRYPTED, Flags: 7f ServerSeq: 2 ClientSeq: 19
02 04 01 00 11 02 12 80 c9 0d 00 20 2e 00 5c c1 c7 00 00 48 44 00 60 9a c5 12 80 c9 15 00 20 2e 
00 5c c1 c7 00 00 20 41 00 40 9c c5 
........... ..\....HD.`....... ..\.... A.@..

Client->GAME [08:44:18 07/23/09] packet size: 1 CRYPTED, Flags: 7f ServerSeq: 3 ClientSeq: 20
02 
.

GAME->Client [08:44:18 07/23/09] packet size: 1 CRYPTED, Flags: 7f ServerSeq: 20 ClientSeq: 4
02 
.

