Client->GAME [12:22:16 07/17/09] packet size: 10 CRYPTED, Flags: 7f ServerSeq: 2048 ClientSeq: 2554
02 04 01 00 88 01 03 63 53 6b 
.......cSk

GAME->Client [12:22:17 07/17/09] packet size: 178 CRYPTED, Flags: 7f ServerSeq: 2289 ClientSeq: 2314
82 2b 08 99 47 03 02 00 02 80 01 04 80 23 1a e9 88 80 b0 04 00 02 8e 00 00 00 00 00 04 01 06 90 
07 06 65 53 00 61 00 00 16 80 bc 56 00 fb 01 00 ef b2 00 00 1b 04 02 00 00 00 00 00 00 00 00 16 
80 bc 56 00 fc 01 00 ef b2 00 00 b4 00 20 00 00 00 00 00 00 00 00 16 80 bc 56 00 fd 01 00 ef b2 
00 00 09 04 20 00 00 00 00 00 00 00 00 16 80 bc 56 00 fe 01 00 ef b2 00 00 77 04 01 00 00 00 00 
00 00 00 00 16 80 bc 56 00 ff 01 00 ef b2 00 00 e6 03 02 00 00 00 00 00 00 00 00 16 80 bc 56 00 
00 02 00 ef b2 00 00 b5 00 20 00 00 00 00 00 00 00 00 
.+..G........#....................eS.a.....V......................V.......... ...........V......
.... ...........V........w.............V......................V.......... ........

Client->GAME [12:22:17 07/17/09] packet size: 1 CRYPTED, Flags: 7f ServerSeq: 2049 ClientSeq: 2555
02 
.

GAME->Client [12:22:17 07/17/09] packet size: 14 CRYPTED, Flags: 7f ServerSeq: 2290 ClientSeq: 2315
02 03 06 00 04 80 80 80 80 80 01 0b 00 00 
..............

Client->GAME [12:22:17 07/17/09] packet size: 1 CRYPTED, Flags: 7f ServerSeq: 2050 ClientSeq: 2556
02 
.

