GAME->Client [11:28:04 07/17/09] packet size: 108 CRYPTED, Flags: 7f ServerSeq: 1119 ClientSeq: 1027
02 03 31 00 02 0c 9a f8 14 83 c7 00 80 fc c3 c0 61 6c c7 23 00 02 0c da d5 3d 82 c7 00 20 8a c4 
95 e6 5c c7 17 00 02 0e 01 06 d1 43 86 c7 00 00 be 42 01 c7 52 c7 15 00 02 0c 61 23 5b 75 c7 00 
20 8a c4 ca ee 63 c7 13 00 02 0e 00 f7 96 bd 6b c7 00 80 fc c3 ae 23 5c c7 12 00 02 0c ff 46 1d 
66 c7 00 80 fc c3 bc b2 6e c7 00 00 
..1.............al.#.....=... ....\........C.....B..R.....a#[u.. ....c.........k......#\......F.
f.......n...

Client->GAME [11:28:04 07/17/09] packet size: 1 CRYPTED, Flags: 7f ServerSeq: 1039 ClientSeq: 1061
02 
.

GAME->Client [11:28:04 07/17/09] packet size: 106 CRYPTED, Flags: 7f ServerSeq: 1120 ClientSeq: 1028
02 03 31 00 02 0c a4 f8 14 83 c7 00 80 fc c3 c0 61 6c c7 23 00 02 0c d0 d5 3d 82 c7 00 20 8a c4 
95 e6 5c c7 1d 00 02 08 18 28 83 c7 00 80 fc c3 ac 9f 6c c7 17 00 02 0c 03 fd 42 86 c7 00 00 be 
42 90 b0 52 c7 15 00 02 0c 6b 23 5b 75 c7 00 20 8a c4 ca ee 63 c7 13 00 02 0e 00 ff 96 bd 6b c7 
00 80 fc c3 ae 23 5c c7 00 00 
..1.............al.#.....=... ....\......(........l.......B.....B..R.....k#[u.. ....c.........k.
.....#\...

Client->GAME [11:28:04 07/17/09] packet size: 1 CRYPTED, Flags: 7f ServerSeq: 1024 ClientSeq: 1062
02 
.

GAME->Client [11:28:04 07/17/09] packet size: 56 CRYPTED, Flags: 7f ServerSeq: 1121 ClientSeq: 1029
02 03 31 00 02 0c ae f8 14 83 c7 00 80 fc c3 c0 61 6c c7 23 00 02 0c c6 d5 3d 82 c7 00 20 8a c4 
95 e6 5c c7 15 00 02 0e 01 75 23 58 75 c7 00 20 8a c4 a2 f9 63 c7 00 00 
..1.............al.#.....=... ....\......u#Xu.. ....c...

Client->GAME [11:28:04 07/17/09] packet size: 1 CRYPTED, Flags: 7f ServerSeq: 1025 ClientSeq: 1063
02 
.

GAME->Client [11:28:04 07/17/09] packet size: 74 CRYPTED, Flags: 7f ServerSeq: 1122 ClientSeq: 1030
02 03 31 00 02 0c b8 f8 14 83 c7 00 80 fc c3 c0 61 6c c7 23 00 02 0c bc d5 3d 82 c7 00 20 8a c4 
95 e6 5c c7 15 00 02 0e 01 7f 36 56 75 c7 00 20 8a c4 01 10 64 c7 08 00 02 0e 05 38 55 12 85 c7 
00 00 be 42 92 67 53 c7 00 00 
..1.............al.#.....=... ....\.......6Vu.. ....d......8U......B.gS...

Client->GAME [11:28:04 07/17/09] packet size: 1 CRYPTED, Flags: 7f ServerSeq: 1026 ClientSeq: 1064
02 
.

GAME->Client [11:28:04 07/17/09] packet size: 77 CRYPTED, Flags: 7f ServerSeq: 1123 ClientSeq: 1031
82 ea ae 92 47 03 31 00 02 0c bd f8 14 83 c7 00 80 fc c3 c0 61 6c c7 23 00 02 0c b2 d5 3d 82 c7 
00 20 8a c4 95 e6 5c c7 15 00 02 0c 84 6a 58 75 c7 00 20 8a c4 66 26 64 c7 08 00 02 0e 05 33 55 
12 85 c7 00 00 be 42 92 67 53 c7 00 00 
....G.1.............al.#.....=... ....\......jXu.. ..f&d......3U......B.gS...

Client->GAME [11:28:04 07/17/09] packet size: 1 CRYPTED, Flags: 7f ServerSeq: 1027 ClientSeq: 1065
02 
.

GAME->Client [11:28:04 07/17/09] packet size: 75 CRYPTED, Flags: 7f ServerSeq: 1124 ClientSeq: 1031
02 03 3d 00 02 0e 05 1e 0a 79 73 c7 00 20 8a c4 96 48 63 c7 31 00 02 0e 01 c7 82 1a 83 c7 00 80 
fc c3 d4 5f 6c c7 23 00 02 0c a8 d5 3d 82 c7 00 20 8a c4 95 e6 5c c7 08 00 02 0e 05 29 55 12 85 
c7 00 00 be 42 92 67 53 c7 00 00 
..=......ys.. ...Hc.1.............._l.#.....=... ....\......)U......B.gS...

Client->GAME [11:28:04 07/17/09] packet size: 1 CRYPTED, Flags: 7f ServerSeq: 1028 ClientSeq: 1066
02 
.

GAME->Client [11:28:04 07/17/09] packet size: 74 CRYPTED, Flags: 7f ServerSeq: 1125 ClientSeq: 1032
02 03 3d 00 02 0e 05 14 0a 79 73 c7 00 20 8a c4 96 48 63 c7 31 00 02 0e 01 d1 09 25 83 c7 00 80 
fc c3 03 58 6c c7 23 00 02 0c 9e d5 3d 82 c7 00 20 8a c4 95 e6 5c c7 08 00 02 0c 1f 55 12 85 c7 
00 00 be 42 92 67 53 c7 00 00 
..=......ys.. ...Hc.1......%.......Xl.#.....=... ....\......U......B.gS...

Client->GAME [11:28:04 07/17/09] packet size: 1 CRYPTED, Flags: 7f ServerSeq: 1029 ClientSeq: 1067
02 
.

GAME->Client [11:28:04 07/17/09] packet size: 90 CRYPTED, Flags: 7f ServerSeq: 1126 ClientSeq: 1034
02 03 3d 00 02 0c 0a 0a 79 73 c7 00 20 8a c4 96 48 63 c7 31 00 02 0c d5 d3 2e 83 c7 00 80 fc c3 
ec 4c 6c c7 23 00 02 0e 01 94 d5 3d 82 c7 00 20 8a c4 95 e6 5c c7 1d 00 02 0a 04 fe 06 83 c7 00 
80 fc c3 38 08 6d c7 08 00 02 0c 15 55 12 85 c7 00 00 be 42 92 67 53 c7 00 00 
..=.....ys.. ...Hc.1.............Ll.#......=... ....\..............8.m......U......B.gS...

Client->GAME [11:28:04 07/17/09] packet size: 1 CRYPTED, Flags: 7f ServerSeq: 1030 ClientSeq: 1068
02 
.

GAME->Client [11:28:04 07/17/09] packet size: 108 CRYPTED, Flags: 7f ServerSeq: 1127 ClientSeq: 1035
02 03 3d 00 02 0c 00 0a 79 73 c7 00 20 8a c4 96 48 63 c7 23 00 02 0e 01 8a 37 41 82 c7 00 20 8a 
c4 f5 fb 5c c7 1d 00 02 0e 04 73 fe 06 83 c7 00 80 fc c3 38 08 6d c7 17 00 02 08 9c 3d 86 c7 00 
00 be 42 b8 1e 52 c7 10 00 02 0e 04 60 1c c0 7d c7 00 80 fc c3 ed dd 79 c7 08 00 02 0c 0b 55 12 
85 c7 00 00 be 42 92 67 53 c7 00 00 
..=.....ys.. ...Hc.#.....7A... ....\......s........8.m......=.....B..R......`..}.......y......U.
.....B.gS...

Client->GAME [11:28:04 07/17/09] packet size: 1 CRYPTED, Flags: 7f ServerSeq: 1031 ClientSeq: 1069
02 
.

GAME->Client [11:28:05 07/17/09] packet size: 116 CRYPTED, Flags: 7f ServerSeq: 1128 ClientSeq: 1035
02 03 3d 00 02 0c f6 0a 79 73 c7 00 20 8a c4 96 48 63 c7 31 00 02 2e 00 40 00 00 00 10 01 d5 68 
42 83 c7 00 80 fc c3 bc 36 6c c7 23 00 02 0e 01 84 74 42 82 c7 00 20 8a c4 4f 12 5d c7 1d 00 02 
0e 04 7d fe 06 83 c7 00 80 fc c3 38 08 6d c7 10 00 02 0e 04 6a 1c c0 7d c7 00 80 fc c3 ed dd 79 
c7 08 00 02 0c 01 55 12 85 c7 00 00 be 42 92 67 53 c7 00 00 
..=.....ys.. ...Hc.1....@......hB.......6l.#.....tB... ..O.]......}........8.m......j..}.......y
......U......B.gS...

Client->GAME [11:28:05 07/17/09] packet size: 1 CRYPTED, Flags: 7f ServerSeq: 1032 ClientSeq: 1070
02 
.

GAME->Client [11:28:05 07/17/09] packet size: 72 CRYPTED, Flags: 7f ServerSeq: 1129 ClientSeq: 1037
02 03 3d 00 02 0c ec 0a 79 73 c7 00 20 8a c4 96 48 63 c7 1d 00 02 0c 87 fe 06 83 c7 00 80 fc c3 
38 08 6d c7 10 00 02 0c 74 1c c0 7d c7 00 80 fc c3 ed dd 79 c7 08 00 02 0c f7 55 12 85 c7 00 00 
be 42 92 67 53 c7 00 00 
..=.....ys.. ...Hc..............8.m.....t..}.......y......U......B.gS...

Client->GAME [11:28:05 07/17/09] packet size: 1 CRYPTED, Flags: 7f ServerSeq: 1033 ClientSeq: 1071
02 
.

GAME->Client [11:28:05 07/17/09] packet size: 108 CRYPTED, Flags: 7f ServerSeq: 1130 ClientSeq: 1038
02 03 3d 00 02 0c e7 0a 79 73 c7 00 20 8a c4 96 48 63 c7 1d 00 02 0e 00 91 fe 06 83 c7 00 80 fc 
c3 38 08 6d c7 18 00 02 0e 05 16 48 6e 86 c7 00 80 fc c3 b0 c0 78 c7 15 00 02 08 c0 66 75 c7 00 
20 8a c4 f4 b7 64 c7 10 00 02 0e 01 7e 8e bf 7d c7 00 80 fc c3 2a e9 79 c7 08 00 02 0c ed 55 12 
85 c7 00 00 be 42 92 67 53 c7 00 00 
..=.....ys.. ...Hc...............8.m.......Hn........x......fu.. ....d......~..}.....*.y......U.
.....B.gS...

Client->GAME [11:28:05 07/17/09] packet size: 1 CRYPTED, Flags: 7f ServerSeq: 1034 ClientSeq: 1072
02 
.

GAME->Client [11:28:05 07/17/09] packet size: 93 CRYPTED, Flags: 7f ServerSeq: 1131 ClientSeq: 1039
02 03 3d 00 02 0e 00 dd 0a 79 73 c7 00 20 8a c4 96 48 63 c7 1d 00 02 0e 00 9b fe 06 83 c7 00 80 
fc c3 38 08 6d c7 18 00 02 0e 05 0c 48 6e 86 c7 00 80 fc c3 b0 c0 78 c7 10 00 02 0e 01 88 94 c2 
7d c7 00 80 fc c3 6c ff 79 c7 08 00 02 0c e3 55 12 85 c7 00 00 be 42 92 67 53 c7 00 00 
..=......ys.. ...Hc...............8.m.......Hn........x.........}.....l.y......U......B.gS...

Client->GAME [11:28:05 07/17/09] packet size: 1 CRYPTED, Flags: 7f ServerSeq: 1035 ClientSeq: 1073
02 
.

GAME->Client [11:28:05 07/17/09] packet size: 90 CRYPTED, Flags: 7f ServerSeq: 1132 ClientSeq: 1024
02 03 3d 00 02 0e 00 d3 0a 79 73 c7 00 20 8a c4 96 48 63 c7 1d 00 02 0c 9c fe 06 83 c7 00 80 fc 
c3 38 08 6d c7 18 00 02 0c 02 48 6e 86 c7 00 80 fc c3 b0 c0 78 c7 10 00 02 0c 8c dd c5 7d c7 00 
80 fc c3 3e 0a 7a c7 08 00 02 0c de 55 12 85 c7 00 00 be 42 92 67 53 c7 00 00 
..=......ys.. ...Hc..............8.m......Hn........x........}.....>.z......U......B.gS...

Client->GAME [11:28:05 07/17/09] packet size: 1 CRYPTED, Flags: 7f ServerSeq: 1036 ClientSeq: 1074
02 
.

GAME->Client [11:28:05 07/17/09] packet size: 77 CRYPTED, Flags: 7f ServerSeq: 1133 ClientSeq: 1024
82 82 af 92 47 03 3d 00 02 0e 00 cf 0a 79 73 c7 00 20 8a c4 96 48 63 c7 31 00 02 08 72 6e 83 c7 
00 80 fc c3 d6 04 6c c7 18 00 02 0c f8 48 6e 86 c7 00 80 fc c3 b0 c0 78 c7 08 00 02 0e 00 d4 55 
12 85 c7 00 00 be 42 92 67 53 c7 00 00 
....G.=......ys.. ...Hc.1...rn........l......Hn........x.......U......B.gS...

Client->GAME [11:28:05 07/17/09] packet size: 25 CRYPTED, Flags: 7f ServerSeq: 1036 ClientSeq: 1075
02 04 01 00 45 01 12 81 8e 4b 00 00 00 01 00 00 00 07 00 00 00 03 00 00 00 
....E....K...............

Client->GAME [11:28:05 07/17/09] packet size: 1 CRYPTED, Flags: 7f ServerSeq: 1037 ClientSeq: 1076
02 
.

GAME->Client [11:28:05 07/17/09] packet size: 39 CRYPTED, Flags: 7f ServerSeq: 1134 ClientSeq: 1025
02 03 18 00 02 0c f3 48 6e 86 c7 00 80 fc c3 b0 c0 78 c7 08 00 02 0e 00 ca 55 12 85 c7 00 00 be 
42 92 67 53 c7 00 00 
.......Hn........x.......U......B.gS...

Client->GAME [11:28:05 07/17/09] packet size: 1 CRYPTED, Flags: 7f ServerSeq: 1038 ClientSeq: 1077
02 
.

GAME->Client [11:28:05 07/17/09] packet size: 21 CRYPTED, Flags: 7f ServerSeq: 1135 ClientSeq: 1027
02 03 18 00 02 0c e9 48 6e 86 c7 00 80 fc c3 b0 c0 78 c7 00 00 
.......Hn........x...

Client->GAME [11:28:05 07/17/09] packet size: 1 CRYPTED, Flags: 7f ServerSeq: 1039 ClientSeq: 1078
02 
.

GAME->Client [11:28:05 07/17/09] packet size: 696 CRYPTED, Flags: 7f ServerSeq: 1136 ClientSeq: 1028
02 04 01 01 8d 1e 16 80 bc 15 00 3d 00 00 f7 03 00 00 08 02 00 00 00 00 01 00 00 00 00 16 80 bc 
15 00 3e 00 00 f7 03 00 00 07 02 ec ff ff ff 01 00 00 00 00 16 80 bc 15 00 3f 00 00 f7 03 00 00 
50 04 00 00 00 00 01 00 00 00 00 16 80 bc 15 00 40 00 00 f7 03 00 00 f4 03 00 00 00 00 01 00 00 
00 00 16 80 bc 15 00 41 00 00 f7 03 00 00 51 04 f6 ff ff ff 01 00 00 00 00 16 80 bc 15 00 42 00 
00 f7 03 00 00 52 04 0f 00 00 00 01 00 00 00 00 16 80 bc 56 00 43 00 00 0a 95 00 00 06 04 02 00 
00 00 01 00 00 00 00 16 80 bc 56 00 44 00 00 0a 95 00 00 b4 00 11 00 00 00 01 00 00 00 00 16 80 
bc 56 00 45 00 00 0a 95 00 00 b5 00 11 00 00 00 01 00 00 00 00 16 80 bc 56 00 46 00 00 0a 95 00 
00 07 04 02 00 00 00 01 00 00 00 00 16 80 bc 56 00 47 00 00 8a b2 00 00 23 04 02 00 00 00 01 00 
00 00 00 16 80 bc 56 00 48 00 00 8a b2 00 00 21 04 01 00 00 00 01 00 00 00 00 16 80 bc 56 00 49 
00 00 8a b2 00 00 b4 00 1d 00 00 00 01 00 00 00 00 16 80 bc 56 00 4a 00 00 8a b2 00 00 09 04 1d 
00 00 00 01 00 00 00 00 16 80 bc 56 00 4b 00 00 8a b2 00 00 9d 00 1d 00 00 00 01 00 00 00 00 16 
80 bc 56 00 4c 00 00 8a b2 00 00 06 04 01 00 00 00 01 00 00 00 00 16 80 bc 56 00 4d 00 00 24 b3 
00 00 89 02 02 00 00 00 01 00 00 00 00 16 80 bc 56 00 4e 00 00 24 b3 00 00 1a 04 01 00 00 00 01 
00 00 00 00 16 80 bc 56 00 4f 00 00 24 b3 00 00 b4 00 21 00 00 00 01 00 00 00 00 16 80 bc 56 00 
50 00 00 24 b3 00 00 09 04 21 00 00 00 01 00 00 00 00 16 80 bc 56 00 51 00 00 24 b3 00 00 15 04 
02 00 00 00 01 00 00 00 00 16 80 bc 56 00 52 00 00 24 b3 00 00 b5 00 21 00 00 00 01 00 00 00 00 
16 80 bc 56 00 53 00 00 95 a7 00 00 b4 00 12 00 00 00 01 00 00 00 00 16 80 bc 56 00 54 00 00 95 
a7 00 00 b5 00 12 00 00 00 01 00 00 00 00 16 80 bc 56 00 55 00 00 95 a7 00 00 09 04 12 00 00 00 
01 00 00 00 00 16 80 bc 56 00 56 00 00 95 a7 00 00 70 00 0f 00 00 00 01 00 00 00 00 16 80 bc 56 
00 57 00 00 2c b3 00 00 17 04 01 00 00 00 01 00 00 00 00 16 80 bc 56 00 58 00 00 2c b3 00 00 b4 
00 21 00 00 00 01 00 00 00 00 16 80 bc 56 00 59 00 00 2c b3 00 00 09 04 21 00 00 00 01 00 00 00 
00 16 80 bc 56 00 5a 00 00 2c b3 00 00 12 04 02 00 00 00 01 00 00 00 00 
...........=......................>......................?......P...............@...............
.......A......Q...............B......R.............V.C....................V.D...................
.V.E....................V.F....................V.G......#.............V.H......!.............V.I
....................V.J....................V.K....................V.L....................V.M..$.
................V.N..$.................V.O..$.....!...........V.P..$.....!...........V.Q..$.....
............V.R..$.....!...........V.S....................V.T....................V.U............
........V.V......p.............V.W..,.................V.X..,.....!...........V.Y..,.....!.......
....V.Z..,..............

Client->GAME [11:28:06 07/17/09] packet size: 1 CRYPTED, Flags: 7f ServerSeq: 1024 ClientSeq: 1079
02 
.

GAME->Client [11:28:06 07/17/09] packet size: 696 CRYPTED, Flags: 7f ServerSeq: 1137 ClientSeq: 1030
02 04 01 01 ab 1e 16 80 bc 56 00 5b 00 00 2c b3 00 00 07 04 02 00 00 00 01 00 00 00 00 16 80 bc 
56 00 5c 00 00 2c b3 00 00 b5 00 21 00 00 00 01 00 00 00 00 16 80 bc 56 00 5d 00 00 c3 b2 00 00 
89 02 02 00 00 00 01 00 00 00 00 16 80 bc 56 00 5e 00 00 c3 b2 00 00 21 04 02 00 00 00 01 00 00 
00 00 16 80 bc 56 00 5f 00 00 c3 b2 00 00 b4 00 1f 00 00 00 01 00 00 00 00 16 80 bc 56 00 60 00 
00 c3 b2 00 00 09 04 1f 00 00 00 01 00 00 00 00 16 80 bc 56 00 61 00 00 c3 b2 00 00 1e 04 01 00 
00 00 01 00 00 00 00 16 80 bc 56 00 62 00 00 c3 b2 00 00 9d 00 1f 00 00 00 01 00 00 00 00 16 80 
bc 55 00 63 00 00 02 00 00 00 cc 00 0c 00 00 00 01 00 00 00 00 16 80 bc 55 00 64 00 00 0b 00 00 
00 37 02 96 00 00 00 01 00 00 00 00 16 80 bc 55 00 65 00 00 2d 00 00 00 23 04 0a 00 00 00 01 00 
00 00 00 16 80 bc 55 00 66 00 00 2d 00 00 00 20 04 0a 00 00 00 01 00 00 00 00 16 80 bc 55 00 67 
00 00 2d 00 00 00 19 04 05 00 00 00 01 00 00 00 00 16 80 bc 55 00 68 00 00 2d 00 00 00 42 04 05 
00 00 00 01 00 00 00 00 16 80 bc 55 00 69 00 00 34 00 00 00 83 02 c8 00 00 00 01 00 00 00 00 16 
80 bc 55 00 6a 00 00 4b 00 00 00 1f 04 19 00 00 00 01 00 00 00 00 16 80 bc 55 00 6b 00 00 5f 00 
00 00 7c 04 0f 00 00 00 01 00 00 00 00 16 80 bc 55 00 6c 00 00 5f 00 00 00 07 04 0f 00 00 00 01 
00 00 00 00 16 80 bc 55 00 6d 00 00 62 00 00 00 06 04 01 00 00 00 01 00 00 00 00 16 80 bc 55 00 
6e 00 00 62 00 00 00 15 04 01 00 00 00 01 00 00 00 00 16 80 bc 55 00 6f 00 00 5a 01 00 00 07 04 
05 00 00 00 01 00 00 00 00 16 80 bc 55 00 70 00 00 5a 01 00 00 1d 04 0f 00 00 00 01 00 00 00 00 
16 80 bc 55 00 71 00 00 64 01 00 00 1f 04 05 00 00 00 01 00 00 00 00 16 80 bc 55 00 72 00 00 66 
01 00 00 7b 04 05 00 00 00 01 00 00 00 00 16 80 bc 55 00 73 00 00 66 01 00 00 12 04 0a 00 00 00 
01 00 00 00 00 16 80 bc 55 00 74 00 00 66 01 00 00 06 04 0b 00 00 00 01 00 00 00 00 16 80 bc 55 
00 75 00 00 8e 01 00 00 03 04 05 00 00 00 01 00 00 00 00 16 80 bc 55 00 76 00 00 8e 01 00 00 12 
04 0f 00 00 00 01 00 00 00 00 16 80 bc 55 00 77 00 00 8e 01 00 00 77 04 05 00 00 00 01 00 00 00 
00 16 80 bc 55 00 78 00 00 cd 01 00 00 e5 03 05 00 00 00 01 00 00 00 00 
.........V.[..,.................V.\..,.....!...........V.]....................V.^......!........
.....V._....................V.`....................V.a....................V.b...................
.U.c....................U.d......7.............U.e..-...#.............U.f..-... .............U.g
..-.................U.h..-...B.............U.i..4.................U.j..K.................U.k.._.
..|.............U.l.._.................U.m..b.................U.n..b.................U.o..Z.....
............U.p..Z.................U.q..d.................U.r..f...{.............U.s..f.........
........U.t..f.................U.u....................U.v....................U.w......w.........
....U.x.................

Client->GAME [11:28:06 07/17/09] packet size: 1 CRYPTED, Flags: 7f ServerSeq: 1025 ClientSeq: 1080
02 
.

GAME->Client [11:28:06 07/17/09] packet size: 700 CRYPTED, Flags: 7f ServerSeq: 1138 ClientSeq: 1030
02 04 02 01 c9 03 16 80 bc 55 00 79 00 00 cd 01 00 00 73 04 05 00 00 00 01 00 00 00 00 16 80 bc 
55 00 7a 00 00 cd 01 00 00 e3 03 0f 00 00 00 01 00 00 00 00 16 80 bc 55 00 7b 00 00 d5 01 00 00 
e3 03 05 00 00 00 01 00 00 00 00 01 cc 1c 16 80 bc 55 00 7c 00 00 36 02 00 00 37 02 0a 00 00 00 
01 00 00 00 00 16 80 bc 55 00 7d 00 00 74 02 00 00 34 02 1e 00 00 00 01 00 00 00 00 16 80 bc 15 
00 7e 00 00 11 00 00 00 ab 00 0d 00 00 00 01 00 00 00 00 16 80 bc 15 00 7f 00 00 11 00 00 00 0a 
02 4d 00 00 00 01 00 00 00 00 16 80 bc 15 00 80 00 00 11 00 00 00 f2 03 34 00 00 00 01 00 00 00 
00 16 80 bc 15 00 81 00 00 11 00 00 00 ed 03 4d 00 00 00 01 00 00 00 00 16 80 bc 15 00 82 00 00 
11 00 00 00 9f 00 19 00 00 00 01 00 00 00 00 16 80 bc 15 00 83 00 00 11 00 00 00 f1 03 34 00 00 
00 01 00 00 00 00 16 80 bc 15 00 84 00 00 11 00 00 00 0c 02 34 00 00 00 01 00 00 00 00 16 80 bc 
15 00 85 00 00 11 00 00 00 b7 00 4d 00 00 00 01 00 00 00 00 16 80 bc 15 00 86 00 00 11 00 00 00 
f3 03 46 00 00 00 01 00 00 00 00 16 80 bc 11 00 87 00 00 00 00 00 00 cb 02 00 00 00 00 01 00 00 
00 00 0b 80 bd 05 11 00 00 00 00 00 00 00 16 80 bc 15 00 88 00 00 11 00 00 00 ab 00 0c 00 00 00 
00 00 00 00 00 16 80 bc 15 00 89 00 00 11 00 00 00 0a 02 4b 00 00 00 00 00 00 00 00 16 80 bc 15 
00 8a 00 00 11 00 00 00 f2 03 31 00 00 00 00 00 00 00 00 16 80 bc 15 00 8b 00 00 11 00 00 00 ed 
03 4b 00 00 00 00 00 00 00 00 16 80 bc 15 00 8c 00 00 11 00 00 00 9f 00 19 00 00 00 00 00 00 00 
00 16 80 bc 15 00 8d 00 00 11 00 00 00 f1 03 31 00 00 00 00 00 00 00 00 16 80 bc 15 00 8e 00 00 
11 00 00 00 0c 02 34 00 00 00 00 00 00 00 00 16 80 bc 15 00 8f 00 00 11 00 00 00 b7 00 46 00 00 
00 00 00 00 00 00 16 80 bc 15 00 90 00 00 11 00 00 00 f3 03 46 00 00 00 00 00 00 00 00 0b 80 bd 
05 11 00 00 00 00 00 00 01 16 80 bc 15 00 88 00 00 11 00 00 00 ab 00 0c 00 00 00 01 00 00 00 00 
16 80 bc 15 00 89 00 00 11 00 00 00 0a 02 4b 00 00 00 01 00 00 00 00 16 80 bc 15 00 8a 00 00 11 
00 00 00 f2 03 31 00 00 00 01 00 00 00 00 16 80 bc 15 00 8b 00 00 11 00 00 00 ed 03 4b 00 00 00 
01 00 00 00 00 16 80 bc 15 00 8c 00 00 11 00 00 00 9f 00 19 00 00 00 01 00 00 00 00 
.........U.y......s.............U.z....................U.{.......................U.|..6...7.....
........U.}..t...4...............~...............................M......................4.......
...............M.............................................4......................4...........
...........M......................F.............................................................
...................K......................1......................K..............................
...............1......................4......................F......................F...........
..............................................K......................1......................K...
............................

Client->GAME [11:28:06 07/17/09] packet size: 1 CRYPTED, Flags: 7f ServerSeq: 1026 ClientSeq: 1081
02 
.

GAME->Client [11:28:06 07/17/09] packet size: 281 CRYPTED, Flags: 7f ServerSeq: 1139 ClientSeq: 1031
02 04 01 01 e8 12 16 80 bc 15 00 8d 00 00 11 00 00 00 f1 03 31 00 00 00 01 00 00 00 00 16 80 bc 
15 00 8e 00 00 11 00 00 00 0c 02 34 00 00 00 01 00 00 00 00 16 80 bc 15 00 8f 00 00 11 00 00 00 
b7 00 46 00 00 00 01 00 00 00 00 16 80 bc 15 00 90 00 00 11 00 00 00 f3 03 46 00 00 00 01 00 00 
00 00 0b 80 bd 05 11 00 00 00 00 00 00 00 04 80 b3 11 00 16 80 bc 45 03 11 00 00 02 00 00 00 11 
00 32 00 00 00 01 00 00 00 00 04 80 b3 35 04 16 80 bc 45 03 35 04 00 62 00 00 00 35 04 00 00 00 
00 01 00 00 00 00 04 80 b3 3d 04 16 80 bc 45 03 3d 04 00 43 00 00 00 3d 04 00 00 00 00 01 00 00 
00 00 04 80 b3 3e 04 16 80 bc 45 03 3e 04 00 4f 01 00 00 3e 04 00 00 00 00 01 00 00 00 00 04 80 
b3 3f 04 16 80 bc 45 03 3f 04 00 64 01 00 00 3f 04 00 00 00 00 01 00 00 00 00 04 80 b3 40 04 16 
80 bc 45 03 40 04 00 d5 01 00 00 40 04 00 00 00 00 01 00 00 00 00 02 81 07 
....................1......................4......................F......................F......
......................E..........2...........5....E.5..b...5.............=....E.=..C...=........
.....>....E.>..O...>.............?....E.?..d...?.............@....E.@......@.............

Client->GAME [11:28:06 07/17/09] packet size: 13 CRYPTED, Flags: 7f ServerSeq: 1027 ClientSeq: 1082
02 04 01 00 46 01 06 81 08 00 00 00 00 
....F........

GAME->Client [11:28:06 07/17/09] packet size: 1 CRYPTED, Flags: 7f ServerSeq: 1140 ClientSeq: 1034
02 
.

GAME->Client [11:28:07 07/17/09] packet size: 1 CRYPTED, Flags: 7f ServerSeq: 1141 ClientSeq: 1034
42 
B

GAME->Client [11:28:07 07/17/09] packet size: 5 CRYPTED, Flags: 7f ServerSeq: 1142 ClientSeq: 1034
c2 52 b0 92 47 
.R..G

Client->GAME [11:28:07 07/17/09] packet size: 1 CRYPTED, Flags: 7f ServerSeq: 1030 ClientSeq: 1083
02 
.

GAME->Client [11:28:07 07/17/09] packet size: 1 CRYPTED, Flags: 7f ServerSeq: 1143 ClientSeq: 1034
42 
B

Client->GAME [11:28:07 07/17/09] packet size: 1 CRYPTED, Flags: 7f ServerSeq: 1031 ClientSeq: 1084
42 
B

GAME->Client [11:28:07 07/17/09] packet size: 1 CRYPTED, Flags: 7f ServerSeq: 1144 ClientSeq: 1035
42 
B

GAME->Client [11:28:07 07/17/09] packet size: 1 CRYPTED, Flags: 7f ServerSeq: 1145 ClientSeq: 1036
42 
B

Client->GAME [11:28:07 07/17/09] packet size: 13 CRYPTED, Flags: 0 ServerSeq: 0 ClientSeq: 1
22 04 01 00 00 01 06 81 51 00 00 00 00 
".......Q....

GAME->Client [11:28:08 07/17/09] packet size: 72 CRYPTED, Flags: 1 ServerSeq: 2 ClientSeq: 1
02 04 01 00 03 01 41 81 67 17 00 27 00 1c 22 00 c6 01 11 00 00 00 00 00 00 00 37 00 00 08 0e 00 
41 66 74 65 72 57 68 6f 72 75 4e 65 6f 00 0e 00 41 66 74 65 72 57 68 6f 72 75 4e 65 6f 00 02 00 
4b 00 00 00 00 00 00 00 
......A.g..'.."...........7.....AfterWhoruNeo...AfterWhoruNeo...K.......

Client->GAME [11:28:08 07/17/09] packet size: 1 CRYPTED, Flags: 2 ServerSeq: 2 ClientSeq: 2
02 
.

GAME->Client [11:28:08 07/17/09] packet size: 137 CRYPTED, Flags: 3 ServerSeq: 3 ClientSeq: 2
02 04 01 00 00 03 6c 06 0e 00 03 00 00 00 61 af 92 47 01 42 00 32 00 72 65 73 6f 75 72 63 65 2f 
77 6f 72 6c 64 73 2f 66 69 6e 61 6c 5f 77 6f 72 6c 64 2f 69 6e 74 65 72 6e 61 74 69 6f 6e 61 6c 
2f 69 74 2e 6d 65 74 72 00 28 00 48 61 6c 6c 6f 77 65 65 6e 5f 45 76 65 6e 74 2c 57 69 6e 74 65 
72 33 48 61 6c 6c 6f 77 65 65 6e 46 6c 79 54 53 45 43 00 0a 80 e5 e7 cb c0 12 00 00 00 00 0a 80 
e4 bc 58 7a 00 00 00 00 00 
......l.......a..G.B.2.resource/worlds/final_world/international/it.metr.(.Halloween_Event,Winte
r3HalloweenFlyTSEC................Xz.....

Client->GAME [11:28:08 07/17/09] packet size: 6 CRYPTED, Flags: 5 ServerSeq: 3 ClientSeq: 3
02 05 02 0c 00 00 
......

GAME->Client [11:28:08 07/17/09] packet size: 1 CRYPTED, Flags: 7 ServerSeq: 4 ClientSeq: 3
02 
.

Client->GAME [11:28:11 07/17/09] packet size: 8 CRYPTED, Flags: 5 ServerSeq: 3 ClientSeq: 4
02 04 01 00 01 01 01 05 
........

GAME->Client [11:28:12 07/17/09] packet size: 223 CRYPTED, Flags: f ServerSeq: 5 ClientSeq: 4
82 a5 b1 92 47 03 01 00 0c 0c 00 6b cd ab 1c 8b 81 ff 71 02 00 00 41 6e 64 65 72 73 6f 6e 00 00 
00 00 00 00 00 00 00 00 00 00 00 00 00 00 00 00 00 00 00 00 00 00 90 54 68 6f 6d 61 73 00 00 00 
00 00 00 00 00 00 00 00 00 00 00 00 00 00 00 00 00 00 00 00 00 00 00 80 d8 28 0a 0c 00 00 00 01 
8e 81 ff f7 00 31 5e 00 00 c6 67 00 41 66 74 65 72 57 68 6f 72 75 4e 65 6f 00 00 00 00 00 00 00 
00 00 00 00 00 00 00 00 00 00 00 00 28 0a fd 64 01 00 00 67 00 75 d4 01 00 4b b1 00 00 00 00 73 
1a e9 88 80 60 04 00 02 8e 00 00 00 f7 00 9d 00 00 00 00 00 e6 e4 40 00 00 00 00 00 44 91 c0 00 
00 00 00 00 26 b6 c0 81 ff 32 22 80 89 34 e1 77 04 80 1c 01 11 00 00 00 67 00 02 00 00 00 00 
....G......k......q...Anderson.........................Thomas............................(......
.....1^...g.AfterWhoruNeo...................(..d...g.u...K.....s....`.................@.....D...
....&....2"..4.w........g......

GAME->Client [11:28:13 07/17/09] packet size: 219 CRYPTED, Flags: f ServerSeq: 6 ClientSeq: 4
02 03 01 00 0c 0c 00 6b cd ab 1c 8b 81 ff 71 02 00 00 41 6e 64 65 72 73 6f 6e 00 00 00 00 00 00 
00 00 00 00 00 00 00 00 00 00 00 00 00 00 00 00 00 00 90 54 68 6f 6d 61 73 00 00 00 00 00 00 00 
00 00 00 00 00 00 00 00 00 00 00 00 00 00 00 00 00 00 00 80 d8 28 0a 0c 00 00 00 01 8e 81 ff f7 
00 31 5e 00 00 c6 67 00 41 66 74 65 72 57 68 6f 72 75 4e 65 6f 00 00 00 00 00 00 00 00 00 00 00 
00 00 00 00 00 00 00 00 28 0a fd 64 01 00 00 67 00 75 d4 01 00 4b b1 00 00 00 00 73 1a e9 88 80 
60 04 00 02 8e 00 00 00 f7 00 9d 00 00 00 00 00 e6 e4 40 00 00 00 00 00 44 91 c0 00 00 00 00 00 
26 b6 c0 81 ff 32 22 80 89 34 e1 77 04 80 1c 01 11 00 00 00 67 00 02 00 00 00 00 
.......k......q...Anderson.........................Thomas............................(..........
.1^...g.AfterWhoruNeo...................(..d...g.u...K.....s....`.................@.....D.......
&....2"..4.w........g......

GAME->Client [11:28:15 07/17/09] packet size: 223 CRYPTED, Flags: f ServerSeq: 7 ClientSeq: 4
82 17 b3 92 47 03 01 00 0c 0c 00 6b cd ab 1c 8b 81 ff 71 02 00 00 41 6e 64 65 72 73 6f 6e 00 00 
00 00 00 00 00 00 00 00 00 00 00 00 00 00 00 00 00 00 00 00 00 00 90 54 68 6f 6d 61 73 00 00 00 
00 00 00 00 00 00 00 00 00 00 00 00 00 00 00 00 00 00 00 00 00 00 00 80 d8 28 0a 0c 00 00 00 01 
8e 81 ff f7 00 31 5e 00 00 c6 67 00 41 66 74 65 72 57 68 6f 72 75 4e 65 6f 00 00 00 00 00 00 00 
00 00 00 00 00 00 00 00 00 00 00 00 28 0a fd 64 01 00 00 67 00 75 d4 01 00 4b b1 00 00 00 00 73 
1a e9 88 80 60 04 00 02 8e 00 00 00 f7 00 9d 00 00 00 00 00 e6 e4 40 00 00 00 00 00 44 91 c0 00 
00 00 00 00 26 b6 c0 81 ff 32 22 80 89 34 e1 77 04 80 1c 01 11 00 00 00 67 00 02 00 00 00 00 
....G......k......q...Anderson.........................Thomas............................(......
.....1^...g.AfterWhoruNeo...................(..d...g.u...K.....s....`.................@.....D...
....&....2"..4.w........g......

GAME->Client [11:28:16 07/17/09] packet size: 219 CRYPTED, Flags: f ServerSeq: 8 ClientSeq: 4
02 03 01 00 0c 0c 00 6b cd ab 1c 8b 81 ff 71 02 00 00 41 6e 64 65 72 73 6f 6e 00 00 00 00 00 00 
00 00 00 00 00 00 00 00 00 00 00 00 00 00 00 00 00 00 90 54 68 6f 6d 61 73 00 00 00 00 00 00 00 
00 00 00 00 00 00 00 00 00 00 00 00 00 00 00 00 00 00 00 80 d8 28 0a 0c 00 00 00 01 8e 81 ff f7 
00 31 5e 00 00 c6 67 00 41 66 74 65 72 57 68 6f 72 75 4e 65 6f 00 00 00 00 00 00 00 00 00 00 00 
00 00 00 00 00 00 00 00 28 0a fd 64 01 00 00 67 00 75 d4 01 00 4b b1 00 00 00 00 73 1a e9 88 80 
60 04 00 02 8e 00 00 00 f7 00 9d 00 00 00 00 00 e6 e4 40 00 00 00 00 00 44 91 c0 00 00 00 00 00 
26 b6 c0 81 ff 32 22 80 89 34 e1 77 04 80 1c 01 11 00 00 00 67 00 02 00 00 00 00 
.......k......q...Anderson.........................Thomas............................(..........
.1^...g.AfterWhoruNeo...................(..d...g.u...K.....s....`.................@.....D.......
&....2"..4.w........g......

GAME->Client [11:28:18 07/17/09] packet size: 223 CRYPTED, Flags: f ServerSeq: 9 ClientSeq: 4
82 87 b4 92 47 03 01 00 0c 0c 00 6b cd ab 1c 8b 81 ff 71 02 00 00 41 6e 64 65 72 73 6f 6e 00 00 
00 00 00 00 00 00 00 00 00 00 00 00 00 00 00 00 00 00 00 00 00 00 90 54 68 6f 6d 61 73 00 00 00 
00 00 00 00 00 00 00 00 00 00 00 00 00 00 00 00 00 00 00 00 00 00 00 80 d8 28 0a 0c 00 00 00 01 
8e 81 ff f7 00 31 5e 00 00 c6 67 00 41 66 74 65 72 57 68 6f 72 75 4e 65 6f 00 00 00 00 00 00 00 
00 00 00 00 00 00 00 00 00 00 00 00 28 0a fd 64 01 00 00 67 00 75 d4 01 00 4b b1 00 00 00 00 73 
1a e9 88 80 60 04 00 02 8e 00 00 00 f7 00 9d 00 00 00 00 00 e6 e4 40 00 00 00 00 00 44 91 c0 00 
00 00 00 00 26 b6 c0 81 ff 32 22 80 89 34 e1 77 04 80 1c 01 11 00 00 00 67 00 02 00 00 00 00 
....G......k......q...Anderson.........................Thomas............................(......
.....1^...g.AfterWhoruNeo...................(..d...g.u...K.....s....`.................@.....D...
....&....2"..4.w........g......

GAME->Client [11:28:19 07/17/09] packet size: 219 CRYPTED, Flags: f ServerSeq: 10 ClientSeq: 4
02 03 01 00 0c 0c 00 6b cd ab 1c 8b 81 ff 71 02 00 00 41 6e 64 65 72 73 6f 6e 00 00 00 00 00 00 
00 00 00 00 00 00 00 00 00 00 00 00 00 00 00 00 00 00 90 54 68 6f 6d 61 73 00 00 00 00 00 00 00 
00 00 00 00 00 00 00 00 00 00 00 00 00 00 00 00 00 00 00 80 d8 28 0a 0c 00 00 00 01 8e 81 ff f7 
00 31 5e 00 00 c6 67 00 41 66 74 65 72 57 68 6f 72 75 4e 65 6f 00 00 00 00 00 00 00 00 00 00 00 
00 00 00 00 00 00 00 00 28 0a fd 64 01 00 00 67 00 75 d4 01 00 4b b1 00 00 00 00 73 1a e9 88 80 
60 04 00 02 8e 00 00 00 f7 00 9d 00 00 00 00 00 e6 e4 40 00 00 00 00 00 44 91 c0 00 00 00 00 00 
26 b6 c0 81 ff 32 22 80 89 34 e1 77 04 80 1c 01 11 00 00 00 67 00 02 00 00 00 00 
.......k......q...Anderson.........................Thomas............................(..........
.1^...g.AfterWhoruNeo...................(..d...g.u...K.....s....`.................@.....D.......
&....2"..4.w........g......

Client->GAME [11:28:20 07/17/09] packet size: 6 CRYPTED, Flags: 17 ServerSeq: 5 ClientSeq: 5
02 05 02 0c 00 00 
......

GAME->Client [11:28:20 07/17/09] packet size: 5 CRYPTED, Flags: 1f ServerSeq: 11 ClientSeq: 5
82 f5 b5 92 47 
....G

GAME->Client [11:28:21 07/17/09] packet size: 219 CRYPTED, Flags: 1f ServerSeq: 12 ClientSeq: 5
02 03 01 00 0c 0c 00 6b cd ab 1c 8b 81 ff 71 02 00 00 41 6e 64 65 72 73 6f 6e 00 00 00 00 00 00 
00 00 00 00 00 00 00 00 00 00 00 00 00 00 00 00 00 00 90 54 68 6f 6d 61 73 00 00 00 00 00 00 00 
00 00 00 00 00 00 00 00 00 00 00 00 00 00 00 00 00 00 00 80 d8 28 0a 0c 00 00 00 01 8e 81 ff f7 
00 31 5e 00 00 c6 67 00 41 66 74 65 72 57 68 6f 72 75 4e 65 6f 00 00 00 00 00 00 00 00 00 00 00 
00 00 00 00 00 00 00 00 28 0a fd 64 01 00 00 67 00 75 d4 01 00 4b b1 00 00 00 00 73 1a e9 88 80 
60 04 00 02 8e 00 00 00 f7 00 9d 00 00 00 00 00 e6 e4 40 00 00 00 00 00 44 91 c0 00 00 00 00 00 
26 b6 c0 81 ff 32 22 80 89 34 e1 77 04 80 1c 01 11 00 00 00 67 00 02 00 00 00 00 
.......k......q...Anderson.........................Thomas............................(..........
.1^...g.AfterWhoruNeo...................(..d...g.u...K.....s....`.................@.....D.......
&....2"..4.w........g......

Client->GAME [11:28:21 07/17/09] packet size: 12
00 00 00 00 00 01 04 08 16 2c 72 00 
.........,r.

Client->GAME [11:28:22 07/17/09] packet size: 55 CRYPTED, Flags: 17 ServerSeq: 5 ClientSeq: 6
02 03 02 00 02 60 08 41 6e 64 65 72 73 6f 6e 06 54 68 6f 6d 61 73 00 00 04 01 00 02 05 02 80 be 
07 3f 4e 00 10 00 00 00 08 3e 6b 00 10 00 00 00 00 02 81 48 02 0c 01 
.....`.Anderson.Thomas...........?N......>k........H...

Client->GAME [11:28:22 07/17/09] packet size: 1 CRYPTED, Flags: 7f ServerSeq: 12 ClientSeq: 7
02 
.

GAME->Client [11:28:22 07/17/09] packet size: 12
00 00 00 00 00 01 04 08 16 2c 72 00 
.........,r.

GAME->Client [11:28:22 07/17/09] packet size: 696 CRYPTED, Flags: 3f ServerSeq: 13 ClientSeq: 6
02 04 01 00 04 1e 16 80 bc 15 00 88 00 00 f7 03 00 00 08 02 00 00 00 00 00 00 00 00 00 16 80 bc 
15 00 89 00 00 f7 03 00 00 07 02 ec ff ff ff 00 00 00 00 00 16 80 bc 15 00 8a 00 00 f7 03 00 00 
50 04 00 00 00 00 00 00 00 00 00 16 80 bc 15 00 8b 00 00 f7 03 00 00 f4 03 00 00 00 00 00 00 00 
00 00 16 80 bc 15 00 8c 00 00 f7 03 00 00 51 04 f6 ff ff ff 00 00 00 00 00 16 80 bc 15 00 8d 00 
00 f7 03 00 00 52 04 0f 00 00 00 00 00 00 00 00 16 80 bc 56 00 8e 00 00 0a 95 00 00 06 04 02 00 
00 00 00 00 00 00 00 16 80 bc 56 00 8f 00 00 0a 95 00 00 b4 00 11 00 00 00 00 00 00 00 00 16 80 
bc 56 00 90 00 00 0a 95 00 00 b5 00 11 00 00 00 00 00 00 00 00 16 80 bc 56 00 91 00 00 0a 95 00 
00 07 04 02 00 00 00 00 00 00 00 00 16 80 bc 56 00 92 00 00 8a b2 00 00 23 04 02 00 00 00 00 00 
00 00 00 16 80 bc 56 00 93 00 00 8a b2 00 00 21 04 01 00 00 00 00 00 00 00 00 16 80 bc 56 00 94 
00 00 8a b2 00 00 b4 00 1d 00 00 00 00 00 00 00 00 16 80 bc 56 00 95 00 00 8a b2 00 00 09 04 1d 
00 00 00 00 00 00 00 00 16 80 bc 56 00 96 00 00 8a b2 00 00 9d 00 1d 00 00 00 00 00 00 00 00 16 
80 bc 56 00 97 00 00 8a b2 00 00 06 04 01 00 00 00 00 00 00 00 00 16 80 bc 56 00 98 00 00 24 b3 
00 00 89 02 02 00 00 00 00 00 00 00 00 16 80 bc 56 00 99 00 00 24 b3 00 00 1a 04 01 00 00 00 00 
00 00 00 00 16 80 bc 56 00 9a 00 00 24 b3 00 00 b4 00 21 00 00 00 00 00 00 00 00 16 80 bc 56 00 
9b 00 00 24 b3 00 00 09 04 21 00 00 00 00 00 00 00 00 16 80 bc 56 00 9c 00 00 24 b3 00 00 15 04 
02 00 00 00 00 00 00 00 00 16 80 bc 56 00 9d 00 00 24 b3 00 00 b5 00 21 00 00 00 00 00 00 00 00 
16 80 bc 56 00 9e 00 00 95 a7 00 00 b4 00 12 00 00 00 00 00 00 00 00 16 80 bc 56 00 9f 00 00 95 
a7 00 00 b5 00 12 00 00 00 00 00 00 00 00 16 80 bc 56 00 a0 00 00 95 a7 00 00 09 04 12 00 00 00 
00 00 00 00 00 16 80 bc 56 00 a1 00 00 95 a7 00 00 70 00 0f 00 00 00 00 00 00 00 00 16 80 bc 56 
00 a2 00 00 2c b3 00 00 17 04 01 00 00 00 00 00 00 00 00 16 80 bc 56 00 a3 00 00 2c b3 00 00 b4 
00 21 00 00 00 00 00 00 00 00 16 80 bc 56 00 a4 00 00 2c b3 00 00 09 04 21 00 00 00 00 00 00 00 
00 16 80 bc 56 00 a5 00 00 2c b3 00 00 12 04 02 00 00 00 00 00 00 00 00 
................................................................P...............................
..............Q......................R.............V......................V.....................
.V......................V......................V........#.............V........!.............V..
....................V......................V......................V......................V....$.
................V....$.................V....$.....!...........V....$.....!...........V....$.....
............V....$.....!...........V......................V......................V..............
........V........p.............V....,.................V....,.....!...........V....,.....!.......
....V....,..............

GAME->Client [11:28:22 07/17/09] packet size: 700 CRYPTED, Flags: 7f ServerSeq: 14 ClientSeq: 7
82 a5 b6 92 47 04 01 00 22 1e 16 80 bc 56 00 a6 00 00 2c b3 00 00 07 04 02 00 00 00 00 00 00 00 
00 16 80 bc 56 00 a7 00 00 2c b3 00 00 b5 00 21 00 00 00 00 00 00 00 00 16 80 bc 56 00 a8 00 00 
c3 b2 00 00 89 02 02 00 00 00 00 00 00 00 00 16 80 bc 56 00 a9 00 00 c3 b2 00 00 21 04 02 00 00 
00 00 00 00 00 00 16 80 bc 56 00 aa 00 00 c3 b2 00 00 b4 00 1f 00 00 00 00 00 00 00 00 16 80 bc 
56 00 ab 00 00 c3 b2 00 00 09 04 1f 00 00 00 00 00 00 00 00 16 80 bc 56 00 ac 00 00 c3 b2 00 00 
1e 04 01 00 00 00 00 00 00 00 00 16 80 bc 56 00 ad 00 00 c3 b2 00 00 9d 00 1f 00 00 00 00 00 00 
00 00 16 80 bc 55 00 ae 00 00 02 00 00 00 cc 00 0c 00 00 00 00 00 00 00 00 16 80 bc 55 00 af 00 
00 0b 00 00 00 37 02 96 00 00 00 00 00 00 00 00 16 80 bc 55 00 b0 00 00 2d 00 00 00 23 04 0a 00 
00 00 00 00 00 00 00 16 80 bc 55 00 b1 00 00 2d 00 00 00 20 04 0a 00 00 00 00 00 00 00 00 16 80 
bc 55 00 b2 00 00 2d 00 00 00 19 04 05 00 00 00 00 00 00 00 00 16 80 bc 55 00 b3 00 00 2d 00 00 
00 42 04 05 00 00 00 00 00 00 00 00 16 80 bc 55 00 b4 00 00 34 00 00 00 83 02 c8 00 00 00 00 00 
00 00 00 16 80 bc 55 00 b5 00 00 4b 00 00 00 1f 04 19 00 00 00 00 00 00 00 00 16 80 bc 55 00 b6 
00 00 5f 00 00 00 7c 04 0f 00 00 00 00 00 00 00 00 16 80 bc 55 00 b7 00 00 5f 00 00 00 07 04 0f 
00 00 00 00 00 00 00 00 16 80 bc 55 00 b8 00 00 62 00 00 00 06 04 01 00 00 00 00 00 00 00 00 16 
80 bc 55 00 b9 00 00 62 00 00 00 15 04 01 00 00 00 00 00 00 00 00 16 80 bc 55 00 ba 00 00 5a 01 
00 00 07 04 05 00 00 00 00 00 00 00 00 16 80 bc 55 00 bb 00 00 5a 01 00 00 1d 04 0f 00 00 00 00 
00 00 00 00 16 80 bc 55 00 bc 00 00 64 01 00 00 1f 04 05 00 00 00 00 00 00 00 00 16 80 bc 55 00 
bd 00 00 66 01 00 00 7b 04 05 00 00 00 00 00 00 00 00 16 80 bc 55 00 be 00 00 66 01 00 00 12 04 
0a 00 00 00 00 00 00 00 00 16 80 bc 55 00 bf 00 00 66 01 00 00 06 04 0b 00 00 00 00 00 00 00 00 
16 80 bc 55 00 c0 00 00 8e 01 00 00 03 04 05 00 00 00 00 00 00 00 00 16 80 bc 55 00 c1 00 00 8e 
01 00 00 12 04 0f 00 00 00 00 00 00 00 00 16 80 bc 55 00 c2 00 00 8e 01 00 00 77 04 05 00 00 00 
00 00 00 00 00 16 80 bc 55 00 c3 00 00 cd 01 00 00 e5 03 05 00 00 00 00 00 00 00 00 
....G..."....V....,.................V....,.....!...........V......................V........!....
.........V......................V......................V......................V.................
.....U......................U........7.............U....-...#.............U....-... ............
.U....-.................U....-...B.............U....4.................U....K.................U..
.._...|.............U...._.................U....b.................U....b.................U....Z.
................U....Z.................U....d.................U....f...{.............U....f.....
............U....f.................U......................U......................U........w.....
........U...................

Client->GAME [11:28:22 07/17/09] packet size: 1 CRYPTED, Flags: 7f ServerSeq: 13 ClientSeq: 8
02 
.

Client->GAME [11:28:22 07/17/09] packet size: 1 CRYPTED, Flags: 7f ServerSeq: 14 ClientSeq: 9
02 
.

GAME->Client [11:28:22 07/17/09] packet size: 714 CRYPTED, Flags: 7f ServerSeq: 15 ClientSeq: 7
02 04 03 00 40 03 16 80 bc 55 00 c4 00 00 cd 01 00 00 73 04 05 00 00 00 00 00 00 00 00 16 80 bc 
55 00 c5 00 00 cd 01 00 00 e3 03 0f 00 00 00 00 00 00 00 00 16 80 bc 55 00 c6 00 00 d5 01 00 00 
e3 03 05 00 00 00 00 00 00 00 00 00 43 13 16 80 bc 55 00 c7 00 00 36 02 00 00 37 02 0a 00 00 00 
00 00 00 00 00 16 80 bc 55 00 c8 00 00 74 02 00 00 34 02 1e 00 00 00 00 00 00 00 00 16 80 bc 15 
00 c9 00 00 11 00 00 00 ab 00 0d 00 00 00 00 00 00 00 00 16 80 bc 15 00 ca 00 00 11 00 00 00 0a 
02 4d 00 00 00 00 00 00 00 00 16 80 bc 15 00 cb 00 00 11 00 00 00 f2 03 34 00 00 00 00 00 00 00 
00 16 80 bc 15 00 cc 00 00 11 00 00 00 ed 03 4d 00 00 00 00 00 00 00 00 16 80 bc 15 00 cd 00 00 
11 00 00 00 9f 00 19 00 00 00 00 00 00 00 00 16 80 bc 15 00 ce 00 00 11 00 00 00 f1 03 34 00 00 
00 00 00 00 00 00 16 80 bc 15 00 cf 00 00 11 00 00 00 0c 02 34 00 00 00 00 00 00 00 00 16 80 bc 
15 00 d0 00 00 11 00 00 00 b7 00 4d 00 00 00 00 00 00 00 00 16 80 bc 15 00 d1 00 00 11 00 00 00 
f3 03 46 00 00 00 00 00 00 00 00 16 80 bc 11 00 d2 00 00 00 00 00 00 cb 02 00 00 00 00 00 00 00 
00 00 16 80 bc 45 03 11 00 00 02 00 00 00 11 00 32 00 00 00 00 00 00 00 00 16 80 bc 45 03 35 04 
00 62 00 00 00 35 04 00 00 00 00 00 00 00 00 00 16 80 bc 45 03 3d 04 00 43 00 00 00 3d 04 00 00 
00 00 00 00 00 00 00 16 80 bc 45 03 3e 04 00 4f 01 00 00 3e 04 00 00 00 00 00 00 00 00 00 16 80 
bc 45 03 3f 04 00 64 01 00 00 3f 04 00 00 00 00 00 00 00 00 00 16 80 bc 45 03 40 04 00 d5 01 00 
00 40 04 00 00 00 00 00 00 00 00 00 0b 80 bd 05 11 00 00 00 00 00 00 01 00 56 09 16 80 bc 56 00 
8e 00 00 0a 95 00 00 06 04 02 00 00 00 01 00 00 00 00 16 80 bc 56 00 8f 00 00 0a 95 00 00 b4 00 
11 00 00 00 01 00 00 00 00 16 80 bc 56 00 90 00 00 0a 95 00 00 b5 00 11 00 00 00 01 00 00 00 00 
16 80 bc 56 00 91 00 00 0a 95 00 00 07 04 02 00 00 00 01 00 00 00 00 16 80 bc 56 00 d3 00 00 0a 
95 00 00 06 04 02 00 00 00 00 00 00 00 00 16 80 bc 56 00 d4 00 00 0a 95 00 00 b4 00 11 00 00 00 
00 00 00 00 00 16 80 bc 56 00 d5 00 00 0a 95 00 00 b5 00 11 00 00 00 00 00 00 00 00 16 80 bc 56 
00 d6 00 00 0a 95 00 00 07 04 02 00 00 00 00 00 00 00 00 16 80 bc 56 00 92 00 00 8a b2 00 00 23 
04 02 00 00 00 01 00 00 00 00 
....@....U........s.............U......................U....................C....U....6...7.....
........U....t...4...............................................M......................4.......
...............M.............................................4......................4...........
...........M......................F..................................E..........2...........E.5.
.b...5.............E.=..C...=.............E.>..O...>.............E.?..d...?.............E.@.....
.@.......................V....V......................V......................V...................
...V......................V......................V......................V......................V
......................V........#..........

Client->GAME [11:28:22 07/17/09] packet size: 1 CRYPTED, Flags: 7f ServerSeq: 15 ClientSeq: 10
02 
.

GAME->Client [11:28:22 07/17/09] packet size: 696 CRYPTED, Flags: 7f ServerSeq: 16 ClientSeq: 9
02 04 01 00 5f 1e 16 80 bc 56 00 93 00 00 8a b2 00 00 21 04 01 00 00 00 01 00 00 00 00 16 80 bc 
56 00 94 00 00 8a b2 00 00 b4 00 1d 00 00 00 01 00 00 00 00 16 80 bc 56 00 95 00 00 8a b2 00 00 
09 04 1d 00 00 00 01 00 00 00 00 16 80 bc 56 00 96 00 00 8a b2 00 00 9d 00 1d 00 00 00 01 00 00 
00 00 16 80 bc 56 00 97 00 00 8a b2 00 00 06 04 01 00 00 00 01 00 00 00 00 16 80 bc 56 00 d7 00 
00 8a b2 00 00 23 04 02 00 00 00 00 00 00 00 00 16 80 bc 56 00 d8 00 00 8a b2 00 00 21 04 01 00 
00 00 00 00 00 00 00 16 80 bc 56 00 d9 00 00 8a b2 00 00 b4 00 1d 00 00 00 00 00 00 00 00 16 80 
bc 56 00 da 00 00 8a b2 00 00 09 04 1d 00 00 00 00 00 00 00 00 16 80 bc 56 00 db 00 00 8a b2 00 
00 9d 00 1d 00 00 00 00 00 00 00 00 16 80 bc 56 00 dc 00 00 8a b2 00 00 06 04 01 00 00 00 00 00 
00 00 00 16 80 bc 56 00 98 00 00 24 b3 00 00 89 02 02 00 00 00 01 00 00 00 00 16 80 bc 56 00 99 
00 00 24 b3 00 00 1a 04 01 00 00 00 01 00 00 00 00 16 80 bc 56 00 9a 00 00 24 b3 00 00 b4 00 21 
00 00 00 01 00 00 00 00 16 80 bc 56 00 9b 00 00 24 b3 00 00 09 04 21 00 00 00 01 00 00 00 00 16 
80 bc 56 00 9c 00 00 24 b3 00 00 15 04 02 00 00 00 01 00 00 00 00 16 80 bc 56 00 9d 00 00 24 b3 
00 00 b5 00 21 00 00 00 01 00 00 00 00 16 80 bc 56 00 dd 00 00 24 b3 00 00 89 02 02 00 00 00 00 
00 00 00 00 16 80 bc 56 00 de 00 00 24 b3 00 00 1a 04 01 00 00 00 00 00 00 00 00 16 80 bc 56 00 
df 00 00 24 b3 00 00 b4 00 21 00 00 00 00 00 00 00 00 16 80 bc 56 00 e0 00 00 24 b3 00 00 09 04 
21 00 00 00 00 00 00 00 00 16 80 bc 56 00 e1 00 00 24 b3 00 00 15 04 02 00 00 00 00 00 00 00 00 
16 80 bc 56 00 e2 00 00 24 b3 00 00 b5 00 21 00 00 00 00 00 00 00 00 16 80 bc 56 00 9e 00 00 95 
a7 00 00 b4 00 12 00 00 00 01 00 00 00 00 16 80 bc 56 00 9f 00 00 95 a7 00 00 b5 00 12 00 00 00 
01 00 00 00 00 16 80 bc 56 00 a0 00 00 95 a7 00 00 09 04 12 00 00 00 01 00 00 00 00 16 80 bc 56 
00 a1 00 00 95 a7 00 00 70 00 0f 00 00 00 01 00 00 00 00 16 80 bc 56 00 e3 00 00 95 a7 00 00 b4 
00 12 00 00 00 00 00 00 00 00 16 80 bc 56 00 e4 00 00 95 a7 00 00 b5 00 12 00 00 00 00 00 00 00 
00 16 80 bc 56 00 e5 00 00 95 a7 00 00 09 04 12 00 00 00 00 00 00 00 00 
...._....V........!.............V......................V......................V.................
.....V......................V........#.............V........!.............V.....................
.V......................V......................V......................V....$.................V..
..$.................V....$.....!...........V....$.....!...........V....$.................V....$.
....!...........V....$.................V....$.................V....$.....!...........V....$.....
!...........V....$.................V....$.....!...........V......................V..............
........V......................V........p.............V......................V..................
....V...................

Client->GAME [11:28:22 07/17/09] packet size: 1 CRYPTED, Flags: 7f ServerSeq: 0 ClientSeq: 11
02 
.

GAME->Client [11:28:22 07/17/09] packet size: 699 CRYPTED, Flags: 7f ServerSeq: 17 ClientSeq: 10
02 04 02 00 7d 18 16 80 bc 56 00 e6 00 00 95 a7 00 00 70 00 0f 00 00 00 00 00 00 00 00 16 80 bc 
56 00 a2 00 00 2c b3 00 00 17 04 01 00 00 00 01 00 00 00 00 16 80 bc 56 00 a3 00 00 2c b3 00 00 
b4 00 21 00 00 00 01 00 00 00 00 16 80 bc 56 00 a4 00 00 2c b3 00 00 09 04 21 00 00 00 01 00 00 
00 00 16 80 bc 56 00 a5 00 00 2c b3 00 00 12 04 02 00 00 00 01 00 00 00 00 16 80 bc 56 00 a6 00 
00 2c b3 00 00 07 04 02 00 00 00 01 00 00 00 00 16 80 bc 56 00 a7 00 00 2c b3 00 00 b5 00 21 00 
00 00 01 00 00 00 00 16 80 bc 56 00 e7 00 00 2c b3 00 00 17 04 01 00 00 00 00 00 00 00 00 16 80 
bc 56 00 e8 00 00 2c b3 00 00 b4 00 21 00 00 00 00 00 00 00 00 16 80 bc 56 00 e9 00 00 2c b3 00 
00 09 04 21 00 00 00 00 00 00 00 00 16 80 bc 56 00 ea 00 00 2c b3 00 00 12 04 02 00 00 00 00 00 
00 00 00 16 80 bc 56 00 eb 00 00 2c b3 00 00 07 04 02 00 00 00 00 00 00 00 00 16 80 bc 56 00 ec 
00 00 2c b3 00 00 b5 00 21 00 00 00 00 00 00 00 00 16 80 bc 56 00 a8 00 00 c3 b2 00 00 89 02 02 
00 00 00 01 00 00 00 00 16 80 bc 56 00 a9 00 00 c3 b2 00 00 21 04 02 00 00 00 01 00 00 00 00 16 
80 bc 56 00 aa 00 00 c3 b2 00 00 b4 00 1f 00 00 00 01 00 00 00 00 16 80 bc 56 00 ab 00 00 c3 b2 
00 00 09 04 1f 00 00 00 01 00 00 00 00 16 80 bc 56 00 ac 00 00 c3 b2 00 00 1e 04 01 00 00 00 01 
00 00 00 00 16 80 bc 56 00 ad 00 00 c3 b2 00 00 9d 00 1f 00 00 00 01 00 00 00 00 16 80 bc 56 00 
ed 00 00 c3 b2 00 00 89 02 02 00 00 00 00 00 00 00 00 16 80 bc 56 00 ee 00 00 c3 b2 00 00 21 04 
02 00 00 00 00 00 00 00 00 16 80 bc 56 00 ef 00 00 c3 b2 00 00 b4 00 1f 00 00 00 00 00 00 00 00 
16 80 bc 56 00 f0 00 00 c3 b2 00 00 09 04 1f 00 00 00 00 00 00 00 00 16 80 bc 56 00 f1 00 00 c3 
b2 00 00 1e 04 01 00 00 00 00 00 00 00 00 00 95 06 16 80 bc 56 00 f2 00 00 c3 b2 00 00 9d 00 1f 
00 00 00 00 00 00 00 00 16 80 bc 15 00 c9 00 00 11 00 00 00 ab 00 0d 00 00 00 01 00 00 00 00 16 
80 bc 15 00 ca 00 00 11 00 00 00 0a 02 4d 00 00 00 01 00 00 00 00 16 80 bc 15 00 cb 00 00 11 00 
00 00 f2 03 34 00 00 00 01 00 00 00 00 16 80 bc 15 00 cc 00 00 11 00 00 00 ed 03 4d 00 00 00 01 
00 00 00 00 16 80 bc 15 00 cd 00 00 11 00 00 00 9f 00 19 00 00 00 01 00 00 00 00 
....}....V........p.............V....,.................V....,.....!...........V....,.....!......
.....V....,.................V....,.................V....,.....!...........V....,................
.V....,.....!...........V....,.....!...........V....,.................V....,.................V..
..,.....!...........V......................V........!.............V......................V......
................V......................V......................V......................V........!.
............V......................V......................V.........................V...........
.............................................M......................4......................M....
...........................

Client->GAME [11:28:22 07/17/09] packet size: 1 CRYPTED, Flags: 7f ServerSeq: 1 ClientSeq: 12
02 
.

GAME->Client [11:28:22 07/17/09] packet size: 711 CRYPTED, Flags: 7f ServerSeq: 18 ClientSeq: 11
02 04 01 00 9b 21 16 80 bc 15 00 ce 00 00 11 00 00 00 f1 03 34 00 00 00 01 00 00 00 00 16 80 bc 
15 00 cf 00 00 11 00 00 00 0c 02 34 00 00 00 01 00 00 00 00 16 80 bc 15 00 d0 00 00 11 00 00 00 
b7 00 4d 00 00 00 01 00 00 00 00 16 80 bc 15 00 d1 00 00 11 00 00 00 f3 03 46 00 00 00 01 00 00 
00 00 0b 80 bd 05 11 00 00 00 00 00 00 00 16 80 bc 15 00 f3 00 00 11 00 00 00 ab 00 0d 00 00 00 
00 00 00 00 00 16 80 bc 15 00 f4 00 00 11 00 00 00 0a 02 4d 00 00 00 00 00 00 00 00 16 80 bc 15 
00 f5 00 00 11 00 00 00 f2 03 34 00 00 00 00 00 00 00 00 16 80 bc 15 00 f6 00 00 11 00 00 00 ed 
03 4d 00 00 00 00 00 00 00 00 16 80 bc 15 00 f7 00 00 11 00 00 00 9f 00 19 00 00 00 00 00 00 00 
00 16 80 bc 15 00 f8 00 00 11 00 00 00 f1 03 34 00 00 00 00 00 00 00 00 16 80 bc 15 00 f9 00 00 
11 00 00 00 0c 02 34 00 00 00 00 00 00 00 00 16 80 bc 15 00 fa 00 00 11 00 00 00 b7 00 4d 00 00 
00 00 00 00 00 00 16 80 bc 15 00 fb 00 00 11 00 00 00 f3 03 46 00 00 00 00 00 00 00 00 0b 80 bd 
05 11 00 00 00 00 00 00 01 16 80 bc 15 00 f3 00 00 11 00 00 00 ab 00 0d 00 00 00 01 00 00 00 00 
16 80 bc 15 00 f4 00 00 11 00 00 00 0a 02 4d 00 00 00 01 00 00 00 00 16 80 bc 15 00 f5 00 00 11 
00 00 00 f2 03 34 00 00 00 01 00 00 00 00 16 80 bc 15 00 f6 00 00 11 00 00 00 ed 03 4d 00 00 00 
01 00 00 00 00 16 80 bc 15 00 f7 00 00 11 00 00 00 9f 00 19 00 00 00 01 00 00 00 00 16 80 bc 15 
00 f8 00 00 11 00 00 00 f1 03 34 00 00 00 01 00 00 00 00 16 80 bc 15 00 f9 00 00 11 00 00 00 0c 
02 34 00 00 00 01 00 00 00 00 16 80 bc 15 00 fa 00 00 11 00 00 00 b7 00 4d 00 00 00 01 00 00 00 
00 16 80 bc 15 00 fb 00 00 11 00 00 00 f3 03 46 00 00 00 01 00 00 00 00 04 80 b3 11 00 16 80 bc 
45 03 11 00 00 02 00 00 00 11 00 32 00 00 00 01 00 00 00 00 16 80 bc 55 00 ae 00 00 02 00 00 00 
cc 00 0c 00 00 00 01 00 00 00 00 08 80 b2 11 00 32 00 08 02 16 80 bc 45 03 11 00 00 02 00 00 00 
11 00 32 00 00 00 00 00 00 00 00 16 80 bc 55 00 fc 00 00 02 00 00 00 cc 00 0c 00 00 00 00 00 00 
00 00 16 80 bc 15 00 fd 00 00 11 00 00 00 ab 00 0d 00 00 00 00 00 00 00 00 16 80 bc 15 00 fe 00 
00 11 00 00 00 0a 02 4d 00 00 00 00 00 00 00 00 16 80 bc 15 00 ff 00 00 11 00 00 00 f2 03 34 00 
00 00 00 00 00 00 00 
.....!..............4......................4......................M......................F......
...................................................M......................4.....................
.M.............................................4......................4......................M..
....................F.........................................................M.................
.....4......................M.............................................4.....................
.4......................M......................F................E..........2...........U........
................2......E..........2...........U.................................................
.......M......................4........

Client->GAME [11:28:22 07/17/09] packet size: 1 CRYPTED, Flags: 7f ServerSeq: 2 ClientSeq: 13
02 
.

GAME->Client [11:28:22 07/17/09] packet size: 695 CRYPTED, Flags: 7f ServerSeq: 19 ClientSeq: 12
02 04 02 00 bc 1c 16 80 bc 15 00 00 01 00 11 00 00 00 ed 03 4d 00 00 00 00 00 00 00 00 16 80 bc 
15 00 01 01 00 11 00 00 00 9f 00 19 00 00 00 00 00 00 00 00 16 80 bc 15 00 02 01 00 11 00 00 00 
f1 03 34 00 00 00 00 00 00 00 00 16 80 bc 15 00 03 01 00 11 00 00 00 0c 02 34 00 00 00 00 00 00 
00 00 16 80 bc 15 00 04 01 00 11 00 00 00 b7 00 4d 00 00 00 00 00 00 00 00 16 80 bc 15 00 05 01 
00 11 00 00 00 f3 03 46 00 00 00 00 00 00 00 00 16 80 bc 55 00 af 00 00 0b 00 00 00 37 02 96 00 
00 00 01 00 00 00 00 16 80 bc 55 00 06 01 00 0b 00 00 00 37 02 96 00 00 00 00 00 00 00 00 16 80 
bc 55 00 b0 00 00 2d 00 00 00 23 04 0a 00 00 00 01 00 00 00 00 16 80 bc 55 00 b1 00 00 2d 00 00 
00 20 04 0a 00 00 00 01 00 00 00 00 16 80 bc 55 00 b2 00 00 2d 00 00 00 19 04 05 00 00 00 01 00 
00 00 00 16 80 bc 55 00 b3 00 00 2d 00 00 00 42 04 05 00 00 00 01 00 00 00 00 16 80 bc 55 00 07 
01 00 2d 00 00 00 23 04 0a 00 00 00 00 00 00 00 00 16 80 bc 55 00 08 01 00 2d 00 00 00 20 04 0a 
00 00 00 00 00 00 00 00 16 80 bc 55 00 09 01 00 2d 00 00 00 19 04 05 00 00 00 00 00 00 00 00 16 
80 bc 55 00 0a 01 00 2d 00 00 00 42 04 05 00 00 00 00 00 00 00 00 16 80 bc 55 00 b4 00 00 34 00 
00 00 83 02 c8 00 00 00 01 00 00 00 00 16 80 bc 55 00 0b 01 00 34 00 00 00 83 02 c8 00 00 00 00 
00 00 00 00 04 80 b3 3d 04 16 80 bc 45 03 3d 04 00 43 00 00 00 3d 04 00 00 00 00 01 00 00 00 00 
08 80 b2 3d 04 00 00 08 02 16 80 bc 45 03 3d 04 00 43 00 00 00 3d 04 00 00 00 00 00 00 00 00 00 
16 80 bc 55 00 b5 00 00 4b 00 00 00 1f 04 19 00 00 00 01 00 00 00 00 16 80 bc 55 00 0c 01 00 4b 
00 00 00 1f 04 19 00 00 00 00 00 00 00 00 16 80 bc 55 00 b6 00 00 5f 00 00 00 7c 04 0f 00 00 00 
01 00 00 00 00 16 80 bc 55 00 b7 00 00 5f 00 00 00 07 04 0f 00 00 00 01 00 00 00 00 16 80 bc 55 
00 0d 01 00 5f 00 00 00 7c 04 0f 00 00 00 00 00 00 00 00 16 80 bc 55 00 0e 01 00 5f 00 00 00 07 
04 0f 00 00 00 00 00 00 00 00 00 d8 04 16 80 bc 55 00 b8 00 00 62 00 00 00 06 04 01 00 00 00 01 
00 00 00 00 04 80 b3 35 04 16 80 bc 45 03 35 04 00 62 00 00 00 35 04 00 00 00 00 01 00 00 00 00 
16 80 bc 55 00 b9 00 00 62 00 00 00 15 04 01 00 00 00 01 00 00 00 00 
....................M.............................................4......................4......
................M......................F...........U........7.............U........7............
.U....-...#.............U....-... .............U....-.................U....-...B.............U..
..-...#.............U....-... .............U....-.................U....-...B.............U....4.
................U....4.................=....E.=..C...=.............=........E.=..C...=..........
...U....K.................U....K.................U...._...|.............U...._.................U
...._...|.............U...._....................U....b.................5....E.5..b...5..........
...U....b..............

Client->GAME [11:28:22 07/17/09] packet size: 1 CRYPTED, Flags: 7f ServerSeq: 3 ClientSeq: 14
02 
.

GAME->Client [11:28:23 07/17/09] packet size: 710 CRYPTED, Flags: 7f ServerSeq: 20 ClientSeq: 13
02 04 01 00 dc 22 16 80 bc 55 00 0f 01 00 62 00 00 00 06 04 01 00 00 00 00 00 00 00 00 08 80 b2 
35 04 00 00 08 02 16 80 bc 45 03 35 04 00 62 00 00 00 35 04 00 00 00 00 00 00 00 00 00 16 80 bc 
55 00 10 01 00 62 00 00 00 15 04 01 00 00 00 00 00 00 00 00 04 80 b3 3e 04 16 80 bc 45 03 3e 04 
00 4f 01 00 00 3e 04 00 00 00 00 01 00 00 00 00 08 80 b2 3e 04 00 00 08 02 16 80 bc 45 03 3e 04 
00 4f 01 00 00 3e 04 00 00 00 00 00 00 00 00 00 16 80 bc 55 00 ba 00 00 5a 01 00 00 07 04 05 00 
00 00 01 00 00 00 00 16 80 bc 55 00 bb 00 00 5a 01 00 00 1d 04 0f 00 00 00 01 00 00 00 00 16 80 
bc 55 00 11 01 00 5a 01 00 00 07 04 05 00 00 00 00 00 00 00 00 16 80 bc 55 00 12 01 00 5a 01 00 
00 1d 04 0f 00 00 00 00 00 00 00 00 04 80 b3 3f 04 16 80 bc 45 03 3f 04 00 64 01 00 00 3f 04 00 
00 00 00 01 00 00 00 00 16 80 bc 55 00 bc 00 00 64 01 00 00 1f 04 05 00 00 00 01 00 00 00 00 08 
80 b2 3f 04 00 00 08 02 16 80 bc 45 03 3f 04 00 64 01 00 00 3f 04 00 00 00 00 00 00 00 00 00 16 
80 bc 55 00 13 01 00 64 01 00 00 1f 04 05 00 00 00 00 00 00 00 00 16 80 bc 55 00 bd 00 00 66 01 
00 00 7b 04 05 00 00 00 01 00 00 00 00 16 80 bc 55 00 be 00 00 66 01 00 00 12 04 0a 00 00 00 01 
00 00 00 00 16 80 bc 55 00 bf 00 00 66 01 00 00 06 04 0b 00 00 00 01 00 00 00 00 16 80 bc 55 00 
14 01 00 66 01 00 00 7b 04 05 00 00 00 00 00 00 00 00 16 80 bc 55 00 15 01 00 66 01 00 00 12 04 
0a 00 00 00 00 00 00 00 00 16 80 bc 55 00 16 01 00 66 01 00 00 06 04 0b 00 00 00 00 00 00 00 00 
16 80 bc 55 00 c0 00 00 8e 01 00 00 03 04 05 00 00 00 01 00 00 00 00 16 80 bc 55 00 c1 00 00 8e 
01 00 00 12 04 0f 00 00 00 01 00 00 00 00 16 80 bc 55 00 c2 00 00 8e 01 00 00 77 04 05 00 00 00 
01 00 00 00 00 16 80 bc 55 00 17 01 00 8e 01 00 00 03 04 05 00 00 00 00 00 00 00 00 16 80 bc 55 
00 18 01 00 8e 01 00 00 12 04 0f 00 00 00 00 00 00 00 00 16 80 bc 55 00 19 01 00 8e 01 00 00 77 
04 05 00 00 00 00 00 00 00 00 16 80 bc 55 00 c3 00 00 cd 01 00 00 e5 03 05 00 00 00 01 00 00 00 
00 16 80 bc 55 00 c4 00 00 cd 01 00 00 73 04 05 00 00 00 01 00 00 00 00 16 80 bc 55 00 c5 00 00 
cd 01 00 00 e3 03 0f 00 00 00 01 00 00 00 00 16 80 bc 55 00 1a 01 00 cd 01 00 00 e5 03 05 00 00 
00 00 00 00 00 00 
....."...U....b.................5........E.5..b...5.............U....b.................>....E.>.
.O...>.............>........E.>..O...>.............U....Z.................U....Z................
.U....Z.................U....Z.................?....E.?..d...?.............U....d...............
..?........E.?..d...?.............U....d.................U....f...{.............U....f..........
.......U....f.................U....f...{.............U....f.................U....f..............
...U......................U......................U........w.............U......................U
......................U........w.............U......................U........s.............U....
..................U...................

Client->GAME [11:28:23 07/17/09] packet size: 1 CRYPTED, Flags: 7f ServerSeq: 4 ClientSeq: 15
02 
.

GAME->Client [11:28:23 07/17/09] packet size: 726 CRYPTED, Flags: 7f ServerSeq: 21 ClientSeq: 14
02 03 01 00 0c 57 02 6c cd ab 13 8e 47 6f 6c 64 20 42 6c 6f 6f 64 20 42 72 6f 74 68 65 72 00 00 
00 00 00 00 00 00 00 00 00 00 00 00 00 10 00 00 22 d5 01 64 5f 1c 00 c6 01 80 c3 d8 09 00 58 4c 
0a 00 28 00 00 00 c4 2a 71 e6 40 00 00 00 00 00 44 91 c0 00 00 00 80 23 ed a5 c0 c0 01 82 03 a8 
0d 77 01 b2 09 77 01 07 08 00 00 81 b5 02 00 00 02 03 1b 00 00 01 00 08 d0 20 fc 09 e0 03 10 cd 
ab 08 fd 00 00 00 00 40 5d e7 40 00 00 00 00 00 44 91 c0 00 00 00 00 00 44 b6 c0 41 6d 65 74 68 
79 73 74 00 00 00 00 00 00 00 00 00 00 00 00 00 00 00 00 00 00 00 00 00 00 00 00 00 00 00 00 00 
00 00 00 00 00 00 00 00 00 00 00 00 00 00 00 00 00 00 00 00 00 00 00 00 00 00 00 02 00 00 3a 00 
f9 0a 00 58 00 00 03 00 00 00 00 00 5c 83 6c 3f 00 00 00 00 17 ef c3 3e 19 00 00 01 00 0c 57 02 
6d cd ab 13 8e 47 6f 6c 64 20 42 6c 6f 6f 64 20 45 6e 74 68 75 73 69 61 73 74 00 00 00 00 00 00 
00 00 00 00 00 00 10 00 00 22 d5 01 08 60 1c 00 c6 01 80 c3 d9 09 00 58 4c 0a 00 28 00 00 00 fc 
54 58 e6 40 00 00 00 00 00 44 91 c0 00 00 00 c0 73 5b aa c0 c0 01 82 02 a8 0d 32 02 b2 09 32 02 
07 08 00 00 81 b5 02 00 00 02 03 17 00 00 01 00 0c 57 02 6e cd ab 10 8e 47 6f 6c 64 20 42 6c 6f 
6f 64 20 45 6e 74 68 75 73 69 61 73 74 00 00 00 00 00 00 00 00 00 00 00 00 10 00 00 22 d0 60 1c 
00 c6 01 80 c1 d7 09 00 58 00 00 00 00 20 e9 e4 40 00 00 00 00 00 44 91 c0 00 00 00 00 da 85 80 
c0 c0 01 82 02 a8 0d 32 02 b2 09 32 02 07 08 00 00 81 b5 02 00 00 02 03 15 00 00 00 00 04 01 00 
fe 0c 16 80 bc 55 00 1b 01 00 cd 01 00 00 73 04 05 00 00 00 00 00 00 00 00 16 80 bc 55 00 1c 01 
00 cd 01 00 00 e3 03 0f 00 00 00 00 00 00 00 00 04 80 b3 40 04 16 80 bc 45 03 40 04 00 d5 01 00 
00 40 04 00 00 00 00 01 00 00 00 00 16 80 bc 55 00 c6 00 00 d5 01 00 00 e3 03 05 00 00 00 01 00 
00 00 00 08 80 b2 40 04 00 00 08 02 16 80 bc 45 03 40 04 00 d5 01 00 00 40 04 00 00 00 00 00 00 
00 00 00 16 80 bc 55 00 1d 01 00 d5 01 00 00 e3 03 05 00 00 00 00 00 00 00 00 16 80 bc 55 00 c7 
00 00 36 02 00 00 37 02 0a 00 00 00 01 00 00 00 00 16 80 bc 55 00 1e 01 00 36 02 00 00 37 02 0a 
00 00 00 00 00 00 00 00 16 80 bc 55 00 c8 00 00 74 02 00 00 34 02 1e 00 00 00 01 00 00 00 00 16 
80 bc 55 00 1f 01 00 74 02 00 00 34 02 1e 00 00 00 00 00 00 00 00 
.....W.l....Gold Blood Brother.................."..d_.........XL..(....*q.@.....D......#........
.w...w................... .............@].@.....D.......D..Amethyst.............................
..............................:....X........\.l?.......>......W.m....Gold Blood Enthusiast......
........."...`.........XL..(....TX.@.....D......s[........2...2..................W.n....Gold Blo
od Enthusiast...............".`.........X.... ..@.....D................2...2....................
.....U........s.............U......................@....E.@......@.............U................
......@........E.@......@.............U......................U....6...7.............U....6...7..
...........U....t...4.............U....t...4..........

Client->GAME [11:28:23 07/17/09] packet size: 1 CRYPTED, Flags: 7f ServerSeq: 5 ClientSeq: 16
02 
.

Client->GAME [11:28:23 07/17/09] packet size: 63 CRYPTED, Flags: 7f ServerSeq: 5 ClientSeq: 17
02 04 01 00 07 03 12 80 c9 07 00 c0 0a 00 68 3f 47 00 c0 94 c4 00 00 7a c4 12 80 c9 0e 00 c0 0a 
00 68 3f 47 00 c0 94 c4 00 60 6a c6 12 80 c9 07 00 10 11 00 28 20 47 00 c0 94 c4 00 00 7a 44 
..............h?G......z.........h?G.....`j.........( G......zD

GAME->Client [11:28:23 07/17/09] packet size: 724 CRYPTED, Flags: 7f ServerSeq: 22 ClientSeq: 15
02 03 01 00 08 50 02 f4 09 e0 03 3c cd ab 02 09 00 00 00 00 00 e6 e4 40 00 00 00 00 00 a4 90 c0 
00 00 00 00 00 c2 b5 c0 00 00 00 00 00 00 80 3f 00 00 00 00 2e bd 3b b3 13 00 00 01 00 0c 57 02 
6f cd ab 15 8e 47 6f 6c 64 20 42 6c 6f 6f 64 20 43 68 61 6d 70 69 6f 6e 00 00 00 00 00 00 00 00 
00 00 00 00 00 00 10 00 00 22 d5 01 fc 61 1c 00 c6 01 80 d3 d7 09 00 58 4c 0a 00 28 0a 00 00 00 
e4 5b 07 e5 40 00 00 00 00 00 44 91 c0 00 00 00 00 f0 01 8b c0 c0 01 83 01 01 a8 0d ee 02 b2 04 
ee 02 07 08 00 00 81 b5 02 00 00 02 03 11 00 00 01 00 0c 57 02 70 cd ab 13 8e 47 6f 6c 64 20 42 
6c 6f 6f 64 20 43 68 61 6d 70 69 6f 6e 00 00 00 00 00 00 00 00 00 00 00 00 00 00 10 00 00 22 d5 
01 9f 61 1c 00 c6 01 80 c3 d7 09 00 58 4c 0a 00 28 00 00 00 54 43 cc e6 40 00 00 00 00 00 44 91 
c0 00 00 00 c0 06 66 a4 c0 c0 01 82 01 a8 0d ee 02 b2 04 ee 02 07 08 00 00 81 b5 02 00 00 02 03 
0f 00 00 01 00 0c 57 02 71 cd ab 13 8e 47 6f 6c 64 20 42 6c 6f 6f 64 20 45 6e 74 68 75 73 69 61 
73 74 00 00 00 00 00 00 00 00 00 00 00 00 10 00 00 22 d5 01 5f 60 1c 00 c6 01 80 c3 d7 09 00 58 
4c 0a 00 28 00 00 00 6c 14 71 e6 40 00 00 00 00 00 44 91 c0 00 00 00 80 1a e9 b1 c0 c0 01 82 02 
a8 0d 32 02 b2 09 32 02 07 08 00 00 81 b5 02 00 00 02 03 0d 00 00 00 00 04 01 01 0a 0e 16 80 bc 
15 00 fd 00 00 11 00 00 00 ab 00 0d 00 00 00 01 00 00 00 00 16 80 bc 15 00 fe 00 00 11 00 00 00 
0a 02 4d 00 00 00 01 00 00 00 00 16 80 bc 15 00 ff 00 00 11 00 00 00 f2 03 34 00 00 00 01 00 00 
00 00 16 80 bc 15 00 00 01 00 11 00 00 00 ed 03 4d 00 00 00 01 00 00 00 00 16 80 bc 15 00 01 01 
00 11 00 00 00 9f 00 19 00 00 00 01 00 00 00 00 16 80 bc 15 00 02 01 00 11 00 00 00 f1 03 34 00 
00 00 01 00 00 00 00 16 80 bc 15 00 03 01 00 11 00 00 00 0c 02 34 00 00 00 01 00 00 00 00 16 80 
bc 15 00 04 01 00 11 00 00 00 b7 00 4d 00 00 00 01 00 00 00 00 16 80 bc 15 00 05 01 00 11 00 00 
00 f3 03 46 00 00 00 01 00 00 00 00 0b 80 bd 05 11 00 00 00 00 00 00 00 16 80 bc 15 00 20 01 00 
11 00 00 00 ab 00 0d 00 00 00 00 00 00 00 00 16 80 bc 15 00 21 01 00 11 00 00 00 0a 02 4d 00 00 
00 00 00 00 00 00 16 80 bc 15 00 22 01 00 11 00 00 00 f2 03 34 00 00 00 00 00 00 00 00 16 80 bc 
15 00 23 01 00 11 00 00 00 ed 03 4d 00 00 00 00 00 00 00 00 
.....P.....<...........@.......................?......;.......W.o....Gold Blood Champion........
........."...a.........XL..(.....[..@.....D........................................W.p....Gold B
lood Champion................."...a.........XL..(...TC..@.....D.......f.........................
......W.q....Gold Blood Enthusiast...............".._`.........XL..(...l.q.@.....D..............
..2...2...........................................................M......................4......
................M.............................................4......................4..........
............M......................F......................... ......................!........M..
..........."........4.............#........M........

Client->GAME [11:28:23 07/17/09] packet size: 1 CRYPTED, Flags: 7f ServerSeq: 6 ClientSeq: 18
02 
.

GAME->Client [11:28:23 07/17/09] packet size: 679 CRYPTED, Flags: 7f ServerSeq: 23 ClientSeq: 1
82 35 b7 92 47 03 01 00 02 13 00 11 00 02 0c f9 07 37 28 47 00 20 8a c4 20 85 52 c4 01 00 0c 57 
02 72 cd ab 13 8e 47 6f 6c 64 20 42 6c 6f 6f 64 20 42 72 6f 74 68 65 72 00 00 00 00 00 00 00 00 
00 00 00 00 00 00 00 10 00 00 22 d5 01 e4 5f 1c 00 c6 01 80 c3 d8 09 00 58 4c 0a 00 28 00 00 00 
a0 fc 75 e6 40 00 00 00 00 00 44 91 c0 00 00 00 80 7e 86 a0 c0 c0 01 82 03 a8 0d 77 01 b2 09 77 
01 07 08 00 00 81 b5 02 00 00 02 03 0b 00 00 01 00 0c 57 02 73 cd ab 13 8e 47 6f 6c 64 20 42 6c 
6f 6f 64 20 45 6e 74 68 75 73 69 61 73 74 00 00 00 00 00 00 00 00 00 00 00 00 10 00 00 22 d5 01 
91 60 1c 00 c6 01 80 c3 d7 09 00 58 4c 0a 00 28 00 00 00 a8 a5 ef e6 40 00 00 00 00 00 44 91 c0 
00 00 00 00 6e 05 99 c0 c0 01 82 02 a8 0d 32 02 b2 09 32 02 07 08 00 00 81 b5 02 00 00 02 03 09 
00 00 01 00 0c 57 02 74 cd ab 13 8e 47 6f 6c 64 20 42 6c 6f 6f 64 20 43 68 61 6d 70 69 6f 6e 00 
00 00 00 00 00 00 00 00 00 00 00 00 00 10 00 00 22 d5 01 b0 61 1c 00 c6 01 80 c3 d7 09 00 58 4c 
0a 00 28 00 00 00 f4 0e 52 e7 40 00 00 00 00 00 44 91 c0 00 00 00 00 52 d9 8d c0 c0 01 82 01 a8 
0d ee 02 b2 04 ee 02 07 08 00 00 81 b5 02 00 00 02 03 07 00 00 01 00 0c 57 02 69 cd ab 13 8e 47 
6f 6c 64 20 42 6c 6f 6f 64 20 43 68 61 6d 70 69 6f 6e 00 00 00 00 00 00 00 00 00 00 00 00 00 00 
10 00 00 22 d5 01 b2 61 1c 00 c6 01 80 c3 d7 09 00 58 4c 0a 00 28 00 00 00 98 8d 27 e7 40 00 00 
00 00 00 44 91 c0 00 00 00 10 0e da c5 c0 c0 01 82 01 a8 0d ee 02 b2 04 ee 02 07 08 00 00 81 b5 
02 00 00 02 03 05 00 00 00 00 04 02 01 18 06 16 80 bc 15 00 24 01 00 11 00 00 00 9f 00 19 00 00 
00 00 00 00 00 00 16 80 bc 15 00 25 01 00 11 00 00 00 f1 03 34 00 00 00 00 00 00 00 00 16 80 bc 
15 00 26 01 00 11 00 00 00 0c 02 34 00 00 00 00 00 00 00 00 16 80 bc 15 00 27 01 00 11 00 00 00 
b7 00 4d 00 00 00 00 00 00 00 00 16 80 bc 15 00 28 01 00 11 00 00 00 f3 03 46 00 00 00 00 00 00 
00 00 0b 80 bd 05 11 00 00 00 00 00 00 01 01 1e 02 17 3a 05 00 11 00 0a 00 50 76 50 53 65 72 76 
65 72 00 04 00 06 00 00 00 1d 3a 05 00 17 00 10 00 50 76 50 4d 61 78 53 61 66 65 4c 65 76 65 6c 
00 04 00 0f 00 00 00 
.5..G............7(G. .. .R....W.r....Gold Blood Brother.................."..._.........XL..(...
..u.@.....D......~.........w...w..................W.s....Gold Blood Enthusiast..............."..
.`.........XL..(.......@.....D......n.........2...2..................W.t....Gold Blood Champion.
................"...a.........XL..(.....R.@.....D......R................................W.i....G
old Blood Champion................."...a.........XL..(.....'.@.....D............................
....................$......................%........4.............&........4.............'......
..M.............(........F........................:......PvPServer........:......PvPMaxSafeLevel
.......

Client->GAME [11:28:23 07/17/09] packet size: 1 CRYPTED, Flags: 7f ServerSeq: 7 ClientSeq: 19
02 
.

GAME->Client [11:28:23 07/17/09] packet size: 524 CRYPTED, Flags: 7f ServerSeq: 24 ClientSeq: 2
02 03 01 00 0c 57 02 75 cd ab 13 8e 47 6f 6c 64 20 42 6c 6f 6f 64 20 43 68 61 6d 70 69 6f 6e 00 
00 00 00 00 00 00 00 00 00 00 00 00 00 10 00 00 22 d5 01 2e 61 1c 00 c6 01 80 c3 d7 09 00 58 4c 
0a 00 28 00 00 00 f8 a7 eb e6 40 00 00 00 00 00 44 91 c0 00 00 00 a0 78 c2 b2 c0 c0 01 82 01 a8 
0d ee 02 b2 04 ee 02 07 08 00 00 81 b5 02 00 00 02 03 03 00 00 00 00 04 01 01 20 08 3e 3a 05 00 
14 00 0d 00 57 52 5f 52 65 7a 45 76 65 6e 74 73 00 28 00 48 61 6c 6c 6f 77 65 65 6e 5f 45 76 65 
6e 74 2c 57 69 6e 74 65 72 33 48 61 6c 6c 6f 77 65 65 6e 46 6c 79 54 53 45 43 00 1b 3a 05 00 19 
00 12 00 45 76 65 6e 74 53 6c 6f 74 31 5f 45 66 66 65 63 74 00 00 00 28 3a 05 00 19 00 12 00 45 
76 65 6e 74 53 6c 6f 74 32 5f 45 66 66 65 63 74 00 0d 00 66 6c 79 6d 61 6e 5f 69 64 6c 65 33 00 
25 3a 05 00 19 00 12 00 45 76 65 6e 74 53 6c 6f 74 33 5f 45 66 66 65 63 74 00 0a 00 66 6c 79 5f 
76 69 72 75 73 00 1f 3a 05 00 1b 00 14 00 46 69 78 65 64 42 69 6e 6b 49 44 4f 76 65 72 72 69 64 
65 00 02 00 20 00 41 81 67 17 00 27 00 1c 22 00 c6 01 11 00 00 00 00 00 00 00 37 00 00 08 0e 00 
41 66 74 65 72 57 68 6f 72 75 4e 65 6f 00 0e 00 41 66 74 65 72 57 68 6f 72 75 4e 65 6f 00 02 00 
4d 00 00 00 00 00 00 00 41 81 67 17 00 27 00 1c 22 00 c6 01 11 00 00 00 00 00 00 00 37 00 00 08 
0e 00 41 66 74 65 72 57 68 6f 72 75 4e 65 6f 00 0e 00 41 66 74 65 72 57 68 6f 72 75 4e 65 6f 00 
02 00 4d 00 00 00 00 00 00 00 41 81 67 17 00 27 00 1c 22 00 c6 01 11 00 00 00 00 00 00 00 37 00 
00 08 0e 00 41 66 74 65 72 57 68 6f 72 75 4e 65 6f 00 0e 00 41 66 74 65 72 57 68 6f 72 75 4e 65 
6f 00 02 00 4d 00 00 00 00 00 00 00 
.....W.u....Gold Blood Champion................."...a.........XL..(.......@.....D......x........
.......................... .>:......WR_RezEvents.(.Halloween_Event,Winter3HalloweenFlyTSEC..:...
...EventSlot1_Effect...(:......EventSlot2_Effect...flyman_idle3.%:......EventSlot3_Effect...fly_
virus..:......FixedBinkIDOverride... .A.g..'.."...........7.....AfterWhoruNeo...AfterWhoruNeo...
M.......A.g..'.."...........7.....AfterWhoruNeo...AfterWhoruNeo...M.......A.g..'.."...........7.
....AfterWhoruNeo...AfterWhoruNeo...M.......

Client->GAME [11:28:23 07/17/09] packet size: 1 CRYPTED, Flags: 7f ServerSeq: 8 ClientSeq: 20
02 
.

GAME->Client [11:28:23 07/17/09] packet size: 22 CRYPTED, Flags: 7f ServerSeq: 25 ClientSeq: 3
02 03 05 00 02 0e 05 ad 6d 3c 39 47 00 20 8a c4 70 d0 2e c6 00 00 
........m<9G. ..p.....

Client->GAME [11:28:23 07/17/09] packet size: 1 CRYPTED, Flags: 7f ServerSeq: 9 ClientSeq: 21
02 
.

GAME->Client [11:28:23 07/17/09] packet size: 22 CRYPTED, Flags: 7f ServerSeq: 26 ClientSeq: 4
02 03 05 00 02 0e 05 a3 6d 3c 39 47 00 20 8a c4 70 d0 2e c6 00 00 
........m<9G. ..p.....

Client->GAME [11:28:23 07/17/09] packet size: 1 CRYPTED, Flags: 7f ServerSeq: 10 ClientSeq: 22
02 
.

GAME->Client [11:28:23 07/17/09] packet size: 39 CRYPTED, Flags: 7f ServerSeq: 27 ClientSeq: 5
02 03 0d 00 02 0e 05 55 a3 88 33 47 00 20 8a c4 d4 48 8f c5 05 00 02 0c 99 6d 3c 39 47 00 20 8a 
c4 70 d0 2e c6 00 00 
.......U..3G. ...H.......m<9G. ..p.....

Client->GAME [11:28:23 07/17/09] packet size: 1 CRYPTED, Flags: 7f ServerSeq: 11 ClientSeq: 23
02 
.

GAME->Client [11:28:23 07/17/09] packet size: 40 CRYPTED, Flags: 7f ServerSeq: 28 ClientSeq: 6
02 03 0d 00 02 0e 05 4b a3 88 33 47 00 20 8a c4 d4 48 8f c5 05 00 02 0e 01 8f 61 38 39 47 00 20 
8a c4 60 fa 2e c6 00 00 
.......K..3G. ...H........a89G. ..`.....

Client->GAME [11:28:23 07/17/09] packet size: 1 CRYPTED, Flags: 7f ServerSeq: 12 ClientSeq: 24
02 
.

GAME->Client [11:28:24 07/17/09] packet size: 56 CRYPTED, Flags: 7f ServerSeq: 29 ClientSeq: 7
02 03 11 00 02 08 f2 1f 28 47 00 20 8a c4 60 43 31 c4 0d 00 02 0e 01 41 04 9f 33 47 00 20 8a c4 
3e 58 8f c5 05 00 02 0e 01 85 45 34 39 47 00 20 8a c4 b2 52 2f c6 00 00 
........(G. ..`C1......A..3G. ..>X........E49G. ...R/...

Client->GAME [11:28:24 07/17/09] packet size: 1 CRYPTED, Flags: 7f ServerSeq: 13 ClientSeq: 25
02 
.

GAME->Client [11:28:24 07/17/09] packet size: 39 CRYPTED, Flags: 7f ServerSeq: 30 ClientSeq: 8
02 03 0d 00 02 0e 01 37 30 b5 33 47 00 20 8a c4 b4 3b 8f c5 05 00 02 0c 81 b8 33 39 47 00 20 8a 
c4 aa ac 2f c6 00 00 
.......70.3G. ...;........39G. ..../...

Client->GAME [11:28:24 07/17/09] packet size: 1 CRYPTED, Flags: 7f ServerSeq: 14 ClientSeq: 26
02 
.

GAME->Client [11:28:24 07/17/09] packet size: 22 CRYPTED, Flags: 7f ServerSeq: 31 ClientSeq: 10
02 03 0f 00 02 0e 04 a4 1b 62 36 47 00 20 8a c4 36 30 23 c5 00 00 
.........b6G. ..60#...

Client->GAME [11:28:24 07/17/09] packet size: 1 CRYPTED, Flags: 7f ServerSeq: 15 ClientSeq: 27
02 
.

GAME->Client [11:28:24 07/17/09] packet size: 43 CRYPTED, Flags: 7f ServerSeq: 32 ClientSeq: 10
82 f5 b7 92 47 03 0f 00 02 0e 04 ae 1b 62 36 47 00 20 8a c4 36 30 23 c5 05 00 02 0c 82 ae 30 39 
47 00 20 8a c4 78 6e 31 c6 00 00 
....G........b6G. ..60#.......09G. ..xn1...

Client->GAME [11:28:24 07/17/09] packet size: 1 CRYPTED, Flags: 7f ServerSeq: 0 ClientSeq: 28
02 
.

GAME->Client [11:28:24 07/17/09] packet size: 39 CRYPTED, Flags: 7f ServerSeq: 33 ClientSeq: 11
02 03 0f 00 02 0c b8 1b 62 36 47 00 20 8a c4 36 30 23 c5 05 00 02 0e 00 7c 68 30 39 47 00 20 8a 
c4 7a 9b 31 c6 00 00 
........b6G. ..60#......|h09G. ..z.1...

Client->GAME [11:28:24 07/17/09] packet size: 1 CRYPTED, Flags: 7f ServerSeq: 1 ClientSeq: 29
02 
.

GAME->Client [11:28:25 07/17/09] packet size: 55 CRYPTED, Flags: 7f ServerSeq: 34 ClientSeq: 12
02 03 0f 00 02 0c c2 1b 62 36 47 00 20 8a c4 36 30 23 c5 0d 00 02 08 e5 4e 34 47 00 20 8a c4 91 
27 8e c5 05 00 02 0e 00 7b 68 30 39 47 00 20 8a c4 7a 9b 31 c6 00 00 
........b6G. ..60#......N4G. ...'.......{h09G. ..z.1...

Client->GAME [11:28:25 07/17/09] packet size: 1 CRYPTED, Flags: 7f ServerSeq: 2 ClientSeq: 30
02 
.

GAME->Client [11:28:25 07/17/09] packet size: 38 CRYPTED, Flags: 7f ServerSeq: 35 ClientSeq: 13
02 03 11 00 02 08 57 fd 27 47 00 20 8a c4 60 cf fe c3 0f 00 02 0e 01 cc 47 4c 36 47 00 20 8a c4 
3a dd 22 c5 00 00 
......W.'G. ..`.........GL6G. ..:."...

Client->GAME [11:28:25 07/17/09] packet size: 1 CRYPTED, Flags: 7f ServerSeq: 3 ClientSeq: 31
02 
.

GAME->Client [11:28:25 07/17/09] packet size: 22 CRYPTED, Flags: 7f ServerSeq: 36 ClientSeq: 14
02 03 0f 00 02 0e 01 d6 5a 38 36 47 00 20 8a c4 c6 37 22 c5 00 00 
........Z86G. ...7"...

Client->GAME [11:28:25 07/17/09] packet size: 1 CRYPTED, Flags: 7f ServerSeq: 4 ClientSeq: 32
02 
.

GAME->Client [11:28:25 07/17/09] packet size: 39 CRYPTED, Flags: 7f ServerSeq: 37 ClientSeq: 15
02 03 1b 00 02 0e 01 32 84 9e 33 47 00 20 8a c4 de ef 2e c5 0f 00 02 0c d7 59 25 36 47 00 20 8a 
c4 3c 77 21 c5 00 00 
.......2..3G. ...........Y%6G. ..<w!...

Client->GAME [11:28:25 07/17/09] packet size: 1 CRYPTED, Flags: 7f ServerSeq: 5 ClientSeq: 33
02 
.

GAME->Client [11:28:25 07/17/09] packet size: 39 CRYPTED, Flags: 7f ServerSeq: 38 ClientSeq: 1
02 03 1b 00 02 0e 05 2d 2c d6 33 47 00 20 8a c4 40 b1 2d c5 0d 00 02 0c 38 8f d5 34 47 00 20 8a 
c4 44 3f 8d c5 00 00 
.......-,.3G. ..@.-.....8..4G. ..D?....

Client->GAME [11:28:25 07/17/09] packet size: 1 CRYPTED, Flags: 7f ServerSeq: 6 ClientSeq: 34
02 
.

GAME->Client [11:28:25 07/17/09] packet size: 22 CRYPTED, Flags: 7f ServerSeq: 39 ClientSeq: 1
02 03 1b 00 02 0e 05 23 2c d6 33 47 00 20 8a c4 40 b1 2d c5 00 00 
.......#,.3G. ..@.-...

Client->GAME [11:28:25 07/17/09] packet size: 1 CRYPTED, Flags: 7f ServerSeq: 7 ClientSeq: 35
02 
.

GAME->Client [11:28:25 07/17/09] packet size: 58 CRYPTED, Flags: 7f ServerSeq: 40 ClientSeq: 2
82 93 b8 92 47 03 1b 00 02 0c 19 2c d6 33 47 00 20 8a c4 40 b1 2d c5 0f 00 02 0c d6 ba c3 35 47 
00 20 8a c4 62 9f 1d c5 0d 00 02 08 a6 01 35 47 00 20 8a c4 9b f4 8c c5 00 00 
....G......,.3G. ..@.-........5G. ..b.........5G. ........

Client->GAME [11:28:25 07/17/09] packet size: 1 CRYPTED, Flags: 7f ServerSeq: 8 ClientSeq: 36
02 
.

