Client->GAME [12:28:32 07/17/09] packet size: 13 CRYPTED, Flags: 7f ServerSeq: 2565 ClientSeq: 2988
02 04 01 00 95 01 06 81 51 00 00 00 00 
........Q....

GAME->Client [12:28:32 07/17/09] packet size: 1 CRYPTED, Flags: 7f ServerSeq: 2662 ClientSeq: 2828
02 
.

Client->GAME [12:28:32 07/17/09] packet size: 15 CRYPTED, Flags: 7f ServerSeq: 2565 ClientSeq: 2989
02 04 01 00 96 01 08 80 c8 44 00 80 14 02 00 
.........D.....

GAME->Client [12:28:33 07/17/09] packet size: 250 CRYPTED, Flags: 7f ServerSeq: 2663 ClientSeq: 2829
82 12 c4 99 47 04 02 06 ba 01 0c 81 9c 44 00 80 14 24 06 00 50 01 00 06 bb 01 80 de 81 0d 7c ad 
d9 43 00 00 00 00 80 fe e2 40 00 00 00 00 00 40 91 c0 00 00 00 00 00 b3 c0 c0 20 00 2f 00 00 08 
00 80 00 64 03 80 00 e0 02 80 00 18 03 80 00 14 03 80 00 d0 09 80 00 a8 04 80 00 34 11 80 00 30 
11 80 00 2c 11 80 00 28 00 80 00 14 00 80 00 20 00 80 00 18 00 80 00 04 00 80 00 2c 00 80 00 2c 
01 80 00 f0 00 80 00 98 00 80 00 64 01 80 00 f4 00 80 00 0c 01 80 00 4c 01 80 00 30 01 80 00 ec 
00 80 00 14 01 80 00 ac 00 80 00 08 01 80 00 24 01 80 00 c0 00 80 00 a4 00 80 00 04 01 80 00 bc 
00 80 00 00 01 80 00 18 01 80 00 14 05 80 00 a8 03 80 00 b4 02 80 00 b8 00 80 00 10 01 80 00 cc 
00 80 00 28 01 80 00 c8 00 80 00 a8 00 80 00 20 01 80 00 fc 00 80 00 70 01 80 
....G........D...$..P.........|..C.......@.....@.......... ./......d.......................4...0
...,...(....... ...........,...,...........d...........L...0...................$................
...................................(........... .......p..

Client->GAME [12:28:33 07/17/09] packet size: 1 CRYPTED, Flags: 7f ServerSeq: 2567 ClientSeq: 2990
02 
.

GAME->Client [12:28:33 07/17/09] packet size: 61 CRYPTED, Flags: 7f ServerSeq: 2664 ClientSeq: 2829
02 03 01 00 08 68 95 44 00 80 14 39 cd ab 02 09 00 00 00 00 80 fe e2 40 00 00 00 00 00 40 91 c0 
00 00 00 00 00 b3 c0 c0 00 00 00 00 f2 04 35 3f 00 00 00 00 f3 04 35 3f 1b 00 00 00 00 
.....h.D...9...........@.....@................5?......5?.....

Client->GAME [12:28:33 07/17/09] packet size: 1 CRYPTED, Flags: 7f ServerSeq: 2568 ClientSeq: 2991
02 
.

Client->GAME [12:28:34 07/17/09] packet size: 12
00 00 00 00 00 01 04 08 ac 4d a9 00 
.........M..

GAME->Client [12:28:35 07/17/09] packet size: 12
00 00 00 00 00 01 04 08 ac 4d a9 00 
.........M..

