Client->GAME [12:29:11 07/17/09] packet size: 1 CRYPTED, Flags: 7f ServerSeq: 2562 ClientSeq: 3072
02 
.

GAME->Client [12:29:11 07/17/09] packet size: 55 CRYPTED, Flags: 7f ServerSeq: 2723 ClientSeq: 2831
02 03 0d 00 02 0c c4 55 18 32 47 00 20 8a c4 a6 0b 3a c5 09 00 02 0c 37 1f 67 33 47 00 20 8a c4 
90 32 2c c5 06 00 02 0c b3 cc f1 30 47 00 20 8a c4 ce e2 38 c5 00 00 
.......U.2G. ....:.....7.g3G. ...2,........0G. ....8...

Client->GAME [12:29:11 07/17/09] packet size: 1 CRYPTED, Flags: 7f ServerSeq: 2563 ClientSeq: 3073
02 
.

GAME->Client [12:29:11 07/17/09] packet size: 55 CRYPTED, Flags: 7f ServerSeq: 2724 ClientSeq: 3072
02 03 0d 00 02 0c ba 55 18 32 47 00 20 8a c4 a6 0b 3a c5 09 00 02 0c 41 1f 67 33 47 00 20 8a c4 
90 32 2c c5 06 00 02 0c a9 cc f1 30 47 00 20 8a c4 ce e2 38 c5 00 00 
.......U.2G. ....:.....A.g3G. ...2,........0G. ....8...

Client->GAME [12:29:11 07/17/09] packet size: 1 CRYPTED, Flags: 7f ServerSeq: 2564 ClientSeq: 3074
02 
.

GAME->Client [12:29:11 07/17/09] packet size: 56 CRYPTED, Flags: 7f ServerSeq: 2725 ClientSeq: 3073
02 03 0d 00 02 0c b0 55 18 32 47 00 20 8a c4 a6 0b 3a c5 09 00 02 0e 00 4b 1f 67 33 47 00 20 8a 
c4 90 32 2c c5 06 00 02 0c 9f cc f1 30 47 00 20 8a c4 ce e2 38 c5 00 00 
.......U.2G. ....:......K.g3G. ...2,........0G. ....8...

Client->GAME [12:29:11 07/17/09] packet size: 1 CRYPTED, Flags: 7f ServerSeq: 2565 ClientSeq: 3075
02 
.

GAME->Client [12:29:11 07/17/09] packet size: 56 CRYPTED, Flags: 7f ServerSeq: 2726 ClientSeq: 3074
02 03 0d 00 02 0c a6 55 18 32 47 00 20 8a c4 a6 0b 3a c5 09 00 02 0e 00 55 1f 67 33 47 00 20 8a 
c4 90 32 2c c5 06 00 02 0c 95 cc f1 30 47 00 20 8a c4 ce e2 38 c5 00 00 
.......U.2G. ....:......U.g3G. ...2,........0G. ....8...

Client->GAME [12:29:11 07/17/09] packet size: 1 CRYPTED, Flags: 7f ServerSeq: 2566 ClientSeq: 3076
02 
.

GAME->Client [12:29:11 07/17/09] packet size: 39 CRYPTED, Flags: 7f ServerSeq: 2727 ClientSeq: 3075
02 03 0d 00 02 0c 9c 55 18 32 47 00 20 8a c4 a6 0b 3a c5 06 00 02 0e 00 8b cc f1 30 47 00 20 8a 
c4 ce e2 38 c5 00 00 
.......U.2G. ....:.........0G. ....8...

Client->GAME [12:29:11 07/17/09] packet size: 1 CRYPTED, Flags: 7f ServerSeq: 2567 ClientSeq: 3077
02 
.

GAME->Client [12:29:11 07/17/09] packet size: 40 CRYPTED, Flags: 7f ServerSeq: 2728 ClientSeq: 3076
02 03 0d 00 02 0e 00 92 55 18 32 47 00 20 8a c4 a6 0b 3a c5 06 00 02 0e 00 81 cc f1 30 47 00 20 
8a c4 ce e2 38 c5 00 00 
........U.2G. ....:.........0G. ....8...

Client->GAME [12:29:11 07/17/09] packet size: 1 CRYPTED, Flags: 7f ServerSeq: 2568 ClientSeq: 3078
02 
.

GAME->Client [12:29:11 07/17/09] packet size: 43 CRYPTED, Flags: 7f ServerSeq: 2729 ClientSeq: 3077
82 30 d7 99 47 03 0d 00 02 0e 00 8a 55 18 32 47 00 20 8a c4 a6 0b 3a c5 06 00 02 0c 7f cc f1 30 
47 00 20 8a c4 ce e2 38 c5 00 00 
.0..G.......U.2G. ....:........0G. ....8...

Client->GAME [12:29:11 07/17/09] packet size: 1 CRYPTED, Flags: 7f ServerSeq: 2569 ClientSeq: 3079
02 
.

Client->GAME [12:29:12 07/17/09] packet size: 13 CRYPTED, Flags: 7f ServerSeq: 2569 ClientSeq: 3080
02 04 01 00 98 01 06 81 51 00 00 00 00 
........Q....

Client->GAME [12:29:13 07/17/09] packet size: 15 CRYPTED, Flags: 7f ServerSeq: 2569 ClientSeq: 3081
02 04 01 00 99 01 08 80 c8 42 00 80 14 02 00 
.........B.....

GAME->Client [12:29:13 07/17/09] packet size: 46 CRYPTED, Flags: 7f ServerSeq: 2730 ClientSeq: 3080
02 03 0d 00 04 80 80 80 80 c0 4c 0a 00 28 01 01 09 00 04 80 80 80 80 c0 4c 0a 00 28 01 01 06 00 
04 80 80 80 80 c0 4c 0a 00 28 01 01 00 00 
..........L..(..........L..(..........L..(....

Client->GAME [12:29:13 07/17/09] packet size: 1 CRYPTED, Flags: 7f ServerSeq: 2570 ClientSeq: 3082
02 
.

GAME->Client [12:29:13 07/17/09] packet size: 22 CRYPTED, Flags: 7f ServerSeq: 2731 ClientSeq: 3080
82 e0 d7 99 47 03 07 00 04 80 80 80 80 c0 4c 0a 00 28 01 01 00 00 
....G.........L..(....

Client->GAME [12:29:13 07/17/09] packet size: 1 CRYPTED, Flags: 7f ServerSeq: 2571 ClientSeq: 3083
02 
.

GAME->Client [12:29:13 07/17/09] packet size: 19 CRYPTED, Flags: 7f ServerSeq: 2732 ClientSeq: 3082
02 04 01 06 bc 01 0c 81 9c 42 00 80 14 24 06 00 50 01 00 
.........B...$..P..

GAME->Client [12:29:13 07/17/09] packet size: 770 CRYPTED, Flags: 7f ServerSeq: 2733 ClientSeq: 3083
02 04 01 06 bd 01 82 fa 81 0d 7c ad d9 43 00 00 00 20 9a c4 e3 40 00 00 00 00 00 3c 91 c0 00 00 
00 80 2e 5b bd c0 20 00 b6 00 96 03 00 00 a5 03 00 00 a6 03 00 00 a7 03 00 00 a9 03 00 00 aa 03 
00 00 fe 03 00 00 02 04 00 00 07 04 00 00 08 04 00 00 37 04 00 00 38 04 00 00 39 04 00 00 3a 04 
00 00 3b 04 00 00 3c 04 00 00 b4 04 00 00 b7 04 00 00 b8 04 00 00 b9 04 00 00 ba 04 00 00 f0 04 
00 00 77 17 00 00 78 17 00 00 79 17 00 00 7a 17 00 00 7b 17 00 00 7c 17 00 00 7d 17 00 00 7e 17 
00 00 7f 17 00 00 e0 17 00 00 e1 17 00 00 e2 17 00 00 e3 17 00 00 e4 17 00 00 e5 17 00 00 eb 17 
00 00 ec 17 00 00 ed 17 00 00 ee 17 00 00 ef 17 00 00 f0 17 00 00 f1 17 00 00 f2 17 00 00 f3 17 
00 00 f4 17 00 00 f5 17 00 00 f6 17 00 00 f7 17 00 00 32 19 00 00 33 19 00 00 34 19 00 00 39 19 
00 00 63 19 00 00 64 19 00 00 65 19 00 00 66 19 00 00 67 19 00 00 68 19 00 00 69 19 00 00 6a 19 
00 00 f6 19 00 00 f7 19 00 00 f8 19 00 00 f9 19 00 00 fa 19 00 00 fb 19 00 00 fc 19 00 00 fd 19 
00 00 fe 19 00 00 ff 19 00 00 00 1a 00 00 01 1a 00 00 02 1a 00 00 03 1a 00 00 04 1a 00 00 05 1a 
00 00 45 1a 00 00 46 1a 00 00 c7 02 00 00 d4 02 00 00 db 02 00 00 e4 02 00 00 e8 02 00 00 e9 02 
00 00 f5 02 00 00 1c 03 00 00 1e 03 00 00 1f 03 00 00 24 03 00 00 7f 03 00 00 80 03 00 00 81 03 
00 00 82 03 00 00 83 03 00 00 84 03 00 00 85 03 00 00 86 03 00 00 8d 03 00 00 7c 13 00 00 7d 13 
00 00 7e 13 00 00 7f 13 00 00 80 13 00 00 81 13 00 00 82 13 00 00 83 13 00 00 84 13 00 00 85 13 
00 00 86 13 00 00 87 13 00 00 88 13 00 00 89 13 00 00 8a 13 00 00 8b 13 00 00 8c 13 00 00 8d 13 
00 00 8e 13 00 00 8f 13 00 00 90 13 00 00 91 13 00 00 92 13 00 00 93 13 00 00 e0 13 00 00 e1 13 
00 00 e2 13 00 00 e3 13 00 00 e5 13 00 00 e6 13 00 00 e7 13 00 00 e8 13 00 00 e9 13 00 00 db 14 
00 00 dc 14 00 00 dd 14 00 00 de 14 00 00 df 14 00 00 e0 14 00 00 e1 14 00 00 e2 14 00 00 e3 14 
00 00 e4 14 00 00 e9 14 00 00 ec 14 00 00 ed 14 00 00 ee 14 00 00 ef 14 00 00 f0 14 00 00 f1 14 
00 00 f2 14 00 00 f3 14 00 00 f4 14 00 00 f5 14 00 00 f6 14 00 00 f7 14 00 00 f8 14 00 00 24 16 
00 00 26 16 00 00 27 16 00 00 28 16 00 00 29 16 00 00 2a 16 00 00 fe 16 00 00 ff 16 00 00 00 17 
00 00 01 17 00 00 02 17 00 00 03 17 00 00 04 17 00 00 05 17 00 00 6c 1a 00 00 6d 1a 00 00 6e 1a 
00 00 6f 1a 00 00 70 1a 00 00 71 1a 00 00 72 1a 00 00 63 b3 00 00 65 b3 00 00 5e b3 00 00 60 b3 
00 00 
..........|..C... ...@.....<.......[.. ...........................................7...8...9...:.
..;...<...........................w...x...y...z...{...|...}...~.................................
..................................................2...3...4...9...c...d...e...f...g...h...i...j.
..................................................................E...F.........................
..................$.......................................|...}...~.............................
................................................................................................
..............................................................................................$.
..&...'...(...)...*...................................l...m...n...o...p...q...r...c...e...^...`.
..

Client->GAME [12:29:13 07/17/09] packet size: 1 CRYPTED, Flags: 7f ServerSeq: 2572 ClientSeq: 3084
02 
.

Client->GAME [12:29:13 07/17/09] packet size: 1 CRYPTED, Flags: 7f ServerSeq: 2573 ClientSeq: 3085
02 
.

GAME->Client [12:29:13 07/17/09] packet size: 9 CRYPTED, Flags: 7f ServerSeq: 2734 ClientSeq: 3084
02 03 02 00 02 08 00 00 00 
.........

Client->GAME [12:29:13 07/17/09] packet size: 1 CRYPTED, Flags: 7f ServerSeq: 2574 ClientSeq: 3086
02 
.

GAME->Client [12:29:14 07/17/09] packet size: 61 CRYPTED, Flags: 7f ServerSeq: 2735 ClientSeq: 3086
02 03 01 00 08 a1 1b 42 00 80 14 3e cd ab 02 09 00 00 00 20 9a c4 e3 40 00 00 00 00 00 3c 91 c0 
00 00 00 80 2e 5b bd c0 00 00 00 00 c8 26 74 bf 00 00 00 00 1e f6 99 3e 1d 00 00 00 00 
.......B...>....... ...@.....<.......[.......&t........>.....

Client->GAME [12:29:14 07/17/09] packet size: 1 CRYPTED, Flags: 7f ServerSeq: 2575 ClientSeq: 3087
02 
.

Client->GAME [12:29:15 07/17/09] packet size: 12
00 00 00 00 00 01 04 08 fc e9 a9 00 
............

GAME->Client [12:29:15 07/17/09] packet size: 12
00 00 00 00 00 01 04 08 fc e9 a9 00 
............

