Client->GAME [11:58:03 07/17/09] packet size: 13 CRYPTED, Flags: 7f ServerSeq: 525 ClientSeq: 768
02 04 01 00 4f 01 06 81 51 00 00 00 00 
....O...Q....

GAME->Client [11:58:03 07/17/09] packet size: 1 CRYPTED, Flags: 7f ServerSeq: 622 ClientSeq: 768
02 
.

Client->GAME [11:58:04 07/17/09] packet size: 15 CRYPTED, Flags: 7f ServerSeq: 526 ClientSeq: 769
02 04 01 00 50 01 08 80 c8 46 00 80 14 02 00 
....P....F.....

GAME->Client [11:58:04 07/17/09] packet size: 23 CRYPTED, Flags: 7f ServerSeq: 623 ClientSeq: 769
82 ce 31 96 47 04 01 03 92 01 0c 81 9c 46 00 80 14 24 06 00 50 01 00 
..1.G........F...$..P..

Client->GAME [11:58:04 07/17/09] packet size: 1 CRYPTED, Flags: 7f ServerSeq: 527 ClientSeq: 770
02 
.

GAME->Client [11:58:04 07/17/09] packet size: 218 CRYPTED, Flags: 7f ServerSeq: 624 ClientSeq: 769
02 04 01 03 93 01 80 d2 81 0d 7c ad d9 43 00 00 00 00 80 d2 e1 40 00 00 00 00 00 3c 91 c0 00 00 
00 00 00 04 c0 c0 20 00 2c 00 00 08 00 80 00 64 03 80 00 e0 02 80 00 18 03 80 00 14 03 80 00 d0 
09 80 00 a8 04 80 00 34 11 80 00 30 11 80 00 2c 11 80 00 28 00 80 00 14 00 80 00 20 00 80 00 18 
00 80 00 04 00 80 00 2c 00 80 00 20 02 80 00 94 01 80 00 10 02 80 00 14 02 80 00 28 02 80 00 2c 
02 80 00 24 02 80 00 f4 01 80 00 f8 01 80 00 c0 02 80 00 04 02 80 00 4c 02 80 00 78 02 80 00 00 
02 80 00 e0 01 80 00 90 04 80 00 54 02 80 00 38 02 80 00 18 02 80 00 9c 11 80 00 0c 02 80 00 90 
02 80 00 64 02 80 00 94 04 80 00 ac 11 80 00 34 02 80 00 ac 01 80 00 d8 01 80 
..........|..C.......@.....<.......... .,......d.......................4...0...,...(....... ....
.......,... ...............(...,...$...................L...x...............T...8................
...d...........4..........

GAME->Client [11:58:04 07/17/09] packet size: 45 CRYPTED, Flags: 7f ServerSeq: 625 ClientSeq: 770
02 03 01 00 08 67 95 46 00 80 14 86 cd ab 01 01 00 00 00 00 80 d2 e1 40 00 00 00 00 00 3c 91 c0 
00 00 00 00 00 04 c0 c0 1b 00 00 00 00 
.....g.F...............@.....<...............

GAME->Client [11:58:05 07/17/09] packet size: 218 CRYPTED, Flags: 7f ServerSeq: 626 ClientSeq: 770
02 04 01 03 93 01 80 d2 81 0d 7c ad d9 43 00 00 00 00 80 d2 e1 40 00 00 00 00 00 3c 91 c0 00 00 
00 00 00 04 c0 c0 20 00 2c 00 00 08 00 80 00 64 03 80 00 e0 02 80 00 18 03 80 00 14 03 80 00 d0 
09 80 00 a8 04 80 00 34 11 80 00 30 11 80 00 2c 11 80 00 28 00 80 00 14 00 80 00 20 00 80 00 18 
00 80 00 04 00 80 00 2c 00 80 00 20 02 80 00 94 01 80 00 10 02 80 00 14 02 80 00 28 02 80 00 2c 
02 80 00 24 02 80 00 f4 01 80 00 f8 01 80 00 c0 02 80 00 04 02 80 00 4c 02 80 00 78 02 80 00 00 
02 80 00 e0 01 80 00 90 04 80 00 54 02 80 00 38 02 80 00 18 02 80 00 9c 11 80 00 0c 02 80 00 90 
02 80 00 64 02 80 00 94 04 80 00 ac 11 80 00 34 02 80 00 ac 01 80 00 d8 01 80 
..........|..C.......@.....<.......... .,......d.......................4...0...,...(....... ....
.......,... ...............(...,...$...................L...x...............T...8................
...d...........4..........

GAME->Client [11:58:05 07/17/09] packet size: 45 CRYPTED, Flags: 7f ServerSeq: 627 ClientSeq: 770
02 03 01 00 08 67 95 46 00 80 14 86 cd ab 01 01 00 00 00 00 80 d2 e1 40 00 00 00 00 00 3c 91 c0 
00 00 00 00 00 04 c0 c0 1b 00 00 00 00 
.....g.F...............@.....<...............

GAME->Client [11:58:06 07/17/09] packet size: 222 CRYPTED, Flags: 7f ServerSeq: 628 ClientSeq: 770
82 b8 32 96 47 04 01 03 93 01 80 d2 81 0d 7c ad d9 43 00 00 00 00 80 d2 e1 40 00 00 00 00 00 3c 
91 c0 00 00 00 00 00 04 c0 c0 20 00 2c 00 00 08 00 80 00 64 03 80 00 e0 02 80 00 18 03 80 00 14 
03 80 00 d0 09 80 00 a8 04 80 00 34 11 80 00 30 11 80 00 2c 11 80 00 28 00 80 00 14 00 80 00 20 
00 80 00 18 00 80 00 04 00 80 00 2c 00 80 00 20 02 80 00 94 01 80 00 10 02 80 00 14 02 80 00 28 
02 80 00 2c 02 80 00 24 02 80 00 f4 01 80 00 f8 01 80 00 c0 02 80 00 04 02 80 00 4c 02 80 00 78 
02 80 00 00 02 80 00 e0 01 80 00 90 04 80 00 54 02 80 00 38 02 80 00 18 02 80 00 9c 11 80 00 0c 
02 80 00 90 02 80 00 64 02 80 00 94 04 80 00 ac 11 80 00 34 02 80 00 ac 01 80 00 d8 01 80 
..2.G.........|..C.......@.....<.......... .,......d.......................4...0...,...(....... 
...........,... ...............(...,...$...................L...x...............T...8............
.......d...........4..........

Client->GAME [11:58:06 07/17/09] packet size: 1 CRYPTED, Flags: 7f ServerSeq: 512 ClientSeq: 771
02 
.

Client->GAME [11:58:06 07/17/09] packet size: 1 CRYPTED, Flags: 7f ServerSeq: 516 ClientSeq: 772
02 
.

GAME->Client [11:58:06 07/17/09] packet size: 45 CRYPTED, Flags: 7f ServerSeq: 629 ClientSeq: 772
02 03 01 00 08 67 95 46 00 80 14 86 cd ab 01 01 00 00 00 00 80 d2 e1 40 00 00 00 00 00 3c 91 c0 
00 00 00 00 00 04 c0 c0 1b 00 00 00 00 
.....g.F...............@.....<...............

Client->GAME [11:58:06 07/17/09] packet size: 1 CRYPTED, Flags: 7f ServerSeq: 517 ClientSeq: 773
02 
.

