Client->GAME [13:58:25 07/28/09] packet size: 48 CRYPTED, Flags: 7f ServerSeq: 15 ClientSeq: 88
02 04 01 00 2c 01 29 80 c2 00 00 00 80 d5 ef f1 c0 00 00 00 00 00 40 55 40 00 00 00 00 8a 48 c5 
40 e4 02 07 00 0b 00 00 f0 20 46 01 0f fc f1 00 
....,.)...............@U@.....H.@........ F.....

Client->GAME [13:58:25 07/28/09] packet size: 39 CRYPTED, Flags: 7f ServerSeq: 15 ClientSeq: 89
02 04 01 00 2d 01 20 80 c4 00 00 00 e0 04 88 f0 c0 00 00 00 00 00 c0 57 40 00 00 00 40 1e fd cf 
40 4f 03 15 00 04 00 
....-. ................W@...@...@O.....

GAME->Client [13:58:25 07/28/09] packet size: 78 CRYPTED, Flags: 7f ServerSeq: 80 ClientSeq: 9
02 03 02 00 03 09 08 00 cb 3f 84 c7 69 f5 29 44 aa eb 7f 46 92 c4 db 19 80 80 bc 00 f0 20 46 14 
00 ef ea db 19 00 00 00 e0 04 88 f0 c0 00 00 00 00 00 c0 57 40 00 00 00 40 1e fd cf 40 10 e3 00 
00 00 04 01 01 7a 01 06 80 c3 0f fc f1 00 
.........?..i.)D...F......... F....................W@...@...@........z........

Client->GAME [13:58:25 07/28/09] packet size: 1 CRYPTED, Flags: 7f ServerSeq: 0 ClientSeq: 90
02 
.

GAME->Client [13:58:25 07/28/09] packet size: 209 CRYPTED, Flags: 7f ServerSeq: 81 ClientSeq: 9
82 27 d5 d3 48 03 02 00 03 09 08 00 cc 3f 84 c7 fc d3 84 44 a3 eb 7f 46 0f c5 db 19 ff 01 4e 01 
00 00 00 00 00 00 00 00 00 00 00 08 41 6e 64 65 72 73 6f 6e 06 54 68 6f 6d 61 73 ff 00 00 23 1a 
e9 90 80 b0 04 02 02 8e 00 00 00 01 00 00 00 00 00 00 00 00 00 00 00 00 00 00 ff 28 0a 32 00 f0 
20 46 14 00 ef ea db 19 00 00 00 e0 04 88 f0 c0 00 00 00 00 00 c0 57 40 00 00 00 40 1e fd cf 40 
00 ff 00 00 00 00 00 f7 00 00 00 e3 00 00 00 00 00 28 0a ff 00 31 5e 00 00 00 00 00 00 00 00 00 
00 00 00 00 00 00 00 ff 00 00 00 00 00 00 00 00 00 00 00 00 80 3f 11 00 00 00 4b b1 00 00 73 02 
00 00 3f 00 00 00 01 22 00 00 00 00 00 00 00 00 00 
.'..H........?.....D...F......N.............Anderson.Thomas...#............................(.2..
 F....................W@...@...@.................(...1^..............................?....K...s.
..?....".........

Client->GAME [13:58:25 07/28/09] packet size: 1 CRYPTED, Flags: 7f ServerSeq: 1 ClientSeq: 91
02 
.

GAME->Client [13:58:25 07/28/09] packet size: 203 CRYPTED, Flags: 7f ServerSeq: 82 ClientSeq: 10
02 03 02 00 03 08 cd 3f 84 c7 63 21 c3 44 9a eb 7f 46 8c c5 db 19 ff 01 4e 01 00 00 00 00 00 00 
00 00 00 00 00 08 41 6e 64 65 72 73 6f 6e 06 54 68 6f 6d 61 73 ff 00 00 23 1a e9 90 80 b0 04 02 
02 8e 00 00 00 01 00 00 00 00 00 00 00 00 00 00 00 00 00 00 ff 28 0a 32 00 f0 20 46 14 00 ef ea 
db 19 00 00 00 e0 04 88 f0 c0 00 00 00 00 00 c0 57 40 00 00 00 40 1e fd cf 40 00 ff 00 00 00 00 
00 f7 00 00 00 e3 00 00 00 00 00 28 0a ff 00 31 5e 00 00 00 00 00 00 00 00 00 00 00 00 00 00 00 
00 ff 00 00 00 00 00 00 00 00 00 00 00 00 80 3f 11 00 00 00 4b b1 00 00 73 02 00 00 3f 00 00 00 
01 22 00 00 00 00 00 00 00 00 00 
.......?..c!.D...F......N.............Anderson.Thomas...#............................(.2.. F....
................W@...@...@.................(...1^..............................?....K...s...?...
.".........

Client->GAME [13:58:25 07/28/09] packet size: 1 CRYPTED, Flags: 7f ServerSeq: 2 ClientSeq: 92
02 
.

GAME->Client [13:58:25 07/28/09] packet size: 265 CRYPTED, Flags: 7f ServerSeq: 83 ClientSeq: 11
02 03 02 00 03 08 cf 3f 84 c7 1d b9 ff 44 91 eb 7f 46 09 c6 db 19 ff 01 4e 01 00 00 00 00 00 00 
00 00 00 00 00 08 41 6e 64 65 72 73 6f 6e 06 54 68 6f 6d 61 73 ff 00 00 23 1a e9 90 80 b0 04 02 
02 8e 00 00 00 01 00 00 00 00 00 00 00 00 00 00 00 00 00 00 ff 28 0a 32 00 f0 20 46 14 00 ef ea 
db 19 00 00 00 e0 04 88 f0 c0 00 00 00 00 00 c0 57 40 00 00 00 40 1e fd cf 40 00 ff 00 00 00 00 
00 f7 00 00 00 e3 00 00 00 00 00 28 0a ff 00 31 5e 00 00 00 00 00 00 00 00 00 00 00 00 00 00 00 
00 ff 00 00 00 00 00 00 00 00 00 00 00 00 80 3f 11 00 00 00 4b b1 00 00 73 02 00 00 3f 00 00 00 
01 22 00 00 00 00 00 00 00 01 00 08 9f 01 14 00 f0 34 42 cd ab 03 84 00 00 00 00 f2 04 35 3f 00 
00 00 00 f4 04 35 bf 11 00 00 00 00 80 8d f0 c0 00 00 00 00 00 e2 a3 40 00 00 00 00 00 aa ce 40 
ff ff ff ff 10 00 00 00 00 
.......?.....D...F......N.............Anderson.Thomas...#............................(.2.. F....
................W@...@...@.................(...1^..............................?....K...s...?...
."...............4B..........5?......5.................@.......@.........

Client->GAME [13:58:25 07/28/09] packet size: 1 CRYPTED, Flags: 7f ServerSeq: 3 ClientSeq: 93
02 
.

GAME->Client [13:58:26 07/28/09] packet size: 203 CRYPTED, Flags: 7f ServerSeq: 84 ClientSeq: 12
02 03 02 00 03 08 d0 3f 84 c7 95 4d 1d 45 88 eb 7f 46 86 c6 db 19 ff 01 4e 01 00 00 00 00 00 00 
00 00 00 00 00 08 41 6e 64 65 72 73 6f 6e 06 54 68 6f 6d 61 73 ff 00 00 23 1a e9 90 80 b0 04 02 
02 8e 00 00 00 01 00 00 00 00 00 00 00 00 00 00 00 00 00 00 ff 28 0a 32 00 f0 20 46 14 00 ef ea 
db 19 00 00 00 e0 04 88 f0 c0 00 00 00 00 00 c0 57 40 00 00 00 40 1e fd cf 40 00 ff 00 00 00 00 
00 f7 00 00 00 e3 00 00 00 00 00 28 0a ff 00 31 5e 00 00 00 00 00 00 00 00 00 00 00 00 00 00 00 
00 ff 00 00 00 00 00 00 00 00 00 00 00 00 80 3f 11 00 00 00 4b b1 00 00 73 02 00 00 3f 00 00 00 
01 22 00 00 00 00 00 00 00 00 00 
.......?...M.E...F......N.............Anderson.Thomas...#............................(.2.. F....
................W@...@...@.................(...1^..............................?....K...s...?...
.".........

Client->GAME [13:58:26 07/28/09] packet size: 1 CRYPTED, Flags: 7f ServerSeq: 4 ClientSeq: 94
02 
.

GAME->Client [13:58:26 07/28/09] packet size: 203 CRYPTED, Flags: 7f ServerSeq: 85 ClientSeq: 13
02 03 02 00 03 08 d1 3f 84 c7 c5 e3 39 45 7f eb 7f 46 03 c7 db 19 ff 01 4e 01 00 00 00 00 00 00 
00 00 00 00 00 08 41 6e 64 65 72 73 6f 6e 06 54 68 6f 6d 61 73 ff 00 00 23 1a e9 90 80 b0 04 02 
02 8e 00 00 00 01 00 00 00 00 00 00 00 00 00 00 00 00 00 00 ff 28 0a 32 00 f0 20 46 14 00 ef ea 
db 19 00 00 00 e0 04 88 f0 c0 00 00 00 00 00 c0 57 40 00 00 00 40 1e fd cf 40 00 ff 00 00 00 00 
00 f7 00 00 00 e3 00 00 00 00 00 28 0a ff 00 31 5e 00 00 00 00 00 00 00 00 00 00 00 00 00 00 00 
00 ff 00 00 00 00 00 00 00 00 00 00 00 00 80 3f 11 00 00 00 4b b1 00 00 73 02 00 00 3f 00 00 00 
01 22 00 00 00 00 00 00 00 00 00 
.......?....9E...F......N.............Anderson.Thomas...#............................(.2.. F....
................W@...@...@.................(...1^..............................?....K...s...?...
.".........

Client->GAME [13:58:26 07/28/09] packet size: 1 CRYPTED, Flags: 7f ServerSeq: 5 ClientSeq: 95
02 
.

GAME->Client [13:58:26 07/28/09] packet size: 203 CRYPTED, Flags: 7f ServerSeq: 86 ClientSeq: 14
02 03 02 00 03 08 d2 3f 84 c7 1e 9f 55 45 76 eb 7f 46 80 c7 db 19 ff 01 4e 01 00 00 00 00 00 00 
00 00 00 00 00 08 41 6e 64 65 72 73 6f 6e 06 54 68 6f 6d 61 73 ff 00 00 23 1a e9 90 80 b0 04 02 
02 8e 00 00 00 01 00 00 00 00 00 00 00 00 00 00 00 00 00 00 ff 28 0a 32 00 f0 20 46 14 00 ef ea 
db 19 00 00 00 e0 04 88 f0 c0 00 00 00 00 00 c0 57 40 00 00 00 40 1e fd cf 40 00 ff 00 00 00 00 
00 f7 00 00 00 e3 00 00 00 00 00 28 0a ff 00 31 5e 00 00 00 00 00 00 00 00 00 00 00 00 00 00 00 
00 ff 00 00 00 00 00 00 00 00 00 00 00 00 80 3f 11 00 00 00 4b b1 00 00 73 02 00 00 3f 00 00 00 
01 22 00 00 00 00 00 00 00 00 00 
.......?....UEv..F......N.............Anderson.Thomas...#............................(.2.. F....
................W@...@...@.................(...1^..............................?....K...s...?...
.".........

Client->GAME [13:58:26 07/28/09] packet size: 1 CRYPTED, Flags: 7f ServerSeq: 6 ClientSeq: 96
02 
.

GAME->Client [13:58:26 07/28/09] packet size: 203 CRYPTED, Flags: 7f ServerSeq: 87 ClientSeq: 15
02 03 02 00 03 08 d3 3f 84 c7 a0 7f 70 45 6c eb 7f 46 fd c7 db 19 ff 01 4e 01 00 00 00 00 00 00 
00 00 00 00 00 08 41 6e 64 65 72 73 6f 6e 06 54 68 6f 6d 61 73 ff 00 00 23 1a e9 90 80 b0 04 02 
02 8e 00 00 00 01 00 00 00 00 00 00 00 00 00 00 00 00 00 00 ff 28 0a 32 00 f0 20 46 14 00 ef ea 
db 19 00 00 00 e0 04 88 f0 c0 00 00 00 00 00 c0 57 40 00 00 00 40 1e fd cf 40 00 ff 00 00 00 00 
00 f7 00 00 00 e3 00 00 00 00 00 28 0a ff 00 31 5e 00 00 00 00 00 00 00 00 00 00 00 00 00 00 00 
00 ff 00 00 00 00 00 00 00 00 00 00 00 00 80 3f 11 00 00 00 4b b1 00 00 73 02 00 00 3f 00 00 00 
01 22 00 00 00 00 00 00 00 00 00 
.......?....pEl..F......N.............Anderson.Thomas...#............................(.2.. F....
................W@...@...@.................(...1^..............................?....K...s...?...
.".........

Client->GAME [13:58:26 07/28/09] packet size: 1 CRYPTED, Flags: 7f ServerSeq: 7 ClientSeq: 97
02 
.

GAME->Client [13:58:26 07/28/09] packet size: 30 CRYPTED, Flags: 7f ServerSeq: 88 ClientSeq: 0
02 03 02 00 03 08 d5 3f 84 c7 a6 42 85 45 63 eb 7f 46 7a c8 db 19 80 80 80 10 e6 00 00 00 
.......?...B.Ec..Fz...........

Client->GAME [13:58:26 07/28/09] packet size: 1 CRYPTED, Flags: 7f ServerSeq: 8 ClientSeq: 98
02 
.

GAME->Client [13:58:26 07/28/09] packet size: 203 CRYPTED, Flags: 7f ServerSeq: 89 ClientSeq: 1
02 03 02 00 03 08 d6 3f 84 c7 11 d8 91 45 5a eb 7f 46 f7 c8 db 19 ff 01 4e 01 00 00 00 00 00 00 
00 00 00 00 00 08 41 6e 64 65 72 73 6f 6e 06 54 68 6f 6d 61 73 ff 00 00 23 1a e9 90 80 b0 04 02 
02 8e 00 00 00 01 00 00 00 00 00 00 00 00 00 00 00 00 00 00 ff 28 0a 32 00 f0 20 46 14 00 ef ea 
db 19 00 00 00 e0 04 88 f0 c0 00 00 00 00 00 c0 57 40 00 00 00 40 1e fd cf 40 00 ff 00 00 00 00 
00 f7 00 00 00 e6 00 00 00 00 00 28 0a ff 00 31 5e 00 00 00 00 00 00 00 00 00 00 00 00 00 00 00 
00 ff 00 00 00 00 00 00 00 00 00 00 00 00 80 3f 11 00 00 00 4b b1 00 00 73 02 00 00 3f 00 00 00 
01 22 00 00 00 00 00 00 00 00 00 
.......?.....EZ..F......N.............Anderson.Thomas...#............................(.2.. F....
................W@...@...@.................(...1^..............................?....K...s...?...
.".........

Client->GAME [13:58:26 07/28/09] packet size: 1 CRYPTED, Flags: 7f ServerSeq: 9 ClientSeq: 99
02 
.

GAME->Client [13:58:26 07/28/09] packet size: 207 CRYPTED, Flags: 7f ServerSeq: 90 ClientSeq: 2
82 4b d5 d3 48 03 02 00 03 08 d7 3f 84 c7 10 00 9e 45 51 eb 7f 46 74 c9 db 19 ff 01 4e 01 00 00 
00 00 00 00 00 00 00 00 00 08 41 6e 64 65 72 73 6f 6e 06 54 68 6f 6d 61 73 ff 00 00 23 1a e9 90 
80 b0 04 02 02 8e 00 00 00 01 00 00 00 00 00 00 00 00 00 00 00 00 00 00 ff 28 0a 32 00 f0 20 46 
14 00 ef ea db 19 00 00 00 e0 04 88 f0 c0 00 00 00 00 00 c0 57 40 00 00 00 40 1e fd cf 40 00 ff 
00 00 00 00 00 f7 00 00 00 e6 00 00 00 00 00 28 0a ff 00 31 5e 00 00 00 00 00 00 00 00 00 00 00 
00 00 00 00 00 ff 00 00 00 00 00 00 00 00 00 00 00 00 80 3f 11 00 00 00 4b b1 00 00 73 02 00 00 
3f 00 00 00 01 22 00 00 00 00 00 00 00 00 00 
.K..H......?.....EQ..Ft.....N.............Anderson.Thomas...#............................(.2.. F
....................W@...@...@.................(...1^..............................?....K...s...
?....".........

Client->GAME [13:58:26 07/28/09] packet size: 1 CRYPTED, Flags: 7f ServerSeq: 10 ClientSeq: 100
02 
.

GAME->Client [13:58:26 07/28/09] packet size: 203 CRYPTED, Flags: 7f ServerSeq: 91 ClientSeq: 3
02 03 02 00 03 08 d8 3f 84 c7 a4 ba a9 45 48 eb 7f 46 f1 c9 db 19 ff 01 4e 01 00 00 00 00 00 00 
00 00 00 00 00 08 41 6e 64 65 72 73 6f 6e 06 54 68 6f 6d 61 73 ff 00 00 23 1a e9 90 80 b0 04 02 
02 8e 00 00 00 01 00 00 00 00 00 00 00 00 00 00 00 00 00 00 ff 28 0a 32 00 f0 20 46 14 00 ef ea 
db 19 00 00 00 e0 04 88 f0 c0 00 00 00 00 00 c0 57 40 00 00 00 40 1e fd cf 40 00 ff 00 00 00 00 
00 f7 00 00 00 e6 00 00 00 00 00 28 0a ff 00 31 5e 00 00 00 00 00 00 00 00 00 00 00 00 00 00 00 
00 ff 00 00 00 00 00 00 00 00 00 00 00 00 80 3f 11 00 00 00 4b b1 00 00 73 02 00 00 3f 00 00 00 
01 22 00 00 00 00 00 00 00 00 00 
.......?.....EH..F......N.............Anderson.Thomas...#............................(.2.. F....
................W@...@...@.................(...1^..............................?....K...s...?...
.".........

Client->GAME [13:58:27 07/28/09] packet size: 1 CRYPTED, Flags: 7f ServerSeq: 11 ClientSeq: 101
02 
.

GAME->Client [13:58:27 07/28/09] packet size: 203 CRYPTED, Flags: 7f ServerSeq: 92 ClientSeq: 4
02 03 02 00 03 08 d9 3f 84 c7 c5 3e b2 45 41 eb 7f 46 6e ca db 19 ff 01 4e 01 00 00 00 00 00 00 
00 00 00 00 00 08 41 6e 64 65 72 73 6f 6e 06 54 68 6f 6d 61 73 ff 00 00 23 1a e9 90 80 b0 04 02 
02 8e 00 00 00 01 00 00 00 00 00 00 00 00 00 00 00 00 00 00 ff 28 0a 32 00 f0 20 46 14 00 ef ea 
db 19 00 00 00 e0 04 88 f0 c0 00 00 00 00 00 c0 57 40 00 00 00 40 1e fd cf 40 00 ff 00 00 00 00 
00 f7 00 00 00 e6 00 00 00 00 00 28 0a ff 00 31 5e 00 00 00 00 00 00 00 00 00 00 00 00 00 00 00 
00 ff 00 00 00 00 00 00 00 00 00 00 00 00 80 3f 11 00 00 00 4b b1 00 00 73 02 00 00 3f 00 00 00 
01 22 00 00 00 00 00 00 00 00 00 
.......?...>.EA..Fn.....N.............Anderson.Thomas...#............................(.2.. F....
................W@...@...@.................(...1^..............................?....K...s...?...
.".........

Client->GAME [13:58:27 07/28/09] packet size: 1 CRYPTED, Flags: 7f ServerSeq: 12 ClientSeq: 102
02 
.

GAME->Client [13:58:27 07/28/09] packet size: 203 CRYPTED, Flags: 7f ServerSeq: 93 ClientSeq: 5
02 03 02 00 03 08 da 3f 84 c7 dd 39 bd 45 38 eb 7f 46 eb ca db 19 ff 01 4e 01 00 00 00 00 00 00 
00 00 00 00 00 08 41 6e 64 65 72 73 6f 6e 06 54 68 6f 6d 61 73 ff 00 00 23 1a e9 90 80 b0 04 02 
02 8e 00 00 00 01 00 00 00 00 00 00 00 00 00 00 00 00 00 00 ff 28 0a 32 00 f0 20 46 14 00 ef ea 
db 19 00 00 00 e0 04 88 f0 c0 00 00 00 00 00 c0 57 40 00 00 00 40 1e fd cf 40 00 ff 00 00 00 00 
00 f7 00 00 00 e6 00 00 00 00 00 28 0a ff 00 31 5e 00 00 00 00 00 00 00 00 00 00 00 00 00 00 00 
00 ff 00 00 00 00 00 00 00 00 00 00 00 00 80 3f 11 00 00 00 4b b1 00 00 73 02 00 00 3f 00 00 00 
01 22 00 00 00 00 00 00 00 00 00 
.......?...9.E8..F......N.............Anderson.Thomas...#............................(.2.. F....
................W@...@...@.................(...1^..............................?....K...s...?...
.".........

GAME->Client [13:58:27 07/28/09] packet size: 203 CRYPTED, Flags: 7f ServerSeq: 94 ClientSeq: 6
02 03 02 00 03 08 dc 3f 84 c7 8a c7 c7 45 2f eb 7f 46 68 cb db 19 ff 01 4e 01 00 00 00 00 00 00 
00 00 00 00 00 08 41 6e 64 65 72 73 6f 6e 06 54 68 6f 6d 61 73 ff 00 00 23 1a e9 90 80 b0 04 02 
02 8e 00 00 00 01 00 00 00 00 00 00 00 00 00 00 00 00 00 00 ff 28 0a 32 00 f0 20 46 14 00 ef ea 
db 19 00 00 00 e0 04 88 f0 c0 00 00 00 00 00 c0 57 40 00 00 00 40 1e fd cf 40 00 ff 00 00 00 00 
00 f7 00 00 00 e6 00 00 00 00 00 28 0a ff 00 31 5e 00 00 00 00 00 00 00 00 00 00 00 00 00 00 00 
00 ff 00 00 00 00 00 00 00 00 00 00 00 00 80 3f 11 00 00 00 4b b1 00 00 73 02 00 00 3f 00 00 00 
01 22 00 00 00 00 00 00 00 00 00 
.......?.....E/..Fh.....N.............Anderson.Thomas...#............................(.2.. F....
................W@...@...@.................(...1^..............................?....K...s...?...
.".........

Client->GAME [13:58:27 07/28/09] packet size: 1 CRYPTED, Flags: 7e ServerSeq: 14 ClientSeq: 103
02 
.

GAME->Client [13:58:27 07/28/09] packet size: 203 CRYPTED, Flags: 7f ServerSeq: 95 ClientSeq: 6
02 03 02 00 03 08 dd 3f 84 c7 cc e7 d1 45 26 eb 7f 46 e5 cb db 19 ff 01 4e 01 00 00 00 00 00 00 
00 00 00 00 00 08 41 6e 64 65 72 73 6f 6e 06 54 68 6f 6d 61 73 ff 00 00 23 1a e9 90 80 b0 04 02 
02 8e 00 00 00 01 00 00 00 00 00 00 00 00 00 00 00 00 00 00 ff 28 0a 32 00 f0 20 46 14 00 ef ea 
db 19 00 00 00 e0 04 88 f0 c0 00 00 00 00 00 c0 57 40 00 00 00 40 1e fd cf 40 00 ff 00 00 00 00 
00 f7 00 00 00 e6 00 00 00 00 00 28 0a ff 00 31 5e 00 00 00 00 00 00 00 00 00 00 00 00 00 00 00 
00 ff 00 00 00 00 00 00 00 00 00 00 00 00 80 3f 11 00 00 00 4b b1 00 00 73 02 00 00 3f 00 00 00 
01 22 00 00 00 00 00 00 00 00 00 
.......?.....E&..F......N.............Anderson.Thomas...#............................(.2.. F....
................W@...@...@.................(...1^..............................?....K...s...?...
.".........

Client->GAME [13:58:27 07/28/09] packet size: 1 CRYPTED, Flags: 7d ServerSeq: 15 ClientSeq: 104
02 
.

GAME->Client [13:58:27 07/28/09] packet size: 30 CRYPTED, Flags: 7f ServerSeq: 96 ClientSeq: 7
02 03 02 00 03 08 de 3f 84 c7 a2 9a db 45 1d eb 7f 46 62 cc db 19 80 80 80 10 ea 00 00 00 
.......?.....E...Fb...........

Client->GAME [13:58:27 07/28/09] packet size: 1 CRYPTED, Flags: 7b ServerSeq: 0 ClientSeq: 105
02 
.

GAME->Client [13:58:27 07/28/09] packet size: 203 CRYPTED, Flags: 7f ServerSeq: 97 ClientSeq: 8
02 03 02 00 03 08 df 3f 84 c7 0d e0 e4 45 14 eb 7f 46 df cc db 19 ff 01 4e 01 00 00 00 00 00 00 
00 00 00 00 00 08 41 6e 64 65 72 73 6f 6e 06 54 68 6f 6d 61 73 ff 00 00 23 1a e9 90 80 b0 04 02 
02 8e 00 00 00 01 00 00 00 00 00 00 00 00 00 00 00 00 00 00 ff 28 0a 32 00 f0 20 46 14 00 ef ea 
db 19 00 00 00 e0 04 88 f0 c0 00 00 00 00 00 c0 57 40 00 00 00 40 1e fd cf 40 00 ff 00 00 00 00 
00 f7 00 00 00 ea 00 00 00 00 00 28 0a ff 00 31 5e 00 00 00 00 00 00 00 00 00 00 00 00 00 00 00 
00 ff 00 00 00 00 00 00 00 00 00 00 00 00 80 3f 11 00 00 00 4b b1 00 00 73 02 00 00 3f 00 00 00 
01 22 00 00 00 00 00 00 00 00 00 
.......?.....E...F......N.............Anderson.Thomas...#............................(.2.. F....
................W@...@...@.................(...1^..............................?....K...s...?...
.".........

Client->GAME [13:58:27 07/28/09] packet size: 1 CRYPTED, Flags: 77 ServerSeq: 1 ClientSeq: 106
02 
.

GAME->Client [13:58:27 07/28/09] packet size: 203 CRYPTED, Flags: 7f ServerSeq: 98 ClientSeq: 9
02 03 02 00 03 08 e0 3f 84 c7 0d b8 ed 45 0b eb 7f 46 5c cd db 19 ff 01 4e 01 00 00 00 00 00 00 
00 00 00 00 00 08 41 6e 64 65 72 73 6f 6e 06 54 68 6f 6d 61 73 ff 00 00 23 1a e9 90 80 b0 04 02 
02 8e 00 00 00 01 00 00 00 00 00 00 00 00 00 00 00 00 00 00 ff 28 0a 32 00 f0 20 46 14 00 ef ea 
db 19 00 00 00 e0 04 88 f0 c0 00 00 00 00 00 c0 57 40 00 00 00 40 1e fd cf 40 00 ff 00 00 00 00 
00 f7 00 00 00 ea 00 00 00 00 00 28 0a ff 00 31 5e 00 00 00 00 00 00 00 00 00 00 00 00 00 00 00 
00 ff 00 00 00 00 00 00 00 00 00 00 00 00 80 3f 11 00 00 00 4b b1 00 00 73 02 00 00 3f 00 00 00 
01 22 00 00 00 00 00 00 00 00 00 
.......?.....E...F\.....N.............Anderson.Thomas...#............................(.2.. F....
................W@...@...@.................(...1^..............................?....K...s...?...
.".........

Client->GAME [13:58:27 07/28/09] packet size: 1 CRYPTED, Flags: 6f ServerSeq: 2 ClientSeq: 107
02 
.

GAME->Client [13:58:27 07/28/09] packet size: 207 CRYPTED, Flags: 7f ServerSeq: 99 ClientSeq: 10
82 6f d5 d3 48 03 02 00 03 08 e2 3f 84 c7 a1 22 f6 45 02 eb 7f 46 d9 cd db 19 ff 01 4e 01 00 00 
00 00 00 00 00 00 00 00 00 08 41 6e 64 65 72 73 6f 6e 06 54 68 6f 6d 61 73 ff 00 00 23 1a e9 90 
80 b0 04 02 02 8e 00 00 00 01 00 00 00 00 00 00 00 00 00 00 00 00 00 00 ff 28 0a 32 00 f0 20 46 
14 00 ef ea db 19 00 00 00 e0 04 88 f0 c0 00 00 00 00 00 c0 57 40 00 00 00 40 1e fd cf 40 00 ff 
00 00 00 00 00 f7 00 00 00 ea 00 00 00 00 00 28 0a ff 00 31 5e 00 00 00 00 00 00 00 00 00 00 00 
00 00 00 00 00 ff 00 00 00 00 00 00 00 00 00 00 00 00 80 3f 11 00 00 00 4b b1 00 00 73 02 00 00 
3f 00 00 00 01 22 00 00 00 00 00 00 00 00 00 
.o..H......?...".E...F......N.............Anderson.Thomas...#............................(.2.. F
....................W@...@...@.................(...1^..............................?....K...s...
?....".........

Client->GAME [13:58:28 07/28/09] packet size: 1 CRYPTED, Flags: 5f ServerSeq: 3 ClientSeq: 108
02 
.

GAME->Client [13:58:28 07/28/09] packet size: 203 CRYPTED, Flags: 7f ServerSeq: 100 ClientSeq: 10
02 03 02 00 03 08 e3 3f 84 c7 ca 1f fe 45 f8 ea 7f 46 56 ce db 19 ff 01 4e 01 00 00 00 00 00 00 
00 00 00 00 00 08 41 6e 64 65 72 73 6f 6e 06 54 68 6f 6d 61 73 ff 00 00 23 1a e9 90 80 b0 04 02 
02 8e 00 00 00 01 00 00 00 00 00 00 00 00 00 00 00 00 00 00 ff 28 0a 32 00 f0 20 46 14 00 ef ea 
db 19 00 00 00 e0 04 88 f0 c0 00 00 00 00 00 c0 57 40 00 00 00 40 1e fd cf 40 00 ff 00 00 00 00 
00 f7 00 00 00 ea 00 00 00 00 00 28 0a ff 00 31 5e 00 00 00 00 00 00 00 00 00 00 00 00 00 00 00 
00 ff 00 00 00 00 00 00 00 00 00 00 00 00 80 3f 11 00 00 00 4b b1 00 00 73 02 00 00 3f 00 00 00 
01 22 00 00 00 00 00 00 00 00 00 
.......?.....E...FV.....N.............Anderson.Thomas...#............................(.2.. F....
................W@...@...@.................(...1^..............................?....K...s...?...
.".........

Client->GAME [13:58:28 07/28/09] packet size: 1 CRYPTED, Flags: 3f ServerSeq: 4 ClientSeq: 109
02 
.

GAME->Client [13:58:28 07/28/09] packet size: 203 CRYPTED, Flags: 7f ServerSeq: 101 ClientSeq: 12
02 03 02 00 03 08 e4 3f 84 c7 c4 d7 02 46 ef ea 7f 46 d3 ce db 19 ff 01 4e 01 00 00 00 00 00 00 
00 00 00 00 00 08 41 6e 64 65 72 73 6f 6e 06 54 68 6f 6d 61 73 ff 00 00 23 1a e9 90 80 b0 04 02 
02 8e 00 00 00 01 00 00 00 00 00 00 00 00 00 00 00 00 00 00 ff 28 0a 32 00 f0 20 46 14 00 ef ea 
db 19 00 00 00 e0 04 88 f0 c0 00 00 00 00 00 c0 57 40 00 00 00 40 1e fd cf 40 00 ff 00 00 00 00 
00 f7 00 00 00 ea 00 00 00 00 00 28 0a ff 00 31 5e 00 00 00 00 00 00 00 00 00 00 00 00 00 00 00 
00 ff 00 00 00 00 00 00 00 00 00 00 00 00 80 3f 11 00 00 00 4b b1 00 00 73 02 00 00 3f 00 00 00 
01 22 00 00 00 00 00 00 00 00 00 
.......?.....F...F......N.............Anderson.Thomas...#............................(.2.. F....
................W@...@...@.................(...1^..............................?....K...s...?...
.".........

Client->GAME [13:58:28 07/28/09] packet size: 1 CRYPTED, Flags: 7f ServerSeq: 5 ClientSeq: 110
02 
.

GAME->Client [13:58:28 07/28/09] packet size: 203 CRYPTED, Flags: 7f ServerSeq: 102 ClientSeq: 12
02 03 02 00 03 08 e5 3f 84 c7 c4 89 05 46 e9 ea 7f 46 50 cf db 19 ff 01 4e 01 00 00 00 00 00 00 
00 00 00 00 00 08 41 6e 64 65 72 73 6f 6e 06 54 68 6f 6d 61 73 ff 00 00 23 1a e9 90 80 b0 04 02 
02 8e 00 00 00 01 00 00 00 00 00 00 00 00 00 00 00 00 00 00 ff 28 0a 32 00 f0 20 46 14 00 ef ea 
db 19 00 00 00 e0 04 88 f0 c0 00 00 00 00 00 c0 57 40 00 00 00 40 1e fd cf 40 00 ff 00 00 00 00 
00 f7 00 00 00 ea 00 00 00 00 00 28 0a ff 00 31 5e 00 00 00 00 00 00 00 00 00 00 00 00 00 00 00 
00 ff 00 00 00 00 00 00 00 00 00 00 00 00 80 3f 11 00 00 00 4b b1 00 00 73 02 00 00 3f 00 00 00 
01 22 00 00 00 00 00 00 00 00 00 
.......?.....F...FP.....N.............Anderson.Thomas...#............................(.2.. F....
................W@...@...@.................(...1^..............................?....K...s...?...
.".........

Client->GAME [13:58:28 07/28/09] packet size: 1 CRYPTED, Flags: 7f ServerSeq: 6 ClientSeq: 111
02 
.

GAME->Client [13:58:28 07/28/09] packet size: 203 CRYPTED, Flags: 7f ServerSeq: 103 ClientSeq: 14
02 03 02 00 03 08 e6 3f 84 c7 e5 f1 08 46 df ea 7f 46 cd cf db 19 ff 01 4e 01 00 00 00 00 00 00 
00 00 00 00 00 08 41 6e 64 65 72 73 6f 6e 06 54 68 6f 6d 61 73 ff 00 00 23 1a e9 90 80 b0 04 02 
02 8e 00 00 00 01 00 00 00 00 00 00 00 00 00 00 00 00 00 00 ff 28 0a 32 00 f0 20 46 14 00 ef ea 
db 19 00 00 00 e0 04 88 f0 c0 00 00 00 00 00 c0 57 40 00 00 00 40 1e fd cf 40 00 ff 00 00 00 00 
00 f7 00 00 00 ea 00 00 00 00 00 28 0a ff 00 31 5e 00 00 00 00 00 00 00 00 00 00 00 00 00 00 00 
00 ff 00 00 00 00 00 00 00 00 00 00 00 00 80 3f 11 00 00 00 4b b1 00 00 73 02 00 00 3f 00 00 00 
01 22 00 00 00 00 00 00 00 00 00 
.......?.....F...F......N.............Anderson.Thomas...#............................(.2.. F....
................W@...@...@.................(...1^..............................?....K...s...?...
.".........

Client->GAME [13:58:28 07/28/09] packet size: 1 CRYPTED, Flags: 7f ServerSeq: 7 ClientSeq: 112
02 
.

GAME->Client [13:58:28 07/28/09] packet size: 30 CRYPTED, Flags: 7f ServerSeq: 104 ClientSeq: 15
02 03 02 00 03 08 e7 3f 84 c7 50 23 0c 46 d6 ea 7f 46 4a d0 db 19 80 80 80 10 ee 00 00 00 
.......?..P#.F...FJ...........

Client->GAME [13:58:28 07/28/09] packet size: 1 CRYPTED, Flags: 7f ServerSeq: 8 ClientSeq: 113
02 
.

GAME->Client [13:58:28 07/28/09] packet size: 203 CRYPTED, Flags: 7f ServerSeq: 105 ClientSeq: 0
02 03 02 00 03 08 e8 3f 84 c7 06 1e 0f 46 cd ea 7f 46 c7 d0 db 19 ff 01 4e 01 00 00 00 00 00 00 
00 00 00 00 00 08 41 6e 64 65 72 73 6f 6e 06 54 68 6f 6d 61 73 ff 00 00 23 1a e9 90 80 b0 04 02 
02 8e 00 00 00 01 00 00 00 00 00 00 00 00 00 00 00 00 00 00 ff 28 0a 32 00 f0 20 46 14 00 ef ea 
db 19 00 00 00 e0 04 88 f0 c0 00 00 00 00 00 c0 57 40 00 00 00 40 1e fd cf 40 00 ff 00 00 00 00 
00 f7 00 00 00 ee 00 00 00 00 00 28 0a ff 00 31 5e 00 00 00 00 00 00 00 00 00 00 00 00 00 00 00 
00 ff 00 00 00 00 00 00 00 00 00 00 00 00 80 3f 11 00 00 00 4b b1 00 00 73 02 00 00 3f 00 00 00 
01 22 00 00 00 00 00 00 00 00 00 
.......?.....F...F......N.............Anderson.Thomas...#............................(.2.. F....
................W@...@...@.................(...1^..............................?....K...s...?...
.".........

Client->GAME [13:58:28 07/28/09] packet size: 1 CRYPTED, Flags: 7f ServerSeq: 9 ClientSeq: 114
02 
.

GAME->Client [13:58:28 07/28/09] packet size: 203 CRYPTED, Flags: 7f ServerSeq: 106 ClientSeq: 1
02 03 02 00 03 08 ea 3f 84 c7 06 e2 11 46 c4 ea 7f 46 44 d1 db 19 ff 01 4e 01 00 00 00 00 00 00 
00 00 00 00 00 08 41 6e 64 65 72 73 6f 6e 06 54 68 6f 6d 61 73 ff 00 00 23 1a e9 90 80 b0 04 02 
02 8e 00 00 00 01 00 00 00 00 00 00 00 00 00 00 00 00 00 00 ff 28 0a 32 00 f0 20 46 14 00 ef ea 
db 19 00 00 00 e0 04 88 f0 c0 00 00 00 00 00 c0 57 40 00 00 00 40 1e fd cf 40 00 ff 00 00 00 00 
00 f7 00 00 00 ee 00 00 00 00 00 28 0a ff 00 31 5e 00 00 00 00 00 00 00 00 00 00 00 00 00 00 00 
00 ff 00 00 00 00 00 00 00 00 00 00 00 00 80 3f 11 00 00 00 4b b1 00 00 73 02 00 00 3f 00 00 00 
01 22 00 00 00 00 00 00 00 00 00 
.......?.....F...FD.....N.............Anderson.Thomas...#............................(.2.. F....
................W@...@...@.................(...1^..............................?....K...s...?...
.".........

Client->GAME [13:58:28 07/28/09] packet size: 1 CRYPTED, Flags: 7f ServerSeq: 10 ClientSeq: 115
02 
.

GAME->Client [13:58:28 07/28/09] packet size: 203 CRYPTED, Flags: 7f ServerSeq: 107 ClientSeq: 2
02 03 02 00 03 08 eb 3f 84 c7 50 6f 14 46 bb ea 7f 46 c1 d1 db 19 ff 01 4e 01 00 00 00 00 00 00 
00 00 00 00 00 08 41 6e 64 65 72 73 6f 6e 06 54 68 6f 6d 61 73 ff 00 00 23 1a e9 90 80 b0 04 02 
02 8e 00 00 00 01 00 00 00 00 00 00 00 00 00 00 00 00 00 00 ff 28 0a 32 00 f0 20 46 14 00 ef ea 
db 19 00 00 00 e0 04 88 f0 c0 00 00 00 00 00 c0 57 40 00 00 00 40 1e fd cf 40 00 ff 00 00 00 00 
00 f7 00 00 00 ee 00 00 00 00 00 28 0a ff 00 31 5e 00 00 00 00 00 00 00 00 00 00 00 00 00 00 00 
00 ff 00 00 00 00 00 00 00 00 00 00 00 00 80 3f 11 00 00 00 4b b1 00 00 73 02 00 00 3f 00 00 00 
01 22 00 00 00 00 00 00 00 00 00 
.......?..Po.F...F......N.............Anderson.Thomas...#............................(.2.. F....
................W@...@...@.................(...1^..............................?....K...s...?...
.".........

Client->GAME [13:58:28 07/28/09] packet size: 1 CRYPTED, Flags: 7f ServerSeq: 11 ClientSeq: 116
02 
.

GAME->Client [13:58:28 07/28/09] packet size: 207 CRYPTED, Flags: 7f ServerSeq: 108 ClientSeq: 3
82 93 d5 d3 48 03 02 00 03 08 ec 3f 84 c7 e5 c5 16 46 b2 ea 7f 46 3e d2 db 19 ff 01 4e 01 00 00 
00 00 00 00 00 00 00 00 00 08 41 6e 64 65 72 73 6f 6e 06 54 68 6f 6d 61 73 ff 00 00 23 1a e9 90 
80 b0 04 02 02 8e 00 00 00 01 00 00 00 00 00 00 00 00 00 00 00 00 00 00 ff 28 0a 32 00 f0 20 46 
14 00 ef ea db 19 00 00 00 e0 04 88 f0 c0 00 00 00 00 00 c0 57 40 00 00 00 40 1e fd cf 40 00 ff 
00 00 00 00 00 f7 00 00 00 ee 00 00 00 00 00 28 0a ff 00 31 5e 00 00 00 00 00 00 00 00 00 00 00 
00 00 00 00 00 ff 00 00 00 00 00 00 00 00 00 00 00 00 80 3f 11 00 00 00 4b b1 00 00 73 02 00 00 
3f 00 00 00 01 22 00 00 00 00 00 00 00 00 00 
....H......?.....F...F>.....N.............Anderson.Thomas...#............................(.2.. F
....................W@...@...@.................(...1^..............................?....K...s...
?....".........

Client->GAME [13:58:28 07/28/09] packet size: 1 CRYPTED, Flags: 7f ServerSeq: 12 ClientSeq: 117
02 
.

GAME->Client [13:58:29 07/28/09] packet size: 203 CRYPTED, Flags: 7f ServerSeq: 109 ClientSeq: 4
02 03 02 00 03 08 ed 3f 84 c7 c4 e5 18 46 a9 ea 7f 46 bb d2 db 19 ff 01 4e 01 00 00 00 00 00 00 
00 00 00 00 00 08 41 6e 64 65 72 73 6f 6e 06 54 68 6f 6d 61 73 ff 00 00 23 1a e9 90 80 b0 04 02 
02 8e 00 00 00 01 00 00 00 00 00 00 00 00 00 00 00 00 00 00 ff 28 0a 32 00 f0 20 46 14 00 ef ea 
db 19 00 00 00 e0 04 88 f0 c0 00 00 00 00 00 c0 57 40 00 00 00 40 1e fd cf 40 00 ff 00 00 00 00 
00 f7 00 00 00 ee 00 00 00 00 00 28 0a ff 00 31 5e 00 00 00 00 00 00 00 00 00 00 00 00 00 00 00 
00 ff 00 00 00 00 00 00 00 00 00 00 00 00 80 3f 11 00 00 00 4b b1 00 00 73 02 00 00 3f 00 00 00 
01 22 00 00 00 00 00 00 00 00 00 
.......?.....F...F......N.............Anderson.Thomas...#............................(.2.. F....
................W@...@...@.................(...1^..............................?....K...s...?...
.".........

Client->GAME [13:58:29 07/28/09] packet size: 1 CRYPTED, Flags: 7f ServerSeq: 13 ClientSeq: 118
02 
.

GAME->Client [13:58:29 07/28/09] packet size: 203 CRYPTED, Flags: 7f ServerSeq: 110 ClientSeq: 5
02 03 02 00 03 08 ee 3f 84 c7 ed ce 1a 46 a0 ea 7f 46 38 d3 db 19 ff 01 4e 01 00 00 00 00 00 00 
00 00 00 00 00 08 41 6e 64 65 72 73 6f 6e 06 54 68 6f 6d 61 73 ff 00 00 23 1a e9 90 80 b0 04 02 
02 8e 00 00 00 01 00 00 00 00 00 00 00 00 00 00 00 00 00 00 ff 28 0a 32 00 f0 20 46 14 00 ef ea 
db 19 00 00 00 e0 04 88 f0 c0 00 00 00 00 00 c0 57 40 00 00 00 40 1e fd cf 40 00 ff 00 00 00 00 
00 f7 00 00 00 ee 00 00 00 00 00 28 0a ff 00 31 5e 00 00 00 00 00 00 00 00 00 00 00 00 00 00 00 
00 ff 00 00 00 00 00 00 00 00 00 00 00 00 80 3f 11 00 00 00 4b b1 00 00 73 02 00 00 3f 00 00 00 
01 22 00 00 00 00 00 00 00 00 00 
.......?.....F...F8.....N.............Anderson.Thomas...#............................(.2.. F....
................W@...@...@.................(...1^..............................?....K...s...?...
.".........

Client->GAME [13:58:29 07/28/09] packet size: 1 CRYPTED, Flags: 7f ServerSeq: 14 ClientSeq: 119
02 
.

GAME->Client [13:58:29 07/28/09] packet size: 203 CRYPTED, Flags: 7f ServerSeq: 111 ClientSeq: 6
02 03 02 00 03 08 f0 3f 84 c7 61 81 1c 46 97 ea 7f 46 b5 d3 db 19 ff 01 4e 01 00 00 00 00 00 00 
00 00 00 00 00 08 41 6e 64 65 72 73 6f 6e 06 54 68 6f 6d 61 73 ff 00 00 23 1a e9 90 80 b0 04 02 
02 8e 00 00 00 01 00 00 00 00 00 00 00 00 00 00 00 00 00 00 ff 28 0a 32 00 f0 20 46 14 00 ef ea 
db 19 00 00 00 e0 04 88 f0 c0 00 00 00 00 00 c0 57 40 00 00 00 40 1e fd cf 40 00 ff 00 00 00 00 
00 f7 00 00 00 ee 00 00 00 00 00 28 0a ff 00 31 5e 00 00 00 00 00 00 00 00 00 00 00 00 00 00 00 
00 ff 00 00 00 00 00 00 00 00 00 00 00 00 80 3f 11 00 00 00 4b b1 00 00 73 02 00 00 3f 00 00 00 
01 22 00 00 00 00 00 00 00 00 00 
.......?..a..F...F......N.............Anderson.Thomas...#............................(.2.. F....
................W@...@...@.................(...1^..............................?....K...s...?...
.".........

Client->GAME [13:58:29 07/28/09] packet size: 1 CRYPTED, Flags: 7f ServerSeq: 15 ClientSeq: 120
02 
.

GAME->Client [13:58:29 07/28/09] packet size: 30 CRYPTED, Flags: 7f ServerSeq: 112 ClientSeq: 7
02 03 02 00 03 08 f1 3f 84 c7 1f fd 1d 46 8e ea 7f 46 32 d4 db 19 80 80 80 10 f1 00 00 00 
.......?.....F...F2...........

Client->GAME [13:58:29 07/28/09] packet size: 1 CRYPTED, Flags: 7f ServerSeq: 0 ClientSeq: 121
02 
.

GAME->Client [13:58:30 07/28/09] packet size: 203 CRYPTED, Flags: 7f ServerSeq: 113 ClientSeq: 8
02 03 02 00 03 08 f2 3f 84 c7 06 f6 1e 46 87 ea 7f 46 af d4 db 19 ff 01 4e 01 00 00 00 00 00 00 
00 00 00 00 00 08 41 6e 64 65 72 73 6f 6e 06 54 68 6f 6d 61 73 ff 00 00 23 1a e9 90 80 b0 04 02 
02 8e 00 00 00 01 00 00 00 00 00 00 00 00 00 00 00 00 00 00 ff 28 0a 32 00 f0 20 46 14 00 ef ea 
db 19 00 00 00 e0 04 88 f0 c0 00 00 00 00 00 c0 57 40 00 00 00 40 1e fd cf 40 00 ff 00 00 00 00 
00 f7 00 00 00 f1 00 00 00 00 00 28 0a ff 00 31 5e 00 00 00 00 00 00 00 00 00 00 00 00 00 00 00 
00 ff 00 00 00 00 00 00 00 00 00 00 00 00 80 3f 11 00 00 00 4b b1 00 00 73 02 00 00 3f 00 00 00 
01 22 00 00 00 00 00 00 00 00 00 
.......?.....F...F......N.............Anderson.Thomas...#............................(.2.. F....
................W@...@...@.................(...1^..............................?....K...s...?...
.".........

Client->GAME [13:58:30 07/28/09] packet size: 1 CRYPTED, Flags: 7f ServerSeq: 1 ClientSeq: 122
02 
.

GAME->Client [13:58:30 07/28/09] packet size: 203 CRYPTED, Flags: 7f ServerSeq: 114 ClientSeq: 9
02 03 02 00 03 08 f3 3f 84 c7 06 12 20 46 7e ea 7f 46 2c d5 db 19 ff 01 4e 01 00 00 00 00 00 00 
00 00 00 00 00 08 41 6e 64 65 72 73 6f 6e 06 54 68 6f 6d 61 73 ff 00 00 23 1a e9 90 80 b0 04 02 
02 8e 00 00 00 01 00 00 00 00 00 00 00 00 00 00 00 00 00 00 ff 28 0a 32 00 f0 20 46 14 00 ef ea 
db 19 00 00 00 e0 04 88 f0 c0 00 00 00 00 00 c0 57 40 00 00 00 40 1e fd cf 40 00 ff 00 00 00 00 
00 f7 00 00 00 f1 00 00 00 00 00 28 0a ff 00 31 5e 00 00 00 00 00 00 00 00 00 00 00 00 00 00 00 
00 ff 00 00 00 00 00 00 00 00 00 00 00 00 80 3f 11 00 00 00 4b b1 00 00 73 02 00 00 3f 00 00 00 
01 22 00 00 00 00 00 00 00 00 00 
.......?.... F~..F,.....N.............Anderson.Thomas...#............................(.2.. F....
................W@...@...@.................(...1^..............................?....K...s...?...
.".........

Client->GAME [13:58:30 07/28/09] packet size: 1 CRYPTED, Flags: 7f ServerSeq: 2 ClientSeq: 123
02 
.

GAME->Client [13:58:30 07/28/09] packet size: 203 CRYPTED, Flags: 7f ServerSeq: 115 ClientSeq: 10
02 03 02 00 03 08 f4 3f 84 c7 51 f7 20 46 75 ea 7f 46 a9 d5 db 19 ff 01 4e 01 00 00 00 00 00 00 
00 00 00 00 00 08 41 6e 64 65 72 73 6f 6e 06 54 68 6f 6d 61 73 ff 00 00 23 1a e9 90 80 b0 04 02 
02 8e 00 00 00 01 00 00 00 00 00 00 00 00 00 00 00 00 00 00 ff 28 0a 32 00 f0 20 46 14 00 ef ea 
db 19 00 00 00 e0 04 88 f0 c0 00 00 00 00 00 c0 57 40 00 00 00 40 1e fd cf 40 00 ff 00 00 00 00 
00 f7 00 00 00 f1 00 00 00 00 00 28 0a ff 00 31 5e 00 00 00 00 00 00 00 00 00 00 00 00 00 00 00 
00 ff 00 00 00 00 00 00 00 00 00 00 00 00 80 3f 11 00 00 00 4b b1 00 00 73 02 00 00 3f 00 00 00 
01 22 00 00 00 00 00 00 00 00 00 
.......?..Q. Fu..F......N.............Anderson.Thomas...#............................(.2.. F....
................W@...@...@.................(...1^..............................?....K...s...?...
.".........

Client->GAME [13:58:30 07/28/09] packet size: 1 CRYPTED, Flags: 7f ServerSeq: 3 ClientSeq: 124
02 
.

GAME->Client [13:58:30 07/28/09] packet size: 203 CRYPTED, Flags: 7f ServerSeq: 116 ClientSeq: 11
02 03 02 00 03 08 f5 3f 84 c7 e6 a5 21 46 6b ea 7f 46 26 d6 db 19 ff 01 4e 01 00 00 00 00 00 00 
00 00 00 00 00 08 41 6e 64 65 72 73 6f 6e 06 54 68 6f 6d 61 73 ff 00 00 23 1a e9 90 80 b0 04 02 
02 8e 00 00 00 01 00 00 00 00 00 00 00 00 00 00 00 00 00 00 ff 28 0a 32 00 f0 20 46 14 00 ef ea 
db 19 00 00 00 e0 04 88 f0 c0 00 00 00 00 00 c0 57 40 00 00 00 40 1e fd cf 40 00 ff 00 00 00 00 
00 f7 00 00 00 f1 00 00 00 00 00 28 0a ff 00 31 5e 00 00 00 00 00 00 00 00 00 00 00 00 00 00 00 
00 ff 00 00 00 00 00 00 00 00 00 00 00 00 80 3f 11 00 00 00 4b b1 00 00 73 02 00 00 3f 00 00 00 
01 22 00 00 00 00 00 00 00 00 00 
.......?....!Fk..F&.....N.............Anderson.Thomas...#............................(.2.. F....
................W@...@...@.................(...1^..............................?....K...s...?...
.".........

Client->GAME [13:58:30 07/28/09] packet size: 1 CRYPTED, Flags: 7f ServerSeq: 4 ClientSeq: 125
02 
.

GAME->Client [13:58:30 07/28/09] packet size: 207 CRYPTED, Flags: 7f ServerSeq: 117 ClientSeq: 12
82 b7 d5 d3 48 03 02 00 03 08 f6 3f 84 c7 c5 1d 22 46 62 ea 7f 46 a3 d6 db 19 ff 01 4e 01 00 00 
00 00 00 00 00 00 00 00 00 08 41 6e 64 65 72 73 6f 6e 06 54 68 6f 6d 61 73 ff 00 00 23 1a e9 90 
80 b0 04 02 02 8e 00 00 00 01 00 00 00 00 00 00 00 00 00 00 00 00 00 00 ff 28 0a 32 00 f0 20 46 
14 00 ef ea db 19 00 00 00 e0 04 88 f0 c0 00 00 00 00 00 c0 57 40 00 00 00 40 1e fd cf 40 00 ff 
00 00 00 00 00 f7 00 00 00 f1 00 00 00 00 00 28 0a ff 00 31 5e 00 00 00 00 00 00 00 00 00 00 00 
00 00 00 00 00 ff 00 00 00 00 00 00 00 00 00 00 00 00 80 3f 11 00 00 00 4b b1 00 00 73 02 00 00 
3f 00 00 00 01 22 00 00 00 00 00 00 00 00 00 
....H......?...."Fb..F......N.............Anderson.Thomas...#............................(.2.. F
....................W@...@...@.................(...1^..............................?....K...s...
?....".........

Client->GAME [13:58:30 07/28/09] packet size: 1 CRYPTED, Flags: 7f ServerSeq: 5 ClientSeq: 126
02 
.

GAME->Client [13:58:30 07/28/09] packet size: 203 CRYPTED, Flags: 7f ServerSeq: 118 ClientSeq: 13
02 03 02 00 03 08 f8 3f 84 c7 ef 5e 22 46 59 ea 7f 46 20 d7 db 19 ff 01 4e 01 00 00 00 00 00 00 
00 00 00 00 00 08 41 6e 64 65 72 73 6f 6e 06 54 68 6f 6d 61 73 ff 00 00 23 1a e9 90 80 b0 04 02 
02 8e 00 00 00 01 00 00 00 00 00 00 00 00 00 00 00 00 00 00 ff 28 0a 32 00 f0 20 46 14 00 ef ea 
db 19 00 00 00 e0 04 88 f0 c0 00 00 00 00 00 c0 57 40 00 00 00 40 1e fd cf 40 00 ff 00 00 00 00 
00 f7 00 00 00 f1 00 00 00 00 00 28 0a ff 00 31 5e 00 00 00 00 00 00 00 00 00 00 00 00 00 00 00 
00 ff 00 00 00 00 00 00 00 00 00 00 00 00 80 3f 11 00 00 00 4b b1 00 00 73 02 00 00 3f 00 00 00 
01 22 00 00 00 00 00 00 00 00 00 
.......?...^"FY..F .....N.............Anderson.Thomas...#............................(.2.. F....
................W@...@...@.................(...1^..............................?....K...s...?...
.".........

Client->GAME [13:58:30 07/28/09] packet size: 1 CRYPTED, Flags: 7f ServerSeq: 6 ClientSeq: 127
02 
.

GAME->Client [13:58:30 07/28/09] packet size: 203 CRYPTED, Flags: 7f ServerSeq: 119 ClientSeq: 14
02 03 02 00 03 08 f9 3f 84 c7 62 69 22 46 50 ea 7f 46 9d d7 db 19 ff 01 4e 01 00 00 00 00 00 00 
00 00 00 00 00 08 41 6e 64 65 72 73 6f 6e 06 54 68 6f 6d 61 73 ff 00 00 23 1a e9 90 80 b0 04 02 
02 8e 00 00 00 01 00 00 00 00 00 00 00 00 00 00 00 00 00 00 ff 28 0a 32 00 f0 20 46 14 00 ef ea 
db 19 00 00 00 e0 04 88 f0 c0 00 00 00 00 00 c0 57 40 00 00 00 40 1e fd cf 40 00 ff 00 00 00 00 
00 f7 00 00 00 f1 00 00 00 00 00 28 0a ff 00 31 5e 00 00 00 00 00 00 00 00 00 00 00 00 00 00 00 
00 ff 00 00 00 00 00 00 00 00 00 00 00 00 80 3f 11 00 00 00 4b b1 00 00 73 02 00 00 3f 00 00 00 
01 22 00 00 00 00 00 00 00 00 00 
.......?..bi"FP..F......N.............Anderson.Thomas...#............................(.2.. F....
................W@...@...@.................(...1^..............................?....K...s...?...
.".........

Client->GAME [13:58:30 07/28/09] packet size: 1 CRYPTED, Flags: 7f ServerSeq: 7 ClientSeq: 128
02 
.

GAME->Client [13:58:30 07/28/09] packet size: 30 CRYPTED, Flags: 7f ServerSeq: 120 ClientSeq: 15
02 03 02 00 03 08 fa 3f 84 c7 21 3d 22 46 47 ea 7f 46 1a d8 db 19 80 80 80 10 f5 00 00 00 
.......?..!="FG..F............

Client->GAME [13:58:30 07/28/09] packet size: 1 CRYPTED, Flags: 7f ServerSeq: 8 ClientSeq: 129
02 
.

GAME->Client [13:58:30 07/28/09] packet size: 203 CRYPTED, Flags: 7f ServerSeq: 121 ClientSeq: 0
02 03 02 00 03 08 fb 3f 84 c7 29 da 21 46 3e ea 7f 46 97 d8 db 19 ff 01 4e 01 00 00 00 00 00 00 
00 00 00 00 00 08 41 6e 64 65 72 73 6f 6e 06 54 68 6f 6d 61 73 ff 00 00 23 1a e9 90 80 b0 04 02 
02 8e 00 00 00 01 00 00 00 00 00 00 00 00 00 00 00 00 00 00 ff 28 0a 32 00 f0 20 46 14 00 ef ea 
db 19 00 00 00 e0 04 88 f0 c0 00 00 00 00 00 c0 57 40 00 00 00 40 1e fd cf 40 00 ff 00 00 00 00 
00 f7 00 00 00 f5 00 00 00 00 00 28 0a ff 00 31 5e 00 00 00 00 00 00 00 00 00 00 00 00 00 00 00 
00 ff 00 00 00 00 00 00 00 00 00 00 00 00 80 3f 11 00 00 00 4b b1 00 00 73 02 00 00 3f 00 00 00 
01 22 00 00 00 00 00 00 00 00 00 
.......?..).!F>..F......N.............Anderson.Thomas...#............................(.2.. F....
................W@...@...@.................(...1^..............................?....K...s...?...
.".........

Client->GAME [13:58:30 07/28/09] packet size: 1 CRYPTED, Flags: 7f ServerSeq: 9 ClientSeq: 130
02 
.

GAME->Client [13:58:30 07/28/09] packet size: 203 CRYPTED, Flags: 7f ServerSeq: 122 ClientSeq: 1
02 03 02 00 03 08 fc 3f 84 c7 7c 40 21 46 35 ea 7f 46 14 d9 db 19 ff 01 4e 01 00 00 00 00 00 00 
00 00 00 00 00 08 41 6e 64 65 72 73 6f 6e 06 54 68 6f 6d 61 73 ff 00 00 23 1a e9 90 80 b0 04 02 
02 8e 00 00 00 01 00 00 00 00 00 00 00 00 00 00 00 00 00 00 ff 28 0a 32 00 f0 20 46 14 00 ef ea 
db 19 00 00 00 e0 04 88 f0 c0 00 00 00 00 00 c0 57 40 00 00 00 40 1e fd cf 40 00 ff 00 00 00 00 
00 f7 00 00 00 f5 00 00 00 00 00 28 0a ff 00 31 5e 00 00 00 00 00 00 00 00 00 00 00 00 00 00 00 
00 ff 00 00 00 00 00 00 00 00 00 00 00 00 80 3f 11 00 00 00 4b b1 00 00 73 02 00 00 3f 00 00 00 
01 22 00 00 00 00 00 00 00 00 00 
.......?..|@!F5..F......N.............Anderson.Thomas...#............................(.2.. F....
................W@...@...@.................(...1^..............................?....K...s...?...
.".........

Client->GAME [13:58:30 07/28/09] packet size: 1 CRYPTED, Flags: 7f ServerSeq: 10 ClientSeq: 131
02 
.

GAME->Client [13:58:30 07/28/09] packet size: 203 CRYPTED, Flags: 7f ServerSeq: 123 ClientSeq: 2
02 03 02 00 03 08 fe 3f 84 c7 19 70 20 46 2c ea 7f 46 91 d9 db 19 ff 01 4e 01 00 00 00 00 00 00 
00 00 00 00 00 08 41 6e 64 65 72 73 6f 6e 06 54 68 6f 6d 61 73 ff 00 00 23 1a e9 90 80 b0 04 02 
02 8e 00 00 00 01 00 00 00 00 00 00 00 00 00 00 00 00 00 00 ff 28 0a 32 00 f0 20 46 14 00 ef ea 
db 19 00 00 00 e0 04 88 f0 c0 00 00 00 00 00 c0 57 40 00 00 00 40 1e fd cf 40 00 ff 00 00 00 00 
00 f7 00 00 00 f5 00 00 00 00 00 28 0a ff 00 31 5e 00 00 00 00 00 00 00 00 00 00 00 00 00 00 00 
00 ff 00 00 00 00 00 00 00 00 00 00 00 00 80 3f 11 00 00 00 4b b1 00 00 73 02 00 00 3f 00 00 00 
01 22 00 00 00 00 00 00 00 00 00 
.......?...p F,..F......N.............Anderson.Thomas...#............................(.2.. F....
................W@...@...@.................(...1^..............................?....K...s...?...
.".........

Client->GAME [13:58:31 07/28/09] packet size: 1 CRYPTED, Flags: 7f ServerSeq: 11 ClientSeq: 132
02 
.

GAME->Client [13:58:31 07/28/09] packet size: 210 CRYPTED, Flags: 7f ServerSeq: 124 ClientSeq: 3
02 03 01 00 01 01 00 0f 00 02 00 03 08 ff 3f 84 c7 e8 af 1f 46 25 ea 7f 46 0e da db 19 ff 01 4e 
01 00 00 00 00 00 00 00 00 00 00 00 08 41 6e 64 65 72 73 6f 6e 06 54 68 6f 6d 61 73 ff 00 00 23 
1a e9 90 80 b0 04 02 02 8e 00 00 00 01 00 00 00 00 00 00 00 00 00 00 00 00 00 00 ff 28 0a 32 00 
f0 20 46 14 00 ef ea db 19 00 00 00 e0 04 88 f0 c0 00 00 00 00 00 c0 57 40 00 00 00 40 1e fd cf 
40 00 ff 00 00 00 00 00 f7 00 00 00 f5 00 00 00 00 00 28 0a ff 00 31 5e 00 00 00 00 00 00 00 00 
00 00 00 00 00 00 00 00 ff 00 00 00 00 00 00 00 00 00 00 00 00 80 3f 11 00 00 00 4b b1 00 00 73 
02 00 00 3f 00 00 00 01 22 00 00 00 00 00 00 00 00 00 
..............?.....F%..F......N.............Anderson.Thomas...#............................(.2.
. F....................W@...@...@.................(...1^..............................?....K...s
...?....".........

Client->GAME [13:58:31 07/28/09] packet size: 1 CRYPTED, Flags: 7f ServerSeq: 12 ClientSeq: 133
02 
.

GAME->Client [13:58:31 07/28/09] packet size: 203 CRYPTED, Flags: 7f ServerSeq: 125 ClientSeq: 3
02 03 02 00 03 08 00 40 84 c7 c8 7f 1e 46 1c ea 7f 46 8b da db 19 ff 01 4e 01 00 00 00 00 00 00 
00 00 00 00 00 08 41 6e 64 65 72 73 6f 6e 06 54 68 6f 6d 61 73 ff 00 00 23 1a e9 90 80 b0 04 02 
02 8e 00 00 00 01 00 00 00 00 00 00 00 00 00 00 00 00 00 00 ff 28 0a 32 00 f0 20 46 14 00 ef ea 
db 19 00 00 00 e0 04 88 f0 c0 00 00 00 00 00 c0 57 40 00 00 00 40 1e fd cf 40 00 ff 00 00 00 00 
00 f7 00 00 00 f5 00 00 00 00 00 28 0a ff 00 31 5e 00 00 00 00 00 00 00 00 00 00 00 00 00 00 00 
00 ff 00 00 00 00 00 00 00 00 00 00 00 00 80 3f 11 00 00 00 4b b1 00 00 73 02 00 00 3f 00 00 00 
01 22 00 00 00 00 00 00 00 00 00 
.......@.....F...F......N.............Anderson.Thomas...#............................(.2.. F....
................W@...@...@.................(...1^..............................?....K...s...?...
.".........

Client->GAME [13:58:31 07/28/09] packet size: 1 CRYPTED, Flags: 7f ServerSeq: 13 ClientSeq: 134
02 
.

GAME->Client [13:58:31 07/28/09] packet size: 207 CRYPTED, Flags: 7f ServerSeq: 126 ClientSeq: 5
82 db d5 d3 48 03 02 00 03 08 01 40 84 c7 f1 18 1d 46 13 ea 7f 46 08 db db 19 ff 01 4e 01 00 00 
00 00 00 00 00 00 00 00 00 08 41 6e 64 65 72 73 6f 6e 06 54 68 6f 6d 61 73 ff 00 00 23 1a e9 90 
80 b0 04 02 02 8e 00 00 00 01 00 00 00 00 00 00 00 00 00 00 00 00 00 00 ff 28 0a 32 00 f0 20 46 
14 00 ef ea db 19 00 00 00 e0 04 88 f0 c0 00 00 00 00 00 c0 57 40 00 00 00 40 1e fd cf 40 00 ff 
00 00 00 00 00 f7 00 00 00 f5 00 00 00 00 00 28 0a ff 00 31 5e 00 00 00 00 00 00 00 00 00 00 00 
00 00 00 00 00 ff 00 00 00 00 00 00 00 00 00 00 00 00 80 3f 11 00 00 00 4b b1 00 00 73 02 00 00 
3f 00 00 00 01 22 00 00 00 00 00 00 00 00 00 
....H......@.....F...F......N.............Anderson.Thomas...#............................(.2.. F
....................W@...@...@.................(...1^..............................?....K...s...
?....".........

Client->GAME [13:58:31 07/28/09] packet size: 1 CRYPTED, Flags: 7f ServerSeq: 14 ClientSeq: 135
02 
.

GAME->Client [13:58:31 07/28/09] packet size: 203 CRYPTED, Flags: 7f ServerSeq: 127 ClientSeq: 6
02 03 02 00 03 08 02 40 84 c7 65 7b 1b 46 0a ea 7f 46 85 db db 19 ff 01 4e 01 00 00 00 00 00 00 
00 00 00 00 00 08 41 6e 64 65 72 73 6f 6e 06 54 68 6f 6d 61 73 ff 00 00 23 1a e9 90 80 b0 04 02 
02 8e 00 00 00 01 00 00 00 00 00 00 00 00 00 00 00 00 00 00 ff 28 0a 32 00 f0 20 46 14 00 ef ea 
db 19 00 00 00 e0 04 88 f0 c0 00 00 00 00 00 c0 57 40 00 00 00 40 1e fd cf 40 00 ff 00 00 00 00 
00 f7 00 00 00 f5 00 00 00 00 00 28 0a ff 00 31 5e 00 00 00 00 00 00 00 00 00 00 00 00 00 00 00 
00 ff 00 00 00 00 00 00 00 00 00 00 00 00 80 3f 11 00 00 00 4b b1 00 00 73 02 00 00 3f 00 00 00 
01 22 00 00 00 00 00 00 00 00 00 
.......@..e{.F...F......N.............Anderson.Thomas...#............................(.2.. F....
................W@...@...@.................(...1^..............................?....K...s...?...
.".........

Client->GAME [13:58:31 07/28/09] packet size: 1 CRYPTED, Flags: 7f ServerSeq: 15 ClientSeq: 136
02 
.

GAME->Client [13:58:31 07/28/09] packet size: 30 CRYPTED, Flags: 7f ServerSeq: 128 ClientSeq: 7
02 03 02 00 03 08 03 40 84 c7 24 a7 19 46 01 ea 7f 46 02 dc db 19 80 80 80 10 f7 00 00 00 
.......@..$..F...F............

Client->GAME [13:58:31 07/28/09] packet size: 1 CRYPTED, Flags: 7f ServerSeq: 0 ClientSeq: 137
02 
.

GAME->Client [13:58:31 07/28/09] packet size: 203 CRYPTED, Flags: 7f ServerSeq: 129 ClientSeq: 8
02 03 02 00 03 08 05 40 84 c7 2d 9c 17 46 f8 e9 7f 46 7f dc db 19 ff 01 4e 01 00 00 00 00 00 00 
00 00 00 00 00 08 41 6e 64 65 72 73 6f 6e 06 54 68 6f 6d 61 73 ff 00 00 23 1a e9 90 80 b0 04 02 
02 8e 00 00 00 01 00 00 00 00 00 00 00 00 00 00 00 00 00 00 ff 28 0a 32 00 f0 20 46 14 00 ef ea 
db 19 00 00 00 e0 04 88 f0 c0 00 00 00 00 00 c0 57 40 00 00 00 40 1e fd cf 40 00 ff 00 00 00 00 
00 f7 00 00 00 f7 00 00 00 00 00 28 0a ff 00 31 5e 00 00 00 00 00 00 00 00 00 00 00 00 00 00 00 
00 ff 00 00 00 00 00 00 00 00 00 00 00 00 80 3f 11 00 00 00 4b b1 00 00 73 02 00 00 3f 00 00 00 
01 22 00 00 00 00 00 00 00 00 00 
.......@..-..F...F......N.............Anderson.Thomas...#............................(.2.. F....
................W@...@...@.................(...1^..............................?....K...s...?...
.".........

Client->GAME [13:58:31 07/28/09] packet size: 1 CRYPTED, Flags: 7f ServerSeq: 1 ClientSeq: 138
02 
.

GAME->Client [13:58:32 07/28/09] packet size: 203 CRYPTED, Flags: 7f ServerSeq: 130 ClientSeq: 9
02 03 02 00 03 08 06 40 84 c7 7f 5a 15 46 ee e9 7f 46 fc dc db 19 ff 01 4e 01 00 00 00 00 00 00 
00 00 00 00 00 08 41 6e 64 65 72 73 6f 6e 06 54 68 6f 6d 61 73 ff 00 00 23 1a e9 90 80 b0 04 02 
02 8e 00 00 00 01 00 00 00 00 00 00 00 00 00 00 00 00 00 00 ff 28 0a 32 00 f0 20 46 14 00 ef ea 
db 19 00 00 00 e0 04 88 f0 c0 00 00 00 00 00 c0 57 40 00 00 00 40 1e fd cf 40 00 ff 00 00 00 00 
00 f7 00 00 00 f7 00 00 00 00 00 28 0a ff 00 31 5e 00 00 00 00 00 00 00 00 00 00 00 00 00 00 00 
00 ff 00 00 00 00 00 00 00 00 00 00 00 00 80 3f 11 00 00 00 4b b1 00 00 73 02 00 00 3f 00 00 00 
01 22 00 00 00 00 00 00 00 00 00 
.......@...Z.F...F......N.............Anderson.Thomas...#............................(.2.. F....
................W@...@...@.................(...1^..............................?....K...s...?...
.".........

Client->GAME [13:58:32 07/28/09] packet size: 1 CRYPTED, Flags: 7f ServerSeq: 2 ClientSeq: 139
02 
.

GAME->Client [13:58:32 07/28/09] packet size: 203 CRYPTED, Flags: 7f ServerSeq: 131 ClientSeq: 10
02 03 02 00 03 08 07 40 84 c7 1d e2 12 46 e5 e9 7f 46 79 dd db 19 ff 01 4e 01 00 00 00 00 00 00 
00 00 00 00 00 08 41 6e 64 65 72 73 6f 6e 06 54 68 6f 6d 61 73 ff 00 00 23 1a e9 90 80 b0 04 02 
02 8e 00 00 00 01 00 00 00 00 00 00 00 00 00 00 00 00 00 00 ff 28 0a 32 00 f0 20 46 14 00 ef ea 
db 19 00 00 00 e0 04 88 f0 c0 00 00 00 00 00 c0 57 40 00 00 00 40 1e fd cf 40 00 ff 00 00 00 00 
00 f7 00 00 00 f7 00 00 00 00 00 28 0a ff 00 31 5e 00 00 00 00 00 00 00 00 00 00 00 00 00 00 00 
00 ff 00 00 00 00 00 00 00 00 00 00 00 00 80 3f 11 00 00 00 4b b1 00 00 73 02 00 00 3f 00 00 00 
01 22 00 00 00 00 00 00 00 00 00 
.......@.....F...Fy.....N.............Anderson.Thomas...#............................(.2.. F....
................W@...@...@.................(...1^..............................?....K...s...?...
.".........

Client->GAME [13:58:32 07/28/09] packet size: 1 CRYPTED, Flags: 7f ServerSeq: 3 ClientSeq: 140
02 
.

GAME->Client [13:58:32 07/28/09] packet size: 210 CRYPTED, Flags: 7f ServerSeq: 132 ClientSeq: 11
02 03 01 00 01 01 00 10 00 02 00 03 08 08 40 84 c7 04 33 10 46 dc e9 7f 46 f6 dd db 19 ff 01 4e 
01 00 00 00 00 00 00 00 00 00 00 00 08 41 6e 64 65 72 73 6f 6e 06 54 68 6f 6d 61 73 ff 00 00 23 
1a e9 90 80 b0 04 02 02 8e 00 00 00 01 00 00 00 00 00 00 00 00 00 00 00 00 00 00 ff 28 0a 32 00 
f0 20 46 14 00 ef ea db 19 00 00 00 e0 04 88 f0 c0 00 00 00 00 00 c0 57 40 00 00 00 40 1e fd cf 
40 00 ff 00 00 00 00 00 f7 00 00 00 f7 00 00 00 00 00 28 0a ff 00 31 5e 00 00 00 00 00 00 00 00 
00 00 00 00 00 00 00 00 ff 00 00 00 00 00 00 00 00 00 00 00 00 80 3f 11 00 00 00 4b b1 00 00 73 
02 00 00 3f 00 00 00 01 22 00 00 00 00 00 00 00 00 00 
..............@...3.F...F......N.............Anderson.Thomas...#............................(.2.
. F....................W@...@...@.................(...1^..............................?....K...s
...?....".........

Client->GAME [13:58:32 07/28/09] packet size: 1 CRYPTED, Flags: 7f ServerSeq: 4 ClientSeq: 141
02 
.

Client->GAME [13:58:32 07/28/09] packet size: 12
00 00 00 00 00 01 04 08 19 17 f2 00 
............

GAME->Client [13:58:32 07/28/09] packet size: 203 CRYPTED, Flags: 7f ServerSeq: 133 ClientSeq: 12
02 03 02 00 03 08 09 40 84 c7 37 4d 0d 46 d3 e9 7f 46 73 de db 19 ff 01 4e 01 00 00 00 00 00 00 
00 00 00 00 00 08 41 6e 64 65 72 73 6f 6e 06 54 68 6f 6d 61 73 ff 00 00 23 1a e9 90 80 b0 04 02 
02 8e 00 00 00 01 00 00 00 00 00 00 00 00 00 00 00 00 00 00 ff 28 0a 32 00 f0 20 46 14 00 ef ea 
db 19 00 00 00 e0 04 88 f0 c0 00 00 00 00 00 c0 57 40 00 00 00 40 1e fd cf 40 00 ff 00 00 00 00 
00 f7 00 00 00 f7 00 00 00 00 00 28 0a ff 00 31 5e 00 00 00 00 00 00 00 00 00 00 00 00 00 00 00 
00 ff 00 00 00 00 00 00 00 00 00 00 00 00 80 3f 11 00 00 00 4b b1 00 00 73 02 00 00 3f 00 00 00 
01 22 00 00 00 00 00 00 00 00 00 
.......@..7M.F...Fs.....N.............Anderson.Thomas...#............................(.2.. F....
................W@...@...@.................(...1^..............................?....K...s...?...
.".........

Client->GAME [13:58:32 07/28/09] packet size: 1 CRYPTED, Flags: 7f ServerSeq: 5 ClientSeq: 142
02 
.

GAME->Client [13:58:32 07/28/09] packet size: 203 CRYPTED, Flags: 7f ServerSeq: 134 ClientSeq: 13
02 03 02 00 03 08 0b 40 84 c7 b3 30 0a 46 ca e9 7f 46 f0 de db 19 ff 01 4e 01 00 00 00 00 00 00 
00 00 00 00 00 08 41 6e 64 65 72 73 6f 6e 06 54 68 6f 6d 61 73 ff 00 00 23 1a e9 90 80 b0 04 02 
02 8e 00 00 00 01 00 00 00 00 00 00 00 00 00 00 00 00 00 00 ff 28 0a 32 00 f0 20 46 14 00 ef ea 
db 19 00 00 00 e0 04 88 f0 c0 00 00 00 00 00 c0 57 40 00 00 00 40 1e fd cf 40 00 ff 00 00 00 00 
00 f7 00 00 00 f7 00 00 00 00 00 28 0a ff 00 31 5e 00 00 00 00 00 00 00 00 00 00 00 00 00 00 00 
00 ff 00 00 00 00 00 00 00 00 00 00 00 00 80 3f 11 00 00 00 4b b1 00 00 73 02 00 00 3f 00 00 00 
01 22 00 00 00 00 00 00 00 00 00 
.......@...0.F...F......N.............Anderson.Thomas...#............................(.2.. F....
................W@...@...@.................(...1^..............................?....K...s...?...
.".........

GAME->Client [13:58:32 07/28/09] packet size: 12
00 00 00 00 00 01 04 08 19 17 f2 00 
............

Client->GAME [13:58:32 07/28/09] packet size: 1 CRYPTED, Flags: 7f ServerSeq: 6 ClientSeq: 143
02 
.

GAME->Client [13:58:32 07/28/09] packet size: 207 CRYPTED, Flags: 7f ServerSeq: 135 ClientSeq: 14
82 ff d5 d3 48 03 02 00 03 08 0b 40 84 c7 6a b7 07 46 c3 e9 7f 46 6d df db 19 ff 01 4e 01 00 00 
00 00 00 00 00 00 00 00 00 08 41 6e 64 65 72 73 6f 6e 06 54 68 6f 6d 61 73 ff 00 00 23 1a e9 90 
80 b0 04 02 02 8e 00 00 00 01 00 00 00 00 00 00 00 00 00 00 00 00 00 00 ff 28 0a 32 00 f0 20 46 
14 00 ef ea db 19 00 00 00 e0 04 88 f0 c0 00 00 00 00 00 c0 57 40 00 00 00 40 1e fd cf 40 00 ff 
00 00 00 00 00 f7 00 00 00 f7 00 00 00 00 00 28 0a ff 00 31 5e 00 00 00 00 00 00 00 00 00 00 00 
00 00 00 00 00 ff 00 00 00 00 00 00 00 00 00 00 00 00 80 3f 11 00 00 00 4b b1 00 00 73 02 00 00 
3f 00 00 00 01 22 00 00 00 00 00 00 00 00 00 
....H......@..j..F...Fm.....N.............Anderson.Thomas...#............................(.2.. F
....................W@...@...@.................(...1^..............................?....K...s...
?....".........

Client->GAME [13:58:32 07/28/09] packet size: 1 CRYPTED, Flags: 7f ServerSeq: 7 ClientSeq: 144
02 
.

GAME->Client [13:58:32 07/28/09] packet size: 203 CRYPTED, Flags: 7f ServerSeq: 136 ClientSeq: 15
02 03 02 00 03 08 0d 40 84 c7 28 3b 04 46 ba e9 7f 46 ea df db 19 ff 01 4e 01 00 00 00 00 00 00 
00 00 00 00 00 08 41 6e 64 65 72 73 6f 6e 06 54 68 6f 6d 61 73 ff 00 00 23 1a e9 90 80 b0 04 02 
02 8e 00 00 00 01 00 00 00 00 00 00 00 00 00 00 00 00 00 00 ff 28 0a 32 00 f0 20 46 14 00 ef ea 
db 19 00 00 00 e0 04 88 f0 c0 00 00 00 00 00 c0 57 40 00 00 00 40 1e fd cf 40 00 ff 00 00 00 00 
00 f7 00 00 00 f7 00 00 00 00 00 28 0a ff 00 31 5e 00 00 00 00 00 00 00 00 00 00 00 00 00 00 00 
00 ff 00 00 00 00 00 00 00 00 00 00 00 00 80 3f 11 00 00 00 4b b1 00 00 73 02 00 00 3f 00 00 00 
01 22 00 00 00 00 00 00 00 00 00 
.......@..(;.F...F......N.............Anderson.Thomas...#............................(.2.. F....
................W@...@...@.................(...1^..............................?....K...s...?...
.".........

Client->GAME [13:58:32 07/28/09] packet size: 1 CRYPTED, Flags: 7f ServerSeq: 8 ClientSeq: 145
02 
.

GAME->Client [13:58:32 07/28/09] packet size: 203 CRYPTED, Flags: 7f ServerSeq: 137 ClientSeq: 0
02 03 02 00 03 08 0e 40 84 c7 31 88 00 46 b1 e9 7f 46 67 e0 db 19 ff 01 4e 01 00 00 00 00 00 00 
00 00 00 00 00 08 41 6e 64 65 72 73 6f 6e 06 54 68 6f 6d 61 73 ff 00 00 23 1a e9 90 80 b0 04 02 
02 8e 00 00 00 01 00 00 00 00 00 00 00 00 00 00 00 00 00 00 ff 28 0a 32 00 f0 20 46 14 00 ef ea 
db 19 00 00 00 e0 04 88 f0 c0 00 00 00 00 00 c0 57 40 00 00 00 40 1e fd cf 40 00 ff 00 00 00 00 
00 f7 00 00 00 f7 00 00 00 00 00 28 0a ff 00 31 5e 00 00 00 00 00 00 00 00 00 00 00 00 00 00 00 
00 ff 00 00 00 00 00 00 00 00 00 00 00 00 80 3f 11 00 00 00 4b b1 00 00 73 02 00 00 3f 00 00 00 
01 22 00 00 00 00 00 00 00 00 00 
.......@..1..F...Fg.....N.............Anderson.Thomas...#............................(.2.. F....
................W@...@...@.................(...1^..............................?....K...s...?...
.".........

Client->GAME [13:58:32 07/28/09] packet size: 1 CRYPTED, Flags: 7f ServerSeq: 9 ClientSeq: 146
02 
.

GAME->Client [13:58:32 07/28/09] packet size: 203 CRYPTED, Flags: 7f ServerSeq: 138 ClientSeq: 1
02 03 02 00 03 08 0f 40 84 c7 08 3d f9 45 a8 e9 7f 46 e4 e0 db 19 ff 01 4e 01 00 00 00 00 00 00 
00 00 00 00 00 08 41 6e 64 65 72 73 6f 6e 06 54 68 6f 6d 61 73 ff 00 00 23 1a e9 90 80 b0 04 02 
02 8e 00 00 00 01 00 00 00 00 00 00 00 00 00 00 00 00 00 00 ff 28 0a 32 00 f0 20 46 14 00 ef ea 
db 19 00 00 00 e0 04 88 f0 c0 00 00 00 00 00 c0 57 40 00 00 00 40 1e fd cf 40 00 ff 00 00 00 00 
00 f7 00 00 00 f7 00 00 00 00 00 28 0a ff 00 31 5e 00 00 00 00 00 00 00 00 00 00 00 00 00 00 00 
00 ff 00 00 00 00 00 00 00 00 00 00 00 00 80 3f 11 00 00 00 4b b1 00 00 73 02 00 00 3f 00 00 00 
01 22 00 00 00 00 00 00 00 00 00 
.......@...=.E...F......N.............Anderson.Thomas...#............................(.2.. F....
................W@...@...@.................(...1^..............................?....K...s...?...
.".........

Client->GAME [13:58:33 07/28/09] packet size: 1 CRYPTED, Flags: 7f ServerSeq: 10 ClientSeq: 147
02 
.

GAME->Client [13:58:33 07/28/09] packet size: 203 CRYPTED, Flags: 7f ServerSeq: 139 ClientSeq: 2
02 03 02 00 03 08 10 40 84 c7 44 fc f0 45 9f e9 7f 46 61 e1 db 19 ff 01 4e 01 00 00 00 00 00 00 
00 00 00 00 00 08 41 6e 64 65 72 73 6f 6e 06 54 68 6f 6d 61 73 ff 00 00 23 1a e9 90 80 b0 04 02 
02 8e 00 00 00 01 00 00 00 00 00 00 00 00 00 00 00 00 00 00 ff 28 0a 32 00 f0 20 46 14 00 ef ea 
db 19 00 00 00 e0 04 88 f0 c0 00 00 00 00 00 c0 57 40 00 00 00 40 1e fd cf 40 00 ff 00 00 00 00 
00 f7 00 00 00 f7 00 00 00 00 00 28 0a ff 00 31 5e 00 00 00 00 00 00 00 00 00 00 00 00 00 00 00 
00 ff 00 00 00 00 00 00 00 00 00 00 00 00 80 3f 11 00 00 00 4b b1 00 00 73 02 00 00 3f 00 00 00 
01 22 00 00 00 00 00 00 00 00 00 
.......@..D..E...Fa.....N.............Anderson.Thomas...#............................(.2.. F....
................W@...@...@.................(...1^..............................?....K...s...?...
.".........

Client->GAME [13:58:33 07/28/09] packet size: 1 CRYPTED, Flags: 7f ServerSeq: 11 ClientSeq: 148
02 
.

GAME->Client [13:58:33 07/28/09] packet size: 220 CRYPTED, Flags: 7f ServerSeq: 140 ClientSeq: 3
02 03 01 00 01 06 00 03 00 05 00 07 00 09 00 0b 00 0d 00 02 00 03 08 11 40 84 c7 12 4e e8 45 96 
e9 7f 46 de e1 db 19 ff 01 4e 01 00 00 00 00 00 00 00 00 00 00 00 08 41 6e 64 65 72 73 6f 6e 06 
54 68 6f 6d 61 73 ff 00 00 23 1a e9 90 80 b0 04 02 02 8e 00 00 00 01 00 00 00 00 00 00 00 00 00 
00 00 00 00 00 ff 28 0a 32 00 f0 20 46 14 00 ef ea db 19 00 00 00 e0 04 88 f0 c0 00 00 00 00 00 
c0 57 40 00 00 00 40 1e fd cf 40 00 ff 00 00 00 00 00 f7 00 00 00 f7 00 00 00 00 00 28 0a ff 00 
31 5e 00 00 00 00 00 00 00 00 00 00 00 00 00 00 00 00 ff 00 00 00 00 00 00 00 00 00 00 00 00 80 
3f 11 00 00 00 4b b1 00 00 73 02 00 00 3f 00 00 00 01 22 00 00 00 00 00 00 00 00 00 
........................@...N.E...F......N.............Anderson.Thomas...#......................
......(.2.. F....................W@...@...@.................(...1^..............................
?....K...s...?....".........

Client->GAME [13:58:33 07/28/09] packet size: 1 CRYPTED, Flags: 7f ServerSeq: 12 ClientSeq: 149
02 
.

GAME->Client [13:58:33 07/28/09] packet size: 203 CRYPTED, Flags: 7f ServerSeq: 141 ClientSeq: 4
02 03 02 00 03 08 13 40 84 c7 78 32 df 45 8d e9 7f 46 5b e2 db 19 ff 01 4e 01 00 00 00 00 00 00 
00 00 00 00 00 08 41 6e 64 65 72 73 6f 6e 06 54 68 6f 6d 61 73 ff 00 00 23 1a e9 90 80 b0 04 02 
02 8e 00 00 00 01 00 00 00 00 00 00 00 00 00 00 00 00 00 00 ff 28 0a 32 00 f0 20 46 14 00 ef ea 
db 19 00 00 00 e0 04 88 f0 c0 00 00 00 00 00 c0 57 40 00 00 00 40 1e fd cf 40 00 ff 00 00 00 00 
00 f7 00 00 00 f7 00 00 00 00 00 28 0a ff 00 31 5e 00 00 00 00 00 00 00 00 00 00 00 00 00 00 00 
00 ff 00 00 00 00 00 00 00 00 00 00 00 00 80 3f 11 00 00 00 4b b1 00 00 73 02 00 00 3f 00 00 00 
01 22 00 00 00 00 00 00 00 00 00 
.......@..x2.E...F[.....N.............Anderson.Thomas...#............................(.2.. F....
................W@...@...@.................(...1^..............................?....K...s...?...
.".........

Client->GAME [13:58:33 07/28/09] packet size: 1 CRYPTED, Flags: 7f ServerSeq: 13 ClientSeq: 150
02 
.

GAME->Client [13:58:33 07/28/09] packet size: 203 CRYPTED, Flags: 7f ServerSeq: 142 ClientSeq: 5
02 03 02 00 03 08 14 40 84 c7 72 a9 d5 45 84 e9 7f 46 d8 e2 db 19 ff 01 4e 01 00 00 00 00 00 00 
00 00 00 00 00 08 41 6e 64 65 72 73 6f 6e 06 54 68 6f 6d 61 73 ff 00 00 23 1a e9 90 80 b0 04 02 
02 8e 00 00 00 01 00 00 00 00 00 00 00 00 00 00 00 00 00 00 ff 28 0a 32 00 f0 20 46 14 00 ef ea 
db 19 00 00 00 e0 04 88 f0 c0 00 00 00 00 00 c0 57 40 00 00 00 40 1e fd cf 40 00 ff 00 00 00 00 
00 f7 00 00 00 f7 00 00 00 00 00 28 0a ff 00 31 5e 00 00 00 00 00 00 00 00 00 00 00 00 00 00 00 
00 ff 00 00 00 00 00 00 00 00 00 00 00 00 80 3f 11 00 00 00 4b b1 00 00 73 02 00 00 3f 00 00 00 
01 22 00 00 00 00 00 00 00 00 00 
.......@..r..E...F......N.............Anderson.Thomas...#............................(.2.. F....
................W@...@...@.................(...1^..............................?....K...s...?...
.".........

Client->GAME [13:58:33 07/28/09] packet size: 1 CRYPTED, Flags: 7f ServerSeq: 14 ClientSeq: 151
02 
.

GAME->Client [13:58:33 07/28/09] packet size: 203 CRYPTED, Flags: 7f ServerSeq: 143 ClientSeq: 6
02 03 02 00 03 08 15 40 84 c7 ff b2 cb 45 7a e9 7f 46 55 e3 db 19 ff 01 4e 01 00 00 00 00 00 00 
00 00 00 00 00 08 41 6e 64 65 72 73 6f 6e 06 54 68 6f 6d 61 73 ff 00 00 23 1a e9 90 80 b0 04 02 
02 8e 00 00 00 01 00 00 00 00 00 00 00 00 00 00 00 00 00 00 ff 28 0a 32 00 f0 20 46 14 00 ef ea 
db 19 00 00 00 e0 04 88 f0 c0 00 00 00 00 00 c0 57 40 00 00 00 40 1e fd cf 40 00 ff 00 00 00 00 
00 f7 00 00 00 f7 00 00 00 00 00 28 0a ff 00 31 5e 00 00 00 00 00 00 00 00 00 00 00 00 00 00 00 
00 ff 00 00 00 00 00 00 00 00 00 00 00 00 80 3f 11 00 00 00 4b b1 00 00 73 02 00 00 3f 00 00 00 
01 22 00 00 00 00 00 00 00 00 00 
.......@.....Ez..FU.....N.............Anderson.Thomas...#............................(.2.. F....
................W@...@...@.................(...1^..............................?....K...s...?...
.".........

Client->GAME [13:58:33 07/28/09] packet size: 1 CRYPTED, Flags: 7f ServerSeq: 15 ClientSeq: 152
02 
.

GAME->Client [13:58:33 07/28/09] packet size: 207 CRYPTED, Flags: 7f ServerSeq: 144 ClientSeq: 7
82 23 d6 d3 48 03 02 00 03 08 16 40 84 c7 20 4f c1 45 71 e9 7f 46 d2 e3 db 19 ff 01 4e 01 00 00 
00 00 00 00 00 00 00 00 00 08 41 6e 64 65 72 73 6f 6e 06 54 68 6f 6d 61 73 ff 00 00 23 1a e9 90 
80 b0 04 02 02 8e 00 00 00 01 00 00 00 00 00 00 00 00 00 00 00 00 00 00 ff 28 0a 32 00 f0 20 46 
14 00 ef ea db 19 00 00 00 e0 04 88 f0 c0 00 00 00 00 00 c0 57 40 00 00 00 40 1e fd cf 40 00 ff 
00 00 00 00 00 f7 00 00 00 f7 00 00 00 00 00 28 0a ff 00 31 5e 00 00 00 00 00 00 00 00 00 00 00 
00 00 00 00 00 ff 00 00 00 00 00 00 00 00 00 00 00 00 80 3f 11 00 00 00 4b b1 00 00 73 02 00 00 
3f 00 00 00 01 22 00 00 00 00 00 00 00 00 00 
.#..H......@.. O.Eq..F......N.............Anderson.Thomas...#............................(.2.. F
....................W@...@...@.................(...1^..............................?....K...s...
?....".........

Client->GAME [13:58:33 07/28/09] packet size: 1 CRYPTED, Flags: 7f ServerSeq: 0 ClientSeq: 153
02 
.

GAME->Client [13:58:34 07/28/09] packet size: 203 CRYPTED, Flags: 7f ServerSeq: 145 ClientSeq: 8
02 03 02 00 03 08 17 40 84 c7 6e 3c b9 45 6b e9 7f 46 4f e4 db 19 ff 01 4e 01 00 00 00 00 00 00 
00 00 00 00 00 08 41 6e 64 65 72 73 6f 6e 06 54 68 6f 6d 61 73 ff 00 00 23 1a e9 90 80 b0 04 02 
02 8e 00 00 00 01 00 00 00 00 00 00 00 00 00 00 00 00 00 00 ff 28 0a 32 00 f0 20 46 14 00 ef ea 
db 19 00 00 00 e0 04 88 f0 c0 00 00 00 00 00 c0 57 40 00 00 00 40 1e fd cf 40 00 ff 00 00 00 00 
00 f7 00 00 00 f7 00 00 00 00 00 28 0a ff 00 31 5e 00 00 00 00 00 00 00 00 00 00 00 00 00 00 00 
00 ff 00 00 00 00 00 00 00 00 00 00 00 00 80 3f 11 00 00 00 4b b1 00 00 73 02 00 00 3f 00 00 00 
01 22 00 00 00 00 00 00 00 00 00 
.......@..n<.Ek..FO.....N.............Anderson.Thomas...#............................(.2.. F....
................W@...@...@.................(...1^..............................?....K...s...?...
.".........

Client->GAME [13:58:34 07/28/09] packet size: 1 CRYPTED, Flags: 7f ServerSeq: 1 ClientSeq: 154
02 
.

GAME->Client [13:58:34 07/28/09] packet size: 203 CRYPTED, Flags: 7f ServerSeq: 146 ClientSeq: 9
02 03 02 00 03 08 18 40 84 c7 13 19 ae 45 61 e9 7f 46 cc e4 db 19 ff 01 4e 01 00 00 00 00 00 00 
00 00 00 00 00 08 41 6e 64 65 72 73 6f 6e 06 54 68 6f 6d 61 73 ff 00 00 23 1a e9 90 80 b0 04 02 
02 8e 00 00 00 01 00 00 00 00 00 00 00 00 00 00 00 00 00 00 ff 28 0a 32 00 f0 20 46 14 00 ef ea 
db 19 00 00 00 e0 04 88 f0 c0 00 00 00 00 00 c0 57 40 00 00 00 40 1e fd cf 40 00 ff 00 00 00 00 
00 f7 00 00 00 f7 00 00 00 00 00 28 0a ff 00 31 5e 00 00 00 00 00 00 00 00 00 00 00 00 00 00 00 
00 ff 00 00 00 00 00 00 00 00 00 00 00 00 80 3f 11 00 00 00 4b b1 00 00 73 02 00 00 3f 00 00 00 
01 22 00 00 00 00 00 00 00 00 00 
.......@.....Ea..F......N.............Anderson.Thomas...#............................(.2.. F....
................W@...@...@.................(...1^..............................?....K...s...?...
.".........

Client->GAME [13:58:34 07/28/09] packet size: 1 CRYPTED, Flags: 7f ServerSeq: 2 ClientSeq: 155
02 
.

GAME->Client [13:58:34 07/28/09] packet size: 460 CRYPTED, Flags: 7f ServerSeq: 147 ClientSeq: 10
02 03 02 00 03 08 1a 40 84 c7 53 88 a2 45 58 e9 7f 46 49 e5 db 19 ff 01 4e 01 00 00 00 00 00 00 
00 00 00 00 00 08 41 6e 64 65 72 73 6f 6e 06 54 68 6f 6d 61 73 ff 00 00 23 1a e9 90 80 b0 04 02 
02 8e 00 00 00 01 00 00 00 00 00 00 00 00 00 00 00 00 00 00 ff 28 0a 32 00 f0 20 46 14 00 ef ea 
db 19 00 00 00 e0 04 88 f0 c0 00 00 00 00 00 c0 57 40 00 00 00 40 1e fd cf 40 00 ff 00 00 00 00 
00 f7 00 00 00 f7 00 00 00 00 00 28 0a ff 00 31 5e 00 00 00 00 00 00 00 00 00 00 00 00 00 00 00 
00 ff 00 00 00 00 00 00 00 00 00 00 00 00 80 3f 11 00 00 00 4b b1 00 00 73 02 00 00 3f 00 00 00 
01 22 00 00 00 00 00 00 00 01 00 0c 14 a8 f8 cd ab 02 05 00 00 00 00 9a 99 59 bf 00 00 00 00 b8 
1e 05 bf 00 00 00 00 40 6e f0 c0 00 00 00 00 00 c0 57 40 00 00 00 00 00 fa c9 40 0c 00 00 01 00 
0c f7 bb fa cd ab 02 05 00 00 00 00 8f c2 f5 be 00 00 00 00 52 b8 5e bf 00 00 00 00 40 6e f0 c0 
00 00 00 00 00 c0 57 40 00 00 00 00 00 32 c9 40 0f 00 00 01 00 08 50 02 81 08 f0 34 0d cd ab 02 
09 00 00 00 c0 94 95 f0 c0 00 00 00 00 00 40 60 40 00 00 00 80 59 95 cf 40 00 00 00 00 e8 0d c8 
3e 00 00 00 00 35 a6 6b 3f 0a 00 00 01 00 0c 68 a7 fb cd ab 01 01 00 00 00 c0 1c 0d ef c0 00 00 
00 80 14 6e 4a 40 00 00 00 20 f5 82 d0 40 10 00 00 01 00 08 9c 1b 9b 08 f0 34 7f cd ab 02 09 00 
00 00 00 dd c8 ef c0 00 00 00 00 00 c0 57 40 00 00 00 e0 45 a8 d2 40 00 00 00 00 7f 0d 72 3f 00 
00 00 00 df b0 a6 3e 08 00 00 00 00 
.......@..S..EX..FI.....N.............Anderson.Thomas...#............................(.2.. F....
................W@...@...@.................(...1^..............................?....K...s...?...
.".......................Y.............@n........W@.......@.........................R.^.....@n..
......W@.....2.@......P....4..................@`@....Y..@.......>....5.k?......h................
...nJ@... ...@...........4...................W@....E..@......r?.......>.....

Client->GAME [13:58:34 07/28/09] packet size: 1 CRYPTED, Flags: 7f ServerSeq: 3 ClientSeq: 156
02 
.

GAME->Client [13:58:34 07/28/09] packet size: 244 CRYPTED, Flags: 7f ServerSeq: 148 ClientSeq: 11
02 03 02 00 03 08 1b 40 84 c7 21 8a 96 45 4f e9 7f 46 c6 e5 db 19 ff 01 4e 01 00 00 00 00 00 00 
00 00 00 00 00 08 41 6e 64 65 72 73 6f 6e 06 54 68 6f 6d 61 73 ff 00 00 23 1a e9 90 80 b0 04 02 
02 8e 00 00 00 01 00 00 00 00 00 00 00 00 00 00 00 00 00 00 ff 28 0a 32 00 f0 20 46 14 00 ef ea 
db 19 00 00 00 e0 04 88 f0 c0 00 00 00 00 00 c0 57 40 00 00 00 40 1e fd cf 40 00 ff 00 00 00 00 
00 f7 00 00 00 f7 00 00 00 00 00 28 0a ff 00 31 5e 00 00 00 00 00 00 00 00 00 00 00 00 00 00 00 
00 ff 00 00 00 00 00 00 00 00 00 00 00 00 80 3f 11 00 00 00 4b b1 00 00 73 02 00 00 3f 00 00 00 
01 22 00 00 00 00 00 00 00 01 00 08 db b5 9a 08 f0 34 98 cd ab 01 01 00 00 00 00 80 7e ef c0 00 
00 00 80 0a bc 57 40 00 00 00 00 00 ad d1 40 0e 00 00 00 00 
.......@..!..EO..F......N.............Anderson.Thomas...#............................(.2.. F....
................W@...@...@.................(...1^..............................?....K...s...?...
."...............4..........~........W@.......@.....

Client->GAME [13:58:34 07/28/09] packet size: 1 CRYPTED, Flags: 7f ServerSeq: 4 ClientSeq: 157
02 
.

GAME->Client [13:58:34 07/28/09] packet size: 203 CRYPTED, Flags: 7f ServerSeq: 149 ClientSeq: 12
02 03 02 00 03 08 1c 40 84 c7 85 1e 8a 45 46 e9 7f 46 43 e6 db 19 ff 01 4e 01 00 00 00 00 00 00 
00 00 00 00 00 08 41 6e 64 65 72 73 6f 6e 06 54 68 6f 6d 61 73 ff 00 00 23 1a e9 90 80 b0 04 02 
02 8e 00 00 00 01 00 00 00 00 00 00 00 00 00 00 00 00 00 00 ff 28 0a 32 00 f0 20 46 14 00 ef ea 
db 19 00 00 00 e0 04 88 f0 c0 00 00 00 00 00 c0 57 40 00 00 00 40 1e fd cf 40 00 ff 00 00 00 00 
00 f7 00 00 00 f7 00 00 00 00 00 28 0a ff 00 31 5e 00 00 00 00 00 00 00 00 00 00 00 00 00 00 00 
00 ff 00 00 00 00 00 00 00 00 00 00 00 00 80 3f 11 00 00 00 4b b1 00 00 73 02 00 00 3f 00 00 00 
01 22 00 00 00 00 00 00 00 00 00 
.......@.....EF..FC.....N.............Anderson.Thomas...#............................(.2.. F....
................W@...@...@.................(...1^..............................?....K...s...?...
.".........

Client->GAME [13:58:34 07/28/09] packet size: 1 CRYPTED, Flags: 7f ServerSeq: 5 ClientSeq: 158
02 
.

GAME->Client [13:58:34 07/28/09] packet size: 203 CRYPTED, Flags: 7f ServerSeq: 150 ClientSeq: 13
02 03 02 00 03 08 1d 40 84 c7 f9 8a 7a 45 3d e9 7f 46 c0 e6 db 19 ff 01 4e 01 00 00 00 00 00 00 
00 00 00 00 00 08 41 6e 64 65 72 73 6f 6e 06 54 68 6f 6d 61 73 ff 00 00 23 1a e9 90 80 b0 04 02 
02 8e 00 00 00 01 00 00 00 00 00 00 00 00 00 00 00 00 00 00 ff 28 0a 32 00 f0 20 46 14 00 ef ea 
db 19 00 00 00 e0 04 88 f0 c0 00 00 00 00 00 c0 57 40 00 00 00 40 1e fd cf 40 00 ff 00 00 00 00 
00 f7 00 00 00 f7 00 00 00 00 00 28 0a ff 00 31 5e 00 00 00 00 00 00 00 00 00 00 00 00 00 00 00 
00 ff 00 00 00 00 00 00 00 00 00 00 00 00 80 3f 11 00 00 00 4b b1 00 00 73 02 00 00 3f 00 00 00 
01 22 00 00 00 00 00 00 00 00 00 
.......@....zE=..F......N.............Anderson.Thomas...#............................(.2.. F....
................W@...@...@.................(...1^..............................?....K...s...?...
.".........

Client->GAME [13:58:34 07/28/09] packet size: 1 CRYPTED, Flags: 7f ServerSeq: 6 ClientSeq: 159
02 
.

GAME->Client [13:58:34 07/28/09] packet size: 203 CRYPTED, Flags: 7f ServerSeq: 151 ClientSeq: 14
02 03 02 00 03 08 1e 40 84 c7 1f fe 5f 45 34 e9 7f 46 3d e7 db 19 ff 01 4e 01 00 00 00 00 00 00 
00 00 00 00 00 08 41 6e 64 65 72 73 6f 6e 06 54 68 6f 6d 61 73 ff 00 00 23 1a e9 90 80 b0 04 02 
02 8e 00 00 00 01 00 00 00 00 00 00 00 00 00 00 00 00 00 00 ff 28 0a 32 00 f0 20 46 14 00 ef ea 
db 19 00 00 00 e0 04 88 f0 c0 00 00 00 00 00 c0 57 40 00 00 00 40 1e fd cf 40 00 ff 00 00 00 00 
00 f7 00 00 00 f7 00 00 00 00 00 28 0a ff 00 31 5e 00 00 00 00 00 00 00 00 00 00 00 00 00 00 00 
00 ff 00 00 00 00 00 00 00 00 00 00 00 00 80 3f 11 00 00 00 4b b1 00 00 73 02 00 00 3f 00 00 00 
01 22 00 00 00 00 00 00 00 00 00 
.......@...._E4..F=.....N.............Anderson.Thomas...#............................(.2.. F....
................W@...@...@.................(...1^..............................?....K...s...?...
.".........

Client->GAME [13:58:34 07/28/09] packet size: 1 CRYPTED, Flags: 7f ServerSeq: 7 ClientSeq: 160
02 
.

GAME->Client [13:58:34 07/28/09] packet size: 203 CRYPTED, Flags: 7f ServerSeq: 152 ClientSeq: 15
02 03 02 00 03 08 20 40 84 c7 62 96 44 45 2b e9 7f 46 ba e7 db 19 ff 01 4e 01 00 00 00 00 00 00 
00 00 00 00 00 08 41 6e 64 65 72 73 6f 6e 06 54 68 6f 6d 61 73 ff 00 00 23 1a e9 90 80 b0 04 02 
02 8e 00 00 00 01 00 00 00 00 00 00 00 00 00 00 00 00 00 00 ff 28 0a 32 00 f0 20 46 14 00 ef ea 
db 19 00 00 00 e0 04 88 f0 c0 00 00 00 00 00 c0 57 40 00 00 00 40 1e fd cf 40 00 ff 00 00 00 00 
00 f7 00 00 00 f7 00 00 00 00 00 28 0a ff 00 31 5e 00 00 00 00 00 00 00 00 00 00 00 00 00 00 00 
00 ff 00 00 00 00 00 00 00 00 00 00 00 00 80 3f 11 00 00 00 4b b1 00 00 73 02 00 00 3f 00 00 00 
01 22 00 00 00 00 00 00 00 00 00 
...... @..b.DE+..F......N.............Anderson.Thomas...#............................(.2.. F....
................W@...@...@.................(...1^..............................?....K...s...?...
.".........

Client->GAME [13:58:34 07/28/09] packet size: 1 CRYPTED, Flags: 7f ServerSeq: 8 ClientSeq: 161
02 
.

GAME->Client [13:58:34 07/28/09] packet size: 207 CRYPTED, Flags: 7f ServerSeq: 153 ClientSeq: 0
82 47 d6 d3 48 03 02 00 03 08 21 40 84 c7 cd 53 28 45 22 e9 7f 46 37 e8 db 19 ff 01 4e 01 00 00 
00 00 00 00 00 00 00 00 00 08 41 6e 64 65 72 73 6f 6e 06 54 68 6f 6d 61 73 ff 00 00 23 1a e9 90 
80 b0 04 02 02 8e 00 00 00 01 00 00 00 00 00 00 00 00 00 00 00 00 00 00 ff 28 0a 32 00 f0 20 46 
14 00 ef ea db 19 00 00 00 e0 04 88 f0 c0 00 00 00 00 00 c0 57 40 00 00 00 40 1e fd cf 40 00 ff 
00 00 00 00 00 f7 00 00 00 f7 00 00 00 00 00 28 0a ff 00 31 5e 00 00 00 00 00 00 00 00 00 00 00 
00 00 00 00 00 ff 00 00 00 00 00 00 00 00 00 00 00 00 80 3f 11 00 00 00 4b b1 00 00 73 02 00 00 
3f 00 00 00 01 22 00 00 00 00 00 00 00 00 00 
.G..H.....!@...S(E"..F7.....N.............Anderson.Thomas...#............................(.2.. F
....................W@...@...@.................(...1^..............................?....K...s...
?....".........

Client->GAME [13:58:34 07/28/09] packet size: 1 CRYPTED, Flags: 7f ServerSeq: 9 ClientSeq: 162
02 
.

GAME->Client [13:58:34 07/28/09] packet size: 203 CRYPTED, Flags: 7f ServerSeq: 154 ClientSeq: 1
02 03 02 00 03 08 22 40 84 c7 62 36 0b 45 19 e9 7f 46 b4 e8 db 19 ff 01 4e 01 00 00 00 00 00 00 
00 00 00 00 00 08 41 6e 64 65 72 73 6f 6e 06 54 68 6f 6d 61 73 ff 00 00 23 1a e9 90 80 b0 04 02 
02 8e 00 00 00 01 00 00 00 00 00 00 00 00 00 00 00 00 00 00 ff 28 0a 32 00 f0 20 46 14 00 ef ea 
db 19 00 00 00 e0 04 88 f0 c0 00 00 00 00 00 c0 57 40 00 00 00 40 1e fd cf 40 00 ff 00 00 00 00 
00 f7 00 00 00 f7 00 00 00 00 00 28 0a ff 00 31 5e 00 00 00 00 00 00 00 00 00 00 00 00 00 00 00 
00 ff 00 00 00 00 00 00 00 00 00 00 00 00 80 3f 11 00 00 00 4b b1 00 00 73 02 00 00 3f 00 00 00 
01 22 00 00 00 00 00 00 00 00 00 
......"@..b6.E...F......N.............Anderson.Thomas...#............................(.2.. F....
................W@...@...@.................(...1^..............................?....K...s...?...
.".........

Client->GAME [13:58:34 07/28/09] packet size: 1 CRYPTED, Flags: 7f ServerSeq: 10 ClientSeq: 163
02 
.

GAME->Client [13:58:34 07/28/09] packet size: 203 CRYPTED, Flags: 7f ServerSeq: 155 ClientSeq: 2
02 03 02 00 03 08 23 40 84 c7 5e 7c da 44 10 e9 7f 46 31 e9 db 19 ff 01 4e 01 00 00 00 00 00 00 
00 00 00 00 00 08 41 6e 64 65 72 73 6f 6e 06 54 68 6f 6d 61 73 ff 00 00 23 1a e9 90 80 b0 04 02 
02 8e 00 00 00 01 00 00 00 00 00 00 00 00 00 00 00 00 00 00 ff 28 0a 32 00 f0 20 46 14 00 ef ea 
db 19 00 00 00 e0 04 88 f0 c0 00 00 00 00 00 c0 57 40 00 00 00 40 1e fd cf 40 00 ff 00 00 00 00 
00 f7 00 00 00 f7 00 00 00 00 00 28 0a ff 00 31 5e 00 00 00 00 00 00 00 00 00 00 00 00 00 00 00 
00 ff 00 00 00 00 00 00 00 00 00 00 00 00 80 3f 11 00 00 00 4b b1 00 00 73 02 00 00 3f 00 00 00 
01 22 00 00 00 00 00 00 00 00 00 
......#@..^|.D...F1.....N.............Anderson.Thomas...#............................(.2.. F....
................W@...@...@.................(...1^..............................?....K...s...?...
.".........

Client->GAME [13:58:34 07/28/09] packet size: 1 CRYPTED, Flags: 7f ServerSeq: 11 ClientSeq: 164
02 
.

GAME->Client [13:58:34 07/28/09] packet size: 203 CRYPTED, Flags: 7f ServerSeq: 156 ClientSeq: 3
02 03 02 00 03 08 24 40 84 c7 b3 68 ac 44 09 e9 7f 46 ae e9 db 19 ff 01 4e 01 00 00 00 00 00 00 
00 00 00 00 00 08 41 6e 64 65 72 73 6f 6e 06 54 68 6f 6d 61 73 ff 00 00 23 1a e9 90 80 b0 04 02 
02 8e 00 00 00 01 00 00 00 00 00 00 00 00 00 00 00 00 00 00 ff 28 0a 32 00 f0 20 46 14 00 ef ea 
db 19 00 00 00 e0 04 88 f0 c0 00 00 00 00 00 c0 57 40 00 00 00 40 1e fd cf 40 00 ff 00 00 00 00 
00 f7 00 00 00 f7 00 00 00 00 00 28 0a ff 00 31 5e 00 00 00 00 00 00 00 00 00 00 00 00 00 00 00 
00 ff 00 00 00 00 00 00 00 00 00 00 00 00 80 3f 11 00 00 00 4b b1 00 00 73 02 00 00 3f 00 00 00 
01 22 00 00 00 00 00 00 00 00 00 
......$@...h.D...F......N.............Anderson.Thomas...#............................(.2.. F....
................W@...@...@.................(...1^..............................?....K...s...?...
.".........

Client->GAME [13:58:34 07/28/09] packet size: 1 CRYPTED, Flags: 7f ServerSeq: 12 ClientSeq: 165
02 
.

GAME->Client [13:58:35 07/28/09] packet size: 203 CRYPTED, Flags: 7f ServerSeq: 157 ClientSeq: 4
02 03 02 00 03 08 25 40 84 c7 bc f4 5a 44 00 e9 7f 46 2b ea db 19 ff 01 4e 01 00 00 00 00 00 00 
00 00 00 00 00 08 41 6e 64 65 72 73 6f 6e 06 54 68 6f 6d 61 73 ff 00 00 23 1a e9 90 80 b0 04 02 
02 8e 00 00 00 01 00 00 00 00 00 00 00 00 00 00 00 00 00 00 ff 28 0a 32 00 f0 20 46 14 00 ef ea 
db 19 00 00 00 e0 04 88 f0 c0 00 00 00 00 00 c0 57 40 00 00 00 40 1e fd cf 40 00 ff 00 00 00 00 
00 f7 00 00 00 f7 00 00 00 00 00 28 0a ff 00 31 5e 00 00 00 00 00 00 00 00 00 00 00 00 00 00 00 
00 ff 00 00 00 00 00 00 00 00 00 00 00 00 80 3f 11 00 00 00 4b b1 00 00 73 02 00 00 3f 00 00 00 
01 22 00 00 00 00 00 00 00 00 00 
......%@....ZD...F+.....N.............Anderson.Thomas...#............................(.2.. F....
................W@...@...@.................(...1^..............................?....K...s...?...
.".........

Client->GAME [13:58:35 07/28/09] packet size: 1 CRYPTED, Flags: 7f ServerSeq: 13 ClientSeq: 166
02 
.

GAME->Client [13:58:35 07/28/09] packet size: 203 CRYPTED, Flags: 7f ServerSeq: 158 ClientSeq: 5
02 03 02 00 03 08 26 40 84 c7 f7 58 b3 43 f7 e8 7f 46 a8 ea db 19 ff 01 4e 01 00 00 00 00 00 00 
00 00 00 00 00 08 41 6e 64 65 72 73 6f 6e 06 54 68 6f 6d 61 73 ff 00 00 23 1a e9 90 80 b0 04 02 
02 8e 00 00 00 01 00 00 00 00 00 00 00 00 00 00 00 00 00 00 ff 28 0a 32 00 f0 20 46 14 00 ef ea 
db 19 00 00 00 e0 04 88 f0 c0 00 00 00 00 00 c0 57 40 00 00 00 40 1e fd cf 40 00 ff 00 00 00 00 
00 f7 00 00 00 f7 00 00 00 00 00 28 0a ff 00 31 5e 00 00 00 00 00 00 00 00 00 00 00 00 00 00 00 
00 ff 00 00 00 00 00 00 00 00 00 00 00 00 80 3f 11 00 00 00 4b b1 00 00 73 02 00 00 3f 00 00 00 
01 22 00 00 00 00 00 00 00 00 00 
......&@...X.C...F......N.............Anderson.Thomas...#............................(.2.. F....
................W@...@...@.................(...1^..............................?....K...s...?...
.".........

Client->GAME [13:58:35 07/28/09] packet size: 20 CRYPTED, Flags: 7f ServerSeq: 14 ClientSeq: 167
02 03 02 00 01 08 27 40 84 c7 00 00 be 42 f2 e8 7f 46 00 00 
......'@.....B...F..

GAME->Client [13:58:35 07/28/09] packet size: 205 CRYPTED, Flags: 7f ServerSeq: 159 ClientSeq: 6
02 03 02 00 03 09 00 00 27 40 84 c7 00 00 be 42 f2 e8 7f 46 25 eb db 19 ff 01 4e 01 00 00 00 00 
00 00 00 00 00 00 00 08 41 6e 64 65 72 73 6f 6e 06 54 68 6f 6d 61 73 ff 00 00 23 1a e9 90 80 b0 
04 02 02 8e 00 00 00 01 00 00 00 00 00 00 00 00 00 00 00 00 00 00 ff 28 0a 32 00 f0 20 46 14 00 
ef ea db 19 00 00 00 e0 04 88 f0 c0 00 00 00 00 00 c0 57 40 00 00 00 40 1e fd cf 40 00 ff 00 00 
00 00 00 f7 00 00 00 f7 00 00 00 00 00 28 0a ff 00 31 5e 00 00 00 00 00 00 00 00 00 00 00 00 00 
00 00 00 ff 00 00 00 00 00 00 00 00 00 00 00 00 80 3f 11 00 00 00 4b b1 00 00 73 02 00 00 3f 00 
00 00 01 22 00 00 00 00 00 00 00 00 00 
........'@.....B...F%.....N.............Anderson.Thomas...#............................(.2.. F..
..................W@...@...@.................(...1^..............................?....K...s...?.
...".........

Client->GAME [13:58:35 07/28/09] packet size: 1 CRYPTED, Flags: 7f ServerSeq: 15 ClientSeq: 168
02 
.

GAME->Client [13:58:35 07/28/09] packet size: 205 CRYPTED, Flags: 7f ServerSeq: 160 ClientSeq: 7
02 03 02 00 03 09 00 00 27 40 84 c7 00 00 be 42 f2 e8 7f 46 a2 eb db 19 ff 01 4e 01 00 00 00 00 
00 00 00 00 00 00 00 08 41 6e 64 65 72 73 6f 6e 06 54 68 6f 6d 61 73 ff 00 00 23 1a e9 90 80 b0 
04 02 02 8e 00 00 00 01 00 00 00 00 00 00 00 00 00 00 00 00 00 00 ff 28 0a 32 00 f0 20 46 14 00 
ef ea db 19 00 00 00 e0 04 88 f0 c0 00 00 00 00 00 c0 57 40 00 00 00 40 1e fd cf 40 00 ff 00 00 
00 00 00 f7 00 00 00 f7 00 00 00 00 00 28 0a ff 00 31 5e 00 00 00 00 00 00 00 00 00 00 00 00 00 
00 00 00 ff 00 00 00 00 00 00 00 00 00 00 00 00 80 3f 11 00 00 00 4b b1 00 00 73 02 00 00 3f 00 
00 00 01 22 00 00 00 00 00 00 00 00 00 
........'@.....B...F......N.............Anderson.Thomas...#............................(.2.. F..
..................W@...@...@.................(...1^..............................?....K...s...?.
...".........

Client->GAME [13:58:35 07/28/09] packet size: 1 CRYPTED, Flags: 7f ServerSeq: 0 ClientSeq: 169
02 
.

GAME->Client [13:58:35 07/28/09] packet size: 66 CRYPTED, Flags: 7f ServerSeq: 161 ClientSeq: 9
02 03 01 00 08 9f 01 10 00 f0 34 f9 cd ab 03 84 00 00 00 00 f3 04 35 3f 00 00 00 00 f3 04 35 3f 
11 00 00 00 00 00 68 f0 c0 00 00 00 00 00 20 62 40 00 00 00 00 00 7e cd 40 ff ff ff ff 03 00 00 
00 00 
..........4...........5?......5?......h....... b@.....~.@.........

Client->GAME [13:58:35 07/28/09] packet size: 1 CRYPTED, Flags: 7f ServerSeq: 1 ClientSeq: 170
02 
.

Client->GAME [13:58:48 07/28/09] packet size: 1 CRYPTED, Flags: ff ServerSeq: 1 ClientSeq: 171
02 
.

GAME->Client [13:58:48 07/28/09] packet size: 5 CRYPTED, Flags: ff ServerSeq: 162 ClientSeq: 10
82 f3 d7 d3 48 
....H

Client->GAME [13:58:48 07/28/09] packet size: 1 CRYPTED, Flags: 7f ServerSeq: 2 ClientSeq: 172
02 
.

GAME->Client [13:58:48 07/28/09] packet size: 1 CRYPTED, Flags: 7f ServerSeq: 163 ClientSeq: 11
02 
.

Client->GAME [13:58:52 07/28/09] packet size: 12
00 00 00 00 00 01 04 08 48 65 f2 00 
........He..

GAME->Client [13:58:52 07/28/09] packet size: 12
00 00 00 00 00 01 04 08 48 65 f2 00 
........He..

GAME->Client [13:59:00 07/28/09] packet size: 1 CRYPTED, Flags: ff ServerSeq: 164 ClientSeq: 12
02 
.

Client->GAME [13:59:00 07/28/09] packet size: 1 CRYPTED, Flags: ff ServerSeq: 4 ClientSeq: 173
02 
.

GAME->Client [13:59:00 07/28/09] packet size: 5 CRYPTED, Flags: 7f ServerSeq: 165 ClientSeq: 13
82 7b d9 d3 48 
.{..H

Client->GAME [13:59:00 07/28/09] packet size: 1 CRYPTED, Flags: 7f ServerSeq: 5 ClientSeq: 174
02 
.

Client->GAME [13:59:11 07/28/09] packet size: 12
00 00 00 00 00 01 04 08 78 b3 f2 00 
........x...

Client->GAME [13:59:12 07/28/09] packet size: 1 CRYPTED, Flags: ff ServerSeq: 5 ClientSeq: 175
02 
.

GAME->Client [13:59:12 07/28/09] packet size: 1 CRYPTED, Flags: ff ServerSeq: 166 ClientSeq: 14
02 
.

GAME->Client [13:59:12 07/28/09] packet size: 12
00 00 00 00 00 01 04 08 78 b3 f2 00 
........x...

Client->GAME [13:59:12 07/28/09] packet size: 1 CRYPTED, Flags: 7f ServerSeq: 6 ClientSeq: 176
02 
.

GAME->Client [13:59:12 07/28/09] packet size: 5 CRYPTED, Flags: 7f ServerSeq: 167 ClientSeq: 0
82 04 db d3 48 
....H

Client->GAME [13:59:12 07/28/09] packet size: 1 CRYPTED, Flags: 7f ServerSeq: 7 ClientSeq: 177
02 
.

GAME->Client [13:59:24 07/28/09] packet size: 1 CRYPTED, Flags: ff ServerSeq: 168 ClientSeq: 1
02 
.

Client->GAME [13:59:24 07/28/09] packet size: 1 CRYPTED, Flags: 7f ServerSeq: 8 ClientSeq: 178
02 
.

Client->GAME [13:59:32 07/28/09] packet size: 12
00 00 00 00 00 01 04 08 a7 01 f3 00 
............

GAME->Client [13:59:32 07/28/09] packet size: 12
00 00 00 00 00 01 04 08 a7 01 f3 00 
............

Client->GAME [13:59:36 07/28/09] packet size: 1 CRYPTED, Flags: ff ServerSeq: 8 ClientSeq: 179
02 
.

GAME->Client [13:59:36 07/28/09] packet size: 5 CRYPTED, Flags: ff ServerSeq: 169 ClientSeq: 2
82 08 de d3 48 
....H

GAME->Client [13:59:36 07/28/09] packet size: 1 CRYPTED, Flags: 7f ServerSeq: 170 ClientSeq: 3
02 
.

Client->GAME [13:59:36 07/28/09] packet size: 1 CRYPTED, Flags: 7f ServerSeq: 9 ClientSeq: 180
02 
.

GAME->Client [13:59:48 07/28/09] packet size: 1 CRYPTED, Flags: ff ServerSeq: 171 ClientSeq: 4
02 
.

GAME->Client [14:00:00 07/28/09] packet size: 5 CRYPTED, Flags: ff ServerSeq: 172 ClientSeq: 4
82 0b e1 d3 48 
....H

GAME->Client [14:00:12 07/28/09] packet size: 1 CRYPTED, Flags: ff ServerSeq: 173 ClientSeq: 4
02 
.

GAME->Client [14:00:25 07/28/09] packet size: 5 CRYPTED, Flags: ff ServerSeq: 174 ClientSeq: 4
82 10 e4 d3 48 
....H

GAME->Client [14:00:37 07/28/09] packet size: 1 CRYPTED, Flags: ff ServerSeq: 175 ClientSeq: 4
02 
.

GAME->Client [14:00:49 07/28/09] packet size: 5 CRYPTED, Flags: ff ServerSeq: 176 ClientSeq: 4
82 1c e7 d3 48 
....H

