Client->GAME [11:50:24 07/17/09] packet size: 14 CRYPTED, Flags: 7f ServerSeq: 4 ClientSeq: 225
02 04 01 00 32 01 07 42 01 00 00 00 00 00 
....2..B......

GAME->Client [11:50:24 07/17/09] packet size: 330 CRYPTED, Flags: 7f ServerSeq: 165 ClientSeq: 1
02 04 01 01 9d 0d 16 80 bc 15 00 3d 00 00 f7 03 00 00 08 02 00 00 00 00 01 00 00 00 00 16 80 bc 
15 00 3e 00 00 f7 03 00 00 07 02 ec ff ff ff 01 00 00 00 00 16 80 bc 15 00 3f 00 00 f7 03 00 00 
50 04 00 00 00 00 01 00 00 00 00 16 80 bc 15 00 40 00 00 f7 03 00 00 f4 03 00 00 00 00 01 00 00 
00 00 16 80 bc 15 00 41 00 00 f7 03 00 00 51 04 f6 ff ff ff 01 00 00 00 00 16 80 bc 15 00 42 00 
00 f7 03 00 00 52 04 0f 00 00 00 01 00 00 00 00 16 80 bc 15 00 8a 00 00 f9 03 00 00 08 02 ec ff 
ff ff 00 00 00 00 00 16 80 bc 15 00 8b 00 00 f9 03 00 00 07 02 00 00 00 00 00 00 00 00 00 16 80 
bc 15 00 8c 00 00 f9 03 00 00 50 04 14 00 00 00 00 00 00 00 00 16 80 bc 15 00 8d 00 00 f9 03 00 
00 f4 03 01 00 00 00 00 00 00 00 00 16 80 bc 15 00 8e 00 00 f9 03 00 00 51 04 00 00 00 00 00 00 
00 00 00 16 80 bc 15 00 8f 00 00 f9 03 00 00 52 04 f6 ff ff ff 00 00 00 00 00 2f 47 00 00 04 01 
00 00 00 00 00 00 00 00 00 00 00 00 00 00 00 1a 00 06 00 00 00 01 00 00 00 01 01 02 00 00 00 00 
00 80 00 00 00 00 00 00 00 00 
...........=......................>......................?......P...............@...............
.......A......Q...............B......R..........................................................
..........P.............................................Q......................R........../G....
..........................................

Client->GAME [11:50:24 07/17/09] packet size: 1 CRYPTED, Flags: 7f ServerSeq: 5 ClientSeq: 226
02 
.

