Client->GAME [11:51:32 07/17/09] packet size: 14 CRYPTED, Flags: 7f ServerSeq: 15 ClientSeq: 240
02 04 01 00 33 01 07 42 03 00 00 00 00 00 
....3..B......

GAME->Client [11:51:32 07/17/09] packet size: 330 CRYPTED, Flags: 7f ServerSeq: 176 ClientSeq: 0
02 04 01 01 aa 0d 16 80 bc 15 00 8a 00 00 f9 03 00 00 08 02 ec ff ff ff 01 00 00 00 00 16 80 bc 
15 00 8b 00 00 f9 03 00 00 07 02 00 00 00 00 01 00 00 00 00 16 80 bc 15 00 8c 00 00 f9 03 00 00 
50 04 14 00 00 00 01 00 00 00 00 16 80 bc 15 00 8d 00 00 f9 03 00 00 f4 03 01 00 00 00 01 00 00 
00 00 16 80 bc 15 00 8e 00 00 f9 03 00 00 51 04 00 00 00 00 01 00 00 00 00 16 80 bc 15 00 8f 00 
00 f9 03 00 00 52 04 f6 ff ff ff 01 00 00 00 00 16 80 bc 15 00 90 00 00 f5 03 00 00 08 02 3c 00 
00 00 00 00 00 00 00 16 80 bc 15 00 91 00 00 f5 03 00 00 07 02 70 fe ff ff 00 00 00 00 00 16 80 
bc 15 00 92 00 00 f5 03 00 00 50 04 9c ff ff ff 00 00 00 00 00 16 80 bc 15 00 93 00 00 f5 03 00 
00 f4 03 03 00 00 00 00 00 00 00 00 16 80 bc 15 00 94 00 00 f5 03 00 00 51 04 32 00 00 00 00 00 
00 00 00 16 80 bc 15 00 95 00 00 f5 03 00 00 52 04 9c ff ff ff 00 00 00 00 00 2f 47 00 00 04 01 
00 00 00 00 00 00 00 00 00 00 00 00 00 00 00 1a 00 06 00 00 00 01 00 00 00 03 01 03 00 00 00 00 
00 80 00 00 00 00 00 00 00 00 
................................................................P...............................
..............Q......................R........................<......................p..........
..........P.............................................Q.2....................R........../G....
..........................................

Client->GAME [11:51:32 07/17/09] packet size: 1 CRYPTED, Flags: 7f ServerSeq: 0 ClientSeq: 241
02 
.

Client->GAME [11:51:33 07/17/09] packet size: 12
00 00 00 00 00 01 04 08 1c 66 87 00 
.........f..

GAME->Client [11:51:33 07/17/09] packet size: 12
00 00 00 00 00 01 04 08 1c 66 87 00 
.........f..

