Client->GAME [11:52:27 07/17/09] packet size: 14 CRYPTED, Flags: 7f ServerSeq: 8 ClientSeq: 251
02 04 01 00 34 01 07 42 01 00 00 00 00 00 
....4..B......

GAME->Client [11:52:27 07/17/09] packet size: 330 CRYPTED, Flags: 7f ServerSeq: 185 ClientSeq: 11
02 04 01 01 b7 0d 16 80 bc 15 00 90 00 00 f5 03 00 00 08 02 3c 00 00 00 01 00 00 00 00 16 80 bc 
15 00 91 00 00 f5 03 00 00 07 02 70 fe ff ff 01 00 00 00 00 16 80 bc 15 00 92 00 00 f5 03 00 00 
50 04 9c ff ff ff 01 00 00 00 00 16 80 bc 15 00 93 00 00 f5 03 00 00 f4 03 03 00 00 00 01 00 00 
00 00 16 80 bc 15 00 94 00 00 f5 03 00 00 51 04 32 00 00 00 01 00 00 00 00 16 80 bc 15 00 95 00 
00 f5 03 00 00 52 04 9c ff ff ff 01 00 00 00 00 16 80 bc 15 00 96 00 00 f9 03 00 00 08 02 ec ff 
ff ff 00 00 00 00 00 16 80 bc 15 00 97 00 00 f9 03 00 00 07 02 00 00 00 00 00 00 00 00 00 16 80 
bc 15 00 98 00 00 f9 03 00 00 50 04 14 00 00 00 00 00 00 00 00 16 80 bc 15 00 99 00 00 f9 03 00 
00 f4 03 01 00 00 00 00 00 00 00 00 16 80 bc 15 00 9a 00 00 f9 03 00 00 51 04 00 00 00 00 00 00 
00 00 00 16 80 bc 15 00 9b 00 00 f9 03 00 00 52 04 f6 ff ff ff 00 00 00 00 00 2f 47 00 00 04 01 
00 00 00 00 00 00 00 00 00 00 00 00 00 00 00 1a 00 06 00 00 00 01 00 00 00 01 01 04 00 00 00 00 
00 80 00 00 00 00 00 00 00 00 
....................<......................p....................P...............................
..............Q.2....................R..........................................................
..........P.............................................Q......................R........../G....
..........................................

Client->GAME [11:52:27 07/17/09] packet size: 1 CRYPTED, Flags: 7f ServerSeq: 9 ClientSeq: 252
02 
.

