GAME->Client [11:53:29 07/17/09] packet size: 1 CRYPTED, Flags: ff ServerSeq: 199 ClientSeq: 267
02 
.

Client->GAME [11:53:29 07/17/09] packet size: 1 CRYPTED, Flags: ff ServerSeq: 6 ClientSeq: 268
02 
.

Client->GAME [11:53:29 07/17/09] packet size: 1 CRYPTED, Flags: 7f ServerSeq: 7 ClientSeq: 269
02 
.

GAME->Client [11:53:29 07/17/09] packet size: 5 CRYPTED, Flags: 7f ServerSeq: 200 ClientSeq: 269
82 4f a8 95 47 
.O..G

Client->GAME [11:53:31 07/17/09] packet size: 50 CRYPTED, Flags: 7f ServerSeq: 7 ClientSeq: 270
02 04 01 00 36 01 2b 80 b9 ee 03 00 00 00 00 00 00 00 00 00 00 00 00 00 00 00 00 00 00 00 00 00 
00 00 00 b0 b9 be 27 00 00 00 00 08 6b 00 00 00 00 00 
....6.+...............................'.....k.....

GAME->Client [11:53:31 07/17/09] packet size: 506 CRYPTED, Flags: 7f ServerSeq: 201 ClientSeq: 270
02 03 02 00 02 80 80 80 80 80 10 ee 03 00 00 00 00 04 02 01 ca 13 16 80 bc 15 00 7e 00 00 11 00 
00 00 ab 00 0d 00 00 00 01 00 00 00 00 16 80 bc 15 00 7f 00 00 11 00 00 00 0a 02 4d 00 00 00 01 
00 00 00 00 16 80 bc 15 00 80 00 00 11 00 00 00 f2 03 34 00 00 00 01 00 00 00 00 16 80 bc 15 00 
81 00 00 11 00 00 00 ed 03 4d 00 00 00 01 00 00 00 00 16 80 bc 15 00 82 00 00 11 00 00 00 9f 00 
19 00 00 00 01 00 00 00 00 16 80 bc 15 00 83 00 00 11 00 00 00 f1 03 34 00 00 00 01 00 00 00 00 
16 80 bc 15 00 84 00 00 11 00 00 00 0c 02 34 00 00 00 01 00 00 00 00 16 80 bc 15 00 85 00 00 11 
00 00 00 b7 00 4d 00 00 00 01 00 00 00 00 16 80 bc 15 00 86 00 00 11 00 00 00 f3 03 46 00 00 00 
01 00 00 00 00 0b 80 bd 05 11 00 00 00 00 00 00 00 16 80 bc 15 00 a0 00 00 ee 03 00 00 f1 03 34 
00 00 00 00 00 00 00 00 16 80 bc 15 00 a1 00 00 ee 03 00 00 56 01 6c 00 00 00 00 00 00 00 00 16 
80 bc 15 00 a2 00 00 ee 03 00 00 ed 03 4c 00 00 00 00 00 00 00 00 16 80 bc 15 00 a3 00 00 ee 03 
00 00 ae 00 1c 00 00 00 00 00 00 00 00 16 80 bc 15 00 a4 00 00 ee 03 00 00 f3 03 46 00 00 00 00 
00 00 00 00 16 80 bc 15 00 a5 00 00 ee 03 00 00 ac 00 2e 00 00 00 00 00 00 00 00 16 80 bc 15 00 
a6 00 00 ee 03 00 00 b7 00 4d 00 00 00 00 00 00 00 00 16 80 bc 15 00 a7 00 00 ee 03 00 00 f2 03 
34 00 00 00 00 00 00 00 00 0b 80 bd 05 ee 03 00 00 00 00 00 01 01 dd 01 41 81 67 17 00 27 00 1c 
22 00 c6 01 ee 03 00 00 00 00 00 00 37 00 00 08 0e 00 41 66 74 65 72 57 68 6f 72 75 4e 65 6f 00 
0e 00 41 66 74 65 72 57 68 6f 72 75 4e 65 6f 00 02 00 6c 00 00 00 00 00 00 00 
...........................~...............................M......................4.............
.........M.............................................4......................4.................
.....M......................F..................................4....................V.l.........
.............L.............................................F....................................
.........M......................4.......................A.g..'.."...........7.....AfterWhoruNeo.
..AfterWhoruNeo...l.......

Client->GAME [11:53:31 07/17/09] packet size: 1 CRYPTED, Flags: 7e ServerSeq: 9 ClientSeq: 271
02 
.

Client->GAME [11:53:33 07/17/09] packet size: 12
00 00 00 00 00 01 04 08 1a 3b 89 00 
.........;..

GAME->Client [11:53:33 07/17/09] packet size: 12
00 00 00 00 00 01 04 08 1a 3b 89 00 
.........;..

