Client->GAME [12:20:19 07/17/09] packet size: 1 CRYPTED, Flags: 7f ServerSeq: 2049 ClientSeq: 2342
02 
.

GAME->Client [12:20:19 07/17/09] packet size: 1 CRYPTED, Flags: 7f ServerSeq: 2098 ClientSeq: 2309
02 
.

GAME->Client [12:20:19 07/17/09] packet size: 28 CRYPTED, Flags: 7f ServerSeq: 2099 ClientSeq: 2310
82 17 cd 98 47 03 02 00 02 80 80 80 50 de 00 e0 06 11 00 01 80 01 de 00 e0 06 00 00 
....G.......P...............

Client->GAME [12:20:19 07/17/09] packet size: 1 CRYPTED, Flags: 7f ServerSeq: 2051 ClientSeq: 2343
02 
.

GAME->Client [12:20:19 07/17/09] packet size: 13 CRYPTED, Flags: 7f ServerSeq: 2100 ClientSeq: 2310
02 03 06 00 04 80 80 80 40 3a 02 00 00 
........@:...

Client->GAME [12:20:19 07/17/09] packet size: 1 CRYPTED, Flags: 7f ServerSeq: 2052 ClientSeq: 2344
02 
.

GAME->Client [12:20:19 07/17/09] packet size: 20 CRYPTED, Flags: 7f ServerSeq: 2101 ClientSeq: 2312
02 03 06 00 02 08 ac d3 0f 47 00 20 8a c4 62 da e6 c5 00 00 
.........G. ..b.....

Client->GAME [12:20:20 07/17/09] packet size: 1 CRYPTED, Flags: 7f ServerSeq: 2053 ClientSeq: 2345
02 
.

GAME->Client [12:20:20 07/17/09] packet size: 24 CRYPTED, Flags: 7f ServerSeq: 2102 ClientSeq: 2313
02 03 02 00 02 80 80 80 50 df 00 e4 06 11 00 01 80 01 df 00 e4 06 00 00 
........P...............

Client->GAME [12:20:20 07/17/09] packet size: 1 CRYPTED, Flags: 7f ServerSeq: 2054 ClientSeq: 2346
02 
.

GAME->Client [12:20:20 07/17/09] packet size: 17 CRYPTED, Flags: 7f ServerSeq: 2103 ClientSeq: 2314
82 b9 cd 98 47 03 06 00 04 80 80 80 40 3b 02 00 00 
....G.......@;...

Client->GAME [12:20:20 07/17/09] packet size: 1 CRYPTED, Flags: 7f ServerSeq: 2055 ClientSeq: 2347
02 
.

Client->GAME [12:20:20 07/17/09] packet size: 9 CRYPTED, Flags: 7f ServerSeq: 2055 ClientSeq: 2348
02 03 02 00 01 02 00 00 00 
.........

Client->GAME [12:20:20 07/17/09] packet size: 50 CRYPTED, Flags: 7f ServerSeq: 2055 ClientSeq: 2349
02 04 01 00 7f 01 2b 80 b9 d2 01 06 00 2e 00 00 00 00 00 00 00 00 00 00 00 00 00 00 00 00 00 00 
00 00 00 20 00 00 00 74 f2 12 00 2a 6b 00 00 00 00 00 
......+............................ ...t...*k.....

GAME->Client [12:20:21 07/17/09] packet size: 20 CRYPTED, Flags: 7f ServerSeq: 2104 ClientSeq: 2316
02 03 06 00 02 08 ac d3 0f 47 00 20 8a c4 62 da e6 c5 00 00 
.........G. ..b.....

Client->GAME [12:20:21 07/17/09] packet size: 1 CRYPTED, Flags: 7f ServerSeq: 2056 ClientSeq: 2350
02 
.

GAME->Client [12:20:21 07/17/09] packet size: 58 CRYPTED, Flags: 7f ServerSeq: 2105 ClientSeq: 2317
02 03 02 00 01 28 12 81 00 94 d2 01 06 00 2e 00 72 df 0f 47 00 20 8a c4 49 a0 fa c5 b9 c9 a9 04 
00 00 04 01 06 68 01 12 80 ac d2 01 00 00 00 00 00 00 00 00 00 00 00 00 00 40 
.....(..........r..G. ..I............h...................@

Client->GAME [12:20:21 07/17/09] packet size: 10 CRYPTED, Flags: 7f ServerSeq: 2057 ClientSeq: 2351
02 03 02 00 01 22 12 94 00 00 
....."....

GAME->Client [12:20:21 07/17/09] packet size: 47 CRYPTED, Flags: 7f ServerSeq: 2106 ClientSeq: 2318
02 03 02 00 03 28 12 81 00 94 d2 01 06 00 2e 00 72 df 0f 47 00 20 8a c4 49 a0 fa c5 36 ca a9 04 
80 80 80 40 e9 06 11 00 01 00 01 e9 06 00 00 
.....(..........r..G. ..I...6......@...........

Client->GAME [12:20:21 07/17/09] packet size: 1 CRYPTED, Flags: 7f ServerSeq: 2058 ClientSeq: 2352
02 
.

GAME->Client [12:20:21 07/17/09] packet size: 203 CRYPTED, Flags: 7f ServerSeq: 2107 ClientSeq: 2319
02 03 02 00 03 08 72 df 0f 47 00 20 8a c4 49 a0 fa c5 b3 ca a9 04 ff 01 64 01 00 00 00 00 00 00 
02 00 00 00 00 08 41 6e 64 65 72 73 6f 6e 06 54 68 6f 6d 61 73 ff 00 00 23 1a e9 88 80 b0 04 00 
02 8e 00 00 00 01 00 66 66 e6 3e 00 2a 00 00 02 00 00 00 00 ff 28 0a 32 01 e4 89 46 14 00 6f 46 
a2 04 00 00 00 40 eb 14 e2 40 00 00 00 00 00 44 91 c0 00 00 00 80 09 be be c0 00 ff 00 00 00 00 
00 f7 00 00 00 df 00 00 00 00 00 e9 06 ff 00 31 5e 00 00 00 00 00 00 00 30 04 00 28 10 00 00 00 
00 ff 00 00 00 00 00 10 00 00 00 00 00 00 80 3f ee 03 00 00 4b b1 00 00 71 02 00 00 3f 00 00 10 
01 22 02 65 01 00 00 00 00 00 00 
......r..G. ..I.........d.............Anderson.Thomas...#..............ff.>.*........(.2...F..oF
.....@...@.....D...............................1^.......0..(...................?....K...q...?...
.".e.......

Client->GAME [12:20:21 07/17/09] packet size: 1 CRYPTED, Flags: 7f ServerSeq: 2059 ClientSeq: 2353
02 
.

GAME->Client [12:20:21 07/17/09] packet size: 13 CRYPTED, Flags: 7f ServerSeq: 2108 ClientSeq: 2304
02 03 06 00 04 80 80 80 40 3c 02 00 00 
........@<...

Client->GAME [12:20:21 07/17/09] packet size: 1 CRYPTED, Flags: 7f ServerSeq: 2060 ClientSeq: 2354
02 
.

GAME->Client [12:20:22 07/17/09] packet size: 24 CRYPTED, Flags: 7f ServerSeq: 2109 ClientSeq: 2306
82 8b ce 98 47 03 06 00 02 08 ac d3 0f 47 00 20 8a c4 62 da e6 c5 00 00 
....G........G. ..b.....

Client->GAME [12:20:22 07/17/09] packet size: 1 CRYPTED, Flags: 7f ServerSeq: 2061 ClientSeq: 2355
02 
.

GAME->Client [12:20:22 07/17/09] packet size: 24 CRYPTED, Flags: 7f ServerSeq: 2110 ClientSeq: 2306
02 03 02 00 02 80 80 80 50 e0 00 ed 06 11 00 01 80 01 e0 00 ed 06 00 00 
........P...............

Client->GAME [12:20:22 07/17/09] packet size: 1 CRYPTED, Flags: 7f ServerSeq: 2062 ClientSeq: 2356
02 
.

GAME->Client [12:20:22 07/17/09] packet size: 13 CRYPTED, Flags: 7f ServerSeq: 2111 ClientSeq: 2308
02 03 06 00 04 80 80 80 40 3d 02 00 00 
........@=...

Client->GAME [12:20:22 07/17/09] packet size: 1 CRYPTED, Flags: 7f ServerSeq: 2063 ClientSeq: 2357
02 
.

GAME->Client [12:20:23 07/17/09] packet size: 172 CRYPTED, Flags: 7f ServerSeq: 2112 ClientSeq: 2309
02 03 02 00 02 80 80 80 10 cc 00 11 00 01 80 00 cc 00 06 00 06 08 ac d3 0f 47 00 20 8a c4 62 da 
e6 c5 80 80 80 80 c0 62 01 00 28 01 03 00 00 04 02 06 69 02 22 81 43 43 0a 00 28 00 00 00 88 75 
fa e1 40 00 00 00 00 00 44 91 c0 00 00 00 30 4c db bc c0 33 33 bb 40 0b 80 bd 01 d2 01 04 00 00 
40 41 01 06 6b 01 45 81 67 17 00 27 00 f1 00 00 24 01 d2 01 00 00 00 00 00 00 33 00 00 08 0e 00 
41 66 74 65 72 57 68 6f 72 75 4e 65 6f 00 0a 00 43 6f 72 72 75 70 74 65 64 00 04 00 4b 00 00 00 
00 00 00 00 4a 00 00 00 00 00 00 00 
.........................G. ..b........b..(.......i.".CC..(....u..@.....D.....0L...33.@.........
@A..k.E.g..'....$.........3.....AfterWhoruNeo...Corrupted...K.......J.......

Client->GAME [12:20:23 07/17/09] packet size: 1 CRYPTED, Flags: 7f ServerSeq: 2048 ClientSeq: 2358
02 
.

GAME->Client [12:20:23 07/17/09] packet size: 271 CRYPTED, Flags: 7f ServerSeq: 2113 ClientSeq: 2309
82 1b cf 98 47 03 02 00 02 80 80 80 50 cd 00 f2 06 11 00 01 80 01 cd 00 f2 06 06 00 06 2a 33 01 
0c 37 81 00 02 00 78 00 00 ac d3 0f 47 00 20 8a c4 62 da e6 c5 ff 00 00 00 10 00 00 00 00 00 01 
ff 00 00 00 00 00 00 00 00 00 00 00 00 00 00 00 00 00 00 00 00 00 00 00 00 00 00 03 ff 00 00 00 
00 00 00 00 00 c9 04 00 00 00 00 2f 00 00 00 00 00 00 ff 00 00 00 00 00 00 00 00 00 00 00 00 00 
00 00 00 00 00 00 00 00 00 00 00 00 00 00 00 00 00 01 00 3d 02 ff 00 00 00 00 00 00 00 00 c4 1e 
00 00 62 01 00 28 ff 03 00 00 00 00 00 00 00 00 00 00 00 5a 00 00 40 37 08 00 00 1f 06 08 00 00 
00 40 10 00 22 00 00 00 00 00 00 00 04 01 06 6c 01 3d 81 67 17 00 27 00 19 00 00 c6 01 d2 01 00 
00 00 00 00 00 33 00 00 08 0e 00 41 66 74 65 72 57 68 6f 72 75 4e 65 6f 00 0a 00 43 6f 72 72 75 
70 74 65 64 00 02 00 bc 01 00 00 00 00 00 00 
....G.......P................*3..7....x.....G. ..b..............................................
.........../.......................................=..............b..(.............Z..@7........
.@.."..........l.=.g..'..............3.....AfterWhoruNeo...Corrupted...........

Client->GAME [12:20:23 07/17/09] packet size: 1 CRYPTED, Flags: 7f ServerSeq: 2049 ClientSeq: 2359
02 
.

GAME->Client [12:20:23 07/17/09] packet size: 180 CRYPTED, Flags: 7f ServerSeq: 2114 ClientSeq: 2310
02 03 06 00 06 2a 33 01 0c 37 81 00 02 00 78 00 00 ac d3 0f 47 00 20 8a c4 62 da e6 c5 ff 00 00 
00 10 00 00 00 00 00 01 ff 00 00 00 00 00 00 00 00 00 00 00 00 00 00 00 00 00 00 00 00 00 00 00 
00 00 00 03 ff 00 00 00 00 00 00 00 00 c9 04 00 00 00 00 2f 00 00 00 00 00 00 ff 00 00 00 00 00 
00 00 00 00 00 00 00 00 00 00 00 00 00 00 00 00 00 00 00 00 00 00 00 00 00 01 00 3d 02 ff 00 00 
00 00 00 00 00 00 c4 1e 00 00 62 01 00 28 ff 03 00 00 00 00 00 00 00 00 00 00 00 5a 00 00 40 37 
08 00 00 1f 06 08 00 00 00 40 10 00 22 00 00 00 00 00 00 00 
.....*3..7....x.....G. ..b........................................................./............
...........................=..............b..(.............Z..@7.........@..".......

Client->GAME [12:20:23 07/17/09] packet size: 1 CRYPTED, Flags: 7f ServerSeq: 2050 ClientSeq: 2360
02 
.

GAME->Client [12:20:23 07/17/09] packet size: 13 CRYPTED, Flags: 7f ServerSeq: 2115 ClientSeq: 2312
02 03 06 00 04 80 80 80 40 3e 02 00 00 
........@>...

Client->GAME [12:20:23 07/17/09] packet size: 9 CRYPTED, Flags: 7f ServerSeq: 2050 ClientSeq: 2361
02 03 02 00 01 02 00 00 00 
.........

Client->GAME [12:20:23 07/17/09] packet size: 1 CRYPTED, Flags: 7f ServerSeq: 2051 ClientSeq: 2362
02 
.

Client->GAME [12:20:23 07/17/09] packet size: 9 CRYPTED, Flags: 7f ServerSeq: 2051 ClientSeq: 2363
02 03 02 00 01 02 65 00 00 
......e..

GAME->Client [12:20:23 07/17/09] packet size: 1 CRYPTED, Flags: 7f ServerSeq: 2116 ClientSeq: 2314
02 
.

GAME->Client [12:20:23 07/17/09] packet size: 1 CRYPTED, Flags: 7f ServerSeq: 2117 ClientSeq: 2315
02 
.

GAME->Client [12:20:24 07/17/09] packet size: 20 CRYPTED, Flags: 7f ServerSeq: 2118 ClientSeq: 2315
02 03 06 00 02 08 ac d3 0f 47 00 20 8a c4 62 da e6 c5 00 00 
.........G. ..b.....

Client->GAME [12:20:24 07/17/09] packet size: 1 CRYPTED, Flags: 7f ServerSeq: 2054 ClientSeq: 2364
02 
.

GAME->Client [12:20:24 07/17/09] packet size: 205 CRYPTED, Flags: 7f ServerSeq: 2119 ClientSeq: 2315
02 03 02 00 02 80 80 80 c0 e0 06 80 80 01 02 00 10 01 11 00 01 00 01 e0 06 00 00 04 01 06 6d 06 
16 80 bc 01 00 f6 01 00 cb 00 00 00 c7 00 00 00 00 00 00 00 00 20 41 16 80 bc 05 00 f7 01 00 c7 
00 00 00 ab 00 fc ff ff ff 00 00 00 00 00 16 80 bc 05 00 f8 01 00 c7 00 00 00 ac 00 fc ff ff ff 
00 00 00 00 00 16 80 bc 05 00 f9 01 00 c7 00 00 00 0a 04 fc ff ff ff 00 00 00 00 00 16 80 bc 05 
00 fa 01 00 c7 00 00 00 9f 00 fc ff ff ff 00 00 00 00 00 39 81 68 2d 00 1d 00 03 00 00 00 12 00 
27 00 91 00 2b 00 00 00 00 00 00 c4 1e 00 00 00 00 0e 00 41 66 74 65 72 57 68 6f 72 75 4e 65 6f 
00 0a 00 43 6f 72 72 75 70 74 65 64 00 
..............................m...................... A.........................................
...................................................9.h-.........'...+..............AfterWhoruNeo
...Corrupted.

Client->GAME [12:20:24 07/17/09] packet size: 1 CRYPTED, Flags: 7f ServerSeq: 2055 ClientSeq: 2365
02 
.

GAME->Client [12:20:24 07/17/09] packet size: 35 CRYPTED, Flags: 7f ServerSeq: 2120 ClientSeq: 2316
82 ab cf 98 47 03 02 00 02 80 80 80 d0 ce 00 e4 06 80 80 01 02 00 10 01 11 00 01 80 01 ce 00 e4 
06 00 00 
....G..............................

Client->GAME [12:20:24 07/17/09] packet size: 1 CRYPTED, Flags: 7f ServerSeq: 2056 ClientSeq: 2366
02 
.

GAME->Client [12:20:24 07/17/09] packet size: 13 CRYPTED, Flags: 7f ServerSeq: 2121 ClientSeq: 2318
02 03 06 00 04 80 80 80 40 40 02 00 00 
........@@...

Client->GAME [12:20:24 07/17/09] packet size: 1 CRYPTED, Flags: 7f ServerSeq: 2057 ClientSeq: 2367
02 
.

