GAME->Client [12:04:12 07/17/09] packet size: 9 CRYPTED, Flags: 7f ServerSeq: 704 ClientSeq: 774
02 03 02 00 02 08 01 00 00 
.........

Client->GAME [12:04:12 07/17/09] packet size: 1 CRYPTED, Flags: 7f ServerSeq: 512 ClientSeq: 871
02 
.

Client->GAME [12:04:13 07/17/09] packet size: 12
00 00 00 00 00 01 04 08 d0 00 93 00 
............

GAME->Client [12:04:13 07/17/09] packet size: 12
00 00 00 00 00 01 04 08 d0 00 93 00 
............

Client->GAME [12:04:14 07/17/09] packet size: 50 CRYPTED, Flags: 7f ServerSeq: 512 ClientSeq: 872
02 04 01 00 5c 01 2b 80 b9 26 00 1b 00 86 00 00 00 00 00 00 00 00 00 00 00 00 00 00 00 00 00 00 
00 00 00 20 00 00 00 74 f2 12 00 58 6b 00 00 00 00 00 
....\.+..&......................... ...t...Xk.....

GAME->Client [12:04:14 07/17/09] packet size: 62 CRYPTED, Flags: 7f ServerSeq: 705 ClientSeq: 776
82 ef ea 96 47 03 02 00 01 28 08 81 00 94 26 00 1b 00 86 00 b0 fc 0f 47 00 20 8a c4 50 e6 fd c5 
67 0b 9b 04 00 00 04 01 03 b8 01 12 80 ac 26 00 00 00 00 00 00 00 00 00 00 00 00 00 00 40 
....G....(....&........G. ..P...g.............&..............@

Client->GAME [12:04:14 07/17/09] packet size: 10 CRYPTED, Flags: 7f ServerSeq: 513 ClientSeq: 873
02 03 02 00 01 22 08 94 00 00 
....."....

GAME->Client [12:04:14 07/17/09] packet size: 34 CRYPTED, Flags: 7f ServerSeq: 706 ClientSeq: 776
02 03 02 00 01 28 08 81 00 94 26 00 1b 00 86 00 b0 fc 0f 47 00 20 8a c4 50 e6 fd c5 e4 0b 9b 04 
00 00 
.....(....&........G. ..P.........

Client->GAME [12:04:14 07/17/09] packet size: 1 CRYPTED, Flags: 7f ServerSeq: 514 ClientSeq: 874
02 
.

GAME->Client [12:04:14 07/17/09] packet size: 24 CRYPTED, Flags: 7f ServerSeq: 707 ClientSeq: 777
02 03 02 00 01 08 b0 fc 0f 47 00 20 8a c4 50 e6 fd c5 61 0c 9b 04 00 00 
.........G. ..P...a.....

Client->GAME [12:04:14 07/17/09] packet size: 1 CRYPTED, Flags: 7f ServerSeq: 515 ClientSeq: 875
02 
.

GAME->Client [12:04:16 07/17/09] packet size: 65 CRYPTED, Flags: 7f ServerSeq: 708 ClientSeq: 779
02 03 02 00 02 80 80 80 10 e9 00 00 00 04 01 03 b9 02 22 81 43 42 0a 00 28 00 00 00 00 96 ff e1 
40 00 00 00 00 00 44 91 c0 00 00 00 00 ca bc bf c0 8f c2 15 41 0b 80 bd 01 26 00 04 00 00 2c 42 
01 
..................".CB..(.......@.....D.............A....&....,B.

Client->GAME [12:04:16 07/17/09] packet size: 1 CRYPTED, Flags: 7f ServerSeq: 516 ClientSeq: 876
02 
.

Client->GAME [12:04:16 07/17/09] packet size: 9 CRYPTED, Flags: 7f ServerSeq: 516 ClientSeq: 877
02 03 02 00 01 02 00 00 00 
.........

GAME->Client [12:04:17 07/17/09] packet size: 5 CRYPTED, Flags: 7f ServerSeq: 709 ClientSeq: 781
82 1d ec 96 47 
....G

Client->GAME [12:04:17 07/17/09] packet size: 1 CRYPTED, Flags: 7f ServerSeq: 517 ClientSeq: 878
02 
.

GAME->Client [12:04:17 07/17/09] packet size: 13 CRYPTED, Flags: 7f ServerSeq: 710 ClientSeq: 782
02 03 02 00 02 80 80 80 10 ed 00 00 00 
.............

Client->GAME [12:04:17 07/17/09] packet size: 1 CRYPTED, Flags: 7f ServerSeq: 518 ClientSeq: 879
02 
.

