Client->GAME [12:03:34 07/17/09] packet size: 12
00 00 00 00 00 01 04 08 70 64 92 00 
........pd..

GAME->Client [12:03:34 07/17/09] packet size: 12
00 00 00 00 00 01 04 08 70 64 92 00 
........pd..

Client->GAME [12:03:35 07/17/09] packet size: 50 CRYPTED, Flags: 7f ServerSeq: 513 ClientSeq: 854
02 04 01 00 5b 01 2b 80 b9 61 00 1b 00 86 00 00 00 00 00 00 00 00 00 00 00 00 00 00 00 00 00 00 
00 00 00 00 41 65 28 00 00 00 00 58 6b 00 00 00 00 00 
....[.+..a..........................Ae(....Xk.....

GAME->Client [12:03:35 07/17/09] packet size: 62 CRYPTED, Flags: 7f ServerSeq: 690 ClientSeq: 774
82 27 d7 96 47 03 02 00 01 28 07 81 00 98 61 00 1b 00 86 00 b0 fc 0f 47 00 20 8a c4 50 e6 fd c5 
de 70 9a 04 00 00 04 01 03 b4 01 12 80 ac 61 00 00 00 00 00 00 00 00 00 00 00 00 00 00 40 
.'..G....(....a........G. ..P....p............a..............@

Client->GAME [12:03:35 07/17/09] packet size: 11 CRYPTED, Flags: 7f ServerSeq: 514 ClientSeq: 855
02 03 02 00 01 26 07 98 b8 00 00 
.....&.....

GAME->Client [12:03:36 07/17/09] packet size: 34 CRYPTED, Flags: 7f ServerSeq: 691 ClientSeq: 774
02 03 02 00 01 28 07 81 00 98 61 00 1b 00 86 00 b0 fc 0f 47 00 20 8a c4 50 e6 fd c5 5b 71 9a 04 
00 00 
.....(....a........G. ..P...[q....

Client->GAME [12:03:36 07/17/09] packet size: 1 CRYPTED, Flags: 7f ServerSeq: 515 ClientSeq: 856
02 
.

GAME->Client [12:03:36 07/17/09] packet size: 24 CRYPTED, Flags: 7f ServerSeq: 692 ClientSeq: 775
02 03 02 00 01 08 b0 fc 0f 47 00 20 8a c4 50 e6 fd c5 d8 71 9a 04 00 00 
.........G. ..P....q....

Client->GAME [12:03:36 07/17/09] packet size: 1 CRYPTED, Flags: 7f ServerSeq: 516 ClientSeq: 857
02 
.

GAME->Client [12:03:37 07/17/09] packet size: 65 CRYPTED, Flags: 7f ServerSeq: 693 ClientSeq: 777
02 03 02 00 02 80 80 80 10 eb 00 00 00 04 01 03 b5 02 22 81 43 42 0a 00 28 00 00 00 00 96 ff e1 
40 00 00 00 00 00 44 91 c0 00 00 00 00 ca bc bf c0 d7 a3 60 40 0b 80 bd 01 61 00 04 00 00 68 42 
01 
..................".CB..(.......@.....D............`@....a....hB.

Client->GAME [12:03:37 07/17/09] packet size: 1 CRYPTED, Flags: 7f ServerSeq: 517 ClientSeq: 858
02 
.

Client->GAME [12:03:38 07/17/09] packet size: 9 CRYPTED, Flags: 7f ServerSeq: 517 ClientSeq: 859
02 03 02 00 01 02 00 00 00 
.........

GAME->Client [12:03:38 07/17/09] packet size: 5 CRYPTED, Flags: 7f ServerSeq: 694 ClientSeq: 779
82 55 d8 96 47 
.U..G

Client->GAME [12:03:38 07/17/09] packet size: 1 CRYPTED, Flags: 7f ServerSeq: 518 ClientSeq: 860
02 
.

GAME->Client [12:03:38 07/17/09] packet size: 13 CRYPTED, Flags: 7f ServerSeq: 695 ClientSeq: 780
02 03 02 00 02 80 80 80 10 ee 00 00 00 
.............

Client->GAME [12:03:38 07/17/09] packet size: 1 CRYPTED, Flags: 7f ServerSeq: 519 ClientSeq: 861
02 
.

GAME->Client [12:03:39 07/17/09] packet size: 13 CRYPTED, Flags: 7f ServerSeq: 696 ClientSeq: 781
02 03 02 00 02 80 80 80 10 f2 00 00 00 
.............

Client->GAME [12:03:39 07/17/09] packet size: 1 CRYPTED, Flags: 7f ServerSeq: 520 ClientSeq: 862
02 
.

