Client->GAME [15:54:22 07/24/09] packet size: 48 CRYPTED, Flags: 7f ServerSeq: 12 ClientSeq: 77
02 04 01 00 35 01 29 80 c2 00 00 00 00 8a ba f1 c0 00 00 00 00 00 c0 57 40 00 00 00 00 53 39 c4 
40 e4 02 07 00 15 00 00 f0 20 46 01 a3 3f 54 01 
....5.)................W@....S9.@........ F..?T.

Client->GAME [15:54:22 07/24/09] packet size: 39 CRYPTED, Flags: 7f ServerSeq: 12 ClientSeq: 78
02 04 01 00 36 01 20 80 c4 00 00 00 60 e2 88 f0 c0 00 00 00 00 00 c0 57 40 00 00 00 c0 4d 3b d0 
40 4f 03 15 00 03 00 
....6. .....`..........W@....M;.@O.....

GAME->Client [15:54:22 07/24/09] packet size: 62 CRYPTED, Flags: 7f ServerSeq: 61 ClientSeq: 13
02 03 02 00 03 01 08 00 80 80 bc 00 f0 20 46 04 00 57 c6 ac 05 00 00 00 00 8a ba f1 c0 00 00 00 
00 00 c0 57 40 00 00 00 00 53 39 c4 40 10 e3 00 00 00 04 01 01 59 01 06 80 c3 a3 3f 54 01 
............. F..W.................W@....S9.@........Y.....?T.

Client->GAME [15:54:22 07/24/09] packet size: 1 CRYPTED, Flags: 7f ServerSeq: 13 ClientSeq: 79
02 
.

GAME->Client [15:54:22 07/24/09] packet size: 70 CRYPTED, Flags: 7f ServerSeq: 62 ClientSeq: 14
82 a2 ef b9 47 03 02 00 03 09 08 00 ce 46 84 c7 2f 16 14 44 fb db 81 46 22 a0 ac 05 80 80 bc 00 
f0 20 46 14 00 59 c6 ac 05 00 00 00 60 e2 88 f0 c0 00 00 00 00 00 c0 57 40 00 00 00 c0 4d 3b d0 
40 10 e3 00 00 00 
....G........F../..D...F"........ F..Y......`..........W@....M;.@.....

GAME->Client [15:54:23 07/24/09] packet size: 203 CRYPTED, Flags: 7f ServerSeq: 63 ClientSeq: 15
02 03 02 00 03 08 cf 46 84 c7 0c e7 89 44 f6 db 81 46 9f a0 ac 05 ff 01 64 01 00 00 00 00 00 00 
00 00 00 00 00 08 41 6e 64 65 72 73 6f 6e 06 54 68 6f 6d 61 73 ff 00 00 23 1a e9 90 80 b0 04 02 
02 8e 00 00 00 01 00 00 00 00 00 00 00 00 00 00 00 00 00 00 ff 28 0a 32 00 f0 20 46 14 00 59 c6 
ac 05 00 00 00 60 e2 88 f0 c0 00 00 00 00 00 c0 57 40 00 00 00 c0 4d 3b d0 40 00 ff 00 00 00 00 
00 f7 00 00 00 e3 00 00 00 00 00 28 0a ff 00 31 5e 00 00 00 00 00 00 00 21 0a 00 28 01 00 00 00 
00 ff 00 00 00 00 00 00 00 00 00 00 00 00 80 3f 11 00 00 00 4b b1 00 00 71 02 00 00 3f 00 00 00 
01 22 00 00 00 00 00 00 00 00 00 
.......F.....D...F......d.............Anderson.Thomas...#............................(.2.. F..Y.
.....`..........W@....M;.@.................(...1^.......!..(...................?....K...q...?...
.".........

Client->GAME [15:54:23 07/24/09] packet size: 1 CRYPTED, Flags: 7f ServerSeq: 14 ClientSeq: 80
02 
.

Client->GAME [15:54:23 07/24/09] packet size: 1 CRYPTED, Flags: 7f ServerSeq: 15 ClientSeq: 81
02 
.

GAME->Client [15:54:23 07/24/09] packet size: 203 CRYPTED, Flags: 7f ServerSeq: 64 ClientSeq: 15
02 03 02 00 03 08 d0 46 84 c7 87 0d c8 44 f1 db 81 46 1c a1 ac 05 ff 01 64 01 00 00 00 00 00 00 
00 00 00 00 00 08 41 6e 64 65 72 73 6f 6e 06 54 68 6f 6d 61 73 ff 00 00 23 1a e9 90 80 b0 04 02 
02 8e 00 00 00 01 00 00 00 00 00 00 00 00 00 00 00 00 00 00 ff 28 0a 32 00 f0 20 46 14 00 59 c6 
ac 05 00 00 00 60 e2 88 f0 c0 00 00 00 00 00 c0 57 40 00 00 00 c0 4d 3b d0 40 00 ff 00 00 00 00 
00 f7 00 00 00 e3 00 00 00 00 00 28 0a ff 00 31 5e 00 00 00 00 00 00 00 21 0a 00 28 01 00 00 00 
00 ff 00 00 00 00 00 00 00 00 00 00 00 00 80 3f 11 00 00 00 4b b1 00 00 71 02 00 00 3f 00 00 00 
01 22 00 00 00 00 00 00 00 00 00 
.......F.....D...F......d.............Anderson.Thomas...#............................(.2.. F..Y.
.....`..........W@....M;.@.................(...1^.......!..(...................?....K...q...?...
.".........

Client->GAME [15:54:23 07/24/09] packet size: 1 CRYPTED, Flags: 7f ServerSeq: 0 ClientSeq: 82
02 
.

GAME->Client [15:54:23 07/24/09] packet size: 203 CRYPTED, Flags: 7f ServerSeq: 65 ClientSeq: 1
02 03 02 00 03 08 d1 46 84 c7 26 62 00 45 ec db 81 46 99 a1 ac 05 ff 01 64 01 00 00 00 00 00 00 
00 00 00 00 00 08 41 6e 64 65 72 73 6f 6e 06 54 68 6f 6d 61 73 ff 00 00 23 1a e9 90 80 b0 04 02 
02 8e 00 00 00 01 00 00 00 00 00 00 00 00 00 00 00 00 00 00 ff 28 0a 32 00 f0 20 46 14 00 59 c6 
ac 05 00 00 00 60 e2 88 f0 c0 00 00 00 00 00 c0 57 40 00 00 00 c0 4d 3b d0 40 00 ff 00 00 00 00 
00 f7 00 00 00 e3 00 00 00 00 00 28 0a ff 00 31 5e 00 00 00 00 00 00 00 21 0a 00 28 01 00 00 00 
00 ff 00 00 00 00 00 00 00 00 00 00 00 00 80 3f 11 00 00 00 4b b1 00 00 71 02 00 00 3f 00 00 00 
01 22 00 00 00 00 00 00 00 00 00 
.......F..&b.E...F......d.............Anderson.Thomas...#............................(.2.. F..Y.
.....`..........W@....M;.@.................(...1^.......!..(...................?....K...q...?...
.".........

Client->GAME [15:54:23 07/24/09] packet size: 1 CRYPTED, Flags: 7f ServerSeq: 1 ClientSeq: 83
02 
.

GAME->Client [15:54:23 07/24/09] packet size: 203 CRYPTED, Flags: 7f ServerSeq: 66 ClientSeq: 2
02 03 02 00 03 08 d2 46 84 c7 97 cd 1d 45 e7 db 81 46 16 a2 ac 05 ff 01 64 01 00 00 00 00 00 00 
00 00 00 00 00 08 41 6e 64 65 72 73 6f 6e 06 54 68 6f 6d 61 73 ff 00 00 23 1a e9 90 80 b0 04 02 
02 8e 00 00 00 01 00 00 00 00 00 00 00 00 00 00 00 00 00 00 ff 28 0a 32 00 f0 20 46 14 00 59 c6 
ac 05 00 00 00 60 e2 88 f0 c0 00 00 00 00 00 c0 57 40 00 00 00 c0 4d 3b d0 40 00 ff 00 00 00 00 
00 f7 00 00 00 e3 00 00 00 00 00 28 0a ff 00 31 5e 00 00 00 00 00 00 00 21 0a 00 28 01 00 00 00 
00 ff 00 00 00 00 00 00 00 00 00 00 00 00 80 3f 11 00 00 00 4b b1 00 00 71 02 00 00 3f 00 00 00 
01 22 00 00 00 00 00 00 00 00 00 
.......F.....E...F......d.............Anderson.Thomas...#............................(.2.. F..Y.
.....`..........W@....M;.@.................(...1^.......!..(...................?....K...q...?...
.".........

Client->GAME [15:54:23 07/24/09] packet size: 1 CRYPTED, Flags: 7f ServerSeq: 2 ClientSeq: 84
02 
.

GAME->Client [15:54:23 07/24/09] packet size: 203 CRYPTED, Flags: 7f ServerSeq: 67 ClientSeq: 3
02 03 02 00 03 08 d3 46 84 c7 aa 9b 38 45 e2 db 81 46 93 a2 ac 05 ff 01 64 01 00 00 00 00 00 00 
00 00 00 00 00 08 41 6e 64 65 72 73 6f 6e 06 54 68 6f 6d 61 73 ff 00 00 23 1a e9 90 80 b0 04 02 
02 8e 00 00 00 01 00 00 00 00 00 00 00 00 00 00 00 00 00 00 ff 28 0a 32 00 f0 20 46 14 00 59 c6 
ac 05 00 00 00 60 e2 88 f0 c0 00 00 00 00 00 c0 57 40 00 00 00 c0 4d 3b d0 40 00 ff 00 00 00 00 
00 f7 00 00 00 e3 00 00 00 00 00 28 0a ff 00 31 5e 00 00 00 00 00 00 00 21 0a 00 28 01 00 00 00 
00 ff 00 00 00 00 00 00 00 00 00 00 00 00 80 3f 11 00 00 00 4b b1 00 00 71 02 00 00 3f 00 00 00 
01 22 00 00 00 00 00 00 00 00 00 
.......F....8E...F......d.............Anderson.Thomas...#............................(.2.. F..Y.
.....`..........W@....M;.@.................(...1^.......!..(...................?....K...q...?...
.".........

Client->GAME [15:54:23 07/24/09] packet size: 1 CRYPTED, Flags: 7f ServerSeq: 3 ClientSeq: 85
02 
.

GAME->Client [15:54:23 07/24/09] packet size: 203 CRYPTED, Flags: 7f ServerSeq: 68 ClientSeq: 3
02 03 02 00 03 08 d4 46 84 c7 4f 5f 54 45 dd db 81 46 10 a3 ac 05 ff 01 64 01 00 00 00 00 00 00 
00 00 00 00 00 08 41 6e 64 65 72 73 6f 6e 06 54 68 6f 6d 61 73 ff 00 00 23 1a e9 90 80 b0 04 02 
02 8e 00 00 00 01 00 00 00 00 00 00 00 00 00 00 00 00 00 00 ff 28 0a 32 00 f0 20 46 14 00 59 c6 
ac 05 00 00 00 60 e2 88 f0 c0 00 00 00 00 00 c0 57 40 00 00 00 c0 4d 3b d0 40 00 ff 00 00 00 00 
00 f7 00 00 00 e3 00 00 00 00 00 28 0a ff 00 31 5e 00 00 00 00 00 00 00 21 0a 00 28 01 00 00 00 
00 ff 00 00 00 00 00 00 00 00 00 00 00 00 80 3f 11 00 00 00 4b b1 00 00 71 02 00 00 3f 00 00 00 
01 22 00 00 00 00 00 00 00 00 00 
.......F..O_TE...F......d.............Anderson.Thomas...#............................(.2.. F..Y.
.....`..........W@....M;.@.................(...1^.......!..(...................?....K...q...?...
.".........

Client->GAME [15:54:23 07/24/09] packet size: 1 CRYPTED, Flags: 7f ServerSeq: 4 ClientSeq: 86
02 
.

GAME->Client [15:54:23 07/24/09] packet size: 30 CRYPTED, Flags: 7f ServerSeq: 69 ClientSeq: 5
02 03 02 00 03 08 d5 46 84 c7 37 48 6f 45 d7 db 81 46 8d a3 ac 05 80 80 80 10 e6 00 00 00 
.......F..7HoE...F............

Client->GAME [15:54:23 07/24/09] packet size: 1 CRYPTED, Flags: 7f ServerSeq: 5 ClientSeq: 87
02 
.

GAME->Client [15:54:23 07/24/09] packet size: 203 CRYPTED, Flags: 7f ServerSeq: 70 ClientSeq: 6
02 03 02 00 03 08 d6 46 84 c7 f5 dd 83 45 d2 db 81 46 0a a4 ac 05 ff 01 64 01 00 00 00 00 00 00 
00 00 00 00 00 08 41 6e 64 65 72 73 6f 6e 06 54 68 6f 6d 61 73 ff 00 00 23 1a e9 90 80 b0 04 02 
02 8e 00 00 00 01 00 00 00 00 00 00 00 00 00 00 00 00 00 00 ff 28 0a 32 00 f0 20 46 14 00 59 c6 
ac 05 00 00 00 60 e2 88 f0 c0 00 00 00 00 00 c0 57 40 00 00 00 c0 4d 3b d0 40 00 ff 00 00 00 00 
00 f7 00 00 00 e6 00 00 00 00 00 28 0a ff 00 31 5e 00 00 00 00 00 00 00 21 0a 00 28 01 00 00 00 
00 ff 00 00 00 00 00 00 00 00 00 00 00 00 80 3f 11 00 00 00 4b b1 00 00 71 02 00 00 3f 00 00 00 
01 22 00 00 00 00 00 00 00 00 00 
.......F.....E...F......d.............Anderson.Thomas...#............................(.2.. F..Y.
.....`..........W@....M;.@.................(...1^.......!..(...................?....K...q...?...
.".........

Client->GAME [15:54:23 07/24/09] packet size: 1 CRYPTED, Flags: 7f ServerSeq: 6 ClientSeq: 88
02 
.

GAME->Client [15:54:24 07/24/09] packet size: 207 CRYPTED, Flags: 7f ServerSeq: 71 ClientSeq: 7
82 32 f0 b9 47 03 02 00 03 08 d7 46 84 c7 83 7e 90 45 cd db 81 46 87 a4 ac 05 ff 01 64 01 00 00 
00 00 00 00 00 00 00 00 00 08 41 6e 64 65 72 73 6f 6e 06 54 68 6f 6d 61 73 ff 00 00 23 1a e9 90 
80 b0 04 02 02 8e 00 00 00 01 00 00 00 00 00 00 00 00 00 00 00 00 00 00 ff 28 0a 32 00 f0 20 46 
14 00 59 c6 ac 05 00 00 00 60 e2 88 f0 c0 00 00 00 00 00 c0 57 40 00 00 00 c0 4d 3b d0 40 00 ff 
00 00 00 00 00 f7 00 00 00 e6 00 00 00 00 00 28 0a ff 00 31 5e 00 00 00 00 00 00 00 21 0a 00 28 
01 00 00 00 00 ff 00 00 00 00 00 00 00 00 00 00 00 00 80 3f 11 00 00 00 4b b1 00 00 71 02 00 00 
3f 00 00 00 01 22 00 00 00 00 00 00 00 00 00 
.2..G......F...~.E...F......d.............Anderson.Thomas...#............................(.2.. F
..Y......`..........W@....M;.@.................(...1^.......!..(...................?....K...q...
?....".........

Client->GAME [15:54:24 07/24/09] packet size: 1 CRYPTED, Flags: 7f ServerSeq: 7 ClientSeq: 89
02 
.

GAME->Client [15:54:24 07/24/09] packet size: 203 CRYPTED, Flags: 7f ServerSeq: 72 ClientSeq: 8
02 03 02 00 03 08 d8 46 84 c7 b3 b1 9c 45 c8 db 81 46 04 a5 ac 05 ff 01 64 01 00 00 00 00 00 00 
00 00 00 00 00 08 41 6e 64 65 72 73 6f 6e 06 54 68 6f 6d 61 73 ff 00 00 23 1a e9 90 80 b0 04 02 
02 8e 00 00 00 01 00 00 00 00 00 00 00 00 00 00 00 00 00 00 ff 28 0a 32 00 f0 20 46 14 00 59 c6 
ac 05 00 00 00 60 e2 88 f0 c0 00 00 00 00 00 c0 57 40 00 00 00 c0 4d 3b d0 40 00 ff 00 00 00 00 
00 f7 00 00 00 e6 00 00 00 00 00 28 0a ff 00 31 5e 00 00 00 00 00 00 00 21 0a 00 28 01 00 00 00 
00 ff 00 00 00 00 00 00 00 00 00 00 00 00 80 3f 11 00 00 00 4b b1 00 00 71 02 00 00 3f 00 00 00 
01 22 00 00 00 00 00 00 00 00 00 
.......F.....E...F......d.............Anderson.Thomas...#............................(.2.. F..Y.
.....`..........W@....M;.@.................(...1^.......!..(...................?....K...q...?...
.".........

Client->GAME [15:54:24 07/24/09] packet size: 1 CRYPTED, Flags: 7f ServerSeq: 8 ClientSeq: 90
02 
.

GAME->Client [15:54:24 07/24/09] packet size: 203 CRYPTED, Flags: 7f ServerSeq: 73 ClientSeq: 9
02 03 02 00 03 08 d9 46 84 c7 5d be a7 45 c3 db 81 46 81 a5 ac 05 ff 01 64 01 00 00 00 00 00 00 
00 00 00 00 00 08 41 6e 64 65 72 73 6f 6e 06 54 68 6f 6d 61 73 ff 00 00 23 1a e9 90 80 b0 04 02 
02 8e 00 00 00 01 00 00 00 00 00 00 00 00 00 00 00 00 00 00 ff 28 0a 32 00 f0 20 46 14 00 59 c6 
ac 05 00 00 00 60 e2 88 f0 c0 00 00 00 00 00 c0 57 40 00 00 00 c0 4d 3b d0 40 00 ff 00 00 00 00 
00 f7 00 00 00 e6 00 00 00 00 00 28 0a ff 00 31 5e 00 00 00 00 00 00 00 21 0a 00 28 01 00 00 00 
00 ff 00 00 00 00 00 00 00 00 00 00 00 00 80 3f 11 00 00 00 4b b1 00 00 71 02 00 00 3f 00 00 00 
01 22 00 00 00 00 00 00 00 00 00 
.......F..]..E...F......d.............Anderson.Thomas...#............................(.2.. F..Y.
.....`..........W@....M;.@.................(...1^.......!..(...................?....K...q...?...
.".........

Client->GAME [15:54:24 07/24/09] packet size: 1 CRYPTED, Flags: 7f ServerSeq: 9 ClientSeq: 91
02 
.

GAME->Client [15:54:24 07/24/09] packet size: 203 CRYPTED, Flags: 7f ServerSeq: 74 ClientSeq: 10
02 03 02 00 03 08 da 46 84 c7 a7 1d b3 45 be db 81 46 fe a5 ac 05 ff 01 64 01 00 00 00 00 00 00 
00 00 00 00 00 08 41 6e 64 65 72 73 6f 6e 06 54 68 6f 6d 61 73 ff 00 00 23 1a e9 90 80 b0 04 02 
02 8e 00 00 00 01 00 00 00 00 00 00 00 00 00 00 00 00 00 00 ff 28 0a 32 00 f0 20 46 14 00 59 c6 
ac 05 00 00 00 60 e2 88 f0 c0 00 00 00 00 00 c0 57 40 00 00 00 c0 4d 3b d0 40 00 ff 00 00 00 00 
00 f7 00 00 00 e6 00 00 00 00 00 28 0a ff 00 31 5e 00 00 00 00 00 00 00 21 0a 00 28 01 00 00 00 
00 ff 00 00 00 00 00 00 00 00 00 00 00 00 80 3f 11 00 00 00 4b b1 00 00 71 02 00 00 3f 00 00 00 
01 22 00 00 00 00 00 00 00 00 00 
.......F.....E...F......d.............Anderson.Thomas...#............................(.2.. F..Y.
.....`..........W@....M;.@.................(...1^.......!..(...................?....K...q...?...
.".........

Client->GAME [15:54:24 07/24/09] packet size: 1 CRYPTED, Flags: 7f ServerSeq: 10 ClientSeq: 92
02 
.

GAME->Client [15:54:24 07/24/09] packet size: 203 CRYPTED, Flags: 7f ServerSeq: 75 ClientSeq: 11
02 03 02 00 03 08 db 46 84 c7 93 0f be 45 b9 db 81 46 7b a6 ac 05 ff 01 64 01 00 00 00 00 00 00 
00 00 00 00 00 08 41 6e 64 65 72 73 6f 6e 06 54 68 6f 6d 61 73 ff 00 00 23 1a e9 90 80 b0 04 02 
02 8e 00 00 00 01 00 00 00 00 00 00 00 00 00 00 00 00 00 00 ff 28 0a 32 00 f0 20 46 14 00 59 c6 
ac 05 00 00 00 60 e2 88 f0 c0 00 00 00 00 00 c0 57 40 00 00 00 c0 4d 3b d0 40 00 ff 00 00 00 00 
00 f7 00 00 00 e6 00 00 00 00 00 28 0a ff 00 31 5e 00 00 00 00 00 00 00 21 0a 00 28 01 00 00 00 
00 ff 00 00 00 00 00 00 00 00 00 00 00 00 80 3f 11 00 00 00 4b b1 00 00 71 02 00 00 3f 00 00 00 
01 22 00 00 00 00 00 00 00 00 00 
.......F.....E...F{.....d.............Anderson.Thomas...#............................(.2.. F..Y.
.....`..........W@....M;.@.................(...1^.......!..(...................?....K...q...?...
.".........

Client->GAME [15:54:24 07/24/09] packet size: 1 CRYPTED, Flags: 7f ServerSeq: 11 ClientSeq: 93
02 
.

GAME->Client [15:54:24 07/24/09] packet size: 203 CRYPTED, Flags: 7f ServerSeq: 76 ClientSeq: 12
02 03 02 00 03 08 dc 46 84 c7 0c ef c7 45 b4 db 81 46 f8 a6 ac 05 ff 01 64 01 00 00 00 00 00 00 
00 00 00 00 00 08 41 6e 64 65 72 73 6f 6e 06 54 68 6f 6d 61 73 ff 00 00 23 1a e9 90 80 b0 04 02 
02 8e 00 00 00 01 00 00 00 00 00 00 00 00 00 00 00 00 00 00 ff 28 0a 32 00 f0 20 46 14 00 59 c6 
ac 05 00 00 00 60 e2 88 f0 c0 00 00 00 00 00 c0 57 40 00 00 00 c0 4d 3b d0 40 00 ff 00 00 00 00 
00 f7 00 00 00 e6 00 00 00 00 00 28 0a ff 00 31 5e 00 00 00 00 00 00 00 21 0a 00 28 01 00 00 00 
00 ff 00 00 00 00 00 00 00 00 00 00 00 00 80 3f 11 00 00 00 4b b1 00 00 71 02 00 00 3f 00 00 00 
01 22 00 00 00 00 00 00 00 00 00 
.......F.....E...F......d.............Anderson.Thomas...#............................(.2.. F..Y.
.....`..........W@....M;.@.................(...1^.......!..(...................?....K...q...?...
.".........

Client->GAME [15:54:24 07/24/09] packet size: 1 CRYPTED, Flags: 7f ServerSeq: 12 ClientSeq: 94
02 
.

GAME->Client [15:54:24 07/24/09] packet size: 30 CRYPTED, Flags: 7f ServerSeq: 77 ClientSeq: 13
02 03 02 00 03 08 dd 46 84 c7 12 0d d2 45 af db 81 46 75 a7 ac 05 80 80 80 10 ea 00 00 00 
.......F.....E...Fu...........

Client->GAME [15:54:24 07/24/09] packet size: 1 CRYPTED, Flags: 7f ServerSeq: 13 ClientSeq: 95
02 
.

GAME->Client [15:54:24 07/24/09] packet size: 203 CRYPTED, Flags: 7f ServerSeq: 78 ClientSeq: 14
02 03 02 00 03 08 de 46 84 c7 e3 25 db 45 aa db 81 46 f3 a7 ac 05 ff 01 64 01 00 00 00 00 00 00 
00 00 00 00 00 08 41 6e 64 65 72 73 6f 6e 06 54 68 6f 6d 61 73 ff 00 00 23 1a e9 90 80 b0 04 02 
02 8e 00 00 00 01 00 00 00 00 00 00 00 00 00 00 00 00 00 00 ff 28 0a 32 00 f0 20 46 14 00 59 c6 
ac 05 00 00 00 60 e2 88 f0 c0 00 00 00 00 00 c0 57 40 00 00 00 c0 4d 3b d0 40 00 ff 00 00 00 00 
00 f7 00 00 00 ea 00 00 00 00 00 28 0a ff 00 31 5e 00 00 00 00 00 00 00 21 0a 00 28 01 00 00 00 
00 ff 00 00 00 00 00 00 00 00 00 00 00 00 80 3f 11 00 00 00 4b b1 00 00 71 02 00 00 3f 00 00 00 
01 22 00 00 00 00 00 00 00 00 00 
.......F...%.E...F......d.............Anderson.Thomas...#............................(.2.. F..Y.
.....`..........W@....M;.@.................(...1^.......!..(...................?....K...q...?...
.".........

Client->GAME [15:54:24 07/24/09] packet size: 1 CRYPTED, Flags: 7f ServerSeq: 14 ClientSeq: 96
02 
.

GAME->Client [15:54:24 07/24/09] packet size: 203 CRYPTED, Flags: 7f ServerSeq: 79 ClientSeq: 15
02 03 02 00 03 08 df 46 84 c7 02 70 e4 45 a5 db 81 46 6f a8 ac 05 ff 01 64 01 00 00 00 00 00 00 
00 00 00 00 00 08 41 6e 64 65 72 73 6f 6e 06 54 68 6f 6d 61 73 ff 00 00 23 1a e9 90 80 b0 04 02 
02 8e 00 00 00 01 00 00 00 00 00 00 00 00 00 00 00 00 00 00 ff 28 0a 32 00 f0 20 46 14 00 59 c6 
ac 05 00 00 00 60 e2 88 f0 c0 00 00 00 00 00 c0 57 40 00 00 00 c0 4d 3b d0 40 00 ff 00 00 00 00 
00 f7 00 00 00 ea 00 00 00 00 00 28 0a ff 00 31 5e 00 00 00 00 00 00 00 21 0a 00 28 01 00 00 00 
00 ff 00 00 00 00 00 00 00 00 00 00 00 00 80 3f 11 00 00 00 4b b1 00 00 71 02 00 00 3f 00 00 00 
01 22 00 00 00 00 00 00 00 00 00 
.......F...p.E...Fo.....d.............Anderson.Thomas...#............................(.2.. F..Y.
.....`..........W@....M;.@.................(...1^.......!..(...................?....K...q...?...
.".........

Client->GAME [15:54:25 07/24/09] packet size: 1 CRYPTED, Flags: 7f ServerSeq: 15 ClientSeq: 97
02 
.

GAME->Client [15:54:25 07/24/09] packet size: 207 CRYPTED, Flags: 7f ServerSeq: 80 ClientSeq: 0
82 c2 f0 b9 47 03 02 00 03 08 e0 46 84 c7 c4 4c ed 45 9f db 81 46 ec a8 ac 05 ff 01 64 01 00 00 
00 00 00 00 00 00 00 00 00 08 41 6e 64 65 72 73 6f 6e 06 54 68 6f 6d 61 73 ff 00 00 23 1a e9 90 
80 b0 04 02 02 8e 00 00 00 01 00 00 00 00 00 00 00 00 00 00 00 00 00 00 ff 28 0a 32 00 f0 20 46 
14 00 59 c6 ac 05 00 00 00 60 e2 88 f0 c0 00 00 00 00 00 c0 57 40 00 00 00 c0 4d 3b d0 40 00 ff 
00 00 00 00 00 f7 00 00 00 ea 00 00 00 00 00 28 0a ff 00 31 5e 00 00 00 00 00 00 00 21 0a 00 28 
01 00 00 00 00 ff 00 00 00 00 00 00 00 00 00 00 00 00 80 3f 11 00 00 00 4b b1 00 00 71 02 00 00 
3f 00 00 00 01 22 00 00 00 00 00 00 00 00 00 
....G......F...L.E...F......d.............Anderson.Thomas...#............................(.2.. F
..Y......`..........W@....M;.@.................(...1^.......!..(...................?....K...q...
?....".........

Client->GAME [15:54:25 07/24/09] packet size: 1 CRYPTED, Flags: 7f ServerSeq: 0 ClientSeq: 98
02 
.

GAME->Client [15:54:25 07/24/09] packet size: 203 CRYPTED, Flags: 7f ServerSeq: 81 ClientSeq: 1
02 03 02 00 03 08 e1 46 84 c7 66 38 f5 45 9b db 81 46 6a a9 ac 05 ff 01 64 01 00 00 00 00 00 00 
00 00 00 00 00 08 41 6e 64 65 72 73 6f 6e 06 54 68 6f 6d 61 73 ff 00 00 23 1a e9 90 80 b0 04 02 
02 8e 00 00 00 01 00 00 00 00 00 00 00 00 00 00 00 00 00 00 ff 28 0a 32 00 f0 20 46 14 00 59 c6 
ac 05 00 00 00 60 e2 88 f0 c0 00 00 00 00 00 c0 57 40 00 00 00 c0 4d 3b d0 40 00 ff 00 00 00 00 
00 f7 00 00 00 ea 00 00 00 00 00 28 0a ff 00 31 5e 00 00 00 00 00 00 00 21 0a 00 28 01 00 00 00 
00 ff 00 00 00 00 00 00 00 00 00 00 00 00 80 3f 11 00 00 00 4b b1 00 00 71 02 00 00 3f 00 00 00 
01 22 00 00 00 00 00 00 00 00 00 
.......F..f8.E...Fj.....d.............Anderson.Thomas...#............................(.2.. F..Y.
.....`..........W@....M;.@.................(...1^.......!..(...................?....K...q...?...
.".........

Client->GAME [15:54:25 07/24/09] packet size: 1 CRYPTED, Flags: 7f ServerSeq: 1 ClientSeq: 99
02 
.

GAME->Client [15:54:25 07/24/09] packet size: 203 CRYPTED, Flags: 7f ServerSeq: 82 ClientSeq: 2
02 03 02 00 03 08 e2 46 84 c7 41 41 fd 45 95 db 81 46 e6 a9 ac 05 ff 01 64 01 00 00 00 00 00 00 
00 00 00 00 00 08 41 6e 64 65 72 73 6f 6e 06 54 68 6f 6d 61 73 ff 00 00 23 1a e9 90 80 b0 04 02 
02 8e 00 00 00 01 00 00 00 00 00 00 00 00 00 00 00 00 00 00 ff 28 0a 32 00 f0 20 46 14 00 59 c6 
ac 05 00 00 00 60 e2 88 f0 c0 00 00 00 00 00 c0 57 40 00 00 00 c0 4d 3b d0 40 00 ff 00 00 00 00 
00 f7 00 00 00 ea 00 00 00 00 00 28 0a ff 00 31 5e 00 00 00 00 00 00 00 21 0a 00 28 01 00 00 00 
00 ff 00 00 00 00 00 00 00 00 00 00 00 00 80 3f 11 00 00 00 4b b1 00 00 71 02 00 00 3f 00 00 00 
01 22 00 00 00 00 00 00 00 00 00 
.......F..AA.E...F......d.............Anderson.Thomas...#............................(.2.. F..Y.
.....`..........W@....M;.@.................(...1^.......!..(...................?....K...q...?...
.".........

Client->GAME [15:54:25 07/24/09] packet size: 1 CRYPTED, Flags: 7f ServerSeq: 2 ClientSeq: 100
02 
.

GAME->Client [15:54:25 07/24/09] packet size: 203 CRYPTED, Flags: 7f ServerSeq: 83 ClientSeq: 3
02 03 02 00 03 08 e3 46 84 c7 1d 33 02 46 90 db 81 46 63 aa ac 05 ff 01 64 01 00 00 00 00 00 00 
00 00 00 00 00 08 41 6e 64 65 72 73 6f 6e 06 54 68 6f 6d 61 73 ff 00 00 23 1a e9 90 80 b0 04 02 
02 8e 00 00 00 01 00 00 00 00 00 00 00 00 00 00 00 00 00 00 ff 28 0a 32 00 f0 20 46 14 00 59 c6 
ac 05 00 00 00 60 e2 88 f0 c0 00 00 00 00 00 c0 57 40 00 00 00 c0 4d 3b d0 40 00 ff 00 00 00 00 
00 f7 00 00 00 ea 00 00 00 00 00 28 0a ff 00 31 5e 00 00 00 00 00 00 00 21 0a 00 28 01 00 00 00 
00 ff 00 00 00 00 00 00 00 00 00 00 00 00 80 3f 11 00 00 00 4b b1 00 00 71 02 00 00 3f 00 00 00 
01 22 00 00 00 00 00 00 00 00 00 
.......F...3.F...Fc.....d.............Anderson.Thomas...#............................(.2.. F..Y.
.....`..........W@....M;.@.................(...1^.......!..(...................?....K...q...?...
.".........

Client->GAME [15:54:25 07/24/09] packet size: 1 CRYPTED, Flags: 7f ServerSeq: 3 ClientSeq: 101
02 
.

GAME->Client [15:54:25 07/24/09] packet size: 203 CRYPTED, Flags: 7f ServerSeq: 84 ClientSeq: 3
02 03 02 00 03 08 e4 46 84 c7 98 cd 05 46 8b db 81 46 e0 aa ac 05 ff 01 64 01 00 00 00 00 00 00 
00 00 00 00 00 08 41 6e 64 65 72 73 6f 6e 06 54 68 6f 6d 61 73 ff 00 00 23 1a e9 90 80 b0 04 02 
02 8e 00 00 00 01 00 00 00 00 00 00 00 00 00 00 00 00 00 00 ff 28 0a 32 00 f0 20 46 14 00 59 c6 
ac 05 00 00 00 60 e2 88 f0 c0 00 00 00 00 00 c0 57 40 00 00 00 c0 4d 3b d0 40 00 ff 00 00 00 00 
00 f7 00 00 00 ea 00 00 00 00 00 28 0a ff 00 31 5e 00 00 00 00 00 00 00 21 0a 00 28 01 00 00 00 
00 ff 00 00 00 00 00 00 00 00 00 00 00 00 80 3f 11 00 00 00 4b b1 00 00 71 02 00 00 3f 00 00 00 
01 22 00 00 00 00 00 00 00 00 00 
.......F.....F...F......d.............Anderson.Thomas...#............................(.2.. F..Y.
.....`..........W@....M;.@.................(...1^.......!..(...................?....K...q...?...
.".........

Client->GAME [15:54:25 07/24/09] packet size: 1 CRYPTED, Flags: 7f ServerSeq: 4 ClientSeq: 102
02 
.

GAME->Client [15:54:25 07/24/09] packet size: 30 CRYPTED, Flags: 7f ServerSeq: 85 ClientSeq: 5
02 03 02 00 03 08 e5 46 84 c7 63 31 09 46 86 db 81 46 5d ab ac 05 80 80 80 10 ee 00 00 00 
.......F..c1.F...F]...........

Client->GAME [15:54:25 07/24/09] packet size: 1 CRYPTED, Flags: 7f ServerSeq: 5 ClientSeq: 103
02 
.

GAME->Client [15:54:25 07/24/09] packet size: 203 CRYPTED, Flags: 7f ServerSeq: 86 ClientSeq: 6
02 03 02 00 03 08 e6 46 84 c7 48 2d 0c 46 81 db 81 46 da ab ac 05 ff 01 64 01 00 00 00 00 00 00 
00 00 00 00 00 08 41 6e 64 65 72 73 6f 6e 06 54 68 6f 6d 61 73 ff 00 00 23 1a e9 90 80 b0 04 02 
02 8e 00 00 00 01 00 00 00 00 00 00 00 00 00 00 00 00 00 00 ff 28 0a 32 00 f0 20 46 14 00 59 c6 
ac 05 00 00 00 60 e2 88 f0 c0 00 00 00 00 00 c0 57 40 00 00 00 c0 4d 3b d0 40 00 ff 00 00 00 00 
00 f7 00 00 00 ee 00 00 00 00 00 28 0a ff 00 31 5e 00 00 00 00 00 00 00 21 0a 00 28 01 00 00 00 
00 ff 00 00 00 00 00 00 00 00 00 00 00 00 80 3f 11 00 00 00 4b b1 00 00 71 02 00 00 3f 00 00 00 
01 22 00 00 00 00 00 00 00 00 00 
.......F..H-.F...F......d.............Anderson.Thomas...#............................(.2.. F..Y.
.....`..........W@....M;.@.................(...1^.......!..(...................?....K...q...?...
.".........

Client->GAME [15:54:25 07/24/09] packet size: 1 CRYPTED, Flags: 7f ServerSeq: 6 ClientSeq: 104
02 
.

GAME->Client [15:54:25 07/24/09] packet size: 203 CRYPTED, Flags: 7f ServerSeq: 87 ClientSeq: 7
02 03 02 00 03 08 e7 46 84 c7 21 27 0f 46 7c db 81 46 57 ac ac 05 ff 01 64 01 00 00 00 00 00 00 
00 00 00 00 00 08 41 6e 64 65 72 73 6f 6e 06 54 68 6f 6d 61 73 ff 00 00 23 1a e9 90 80 b0 04 02 
02 8e 00 00 00 01 00 00 00 00 00 00 00 00 00 00 00 00 00 00 ff 28 0a 32 00 f0 20 46 14 00 59 c6 
ac 05 00 00 00 60 e2 88 f0 c0 00 00 00 00 00 c0 57 40 00 00 00 c0 4d 3b d0 40 00 ff 00 00 00 00 
00 f7 00 00 00 ee 00 00 00 00 00 28 0a ff 00 31 5e 00 00 00 00 00 00 00 21 0a 00 28 01 00 00 00 
00 ff 00 00 00 00 00 00 00 00 00 00 00 00 80 3f 11 00 00 00 4b b1 00 00 71 02 00 00 3f 00 00 00 
01 22 00 00 00 00 00 00 00 00 00 
.......F..!'.F|..FW.....d.............Anderson.Thomas...#............................(.2.. F..Y.
.....`..........W@....M;.@.................(...1^.......!..(...................?....K...q...?...
.".........

Client->GAME [15:54:26 07/24/09] packet size: 1 CRYPTED, Flags: 7f ServerSeq: 7 ClientSeq: 105
02 
.

GAME->Client [15:54:26 07/24/09] packet size: 203 CRYPTED, Flags: 7f ServerSeq: 88 ClientSeq: 8
02 03 02 00 03 08 e8 46 84 c7 4a ea 11 46 77 db 81 46 d4 ac ac 05 ff 01 64 01 00 00 00 00 00 00 
00 00 00 00 00 08 41 6e 64 65 72 73 6f 6e 06 54 68 6f 6d 61 73 ff 00 00 23 1a e9 90 80 b0 04 02 
02 8e 00 00 00 01 00 00 00 00 00 00 00 00 00 00 00 00 00 00 ff 28 0a 32 00 f0 20 46 14 00 59 c6 
ac 05 00 00 00 60 e2 88 f0 c0 00 00 00 00 00 c0 57 40 00 00 00 c0 4d 3b d0 40 00 ff 00 00 00 00 
00 f7 00 00 00 ee 00 00 00 00 00 28 0a ff 00 31 5e 00 00 00 00 00 00 00 21 0a 00 28 01 00 00 00 
00 ff 00 00 00 00 00 00 00 00 00 00 00 00 80 3f 11 00 00 00 4b b1 00 00 71 02 00 00 3f 00 00 00 
01 22 00 00 00 00 00 00 00 00 00 
.......F..J..Fw..F......d.............Anderson.Thomas...#............................(.2.. F..Y.
.....`..........W@....M;.@.................(...1^.......!..(...................?....K...q...?...
.".........

Client->GAME [15:54:26 07/24/09] packet size: 1 CRYPTED, Flags: 7f ServerSeq: 8 ClientSeq: 106
02 
.

GAME->Client [15:54:26 07/24/09] packet size: 207 CRYPTED, Flags: 7f ServerSeq: 89 ClientSeq: 9
82 52 f1 b9 47 03 02 00 03 08 e9 46 84 c7 97 4f 14 46 72 db 81 46 51 ad ac 05 ff 01 64 01 00 00 
00 00 00 00 00 00 00 00 00 08 41 6e 64 65 72 73 6f 6e 06 54 68 6f 6d 61 73 ff 00 00 23 1a e9 90 
80 b0 04 02 02 8e 00 00 00 01 00 00 00 00 00 00 00 00 00 00 00 00 00 00 ff 28 0a 32 00 f0 20 46 
14 00 59 c6 ac 05 00 00 00 60 e2 88 f0 c0 00 00 00 00 00 c0 57 40 00 00 00 c0 4d 3b d0 40 00 ff 
00 00 00 00 00 f7 00 00 00 ee 00 00 00 00 00 28 0a ff 00 31 5e 00 00 00 00 00 00 00 21 0a 00 28 
01 00 00 00 00 ff 00 00 00 00 00 00 00 00 00 00 00 00 80 3f 11 00 00 00 4b b1 00 00 71 02 00 00 
3f 00 00 00 01 22 00 00 00 00 00 00 00 00 00 
.R..G......F...O.Fr..FQ.....d.............Anderson.Thomas...#............................(.2.. F
..Y......`..........W@....M;.@.................(...1^.......!..(...................?....K...q...
?....".........

Client->GAME [15:54:26 07/24/09] packet size: 1 CRYPTED, Flags: 7f ServerSeq: 9 ClientSeq: 107
02 
.

GAME->Client [15:54:26 07/24/09] packet size: 203 CRYPTED, Flags: 7f ServerSeq: 90 ClientSeq: 10
02 03 02 00 03 08 ea 46 84 c7 cd a8 16 46 6d db 81 46 ce ad ac 05 ff 01 64 01 00 00 00 00 00 00 
00 00 00 00 00 08 41 6e 64 65 72 73 6f 6e 06 54 68 6f 6d 61 73 ff 00 00 23 1a e9 90 80 b0 04 02 
02 8e 00 00 00 01 00 00 00 00 00 00 00 00 00 00 00 00 00 00 ff 28 0a 32 00 f0 20 46 14 00 59 c6 
ac 05 00 00 00 60 e2 88 f0 c0 00 00 00 00 00 c0 57 40 00 00 00 c0 4d 3b d0 40 00 ff 00 00 00 00 
00 f7 00 00 00 ee 00 00 00 00 00 28 0a ff 00 31 5e 00 00 00 00 00 00 00 21 0a 00 28 01 00 00 00 
00 ff 00 00 00 00 00 00 00 00 00 00 00 00 80 3f 11 00 00 00 4b b1 00 00 71 02 00 00 3f 00 00 00 
01 22 00 00 00 00 00 00 00 00 00 
.......F.....Fm..F......d.............Anderson.Thomas...#............................(.2.. F..Y.
.....`..........W@....M;.@.................(...1^.......!..(...................?....K...q...?...
.".........

Client->GAME [15:54:26 07/24/09] packet size: 1 CRYPTED, Flags: 7f ServerSeq: 10 ClientSeq: 108
02 
.

GAME->Client [15:54:26 07/24/09] packet size: 203 CRYPTED, Flags: 7f ServerSeq: 91 ClientSeq: 11
02 03 02 00 03 08 eb 46 84 c7 54 cb 18 46 68 db 81 46 4b ae ac 05 ff 01 64 01 00 00 00 00 00 00 
00 00 00 00 00 08 41 6e 64 65 72 73 6f 6e 06 54 68 6f 6d 61 73 ff 00 00 23 1a e9 90 80 b0 04 02 
02 8e 00 00 00 01 00 00 00 00 00 00 00 00 00 00 00 00 00 00 ff 28 0a 32 00 f0 20 46 14 00 59 c6 
ac 05 00 00 00 60 e2 88 f0 c0 00 00 00 00 00 c0 57 40 00 00 00 c0 4d 3b d0 40 00 ff 00 00 00 00 
00 f7 00 00 00 ee 00 00 00 00 00 28 0a ff 00 31 5e 00 00 00 00 00 00 00 21 0a 00 28 01 00 00 00 
00 ff 00 00 00 00 00 00 00 00 00 00 00 00 80 3f 11 00 00 00 4b b1 00 00 71 02 00 00 3f 00 00 00 
01 22 00 00 00 00 00 00 00 00 00 
.......F..T..Fh..FK.....d.............Anderson.Thomas...#............................(.2.. F..Y.
.....`..........W@....M;.@.................(...1^.......!..(...................?....K...q...?...
.".........

Client->GAME [15:54:26 07/24/09] packet size: 1 CRYPTED, Flags: 7f ServerSeq: 11 ClientSeq: 109
02 
.

GAME->Client [15:54:26 07/24/09] packet size: 203 CRYPTED, Flags: 7f ServerSeq: 92 ClientSeq: 11
02 03 02 00 03 08 ec 46 84 c7 09 9a 1a 46 63 db 81 46 ca ae ac 05 ff 01 64 01 00 00 00 00 00 00 
00 00 00 00 00 08 41 6e 64 65 72 73 6f 6e 06 54 68 6f 6d 61 73 ff 00 00 23 1a e9 90 80 b0 04 02 
02 8e 00 00 00 01 00 00 00 00 00 00 00 00 00 00 00 00 00 00 ff 28 0a 32 00 f0 20 46 14 00 59 c6 
ac 05 00 00 00 60 e2 88 f0 c0 00 00 00 00 00 c0 57 40 00 00 00 c0 4d 3b d0 40 00 ff 00 00 00 00 
00 f7 00 00 00 ee 00 00 00 00 00 28 0a ff 00 31 5e 00 00 00 00 00 00 00 21 0a 00 28 01 00 00 00 
00 ff 00 00 00 00 00 00 00 00 00 00 00 00 80 3f 11 00 00 00 4b b1 00 00 71 02 00 00 3f 00 00 00 
01 22 00 00 00 00 00 00 00 00 00 
.......F.....Fc..F......d.............Anderson.Thomas...#............................(.2.. F..Y.
.....`..........W@....M;.@.................(...1^.......!..(...................?....K...q...?...
.".........

Client->GAME [15:54:26 07/24/09] packet size: 1 CRYPTED, Flags: 7f ServerSeq: 12 ClientSeq: 110
02 
.

GAME->Client [15:54:26 07/24/09] packet size: 203 CRYPTED, Flags: 7f ServerSeq: 93 ClientSeq: 13
02 03 02 00 03 08 ed 46 84 c7 9d 52 1c 46 5d db 81 46 45 af ac 05 ff 01 64 01 00 00 00 00 00 00 
00 00 00 00 00 08 41 6e 64 65 72 73 6f 6e 06 54 68 6f 6d 61 73 ff 00 00 23 1a e9 90 80 b0 04 02 
02 8e 00 00 00 01 00 00 00 00 00 00 00 00 00 00 00 00 00 00 ff 28 0a 32 00 f0 20 46 14 00 59 c6 
ac 05 00 00 00 60 e2 88 f0 c0 00 00 00 00 00 c0 57 40 00 00 00 c0 4d 3b d0 40 00 ff 00 00 00 00 
00 f7 00 00 00 ee 00 00 00 00 00 28 0a ff 00 31 5e 00 00 00 00 00 00 00 21 0a 00 28 01 00 00 00 
00 ff 00 00 00 00 00 00 00 00 00 00 00 00 80 3f 11 00 00 00 4b b1 00 00 71 02 00 00 3f 00 00 00 
01 22 00 00 00 00 00 00 00 00 00 
.......F...R.F]..FE.....d.............Anderson.Thomas...#............................(.2.. F..Y.
.....`..........W@....M;.@.................(...1^.......!..(...................?....K...q...?...
.".........

Client->GAME [15:54:26 07/24/09] packet size: 1 CRYPTED, Flags: 7f ServerSeq: 13 ClientSeq: 111
02 
.

GAME->Client [15:54:26 07/24/09] packet size: 30 CRYPTED, Flags: 7f ServerSeq: 94 ClientSeq: 14
02 03 02 00 03 08 ee 46 84 c7 fe bd 1d 46 59 db 81 46 c2 af ac 05 80 80 80 10 f2 00 00 00 
.......F.....FY..F............

Client->GAME [15:54:26 07/24/09] packet size: 1 CRYPTED, Flags: 7f ServerSeq: 14 ClientSeq: 112
02 
.

GAME->Client [15:54:26 07/24/09] packet size: 203 CRYPTED, Flags: 7f ServerSeq: 95 ClientSeq: 15
02 03 02 00 03 08 ef 46 84 c7 9f 0c 1f 46 53 db 81 46 3f b0 ac 05 ff 01 64 01 00 00 00 00 00 00 
00 00 00 00 00 08 41 6e 64 65 72 73 6f 6e 06 54 68 6f 6d 61 73 ff 00 00 23 1a e9 90 80 b0 04 02 
02 8e 00 00 00 01 00 00 00 00 00 00 00 00 00 00 00 00 00 00 ff 28 0a 32 00 f0 20 46 14 00 59 c6 
ac 05 00 00 00 60 e2 88 f0 c0 00 00 00 00 00 c0 57 40 00 00 00 c0 4d 3b d0 40 00 ff 00 00 00 00 
00 f7 00 00 00 f2 00 00 00 00 00 28 0a ff 00 31 5e 00 00 00 00 00 00 00 21 0a 00 28 01 00 00 00 
00 ff 00 00 00 00 00 00 00 00 00 00 00 00 80 3f 11 00 00 00 4b b1 00 00 71 02 00 00 3f 00 00 00 
01 22 00 00 00 00 00 00 00 00 00 
.......F.....FS..F?.....d.............Anderson.Thomas...#............................(.2.. F..Y.
.....`..........W@....M;.@.................(...1^.......!..(...................?....K...q...?...
.".........

Client->GAME [15:54:26 07/24/09] packet size: 1 CRYPTED, Flags: 7f ServerSeq: 15 ClientSeq: 113
02 
.

GAME->Client [15:54:27 07/24/09] packet size: 203 CRYPTED, Flags: 7f ServerSeq: 96 ClientSeq: 0
02 03 02 00 03 08 f0 46 84 c7 91 24 20 46 4e db 81 46 bc b0 ac 05 ff 01 64 01 00 00 00 00 00 00 
00 00 00 00 00 08 41 6e 64 65 72 73 6f 6e 06 54 68 6f 6d 61 73 ff 00 00 23 1a e9 90 80 b0 04 02 
02 8e 00 00 00 01 00 00 00 00 00 00 00 00 00 00 00 00 00 00 ff 28 0a 32 00 f0 20 46 14 00 59 c6 
ac 05 00 00 00 60 e2 88 f0 c0 00 00 00 00 00 c0 57 40 00 00 00 c0 4d 3b d0 40 00 ff 00 00 00 00 
00 f7 00 00 00 f2 00 00 00 00 00 28 0a ff 00 31 5e 00 00 00 00 00 00 00 21 0a 00 28 01 00 00 00 
00 ff 00 00 00 00 00 00 00 00 00 00 00 00 80 3f 11 00 00 00 4b b1 00 00 71 02 00 00 3f 00 00 00 
01 22 00 00 00 00 00 00 00 00 00 
.......F...$ FN..F......d.............Anderson.Thomas...#............................(.2.. F..Y.
.....`..........W@....M;.@.................(...1^.......!..(...................?....K...q...?...
.".........

Client->GAME [15:54:27 07/24/09] packet size: 1 CRYPTED, Flags: 7f ServerSeq: 0 ClientSeq: 114
02 
.

GAME->Client [15:54:27 07/24/09] packet size: 203 CRYPTED, Flags: 7f ServerSeq: 97 ClientSeq: 1
02 03 02 00 03 08 f1 46 84 c7 5a f9 20 46 49 db 81 46 39 b1 ac 05 ff 01 64 01 00 00 00 00 00 00 
00 00 00 00 00 08 41 6e 64 65 72 73 6f 6e 06 54 68 6f 6d 61 73 ff 00 00 23 1a e9 90 80 b0 04 02 
02 8e 00 00 00 01 00 00 00 00 00 00 00 00 00 00 00 00 00 00 ff 28 0a 32 00 f0 20 46 14 00 59 c6 
ac 05 00 00 00 60 e2 88 f0 c0 00 00 00 00 00 c0 57 40 00 00 00 c0 4d 3b d0 40 00 ff 00 00 00 00 
00 f7 00 00 00 f2 00 00 00 00 00 28 0a ff 00 31 5e 00 00 00 00 00 00 00 21 0a 00 28 01 00 00 00 
00 ff 00 00 00 00 00 00 00 00 00 00 00 00 80 3f 11 00 00 00 4b b1 00 00 71 02 00 00 3f 00 00 00 
01 22 00 00 00 00 00 00 00 00 00 
.......F..Z. FI..F9.....d.............Anderson.Thomas...#............................(.2.. F..Y.
.....`..........W@....M;.@.................(...1^.......!..(...................?....K...q...?...
.".........

Client->GAME [15:54:27 07/24/09] packet size: 1 CRYPTED, Flags: 7f ServerSeq: 1 ClientSeq: 115
02 
.

GAME->Client [15:54:27 07/24/09] packet size: 207 CRYPTED, Flags: 7f ServerSeq: 98 ClientSeq: 2
82 e2 f1 b9 47 03 02 00 03 08 f2 46 84 c7 59 a7 21 46 44 db 81 46 b6 b1 ac 05 ff 01 64 01 00 00 
00 00 00 00 00 00 00 00 00 08 41 6e 64 65 72 73 6f 6e 06 54 68 6f 6d 61 73 ff 00 00 23 1a e9 90 
80 b0 04 02 02 8e 00 00 00 01 00 00 00 00 00 00 00 00 00 00 00 00 00 00 ff 28 0a 32 00 f0 20 46 
14 00 59 c6 ac 05 00 00 00 60 e2 88 f0 c0 00 00 00 00 00 c0 57 40 00 00 00 c0 4d 3b d0 40 00 ff 
00 00 00 00 00 f7 00 00 00 f2 00 00 00 00 00 28 0a ff 00 31 5e 00 00 00 00 00 00 00 21 0a 00 28 
01 00 00 00 00 ff 00 00 00 00 00 00 00 00 00 00 00 00 80 3f 11 00 00 00 4b b1 00 00 71 02 00 00 
3f 00 00 00 01 22 00 00 00 00 00 00 00 00 00 
....G......F..Y.!FD..F......d.............Anderson.Thomas...#............................(.2.. F
..Y......`..........W@....M;.@.................(...1^.......!..(...................?....K...q...
?....".........

Client->GAME [15:54:27 07/24/09] packet size: 1 CRYPTED, Flags: 7f ServerSeq: 2 ClientSeq: 116
02 
.

GAME->Client [15:54:27 07/24/09] packet size: 203 CRYPTED, Flags: 7f ServerSeq: 99 ClientSeq: 3
02 03 02 00 03 08 f3 46 84 c7 ce 18 22 46 3f db 81 46 33 b2 ac 05 ff 01 64 01 00 00 00 00 00 00 
00 00 00 00 00 08 41 6e 64 65 72 73 6f 6e 06 54 68 6f 6d 61 73 ff 00 00 23 1a e9 90 80 b0 04 02 
02 8e 00 00 00 01 00 00 00 00 00 00 00 00 00 00 00 00 00 00 ff 28 0a 32 00 f0 20 46 14 00 59 c6 
ac 05 00 00 00 60 e2 88 f0 c0 00 00 00 00 00 c0 57 40 00 00 00 c0 4d 3b d0 40 00 ff 00 00 00 00 
00 f7 00 00 00 f2 00 00 00 00 00 28 0a ff 00 31 5e 00 00 00 00 00 00 00 21 0a 00 28 01 00 00 00 
00 ff 00 00 00 00 00 00 00 00 00 00 00 00 80 3f 11 00 00 00 4b b1 00 00 71 02 00 00 3f 00 00 00 
01 22 00 00 00 00 00 00 00 00 00 
.......F...."F?..F3.....d.............Anderson.Thomas...#............................(.2.. F..Y.
.....`..........W@....M;.@.................(...1^.......!..(...................?....K...q...?...
.".........

Client->GAME [15:54:27 07/24/09] packet size: 1 CRYPTED, Flags: 7f ServerSeq: 3 ClientSeq: 117
02 
.

GAME->Client [15:54:27 07/24/09] packet size: 203 CRYPTED, Flags: 7f ServerSeq: 100 ClientSeq: 4
02 03 02 00 03 08 f4 46 84 c7 da 5c 22 46 3a db 81 46 b0 b2 ac 05 ff 01 64 01 00 00 00 00 00 00 
00 00 00 00 00 08 41 6e 64 65 72 73 6f 6e 06 54 68 6f 6d 61 73 ff 00 00 23 1a e9 90 80 b0 04 02 
02 8e 00 00 00 01 00 00 00 00 00 00 00 00 00 00 00 00 00 00 ff 28 0a 32 00 f0 20 46 14 00 59 c6 
ac 05 00 00 00 60 e2 88 f0 c0 00 00 00 00 00 c0 57 40 00 00 00 c0 4d 3b d0 40 00 ff 00 00 00 00 
00 f7 00 00 00 f2 00 00 00 00 00 28 0a ff 00 31 5e 00 00 00 00 00 00 00 21 0a 00 28 01 00 00 00 
00 ff 00 00 00 00 00 00 00 00 00 00 00 00 80 3f 11 00 00 00 4b b1 00 00 71 02 00 00 3f 00 00 00 
01 22 00 00 00 00 00 00 00 00 00 
.......F...\"F:..F......d.............Anderson.Thomas...#............................(.2.. F..Y.
.....`..........W@....M;.@.................(...1^.......!..(...................?....K...q...?...
.".........

Client->GAME [15:54:27 07/24/09] packet size: 1 CRYPTED, Flags: 7f ServerSeq: 4 ClientSeq: 118
02 
.

GAME->Client [15:54:27 07/24/09] packet size: 203 CRYPTED, Flags: 7f ServerSeq: 101 ClientSeq: 5
02 03 02 00 03 08 f5 46 84 c7 37 6a 22 46 35 db 81 46 2d b3 ac 05 ff 01 64 01 00 00 00 00 00 00 
00 00 00 00 00 08 41 6e 64 65 72 73 6f 6e 06 54 68 6f 6d 61 73 ff 00 00 23 1a e9 90 80 b0 04 02 
02 8e 00 00 00 01 00 00 00 00 00 00 00 00 00 00 00 00 00 00 ff 28 0a 32 00 f0 20 46 14 00 59 c6 
ac 05 00 00 00 60 e2 88 f0 c0 00 00 00 00 00 c0 57 40 00 00 00 c0 4d 3b d0 40 00 ff 00 00 00 00 
00 f7 00 00 00 f2 00 00 00 00 00 28 0a ff 00 31 5e 00 00 00 00 00 00 00 21 0a 00 28 01 00 00 00 
00 ff 00 00 00 00 00 00 00 00 00 00 00 00 80 3f 11 00 00 00 4b b1 00 00 71 02 00 00 3f 00 00 00 
01 22 00 00 00 00 00 00 00 00 00 
.......F..7j"F5..F-.....d.............Anderson.Thomas...#............................(.2.. F..Y.
.....`..........W@....M;.@.................(...1^.......!..(...................?....K...q...?...
.".........

Client->GAME [15:54:27 07/24/09] packet size: 1 CRYPTED, Flags: 7f ServerSeq: 5 ClientSeq: 119
02 
.

GAME->Client [15:54:27 07/24/09] packet size: 30 CRYPTED, Flags: 7f ServerSeq: 102 ClientSeq: 6
02 03 02 00 03 08 f6 46 84 c7 14 45 22 46 30 db 81 46 aa b3 ac 05 80 80 80 10 f5 00 00 00 
.......F...E"F0..F............

Client->GAME [15:54:27 07/24/09] packet size: 1 CRYPTED, Flags: 7f ServerSeq: 6 ClientSeq: 120
02 
.

GAME->Client [15:54:27 07/24/09] packet size: 203 CRYPTED, Flags: 7f ServerSeq: 103 ClientSeq: 7
02 03 02 00 03 08 f7 46 84 c7 7d e8 21 46 2b db 81 46 27 b4 ac 05 ff 01 64 01 00 00 00 00 00 00 
00 00 00 00 00 08 41 6e 64 65 72 73 6f 6e 06 54 68 6f 6d 61 73 ff 00 00 23 1a e9 90 80 b0 04 02 
02 8e 00 00 00 01 00 00 00 00 00 00 00 00 00 00 00 00 00 00 ff 28 0a 32 00 f0 20 46 14 00 59 c6 
ac 05 00 00 00 60 e2 88 f0 c0 00 00 00 00 00 c0 57 40 00 00 00 c0 4d 3b d0 40 00 ff 00 00 00 00 
00 f7 00 00 00 f5 00 00 00 00 00 28 0a ff 00 31 5e 00 00 00 00 00 00 00 21 0a 00 28 01 00 00 00 
00 ff 00 00 00 00 00 00 00 00 00 00 00 00 80 3f 11 00 00 00 4b b1 00 00 71 02 00 00 3f 00 00 00 
01 22 00 00 00 00 00 00 00 00 00 
.......F..}.!F+..F'.....d.............Anderson.Thomas...#............................(.2.. F..Y.
.....`..........W@....M;.@.................(...1^.......!..(...................?....K...q...?...
.".........

Client->GAME [15:54:27 07/24/09] packet size: 1 CRYPTED, Flags: 7f ServerSeq: 7 ClientSeq: 121
02 
.

GAME->Client [15:54:28 07/24/09] packet size: 203 CRYPTED, Flags: 7f ServerSeq: 104 ClientSeq: 8
02 03 02 00 03 08 f8 46 84 c7 38 55 21 46 26 db 81 46 a4 b4 ac 05 ff 01 64 01 00 00 00 00 00 00 
00 00 00 00 00 08 41 6e 64 65 72 73 6f 6e 06 54 68 6f 6d 61 73 ff 00 00 23 1a e9 90 80 b0 04 02 
02 8e 00 00 00 01 00 00 00 00 00 00 00 00 00 00 00 00 00 00 ff 28 0a 32 00 f0 20 46 14 00 59 c6 
ac 05 00 00 00 60 e2 88 f0 c0 00 00 00 00 00 c0 57 40 00 00 00 c0 4d 3b d0 40 00 ff 00 00 00 00 
00 f7 00 00 00 f5 00 00 00 00 00 28 0a ff 00 31 5e 00 00 00 00 00 00 00 21 0a 00 28 01 00 00 00 
00 ff 00 00 00 00 00 00 00 00 00 00 00 00 80 3f 11 00 00 00 4b b1 00 00 71 02 00 00 3f 00 00 00 
01 22 00 00 00 00 00 00 00 00 00 
.......F..8U!F&..F......d.............Anderson.Thomas...#............................(.2.. F..Y.
.....`..........W@....M;.@.................(...1^.......!..(...................?....K...q...?...
.".........

Client->GAME [15:54:28 07/24/09] packet size: 1 CRYPTED, Flags: 7f ServerSeq: 8 ClientSeq: 122
02 
.

GAME->Client [15:54:28 07/24/09] packet size: 203 CRYPTED, Flags: 7f ServerSeq: 105 ClientSeq: 9
02 03 02 00 03 08 f9 46 84 c7 7d 99 20 46 21 db 81 46 21 b5 ac 05 ff 01 64 01 00 00 00 00 00 00 
00 00 00 00 00 08 41 6e 64 65 72 73 6f 6e 06 54 68 6f 6d 61 73 ff 00 00 23 1a e9 90 80 b0 04 02 
02 8e 00 00 00 01 00 00 00 00 00 00 00 00 00 00 00 00 00 00 ff 28 0a 32 00 f0 20 46 14 00 59 c6 
ac 05 00 00 00 60 e2 88 f0 c0 00 00 00 00 00 c0 57 40 00 00 00 c0 4d 3b d0 40 00 ff 00 00 00 00 
00 f7 00 00 00 f5 00 00 00 00 00 28 0a ff 00 31 5e 00 00 00 00 00 00 00 21 0a 00 28 01 00 00 00 
00 ff 00 00 00 00 00 00 00 00 00 00 00 00 80 3f 11 00 00 00 4b b1 00 00 71 02 00 00 3f 00 00 00 
01 22 00 00 00 00 00 00 00 00 00 
.......F..}. F!..F!.....d.............Anderson.Thomas...#............................(.2.. F..Y.
.....`..........W@....M;.@.................(...1^.......!..(...................?....K...q...?...
.".........

Client->GAME [15:54:28 07/24/09] packet size: 1 CRYPTED, Flags: 7f ServerSeq: 9 ClientSeq: 123
02 
.

GAME->Client [15:54:28 07/24/09] packet size: 203 CRYPTED, Flags: 7f ServerSeq: 106 ClientSeq: 10
02 03 02 00 03 08 fa 46 84 c7 44 9c 1f 46 1c db 81 46 9e b5 ac 05 ff 01 64 01 00 00 00 00 00 00 
00 00 00 00 00 08 41 6e 64 65 72 73 6f 6e 06 54 68 6f 6d 61 73 ff 00 00 23 1a e9 90 80 b0 04 02 
02 8e 00 00 00 01 00 00 00 00 00 00 00 00 00 00 00 00 00 00 ff 28 0a 32 00 f0 20 46 14 00 59 c6 
ac 05 00 00 00 60 e2 88 f0 c0 00 00 00 00 00 c0 57 40 00 00 00 c0 4d 3b d0 40 00 ff 00 00 00 00 
00 f7 00 00 00 f5 00 00 00 00 00 28 0a ff 00 31 5e 00 00 00 00 00 00 00 21 0a 00 28 01 00 00 00 
00 ff 00 00 00 00 00 00 00 00 00 00 00 00 80 3f 11 00 00 00 4b b1 00 00 71 02 00 00 3f 00 00 00 
01 22 00 00 00 00 00 00 00 00 00 
.......F..D..F...F......d.............Anderson.Thomas...#............................(.2.. F..Y.
.....`..........W@....M;.@.................(...1^.......!..(...................?....K...q...?...
.".........

Client->GAME [15:54:28 07/24/09] packet size: 1 CRYPTED, Flags: 7f ServerSeq: 10 ClientSeq: 124
02 
.

GAME->Client [15:54:28 07/24/09] packet size: 207 CRYPTED, Flags: 7f ServerSeq: 107 ClientSeq: 11
82 72 f2 b9 47 03 02 00 03 08 fb 46 84 c7 5d 68 1e 46 16 db 81 46 1b b6 ac 05 ff 01 64 01 00 00 
00 00 00 00 00 00 00 00 00 08 41 6e 64 65 72 73 6f 6e 06 54 68 6f 6d 61 73 ff 00 00 23 1a e9 90 
80 b0 04 02 02 8e 00 00 00 01 00 00 00 00 00 00 00 00 00 00 00 00 00 00 ff 28 0a 32 00 f0 20 46 
14 00 59 c6 ac 05 00 00 00 60 e2 88 f0 c0 00 00 00 00 00 c0 57 40 00 00 00 c0 4d 3b d0 40 00 ff 
00 00 00 00 00 f7 00 00 00 f5 00 00 00 00 00 28 0a ff 00 31 5e 00 00 00 00 00 00 00 21 0a 00 28 
01 00 00 00 00 ff 00 00 00 00 00 00 00 00 00 00 00 00 80 3f 11 00 00 00 4b b1 00 00 71 02 00 00 
3f 00 00 00 01 22 00 00 00 00 00 00 00 00 00 
.r..G......F..]h.F...F......d.............Anderson.Thomas...#............................(.2.. F
..Y......`..........W@....M;.@.................(...1^.......!..(...................?....K...q...
?....".........

Client->GAME [15:54:28 07/24/09] packet size: 1 CRYPTED, Flags: 7f ServerSeq: 11 ClientSeq: 125
02 
.

GAME->Client [15:54:28 07/24/09] packet size: 203 CRYPTED, Flags: 7f ServerSeq: 108 ClientSeq: 12
02 03 02 00 03 08 fc 46 84 c7 0a 16 1d 46 11 db 81 46 98 b6 ac 05 ff 01 64 01 00 00 00 00 00 00 
00 00 00 00 00 08 41 6e 64 65 72 73 6f 6e 06 54 68 6f 6d 61 73 ff 00 00 23 1a e9 90 80 b0 04 02 
02 8e 00 00 00 01 00 00 00 00 00 00 00 00 00 00 00 00 00 00 ff 28 0a 32 00 f0 20 46 14 00 59 c6 
ac 05 00 00 00 60 e2 88 f0 c0 00 00 00 00 00 c0 57 40 00 00 00 c0 4d 3b d0 40 00 ff 00 00 00 00 
00 f7 00 00 00 f5 00 00 00 00 00 28 0a ff 00 31 5e 00 00 00 00 00 00 00 21 0a 00 28 01 00 00 00 
00 ff 00 00 00 00 00 00 00 00 00 00 00 00 80 3f 11 00 00 00 4b b1 00 00 71 02 00 00 3f 00 00 00 
01 22 00 00 00 00 00 00 00 00 00 
.......F.....F...F......d.............Anderson.Thomas...#............................(.2.. F..Y.
.....`..........W@....M;.@.................(...1^.......!..(...................?....K...q...?...
.".........

Client->GAME [15:54:28 07/24/09] packet size: 1 CRYPTED, Flags: 7f ServerSeq: 12 ClientSeq: 126
02 
.

GAME->Client [15:54:28 07/24/09] packet size: 203 CRYPTED, Flags: 7f ServerSeq: 109 ClientSeq: 13
02 03 02 00 03 08 fd 46 84 c7 9c 40 1b 46 0c db 81 46 24 b7 ac 05 ff 01 64 01 00 00 00 00 00 00 
00 00 00 00 00 08 41 6e 64 65 72 73 6f 6e 06 54 68 6f 6d 61 73 ff 00 00 23 1a e9 90 80 b0 04 02 
02 8e 00 00 00 01 00 00 00 00 00 00 00 00 00 00 00 00 00 00 ff 28 0a 32 00 f0 20 46 14 00 59 c6 
ac 05 00 00 00 60 e2 88 f0 c0 00 00 00 00 00 c0 57 40 00 00 00 c0 4d 3b d0 40 00 ff 00 00 00 00 
00 f7 00 00 00 f5 00 00 00 00 00 28 0a ff 00 31 5e 00 00 00 00 00 00 00 21 0a 00 28 01 00 00 00 
00 ff 00 00 00 00 00 00 00 00 00 00 00 00 80 3f 11 00 00 00 4b b1 00 00 71 02 00 00 3f 00 00 00 
01 22 00 00 00 00 00 00 00 00 00 
.......F...@.F...F$.....d.............Anderson.Thomas...#............................(.2.. F..Y.
.....`..........W@....M;.@.................(...1^.......!..(...................?....K...q...?...
.".........

Client->GAME [15:54:28 07/24/09] packet size: 1 CRYPTED, Flags: 7f ServerSeq: 13 ClientSeq: 127
02 
.

GAME->Client [15:54:28 07/24/09] packet size: 30 CRYPTED, Flags: 7f ServerSeq: 110 ClientSeq: 14
02 03 02 00 03 08 fe 46 84 c7 8c 84 19 46 07 db 81 46 a2 b7 ac 05 80 80 80 10 f7 00 00 00 
.......F.....F...F............

Client->GAME [15:54:28 07/24/09] packet size: 1 CRYPTED, Flags: 7f ServerSeq: 14 ClientSeq: 128
02 
.

GAME->Client [15:54:28 07/24/09] packet size: 203 CRYPTED, Flags: 7f ServerSeq: 111 ClientSeq: 15
02 03 02 00 03 08 ff 46 84 c7 e9 75 17 46 02 db 81 46 1f b8 ac 05 ff 01 64 01 00 00 00 00 00 00 
00 00 00 00 00 08 41 6e 64 65 72 73 6f 6e 06 54 68 6f 6d 61 73 ff 00 00 23 1a e9 90 80 b0 04 02 
02 8e 00 00 00 01 00 00 00 00 00 00 00 00 00 00 00 00 00 00 ff 28 0a 32 00 f0 20 46 14 00 59 c6 
ac 05 00 00 00 60 e2 88 f0 c0 00 00 00 00 00 c0 57 40 00 00 00 c0 4d 3b d0 40 00 ff 00 00 00 00 
00 f7 00 00 00 f7 00 00 00 00 00 28 0a ff 00 31 5e 00 00 00 00 00 00 00 21 0a 00 28 01 00 00 00 
00 ff 00 00 00 00 00 00 00 00 00 00 00 00 80 3f 11 00 00 00 4b b1 00 00 71 02 00 00 3f 00 00 00 
01 22 00 00 00 00 00 00 00 00 00 
.......F...u.F...F......d.............Anderson.Thomas...#............................(.2.. F..Y.
.....`..........W@....M;.@.................(...1^.......!..(...................?....K...q...?...
.".........

Client->GAME [15:54:28 07/24/09] packet size: 1 CRYPTED, Flags: 7f ServerSeq: 15 ClientSeq: 129
02 
.

GAME->Client [15:54:29 07/24/09] packet size: 203 CRYPTED, Flags: 7f ServerSeq: 112 ClientSeq: 0
02 03 02 00 03 08 00 47 84 c7 96 30 15 46 fc da 81 46 9c b8 ac 05 ff 01 64 01 00 00 00 00 00 00 
00 00 00 00 00 08 41 6e 64 65 72 73 6f 6e 06 54 68 6f 6d 61 73 ff 00 00 23 1a e9 90 80 b0 04 02 
02 8e 00 00 00 01 00 00 00 00 00 00 00 00 00 00 00 00 00 00 ff 28 0a 32 00 f0 20 46 14 00 59 c6 
ac 05 00 00 00 60 e2 88 f0 c0 00 00 00 00 00 c0 57 40 00 00 00 c0 4d 3b d0 40 00 ff 00 00 00 00 
00 f7 00 00 00 f7 00 00 00 00 00 28 0a ff 00 31 5e 00 00 00 00 00 00 00 21 0a 00 28 01 00 00 00 
00 ff 00 00 00 00 00 00 00 00 00 00 00 00 80 3f 11 00 00 00 4b b1 00 00 71 02 00 00 3f 00 00 00 
01 22 00 00 00 00 00 00 00 00 00 
.......G...0.F...F......d.............Anderson.Thomas...#............................(.2.. F..Y.
.....`..........W@....M;.@.................(...1^.......!..(...................?....K...q...?...
.".........

Client->GAME [15:54:29 07/24/09] packet size: 1 CRYPTED, Flags: 7f ServerSeq: 0 ClientSeq: 130
02 
.

GAME->Client [15:54:29 07/24/09] packet size: 203 CRYPTED, Flags: 7f ServerSeq: 113 ClientSeq: 1
02 03 02 00 03 08 01 47 84 c7 ef dd 12 46 f7 da 81 46 19 b9 ac 05 ff 01 64 01 00 00 00 00 00 00 
00 00 00 00 00 08 41 6e 64 65 72 73 6f 6e 06 54 68 6f 6d 61 73 ff 00 00 23 1a e9 90 80 b0 04 02 
02 8e 00 00 00 01 00 00 00 00 00 00 00 00 00 00 00 00 00 00 ff 28 0a 32 00 f0 20 46 14 00 59 c6 
ac 05 00 00 00 60 e2 88 f0 c0 00 00 00 00 00 c0 57 40 00 00 00 c0 4d 3b d0 40 00 ff 00 00 00 00 
00 f7 00 00 00 f7 00 00 00 00 00 28 0a ff 00 31 5e 00 00 00 00 00 00 00 21 0a 00 28 01 00 00 00 
00 ff 00 00 00 00 00 00 00 00 00 00 00 00 80 3f 11 00 00 00 4b b1 00 00 71 02 00 00 3f 00 00 00 
01 22 00 00 00 00 00 00 00 00 00 
.......G.....F...F......d.............Anderson.Thomas...#............................(.2.. F..Y.
.....`..........W@....M;.@.................(...1^.......!..(...................?....K...q...?...
.".........

Client->GAME [15:54:29 07/24/09] packet size: 1 CRYPTED, Flags: 7f ServerSeq: 1 ClientSeq: 131
02 
.

GAME->Client [15:54:29 07/24/09] packet size: 203 CRYPTED, Flags: 7f ServerSeq: 114 ClientSeq: 2
02 03 02 00 03 08 02 47 84 c7 a9 2e 10 46 f2 da 81 46 96 b9 ac 05 ff 01 64 01 00 00 00 00 00 00 
00 00 00 00 00 08 41 6e 64 65 72 73 6f 6e 06 54 68 6f 6d 61 73 ff 00 00 23 1a e9 90 80 b0 04 02 
02 8e 00 00 00 01 00 00 00 00 00 00 00 00 00 00 00 00 00 00 ff 28 0a 32 00 f0 20 46 14 00 59 c6 
ac 05 00 00 00 60 e2 88 f0 c0 00 00 00 00 00 c0 57 40 00 00 00 c0 4d 3b d0 40 00 ff 00 00 00 00 
00 f7 00 00 00 f7 00 00 00 00 00 28 0a ff 00 31 5e 00 00 00 00 00 00 00 21 0a 00 28 01 00 00 00 
00 ff 00 00 00 00 00 00 00 00 00 00 00 00 80 3f 11 00 00 00 4b b1 00 00 71 02 00 00 3f 00 00 00 
01 22 00 00 00 00 00 00 00 00 00 
.......G.....F...F......d.............Anderson.Thomas...#............................(.2.. F..Y.
.....`..........W@....M;.@.................(...1^.......!..(...................?....K...q...?...
.".........

Client->GAME [15:54:29 07/24/09] packet size: 1 CRYPTED, Flags: 7f ServerSeq: 2 ClientSeq: 132
02 
.

GAME->Client [15:54:29 07/24/09] packet size: 203 CRYPTED, Flags: 7f ServerSeq: 115 ClientSeq: 3
02 03 02 00 03 08 03 47 84 c7 ae 78 0d 46 ed da 81 46 13 ba ac 05 ff 01 64 01 00 00 00 00 00 00 
00 00 00 00 00 08 41 6e 64 65 72 73 6f 6e 06 54 68 6f 6d 61 73 ff 00 00 23 1a e9 90 80 b0 04 02 
02 8e 00 00 00 01 00 00 00 00 00 00 00 00 00 00 00 00 00 00 ff 28 0a 32 00 f0 20 46 14 00 59 c6 
ac 05 00 00 00 60 e2 88 f0 c0 00 00 00 00 00 c0 57 40 00 00 00 c0 4d 3b d0 40 00 ff 00 00 00 00 
00 f7 00 00 00 f7 00 00 00 00 00 28 0a ff 00 31 5e 00 00 00 00 00 00 00 21 0a 00 28 01 00 00 00 
00 ff 00 00 00 00 00 00 00 00 00 00 00 00 80 3f 11 00 00 00 4b b1 00 00 71 02 00 00 3f 00 00 00 
01 22 00 00 00 00 00 00 00 00 00 
.......G...x.F...F......d.............Anderson.Thomas...#............................(.2.. F..Y.
.....`..........W@....M;.@.................(...1^.......!..(...................?....K...q...?...
.".........

Client->GAME [15:54:29 07/24/09] packet size: 1 CRYPTED, Flags: 7f ServerSeq: 3 ClientSeq: 133
02 
.

GAME->Client [15:54:29 07/24/09] packet size: 207 CRYPTED, Flags: 7f ServerSeq: 116 ClientSeq: 4
82 04 f3 b9 47 03 02 00 03 08 04 47 84 c7 75 5f 0a 46 e8 da 81 46 90 ba ac 05 ff 01 64 01 00 00 
00 00 00 00 00 00 00 00 00 08 41 6e 64 65 72 73 6f 6e 06 54 68 6f 6d 61 73 ff 00 00 23 1a e9 90 
80 b0 04 02 02 8e 00 00 00 01 00 00 00 00 00 00 00 00 00 00 00 00 00 00 ff 28 0a 32 00 f0 20 46 
14 00 59 c6 ac 05 00 00 00 60 e2 88 f0 c0 00 00 00 00 00 c0 57 40 00 00 00 c0 4d 3b d0 40 00 ff 
00 00 00 00 00 f7 00 00 00 f7 00 00 00 00 00 28 0a ff 00 31 5e 00 00 00 00 00 00 00 21 0a 00 28 
01 00 00 00 00 ff 00 00 00 00 00 00 00 00 00 00 00 00 80 3f 11 00 00 00 4b b1 00 00 71 02 00 00 
3f 00 00 00 01 22 00 00 00 00 00 00 00 00 00 
....G......G..u_.F...F......d.............Anderson.Thomas...#............................(.2.. F
..Y......`..........W@....M;.@.................(...1^.......!..(...................?....K...q...
?....".........

Client->GAME [15:54:29 07/24/09] packet size: 1 CRYPTED, Flags: 7f ServerSeq: 4 ClientSeq: 134
02 
.

GAME->Client [15:54:29 07/24/09] packet size: 203 CRYPTED, Flags: 7f ServerSeq: 117 ClientSeq: 5
02 03 02 00 03 08 05 47 84 c7 8d 0f 07 46 e3 da 81 46 0c bb ac 05 ff 01 64 01 00 00 00 00 00 00 
00 00 00 00 00 08 41 6e 64 65 72 73 6f 6e 06 54 68 6f 6d 61 73 ff 00 00 23 1a e9 90 80 b0 04 02 
02 8e 00 00 00 01 00 00 00 00 00 00 00 00 00 00 00 00 00 00 ff 28 0a 32 00 f0 20 46 14 00 59 c6 
ac 05 00 00 00 60 e2 88 f0 c0 00 00 00 00 00 c0 57 40 00 00 00 c0 4d 3b d0 40 00 ff 00 00 00 00 
00 f7 00 00 00 f7 00 00 00 00 00 28 0a ff 00 31 5e 00 00 00 00 00 00 00 21 0a 00 28 01 00 00 00 
00 ff 00 00 00 00 00 00 00 00 00 00 00 00 80 3f 11 00 00 00 4b b1 00 00 71 02 00 00 3f 00 00 00 
01 22 00 00 00 00 00 00 00 00 00 
.......G.....F...F......d.............Anderson.Thomas...#............................(.2.. F..Y.
.....`..........W@....M;.@.................(...1^.......!..(...................?....K...q...?...
.".........

Client->GAME [15:54:29 07/24/09] packet size: 1 CRYPTED, Flags: 7f ServerSeq: 5 ClientSeq: 135
02 
.

GAME->Client [15:54:29 07/24/09] packet size: 203 CRYPTED, Flags: 7f ServerSeq: 118 ClientSeq: 6
02 03 02 00 03 08 06 47 84 c7 fa c2 03 46 de da 81 46 8a bb ac 05 ff 01 64 01 00 00 00 00 00 00 
00 00 00 00 00 08 41 6e 64 65 72 73 6f 6e 06 54 68 6f 6d 61 73 ff 00 00 23 1a e9 90 80 b0 04 02 
02 8e 00 00 00 01 00 00 00 00 00 00 00 00 00 00 00 00 00 00 ff 28 0a 32 00 f0 20 46 14 00 59 c6 
ac 05 00 00 00 60 e2 88 f0 c0 00 00 00 00 00 c0 57 40 00 00 00 c0 4d 3b d0 40 00 ff 00 00 00 00 
00 f7 00 00 00 f7 00 00 00 00 00 28 0a ff 00 31 5e 00 00 00 00 00 00 00 21 0a 00 28 01 00 00 00 
00 ff 00 00 00 00 00 00 00 00 00 00 00 00 80 3f 11 00 00 00 4b b1 00 00 71 02 00 00 3f 00 00 00 
01 22 00 00 00 00 00 00 00 00 00 
.......G.....F...F......d.............Anderson.Thomas...#............................(.2.. F..Y.
.....`..........W@....M;.@.................(...1^.......!..(...................?....K...q...?...
.".........

Client->GAME [15:54:29 07/24/09] packet size: 1 CRYPTED, Flags: 7f ServerSeq: 6 ClientSeq: 136
02 
.

GAME->Client [15:54:29 07/24/09] packet size: 203 CRYPTED, Flags: 7f ServerSeq: 119 ClientSeq: 7
02 03 02 00 03 08 07 47 84 c7 1f 09 00 46 d9 da 81 46 07 bc ac 05 ff 01 64 01 00 00 00 00 00 00 
00 00 00 00 00 08 41 6e 64 65 72 73 6f 6e 06 54 68 6f 6d 61 73 ff 00 00 23 1a e9 90 80 b0 04 02 
02 8e 00 00 00 01 00 00 00 00 00 00 00 00 00 00 00 00 00 00 ff 28 0a 32 00 f0 20 46 14 00 59 c6 
ac 05 00 00 00 60 e2 88 f0 c0 00 00 00 00 00 c0 57 40 00 00 00 c0 4d 3b d0 40 00 ff 00 00 00 00 
00 f7 00 00 00 f7 00 00 00 00 00 28 0a ff 00 31 5e 00 00 00 00 00 00 00 21 0a 00 28 01 00 00 00 
00 ff 00 00 00 00 00 00 00 00 00 00 00 00 80 3f 11 00 00 00 4b b1 00 00 71 02 00 00 3f 00 00 00 
01 22 00 00 00 00 00 00 00 00 00 
.......G.....F...F......d.............Anderson.Thomas...#............................(.2.. F..Y.
.....`..........W@....M;.@.................(...1^.......!..(...................?....K...q...?...
.".........

Client->GAME [15:54:29 07/24/09] packet size: 1 CRYPTED, Flags: 7f ServerSeq: 7 ClientSeq: 137
02 
.

GAME->Client [15:54:30 07/24/09] packet size: 203 CRYPTED, Flags: 7f ServerSeq: 120 ClientSeq: 8
02 03 02 00 03 08 08 47 84 c7 2a 31 f8 45 d4 da 81 46 84 bc ac 05 ff 01 64 01 00 00 00 00 00 00 
00 00 00 00 00 08 41 6e 64 65 72 73 6f 6e 06 54 68 6f 6d 61 73 ff 00 00 23 1a e9 90 80 b0 04 02 
02 8e 00 00 00 01 00 00 00 00 00 00 00 00 00 00 00 00 00 00 ff 28 0a 32 00 f0 20 46 14 00 59 c6 
ac 05 00 00 00 60 e2 88 f0 c0 00 00 00 00 00 c0 57 40 00 00 00 c0 4d 3b d0 40 00 ff 00 00 00 00 
00 f7 00 00 00 f7 00 00 00 00 00 28 0a ff 00 31 5e 00 00 00 00 00 00 00 21 0a 00 28 01 00 00 00 
00 ff 00 00 00 00 00 00 00 00 00 00 00 00 80 3f 11 00 00 00 4b b1 00 00 71 02 00 00 3f 00 00 00 
01 22 00 00 00 00 00 00 00 00 00 
.......G..*1.E...F......d.............Anderson.Thomas...#............................(.2.. F..Y.
.....`..........W@....M;.@.................(...1^.......!..(...................?....K...q...?...
.".........

Client->GAME [15:54:30 07/24/09] packet size: 1 CRYPTED, Flags: 7f ServerSeq: 8 ClientSeq: 138
02 
.

GAME->Client [15:54:30 07/24/09] packet size: 220 CRYPTED, Flags: 7f ServerSeq: 121 ClientSeq: 9
02 03 01 00 01 06 00 03 00 05 00 07 00 09 00 0b 00 0d 00 02 00 03 08 09 47 84 c7 d4 6a f0 45 cf 
da 81 46 00 bd ac 05 ff 01 64 01 00 00 00 00 00 00 00 00 00 00 00 08 41 6e 64 65 72 73 6f 6e 06 
54 68 6f 6d 61 73 ff 00 00 23 1a e9 90 80 b0 04 02 02 8e 00 00 00 01 00 00 00 00 00 00 00 00 00 
00 00 00 00 00 ff 28 0a 32 00 f0 20 46 14 00 59 c6 ac 05 00 00 00 60 e2 88 f0 c0 00 00 00 00 00 
c0 57 40 00 00 00 c0 4d 3b d0 40 00 ff 00 00 00 00 00 f7 00 00 00 f7 00 00 00 00 00 28 0a ff 00 
31 5e 00 00 00 00 00 00 00 21 0a 00 28 01 00 00 00 00 ff 00 00 00 00 00 00 00 00 00 00 00 00 80 
3f 11 00 00 00 4b b1 00 00 71 02 00 00 3f 00 00 00 01 22 00 00 00 00 00 00 00 00 00 
........................G...j.E...F......d.............Anderson.Thomas...#......................
......(.2.. F..Y......`..........W@....M;.@.................(...1^.......!..(...................
?....K...q...?....".........

Client->GAME [15:54:30 07/24/09] packet size: 1 CRYPTED, Flags: 7f ServerSeq: 9 ClientSeq: 139
02 
.

GAME->Client [15:54:30 07/24/09] packet size: 203 CRYPTED, Flags: 7f ServerSeq: 122 ClientSeq: 10
02 03 02 00 03 08 0a 47 84 c7 d9 b5 e7 45 ca da 81 46 7e bd ac 05 ff 01 64 01 00 00 00 00 00 00 
00 00 00 00 00 08 41 6e 64 65 72 73 6f 6e 06 54 68 6f 6d 61 73 ff 00 00 23 1a e9 90 80 b0 04 02 
02 8e 00 00 00 01 00 00 00 00 00 00 00 00 00 00 00 00 00 00 ff 28 0a 32 00 f0 20 46 14 00 59 c6 
ac 05 00 00 00 60 e2 88 f0 c0 00 00 00 00 00 c0 57 40 00 00 00 c0 4d 3b d0 40 00 ff 00 00 00 00 
00 f7 00 00 00 f7 00 00 00 00 00 28 0a ff 00 31 5e 00 00 00 00 00 00 00 21 0a 00 28 01 00 00 00 
00 ff 00 00 00 00 00 00 00 00 00 00 00 00 80 3f 11 00 00 00 4b b1 00 00 71 02 00 00 3f 00 00 00 
01 22 00 00 00 00 00 00 00 00 00 
.......G.....E...F~.....d.............Anderson.Thomas...#............................(.2.. F..Y.
.....`..........W@....M;.@.................(...1^.......!..(...................?....K...q...?...
.".........

Client->GAME [15:54:30 07/24/09] packet size: 1 CRYPTED, Flags: 7f ServerSeq: 10 ClientSeq: 140
02 
.

GAME->Client [15:54:30 07/24/09] packet size: 203 CRYPTED, Flags: 7f ServerSeq: 123 ClientSeq: 11
02 03 02 00 03 08 0b 47 84 c7 82 93 de 45 c4 da 81 46 fb bd ac 05 ff 01 64 01 00 00 00 00 00 00 
00 00 00 00 00 08 41 6e 64 65 72 73 6f 6e 06 54 68 6f 6d 61 73 ff 00 00 23 1a e9 90 80 b0 04 02 
02 8e 00 00 00 01 00 00 00 00 00 00 00 00 00 00 00 00 00 00 ff 28 0a 32 00 f0 20 46 14 00 59 c6 
ac 05 00 00 00 60 e2 88 f0 c0 00 00 00 00 00 c0 57 40 00 00 00 c0 4d 3b d0 40 00 ff 00 00 00 00 
00 f7 00 00 00 f7 00 00 00 00 00 28 0a ff 00 31 5e 00 00 00 00 00 00 00 21 0a 00 28 01 00 00 00 
00 ff 00 00 00 00 00 00 00 00 00 00 00 00 80 3f 11 00 00 00 4b b1 00 00 71 02 00 00 3f 00 00 00 
01 22 00 00 00 00 00 00 00 00 00 
.......G.....E...F......d.............Anderson.Thomas...#............................(.2.. F..Y.
.....`..........W@....M;.@.................(...1^.......!..(...................?....K...q...?...
.".........

Client->GAME [15:54:30 07/24/09] packet size: 1 CRYPTED, Flags: 7f ServerSeq: 11 ClientSeq: 141
02 
.

GAME->Client [15:54:30 07/24/09] packet size: 203 CRYPTED, Flags: 7f ServerSeq: 124 ClientSeq: 12
02 03 02 00 03 08 0c 47 84 c7 fc 9f d5 45 c0 da 81 46 77 be ac 05 ff 01 64 01 00 00 00 00 00 00 
00 00 00 00 00 08 41 6e 64 65 72 73 6f 6e 06 54 68 6f 6d 61 73 ff 00 00 23 1a e9 90 80 b0 04 02 
02 8e 00 00 00 01 00 00 00 00 00 00 00 00 00 00 00 00 00 00 ff 28 0a 32 00 f0 20 46 14 00 59 c6 
ac 05 00 00 00 60 e2 88 f0 c0 00 00 00 00 00 c0 57 40 00 00 00 c0 4d 3b d0 40 00 ff 00 00 00 00 
00 f7 00 00 00 f7 00 00 00 00 00 28 0a ff 00 31 5e 00 00 00 00 00 00 00 21 0a 00 28 01 00 00 00 
00 ff 00 00 00 00 00 00 00 00 00 00 00 00 80 3f 11 00 00 00 4b b1 00 00 71 02 00 00 3f 00 00 00 
01 22 00 00 00 00 00 00 00 00 00 
.......G.....E...Fw.....d.............Anderson.Thomas...#............................(.2.. F..Y.
.....`..........W@....M;.@.................(...1^.......!..(...................?....K...q...?...
.".........

Client->GAME [15:54:30 07/24/09] packet size: 1 CRYPTED, Flags: 7f ServerSeq: 12 ClientSeq: 142
02 
.

GAME->Client [15:54:30 07/24/09] packet size: 207 CRYPTED, Flags: 7f ServerSeq: 125 ClientSeq: 13
82 94 f3 b9 47 03 02 00 03 08 0d 47 84 c7 bc a9 cb 45 ba da 81 46 f5 be ac 05 ff 01 64 01 00 00 
00 00 00 00 00 00 00 00 00 08 41 6e 64 65 72 73 6f 6e 06 54 68 6f 6d 61 73 ff 00 00 23 1a e9 90 
80 b0 04 02 02 8e 00 00 00 01 00 00 00 00 00 00 00 00 00 00 00 00 00 00 ff 28 0a 32 00 f0 20 46 
14 00 59 c6 ac 05 00 00 00 60 e2 88 f0 c0 00 00 00 00 00 c0 57 40 00 00 00 c0 4d 3b d0 40 00 ff 
00 00 00 00 00 f7 00 00 00 f7 00 00 00 00 00 28 0a ff 00 31 5e 00 00 00 00 00 00 00 21 0a 00 28 
01 00 00 00 00 ff 00 00 00 00 00 00 00 00 00 00 00 00 80 3f 11 00 00 00 4b b1 00 00 71 02 00 00 
3f 00 00 00 01 22 00 00 00 00 00 00 00 00 00 
....G......G.....E...F......d.............Anderson.Thomas...#............................(.2.. F
..Y......`..........W@....M;.@.................(...1^.......!..(...................?....K...q...
?....".........

Client->GAME [15:54:30 07/24/09] packet size: 1 CRYPTED, Flags: 7f ServerSeq: 13 ClientSeq: 143
02 
.

GAME->Client [15:54:30 07/24/09] packet size: 203 CRYPTED, Flags: 7f ServerSeq: 126 ClientSeq: 14
02 03 02 00 03 08 0d 47 84 c7 8e ef c1 45 b5 da 81 46 72 bf ac 05 ff 01 64 01 00 00 00 00 00 00 
00 00 00 00 00 08 41 6e 64 65 72 73 6f 6e 06 54 68 6f 6d 61 73 ff 00 00 23 1a e9 90 80 b0 04 02 
02 8e 00 00 00 01 00 00 00 00 00 00 00 00 00 00 00 00 00 00 ff 28 0a 32 00 f0 20 46 14 00 59 c6 
ac 05 00 00 00 60 e2 88 f0 c0 00 00 00 00 00 c0 57 40 00 00 00 c0 4d 3b d0 40 00 ff 00 00 00 00 
00 f7 00 00 00 f7 00 00 00 00 00 28 0a ff 00 31 5e 00 00 00 00 00 00 00 21 0a 00 28 01 00 00 00 
00 ff 00 00 00 00 00 00 00 00 00 00 00 00 80 3f 11 00 00 00 4b b1 00 00 71 02 00 00 3f 00 00 00 
01 22 00 00 00 00 00 00 00 00 00 
.......G.....E...Fr.....d.............Anderson.Thomas...#............................(.2.. F..Y.
.....`..........W@....M;.@.................(...1^.......!..(...................?....K...q...?...
.".........

Client->GAME [15:54:30 07/24/09] packet size: 1 CRYPTED, Flags: 7f ServerSeq: 14 ClientSeq: 144
02 
.

GAME->Client [15:54:30 07/24/09] packet size: 203 CRYPTED, Flags: 7f ServerSeq: 127 ClientSeq: 15
02 03 02 00 03 08 0e 47 84 c7 68 25 b7 45 b0 da 81 46 ef bf ac 05 ff 01 64 01 00 00 00 00 00 00 
00 00 00 00 00 08 41 6e 64 65 72 73 6f 6e 06 54 68 6f 6d 61 73 ff 00 00 23 1a e9 90 80 b0 04 02 
02 8e 00 00 00 01 00 00 00 00 00 00 00 00 00 00 00 00 00 00 ff 28 0a 32 00 f0 20 46 14 00 59 c6 
ac 05 00 00 00 60 e2 88 f0 c0 00 00 00 00 00 c0 57 40 00 00 00 c0 4d 3b d0 40 00 ff 00 00 00 00 
00 f7 00 00 00 f7 00 00 00 00 00 28 0a ff 00 31 5e 00 00 00 00 00 00 00 21 0a 00 28 01 00 00 00 
00 ff 00 00 00 00 00 00 00 00 00 00 00 00 80 3f 11 00 00 00 4b b1 00 00 71 02 00 00 3f 00 00 00 
01 22 00 00 00 00 00 00 00 00 00 
.......G..h%.E...F......d.............Anderson.Thomas...#............................(.2.. F..Y.
.....`..........W@....M;.@.................(...1^.......!..(...................?....K...q...?...
.".........

Client->GAME [15:54:30 07/24/09] packet size: 1 CRYPTED, Flags: 7f ServerSeq: 15 ClientSeq: 145
02 
.

GAME->Client [15:54:30 07/24/09] packet size: 444 CRYPTED, Flags: 7f ServerSeq: 128 ClientSeq: 0
02 03 02 00 03 08 10 47 84 c7 e4 ed ab 45 ab da 81 46 6c c0 ac 05 ff 01 64 01 00 00 00 00 00 00 
00 00 00 00 00 08 41 6e 64 65 72 73 6f 6e 06 54 68 6f 6d 61 73 ff 00 00 23 1a e9 90 80 b0 04 02 
02 8e 00 00 00 01 00 00 00 00 00 00 00 00 00 00 00 00 00 00 ff 28 0a 32 00 f0 20 46 14 00 59 c6 
ac 05 00 00 00 60 e2 88 f0 c0 00 00 00 00 00 c0 57 40 00 00 00 c0 4d 3b d0 40 00 ff 00 00 00 00 
00 f7 00 00 00 f7 00 00 00 00 00 28 0a ff 00 31 5e 00 00 00 00 00 00 00 21 0a 00 28 01 00 00 00 
00 ff 00 00 00 00 00 00 00 00 00 00 00 00 80 3f 11 00 00 00 4b b1 00 00 71 02 00 00 3f 00 00 00 
01 22 00 00 00 00 00 00 00 01 00 0c 68 a7 fb cd ab 01 01 00 00 00 c0 1c 0d ef c0 00 00 00 80 14 
6e 4a 40 00 00 00 20 f5 82 d0 40 08 00 00 01 00 08 9c 1b 9b 08 f0 34 7f cd ab 02 09 00 00 00 00 
dd c8 ef c0 00 00 00 00 00 c0 57 40 00 00 00 e0 45 a8 d2 40 00 00 00 00 7f 0d 72 3f 00 00 00 00 
df b0 a6 3e 04 00 00 01 00 08 db b5 9a 08 f0 34 98 cd ab 01 01 00 00 00 00 80 7e ef c0 00 00 00 
80 0a bc 57 40 00 00 00 00 00 ad d1 40 0e 00 00 01 00 0c f7 bb fa cd ab 02 05 00 00 00 00 8f c2 
f5 be 00 00 00 00 52 b8 5e bf 00 00 00 00 40 6e f0 c0 00 00 00 00 00 c0 57 40 00 00 00 00 00 32 
c9 40 06 00 00 01 00 0c 14 a8 f8 cd ab 02 05 00 00 00 00 9a 99 59 bf 00 00 00 00 b8 1e 05 bf 00 
00 00 00 40 6e f0 c0 00 00 00 00 00 c0 57 40 00 00 00 00 00 fa c9 40 0a 00 00 00 00 
.......G.....E...Fl.....d.............Anderson.Thomas...#............................(.2.. F..Y.
.....`..........W@....M;.@.................(...1^.......!..(...................?....K...q...?...
."..........h...................nJ@... ...@...........4...................W@....E..@......r?....
...>...........4..........~........W@.......@.........................R.^.....@n........W@.....2
.@...................Y.............@n........W@.......@.....

Client->GAME [15:54:31 07/24/09] packet size: 1 CRYPTED, Flags: 7f ServerSeq: 0 ClientSeq: 146
02 
.

GAME->Client [15:54:31 07/24/09] packet size: 260 CRYPTED, Flags: 7f ServerSeq: 129 ClientSeq: 1
02 03 02 00 03 08 10 47 84 c7 87 06 a1 45 a6 da 81 46 e8 c0 ac 05 ff 01 64 01 00 00 00 00 00 00 
00 00 00 00 00 08 41 6e 64 65 72 73 6f 6e 06 54 68 6f 6d 61 73 ff 00 00 23 1a e9 90 80 b0 04 02 
02 8e 00 00 00 01 00 00 00 00 00 00 00 00 00 00 00 00 00 00 ff 28 0a 32 00 f0 20 46 14 00 59 c6 
ac 05 00 00 00 60 e2 88 f0 c0 00 00 00 00 00 c0 57 40 00 00 00 c0 4d 3b d0 40 00 ff 00 00 00 00 
00 f7 00 00 00 f7 00 00 00 00 00 28 0a ff 00 31 5e 00 00 00 00 00 00 00 21 0a 00 28 01 00 00 00 
00 ff 00 00 00 00 00 00 00 00 00 00 00 00 80 3f 11 00 00 00 4b b1 00 00 71 02 00 00 3f 00 00 00 
01 22 00 00 00 00 00 00 00 01 00 08 50 02 81 08 f0 34 0d cd ab 02 09 00 00 00 c0 94 95 f0 c0 00 
00 00 00 00 40 60 40 00 00 00 80 59 95 cf 40 00 00 00 00 e8 0d c8 3e 00 00 00 00 35 a6 6b 3f 0c 
00 00 00 00 
.......G.....E...F......d.............Anderson.Thomas...#............................(.2.. F..Y.
.....`..........W@....M;.@.................(...1^.......!..(...................?....K...q...?...
."..........P....4..................@`@....Y..@.......>....5.k?.....

Client->GAME [15:54:31 07/24/09] packet size: 1 CRYPTED, Flags: 7f ServerSeq: 1 ClientSeq: 147
02 
.

GAME->Client [15:54:31 07/24/09] packet size: 203 CRYPTED, Flags: 7f ServerSeq: 130 ClientSeq: 2
02 03 02 00 03 08 11 47 84 c7 22 fb 94 45 a1 da 81 46 66 c1 ac 05 ff 01 64 01 00 00 00 00 00 00 
00 00 00 00 00 08 41 6e 64 65 72 73 6f 6e 06 54 68 6f 6d 61 73 ff 00 00 23 1a e9 90 80 b0 04 02 
02 8e 00 00 00 01 00 00 00 00 00 00 00 00 00 00 00 00 00 00 ff 28 0a 32 00 f0 20 46 14 00 59 c6 
ac 05 00 00 00 60 e2 88 f0 c0 00 00 00 00 00 c0 57 40 00 00 00 c0 4d 3b d0 40 00 ff 00 00 00 00 
00 f7 00 00 00 f7 00 00 00 00 00 28 0a ff 00 31 5e 00 00 00 00 00 00 00 21 0a 00 28 01 00 00 00 
00 ff 00 00 00 00 00 00 00 00 00 00 00 00 80 3f 11 00 00 00 4b b1 00 00 71 02 00 00 3f 00 00 00 
01 22 00 00 00 00 00 00 00 00 00 
.......G.."..E...Ff.....d.............Anderson.Thomas...#............................(.2.. F..Y.
.....`..........W@....M;.@.................(...1^.......!..(...................?....K...q...?...
.".........

Client->GAME [15:54:31 07/24/09] packet size: 1 CRYPTED, Flags: 7f ServerSeq: 2 ClientSeq: 148
02 
.

GAME->Client [15:54:31 07/24/09] packet size: 203 CRYPTED, Flags: 7f ServerSeq: 131 ClientSeq: 3
02 03 02 00 03 08 12 47 84 c7 16 4d 89 45 9c da 81 46 e2 c1 ac 05 ff 01 64 01 00 00 00 00 00 00 
00 00 00 00 00 08 41 6e 64 65 72 73 6f 6e 06 54 68 6f 6d 61 73 ff 00 00 23 1a e9 90 80 b0 04 02 
02 8e 00 00 00 01 00 00 00 00 00 00 00 00 00 00 00 00 00 00 ff 28 0a 32 00 f0 20 46 14 00 59 c6 
ac 05 00 00 00 60 e2 88 f0 c0 00 00 00 00 00 c0 57 40 00 00 00 c0 4d 3b d0 40 00 ff 00 00 00 00 
00 f7 00 00 00 f7 00 00 00 00 00 28 0a ff 00 31 5e 00 00 00 00 00 00 00 21 0a 00 28 01 00 00 00 
00 ff 00 00 00 00 00 00 00 00 00 00 00 00 80 3f 11 00 00 00 4b b1 00 00 71 02 00 00 3f 00 00 00 
01 22 00 00 00 00 00 00 00 00 00 
.......G...M.E...F......d.............Anderson.Thomas...#............................(.2.. F..Y.
.....`..........W@....M;.@.................(...1^.......!..(...................?....K...q...?...
.".........

Client->GAME [15:54:31 07/24/09] packet size: 1 CRYPTED, Flags: 7f ServerSeq: 3 ClientSeq: 149
02 
.

GAME->Client [15:54:31 07/24/09] packet size: 203 CRYPTED, Flags: 7f ServerSeq: 132 ClientSeq: 4
02 03 02 00 03 08 13 47 84 c7 98 db 78 45 97 da 81 46 60 c2 ac 05 ff 01 64 01 00 00 00 00 00 00 
00 00 00 00 00 08 41 6e 64 65 72 73 6f 6e 06 54 68 6f 6d 61 73 ff 00 00 23 1a e9 90 80 b0 04 02 
02 8e 00 00 00 01 00 00 00 00 00 00 00 00 00 00 00 00 00 00 ff 28 0a 32 00 f0 20 46 14 00 59 c6 
ac 05 00 00 00 60 e2 88 f0 c0 00 00 00 00 00 c0 57 40 00 00 00 c0 4d 3b d0 40 00 ff 00 00 00 00 
00 f7 00 00 00 f7 00 00 00 00 00 28 0a ff 00 31 5e 00 00 00 00 00 00 00 21 0a 00 28 01 00 00 00 
00 ff 00 00 00 00 00 00 00 00 00 00 00 00 80 3f 11 00 00 00 4b b1 00 00 71 02 00 00 3f 00 00 00 
01 22 00 00 00 00 00 00 00 00 00 
.......G....xE...F`.....d.............Anderson.Thomas...#............................(.2.. F..Y.
.....`..........W@....M;.@.................(...1^.......!..(...................?....K...q...?...
.".........

Client->GAME [15:54:31 07/24/09] packet size: 1 CRYPTED, Flags: 7f ServerSeq: 4 ClientSeq: 150
02 
.

GAME->Client [15:54:31 07/24/09] packet size: 203 CRYPTED, Flags: 7f ServerSeq: 133 ClientSeq: 5
02 03 02 00 03 08 14 47 84 c7 3a 42 5e 45 92 da 81 46 dd c2 ac 05 ff 01 64 01 00 00 00 00 00 00 
00 00 00 00 00 08 41 6e 64 65 72 73 6f 6e 06 54 68 6f 6d 61 73 ff 00 00 23 1a e9 90 80 b0 04 02 
02 8e 00 00 00 01 00 00 00 00 00 00 00 00 00 00 00 00 00 00 ff 28 0a 32 00 f0 20 46 14 00 59 c6 
ac 05 00 00 00 60 e2 88 f0 c0 00 00 00 00 00 c0 57 40 00 00 00 c0 4d 3b d0 40 00 ff 00 00 00 00 
00 f7 00 00 00 f7 00 00 00 00 00 28 0a ff 00 31 5e 00 00 00 00 00 00 00 21 0a 00 28 01 00 00 00 
00 ff 00 00 00 00 00 00 00 00 00 00 00 00 80 3f 11 00 00 00 4b b1 00 00 71 02 00 00 3f 00 00 00 
01 22 00 00 00 00 00 00 00 00 00 
.......G..:B^E...F......d.............Anderson.Thomas...#............................(.2.. F..Y.
.....`..........W@....M;.@.................(...1^.......!..(...................?....K...q...?...
.".........

Client->GAME [15:54:31 07/24/09] packet size: 1 CRYPTED, Flags: 7f ServerSeq: 5 ClientSeq: 151
02 
.

GAME->Client [15:54:31 07/24/09] packet size: 207 CRYPTED, Flags: 7f ServerSeq: 134 ClientSeq: 6
82 24 f4 b9 47 03 02 00 03 08 15 47 84 c7 d0 8b 44 45 8d da 81 46 5a c3 ac 05 ff 01 64 01 00 00 
00 00 00 00 00 00 00 00 00 08 41 6e 64 65 72 73 6f 6e 06 54 68 6f 6d 61 73 ff 00 00 23 1a e9 90 
80 b0 04 02 02 8e 00 00 00 01 00 00 00 00 00 00 00 00 00 00 00 00 00 00 ff 28 0a 32 00 f0 20 46 
14 00 59 c6 ac 05 00 00 00 60 e2 88 f0 c0 00 00 00 00 00 c0 57 40 00 00 00 c0 4d 3b d0 40 00 ff 
00 00 00 00 00 f7 00 00 00 f7 00 00 00 00 00 28 0a ff 00 31 5e 00 00 00 00 00 00 00 21 0a 00 28 
01 00 00 00 00 ff 00 00 00 00 00 00 00 00 00 00 00 00 80 3f 11 00 00 00 4b b1 00 00 71 02 00 00 
3f 00 00 00 01 22 00 00 00 00 00 00 00 00 00 
.$..G......G....DE...FZ.....d.............Anderson.Thomas...#............................(.2.. F
..Y......`..........W@....M;.@.................(...1^.......!..(...................?....K...q...
?....".........

Client->GAME [15:54:31 07/24/09] packet size: 1 CRYPTED, Flags: 7f ServerSeq: 6 ClientSeq: 152
02 
.

GAME->Client [15:54:31 07/24/09] packet size: 203 CRYPTED, Flags: 7f ServerSeq: 135 ClientSeq: 7
02 03 02 00 03 08 16 47 84 c7 a5 4a 28 45 88 da 81 46 d7 c3 ac 05 ff 01 64 01 00 00 00 00 00 00 
00 00 00 00 00 08 41 6e 64 65 72 73 6f 6e 06 54 68 6f 6d 61 73 ff 00 00 23 1a e9 90 80 b0 04 02 
02 8e 00 00 00 01 00 00 00 00 00 00 00 00 00 00 00 00 00 00 ff 28 0a 32 00 f0 20 46 14 00 59 c6 
ac 05 00 00 00 60 e2 88 f0 c0 00 00 00 00 00 c0 57 40 00 00 00 c0 4d 3b d0 40 00 ff 00 00 00 00 
00 f7 00 00 00 f7 00 00 00 00 00 28 0a ff 00 31 5e 00 00 00 00 00 00 00 21 0a 00 28 01 00 00 00 
00 ff 00 00 00 00 00 00 00 00 00 00 00 00 80 3f 11 00 00 00 4b b1 00 00 71 02 00 00 3f 00 00 00 
01 22 00 00 00 00 00 00 00 00 00 
.......G...J(E...F......d.............Anderson.Thomas...#............................(.2.. F..Y.
.....`..........W@....M;.@.................(...1^.......!..(...................?....K...q...?...
.".........

Client->GAME [15:54:31 07/24/09] packet size: 1 CRYPTED, Flags: 7f ServerSeq: 7 ClientSeq: 153
02 
.

GAME->Client [15:54:31 07/24/09] packet size: 265 CRYPTED, Flags: 7f ServerSeq: 136 ClientSeq: 8
02 03 02 00 03 08 17 47 84 c7 eb 06 0d 45 83 da 81 46 53 c4 ac 05 ff 01 64 01 00 00 00 00 00 00 
00 00 00 00 00 08 41 6e 64 65 72 73 6f 6e 06 54 68 6f 6d 61 73 ff 00 00 23 1a e9 90 80 b0 04 02 
02 8e 00 00 00 01 00 00 00 00 00 00 00 00 00 00 00 00 00 00 ff 28 0a 32 00 f0 20 46 14 00 59 c6 
ac 05 00 00 00 60 e2 88 f0 c0 00 00 00 00 00 c0 57 40 00 00 00 c0 4d 3b d0 40 00 ff 00 00 00 00 
00 f7 00 00 00 f7 00 00 00 00 00 28 0a ff 00 31 5e 00 00 00 00 00 00 00 21 0a 00 28 01 00 00 00 
00 ff 00 00 00 00 00 00 00 00 00 00 00 00 80 3f 11 00 00 00 4b b1 00 00 71 02 00 00 3f 00 00 00 
01 22 00 00 00 00 00 00 00 01 00 08 9f 01 14 00 f0 34 42 cd ab 03 84 00 00 00 00 f2 04 35 3f 00 
00 00 00 f4 04 35 bf 11 00 00 00 00 80 8d f0 c0 00 00 00 00 00 e2 a3 40 00 00 00 00 00 aa ce 40 
ff ff ff ff 03 00 00 00 00 
.......G.....E...FS.....d.............Anderson.Thomas...#............................(.2.. F..Y.
.....`..........W@....M;.@.................(...1^.......!..(...................?....K...q...?...
."...............4B..........5?......5.................@.......@.........

Client->GAME [15:54:31 07/24/09] packet size: 1 CRYPTED, Flags: 7f ServerSeq: 8 ClientSeq: 154
02 
.

GAME->Client [15:54:32 07/24/09] packet size: 203 CRYPTED, Flags: 7f ServerSeq: 137 ClientSeq: 9
02 03 02 00 03 08 18 47 84 c7 e8 3b de 44 7e da 81 46 d0 c4 ac 05 ff 01 64 01 00 00 00 00 00 00 
00 00 00 00 00 08 41 6e 64 65 72 73 6f 6e 06 54 68 6f 6d 61 73 ff 00 00 23 1a e9 90 80 b0 04 02 
02 8e 00 00 00 01 00 00 00 00 00 00 00 00 00 00 00 00 00 00 ff 28 0a 32 00 f0 20 46 14 00 59 c6 
ac 05 00 00 00 60 e2 88 f0 c0 00 00 00 00 00 c0 57 40 00 00 00 c0 4d 3b d0 40 00 ff 00 00 00 00 
00 f7 00 00 00 f7 00 00 00 00 00 28 0a ff 00 31 5e 00 00 00 00 00 00 00 21 0a 00 28 01 00 00 00 
00 ff 00 00 00 00 00 00 00 00 00 00 00 00 80 3f 11 00 00 00 4b b1 00 00 71 02 00 00 3f 00 00 00 
01 22 00 00 00 00 00 00 00 00 00 
.......G...;.D~..F......d.............Anderson.Thomas...#............................(.2.. F..Y.
.....`..........W@....M;.@.................(...1^.......!..(...................?....K...q...?...
.".........

Client->GAME [15:54:32 07/24/09] packet size: 1 CRYPTED, Flags: 7f ServerSeq: 9 ClientSeq: 155
02 
.

GAME->Client [15:54:32 07/24/09] packet size: 203 CRYPTED, Flags: 7f ServerSeq: 138 ClientSeq: 10
02 03 02 00 03 08 19 47 84 c7 a0 b4 a0 44 78 da 81 46 4e c5 ac 05 ff 01 64 01 00 00 00 00 00 00 
00 00 00 00 00 08 41 6e 64 65 72 73 6f 6e 06 54 68 6f 6d 61 73 ff 00 00 23 1a e9 90 80 b0 04 02 
02 8e 00 00 00 01 00 00 00 00 00 00 00 00 00 00 00 00 00 00 ff 28 0a 32 00 f0 20 46 14 00 59 c6 
ac 05 00 00 00 60 e2 88 f0 c0 00 00 00 00 00 c0 57 40 00 00 00 c0 4d 3b d0 40 00 ff 00 00 00 00 
00 f7 00 00 00 f7 00 00 00 00 00 28 0a ff 00 31 5e 00 00 00 00 00 00 00 21 0a 00 28 01 00 00 00 
00 ff 00 00 00 00 00 00 00 00 00 00 00 00 80 3f 11 00 00 00 4b b1 00 00 71 02 00 00 3f 00 00 00 
01 22 00 00 00 00 00 00 00 00 00 
.......G.....Dx..FN.....d.............Anderson.Thomas...#............................(.2.. F..Y.
.....`..........W@....M;.@.................(...1^.......!..(...................?....K...q...?...
.".........

Client->GAME [15:54:32 07/24/09] packet size: 1 CRYPTED, Flags: 7f ServerSeq: 10 ClientSeq: 156
02 
.

GAME->Client [15:54:32 07/24/09] packet size: 203 CRYPTED, Flags: 7f ServerSeq: 139 ClientSeq: 11
02 03 02 00 03 08 1a 47 84 c7 9b f0 4a 44 74 da 81 46 ca c5 ac 05 ff 01 64 01 00 00 00 00 00 00 
00 00 00 00 00 08 41 6e 64 65 72 73 6f 6e 06 54 68 6f 6d 61 73 ff 00 00 23 1a e9 90 80 b0 04 02 
02 8e 00 00 00 01 00 00 00 00 00 00 00 00 00 00 00 00 00 00 ff 28 0a 32 00 f0 20 46 14 00 59 c6 
ac 05 00 00 00 60 e2 88 f0 c0 00 00 00 00 00 c0 57 40 00 00 00 c0 4d 3b d0 40 00 ff 00 00 00 00 
00 f7 00 00 00 f7 00 00 00 00 00 28 0a ff 00 31 5e 00 00 00 00 00 00 00 21 0a 00 28 01 00 00 00 
00 ff 00 00 00 00 00 00 00 00 00 00 00 00 80 3f 11 00 00 00 4b b1 00 00 71 02 00 00 3f 00 00 00 
01 22 00 00 00 00 00 00 00 00 00 
.......G....JDt..F......d.............Anderson.Thomas...#............................(.2.. F..Y.
.....`..........W@....M;.@.................(...1^.......!..(...................?....K...q...?...
.".........

Client->GAME [15:54:32 07/24/09] packet size: 1 CRYPTED, Flags: 7f ServerSeq: 11 ClientSeq: 157
02 
.

GAME->Client [15:54:32 07/24/09] packet size: 203 CRYPTED, Flags: 7f ServerSeq: 140 ClientSeq: 12
02 03 02 00 03 08 1b 47 84 c7 b6 85 92 43 6e da 81 46 48 c6 ac 05 ff 01 64 01 00 00 00 00 00 00 
00 00 00 00 00 08 41 6e 64 65 72 73 6f 6e 06 54 68 6f 6d 61 73 ff 00 00 23 1a e9 90 80 b0 04 02 
02 8e 00 00 00 01 00 00 00 00 00 00 00 00 00 00 00 00 00 00 ff 28 0a 32 00 f0 20 46 14 00 59 c6 
ac 05 00 00 00 60 e2 88 f0 c0 00 00 00 00 00 c0 57 40 00 00 00 c0 4d 3b d0 40 00 ff 00 00 00 00 
00 f7 00 00 00 f7 00 00 00 00 00 28 0a ff 00 31 5e 00 00 00 00 00 00 00 21 0a 00 28 01 00 00 00 
00 ff 00 00 00 00 00 00 00 00 00 00 00 00 80 3f 11 00 00 00 4b b1 00 00 71 02 00 00 3f 00 00 00 
01 22 00 00 00 00 00 00 00 00 00 
.......G.....Cn..FH.....d.............Anderson.Thomas...#............................(.2.. F..Y.
.....`..........W@....M;.@.................(...1^.......!..(...................?....K...q...?...
.".........

Client->GAME [15:54:32 07/24/09] packet size: 1 CRYPTED, Flags: 7f ServerSeq: 12 ClientSeq: 158
02 
.

GAME->Client [15:54:32 07/24/09] packet size: 205 CRYPTED, Flags: 7f ServerSeq: 141 ClientSeq: 13
02 03 02 00 03 09 00 00 13 47 84 c7 00 00 be 42 6e da 81 46 c5 c6 ac 05 ff 01 64 01 00 00 00 00 
00 00 00 00 00 00 00 08 41 6e 64 65 72 73 6f 6e 06 54 68 6f 6d 61 73 ff 00 00 23 1a e9 90 80 b0 
04 02 02 8e 00 00 00 01 00 00 00 00 00 00 00 00 00 00 00 00 00 00 ff 28 0a 32 00 f0 20 46 14 00 
59 c6 ac 05 00 00 00 60 e2 88 f0 c0 00 00 00 00 00 c0 57 40 00 00 00 c0 4d 3b d0 40 00 ff 00 00 
00 00 00 f7 00 00 00 f7 00 00 00 00 00 28 0a ff 00 31 5e 00 00 00 00 00 00 00 21 0a 00 28 01 00 
00 00 00 ff 00 00 00 00 00 00 00 00 00 00 00 00 80 3f 11 00 00 00 4b b1 00 00 71 02 00 00 3f 00 
00 00 01 22 00 00 00 00 00 00 00 00 00 
.........G.....Bn..F......d.............Anderson.Thomas...#............................(.2.. F..
Y......`..........W@....M;.@.................(...1^.......!..(...................?....K...q...?.
...".........

Client->GAME [15:54:32 07/24/09] packet size: 1 CRYPTED, Flags: 7f ServerSeq: 13 ClientSeq: 159
02 
.

GAME->Client [15:54:32 07/24/09] packet size: 205 CRYPTED, Flags: 7f ServerSeq: 142 ClientSeq: 14
02 03 02 00 03 09 00 00 13 47 84 c7 00 00 be 42 6e da 81 46 42 c7 ac 05 ff 01 64 01 00 00 00 00 
00 00 00 00 00 00 00 08 41 6e 64 65 72 73 6f 6e 06 54 68 6f 6d 61 73 ff 00 00 23 1a e9 90 80 b0 
04 02 02 8e 00 00 00 01 00 00 00 00 00 00 00 00 00 00 00 00 00 00 ff 28 0a 32 00 f0 20 46 14 00 
59 c6 ac 05 00 00 00 60 e2 88 f0 c0 00 00 00 00 00 c0 57 40 00 00 00 c0 4d 3b d0 40 00 ff 00 00 
00 00 00 f7 00 00 00 f7 00 00 00 00 00 28 0a ff 00 31 5e 00 00 00 00 00 00 00 21 0a 00 28 01 00 
00 00 00 ff 00 00 00 00 00 00 00 00 00 00 00 00 80 3f 11 00 00 00 4b b1 00 00 71 02 00 00 3f 00 
00 00 01 22 00 00 00 00 00 00 00 00 00 
.........G.....Bn..FB.....d.............Anderson.Thomas...#............................(.2.. F..
Y......`..........W@....M;.@.................(...1^.......!..(...................?....K...q...?.
...".........

Client->GAME [15:54:32 07/24/09] packet size: 1 CRYPTED, Flags: 7f ServerSeq: 14 ClientSeq: 160
02 
.

Client->GAME [15:54:33 07/24/09] packet size: 12
00 00 00 00 00 01 04 08 4a 6d 54 01 
........JmT.

GAME->Client [15:54:34 07/24/09] packet size: 12
00 00 00 00 00 01 04 08 4a 6d 54 01 
........JmT.

GAME->Client [15:54:38 07/24/09] packet size: 15 CRYPTED, Flags: 7f ServerSeq: 143 ClientSeq: 0
82 54 f7 b9 47 03 01 00 01 01 00 03 00 00 00 
.T..G..........

Client->GAME [15:54:38 07/24/09] packet size: 1 CRYPTED, Flags: 7f ServerSeq: 15 ClientSeq: 161
02 
.

