GAME->Client [15:57:37 07/24/09] packet size: 1 CRYPTED, Flags: ff ServerSeq: 199 ClientSeq: 9
02 
.

Client->GAME [15:57:37 07/24/09] packet size: 1 CRYPTED, Flags: ff ServerSeq: 7 ClientSeq: 234
02 
.

Client->GAME [15:57:38 07/24/09] packet size: 48 CRYPTED, Flags: 7f ServerSeq: 7 ClientSeq: 235
02 04 01 00 3b 01 29 80 c2 00 00 00 c0 0f ab f0 c0 00 00 00 00 00 7e a3 40 00 00 00 80 fb 93 cf 
40 4f 03 16 00 19 00 00 00 7a 44 01 20 3b 57 01 
....;.)...............~.@.......@O.......zD. ;W.

Client->GAME [15:57:38 07/24/09] packet size: 13 CRYPTED, Flags: 7f ServerSeq: 7 ClientSeq: 236
02 04 01 00 3c 01 06 81 51 00 00 00 00 
....<...Q....

GAME->Client [15:57:38 07/24/09] packet size: 5 CRYPTED, Flags: 7f ServerSeq: 200 ClientSeq: 10
82 4a 51 ba 47 
.JQ.G

Client->GAME [15:57:38 07/24/09] packet size: 1 CRYPTED, Flags: 7f ServerSeq: 8 ClientSeq: 237
02 
.

GAME->Client [15:57:38 07/24/09] packet size: 72 CRYPTED, Flags: 7f ServerSeq: 201 ClientSeq: 12
02 03 02 00 03 09 08 00 96 69 84 c7 f5 29 d3 43 77 39 81 46 8f 9b af 05 80 80 b0 b2 aa af 05 00 
00 00 c0 0f ab f0 c0 00 00 00 00 00 7e a3 40 00 00 00 80 fb 93 cf 40 10 e3 00 00 00 04 01 01 5c 
01 06 80 c3 20 3b 57 01 
.........i...).Cw9.F........................~.@.......@........\.... ;W.

Client->GAME [15:57:38 07/24/09] packet size: 9 CRYPTED, Flags: 7f ServerSeq: 9 ClientSeq: 238
02 03 02 00 01 04 a5 00 00 
.........

GAME->Client [15:57:38 07/24/09] packet size: 205 CRYPTED, Flags: 7f ServerSeq: 202 ClientSeq: 13
02 03 02 00 03 09 08 00 7c 71 84 c7 e8 45 37 44 d1 20 81 46 0c 9c af 05 ff 01 64 01 00 00 00 00 
00 00 00 00 00 00 00 08 41 6e 64 65 72 73 6f 6e 06 54 68 6f 6d 61 73 ff 00 00 23 1a e9 90 80 b0 
04 02 02 8e 00 00 00 01 00 00 00 00 00 00 00 00 00 00 00 00 00 00 ff 28 0a 32 00 00 7a 44 04 00 
b2 aa af 05 00 00 00 c0 0f ab f0 c0 00 00 00 00 00 7e a3 40 00 00 00 80 fb 93 cf 40 00 ff 00 00 
00 00 00 f7 00 00 00 e3 00 00 00 00 00 28 0a ff 00 31 5e 00 00 00 00 00 00 00 21 0a 00 28 01 00 
00 00 00 ff 00 00 00 00 00 00 00 00 00 00 00 00 80 3f 11 00 00 00 4b b1 00 00 71 02 00 00 3f 00 
00 00 01 22 00 00 00 00 00 00 00 00 00 
........|q...E7D. .F......d.............Anderson.Thomas...#............................(.2..zD..
.................~.@.......@.................(...1^.......!..(...................?....K...q...?.
...".........

Client->GAME [15:57:38 07/24/09] packet size: 1 CRYPTED, Flags: 7f ServerSeq: 10 ClientSeq: 239
02 
.

GAME->Client [15:57:38 07/24/09] packet size: 203 CRYPTED, Flags: 7f ServerSeq: 203 ClientSeq: 14
02 03 02 00 03 08 e3 78 84 c7 00 59 7c 44 b6 09 81 46 89 9c af 05 ff 01 64 01 00 00 00 00 00 00 
00 00 00 00 00 08 41 6e 64 65 72 73 6f 6e 06 54 68 6f 6d 61 73 ff 00 00 23 1a e9 90 80 b0 04 02 
02 8e 00 00 00 01 00 00 00 00 00 00 00 00 00 00 00 00 00 00 ff 28 0a 32 00 00 7a 44 04 00 b2 aa 
af 05 00 00 00 c0 0f ab f0 c0 00 00 00 00 00 7e a3 40 00 00 00 80 fb 93 cf 40 00 ff 00 00 00 00 
00 f7 00 00 00 e3 00 00 00 00 00 28 0a ff 00 31 5e 00 00 00 00 00 00 00 21 0a 00 28 01 00 00 00 
00 ff 00 00 00 00 00 00 00 00 00 00 00 00 80 3f 11 00 00 00 4b b1 00 00 71 02 00 00 3f 00 00 00 
01 22 00 00 00 00 00 00 00 00 00 
.......x...Y|D...F......d.............Anderson.Thomas...#............................(.2..zD....
...............~.@.......@.................(...1^.......!..(...................?....K...q...?...
.".........

Client->GAME [15:57:38 07/24/09] packet size: 1 CRYPTED, Flags: 7f ServerSeq: 11 ClientSeq: 240
02 
.

GAME->Client [15:57:38 07/24/09] packet size: 203 CRYPTED, Flags: 7f ServerSeq: 204 ClientSeq: 15
02 03 02 00 03 08 c9 80 84 c7 00 02 a1 44 11 f1 80 46 06 9d af 05 ff 01 64 01 00 00 00 00 00 00 
00 00 00 00 00 08 41 6e 64 65 72 73 6f 6e 06 54 68 6f 6d 61 73 ff 00 00 23 1a e9 90 80 b0 04 02 
02 8e 00 00 00 01 00 00 00 00 00 00 00 00 00 00 00 00 00 00 ff 28 0a 32 00 00 7a 44 04 00 b2 aa 
af 05 00 00 00 c0 0f ab f0 c0 00 00 00 00 00 7e a3 40 00 00 00 80 fb 93 cf 40 00 ff 00 00 00 00 
00 f7 00 00 00 e3 00 00 00 00 00 28 0a ff 00 31 5e 00 00 00 00 00 00 00 21 0a 00 28 01 00 00 00 
00 ff 00 00 00 00 00 00 00 00 00 00 00 00 80 3f 11 00 00 00 4b b1 00 00 71 02 00 00 3f 00 00 00 
01 22 00 00 00 00 00 00 00 00 00 
.............D...F......d.............Anderson.Thomas...#............................(.2..zD....
...............~.@.......@.................(...1^.......!..(...................?....K...q...?...
.".........

Client->GAME [15:57:38 07/24/09] packet size: 1 CRYPTED, Flags: 7f ServerSeq: 12 ClientSeq: 241
02 
.

GAME->Client [15:57:38 07/24/09] packet size: 203 CRYPTED, Flags: 7f ServerSeq: 205 ClientSeq: 15
02 03 02 00 03 08 30 88 84 c7 c6 c8 bf 44 f6 d9 80 46 83 9d af 05 ff 01 64 01 00 00 00 00 00 00 
00 00 00 00 00 08 41 6e 64 65 72 73 6f 6e 06 54 68 6f 6d 61 73 ff 00 00 23 1a e9 90 80 b0 04 02 
02 8e 00 00 00 01 00 00 00 00 00 00 00 00 00 00 00 00 00 00 ff 28 0a 32 00 00 7a 44 04 00 b2 aa 
af 05 00 00 00 c0 0f ab f0 c0 00 00 00 00 00 7e a3 40 00 00 00 80 fb 93 cf 40 00 ff 00 00 00 00 
00 f7 00 00 00 e3 00 00 00 00 00 28 0a ff 00 31 5e 00 00 00 00 00 00 00 21 0a 00 28 01 00 00 00 
00 ff 00 00 00 00 00 00 00 00 00 00 00 00 80 3f 11 00 00 00 4b b1 00 00 71 02 00 00 3f 00 00 00 
01 22 00 00 00 00 00 00 00 00 00 
......0......D...F......d.............Anderson.Thomas...#............................(.2..zD....
...............~.@.......@.................(...1^.......!..(...................?....K...q...?...
.".........

Client->GAME [15:57:38 07/24/09] packet size: 1 CRYPTED, Flags: 7f ServerSeq: 13 ClientSeq: 242
02 
.

GAME->Client [15:57:39 07/24/09] packet size: 203 CRYPTED, Flags: 7f ServerSeq: 206 ClientSeq: 1
02 03 02 00 03 08 16 90 84 c7 52 9b de 44 51 c1 80 46 00 9e af 05 ff 01 64 01 00 00 00 00 00 00 
00 00 00 00 00 08 41 6e 64 65 72 73 6f 6e 06 54 68 6f 6d 61 73 ff 00 00 23 1a e9 90 80 b0 04 02 
02 8e 00 00 00 01 00 00 00 00 00 00 00 00 00 00 00 00 00 00 ff 28 0a 32 00 00 7a 44 04 00 b2 aa 
af 05 00 00 00 c0 0f ab f0 c0 00 00 00 00 00 7e a3 40 00 00 00 80 fb 93 cf 40 00 ff 00 00 00 00 
00 f7 00 00 00 e3 00 00 00 00 00 28 0a ff 00 31 5e 00 00 00 00 00 00 00 21 0a 00 28 01 00 00 00 
00 ff 00 00 00 00 00 00 00 00 00 00 00 00 80 3f 11 00 00 00 4b b1 00 00 71 02 00 00 3f 00 00 00 
01 22 00 00 00 00 00 00 00 00 00 
..........R..DQ..F......d.............Anderson.Thomas...#............................(.2..zD....
...............~.@.......@.................(...1^.......!..(...................?....K...q...?...
.".........

Client->GAME [15:57:39 07/24/09] packet size: 1 CRYPTED, Flags: 7f ServerSeq: 14 ClientSeq: 243
02 
.

GAME->Client [15:57:39 07/24/09] packet size: 203 CRYPTED, Flags: 7f ServerSeq: 207 ClientSeq: 2
02 03 02 00 03 08 fc 97 84 c7 d2 5b fb 44 ab a8 80 46 7d 9e af 05 ff 01 64 01 00 00 00 00 00 00 
00 00 00 00 00 08 41 6e 64 65 72 73 6f 6e 06 54 68 6f 6d 61 73 ff 00 00 23 1a e9 90 80 b0 04 02 
02 8e 00 00 00 01 00 00 00 00 00 00 00 00 00 00 00 00 00 00 ff 28 0a 32 00 00 7a 44 04 00 b2 aa 
af 05 00 00 00 c0 0f ab f0 c0 00 00 00 00 00 7e a3 40 00 00 00 80 fb 93 cf 40 00 ff 00 00 00 00 
00 f7 00 00 00 e3 00 00 00 00 00 28 0a ff 00 31 5e 00 00 00 00 00 00 00 21 0a 00 28 01 00 00 00 
00 ff 00 00 00 00 00 00 00 00 00 00 00 00 80 3f 11 00 00 00 4b b1 00 00 71 02 00 00 3f 00 00 00 
01 22 00 00 00 00 00 00 00 00 00 
...........[.D...F}.....d.............Anderson.Thomas...#............................(.2..zD....
...............~.@.......@.................(...1^.......!..(...................?....K...q...?...
.".........

Client->GAME [15:57:39 07/24/09] packet size: 1 CRYPTED, Flags: 7f ServerSeq: 15 ClientSeq: 244
02 
.

GAME->Client [15:57:39 07/24/09] packet size: 265 CRYPTED, Flags: 7f ServerSeq: 208 ClientSeq: 3
02 03 02 00 03 08 63 9f 84 c7 74 37 0a 45 91 91 80 46 fa 9e af 05 ff 01 64 01 00 00 00 00 00 00 
00 00 00 00 00 08 41 6e 64 65 72 73 6f 6e 06 54 68 6f 6d 61 73 ff 00 00 23 1a e9 90 80 b0 04 02 
02 8e 00 00 00 01 00 00 00 00 00 00 00 00 00 00 00 00 00 00 ff 28 0a 32 00 00 7a 44 04 00 b2 aa 
af 05 00 00 00 c0 0f ab f0 c0 00 00 00 00 00 7e a3 40 00 00 00 80 fb 93 cf 40 00 ff 00 00 00 00 
00 f7 00 00 00 e3 00 00 00 00 00 28 0a ff 00 31 5e 00 00 00 00 00 00 00 21 0a 00 28 01 00 00 00 
00 ff 00 00 00 00 00 00 00 00 00 00 00 00 80 3f 11 00 00 00 4b b1 00 00 71 02 00 00 3f 00 00 00 
01 22 00 00 00 00 00 00 00 01 00 08 9f 01 14 00 f0 34 42 cd ab 03 84 00 00 00 00 f2 04 35 3f 00 
00 00 00 f4 04 35 bf 11 00 00 00 00 80 8d f0 c0 00 00 00 00 00 e2 a3 40 00 00 00 00 00 aa ce 40 
ff ff ff ff 0d 00 00 00 00 
......c...t7.E...F......d.............Anderson.Thomas...#............................(.2..zD....
...............~.@.......@.................(...1^.......!..(...................?....K...q...?...
."...............4B..........5?......5.................@.......@.........

Client->GAME [15:57:39 07/24/09] packet size: 1 CRYPTED, Flags: 7f ServerSeq: 0 ClientSeq: 245
02 
.

GAME->Client [15:57:39 07/24/09] packet size: 34 CRYPTED, Flags: 7f ServerSeq: 209 ClientSeq: 4
82 da 51 ba 47 03 02 00 03 08 49 a7 84 c7 39 96 16 45 eb 78 80 46 77 9f af 05 80 80 80 10 e7 00 
00 00 
..Q.G.....I...9..E.x.Fw...........

Client->GAME [15:57:39 07/24/09] packet size: 1 CRYPTED, Flags: 7f ServerSeq: 1 ClientSeq: 246
02 
.

GAME->Client [15:57:39 07/24/09] packet size: 203 CRYPTED, Flags: 7f ServerSeq: 210 ClientSeq: 5
02 03 02 00 03 08 b1 ae 84 c7 61 3e 21 45 d0 61 80 46 f4 9f af 05 ff 01 64 01 00 00 00 00 00 00 
00 00 00 00 00 08 41 6e 64 65 72 73 6f 6e 06 54 68 6f 6d 61 73 ff 00 00 23 1a e9 90 80 b0 04 02 
02 8e 00 00 00 01 00 00 00 00 00 00 00 00 00 00 00 00 00 00 ff 28 0a 32 00 00 7a 44 04 00 b2 aa 
af 05 00 00 00 c0 0f ab f0 c0 00 00 00 00 00 7e a3 40 00 00 00 80 fb 93 cf 40 00 ff 00 00 00 00 
00 f7 00 00 00 e7 00 00 00 00 00 28 0a ff 00 31 5e 00 00 00 00 00 00 00 21 0a 00 28 01 00 00 00 
00 ff 00 00 00 00 00 00 00 00 00 00 00 00 80 3f 11 00 00 00 4b b1 00 00 71 02 00 00 3f 00 00 00 
01 22 00 00 00 00 00 00 00 00 00 
..........a>!E.a.F......d.............Anderson.Thomas...#............................(.2..zD....
...............~.@.......@.................(...1^.......!..(...................?....K...q...?...
.".........

Client->GAME [15:57:39 07/24/09] packet size: 1 CRYPTED, Flags: 7f ServerSeq: 2 ClientSeq: 247
02 
.

GAME->Client [15:57:39 07/24/09] packet size: 203 CRYPTED, Flags: 7f ServerSeq: 211 ClientSeq: 6
02 03 02 00 03 08 97 b6 84 c7 ab 9b 2b 45 2b 49 80 46 71 a0 af 05 ff 01 64 01 00 00 00 00 00 00 
00 00 00 00 00 08 41 6e 64 65 72 73 6f 6e 06 54 68 6f 6d 61 73 ff 00 00 23 1a e9 90 80 b0 04 02 
02 8e 00 00 00 01 00 00 00 00 00 00 00 00 00 00 00 00 00 00 ff 28 0a 32 00 00 7a 44 04 00 b2 aa 
af 05 00 00 00 c0 0f ab f0 c0 00 00 00 00 00 7e a3 40 00 00 00 80 fb 93 cf 40 00 ff 00 00 00 00 
00 f7 00 00 00 e7 00 00 00 00 00 28 0a ff 00 31 5e 00 00 00 00 00 00 00 21 0a 00 28 01 00 00 00 
00 ff 00 00 00 00 00 00 00 00 00 00 00 00 80 3f 11 00 00 00 4b b1 00 00 71 02 00 00 3f 00 00 00 
01 22 00 00 00 00 00 00 00 00 00 
............+E+I.Fq.....d.............Anderson.Thomas...#............................(.2..zD....
...............~.@.......@.................(...1^.......!..(...................?....K...q...?...
.".........

Client->GAME [15:57:39 07/24/09] packet size: 1 CRYPTED, Flags: 7f ServerSeq: 3 ClientSeq: 248
02 
.

GAME->Client [15:57:39 07/24/09] packet size: 203 CRYPTED, Flags: 7f ServerSeq: 212 ClientSeq: 7
02 03 02 00 03 08 7c be 84 c7 f0 ef 34 45 86 30 80 46 ee a0 af 05 ff 01 64 01 00 00 00 00 00 00 
00 00 00 00 00 08 41 6e 64 65 72 73 6f 6e 06 54 68 6f 6d 61 73 ff 00 00 23 1a e9 90 80 b0 04 02 
02 8e 00 00 00 01 00 00 00 00 00 00 00 00 00 00 00 00 00 00 ff 28 0a 32 00 00 7a 44 04 00 b2 aa 
af 05 00 00 00 c0 0f ab f0 c0 00 00 00 00 00 7e a3 40 00 00 00 80 fb 93 cf 40 00 ff 00 00 00 00 
00 f7 00 00 00 e7 00 00 00 00 00 28 0a ff 00 31 5e 00 00 00 00 00 00 00 21 0a 00 28 01 00 00 00 
00 ff 00 00 00 00 00 00 00 00 00 00 00 00 80 3f 11 00 00 00 4b b1 00 00 71 02 00 00 3f 00 00 00 
01 22 00 00 00 00 00 00 00 00 00 
......|.....4E.0.F......d.............Anderson.Thomas...#............................(.2..zD....
...............~.@.......@.................(...1^.......!..(...................?....K...q...?...
.".........

Client->GAME [15:57:39 07/24/09] packet size: 1 CRYPTED, Flags: 7f ServerSeq: 4 ClientSeq: 249
02 
.

GAME->Client [15:57:39 07/24/09] packet size: 203 CRYPTED, Flags: 7f ServerSeq: 213 ClientSeq: 8
02 03 02 00 03 08 e4 c5 84 c7 3f be 3c 45 6b 19 80 46 6b a1 af 05 ff 01 64 01 00 00 00 00 00 00 
00 00 00 00 00 08 41 6e 64 65 72 73 6f 6e 06 54 68 6f 6d 61 73 ff 00 00 23 1a e9 90 80 b0 04 02 
02 8e 00 00 00 01 00 00 00 00 00 00 00 00 00 00 00 00 00 00 ff 28 0a 32 00 00 7a 44 04 00 b2 aa 
af 05 00 00 00 c0 0f ab f0 c0 00 00 00 00 00 7e a3 40 00 00 00 80 fb 93 cf 40 00 ff 00 00 00 00 
00 f7 00 00 00 e7 00 00 00 00 00 28 0a ff 00 31 5e 00 00 00 00 00 00 00 21 0a 00 28 01 00 00 00 
00 ff 00 00 00 00 00 00 00 00 00 00 00 00 80 3f 11 00 00 00 4b b1 00 00 71 02 00 00 3f 00 00 00 
01 22 00 00 00 00 00 00 00 00 00 
..........?.<Ek..Fk.....d.............Anderson.Thomas...#............................(.2..zD....
...............~.@.......@.................(...1^.......!..(...................?....K...q...?...
.".........

Client->GAME [15:57:39 07/24/09] packet size: 1 CRYPTED, Flags: 7f ServerSeq: 5 ClientSeq: 250
02 
.

GAME->Client [15:57:40 07/24/09] packet size: 203 CRYPTED, Flags: 7f ServerSeq: 214 ClientSeq: 9
02 03 02 00 03 08 ca cd 84 c7 0a 11 44 45 c5 00 80 46 e8 a1 af 05 ff 01 64 01 00 00 00 00 00 00 
00 00 00 00 00 08 41 6e 64 65 72 73 6f 6e 06 54 68 6f 6d 61 73 ff 00 00 23 1a e9 90 80 b0 04 02 
02 8e 00 00 00 01 00 00 00 00 00 00 00 00 00 00 00 00 00 00 ff 28 0a 32 00 00 7a 44 04 00 b2 aa 
af 05 00 00 00 c0 0f ab f0 c0 00 00 00 00 00 7e a3 40 00 00 00 80 fb 93 cf 40 00 ff 00 00 00 00 
00 f7 00 00 00 e7 00 00 00 00 00 28 0a ff 00 31 5e 00 00 00 00 00 00 00 21 0a 00 28 01 00 00 00 
00 ff 00 00 00 00 00 00 00 00 00 00 00 00 80 3f 11 00 00 00 4b b1 00 00 71 02 00 00 3f 00 00 00 
01 22 00 00 00 00 00 00 00 00 00 
............DE...F......d.............Anderson.Thomas...#............................(.2..zD....
...............~.@.......@.................(...1^.......!..(...................?....K...q...?...
.".........

Client->GAME [15:57:40 07/24/09] packet size: 1 CRYPTED, Flags: 7f ServerSeq: 6 ClientSeq: 251
02 
.

GAME->Client [15:57:40 07/24/09] packet size: 203 CRYPTED, Flags: 7f ServerSeq: 215 ClientSeq: 10
02 03 02 00 03 08 b0 d5 84 c7 cf 5a 4a 45 40 d0 7f 46 65 a2 af 05 ff 01 64 01 00 00 00 00 00 00 
00 00 00 00 00 08 41 6e 64 65 72 73 6f 6e 06 54 68 6f 6d 61 73 ff 00 00 23 1a e9 90 80 b0 04 02 
02 8e 00 00 00 01 00 00 00 00 00 00 00 00 00 00 00 00 00 00 ff 28 0a 32 00 00 7a 44 04 00 b2 aa 
af 05 00 00 00 c0 0f ab f0 c0 00 00 00 00 00 7e a3 40 00 00 00 80 fb 93 cf 40 00 ff 00 00 00 00 
00 f7 00 00 00 e7 00 00 00 00 00 28 0a ff 00 31 5e 00 00 00 00 00 00 00 21 0a 00 28 01 00 00 00 
00 ff 00 00 00 00 00 00 00 00 00 00 00 00 80 3f 11 00 00 00 4b b1 00 00 71 02 00 00 3f 00 00 00 
01 22 00 00 00 00 00 00 00 00 00 
...........ZJE@..Fe.....d.............Anderson.Thomas...#............................(.2..zD....
...............~.@.......@.................(...1^.......!..(...................?....K...q...?...
.".........

Client->GAME [15:57:40 07/24/09] packet size: 1 CRYPTED, Flags: 7f ServerSeq: 7 ClientSeq: 252
02 
.

GAME->Client [15:57:40 07/24/09] packet size: 203 CRYPTED, Flags: 7f ServerSeq: 216 ClientSeq: 11
02 03 02 00 03 08 17 dd 84 c7 46 4f 4f 45 0a a2 7f 46 e2 a2 af 05 ff 01 64 01 00 00 00 00 00 00 
00 00 00 00 00 08 41 6e 64 65 72 73 6f 6e 06 54 68 6f 6d 61 73 ff 00 00 23 1a e9 90 80 b0 04 02 
02 8e 00 00 00 01 00 00 00 00 00 00 00 00 00 00 00 00 00 00 ff 28 0a 32 00 00 7a 44 04 00 b2 aa 
af 05 00 00 00 c0 0f ab f0 c0 00 00 00 00 00 7e a3 40 00 00 00 80 fb 93 cf 40 00 ff 00 00 00 00 
00 f7 00 00 00 e7 00 00 00 00 00 28 0a ff 00 31 5e 00 00 00 00 00 00 00 21 0a 00 28 01 00 00 00 
00 ff 00 00 00 00 00 00 00 00 00 00 00 00 80 3f 11 00 00 00 4b b1 00 00 71 02 00 00 3f 00 00 00 
01 22 00 00 00 00 00 00 00 00 00 
..........FOOE...F......d.............Anderson.Thomas...#............................(.2..zD....
...............~.@.......@.................(...1^.......!..(...................?....K...q...?...
.".........

Client->GAME [15:57:40 07/24/09] packet size: 1 CRYPTED, Flags: 7f ServerSeq: 8 ClientSeq: 253
02 
.

GAME->Client [15:57:40 07/24/09] packet size: 30 CRYPTED, Flags: 7f ServerSeq: 217 ClientSeq: 12
02 03 02 00 03 08 fd e4 84 c7 90 97 53 45 bf 70 7f 46 5f a3 af 05 80 80 80 10 eb 00 00 00 
............SE.p.F_...........

Client->GAME [15:57:40 07/24/09] packet size: 1 CRYPTED, Flags: 7f ServerSeq: 9 ClientSeq: 254
02 
.

GAME->Client [15:57:40 07/24/09] packet size: 207 CRYPTED, Flags: 7f ServerSeq: 218 ClientSeq: 13
82 6a 52 ba 47 03 02 00 03 08 e3 ec 84 c7 d4 d6 56 45 75 3f 7f 46 dc a3 af 05 ff 01 64 01 00 00 
00 00 00 00 00 00 00 00 00 08 41 6e 64 65 72 73 6f 6e 06 54 68 6f 6d 61 73 ff 00 00 23 1a e9 90 
80 b0 04 02 02 8e 00 00 00 01 00 00 00 00 00 00 00 00 00 00 00 00 00 00 ff 28 0a 32 00 00 7a 44 
04 00 b2 aa af 05 00 00 00 c0 0f ab f0 c0 00 00 00 00 00 7e a3 40 00 00 00 80 fb 93 cf 40 00 ff 
00 00 00 00 00 f7 00 00 00 eb 00 00 00 00 00 28 0a ff 00 31 5e 00 00 00 00 00 00 00 21 0a 00 28 
01 00 00 00 00 ff 00 00 00 00 00 00 00 00 00 00 00 00 80 3f 11 00 00 00 4b b1 00 00 71 02 00 00 
3f 00 00 00 01 22 00 00 00 00 00 00 00 00 00 
.jR.G...........VEu?.F......d.............Anderson.Thomas...#............................(.2..zD
...................~.@.......@.................(...1^.......!..(...................?....K...q...
?....".........

Client->GAME [15:57:40 07/24/09] packet size: 1 CRYPTED, Flags: 7f ServerSeq: 10 ClientSeq: 255
02 
.

GAME->Client [15:57:40 07/24/09] packet size: 203 CRYPTED, Flags: 7f ServerSeq: 219 ClientSeq: 14
02 03 02 00 03 08 4a f4 84 c7 73 f1 58 45 3f 11 7f 46 59 a4 af 05 ff 01 64 01 00 00 00 00 00 00 
00 00 00 00 00 08 41 6e 64 65 72 73 6f 6e 06 54 68 6f 6d 61 73 ff 00 00 23 1a e9 90 80 b0 04 02 
02 8e 00 00 00 01 00 00 00 00 00 00 00 00 00 00 00 00 00 00 ff 28 0a 32 00 00 7a 44 04 00 b2 aa 
af 05 00 00 00 c0 0f ab f0 c0 00 00 00 00 00 7e a3 40 00 00 00 80 fb 93 cf 40 00 ff 00 00 00 00 
00 f7 00 00 00 eb 00 00 00 00 00 28 0a ff 00 31 5e 00 00 00 00 00 00 00 21 0a 00 28 01 00 00 00 
00 ff 00 00 00 00 00 00 00 00 00 00 00 00 80 3f 11 00 00 00 4b b1 00 00 71 02 00 00 3f 00 00 00 
01 22 00 00 00 00 00 00 00 00 00 
......J...s.XE?..FY.....d.............Anderson.Thomas...#............................(.2..zD....
...............~.@.......@.................(...1^.......!..(...................?....K...q...?...
.".........

Client->GAME [15:57:40 07/24/09] packet size: 1 CRYPTED, Flags: 7f ServerSeq: 11 ClientSeq: 256
02 
.

GAME->Client [15:57:40 07/24/09] packet size: 203 CRYPTED, Flags: 7f ServerSeq: 220 ClientSeq: 15
02 03 02 00 03 08 30 fc 84 c7 3d 2f 5a 45 f4 df 7e 46 d6 a4 af 05 ff 01 64 01 00 00 00 00 00 00 
00 00 00 00 00 08 41 6e 64 65 72 73 6f 6e 06 54 68 6f 6d 61 73 ff 00 00 23 1a e9 90 80 b0 04 02 
02 8e 00 00 00 01 00 00 00 00 00 00 00 00 00 00 00 00 00 00 ff 28 0a 32 00 00 7a 44 04 00 b2 aa 
af 05 00 00 00 c0 0f ab f0 c0 00 00 00 00 00 7e a3 40 00 00 00 80 fb 93 cf 40 00 ff 00 00 00 00 
00 f7 00 00 00 eb 00 00 00 00 00 28 0a ff 00 31 5e 00 00 00 00 00 00 00 21 0a 00 28 01 00 00 00 
00 ff 00 00 00 00 00 00 00 00 00 00 00 00 80 3f 11 00 00 00 4b b1 00 00 71 02 00 00 3f 00 00 00 
01 22 00 00 00 00 00 00 00 00 00 
......0...=/ZE..~F......d.............Anderson.Thomas...#............................(.2..zD....
...............~.@.......@.................(...1^.......!..(...................?....K...q...?...
.".........

Client->GAME [15:57:40 07/24/09] packet size: 1 CRYPTED, Flags: 7f ServerSeq: 12 ClientSeq: 257
02 
.

GAME->Client [15:57:40 07/24/09] packet size: 203 CRYPTED, Flags: 7f ServerSeq: 221 ClientSeq: 256
02 03 02 00 03 08 97 03 85 c7 79 68 5a 45 be b1 7e 46 53 a5 af 05 ff 01 64 01 00 00 00 00 00 00 
00 00 00 00 00 08 41 6e 64 65 72 73 6f 6e 06 54 68 6f 6d 61 73 ff 00 00 23 1a e9 90 80 b0 04 02 
02 8e 00 00 00 01 00 00 00 00 00 00 00 00 00 00 00 00 00 00 ff 28 0a 32 00 00 7a 44 04 00 b2 aa 
af 05 00 00 00 c0 0f ab f0 c0 00 00 00 00 00 7e a3 40 00 00 00 80 fb 93 cf 40 00 ff 00 00 00 00 
00 f7 00 00 00 eb 00 00 00 00 00 28 0a ff 00 31 5e 00 00 00 00 00 00 00 21 0a 00 28 01 00 00 00 
00 ff 00 00 00 00 00 00 00 00 00 00 00 00 80 3f 11 00 00 00 4b b1 00 00 71 02 00 00 3f 00 00 00 
01 22 00 00 00 00 00 00 00 00 00 
..........yhZE..~FS.....d.............Anderson.Thomas...#............................(.2..zD....
...............~.@.......@.................(...1^.......!..(...................?....K...q...?...
.".........

Client->GAME [15:57:40 07/24/09] packet size: 1 CRYPTED, Flags: 7f ServerSeq: 13 ClientSeq: 258
02 
.

GAME->Client [15:57:40 07/24/09] packet size: 203 CRYPTED, Flags: 7f ServerSeq: 222 ClientSeq: 257
02 03 02 00 03 08 7d 0b 85 c7 c8 a4 59 45 74 80 7e 46 d1 a5 af 05 ff 01 64 01 00 00 00 00 00 00 
00 00 00 00 00 08 41 6e 64 65 72 73 6f 6e 06 54 68 6f 6d 61 73 ff 00 00 23 1a e9 90 80 b0 04 02 
02 8e 00 00 00 01 00 00 00 00 00 00 00 00 00 00 00 00 00 00 ff 28 0a 32 00 00 7a 44 04 00 b2 aa 
af 05 00 00 00 c0 0f ab f0 c0 00 00 00 00 00 7e a3 40 00 00 00 80 fb 93 cf 40 00 ff 00 00 00 00 
00 f7 00 00 00 eb 00 00 00 00 00 28 0a ff 00 31 5e 00 00 00 00 00 00 00 21 0a 00 28 01 00 00 00 
00 ff 00 00 00 00 00 00 00 00 00 00 00 00 80 3f 11 00 00 00 4b b1 00 00 71 02 00 00 3f 00 00 00 
01 22 00 00 00 00 00 00 00 00 00 
......}.....YEt.~F......d.............Anderson.Thomas...#............................(.2..zD....
...............~.@.......@.................(...1^.......!..(...................?....K...q...?...
.".........

Client->GAME [15:57:41 07/24/09] packet size: 1 CRYPTED, Flags: 7f ServerSeq: 14 ClientSeq: 259
02 
.

GAME->Client [15:57:41 07/24/09] packet size: 203 CRYPTED, Flags: 7f ServerSeq: 223 ClientSeq: 258
02 03 02 00 03 08 63 13 85 c7 11 d8 57 45 29 4f 7e 46 4d a6 af 05 ff 01 64 01 00 00 00 00 00 00 
00 00 00 00 00 08 41 6e 64 65 72 73 6f 6e 06 54 68 6f 6d 61 73 ff 00 00 23 1a e9 90 80 b0 04 02 
02 8e 00 00 00 01 00 00 00 00 00 00 00 00 00 00 00 00 00 00 ff 28 0a 32 00 00 7a 44 04 00 b2 aa 
af 05 00 00 00 c0 0f ab f0 c0 00 00 00 00 00 7e a3 40 00 00 00 80 fb 93 cf 40 00 ff 00 00 00 00 
00 f7 00 00 00 eb 00 00 00 00 00 28 0a ff 00 31 5e 00 00 00 00 00 00 00 21 0a 00 28 01 00 00 00 
00 ff 00 00 00 00 00 00 00 00 00 00 00 00 80 3f 11 00 00 00 4b b1 00 00 71 02 00 00 3f 00 00 00 
01 22 00 00 00 00 00 00 00 00 00 
......c.....WE)O~FM.....d.............Anderson.Thomas...#............................(.2..zD....
...............~.@.......@.................(...1^.......!..(...................?....K...q...?...
.".........

Client->GAME [15:57:41 07/24/09] packet size: 1 CRYPTED, Flags: 7f ServerSeq: 15 ClientSeq: 260
02 
.

GAME->Client [15:57:41 07/24/09] packet size: 260 CRYPTED, Flags: 7f ServerSeq: 224 ClientSeq: 259
02 03 02 00 03 08 ca 1a 85 c7 74 37 55 45 f3 20 7e 46 ca a6 af 05 ff 01 64 01 00 00 00 00 00 00 
00 00 00 00 00 08 41 6e 64 65 72 73 6f 6e 06 54 68 6f 6d 61 73 ff 00 00 23 1a e9 90 80 b0 04 02 
02 8e 00 00 00 01 00 00 00 00 00 00 00 00 00 00 00 00 00 00 ff 28 0a 32 00 00 7a 44 04 00 b2 aa 
af 05 00 00 00 c0 0f ab f0 c0 00 00 00 00 00 7e a3 40 00 00 00 80 fb 93 cf 40 00 ff 00 00 00 00 
00 f7 00 00 00 eb 00 00 00 00 00 28 0a ff 00 31 5e 00 00 00 00 00 00 00 21 0a 00 28 01 00 00 00 
00 ff 00 00 00 00 00 00 00 00 00 00 00 00 80 3f 11 00 00 00 4b b1 00 00 71 02 00 00 3f 00 00 00 
01 22 00 00 00 00 00 00 00 01 00 08 9f 1b af 03 20 30 02 cd ab 02 09 00 00 00 60 08 92 f0 c0 00 
00 00 00 00 c0 57 40 00 00 00 00 bd 21 c4 40 00 00 00 00 3a 5e 56 3d 00 00 00 00 2f a6 7f 3f 03 
00 00 00 00 
..........t7UE. ~F......d.............Anderson.Thomas...#............................(.2..zD....
...............~.@.......@.................(...1^.......!..(...................?....K...q...?...
.".............. 0........`..........W@.....!.@....:^V=..../..?.....

Client->GAME [15:57:41 07/24/09] packet size: 1 CRYPTED, Flags: 7f ServerSeq: 0 ClientSeq: 261
02 
.

GAME->Client [15:57:41 07/24/09] packet size: 30 CRYPTED, Flags: 7f ServerSeq: 225 ClientSeq: 260
02 03 02 00 03 08 b0 22 85 c7 43 69 51 45 a8 ef 7d 46 47 a7 af 05 80 80 80 10 ef 00 00 00 
......."..CiQE..}FG...........

Client->GAME [15:57:41 07/24/09] packet size: 1 CRYPTED, Flags: 7f ServerSeq: 1 ClientSeq: 262
02 
.

GAME->Client [15:57:41 07/24/09] packet size: 203 CRYPTED, Flags: 7f ServerSeq: 226 ClientSeq: 261
02 03 02 00 03 08 18 2a 85 c7 44 e7 4c 45 72 c1 7d 46 c4 a7 af 05 ff 01 64 01 00 00 00 00 00 00 
00 00 00 00 00 08 41 6e 64 65 72 73 6f 6e 06 54 68 6f 6d 61 73 ff 00 00 23 1a e9 90 80 b0 04 02 
02 8e 00 00 00 01 00 00 00 00 00 00 00 00 00 00 00 00 00 00 ff 28 0a 32 00 00 7a 44 04 00 b2 aa 
af 05 00 00 00 c0 0f ab f0 c0 00 00 00 00 00 7e a3 40 00 00 00 80 fb 93 cf 40 00 ff 00 00 00 00 
00 f7 00 00 00 ef 00 00 00 00 00 28 0a ff 00 31 5e 00 00 00 00 00 00 00 21 0a 00 28 01 00 00 00 
00 ff 00 00 00 00 00 00 00 00 00 00 00 00 80 3f 11 00 00 00 4b b1 00 00 71 02 00 00 3f 00 00 00 
01 22 00 00 00 00 00 00 00 00 00 
.......*..D.LEr.}F......d.............Anderson.Thomas...#............................(.2..zD....
...............~.@.......@.................(...1^.......!..(...................?....K...q...?...
.".........

Client->GAME [15:57:41 07/24/09] packet size: 1 CRYPTED, Flags: 7f ServerSeq: 2 ClientSeq: 263
02 
.

GAME->Client [15:57:41 07/24/09] packet size: 207 CRYPTED, Flags: 7f ServerSeq: 227 ClientSeq: 262
82 fa 52 ba 47 03 02 00 03 08 fe 31 85 c7 98 17 47 45 28 90 7d 46 41 a8 af 05 ff 01 64 01 00 00 
00 00 00 00 00 00 00 00 00 08 41 6e 64 65 72 73 6f 6e 06 54 68 6f 6d 61 73 ff 00 00 23 1a e9 90 
80 b0 04 02 02 8e 00 00 00 01 00 00 00 00 00 00 00 00 00 00 00 00 00 00 ff 28 0a 32 00 00 7a 44 
04 00 b2 aa af 05 00 00 00 c0 0f ab f0 c0 00 00 00 00 00 7e a3 40 00 00 00 80 fb 93 cf 40 00 ff 
00 00 00 00 00 f7 00 00 00 ef 00 00 00 00 00 28 0a ff 00 31 5e 00 00 00 00 00 00 00 21 0a 00 28 
01 00 00 00 00 ff 00 00 00 00 00 00 00 00 00 00 00 00 80 3f 11 00 00 00 4b b1 00 00 71 02 00 00 
3f 00 00 00 01 22 00 00 00 00 00 00 00 00 00 
..R.G......1....GE(.}FA.....d.............Anderson.Thomas...#............................(.2..zD
...................~.@.......@.................(...1^.......!..(...................?....K...q...
?....".........

Client->GAME [15:57:41 07/24/09] packet size: 1 CRYPTED, Flags: 7f ServerSeq: 3 ClientSeq: 264
02 
.

GAME->Client [15:57:41 07/24/09] packet size: 203 CRYPTED, Flags: 7f ServerSeq: 228 ClientSeq: 263
02 03 02 00 03 08 e3 39 85 c7 e6 3e 40 45 dd 5e 7d 46 be a8 af 05 ff 01 64 01 00 00 00 00 00 00 
00 00 00 00 00 08 41 6e 64 65 72 73 6f 6e 06 54 68 6f 6d 61 73 ff 00 00 23 1a e9 90 80 b0 04 02 
02 8e 00 00 00 01 00 00 00 00 00 00 00 00 00 00 00 00 00 00 ff 28 0a 32 00 00 7a 44 04 00 b2 aa 
af 05 00 00 00 c0 0f ab f0 c0 00 00 00 00 00 7e a3 40 00 00 00 80 fb 93 cf 40 00 ff 00 00 00 00 
00 f7 00 00 00 ef 00 00 00 00 00 28 0a ff 00 31 5e 00 00 00 00 00 00 00 21 0a 00 28 01 00 00 00 
00 ff 00 00 00 00 00 00 00 00 00 00 00 00 80 3f 11 00 00 00 4b b1 00 00 71 02 00 00 3f 00 00 00 
01 22 00 00 00 00 00 00 00 00 00 
.......9...>@E.^}F......d.............Anderson.Thomas...#............................(.2..zD....
...............~.@.......@.................(...1^.......!..(...................?....K...q...?...
.".........

Client->GAME [15:57:41 07/24/09] packet size: 1 CRYPTED, Flags: 7f ServerSeq: 4 ClientSeq: 265
02 
.

GAME->Client [15:57:41 07/24/09] packet size: 203 CRYPTED, Flags: 7f ServerSeq: 229 ClientSeq: 264
02 03 02 00 03 08 4b 41 85 c7 0e e3 38 45 a7 30 7d 46 3b a9 af 05 ff 01 64 01 00 00 00 00 00 00 
00 00 00 00 00 08 41 6e 64 65 72 73 6f 6e 06 54 68 6f 6d 61 73 ff 00 00 23 1a e9 90 80 b0 04 02 
02 8e 00 00 00 01 00 00 00 00 00 00 00 00 00 00 00 00 00 00 ff 28 0a 32 00 00 7a 44 04 00 b2 aa 
af 05 00 00 00 c0 0f ab f0 c0 00 00 00 00 00 7e a3 40 00 00 00 80 fb 93 cf 40 00 ff 00 00 00 00 
00 f7 00 00 00 ef 00 00 00 00 00 28 0a ff 00 31 5e 00 00 00 00 00 00 00 21 0a 00 28 01 00 00 00 
00 ff 00 00 00 00 00 00 00 00 00 00 00 00 80 3f 11 00 00 00 4b b1 00 00 71 02 00 00 3f 00 00 00 
01 22 00 00 00 00 00 00 00 00 00 
......KA....8E.0}F;.....d.............Anderson.Thomas...#............................(.2..zD....
...............~.@.......@.................(...1^.......!..(...................?....K...q...?...
.".........

Client->GAME [15:57:41 07/24/09] packet size: 1 CRYPTED, Flags: 7f ServerSeq: 5 ClientSeq: 266
02 
.

GAME->Client [15:57:41 07/24/09] packet size: 203 CRYPTED, Flags: 7f ServerSeq: 230 ClientSeq: 265
02 03 02 00 03 08 31 49 85 c7 e2 08 30 45 5d ff 7c 46 b8 a9 af 05 ff 01 64 01 00 00 00 00 00 00 
00 00 00 00 00 08 41 6e 64 65 72 73 6f 6e 06 54 68 6f 6d 61 73 ff 00 00 23 1a e9 90 80 b0 04 02 
02 8e 00 00 00 01 00 00 00 00 00 00 00 00 00 00 00 00 00 00 ff 28 0a 32 00 00 7a 44 04 00 b2 aa 
af 05 00 00 00 c0 0f ab f0 c0 00 00 00 00 00 7e a3 40 00 00 00 80 fb 93 cf 40 00 ff 00 00 00 00 
00 f7 00 00 00 ef 00 00 00 00 00 28 0a ff 00 31 5e 00 00 00 00 00 00 00 21 0a 00 28 01 00 00 00 
00 ff 00 00 00 00 00 00 00 00 00 00 00 00 80 3f 11 00 00 00 4b b1 00 00 71 02 00 00 3f 00 00 00 
01 22 00 00 00 00 00 00 00 00 00 
......1I....0E].|F......d.............Anderson.Thomas...#............................(.2..zD....
...............~.@.......@.................(...1^.......!..(...................?....K...q...?...
.".........

Client->GAME [15:57:41 07/24/09] packet size: 1 CRYPTED, Flags: 7f ServerSeq: 6 ClientSeq: 267
02 
.

GAME->Client [15:57:42 07/24/09] packet size: 203 CRYPTED, Flags: 7f ServerSeq: 231 ClientSeq: 266
02 03 02 00 03 08 17 51 85 c7 b1 25 26 45 12 ce 7c 46 35 aa af 05 ff 01 64 01 00 00 00 00 00 00 
00 00 00 00 00 08 41 6e 64 65 72 73 6f 6e 06 54 68 6f 6d 61 73 ff 00 00 23 1a e9 90 80 b0 04 02 
02 8e 00 00 00 01 00 00 00 00 00 00 00 00 00 00 00 00 00 00 ff 28 0a 32 00 00 7a 44 04 00 b2 aa 
af 05 00 00 00 c0 0f ab f0 c0 00 00 00 00 00 7e a3 40 00 00 00 80 fb 93 cf 40 00 ff 00 00 00 00 
00 f7 00 00 00 ef 00 00 00 00 00 28 0a ff 00 31 5e 00 00 00 00 00 00 00 21 0a 00 28 01 00 00 00 
00 ff 00 00 00 00 00 00 00 00 00 00 00 00 80 3f 11 00 00 00 4b b1 00 00 71 02 00 00 3f 00 00 00 
01 22 00 00 00 00 00 00 00 00 00 
.......Q...%&E..|F5.....d.............Anderson.Thomas...#............................(.2..zD....
...............~.@.......@.................(...1^.......!..(...................?....K...q...?...
.".........

Client->GAME [15:57:42 07/24/09] packet size: 1 CRYPTED, Flags: 7f ServerSeq: 7 ClientSeq: 268
02 
.

Client->GAME [15:57:42 07/24/09] packet size: 20 CRYPTED, Flags: 7f ServerSeq: 7 ClientSeq: 269
02 03 02 00 01 08 7e 58 85 c7 00 f0 1b 45 dc 9f 7c 46 00 00 
......~X.....E..|F..

GAME->Client [15:57:42 07/24/09] packet size: 205 CRYPTED, Flags: 7f ServerSeq: 232 ClientSeq: 267
02 03 02 00 03 09 00 00 7e 58 85 c7 00 f0 1b 45 dc 9f 7c 46 b2 aa af 05 ff 01 64 01 00 00 00 00 
00 00 00 00 00 00 00 08 41 6e 64 65 72 73 6f 6e 06 54 68 6f 6d 61 73 ff 00 00 23 1a e9 90 80 b0 
04 02 02 8e 00 00 00 01 00 00 00 00 00 00 00 00 00 00 00 00 00 00 ff 28 0a 32 00 00 7a 44 04 00 
b2 aa af 05 00 00 00 c0 0f ab f0 c0 00 00 00 00 00 7e a3 40 00 00 00 80 fb 93 cf 40 00 ff 00 00 
00 00 00 f7 00 00 00 ef 00 00 00 00 00 28 0a ff 00 31 5e 00 00 00 00 00 00 00 21 0a 00 28 01 00 
00 00 00 ff 00 00 00 00 00 00 00 00 00 00 00 00 80 3f 11 00 00 00 4b b1 00 00 71 02 00 00 3f 00 
00 00 01 22 00 00 00 00 00 00 00 00 00 
........~X.....E..|F......d.............Anderson.Thomas...#............................(.2..zD..
.................~.@.......@.................(...1^.......!..(...................?....K...q...?.
...".........

Client->GAME [15:57:42 07/24/09] packet size: 1 CRYPTED, Flags: 7f ServerSeq: 8 ClientSeq: 270
02 
.

GAME->Client [15:57:42 07/24/09] packet size: 32 CRYPTED, Flags: 7f ServerSeq: 233 ClientSeq: 268
02 03 02 00 03 09 00 00 7e 58 85 c7 00 f0 1b 45 dc 9f 7c 46 2f ab af 05 80 80 80 10 f2 00 00 00 
........~X.....E..|F/...........

Client->GAME [15:57:42 07/24/09] packet size: 1 CRYPTED, Flags: 7f ServerSeq: 9 ClientSeq: 271
02 
.

GAME->Client [15:57:42 07/24/09] packet size: 1 CRYPTED, Flags: 7f ServerSeq: 234 ClientSeq: 270
02 
.

GAME->Client [15:57:43 07/24/09] packet size: 13 CRYPTED, Flags: 7f ServerSeq: 235 ClientSeq: 271
02 03 02 00 02 80 80 80 10 f6 00 00 00 
.............

Client->GAME [15:57:43 07/24/09] packet size: 1 CRYPTED, Flags: 7f ServerSeq: 11 ClientSeq: 272
02 
.

GAME->Client [15:57:44 07/24/09] packet size: 17 CRYPTED, Flags: 7f ServerSeq: 236 ClientSeq: 256
82 5a 54 ba 47 03 02 00 02 80 80 80 10 f7 00 00 00 
.ZT.G............

Client->GAME [15:57:44 07/24/09] packet size: 1 CRYPTED, Flags: 7f ServerSeq: 12 ClientSeq: 273
02 
.

