Client->GAME [17:04:57 07/15/09] packet size: 48 CRYPTED, Flags: 7f ServerSeq: 5 ClientSeq: 196
02 04 01 00 1e 01 29 80 c2 00 00 00 00 00 e6 e4 40 00 00 00 00 00 44 91 c0 00 00 00 40 7a 53 c3 
c0 3e 00 39 00 00 00 00 f0 20 46 01 d4 10 b3 01 
......).........@.....D.....@zS..>.9..... F.....

Client->GAME [17:04:57 07/15/09] packet size: 39 CRYPTED, Flags: 7f ServerSeq: 5 ClientSeq: 197
02 04 01 00 1f 01 20 80 c4 00 00 00 00 00 e6 e4 40 00 00 00 00 00 44 91 c0 00 00 00 00 00 27 b6 
c0 3e 00 37 00 02 00 
...... .........@.....D.......'..>.7...

GAME->Client [17:04:57 07/15/09] packet size: 62 CRYPTED, Flags: 7f ServerSeq: 198 ClientSeq: 4
02 03 02 00 03 01 08 00 80 80 bc 00 f0 20 46 04 00 f2 39 96 1f 00 00 00 00 00 e6 e4 40 00 00 00 
00 00 44 91 c0 00 00 00 40 7a 53 c3 c0 10 e3 00 00 00 04 01 01 8a 01 06 80 c3 d4 10 b3 01 
............. F...9.........@.....D.....@zS...................

Client->GAME [17:04:57 07/15/09] packet size: 1 CRYPTED, Flags: 7f ServerSeq: 6 ClientSeq: 198
02 
.

GAME->Client [17:04:57 07/15/09] packet size: 66 CRYPTED, Flags: 7f ServerSeq: 199 ClientSeq: 5
02 03 02 00 03 09 08 00 00 30 27 47 6a 5c b4 c3 26 30 b1 c5 ed 25 96 1f 80 80 bc 00 f0 20 46 14 
00 01 3a 96 1f 00 00 00 00 00 e6 e4 40 00 00 00 00 00 44 91 c0 00 00 00 00 00 27 b6 c0 10 e3 00 
00 00 
.........0'Gj\..&0...%....... F...:.........@.....D.......'.......

Client->GAME [17:04:58 07/15/09] packet size: 1 CRYPTED, Flags: 7f ServerSeq: 7 ClientSeq: 199
02 
.

GAME->Client [17:04:58 07/15/09] packet size: 220 CRYPTED, Flags: 7f ServerSeq: 200 ClientSeq: 6
02 03 02 00 03 08 00 30 27 47 8e 38 10 44 57 30 b1 c5 6a 26 96 1f ff 01 64 01 00 00 00 00 00 00 
00 00 00 00 00 08 41 6e 64 65 72 73 6f 6e 06 54 68 6f 6d 61 73 ff 00 00 73 1a e9 88 80 60 04 00 
02 8e 00 00 00 01 00 00 00 00 00 00 00 00 00 00 00 00 00 00 ff 28 0a 32 00 f0 20 46 14 00 01 3a 
96 1f 00 00 00 00 00 e6 e4 40 00 00 00 00 00 44 91 c0 00 00 00 00 00 27 b6 c0 00 ff 00 00 00 00 
00 f7 00 00 00 e3 00 00 00 00 00 28 0a ff 00 31 5e 00 00 00 00 00 00 00 00 00 00 00 00 00 00 00 
00 ff 00 00 00 00 00 00 00 00 00 00 00 00 80 3f 11 00 00 00 4b b1 00 00 71 02 00 00 3f 00 00 00 
01 22 00 00 00 00 00 00 00 0f 00 02 0c 01 29 ce 3a 47 00 20 8a c4 90 23 54 c4 00 00 
.......0'G.8.DW0..j&....d.............Anderson.Thomas...s....`.......................(.2.. F...:
.........@.....D.......'...................(...1^..............................?....K...q...?...
."............).:G. ...#T...

Client->GAME [17:04:58 07/15/09] packet size: 1 CRYPTED, Flags: 7f ServerSeq: 8 ClientSeq: 200
02 
.

GAME->Client [17:04:58 07/15/09] packet size: 259 CRYPTED, Flags: 7f ServerSeq: 201 ClientSeq: 7
82 e1 60 01 49 03 02 00 03 08 00 30 27 47 b8 42 b7 44 89 30 b1 c5 e7 26 96 1f ff 01 64 01 00 00 
00 00 00 00 00 00 00 00 00 08 41 6e 64 65 72 73 6f 6e 06 54 68 6f 6d 61 73 ff 00 00 73 1a e9 88 
80 60 04 00 02 8e 00 00 00 01 00 00 00 00 00 00 00 00 00 00 00 00 00 00 ff 28 0a 32 00 f0 20 46 
14 00 01 3a 96 1f 00 00 00 00 00 e6 e4 40 00 00 00 00 00 44 91 c0 00 00 00 00 00 27 b6 c0 00 ff 
00 00 00 00 00 f7 00 00 00 e3 00 00 00 00 00 28 0a ff 00 31 5e 00 00 00 00 00 00 00 00 00 00 00 
00 00 00 00 00 ff 00 00 00 00 00 00 00 00 00 00 00 00 80 3f 11 00 00 00 4b b1 00 00 71 02 00 00 
3f 00 00 00 01 22 00 00 00 00 00 00 00 1b 00 02 0e 01 8c 6f be 39 47 00 20 8a c4 01 a1 2f c6 11 
00 02 08 02 b3 31 47 00 20 8a c4 c4 54 4c c5 0f 00 02 0e 05 fd b6 ce 3a 47 00 20 8a c4 20 55 51 
c4 00 00 
..`.I......0'G.B.D.0...&....d.............Anderson.Thomas...s....`.......................(.2.. F
...:.........@.....D.......'...................(...1^..............................?....K...q...
?....".............o.9G. ..../.......1G. ...TL.........:G. .. UQ...

Client->GAME [17:04:58 07/15/09] packet size: 1 CRYPTED, Flags: 7f ServerSeq: 9 ClientSeq: 201
02 
.

GAME->Client [17:04:58 07/15/09] packet size: 256 CRYPTED, Flags: 7f ServerSeq: 202 ClientSeq: 8
02 03 02 00 03 08 00 30 27 47 1e 2e 10 45 bb 30 b1 c5 64 27 96 1f ff 01 64 01 00 00 00 00 00 00 
00 00 00 00 00 08 41 6e 64 65 72 73 6f 6e 06 54 68 6f 6d 61 73 ff 00 00 73 1a e9 88 80 60 04 00 
02 8e 00 00 00 01 00 00 00 00 00 00 00 00 00 00 00 00 00 00 ff 28 0a 32 00 f0 20 46 14 00 01 3a 
96 1f 00 00 00 00 00 e6 e4 40 00 00 00 00 00 44 91 c0 00 00 00 00 00 27 b6 c0 00 ff 00 00 00 00 
00 f7 00 00 00 e3 00 00 00 00 00 28 0a ff 00 31 5e 00 00 00 00 00 00 00 00 00 00 00 00 00 00 00 
00 ff 00 00 00 00 00 00 00 00 00 00 00 00 80 3f 11 00 00 00 4b b1 00 00 71 02 00 00 3f 00 00 00 
01 22 00 00 00 00 00 00 00 1b 00 02 0e 01 92 09 b5 39 47 00 20 8a c4 12 f3 2f c6 11 00 02 0c 23 
e0 c3 31 47 00 20 8a c4 24 66 4b c5 0f 00 02 0e 05 f3 b6 ce 3a 47 00 20 8a c4 20 55 51 c4 00 00 
.......0'G...E.0..d'....d.............Anderson.Thomas...s....`.......................(.2.. F...:
.........@.....D.......'...................(...1^..............................?....K...q...?...
."...............9G. ..../.....#..1G. ..$fK.........:G. .. UQ...

Client->GAME [17:04:58 07/15/09] packet size: 1 CRYPTED, Flags: 7f ServerSeq: 10 ClientSeq: 202
02 
.

GAME->Client [17:04:58 07/15/09] packet size: 220 CRYPTED, Flags: 7f ServerSeq: 203 ClientSeq: 9
02 03 02 00 03 08 00 30 27 47 67 b4 41 45 ec 30 b1 c5 e1 27 96 1f ff 01 64 01 00 00 00 00 00 00 
00 00 00 00 00 08 41 6e 64 65 72 73 6f 6e 06 54 68 6f 6d 61 73 ff 00 00 73 1a e9 88 80 60 04 00 
02 8e 00 00 00 01 00 00 00 00 00 00 00 00 00 00 00 00 00 00 ff 28 0a 32 00 f0 20 46 14 00 01 3a 
96 1f 00 00 00 00 00 e6 e4 40 00 00 00 00 00 44 91 c0 00 00 00 00 00 27 b6 c0 00 ff 00 00 00 00 
00 f7 00 00 00 e3 00 00 00 00 00 28 0a ff 00 31 5e 00 00 00 00 00 00 00 00 00 00 00 00 00 00 00 
00 ff 00 00 00 00 00 00 00 00 00 00 00 00 80 3f 11 00 00 00 4b b1 00 00 71 02 00 00 3f 00 00 00 
01 22 00 00 00 00 00 00 00 0f 00 02 0c e9 b6 ce 3a 47 00 20 8a c4 20 55 51 c4 00 00 
.......0'Gg.AE.0...'....d.............Anderson.Thomas...s....`.......................(.2.. F...:
.........@.....D.......'...................(...1^..............................?....K...q...?...
."..............:G. .. UQ...

Client->GAME [17:04:58 07/15/09] packet size: 1 CRYPTED, Flags: 7f ServerSeq: 11 ClientSeq: 203
02 
.

GAME->Client [17:04:58 07/15/09] packet size: 256 CRYPTED, Flags: 7f ServerSeq: 204 ClientSeq: 10
02 03 02 00 03 08 00 30 27 47 3a 34 70 45 1e 31 b1 c5 5e 28 96 1f ff 01 64 01 00 00 00 00 00 00 
00 00 00 00 00 08 41 6e 64 65 72 73 6f 6e 06 54 68 6f 6d 61 73 ff 00 00 73 1a e9 88 80 60 04 00 
02 8e 00 00 00 01 00 00 00 00 00 00 00 00 00 00 00 00 00 00 ff 28 0a 32 00 f0 20 46 14 00 01 3a 
96 1f 00 00 00 00 00 e6 e4 40 00 00 00 00 00 44 91 c0 00 00 00 00 00 27 b6 c0 00 ff 00 00 00 00 
00 f7 00 00 00 e3 00 00 00 00 00 28 0a ff 00 31 5e 00 00 00 00 00 00 00 00 00 00 00 00 00 00 00 
00 ff 00 00 00 00 00 00 00 00 00 00 00 00 80 3f 11 00 00 00 4b b1 00 00 71 02 00 00 3f 00 00 00 
01 22 00 00 00 00 00 00 00 17 00 02 0e 01 40 3f d5 36 47 00 20 8a c4 00 18 ab c5 13 00 02 0e 04 
05 22 fb 35 47 00 20 8a c4 00 18 ab c5 0f 00 02 0c df b6 ce 3a 47 00 20 8a c4 20 55 51 c4 00 00 
.......0'G:4pE.1..^(....d.............Anderson.Thomas...s....`.......................(.2.. F...:
.........@.....D.......'...................(...1^..............................?....K...q...?...
."............@?.6G. ............".5G. .............:G. .. UQ...

Client->GAME [17:04:58 07/15/09] packet size: 1 CRYPTED, Flags: 7f ServerSeq: 12 ClientSeq: 204
02 
.

GAME->Client [17:04:58 07/15/09] packet size: 296 CRYPTED, Flags: 7f ServerSeq: 205 ClientSeq: 11
02 03 02 00 03 08 00 30 27 47 cb d6 8d 45 50 31 b1 c5 db 28 96 1f ff 01 64 01 00 00 00 00 00 00 
00 00 00 00 00 08 41 6e 64 65 72 73 6f 6e 06 54 68 6f 6d 61 73 ff 00 00 73 1a e9 88 80 60 04 00 
02 8e 00 00 00 01 00 00 00 00 00 00 00 00 00 00 00 00 00 00 ff 28 0a 32 00 f0 20 46 14 00 01 3a 
96 1f 00 00 00 00 00 e6 e4 40 00 00 00 00 00 44 91 c0 00 00 00 00 00 27 b6 c0 00 ff 00 00 00 00 
00 f7 00 00 00 e3 00 00 00 00 00 28 0a ff 00 31 5e 00 00 00 00 00 00 00 00 00 00 00 00 00 00 00 
00 ff 00 00 00 00 00 00 00 00 00 00 00 00 80 3f 11 00 00 00 4b b1 00 00 71 02 00 00 3f 00 00 00 
01 22 00 00 00 00 00 00 00 23 00 02 0e 05 e5 d9 7a 35 47 00 20 8a c4 1a 86 2a c5 17 00 06 0e 05 
36 3f d5 36 47 00 20 8a c4 00 18 ab c5 80 80 80 80 c0 4c 0a 00 28 01 01 13 00 06 0e 04 0f 22 fb 
35 47 00 20 8a c4 00 18 ab c5 80 80 80 80 c0 4c 0a 00 28 01 01 0f 00 02 0c d5 b6 ce 3a 47 00 20 
8a c4 20 55 51 c4 00 00 
.......0'G...EP1...(....d.............Anderson.Thomas...s....`.......................(.2.. F...:
.........@.....D.......'...................(...1^..............................?....K...q...?...
.".......#......z5G. ....*......6?.6G. ...........L..(........".5G. ...........L..(.........:G. 
.. UQ...

Client->GAME [17:04:58 07/15/09] packet size: 1 CRYPTED, Flags: 7f ServerSeq: 13 ClientSeq: 205
02 
.

GAME->Client [17:04:58 07/15/09] packet size: 381 CRYPTED, Flags: 7f ServerSeq: 206 ClientSeq: 12
02 03 02 00 03 08 00 30 27 47 3c 10 a2 45 81 31 b1 c5 58 29 96 1f 80 80 80 10 e6 00 23 00 02 0e 
05 db d9 7a 35 47 00 20 8a c4 1a 86 2a c5 17 00 06 0e 05 2c 3f d5 36 47 00 20 8a c4 00 18 ab c5 
ff 00 00 00 10 00 00 00 00 00 01 ff 00 00 00 00 00 00 00 00 00 00 00 00 00 00 00 00 00 00 00 00 
00 00 00 00 00 00 02 ff 00 00 00 00 00 00 00 00 32 02 00 00 00 00 0d 00 00 00 00 00 00 ff 00 00 
00 00 00 00 00 00 00 00 00 00 00 00 00 00 00 00 00 00 00 00 00 00 00 00 00 00 00 00 01 00 32 02 
ff 00 00 00 00 00 00 00 00 b5 02 00 00 4c 0a 00 28 ff 01 00 00 00 00 00 00 00 00 00 00 00 d6 09 
00 58 37 08 00 00 1f 07 08 00 00 00 00 00 00 22 00 00 00 00 00 13 00 06 0c 19 22 fb 35 47 00 20 
8a c4 00 18 ab c5 ff 00 00 00 10 00 00 00 00 00 01 ff 00 00 00 00 00 00 00 00 00 00 00 00 00 00 
00 00 00 00 00 00 00 00 00 00 00 00 01 ff 00 00 00 00 00 00 00 00 ee 02 00 00 00 00 0d 00 00 00 
00 00 00 ff 00 00 00 00 00 00 00 00 00 00 00 00 00 00 00 00 00 00 00 00 00 00 00 00 00 00 00 00 
00 00 01 00 ee 02 ff 00 00 00 00 00 00 00 00 b5 02 00 00 4c 0a 00 28 ff 01 00 00 00 00 00 00 00 
00 00 00 00 d7 09 00 58 37 08 00 00 1f 07 08 00 00 00 00 00 00 22 00 00 00 00 00 00 00 
.......0'G<..E.1..X)........#......z5G. ....*......,?.6G. ......................................
................2.............................................2..............L..(...............
.X7............"..........".5G. ................................................................
...................................................L..(................X7............".......

Client->GAME [17:04:58 07/15/09] packet size: 1 CRYPTED, Flags: 7f ServerSeq: 14 ClientSeq: 206
02 
.

GAME->Client [17:04:58 07/15/09] packet size: 404 CRYPTED, Flags: 7f ServerSeq: 207 ClientSeq: 13
02 03 02 00 03 08 00 30 27 47 72 c6 b4 45 b3 31 b1 c5 d5 29 96 1f ff 01 64 01 00 00 00 00 00 00 
00 00 00 00 00 08 41 6e 64 65 72 73 6f 6e 06 54 68 6f 6d 61 73 ff 00 00 73 1a e9 88 80 60 04 00 
02 8e 00 00 00 01 00 00 00 00 00 00 00 00 00 00 00 00 00 00 ff 28 0a 32 00 f0 20 46 14 00 01 3a 
96 1f 00 00 00 00 00 e6 e4 40 00 00 00 00 00 44 91 c0 00 00 00 00 00 27 b6 c0 00 ff 00 00 00 00 
00 f7 00 00 00 e6 00 00 00 00 00 28 0a ff 00 31 5e 00 00 00 00 00 00 00 00 00 00 00 00 00 00 00 
00 ff 00 00 00 00 00 00 00 00 00 00 00 00 80 3f 11 00 00 00 4b b1 00 00 71 02 00 00 3f 00 00 00 
01 22 00 00 00 00 00 00 00 23 00 02 0c d1 d9 7a 35 47 00 20 8a c4 1a 86 2a c5 17 00 06 0c 22 3f 
d5 36 47 00 20 8a c4 00 18 ab c5 ff 00 00 00 10 00 00 00 00 00 01 ff 00 00 00 00 00 00 00 00 00 
00 00 00 00 00 00 00 00 00 00 00 00 00 00 00 00 00 02 ff 00 00 00 00 00 00 00 00 32 02 00 00 00 
00 0d 00 00 00 00 00 00 ff 00 00 00 00 00 00 00 00 00 00 00 00 00 00 00 00 00 00 00 00 00 00 00 
00 00 00 00 00 00 00 01 00 32 02 ff 00 00 00 00 00 00 00 00 b5 02 00 00 4c 0a 00 28 ff 01 00 00 
00 00 00 00 00 00 00 00 00 d6 09 00 58 37 08 00 00 1f 07 08 00 00 00 00 00 00 22 00 00 00 00 00 
13 00 02 0e 01 23 2f 0b 36 47 00 20 8a c4 be 9a aa c5 00 00 
.......0'Gr..E.1...)....d.............Anderson.Thomas...s....`.......................(.2.. F...:
.........@.....D.......'...................(...1^..............................?....K...q...?...
.".......#.....z5G. ....*....."?.6G. ......................................................2....
.........................................2..............L..(................X7............".....
.....#/.6G. ........

Client->GAME [17:04:58 07/15/09] packet size: 1 CRYPTED, Flags: 7f ServerSeq: 15 ClientSeq: 207
02 
.

GAME->Client [17:04:59 07/15/09] packet size: 404 CRYPTED, Flags: 7f ServerSeq: 208 ClientSeq: 14
02 03 02 00 03 08 00 30 27 47 6c f9 c5 45 e4 31 b1 c5 52 2a 96 1f ff 01 64 01 00 00 00 00 00 00 
00 00 00 00 00 08 41 6e 64 65 72 73 6f 6e 06 54 68 6f 6d 61 73 ff 00 00 73 1a e9 88 80 60 04 00 
02 8e 00 00 00 01 00 00 00 00 00 00 00 00 00 00 00 00 00 00 ff 28 0a 32 00 f0 20 46 14 00 01 3a 
96 1f 00 00 00 00 00 e6 e4 40 00 00 00 00 00 44 91 c0 00 00 00 00 00 27 b6 c0 00 ff 00 00 00 00 
00 f7 00 00 00 e6 00 00 00 00 00 28 0a ff 00 31 5e 00 00 00 00 00 00 00 00 00 00 00 00 00 00 00 
00 ff 00 00 00 00 00 00 00 00 00 00 00 00 80 3f 11 00 00 00 4b b1 00 00 71 02 00 00 3f 00 00 00 
01 22 00 00 00 00 00 00 00 23 00 02 0c c7 d9 7a 35 47 00 20 8a c4 1a 86 2a c5 17 00 06 0c 18 3f 
d5 36 47 00 20 8a c4 00 18 ab c5 ff 00 00 00 10 00 00 00 00 00 01 ff 00 00 00 00 00 00 00 00 00 
00 00 00 00 00 00 00 00 00 00 00 00 00 00 00 00 00 02 ff 00 00 00 00 00 00 00 00 32 02 00 00 00 
00 0d 00 00 00 00 00 00 ff 00 00 00 00 00 00 00 00 00 00 00 00 00 00 00 00 00 00 00 00 00 00 00 
00 00 00 00 00 00 00 01 00 32 02 ff 00 00 00 00 00 00 00 00 b5 02 00 00 4c 0a 00 28 ff 01 00 00 
00 00 00 00 00 00 00 00 00 d6 09 00 58 37 08 00 00 1f 07 08 00 00 00 00 00 00 22 00 00 00 00 00 
13 00 02 0e 01 2a 2e 1e 36 47 00 20 8a c4 81 3a aa c5 00 00 
.......0'Gl..E.1..R*....d.............Anderson.Thomas...s....`.......................(.2.. F...:
.........@.....D.......'...................(...1^..............................?....K...q...?...
.".......#.....z5G. ....*......?.6G. ......................................................2....
.........................................2..............L..(................X7............".....
.....*..6G. ...:....

Client->GAME [17:04:59 07/15/09] packet size: 1 CRYPTED, Flags: 7f ServerSeq: 0 ClientSeq: 208
02 
.

GAME->Client [17:04:59 07/15/09] packet size: 236 CRYPTED, Flags: 7f ServerSeq: 209 ClientSeq: 15
02 03 02 00 03 08 00 30 27 47 2a a9 d5 45 16 32 b1 c5 d0 2a 96 1f ff 01 64 01 00 00 00 00 00 00 
00 00 00 00 00 08 41 6e 64 65 72 73 6f 6e 06 54 68 6f 6d 61 73 ff 00 00 73 1a e9 88 80 60 04 00 
02 8e 00 00 00 01 00 00 00 00 00 00 00 00 00 00 00 00 00 00 ff 28 0a 32 00 f0 20 46 14 00 01 3a 
96 1f 00 00 00 00 00 e6 e4 40 00 00 00 00 00 44 91 c0 00 00 00 00 00 27 b6 c0 00 ff 00 00 00 00 
00 f7 00 00 00 e6 00 00 00 00 00 28 0a ff 00 31 5e 00 00 00 00 00 00 00 00 00 00 00 00 00 00 00 
00 ff 00 00 00 00 00 00 00 00 00 00 00 00 80 3f 11 00 00 00 4b b1 00 00 71 02 00 00 3f 00 00 00 
01 22 00 00 00 00 00 00 00 11 00 02 08 d8 39 32 47 00 20 8a c4 20 e1 44 c5 0f 00 02 0c ad b6 ce 
3a 47 00 20 8a c4 20 55 51 c4 00 00 
.......0'G*..E.2...*....d.............Anderson.Thomas...s....`.......................(.2.. F...:
.........@.....D.......'...................(...1^..............................?....K...q...?...
."............92G. .. .D........:G. .. UQ...

Client->GAME [17:04:59 07/15/09] packet size: 1 CRYPTED, Flags: 7f ServerSeq: 1 ClientSeq: 209
02 
.

GAME->Client [17:04:59 07/15/09] packet size: 207 CRYPTED, Flags: 7f ServerSeq: 210 ClientSeq: 15
82 f3 60 01 49 03 02 00 03 08 00 30 27 47 d9 6e e0 45 3b 32 b1 c5 4c 2b 96 1f ff 01 64 01 00 00 
00 00 00 00 00 00 00 00 00 08 41 6e 64 65 72 73 6f 6e 06 54 68 6f 6d 61 73 ff 00 00 73 1a e9 88 
80 60 04 00 02 8e 00 00 00 01 00 00 00 00 00 00 00 00 00 00 00 00 00 00 ff 28 0a 32 00 f0 20 46 
14 00 01 3a 96 1f 00 00 00 00 00 e6 e4 40 00 00 00 00 00 44 91 c0 00 00 00 00 00 27 b6 c0 00 ff 
00 00 00 00 00 f7 00 00 00 e6 00 00 00 00 00 28 0a ff 00 31 5e 00 00 00 00 00 00 00 00 00 00 00 
00 00 00 00 00 ff 00 00 00 00 00 00 00 00 00 00 00 00 80 3f 11 00 00 00 4b b1 00 00 71 02 00 00 
3f 00 00 00 01 22 00 00 00 00 00 00 00 00 00 
..`.I......0'G.n.E;2..L+....d.............Anderson.Thomas...s....`.......................(.2.. F
...:.........@.....D.......'...................(...1^..............................?....K...q...
?....".........

Client->GAME [17:04:59 07/15/09] packet size: 1 CRYPTED, Flags: 7f ServerSeq: 2 ClientSeq: 210
02 
.

GAME->Client [17:04:59 07/15/09] packet size: 203 CRYPTED, Flags: 7f ServerSeq: 211 ClientSeq: 1
02 03 02 00 03 08 00 30 27 47 ef 78 ed 45 6d 32 b1 c5 c9 2b 96 1f ff 01 64 01 00 00 00 00 00 00 
00 00 00 00 00 08 41 6e 64 65 72 73 6f 6e 06 54 68 6f 6d 61 73 ff 00 00 73 1a e9 88 80 60 04 00 
02 8e 00 00 00 01 00 00 00 00 00 00 00 00 00 00 00 00 00 00 ff 28 0a 32 00 f0 20 46 14 00 01 3a 
96 1f 00 00 00 00 00 e6 e4 40 00 00 00 00 00 44 91 c0 00 00 00 00 00 27 b6 c0 00 ff 00 00 00 00 
00 f7 00 00 00 e6 00 00 00 00 00 28 0a ff 00 31 5e 00 00 00 00 00 00 00 00 00 00 00 00 00 00 00 
00 ff 00 00 00 00 00 00 00 00 00 00 00 00 80 3f 11 00 00 00 4b b1 00 00 71 02 00 00 3f 00 00 00 
01 22 00 00 00 00 00 00 00 00 00 
.......0'G.x.Em2...+....d.............Anderson.Thomas...s....`.......................(.2.. F...:
.........@.....D.......'...................(...1^..............................?....K...q...?...
.".........

Client->GAME [17:04:59 07/15/09] packet size: 1 CRYPTED, Flags: 7f ServerSeq: 3 ClientSeq: 211
02 
.

GAME->Client [17:04:59 07/15/09] packet size: 203 CRYPTED, Flags: 7f ServerSeq: 212 ClientSeq: 2
02 03 02 00 03 08 00 30 27 47 c9 ff f8 45 9f 32 b1 c5 46 2c 96 1f ff 01 64 01 00 00 00 00 00 00 
00 00 00 00 00 08 41 6e 64 65 72 73 6f 6e 06 54 68 6f 6d 61 73 ff 00 00 73 1a e9 88 80 60 04 00 
02 8e 00 00 00 01 00 00 00 00 00 00 00 00 00 00 00 00 00 00 ff 28 0a 32 00 f0 20 46 14 00 01 3a 
96 1f 00 00 00 00 00 e6 e4 40 00 00 00 00 00 44 91 c0 00 00 00 00 00 27 b6 c0 00 ff 00 00 00 00 
00 f7 00 00 00 e6 00 00 00 00 00 28 0a ff 00 31 5e 00 00 00 00 00 00 00 00 00 00 00 00 00 00 00 
00 ff 00 00 00 00 00 00 00 00 00 00 00 00 80 3f 11 00 00 00 4b b1 00 00 71 02 00 00 3f 00 00 00 
01 22 00 00 00 00 00 00 00 00 00 
.......0'G...E.2..F,....d.............Anderson.Thomas...s....`.......................(.2.. F...:
.........@.....D.......'...................(...1^..............................?....K...q...?...
.".........

Client->GAME [17:04:59 07/15/09] packet size: 1 CRYPTED, Flags: 7f ServerSeq: 4 ClientSeq: 212
02 
.

GAME->Client [17:04:59 07/15/09] packet size: 203 CRYPTED, Flags: 7f ServerSeq: 213 ClientSeq: 3
02 03 02 00 03 08 00 30 27 47 b3 81 01 46 d0 32 b1 c5 c3 2c 96 1f ff 01 64 01 00 00 00 00 00 00 
00 00 00 00 00 08 41 6e 64 65 72 73 6f 6e 06 54 68 6f 6d 61 73 ff 00 00 73 1a e9 88 80 60 04 00 
02 8e 00 00 00 01 00 00 00 00 00 00 00 00 00 00 00 00 00 00 ff 28 0a 32 00 f0 20 46 14 00 01 3a 
96 1f 00 00 00 00 00 e6 e4 40 00 00 00 00 00 44 91 c0 00 00 00 00 00 27 b6 c0 00 ff 00 00 00 00 
00 f7 00 00 00 e6 00 00 00 00 00 28 0a ff 00 31 5e 00 00 00 00 00 00 00 00 00 00 00 00 00 00 00 
00 ff 00 00 00 00 00 00 00 00 00 00 00 00 80 3f 11 00 00 00 4b b1 00 00 71 02 00 00 3f 00 00 00 
01 22 00 00 00 00 00 00 00 00 00 
.......0'G...F.2...,....d.............Anderson.Thomas...s....`.......................(.2.. F...:
.........@.....D.......'...................(...1^..............................?....K...q...?...
.".........

Client->GAME [17:04:59 07/15/09] packet size: 1 CRYPTED, Flags: 7f ServerSeq: 5 ClientSeq: 213
02 
.

GAME->Client [17:04:59 07/15/09] packet size: 30 CRYPTED, Flags: 7f ServerSeq: 214 ClientSeq: 4
02 03 02 00 03 08 00 30 27 47 e4 c1 05 46 02 33 b1 c5 40 2d 96 1f 80 80 80 10 ea 00 00 00 
.......0'G...F.3..@-..........

Client->GAME [17:04:59 07/15/09] packet size: 1 CRYPTED, Flags: 7f ServerSeq: 6 ClientSeq: 214
02 
.

GAME->Client [17:04:59 07/15/09] packet size: 203 CRYPTED, Flags: 7f ServerSeq: 215 ClientSeq: 5
02 03 02 00 03 08 00 30 27 47 78 40 09 46 33 33 b1 c5 bd 2d 96 1f ff 01 64 01 00 00 00 00 00 00 
00 00 00 00 00 08 41 6e 64 65 72 73 6f 6e 06 54 68 6f 6d 61 73 ff 00 00 73 1a e9 88 80 60 04 00 
02 8e 00 00 00 01 00 00 00 00 00 00 00 00 00 00 00 00 00 00 ff 28 0a 32 00 f0 20 46 14 00 01 3a 
96 1f 00 00 00 00 00 e6 e4 40 00 00 00 00 00 44 91 c0 00 00 00 00 00 27 b6 c0 00 ff 00 00 00 00 
00 f7 00 00 00 ea 00 00 00 00 00 28 0a ff 00 31 5e 00 00 00 00 00 00 00 00 00 00 00 00 00 00 00 
00 ff 00 00 00 00 00 00 00 00 00 00 00 00 80 3f 11 00 00 00 4b b1 00 00 71 02 00 00 3f 00 00 00 
01 22 00 00 00 00 00 00 00 00 00 
.......0'Gx@.F33...-....d.............Anderson.Thomas...s....`.......................(.2.. F...:
.........@.....D.......'...................(...1^..............................?....K...q...?...
.".........

Client->GAME [17:04:59 07/15/09] packet size: 1 CRYPTED, Flags: 7f ServerSeq: 7 ClientSeq: 215
02 
.

GAME->Client [17:05:00 07/15/09] packet size: 203 CRYPTED, Flags: 7f ServerSeq: 216 ClientSeq: 6
02 03 02 00 03 08 00 30 27 47 6d fd 0b 46 65 33 b1 c5 3a 2e 96 1f ff 01 64 01 00 00 00 00 00 00 
00 00 00 00 00 08 41 6e 64 65 72 73 6f 6e 06 54 68 6f 6d 61 73 ff 00 00 73 1a e9 88 80 60 04 00 
02 8e 00 00 00 01 00 00 00 00 00 00 00 00 00 00 00 00 00 00 ff 28 0a 32 00 f0 20 46 14 00 01 3a 
96 1f 00 00 00 00 00 e6 e4 40 00 00 00 00 00 44 91 c0 00 00 00 00 00 27 b6 c0 00 ff 00 00 00 00 
00 f7 00 00 00 ea 00 00 00 00 00 28 0a ff 00 31 5e 00 00 00 00 00 00 00 00 00 00 00 00 00 00 00 
00 ff 00 00 00 00 00 00 00 00 00 00 00 00 80 3f 11 00 00 00 4b b1 00 00 71 02 00 00 3f 00 00 00 
01 22 00 00 00 00 00 00 00 00 00 
.......0'Gm..Fe3..:.....d.............Anderson.Thomas...s....`.......................(.2.. F...:
.........@.....D.......'...................(...1^..............................?....K...q...?...
.".........

Client->GAME [17:05:00 07/15/09] packet size: 1 CRYPTED, Flags: 7f ServerSeq: 8 ClientSeq: 216
02 
.

GAME->Client [17:05:00 07/15/09] packet size: 203 CRYPTED, Flags: 7f ServerSeq: 217 ClientSeq: 7
02 03 02 00 03 08 00 30 27 47 c4 f8 0d 46 97 33 b1 c5 b7 2e 96 1f ff 01 64 01 00 00 00 00 00 00 
00 00 00 00 00 08 41 6e 64 65 72 73 6f 6e 06 54 68 6f 6d 61 73 ff 00 00 73 1a e9 88 80 60 04 00 
02 8e 00 00 00 01 00 00 00 00 00 00 00 00 00 00 00 00 00 00 ff 28 0a 32 00 f0 20 46 14 00 01 3a 
96 1f 00 00 00 00 00 e6 e4 40 00 00 00 00 00 44 91 c0 00 00 00 00 00 27 b6 c0 00 ff 00 00 00 00 
00 f7 00 00 00 ea 00 00 00 00 00 28 0a ff 00 31 5e 00 00 00 00 00 00 00 00 00 00 00 00 00 00 00 
00 ff 00 00 00 00 00 00 00 00 00 00 00 00 80 3f 11 00 00 00 4b b1 00 00 71 02 00 00 3f 00 00 00 
01 22 00 00 00 00 00 00 00 00 00 
.......0'G...F.3........d.............Anderson.Thomas...s....`.......................(.2.. F...:
.........@.....D.......'...................(...1^..............................?....K...q...?...
.".........

Client->GAME [17:05:00 07/15/09] packet size: 1 CRYPTED, Flags: 7f ServerSeq: 9 ClientSeq: 217
02 
.

GAME->Client [17:05:00 07/15/09] packet size: 203 CRYPTED, Flags: 7f ServerSeq: 218 ClientSeq: 8
02 03 02 00 03 08 00 30 27 47 7e 32 0f 46 c8 33 b1 c5 34 2f 96 1f ff 01 64 01 00 00 00 00 00 00 
00 00 00 00 00 08 41 6e 64 65 72 73 6f 6e 06 54 68 6f 6d 61 73 ff 00 00 73 1a e9 88 80 60 04 00 
02 8e 00 00 00 01 00 00 00 00 00 00 00 00 00 00 00 00 00 00 ff 28 0a 32 00 f0 20 46 14 00 01 3a 
96 1f 00 00 00 00 00 e6 e4 40 00 00 00 00 00 44 91 c0 00 00 00 00 00 27 b6 c0 00 ff 00 00 00 00 
00 f7 00 00 00 ea 00 00 00 00 00 28 0a ff 00 31 5e 00 00 00 00 00 00 00 00 00 00 00 00 00 00 00 
00 ff 00 00 00 00 00 00 00 00 00 00 00 00 80 3f 11 00 00 00 4b b1 00 00 71 02 00 00 3f 00 00 00 
01 22 00 00 00 00 00 00 00 00 00 
.......0'G~2.F.3..4/....d.............Anderson.Thomas...s....`.......................(.2.. F...:
.........@.....D.......'...................(...1^..............................?....K...q...?...
.".........

Client->GAME [17:05:00 07/15/09] packet size: 1 CRYPTED, Flags: 7f ServerSeq: 10 ClientSeq: 218
02 
.

GAME->Client [17:05:00 07/15/09] packet size: 207 CRYPTED, Flags: 7f ServerSeq: 219 ClientSeq: 9
82 05 61 01 49 03 02 00 03 08 00 30 27 47 9a aa 0f 46 fa 33 b1 c5 b1 2f 96 1f ff 01 64 01 00 00 
00 00 00 00 00 00 00 00 00 08 41 6e 64 65 72 73 6f 6e 06 54 68 6f 6d 61 73 ff 00 00 73 1a e9 88 
80 60 04 00 02 8e 00 00 00 01 00 00 00 00 00 00 00 00 00 00 00 00 00 00 ff 28 0a 32 00 f0 20 46 
14 00 01 3a 96 1f 00 00 00 00 00 e6 e4 40 00 00 00 00 00 44 91 c0 00 00 00 00 00 27 b6 c0 00 ff 
00 00 00 00 00 f7 00 00 00 ea 00 00 00 00 00 28 0a ff 00 31 5e 00 00 00 00 00 00 00 00 00 00 00 
00 00 00 00 00 ff 00 00 00 00 00 00 00 00 00 00 00 00 80 3f 11 00 00 00 4b b1 00 00 71 02 00 00 
3f 00 00 00 01 22 00 00 00 00 00 00 00 00 00 
..a.I......0'G...F.3.../....d.............Anderson.Thomas...s....`.......................(.2.. F
...:.........@.....D.......'...................(...1^..............................?....K...q...
?....".........

GAME->Client [17:05:00 07/15/09] packet size: 203 CRYPTED, Flags: 7f ServerSeq: 220 ClientSeq: 10
02 03 02 00 03 08 00 30 27 47 9f 85 0f 46 1f 34 b1 c5 2e 30 96 1f ff 01 64 01 00 00 00 00 00 00 
00 00 00 00 00 08 41 6e 64 65 72 73 6f 6e 06 54 68 6f 6d 61 73 ff 00 00 73 1a e9 88 80 60 04 00 
02 8e 00 00 00 01 00 00 00 00 00 00 00 00 00 00 00 00 00 00 ff 28 0a 32 00 f0 20 46 14 00 01 3a 
96 1f 00 00 00 00 00 e6 e4 40 00 00 00 00 00 44 91 c0 00 00 00 00 00 27 b6 c0 00 ff 00 00 00 00 
00 f7 00 00 00 ea 00 00 00 00 00 28 0a ff 00 31 5e 00 00 00 00 00 00 00 00 00 00 00 00 00 00 00 
00 ff 00 00 00 00 00 00 00 00 00 00 00 00 80 3f 11 00 00 00 4b b1 00 00 71 02 00 00 3f 00 00 00 
01 22 00 00 00 00 00 00 00 00 00 
.......0'G...F.4...0....d.............Anderson.Thomas...s....`.......................(.2.. F...:
.........@.....D.......'...................(...1^..............................?....K...q...?...
.".........

Client->GAME [17:05:00 07/15/09] packet size: 1 CRYPTED, Flags: 7e ServerSeq: 12 ClientSeq: 219
02 
.

GAME->Client [17:05:00 07/15/09] packet size: 203 CRYPTED, Flags: 7f ServerSeq: 221 ClientSeq: 10
02 03 02 00 03 08 00 30 27 47 e6 aa 0e 46 51 34 b1 c5 ab 30 96 1f ff 01 64 01 00 00 00 00 00 00 
00 00 00 00 00 08 41 6e 64 65 72 73 6f 6e 06 54 68 6f 6d 61 73 ff 00 00 73 1a e9 88 80 60 04 00 
02 8e 00 00 00 01 00 00 00 00 00 00 00 00 00 00 00 00 00 00 ff 28 0a 32 00 f0 20 46 14 00 01 3a 
96 1f 00 00 00 00 00 e6 e4 40 00 00 00 00 00 44 91 c0 00 00 00 00 00 27 b6 c0 00 ff 00 00 00 00 
00 f7 00 00 00 ea 00 00 00 00 00 28 0a ff 00 31 5e 00 00 00 00 00 00 00 00 00 00 00 00 00 00 00 
00 ff 00 00 00 00 00 00 00 00 00 00 00 00 80 3f 11 00 00 00 4b b1 00 00 71 02 00 00 3f 00 00 00 
01 22 00 00 00 00 00 00 00 00 00 
.......0'G...FQ4...0....d.............Anderson.Thomas...s....`.......................(.2.. F...:
.........@.....D.......'...................(...1^..............................?....K...q...?...
.".........

Client->GAME [17:05:00 07/15/09] packet size: 1 CRYPTED, Flags: 7d ServerSeq: 13 ClientSeq: 220
02 
.

GAME->Client [17:05:00 07/15/09] packet size: 358 CRYPTED, Flags: 7f ServerSeq: 222 ClientSeq: 11
02 03 02 00 03 08 00 30 27 47 8f 0e 0d 46 83 34 b1 c5 28 31 96 1f 80 80 80 10 ee 00 17 00 07 00 
27 00 40 00 00 00 10 00 00 00 01 ff 00 00 00 10 00 00 00 00 00 00 ff 00 00 00 00 00 00 00 00 00 
00 00 00 00 00 00 00 00 00 00 00 00 00 00 00 00 00 02 ff 00 00 00 00 00 00 00 00 32 02 00 00 00 
00 0d 00 00 00 00 00 00 ff 00 00 00 00 00 00 00 00 00 00 00 00 00 00 00 00 00 00 00 00 00 00 00 
00 00 00 00 00 00 00 01 00 32 02 ff 00 00 00 00 00 00 00 00 b5 02 00 00 4c 0a 00 28 ff 01 00 00 
00 00 00 00 00 00 00 00 00 d6 09 00 58 37 08 00 00 1f 07 08 00 00 00 00 00 00 22 00 00 00 00 00 
13 00 07 00 27 00 40 00 00 00 10 00 00 01 2b ff 00 00 00 10 00 00 00 00 00 00 ff 00 00 00 00 00 
00 00 00 00 00 00 00 00 00 00 00 00 00 00 00 00 00 00 00 00 00 01 ff 00 00 00 00 00 00 00 00 ee 
02 00 00 00 00 0d 00 00 00 00 00 00 ff 00 00 00 00 00 00 00 00 00 00 00 00 00 00 00 00 00 00 00 
00 00 00 00 00 00 00 00 00 00 00 01 00 ee 02 ff 00 00 00 00 00 00 00 00 b5 02 00 00 4c 0a 00 28 
ff 01 00 00 00 00 00 00 00 00 00 00 00 d7 09 00 58 37 08 00 00 1f 07 08 00 00 00 00 00 00 22 00 
00 00 00 00 00 00 
.......0'G...F.4..(1............'.@........................................................2....
.........................................2..............L..(................X7............".....
....'.@.......+.................................................................................
............................L..(................X7............".......

Client->GAME [17:05:00 07/15/09] packet size: 1 CRYPTED, Flags: 7b ServerSeq: 14 ClientSeq: 221
02 
.

GAME->Client [17:05:00 07/15/09] packet size: 203 CRYPTED, Flags: 7f ServerSeq: 223 ClientSeq: 12
02 03 02 00 03 08 00 30 27 47 9b b0 0a 46 b4 34 b1 c5 a5 31 96 1f ff 01 64 01 00 00 00 00 00 00 
00 00 00 00 00 08 41 6e 64 65 72 73 6f 6e 06 54 68 6f 6d 61 73 ff 00 00 73 1a e9 88 80 60 04 00 
02 8e 00 00 00 01 00 00 00 00 00 00 00 00 00 00 00 00 00 00 ff 28 0a 32 00 f0 20 46 14 00 01 3a 
96 1f 00 00 00 00 00 e6 e4 40 00 00 00 00 00 44 91 c0 00 00 00 00 00 27 b6 c0 00 ff 00 00 00 00 
00 f7 00 00 00 ee 00 00 00 00 00 28 0a ff 00 31 5e 00 00 00 00 00 00 00 00 00 00 00 00 00 00 00 
00 ff 00 00 00 00 00 00 00 00 00 00 00 00 80 3f 11 00 00 00 4b b1 00 00 71 02 00 00 3f 00 00 00 
01 22 00 00 00 00 00 00 00 00 00 
.......0'G...F.4...1....d.............Anderson.Thomas...s....`.......................(.2.. F...:
.........@.....D.......'...................(...1^..............................?....K...q...?...
.".........

Client->GAME [17:05:00 07/15/09] packet size: 1 CRYPTED, Flags: 77 ServerSeq: 15 ClientSeq: 222
02 
.

GAME->Client [17:05:01 07/15/09] packet size: 212 CRYPTED, Flags: 7f ServerSeq: 224 ClientSeq: 13
02 03 01 00 01 02 00 13 00 17 00 02 00 03 08 00 30 27 47 09 91 07 46 e6 34 b1 c5 22 32 96 1f ff 
01 64 01 00 00 00 00 00 00 00 00 00 00 00 08 41 6e 64 65 72 73 6f 6e 06 54 68 6f 6d 61 73 ff 00 
00 73 1a e9 88 80 60 04 00 02 8e 00 00 00 01 00 00 00 00 00 00 00 00 00 00 00 00 00 00 ff 28 0a 
32 00 f0 20 46 14 00 01 3a 96 1f 00 00 00 00 00 e6 e4 40 00 00 00 00 00 44 91 c0 00 00 00 00 00 
27 b6 c0 00 ff 00 00 00 00 00 f7 00 00 00 ee 00 00 00 00 00 28 0a ff 00 31 5e 00 00 00 00 00 00 
00 00 00 00 00 00 00 00 00 00 ff 00 00 00 00 00 00 00 00 00 00 00 00 80 3f 11 00 00 00 4b b1 00 
00 71 02 00 00 3f 00 00 00 01 22 00 00 00 00 00 00 00 00 00 
................0'G...F.4.."2....d.............Anderson.Thomas...s....`.......................(.
2.. F...:.........@.....D.......'...................(...1^..............................?....K..
.q...?....".........

Client->GAME [17:05:01 07/15/09] packet size: 1 CRYPTED, Flags: 6f ServerSeq: 0 ClientSeq: 223
02 
.

GAME->Client [17:05:01 07/15/09] packet size: 203 CRYPTED, Flags: 7f ServerSeq: 225 ClientSeq: 14
02 03 02 00 03 08 00 30 27 47 d8 af 03 46 17 35 b1 c5 9f 32 96 1f ff 01 64 01 00 00 00 00 00 00 
00 00 00 00 00 08 41 6e 64 65 72 73 6f 6e 06 54 68 6f 6d 61 73 ff 00 00 73 1a e9 88 80 60 04 00 
02 8e 00 00 00 01 00 00 00 00 00 00 00 00 00 00 00 00 00 00 ff 28 0a 32 00 f0 20 46 14 00 01 3a 
96 1f 00 00 00 00 00 e6 e4 40 00 00 00 00 00 44 91 c0 00 00 00 00 00 27 b6 c0 00 ff 00 00 00 00 
00 f7 00 00 00 ee 00 00 00 00 00 28 0a ff 00 31 5e 00 00 00 00 00 00 00 00 00 00 00 00 00 00 00 
00 ff 00 00 00 00 00 00 00 00 00 00 00 00 80 3f 11 00 00 00 4b b1 00 00 71 02 00 00 3f 00 00 00 
01 22 00 00 00 00 00 00 00 00 00 
.......0'G...F.5...2....d.............Anderson.Thomas...s....`.......................(.2.. F...:
.........@.....D.......'...................(...1^..............................?....K...q...?...
.".........

Client->GAME [17:05:01 07/15/09] packet size: 1 CRYPTED, Flags: 5f ServerSeq: 1 ClientSeq: 224
02 
.

GAME->Client [17:05:01 07/15/09] packet size: 203 CRYPTED, Flags: 7f ServerSeq: 226 ClientSeq: 15
02 03 02 00 03 08 00 30 27 47 14 1a fe 45 49 35 b1 c5 1c 33 96 1f ff 01 64 01 00 00 00 00 00 00 
00 00 00 00 00 08 41 6e 64 65 72 73 6f 6e 06 54 68 6f 6d 61 73 ff 00 00 73 1a e9 88 80 60 04 00 
02 8e 00 00 00 01 00 00 00 00 00 00 00 00 00 00 00 00 00 00 ff 28 0a 32 00 f0 20 46 14 00 01 3a 
96 1f 00 00 00 00 00 e6 e4 40 00 00 00 00 00 44 91 c0 00 00 00 00 00 27 b6 c0 00 ff 00 00 00 00 
00 f7 00 00 00 ee 00 00 00 00 00 28 0a ff 00 31 5e 00 00 00 00 00 00 00 00 00 00 00 00 00 00 00 
00 ff 00 00 00 00 00 00 00 00 00 00 00 00 80 3f 11 00 00 00 4b b1 00 00 71 02 00 00 3f 00 00 00 
01 22 00 00 00 00 00 00 00 00 00 
.......0'G...EI5...3....d.............Anderson.Thomas...s....`.......................(.2.. F...:
.........@.....D.......'...................(...1^..............................?....K...q...?...
.".........

Client->GAME [17:05:01 07/15/09] packet size: 1 CRYPTED, Flags: 3f ServerSeq: 2 ClientSeq: 225
02 
.

GAME->Client [17:05:01 07/15/09] packet size: 367 CRYPTED, Flags: 7f ServerSeq: 227 ClientSeq: 0
02 03 02 00 03 08 00 30 27 47 3c 51 f3 45 7b 35 b1 c5 99 33 96 1f ff 01 64 01 00 00 00 00 00 00 
00 00 00 00 00 08 41 6e 64 65 72 73 6f 6e 06 54 68 6f 6d 61 73 ff 00 00 73 1a e9 88 80 60 04 00 
02 8e 00 00 00 01 00 00 00 00 00 00 00 00 00 00 00 00 00 00 ff 28 0a 32 00 f0 20 46 14 00 01 3a 
96 1f 00 00 00 00 00 e6 e4 40 00 00 00 00 00 44 91 c0 00 00 00 00 00 27 b6 c0 00 ff 00 00 00 00 
00 f7 00 00 00 ee 00 00 00 00 00 28 0a ff 00 31 5e 00 00 00 00 00 00 00 00 00 00 00 00 00 00 00 
00 ff 00 00 00 00 00 00 00 00 00 00 00 00 80 3f 11 00 00 00 4b b1 00 00 71 02 00 00 3f 00 00 00 
01 22 00 00 00 00 00 00 00 1b 00 07 00 27 00 40 00 00 00 10 00 00 01 a4 ff 00 00 00 10 00 00 00 
00 00 00 ff 00 00 00 00 00 00 00 00 00 00 00 00 00 00 00 00 00 00 00 00 00 00 00 00 00 00 01 ff 
00 00 00 00 00 00 00 00 ee 02 00 00 00 00 0d 00 00 00 00 00 00 ff 00 00 00 00 00 00 00 00 00 00 
00 00 00 00 00 00 00 00 00 00 00 00 00 00 00 00 00 00 00 00 01 00 ee 02 ff 00 00 00 00 00 00 00 
00 b5 02 00 00 4c 0a 00 28 ff 01 00 00 00 00 00 00 00 00 00 00 00 d7 09 00 58 37 08 00 00 1f 07 
08 00 00 00 00 00 00 22 00 00 00 00 00 00 00 
.......0'G<Q.E{5...3....d.............Anderson.Thomas...s....`.......................(.2.. F...:
.........@.....D.......'...................(...1^..............................?....K...q...?...
."...........'.@................................................................................
.....................................L..(................X7............".......

Client->GAME [17:05:01 07/15/09] packet size: 1 CRYPTED, Flags: 7f ServerSeq: 3 ClientSeq: 226
02 
.

GAME->Client [17:05:01 07/15/09] packet size: 371 CRYPTED, Flags: 7f ServerSeq: 228 ClientSeq: 1
82 17 61 01 49 03 02 00 03 08 00 30 27 47 28 05 e7 45 ac 35 b1 c5 16 34 96 1f ff 01 64 01 00 00 
00 00 00 00 00 00 00 00 00 08 41 6e 64 65 72 73 6f 6e 06 54 68 6f 6d 61 73 ff 00 00 73 1a e9 88 
80 60 04 00 02 8e 00 00 00 01 00 00 00 00 00 00 00 00 00 00 00 00 00 00 ff 28 0a 32 00 f0 20 46 
14 00 01 3a 96 1f 00 00 00 00 00 e6 e4 40 00 00 00 00 00 44 91 c0 00 00 00 00 00 27 b6 c0 00 ff 
00 00 00 00 00 f7 00 00 00 ee 00 00 00 00 00 28 0a ff 00 31 5e 00 00 00 00 00 00 00 00 00 00 00 
00 00 00 00 00 ff 00 00 00 00 00 00 00 00 00 00 00 00 80 3f 11 00 00 00 4b b1 00 00 71 02 00 00 
3f 00 00 00 01 22 00 00 00 00 00 00 00 23 00 07 00 27 00 40 00 00 00 10 00 00 01 8d ff 00 00 00 
10 00 00 00 00 00 00 ff 00 00 00 00 00 00 00 00 00 00 00 00 00 00 00 00 00 00 00 00 00 00 00 00 
00 00 02 ff 00 00 00 00 00 00 00 00 32 02 00 00 00 00 0d 00 00 00 00 00 00 ff 00 00 00 00 00 00 
00 00 00 00 00 00 00 00 00 00 00 00 00 00 00 00 00 00 00 00 00 00 00 00 01 00 32 02 ff 00 00 00 
00 00 00 00 00 b5 02 00 00 4c 0a 00 28 ff 01 00 00 00 00 00 00 00 00 00 00 00 d9 09 00 58 37 08 
00 00 1f 07 08 00 00 00 00 00 00 22 00 00 00 00 00 00 00 
..a.I......0'G(..E.5...4....d.............Anderson.Thomas...s....`.......................(.2.. F
...:.........@.....D.......'...................(...1^..............................?....K...q...
?....".......#...'.@........................................................2...................
..........................2..............L..(................X7............".......

Client->GAME [17:05:01 07/15/09] packet size: 1 CRYPTED, Flags: 7f ServerSeq: 4 ClientSeq: 227
02 
.

GAME->Client [17:05:01 07/15/09] packet size: 374 CRYPTED, Flags: 7f ServerSeq: 229 ClientSeq: 2
02 03 01 00 01 01 00 1b 00 02 00 03 08 00 30 27 47 d8 35 d9 45 de 35 b1 c5 93 34 96 1f ff 01 64 
01 00 00 00 00 00 00 00 00 00 00 00 08 41 6e 64 65 72 73 6f 6e 06 54 68 6f 6d 61 73 ff 00 00 73 
1a e9 88 80 60 04 00 02 8e 00 00 00 01 00 00 00 00 00 00 00 00 00 00 00 00 00 00 ff 28 0a 32 00 
f0 20 46 14 00 01 3a 96 1f 00 00 00 00 00 e6 e4 40 00 00 00 00 00 44 91 c0 00 00 00 00 00 27 b6 
c0 00 ff 00 00 00 00 00 f7 00 00 00 ee 00 00 00 00 00 28 0a ff 00 31 5e 00 00 00 00 00 00 00 00 
00 00 00 00 00 00 00 00 ff 00 00 00 00 00 00 00 00 00 00 00 00 80 3f 11 00 00 00 4b b1 00 00 71 
02 00 00 3f 00 00 00 01 22 00 00 00 00 00 00 00 1f 00 07 00 27 00 40 00 00 00 10 00 00 01 86 ff 
00 00 00 10 00 00 00 00 00 00 ff 00 00 00 00 00 00 00 00 00 00 00 00 00 00 00 00 00 00 00 00 00 
00 00 00 00 00 01 ff 00 00 00 00 00 00 00 00 ee 02 00 00 00 00 0d 00 00 00 00 00 00 ff 00 00 00 
00 00 00 00 00 00 00 00 00 00 00 00 00 00 00 00 00 00 00 00 00 00 00 00 00 00 00 01 00 ee 02 ff 
00 00 00 00 00 00 00 00 b5 02 00 00 4c 0a 00 28 ff 01 00 00 00 00 00 00 00 00 00 00 00 d7 09 00 
58 37 08 00 00 1f 07 08 00 00 00 00 00 00 22 00 00 00 00 00 00 00 
..............0'G.5.E.5...4....d.............Anderson.Thomas...s....`.......................(.2.
. F...:.........@.....D.......'...................(...1^..............................?....K...q
...?...."...........'.@.........................................................................
............................................L..(................X7............".......

Client->GAME [17:05:01 07/15/09] packet size: 1 CRYPTED, Flags: 7f ServerSeq: 5 ClientSeq: 228
02 
.

GAME->Client [17:05:01 07/15/09] packet size: 365 CRYPTED, Flags: 7f ServerSeq: 230 ClientSeq: 3
02 03 01 00 01 01 00 23 00 02 00 03 08 00 30 27 47 4f e3 c9 45 10 36 b1 c5 10 35 96 1f 80 80 80 
10 f1 00 19 00 07 00 27 00 40 00 00 00 10 00 00 00 aa ff 00 00 00 10 00 00 00 00 00 00 ff 00 00 
00 00 00 00 00 00 00 00 00 00 00 00 00 00 00 00 00 00 00 00 00 00 00 00 02 ff 00 00 00 00 00 00 
00 00 32 02 00 00 00 00 0d 00 00 00 00 00 00 ff 00 00 00 00 00 00 00 00 00 00 00 00 00 00 00 00 
00 00 00 00 00 00 00 00 00 00 00 00 00 00 01 00 32 02 ff 00 00 00 00 00 00 00 00 b5 02 00 00 4c 
0a 00 28 ff 01 00 00 00 00 00 00 00 00 00 00 00 d7 09 00 58 37 08 00 00 1f 07 08 00 00 00 00 00 
00 22 00 00 00 00 00 11 00 07 00 27 00 40 00 00 00 10 00 00 00 69 ff 00 00 00 10 00 00 00 00 00 
00 ff 00 00 00 00 00 00 00 00 00 00 00 00 00 00 00 00 00 00 00 00 00 00 00 00 00 00 03 ff 00 00 
00 00 00 00 00 00 77 01 00 00 00 00 0d 00 00 00 00 00 00 ff 00 00 00 00 00 00 00 00 00 00 00 00 
00 00 00 00 00 00 00 00 00 00 00 00 00 00 00 00 00 00 01 00 77 01 ff 00 00 00 00 00 00 00 00 b5 
02 00 00 4c 0a 00 28 ff 01 00 00 00 00 00 00 00 00 00 00 00 d8 09 00 58 37 08 00 00 1f 07 08 00 
00 00 00 00 00 22 00 00 00 00 00 00 00 
.......#......0'GO..E.6...5............'.@......................................................
..2.............................................2..............L..(................X7...........
.".........'.@.......i................................................w.........................
....................w..............L..(................X7............".......

Client->GAME [17:05:01 07/15/09] packet size: 1 CRYPTED, Flags: 7f ServerSeq: 6 ClientSeq: 229
02 
.

GAME->Client [17:05:01 07/15/09] packet size: 374 CRYPTED, Flags: 7f ServerSeq: 231 ClientSeq: 4
02 03 01 00 01 01 00 1f 00 02 00 03 08 00 30 27 47 45 67 bd 45 35 36 b1 c5 8d 35 96 1f ff 01 64 
01 00 00 00 00 00 00 00 00 00 00 00 08 41 6e 64 65 72 73 6f 6e 06 54 68 6f 6d 61 73 ff 00 00 73 
1a e9 88 80 60 04 00 02 8e 00 00 00 01 00 00 00 00 00 00 00 00 00 00 00 00 00 00 ff 28 0a 32 00 
f0 20 46 14 00 01 3a 96 1f 00 00 00 00 00 e6 e4 40 00 00 00 00 00 44 91 c0 00 00 00 00 00 27 b6 
c0 00 ff 00 00 00 00 00 f7 00 00 00 f1 00 00 00 00 00 28 0a ff 00 31 5e 00 00 00 00 00 00 00 00 
00 00 00 00 00 00 00 00 ff 00 00 00 00 00 00 00 00 00 00 00 00 80 3f 11 00 00 00 4b b1 00 00 71 
02 00 00 3f 00 00 00 01 22 00 00 00 00 00 00 00 0f 00 07 00 27 00 40 00 00 00 10 00 00 00 98 ff 
00 00 00 10 00 00 00 00 00 00 ff 00 00 00 00 00 00 00 00 00 00 00 00 00 00 00 00 00 00 00 00 00 
00 00 00 00 00 02 ff 00 00 00 00 00 00 00 00 32 02 00 00 00 00 0d 00 00 00 00 00 00 ff 00 00 00 
00 00 00 00 00 00 00 00 00 00 00 00 00 00 00 00 00 00 00 00 00 00 00 00 00 00 00 01 00 32 02 ff 
00 00 00 00 00 00 00 00 b5 02 00 00 4c 0a 00 28 ff 01 00 00 00 00 00 00 00 00 00 00 00 d7 09 00 
58 37 08 00 00 1f 07 08 00 00 00 00 00 00 22 00 00 00 00 00 00 00 
..............0'GEg.E56...5....d.............Anderson.Thomas...s....`.......................(.2.
. F...:.........@.....D.......'...................(...1^..............................?....K...q
...?...."...........'.@........................................................2................
.............................2..............L..(................X7............".......

Client->GAME [17:05:01 07/15/09] packet size: 1 CRYPTED, Flags: 7f ServerSeq: 7 ClientSeq: 230
02 
.

GAME->Client [17:05:01 07/15/09] packet size: 376 CRYPTED, Flags: 7f ServerSeq: 232 ClientSeq: 5
02 03 01 00 01 02 00 11 00 19 00 02 00 03 08 00 30 27 47 14 6f ab 45 66 36 b1 c5 0a 36 96 1f ff 
01 64 01 00 00 00 00 00 00 00 00 00 00 00 08 41 6e 64 65 72 73 6f 6e 06 54 68 6f 6d 61 73 ff 00 
00 73 1a e9 88 80 60 04 00 02 8e 00 00 00 01 00 00 00 00 00 00 00 00 00 00 00 00 00 00 ff 28 0a 
32 00 f0 20 46 14 00 01 3a 96 1f 00 00 00 00 00 e6 e4 40 00 00 00 00 00 44 91 c0 00 00 00 00 00 
27 b6 c0 00 ff 00 00 00 00 00 f7 00 00 00 f1 00 00 00 00 00 28 0a ff 00 31 5e 00 00 00 00 00 00 
00 00 00 00 00 00 00 00 00 00 ff 00 00 00 00 00 00 00 00 00 00 00 00 80 3f 11 00 00 00 4b b1 00 
00 71 02 00 00 3f 00 00 00 01 22 00 00 00 00 00 00 00 0b 00 07 00 27 00 40 00 00 00 10 00 00 01 
aa ff 00 00 00 10 00 00 00 00 00 00 ff 00 00 00 00 00 00 00 00 00 00 00 00 00 00 00 00 00 00 00 
00 00 00 00 00 00 00 01 ff 00 00 00 00 00 00 00 00 ee 02 00 00 00 00 0d 00 00 00 00 00 00 ff 00 
00 00 00 00 00 00 00 00 00 00 00 00 00 00 00 00 00 00 00 00 00 00 00 00 00 00 00 00 00 01 00 ee 
02 ff 00 00 00 00 00 00 00 00 b5 02 00 00 4c 0a 00 28 ff 01 00 00 00 00 00 00 00 00 00 00 00 d7 
09 00 58 37 08 00 00 1f 07 08 00 00 00 00 00 00 22 00 00 00 00 00 00 00 
................0'G.o.Ef6...6....d.............Anderson.Thomas...s....`.......................(.
2.. F...:.........@.....D.......'...................(...1^..............................?....K..
.q...?...."...........'.@.......................................................................
..............................................L..(................X7............".......

Client->GAME [17:05:02 07/15/09] packet size: 1 CRYPTED, Flags: 7f ServerSeq: 8 ClientSeq: 231
02 
.

GAME->Client [17:05:02 07/15/09] packet size: 374 CRYPTED, Flags: 7f ServerSeq: 233 ClientSeq: 6
02 03 01 00 01 01 00 0f 00 02 00 03 08 00 30 27 47 a1 f3 97 45 98 36 b1 c5 87 36 96 1f ff 01 64 
01 00 00 00 00 00 00 00 00 00 00 00 08 41 6e 64 65 72 73 6f 6e 06 54 68 6f 6d 61 73 ff 00 00 73 
1a e9 88 80 60 04 00 02 8e 00 00 00 01 00 00 00 00 00 00 00 00 00 00 00 00 00 00 ff 28 0a 32 00 
f0 20 46 14 00 01 3a 96 1f 00 00 00 00 00 e6 e4 40 00 00 00 00 00 44 91 c0 00 00 00 00 00 27 b6 
c0 00 ff 00 00 00 00 00 f7 00 00 00 f1 00 00 00 00 00 28 0a ff 00 31 5e 00 00 00 00 00 00 00 00 
00 00 00 00 00 00 00 00 ff 00 00 00 00 00 00 00 00 00 00 00 00 80 3f 11 00 00 00 4b b1 00 00 71 
02 00 00 3f 00 00 00 01 22 00 00 00 00 00 00 00 05 00 07 00 27 00 40 00 00 00 10 00 00 00 41 ff 
00 00 00 10 00 00 00 00 00 00 ff 00 00 00 00 00 00 00 00 00 00 00 00 00 00 00 00 00 00 00 00 00 
00 00 00 00 00 03 ff 00 00 00 00 00 00 00 00 77 01 00 00 00 00 0d 00 00 00 00 00 00 ff 00 00 00 
00 00 00 00 00 00 00 00 00 00 00 00 00 00 00 00 00 00 00 00 00 00 00 00 00 00 00 01 00 77 01 ff 
00 00 00 00 00 00 00 00 b5 02 00 00 4c 0a 00 28 ff 01 00 00 00 00 00 00 00 00 00 00 00 d8 09 00 
58 37 08 00 00 1f 07 08 00 00 00 00 00 00 22 00 00 00 00 00 00 00 
..............0'G...E.6...6....d.............Anderson.Thomas...s....`.......................(.2.
. F...:.........@.....D.......'...................(...1^..............................?....K...q
...?...."...........'.@.......A................................................w................
.............................w..............L..(................X7............".......

Client->GAME [17:05:02 07/15/09] packet size: 1 CRYPTED, Flags: 7f ServerSeq: 9 ClientSeq: 232
02 
.

GAME->Client [17:05:02 07/15/09] packet size: 210 CRYPTED, Flags: 7f ServerSeq: 234 ClientSeq: 7
02 03 01 00 01 01 00 0b 00 02 00 03 08 00 30 27 47 f8 f4 82 45 ca 36 b1 c5 04 37 96 1f ff 01 64 
01 00 00 00 00 00 00 00 00 00 00 00 08 41 6e 64 65 72 73 6f 6e 06 54 68 6f 6d 61 73 ff 00 00 73 
1a e9 88 80 60 04 00 02 8e 00 00 00 01 00 00 00 00 00 00 00 00 00 00 00 00 00 00 ff 28 0a 32 00 
f0 20 46 14 00 01 3a 96 1f 00 00 00 00 00 e6 e4 40 00 00 00 00 00 44 91 c0 00 00 00 00 00 27 b6 
c0 00 ff 00 00 00 00 00 f7 00 00 00 f1 00 00 00 00 00 28 0a ff 00 31 5e 00 00 00 00 00 00 00 00 
00 00 00 00 00 00 00 00 ff 00 00 00 00 00 00 00 00 00 00 00 00 80 3f 11 00 00 00 4b b1 00 00 71 
02 00 00 3f 00 00 00 01 22 00 00 00 00 00 00 00 00 00 
..............0'G...E.6...7....d.............Anderson.Thomas...s....`.......................(.2.
. F...:.........@.....D.......'...................(...1^..............................?....K...q
...?....".........

Client->GAME [17:05:02 07/15/09] packet size: 1 CRYPTED, Flags: 7f ServerSeq: 10 ClientSeq: 233
02 
.

GAME->Client [17:05:02 07/15/09] packet size: 210 CRYPTED, Flags: 7f ServerSeq: 235 ClientSeq: 8
02 03 01 00 01 01 00 05 00 02 00 03 08 00 30 27 47 1b e6 58 45 fb 36 b1 c5 81 37 96 1f ff 01 64 
01 00 00 00 00 00 00 00 00 00 00 00 08 41 6e 64 65 72 73 6f 6e 06 54 68 6f 6d 61 73 ff 00 00 73 
1a e9 88 80 60 04 00 02 8e 00 00 00 01 00 00 00 00 00 00 00 00 00 00 00 00 00 00 ff 28 0a 32 00 
f0 20 46 14 00 01 3a 96 1f 00 00 00 00 00 e6 e4 40 00 00 00 00 00 44 91 c0 00 00 00 00 00 27 b6 
c0 00 ff 00 00 00 00 00 f7 00 00 00 f1 00 00 00 00 00 28 0a ff 00 31 5e 00 00 00 00 00 00 00 00 
00 00 00 00 00 00 00 00 ff 00 00 00 00 00 00 00 00 00 00 00 00 80 3f 11 00 00 00 4b b1 00 00 71 
02 00 00 3f 00 00 00 01 22 00 00 00 00 00 00 00 00 00 
..............0'G..XE.6...7....d.............Anderson.Thomas...s....`.......................(.2.
. F...:.........@.....D.......'...................(...1^..............................?....K...q
...?....".........

Client->GAME [17:05:02 07/15/09] packet size: 1 CRYPTED, Flags: 7f ServerSeq: 11 ClientSeq: 234
02 
.

GAME->Client [17:05:02 07/15/09] packet size: 367 CRYPTED, Flags: 7f ServerSeq: 236 ClientSeq: 9
02 03 02 00 03 08 00 30 27 47 db db 28 45 2d 37 b1 c5 fe 37 96 1f ff 01 64 01 00 00 00 00 00 00 
00 00 00 00 00 08 41 6e 64 65 72 73 6f 6e 06 54 68 6f 6d 61 73 ff 00 00 73 1a e9 88 80 60 04 00 
02 8e 00 00 00 01 00 00 00 00 00 00 00 00 00 00 00 00 00 00 ff 28 0a 32 00 f0 20 46 14 00 01 3a 
96 1f 00 00 00 00 00 e6 e4 40 00 00 00 00 00 44 91 c0 00 00 00 00 00 27 b6 c0 00 ff 00 00 00 00 
00 f7 00 00 00 f1 00 00 00 00 00 28 0a ff 00 31 5e 00 00 00 00 00 00 00 00 00 00 00 00 00 00 00 
00 ff 00 00 00 00 00 00 00 00 00 00 00 00 80 3f 11 00 00 00 4b b1 00 00 71 02 00 00 3f 00 00 00 
01 22 00 00 00 00 00 00 00 1d 00 07 00 27 00 40 00 00 00 10 00 00 00 48 ff 00 00 00 10 00 00 00 
00 00 00 ff 00 00 00 00 00 00 00 00 00 00 00 00 00 00 00 00 00 00 00 00 00 00 00 00 00 00 02 ff 
00 00 00 00 00 00 00 00 32 02 00 00 00 00 0d 00 00 00 00 00 00 ff 00 00 00 00 00 00 00 00 00 00 
00 00 00 00 00 00 00 00 00 00 00 00 00 00 00 00 00 00 00 00 01 00 32 02 ff 00 00 00 00 00 00 00 
00 b5 02 00 00 4c 0a 00 28 ff 01 00 00 00 00 00 00 00 00 00 00 00 d6 09 00 58 37 08 00 00 1f 07 
08 00 00 00 00 00 00 22 00 00 00 00 00 00 00 
.......0'G..(E-7...7....d.............Anderson.Thomas...s....`.......................(.2.. F...:
.........@.....D.......'...................(...1^..............................?....K...q...?...
."...........'.@.......H................................................2.......................
......................2..............L..(................X7............".......

Client->GAME [17:05:02 07/15/09] packet size: 1 CRYPTED, Flags: 7f ServerSeq: 12 ClientSeq: 235
02 
.

GAME->Client [17:05:02 07/15/09] packet size: 371 CRYPTED, Flags: 7f ServerSeq: 237 ClientSeq: 10
82 29 61 01 49 03 02 00 03 08 00 30 27 47 2c 96 eb 44 5f 37 b1 c5 7b 38 96 1f ff 01 64 01 00 00 
00 00 00 00 00 00 00 00 00 08 41 6e 64 65 72 73 6f 6e 06 54 68 6f 6d 61 73 ff 00 00 73 1a e9 88 
80 60 04 00 02 8e 00 00 00 01 00 00 00 00 00 00 00 00 00 00 00 00 00 00 ff 28 0a 32 00 f0 20 46 
14 00 01 3a 96 1f 00 00 00 00 00 e6 e4 40 00 00 00 00 00 44 91 c0 00 00 00 00 00 27 b6 c0 00 ff 
00 00 00 00 00 f7 00 00 00 f1 00 00 00 00 00 28 0a ff 00 31 5e 00 00 00 00 00 00 00 00 00 00 00 
00 00 00 00 00 ff 00 00 00 00 00 00 00 00 00 00 00 00 80 3f 11 00 00 00 4b b1 00 00 71 02 00 00 
3f 00 00 00 01 22 00 00 00 00 00 00 00 0d 00 07 00 27 00 40 00 00 00 10 00 00 00 ac ff 00 00 00 
10 00 00 00 00 00 00 ff 00 00 00 00 00 00 00 00 00 00 00 00 00 00 00 00 00 00 00 00 00 00 00 00 
00 00 01 ff 00 00 00 00 00 00 00 00 ee 02 00 00 00 00 0d 00 00 00 00 00 00 ff 00 00 00 00 00 00 
00 00 00 00 00 00 00 00 00 00 00 00 00 00 00 00 00 00 00 00 00 00 00 00 01 00 ee 02 ff 00 00 00 
00 00 00 00 00 b5 02 00 00 4c 0a 00 28 ff 01 00 00 00 00 00 00 00 00 00 00 00 d7 09 00 58 37 08 
00 00 1f 07 08 00 00 00 00 00 00 22 00 00 00 00 00 00 00 
.)a.I......0'G,..D_7..{8....d.............Anderson.Thomas...s....`.......................(.2.. F
...:.........@.....D.......'...................(...1^..............................?....K...q...
?...."...........'.@............................................................................
.........................................L..(................X7............".......

Client->GAME [17:05:02 07/15/09] packet size: 1 CRYPTED, Flags: 7f ServerSeq: 13 ClientSeq: 236
02 
.

GAME->Client [17:05:02 07/15/09] packet size: 210 CRYPTED, Flags: 7f ServerSeq: 238 ClientSeq: 11
02 03 01 00 01 01 00 1d 00 02 00 03 08 00 30 27 47 9b cf 7e 44 90 37 b1 c5 f8 38 96 1f ff 01 64 
01 00 00 00 00 00 00 00 00 00 00 00 08 41 6e 64 65 72 73 6f 6e 06 54 68 6f 6d 61 73 ff 00 00 73 
1a e9 88 80 60 04 00 02 8e 00 00 00 01 00 00 00 00 00 00 00 00 00 00 00 00 00 00 ff 28 0a 32 00 
f0 20 46 14 00 01 3a 96 1f 00 00 00 00 00 e6 e4 40 00 00 00 00 00 44 91 c0 00 00 00 00 00 27 b6 
c0 00 ff 00 00 00 00 00 f7 00 00 00 f1 00 00 00 00 00 28 0a ff 00 31 5e 00 00 00 00 00 00 00 00 
00 00 00 00 00 00 00 00 ff 00 00 00 00 00 00 00 00 00 00 00 00 80 3f 11 00 00 00 4b b1 00 00 71 
02 00 00 3f 00 00 00 01 22 00 00 00 00 00 00 00 00 00 
..............0'G..~D.7...8....d.............Anderson.Thomas...s....`.......................(.2.
. F...:.........@.....D.......'...................(...1^..............................?....K...q
...?....".........

Client->GAME [17:05:02 07/15/09] packet size: 1 CRYPTED, Flags: 7f ServerSeq: 14 ClientSeq: 237
02 
.

GAME->Client [17:05:02 07/15/09] packet size: 37 CRYPTED, Flags: 7f ServerSeq: 239 ClientSeq: 12
02 03 01 00 01 01 00 0d 00 02 00 03 08 00 30 27 47 43 c6 d2 42 c2 37 b1 c5 75 39 96 1f 80 80 80 
10 f5 00 00 00 
..............0'GC..B.7..u9..........

Client->GAME [17:05:02 07/15/09] packet size: 1 CRYPTED, Flags: 7f ServerSeq: 15 ClientSeq: 238
02 
.

GAME->Client [17:05:02 07/15/09] packet size: 203 CRYPTED, Flags: 7f ServerSeq: 240 ClientSeq: 13
02 03 02 00 03 08 00 30 27 47 af 37 56 c4 f4 37 b1 c5 f2 39 96 1f ff 01 64 01 00 00 00 00 00 00 
00 00 00 00 00 08 41 6e 64 65 72 73 6f 6e 06 54 68 6f 6d 61 73 ff 00 00 73 1a e9 88 80 60 04 00 
02 8e 00 00 00 01 00 00 00 00 00 00 00 00 00 00 00 00 00 00 ff 28 0a 32 00 f0 20 46 14 00 01 3a 
96 1f 00 00 00 00 00 e6 e4 40 00 00 00 00 00 44 91 c0 00 00 00 00 00 27 b6 c0 00 ff 00 00 00 00 
00 f7 00 00 00 f5 00 00 00 00 00 28 0a ff 00 31 5e 00 00 00 00 00 00 00 00 00 00 00 00 00 00 00 
00 ff 00 00 00 00 00 00 00 00 00 00 00 00 80 3f 11 00 00 00 4b b1 00 00 71 02 00 00 3f 00 00 00 
01 22 00 00 00 00 00 00 00 00 00 
.......0'G.7V..7...9....d.............Anderson.Thomas...s....`.......................(.2.. F...:
.........@.....D.......'...................(...1^..............................?....K...q...?...
.".........

Client->GAME [17:05:02 07/15/09] packet size: 1 CRYPTED, Flags: 7f ServerSeq: 0 ClientSeq: 239
02 
.

Client->GAME [17:05:03 07/15/09] packet size: 20 CRYPTED, Flags: 7f ServerSeq: 0 ClientSeq: 240
02 03 02 00 01 08 00 30 27 47 00 20 8a c4 00 38 b1 c5 00 00 
.......0'G. ...8....

GAME->Client [17:05:03 07/15/09] packet size: 205 CRYPTED, Flags: 7f ServerSeq: 241 ClientSeq: 14
02 03 02 00 03 09 00 00 00 30 27 47 00 20 8a c4 00 38 b1 c5 6f 3a 96 1f ff 01 64 01 00 00 00 00 
00 00 00 00 00 00 00 08 41 6e 64 65 72 73 6f 6e 06 54 68 6f 6d 61 73 ff 00 00 73 1a e9 88 80 60 
04 00 02 8e 00 00 00 01 00 00 00 00 00 00 00 00 00 00 00 00 00 00 ff 28 0a 32 00 f0 20 46 14 00 
01 3a 96 1f 00 00 00 00 00 e6 e4 40 00 00 00 00 00 44 91 c0 00 00 00 00 00 27 b6 c0 00 ff 00 00 
00 00 00 f7 00 00 00 f5 00 00 00 00 00 28 0a ff 00 31 5e 00 00 00 00 00 00 00 00 00 00 00 00 00 
00 00 00 ff 00 00 00 00 00 00 00 00 00 00 00 00 80 3f 11 00 00 00 4b b1 00 00 71 02 00 00 3f 00 
00 00 01 22 00 00 00 00 00 00 00 00 00 
.........0'G. ...8..o:....d.............Anderson.Thomas...s....`.......................(.2.. F..
.:.........@.....D.......'...................(...1^..............................?....K...q...?.
...".........

Client->GAME [17:05:03 07/15/09] packet size: 1 CRYPTED, Flags: 7f ServerSeq: 1 ClientSeq: 241
02 
.

GAME->Client [17:05:03 07/15/09] packet size: 205 CRYPTED, Flags: 7f ServerSeq: 242 ClientSeq: 0
02 03 02 00 03 09 00 00 00 30 27 47 00 20 8a c4 00 38 b1 c5 ec 3a 96 1f ff 01 64 01 00 00 00 00 
00 00 00 00 00 00 00 08 41 6e 64 65 72 73 6f 6e 06 54 68 6f 6d 61 73 ff 00 00 73 1a e9 88 80 60 
04 00 02 8e 00 00 00 01 00 00 00 00 00 00 00 00 00 00 00 00 00 00 ff 28 0a 32 00 f0 20 46 14 00 
01 3a 96 1f 00 00 00 00 00 e6 e4 40 00 00 00 00 00 44 91 c0 00 00 00 00 00 27 b6 c0 00 ff 00 00 
00 00 00 f7 00 00 00 f5 00 00 00 00 00 28 0a ff 00 31 5e 00 00 00 00 00 00 00 00 00 00 00 00 00 
00 00 00 ff 00 00 00 00 00 00 00 00 00 00 00 00 80 3f 11 00 00 00 4b b1 00 00 71 02 00 00 3f 00 
00 00 01 22 00 00 00 00 00 00 00 00 00 
.........0'G. ...8...:....d.............Anderson.Thomas...s....`.......................(.2.. F..
.:.........@.....D.......'...................(...1^..............................?....K...q...?.
...".........

Client->GAME [17:05:03 07/15/09] packet size: 1 CRYPTED, Flags: 7f ServerSeq: 2 ClientSeq: 242
02 
.

GAME->Client [17:05:03 07/15/09] packet size: 13 CRYPTED, Flags: 7f ServerSeq: 243 ClientSeq: 2
02 03 02 00 02 80 80 80 10 f7 00 00 00 
.............

Client->GAME [17:05:03 07/15/09] packet size: 1 CRYPTED, Flags: 7f ServerSeq: 3 ClientSeq: 243
02 
.

GAME->Client [17:05:05 07/15/09] packet size: 452 CRYPTED, Flags: 7f ServerSeq: 244 ClientSeq: 3
82 56 61 01 49 03 01 00 0c 57 02 25 cd ab 13 8e 47 6f 6c 64 20 42 6c 6f 6f 64 20 45 6e 74 68 75 
73 69 61 73 74 00 00 00 00 00 00 00 00 00 00 00 00 10 00 00 22 d4 dc 60 1c 00 c6 01 80 d1 d9 09 
00 58 0a 00 00 00 40 f8 64 e6 40 00 00 00 00 00 44 91 c0 00 00 00 40 c5 58 aa c0 c0 01 83 01 02 
a8 0d 32 02 b2 09 32 02 07 08 00 00 81 b5 02 00 00 02 03 11 00 00 01 00 0c 57 02 26 cd ab 10 8e 
47 6f 6c 64 20 42 6c 6f 6f 64 20 45 6e 74 68 75 73 69 61 73 74 00 00 00 00 00 00 00 00 00 00 00 
00 10 00 00 22 d0 60 1c 00 c6 01 80 c1 d7 09 00 58 00 00 00 38 64 bf e6 40 00 00 00 00 00 44 91 
c0 00 00 00 00 00 63 b5 c0 c0 01 82 02 a8 0d 32 02 b2 09 32 02 07 08 00 00 81 b5 02 00 00 02 03 
0d 00 00 01 00 0c 57 02 27 cd ab 13 8e 47 6f 6c 64 20 42 6c 6f 6f 64 20 42 72 6f 74 68 65 72 00 
00 00 00 00 00 00 00 00 00 00 00 00 00 00 10 00 00 22 d4 1c 5f 1c 00 c6 01 80 d1 d8 09 00 58 0a 
00 00 00 70 8b 67 e6 40 00 00 00 00 00 44 91 c0 00 00 00 00 0b 22 a4 c0 c0 01 83 01 03 a8 0d 77 
01 b2 09 77 01 07 08 00 00 81 b5 02 00 00 02 03 23 00 00 01 00 0c 57 02 24 cd ab 12 8e 47 6f 6c 
64 20 42 6c 6f 6f 64 20 45 6e 74 68 75 73 69 61 73 74 00 00 00 00 00 00 00 00 00 00 00 00 10 00 
00 22 d4 54 60 1c 00 c6 01 80 c1 d6 09 00 58 00 00 00 b8 92 51 e7 40 00 00 00 00 00 44 91 c0 00 
00 00 70 04 22 c6 c0 c0 01 83 04 02 a8 0d 32 02 b2 09 32 02 07 08 00 00 81 b5 02 00 00 02 03 0f 
00 00 00 00 
.Va.I....W.%....Gold Blood Enthusiast..............."..`.........X....@.d.@.....D.....@.X.......
..2...2..................W.&....Gold Blood Enthusiast...............".`.........X...8d..@.....D.
......c........2...2..................W.'....Gold Blood Brother..................".._.........X.
...p.g.@.....D.......".........w...w............#.....W.$....Gold Blood Enthusiast..............
.".T`.........X.....Q.@.....D.....p.".........2...2.................

Client->GAME [17:05:05 07/15/09] packet size: 1 CRYPTED, Flags: 7f ServerSeq: 4 ClientSeq: 244
02 
.

GAME->Client [17:05:05 07/15/09] packet size: 491 CRYPTED, Flags: 7f ServerSeq: 245 ClientSeq: 3
02 03 01 00 02 13 00 11 00 02 0c d3 16 12 33 47 00 20 8a c4 58 07 52 c5 01 00 02 13 00 0f 00 02 
0c 60 96 8c 3a 47 00 20 8a c4 24 10 31 c6 01 00 0c 57 02 28 cd ab 13 8e 47 6f 6c 64 20 42 6c 6f 
6f 64 20 43 68 61 6d 70 69 6f 6e 00 00 00 00 00 00 00 00 00 00 00 00 00 00 10 00 00 22 d4 d0 61 
1c 00 c6 01 80 d1 d7 09 00 58 0a 00 00 00 d0 ef 7d e6 40 00 00 00 00 00 44 91 c0 00 00 00 80 56 
78 aa c0 c0 01 83 01 01 a8 0d ee 02 b2 04 ee 02 07 08 00 00 81 b5 02 00 00 02 03 17 00 00 01 00 
0c 57 02 29 cd ab 12 8e 47 6f 6c 64 20 42 6c 6f 6f 64 20 42 72 6f 74 68 65 72 00 00 00 00 00 00 
00 00 00 00 00 00 00 00 00 10 00 00 22 d4 d0 5f 1c 00 c6 01 80 c1 d8 09 00 58 00 00 00 00 00 a8 
e6 40 00 00 00 00 00 44 91 c0 00 00 00 00 00 70 a7 c0 c0 01 83 05 03 a8 0d 77 01 b2 09 77 01 07 
08 00 00 81 b5 02 00 00 02 03 05 00 00 01 00 0c 57 02 23 cd ab 12 8e 47 6f 6c 64 20 42 6c 6f 6f 
64 20 43 68 61 6d 70 69 6f 6e 00 00 00 00 00 00 00 00 00 00 00 00 00 00 10 00 00 22 d4 c4 61 1c 
00 c6 01 80 c1 d7 09 00 58 00 00 00 62 7e f4 e6 40 00 00 00 00 00 44 91 c0 00 00 00 e0 7a 77 c6 
c0 c0 01 83 05 01 a8 0d ee 02 b2 04 ee 02 07 08 00 00 81 b5 02 00 00 02 03 0a 00 00 01 00 0c 57 
02 2a cd ab 10 8e 47 6f 6c 64 20 42 6c 6f 6f 64 20 43 68 61 6d 70 69 6f 6e 00 00 00 00 00 00 00 
00 00 00 00 00 00 00 10 00 00 22 d0 61 1c 00 c6 01 80 c1 d7 09 00 58 00 00 00 b8 12 b2 e6 40 00 
00 00 00 00 44 91 c0 00 00 00 00 00 63 b5 c0 c0 01 82 01 a8 0d ee 02 b2 04 ee 02 07 08 00 00 81 
b5 02 00 00 02 03 06 00 00 00 00 
..............3G. ..X.R..........`..:G. ..$.1....W.(....Gold Blood Champion................."..a
.........X......}.@.....D......Vx................................W.)....Gold Blood Brother......
............".._.........X.......@.....D.......p.........w...w..................W.#....Gold Bloo
d Champion................."..a.........X...b~..@.....D......zw................................W
.*....Gold Blood Champion.................".a.........X.......@.....D.......c...................
...........

Client->GAME [17:05:05 07/15/09] packet size: 1 CRYPTED, Flags: 7f ServerSeq: 5 ClientSeq: 245
02 
.

GAME->Client [17:05:05 07/15/09] packet size: 106 CRYPTED, Flags: 7f ServerSeq: 246 ClientSeq: 4
02 03 01 00 02 14 00 17 00 02 0e 01 c4 36 d7 33 47 00 20 8a c4 54 7f 53 c5 01 00 02 13 00 05 00 
02 0c c4 00 40 35 47 00 20 8a c4 00 80 3b c5 01 00 02 13 00 0a 00 02 0c b8 f3 a3 37 47 00 20 8a 
c4 d7 bb 33 c6 23 00 02 0e 04 23 5a 54 33 47 00 20 8a c4 da 4b 1f c5 0f 00 02 0c 6c 96 8c 3a 47 
00 20 8a c4 24 10 31 c6 00 00 
.............6.3G. ..T.S............@5G. ....;.............7G. ....3.#....#ZT3G. ...K......l..:G
. ..$.1...

Client->GAME [17:05:05 07/15/09] packet size: 1 CRYPTED, Flags: 7f ServerSeq: 6 ClientSeq: 246
02 
.

GAME->Client [17:05:05 07/15/09] packet size: 91 CRYPTED, Flags: 7f ServerSeq: 247 ClientSeq: 5
02 03 23 00 02 0e 04 2e 5a 54 33 47 00 20 8a c4 da 4b 1f c5 17 00 02 0e 01 c2 be bf 33 47 00 20 
8a c4 e2 6c 53 c5 0f 00 02 0c 77 96 8c 3a 47 00 20 8a c4 24 10 31 c6 0a 00 02 0c ad f3 a3 37 47 
00 20 8a c4 d7 bb 33 c6 05 00 02 0c b9 00 40 35 47 00 20 8a c4 00 80 3b c5 00 00 
..#.....ZT3G. ...K..........3G. ...lS.....w..:G. ..$.1........7G. ....3.......@5G. ....;...

Client->GAME [17:05:05 07/15/09] packet size: 1 CRYPTED, Flags: 7f ServerSeq: 7 ClientSeq: 247
02 
.

GAME->Client [17:05:05 07/15/09] packet size: 74 CRYPTED, Flags: 7f ServerSeq: 248 ClientSeq: 6
02 03 23 00 02 0c 38 5a 54 33 47 00 20 8a c4 da 4b 1f c5 0f 00 02 0c 81 96 8c 3a 47 00 20 8a c4 
24 10 31 c6 0a 00 02 0e 01 a3 0f 92 37 47 00 20 8a c4 40 f2 33 c6 05 00 02 0e 01 af c3 35 35 47 
00 20 8a c4 9a c8 3b c5 00 00 
..#...8ZT3G. ...K.........:G. ..$.1.........7G. ..@.3........55G. ....;...

Client->GAME [17:05:05 07/15/09] packet size: 1 CRYPTED, Flags: 7f ServerSeq: 8 ClientSeq: 248
02 
.

GAME->Client [17:05:05 07/15/09] packet size: 75 CRYPTED, Flags: 7f ServerSeq: 249 ClientSeq: 7
02 03 23 00 02 0c 42 5a 54 33 47 00 20 8a c4 da 4b 1f c5 0f 00 02 0e 00 8b 96 8c 3a 47 00 20 8a 
c4 24 10 31 c6 0a 00 02 0e 01 9c 64 83 37 47 00 20 8a c4 46 36 34 c6 05 00 02 0e 01 a5 46 23 35 
47 00 20 8a c4 94 93 3c c5 00 00 
..#...BZT3G. ...K..........:G. ..$.1.......d.7G. ..F64.......F#5G. ....<...

Client->GAME [17:05:05 07/15/09] packet size: 1 CRYPTED, Flags: 7f ServerSeq: 9 ClientSeq: 249
02 
.

