Client->GAME [14:08:34 07/28/09] packet size: 12
00 00 00 00 00 01 04 08 83 47 fb 00 
.........G..

GAME->Client [14:08:34 07/28/09] packet size: 12
00 00 00 00 00 01 04 08 83 47 fb 00 
.........G..

Client->GAME [14:08:36 07/28/09] packet size: 9 CRYPTED, Flags: 7f ServerSeq: 1 ClientSeq: 144
02 03 02 00 01 02 05 00 00 
.........

Client->GAME [14:08:36 07/28/09] packet size: 10 CRYPTED, Flags: 7f ServerSeq: 1 ClientSeq: 145
02 03 02 00 01 06 05 9f 00 00 
..........

Client->GAME [14:08:36 07/28/09] packet size: 10 CRYPTED, Flags: 7f ServerSeq: 1 ClientSeq: 146
02 03 02 00 01 06 05 98 00 00 
..........

Client->GAME [14:08:37 07/28/09] packet size: 10 CRYPTED, Flags: 7f ServerSeq: 1 ClientSeq: 147
02 03 02 00 01 06 05 92 00 00 
..........

Client->GAME [14:08:37 07/28/09] packet size: 10 CRYPTED, Flags: 7f ServerSeq: 1 ClientSeq: 148
02 03 02 00 01 06 05 8c 00 00 
..........

GAME->Client [14:08:37 07/28/09] packet size: 1 CRYPTED, Flags: 7f ServerSeq: 130 ClientSeq: 1
02 
.

Client->GAME [14:08:37 07/28/09] packet size: 9 CRYPTED, Flags: 7f ServerSeq: 2 ClientSeq: 149
02 03 02 00 01 04 86 00 00 
.........

Client->GAME [14:08:37 07/28/09] packet size: 9 CRYPTED, Flags: 7f ServerSeq: 2 ClientSeq: 150
02 03 02 00 01 04 80 00 00 
.........

GAME->Client [14:08:37 07/28/09] packet size: 5 CRYPTED, Flags: 7f ServerSeq: 131 ClientSeq: 3
82 9b 21 d4 48 
..!.H

Client->GAME [14:08:37 07/28/09] packet size: 9 CRYPTED, Flags: 7f ServerSeq: 3 ClientSeq: 151
02 03 02 00 01 04 7a 00 00 
......z..

Client->GAME [14:08:37 07/28/09] packet size: 9 CRYPTED, Flags: 7f ServerSeq: 3 ClientSeq: 152
02 03 02 00 01 04 73 00 00 
......s..

GAME->Client [14:08:37 07/28/09] packet size: 1 CRYPTED, Flags: 7f ServerSeq: 132 ClientSeq: 5
02 
.

Client->GAME [14:08:37 07/28/09] packet size: 9 CRYPTED, Flags: 7f ServerSeq: 4 ClientSeq: 153
02 03 02 00 01 04 6d 00 00 
......m..

Client->GAME [14:08:37 07/28/09] packet size: 9 CRYPTED, Flags: 7f ServerSeq: 4 ClientSeq: 154
02 03 02 00 01 04 67 00 00 
......g..

GAME->Client [14:08:37 07/28/09] packet size: 1 CRYPTED, Flags: 7f ServerSeq: 133 ClientSeq: 7
02 
.

Client->GAME [14:08:37 07/28/09] packet size: 9 CRYPTED, Flags: 7f ServerSeq: 5 ClientSeq: 155
02 03 02 00 01 04 61 00 00 
......a..

Client->GAME [14:08:37 07/28/09] packet size: 9 CRYPTED, Flags: 7f ServerSeq: 5 ClientSeq: 156
02 03 02 00 01 04 5b 00 00 
......[..

GAME->Client [14:08:37 07/28/09] packet size: 1 CRYPTED, Flags: 7f ServerSeq: 134 ClientSeq: 9
02 
.

Client->GAME [14:08:37 07/28/09] packet size: 9 CRYPTED, Flags: 7f ServerSeq: 6 ClientSeq: 157
02 03 02 00 01 04 56 00 00 
......V..

Client->GAME [14:08:37 07/28/09] packet size: 9 CRYPTED, Flags: 7f ServerSeq: 6 ClientSeq: 158
02 03 02 00 01 04 51 00 00 
......Q..

GAME->Client [14:08:37 07/28/09] packet size: 1 CRYPTED, Flags: 7f ServerSeq: 135 ClientSeq: 11
02 
.

Client->GAME [14:08:37 07/28/09] packet size: 9 CRYPTED, Flags: 7f ServerSeq: 6 ClientSeq: 159
02 03 02 00 01 04 4b 00 00 
......K..

Client->GAME [14:08:38 07/28/09] packet size: 9 CRYPTED, Flags: 7f ServerSeq: 7 ClientSeq: 160
02 03 02 00 01 04 46 00 00 
......F..

Client->GAME [14:08:38 07/28/09] packet size: 9 CRYPTED, Flags: 7f ServerSeq: 7 ClientSeq: 161
02 03 02 00 01 04 40 00 00 
......@..

GAME->Client [14:08:38 07/28/09] packet size: 1 CRYPTED, Flags: 7f ServerSeq: 136 ClientSeq: 14
02 
.

Client->GAME [14:08:38 07/28/09] packet size: 9 CRYPTED, Flags: 7f ServerSeq: 8 ClientSeq: 162
02 03 02 00 01 04 3b 00 00 
......;..

Client->GAME [14:08:38 07/28/09] packet size: 9 CRYPTED, Flags: 7f ServerSeq: 8 ClientSeq: 163
02 03 02 00 01 04 35 00 00 
......5..

GAME->Client [14:08:38 07/28/09] packet size: 1 CRYPTED, Flags: 7f ServerSeq: 137 ClientSeq: 0
02 
.

Client->GAME [14:08:38 07/28/09] packet size: 9 CRYPTED, Flags: 7f ServerSeq: 9 ClientSeq: 164
02 03 02 00 01 04 30 00 00 
......0..

Client->GAME [14:08:38 07/28/09] packet size: 9 CRYPTED, Flags: 7f ServerSeq: 9 ClientSeq: 165
02 03 02 00 01 04 2a 00 00 
......*..

GAME->Client [14:08:38 07/28/09] packet size: 1 CRYPTED, Flags: 7f ServerSeq: 138 ClientSeq: 2
02 
.

Client->GAME [14:08:38 07/28/09] packet size: 10 CRYPTED, Flags: 7f ServerSeq: 10 ClientSeq: 166
02 03 02 00 01 06 00 23 00 00 
.......#..

Client->GAME [14:08:38 07/28/09] packet size: 10 CRYPTED, Flags: 7f ServerSeq: 10 ClientSeq: 167
02 03 02 00 01 06 00 21 00 00 
.......!..

GAME->Client [14:08:38 07/28/09] packet size: 1 CRYPTED, Flags: 7f ServerSeq: 139 ClientSeq: 4
02 
.

GAME->Client [14:08:38 07/28/09] packet size: 5 CRYPTED, Flags: 7f ServerSeq: 140 ClientSeq: 6
82 bf 21 d4 48 
..!.H

Client->GAME [14:08:38 07/28/09] packet size: 1 CRYPTED, Flags: 7f ServerSeq: 12 ClientSeq: 168
02 
.

GAME->Client [14:08:38 07/28/09] packet size: 1 CRYPTED, Flags: 7f ServerSeq: 141 ClientSeq: 7
02 
.

Client->GAME [14:08:38 07/28/09] packet size: 9 CRYPTED, Flags: 7f ServerSeq: 13 ClientSeq: 169
02 03 02 00 01 02 04 00 00 
.........

Client->GAME [14:08:39 07/28/09] packet size: 10 CRYPTED, Flags: 7f ServerSeq: 13 ClientSeq: 170
02 03 02 00 01 06 04 25 00 00 
.......%..

Client->GAME [14:08:39 07/28/09] packet size: 10 CRYPTED, Flags: 7f ServerSeq: 13 ClientSeq: 171
02 03 02 00 01 06 00 2b 00 00 
.......+..

GAME->Client [14:08:39 07/28/09] packet size: 1 CRYPTED, Flags: 7f ServerSeq: 142 ClientSeq: 9
02 
.

GAME->Client [14:08:39 07/28/09] packet size: 1 CRYPTED, Flags: 7f ServerSeq: 143 ClientSeq: 11
02 
.

Client->GAME [14:08:39 07/28/09] packet size: 9 CRYPTED, Flags: 7f ServerSeq: 15 ClientSeq: 172
02 03 02 00 01 02 05 00 00 
.........

Client->GAME [14:08:39 07/28/09] packet size: 10 CRYPTED, Flags: 7f ServerSeq: 15 ClientSeq: 173
02 03 02 00 01 06 05 27 00 00 
.......'..

Client->GAME [14:08:39 07/28/09] packet size: 10 CRYPTED, Flags: 7f ServerSeq: 15 ClientSeq: 174
02 03 02 00 01 06 00 23 00 00 
.......#..

GAME->Client [14:08:39 07/28/09] packet size: 1 CRYPTED, Flags: 7f ServerSeq: 144 ClientSeq: 12
02 
.

GAME->Client [14:08:39 07/28/09] packet size: 5 CRYPTED, Flags: 7f ServerSeq: 145 ClientSeq: 14
82 e3 21 d4 48 
..!.H

Client->GAME [14:08:39 07/28/09] packet size: 1 CRYPTED, Flags: 7f ServerSeq: 1 ClientSeq: 175
02 
.

Client->GAME [14:08:39 07/28/09] packet size: 48 CRYPTED, Flags: 7f ServerSeq: 1 ClientSeq: 176
02 04 01 00 28 01 29 80 c2 00 00 00 e0 38 e8 ee c0 00 00 00 00 00 c0 57 40 00 00 00 e0 a7 92 d3 
40 f7 02 33 00 00 00 00 f0 20 46 01 73 5c fb 00 
....(.)......8.........W@.......@..3..... F.s\..

GAME->Client [14:08:39 07/28/09] packet size: 74 CRYPTED, Flags: 7f ServerSeq: 146 ClientSeq: 0
02 03 02 00 03 09 08 00 67 40 87 c7 dc 9b 3a 45 b3 f4 68 46 e8 24 e5 19 80 80 b8 04 00 3c 4b e5 
19 00 00 00 e0 38 e8 ee c0 00 00 00 00 00 c0 57 40 00 00 00 e0 a7 92 d3 40 10 e3 00 00 00 04 01 
01 7f 01 06 80 c3 73 5c fb 00 
........g@....:E..hF.$.......<K......8.........W@.......@.............s\..

Client->GAME [14:08:39 07/28/09] packet size: 1 CRYPTED, Flags: 7f ServerSeq: 2 ClientSeq: 177
02 
.

GAME->Client [14:08:40 07/28/09] packet size: 205 CRYPTED, Flags: 7f ServerSeq: 147 ClientSeq: 0
02 03 02 00 03 09 08 00 a2 19 87 c7 92 49 5c 45 3d 00 6a 46 75 25 e5 19 ff 01 4e 01 00 00 00 00 
00 00 00 00 00 00 00 08 41 6e 64 65 72 73 6f 6e 06 54 68 6f 6d 61 73 ff 00 00 23 1a e9 90 80 b0 
04 02 02 8e 00 00 00 01 00 00 00 00 00 00 00 00 00 00 00 00 00 00 ff 28 0a 32 00 f0 20 46 04 00 
3c 4b e5 19 00 00 00 e0 38 e8 ee c0 00 00 00 00 00 c0 57 40 00 00 00 e0 a7 92 d3 40 00 ff 00 00 
00 00 00 f7 00 00 00 e3 00 00 00 00 00 28 0a ff 00 31 5e 00 00 00 00 00 00 00 00 00 00 00 00 00 
00 00 00 ff 00 00 00 00 00 00 00 00 00 00 00 00 80 3f 11 00 00 00 4b b1 00 00 73 02 00 00 3f 00 
00 00 01 22 00 00 00 00 00 00 00 00 00 
.............I\E=.jFu%....N.............Anderson.Thomas...#............................(.2.. F..
<K......8.........W@.......@.................(...1^..............................?....K...s...?.
...".........

Client->GAME [14:08:40 07/28/09] packet size: 1 CRYPTED, Flags: 7f ServerSeq: 3 ClientSeq: 178
02 
.

GAME->Client [14:08:40 07/28/09] packet size: 203 CRYPTED, Flags: 7f ServerSeq: 148 ClientSeq: 1
02 03 02 00 03 08 dd f2 86 c7 bb 03 7d 45 c8 0b 6b 46 f2 25 e5 19 ff 01 4e 01 00 00 00 00 00 00 
00 00 00 00 00 08 41 6e 64 65 72 73 6f 6e 06 54 68 6f 6d 61 73 ff 00 00 23 1a e9 90 80 b0 04 02 
02 8e 00 00 00 01 00 00 00 00 00 00 00 00 00 00 00 00 00 00 ff 28 0a 32 00 f0 20 46 04 00 3c 4b 
e5 19 00 00 00 e0 38 e8 ee c0 00 00 00 00 00 c0 57 40 00 00 00 e0 a7 92 d3 40 00 ff 00 00 00 00 
00 f7 00 00 00 e3 00 00 00 00 00 28 0a ff 00 31 5e 00 00 00 00 00 00 00 00 00 00 00 00 00 00 00 
00 ff 00 00 00 00 00 00 00 00 00 00 00 00 80 3f 11 00 00 00 4b b1 00 00 73 02 00 00 3f 00 00 00 
01 22 00 00 00 00 00 00 00 00 00 
............}E..kF.%....N.............Anderson.Thomas...#............................(.2.. F..<K
......8.........W@.......@.................(...1^..............................?....K...s...?...
.".........

Client->GAME [14:08:40 07/28/09] packet size: 1 CRYPTED, Flags: 7f ServerSeq: 4 ClientSeq: 179
02 
.

GAME->Client [14:08:40 07/28/09] packet size: 203 CRYPTED, Flags: 7f ServerSeq: 149 ClientSeq: 2
02 03 02 00 03 08 ca d5 86 c7 c3 77 8a 45 70 d4 6b 46 6f 26 e5 19 ff 01 4e 01 00 00 00 00 00 00 
00 00 00 00 00 08 41 6e 64 65 72 73 6f 6e 06 54 68 6f 6d 61 73 ff 00 00 23 1a e9 90 80 b0 04 02 
02 8e 00 00 00 01 00 00 00 00 00 00 00 00 00 00 00 00 00 00 ff 28 0a 32 00 f0 20 46 04 00 3c 4b 
e5 19 00 00 00 e0 38 e8 ee c0 00 00 00 00 00 c0 57 40 00 00 00 e0 a7 92 d3 40 00 ff 00 00 00 00 
00 f7 00 00 00 e3 00 00 00 00 00 28 0a ff 00 31 5e 00 00 00 00 00 00 00 00 00 00 00 00 00 00 00 
00 ff 00 00 00 00 00 00 00 00 00 00 00 00 80 3f 11 00 00 00 4b b1 00 00 73 02 00 00 3f 00 00 00 
01 22 00 00 00 00 00 00 00 00 00 
...........w.Ep.kFo&....N.............Anderson.Thomas...#............................(.2.. F..<K
......8.........W@.......@.................(...1^..............................?....K...s...?...
.".........

Client->GAME [14:08:40 07/28/09] packet size: 1 CRYPTED, Flags: 7f ServerSeq: 5 ClientSeq: 180
02 
.

GAME->Client [14:08:40 07/28/09] packet size: 203 CRYPTED, Flags: 7f ServerSeq: 150 ClientSeq: 3
02 03 02 00 03 08 05 af 86 c7 bd ff 99 45 fa df 6c 46 ec 26 e5 19 ff 01 4e 01 00 00 00 00 00 00 
00 00 00 00 00 08 41 6e 64 65 72 73 6f 6e 06 54 68 6f 6d 61 73 ff 00 00 23 1a e9 90 80 b0 04 02 
02 8e 00 00 00 01 00 00 00 00 00 00 00 00 00 00 00 00 00 00 ff 28 0a 32 00 f0 20 46 04 00 3c 4b 
e5 19 00 00 00 e0 38 e8 ee c0 00 00 00 00 00 c0 57 40 00 00 00 e0 a7 92 d3 40 00 ff 00 00 00 00 
00 f7 00 00 00 e3 00 00 00 00 00 28 0a ff 00 31 5e 00 00 00 00 00 00 00 00 00 00 00 00 00 00 00 
00 ff 00 00 00 00 00 00 00 00 00 00 00 00 80 3f 11 00 00 00 4b b1 00 00 73 02 00 00 3f 00 00 00 
01 22 00 00 00 00 00 00 00 00 00 
.............E..lF.&....N.............Anderson.Thomas...#............................(.2.. F..<K
......8.........W@.......@.................(...1^..............................?....K...s...?...
.".........

Client->GAME [14:08:40 07/28/09] packet size: 1 CRYPTED, Flags: 7f ServerSeq: 6 ClientSeq: 181
02 
.

GAME->Client [14:08:40 07/28/09] packet size: 207 CRYPTED, Flags: 7f ServerSeq: 151 ClientSeq: 4
82 07 22 d4 48 03 02 00 03 08 40 88 86 c7 f1 0d a9 45 85 eb 6d 46 69 27 e5 19 ff 01 4e 01 00 00 
00 00 00 00 00 00 00 00 00 08 41 6e 64 65 72 73 6f 6e 06 54 68 6f 6d 61 73 ff 00 00 23 1a e9 90 
80 b0 04 02 02 8e 00 00 00 01 00 00 00 00 00 00 00 00 00 00 00 00 00 00 ff 28 0a 32 00 f0 20 46 
04 00 3c 4b e5 19 00 00 00 e0 38 e8 ee c0 00 00 00 00 00 c0 57 40 00 00 00 e0 a7 92 d3 40 00 ff 
00 00 00 00 00 f7 00 00 00 e3 00 00 00 00 00 28 0a ff 00 31 5e 00 00 00 00 00 00 00 00 00 00 00 
00 00 00 00 00 ff 00 00 00 00 00 00 00 00 00 00 00 00 80 3f 11 00 00 00 4b b1 00 00 73 02 00 00 
3f 00 00 00 01 22 00 00 00 00 00 00 00 00 00 
..".H.....@......E..mFi'....N.............Anderson.Thomas...#............................(.2.. F
..<K......8.........W@.......@.................(...1^..............................?....K...s...
?....".........

Client->GAME [14:08:40 07/28/09] packet size: 1 CRYPTED, Flags: 7f ServerSeq: 7 ClientSeq: 182
02 
.

GAME->Client [14:08:40 07/28/09] packet size: 203 CRYPTED, Flags: 7f ServerSeq: 152 ClientSeq: 5
02 03 02 00 03 08 7b 61 86 c7 5f a2 b7 45 0f f7 6e 46 e6 27 e5 19 ff 01 4e 01 00 00 00 00 00 00 
00 00 00 00 00 08 41 6e 64 65 72 73 6f 6e 06 54 68 6f 6d 61 73 ff 00 00 23 1a e9 90 80 b0 04 02 
02 8e 00 00 00 01 00 00 00 00 00 00 00 00 00 00 00 00 00 00 ff 28 0a 32 00 f0 20 46 04 00 3c 4b 
e5 19 00 00 00 e0 38 e8 ee c0 00 00 00 00 00 c0 57 40 00 00 00 e0 a7 92 d3 40 00 ff 00 00 00 00 
00 f7 00 00 00 e3 00 00 00 00 00 28 0a ff 00 31 5e 00 00 00 00 00 00 00 00 00 00 00 00 00 00 00 
00 ff 00 00 00 00 00 00 00 00 00 00 00 00 80 3f 11 00 00 00 4b b1 00 00 73 02 00 00 3f 00 00 00 
01 22 00 00 00 00 00 00 00 00 00 
......{a.._..E..nF.'....N.............Anderson.Thomas...#............................(.2.. F..<K
......8.........W@.......@.................(...1^..............................?....K...s...?...
.".........

Client->GAME [14:08:40 07/28/09] packet size: 1 CRYPTED, Flags: 7f ServerSeq: 8 ClientSeq: 183
02 
.

GAME->Client [14:08:40 07/28/09] packet size: 30 CRYPTED, Flags: 7f ServerSeq: 153 ClientSeq: 6
02 03 02 00 03 08 b6 3a 86 c7 08 bd c5 45 9a 02 70 46 63 28 e5 19 80 80 80 10 e6 00 00 00 
.......:.....E..pFc(..........

Client->GAME [14:08:40 07/28/09] packet size: 1 CRYPTED, Flags: 7f ServerSeq: 9 ClientSeq: 184
02 
.

GAME->Client [14:08:40 07/28/09] packet size: 203 CRYPTED, Flags: 7f ServerSeq: 154 ClientSeq: 7
02 03 02 00 03 08 f1 13 86 c7 ea 5d d3 45 25 0e 71 46 e0 28 e5 19 ff 01 4e 01 00 00 00 00 00 00 
00 00 00 00 00 08 41 6e 64 65 72 73 6f 6e 06 54 68 6f 6d 61 73 ff 00 00 23 1a e9 90 80 b0 04 02 
02 8e 00 00 00 01 00 00 00 00 00 00 00 00 00 00 00 00 00 00 ff 28 0a 32 00 f0 20 46 04 00 3c 4b 
e5 19 00 00 00 e0 38 e8 ee c0 00 00 00 00 00 c0 57 40 00 00 00 e0 a7 92 d3 40 00 ff 00 00 00 00 
00 f7 00 00 00 e6 00 00 00 00 00 28 0a ff 00 31 5e 00 00 00 00 00 00 00 00 00 00 00 00 00 00 00 
00 ff 00 00 00 00 00 00 00 00 00 00 00 00 80 3f 11 00 00 00 4b b1 00 00 73 02 00 00 3f 00 00 00 
01 22 00 00 00 00 00 00 00 00 00 
...........].E%.qF.(....N.............Anderson.Thomas...#............................(.2.. F..<K
......8.........W@.......@.................(...1^..............................?....K...s...?...
.".........

Client->GAME [14:08:40 07/28/09] packet size: 1 CRYPTED, Flags: 7f ServerSeq: 10 ClientSeq: 185
02 
.

GAME->Client [14:08:40 07/28/09] packet size: 203 CRYPTED, Flags: 7f ServerSeq: 155 ClientSeq: 8
02 03 02 00 03 08 2d ed 85 c7 05 85 e0 45 af 19 72 46 5d 29 e5 19 ff 01 4e 01 00 00 00 00 00 00 
00 00 00 00 00 08 41 6e 64 65 72 73 6f 6e 06 54 68 6f 6d 61 73 ff 00 00 23 1a e9 90 80 b0 04 02 
02 8e 00 00 00 01 00 00 00 00 00 00 00 00 00 00 00 00 00 00 ff 28 0a 32 00 f0 20 46 04 00 3c 4b 
e5 19 00 00 00 e0 38 e8 ee c0 00 00 00 00 00 c0 57 40 00 00 00 e0 a7 92 d3 40 00 ff 00 00 00 00 
00 f7 00 00 00 e6 00 00 00 00 00 28 0a ff 00 31 5e 00 00 00 00 00 00 00 00 00 00 00 00 00 00 00 
00 ff 00 00 00 00 00 00 00 00 00 00 00 00 80 3f 11 00 00 00 4b b1 00 00 73 02 00 00 3f 00 00 00 
01 22 00 00 00 00 00 00 00 00 00 
......-......E..rF])....N.............Anderson.Thomas...#............................(.2.. F..<K
......8.........W@.......@.................(...1^..............................?....K...s...?...
.".........

Client->GAME [14:08:40 07/28/09] packet size: 1 CRYPTED, Flags: 7f ServerSeq: 11 ClientSeq: 186
02 
.

GAME->Client [14:08:41 07/28/09] packet size: 203 CRYPTED, Flags: 7f ServerSeq: 156 ClientSeq: 9
02 03 02 00 03 08 68 c6 85 c7 5b 32 ed 45 3a 25 73 46 da 29 e5 19 ff 01 4e 01 00 00 00 00 00 00 
00 00 00 00 00 08 41 6e 64 65 72 73 6f 6e 06 54 68 6f 6d 61 73 ff 00 00 23 1a e9 90 80 b0 04 02 
02 8e 00 00 00 01 00 00 00 00 00 00 00 00 00 00 00 00 00 00 ff 28 0a 32 00 f0 20 46 04 00 3c 4b 
e5 19 00 00 00 e0 38 e8 ee c0 00 00 00 00 00 c0 57 40 00 00 00 e0 a7 92 d3 40 00 ff 00 00 00 00 
00 f7 00 00 00 e6 00 00 00 00 00 28 0a ff 00 31 5e 00 00 00 00 00 00 00 00 00 00 00 00 00 00 00 
00 ff 00 00 00 00 00 00 00 00 00 00 00 00 80 3f 11 00 00 00 4b b1 00 00 73 02 00 00 3f 00 00 00 
01 22 00 00 00 00 00 00 00 00 00 
......h...[2.E:%sF.)....N.............Anderson.Thomas...#............................(.2.. F..<K
......8.........W@.......@.................(...1^..............................?....K...s...?...
.".........

Client->GAME [14:08:41 07/28/09] packet size: 1 CRYPTED, Flags: 7f ServerSeq: 12 ClientSeq: 187
02 
.

GAME->Client [14:08:41 07/28/09] packet size: 203 CRYPTED, Flags: 7f ServerSeq: 157 ClientSeq: 10
02 03 02 00 03 08 a3 9f 85 c7 ec 65 f9 45 c4 30 74 46 57 2a e5 19 ff 01 4e 01 00 00 00 00 00 00 
00 00 00 00 00 08 41 6e 64 65 72 73 6f 6e 06 54 68 6f 6d 61 73 ff 00 00 23 1a e9 90 80 b0 04 02 
02 8e 00 00 00 01 00 00 00 00 00 00 00 00 00 00 00 00 00 00 ff 28 0a 32 00 f0 20 46 04 00 3c 4b 
e5 19 00 00 00 e0 38 e8 ee c0 00 00 00 00 00 c0 57 40 00 00 00 e0 a7 92 d3 40 00 ff 00 00 00 00 
00 f7 00 00 00 e6 00 00 00 00 00 28 0a ff 00 31 5e 00 00 00 00 00 00 00 00 00 00 00 00 00 00 00 
00 ff 00 00 00 00 00 00 00 00 00 00 00 00 80 3f 11 00 00 00 4b b1 00 00 73 02 00 00 3f 00 00 00 
01 22 00 00 00 00 00 00 00 00 00 
...........e.E.0tFW*....N.............Anderson.Thomas...#............................(.2.. F..<K
......8.........W@.......@.................(...1^..............................?....K...s...?...
.".........

Client->GAME [14:08:41 07/28/09] packet size: 1 CRYPTED, Flags: 7f ServerSeq: 13 ClientSeq: 188
02 
.

GAME->Client [14:08:41 07/28/09] packet size: 203 CRYPTED, Flags: 7f ServerSeq: 158 ClientSeq: 11
02 03 02 00 03 08 de 78 85 c7 db 8f 02 46 4f 3c 75 46 d4 2a e5 19 ff 01 4e 01 00 00 00 00 00 00 
00 00 00 00 00 08 41 6e 64 65 72 73 6f 6e 06 54 68 6f 6d 61 73 ff 00 00 23 1a e9 90 80 b0 04 02 
02 8e 00 00 00 01 00 00 00 00 00 00 00 00 00 00 00 00 00 00 ff 28 0a 32 00 f0 20 46 04 00 3c 4b 
e5 19 00 00 00 e0 38 e8 ee c0 00 00 00 00 00 c0 57 40 00 00 00 e0 a7 92 d3 40 00 ff 00 00 00 00 
00 f7 00 00 00 e6 00 00 00 00 00 28 0a ff 00 31 5e 00 00 00 00 00 00 00 00 00 00 00 00 00 00 00 
00 ff 00 00 00 00 00 00 00 00 00 00 00 00 80 3f 11 00 00 00 4b b1 00 00 73 02 00 00 3f 00 00 00 
01 22 00 00 00 00 00 00 00 00 00 
.......x.....FO<uF.*....N.............Anderson.Thomas...#............................(.2.. F..<K
......8.........W@.......@.................(...1^..............................?....K...s...?...
.".........

Client->GAME [14:08:41 07/28/09] packet size: 1 CRYPTED, Flags: 7f ServerSeq: 14 ClientSeq: 189
02 
.

GAME->Client [14:08:41 07/28/09] packet size: 203 CRYPTED, Flags: 7f ServerSeq: 159 ClientSeq: 12
02 03 02 00 03 08 19 52 85 c7 dd 2f 08 46 da 47 76 46 51 2b e5 19 ff 01 4e 01 00 00 00 00 00 00 
00 00 00 00 00 08 41 6e 64 65 72 73 6f 6e 06 54 68 6f 6d 61 73 ff 00 00 23 1a e9 90 80 b0 04 02 
02 8e 00 00 00 01 00 00 00 00 00 00 00 00 00 00 00 00 00 00 ff 28 0a 32 00 f0 20 46 04 00 3c 4b 
e5 19 00 00 00 e0 38 e8 ee c0 00 00 00 00 00 c0 57 40 00 00 00 e0 a7 92 d3 40 00 ff 00 00 00 00 
00 f7 00 00 00 e6 00 00 00 00 00 28 0a ff 00 31 5e 00 00 00 00 00 00 00 00 00 00 00 00 00 00 00 
00 ff 00 00 00 00 00 00 00 00 00 00 00 00 80 3f 11 00 00 00 4b b1 00 00 73 02 00 00 3f 00 00 00 
01 22 00 00 00 00 00 00 00 00 00 
.......R.../.F.GvFQ+....N.............Anderson.Thomas...#............................(.2.. F..<K
......8.........W@.......@.................(...1^..............................?....K...s...?...
.".........

Client->GAME [14:08:41 07/28/09] packet size: 1 CRYPTED, Flags: 7f ServerSeq: 15 ClientSeq: 190
02 
.

GAME->Client [14:08:41 07/28/09] packet size: 207 CRYPTED, Flags: 7f ServerSeq: 160 ClientSeq: 13
82 2b 22 d4 48 03 02 00 03 08 06 35 85 c7 e9 3f 0c 46 81 10 77 46 ce 2b e5 19 ff 01 4e 01 00 00 
00 00 00 00 00 00 00 00 00 08 41 6e 64 65 72 73 6f 6e 06 54 68 6f 6d 61 73 ff 00 00 23 1a e9 90 
80 b0 04 02 02 8e 00 00 00 01 00 00 00 00 00 00 00 00 00 00 00 00 00 00 ff 28 0a 32 00 f0 20 46 
04 00 3c 4b e5 19 00 00 00 e0 38 e8 ee c0 00 00 00 00 00 c0 57 40 00 00 00 e0 a7 92 d3 40 00 ff 
00 00 00 00 00 f7 00 00 00 e6 00 00 00 00 00 28 0a ff 00 31 5e 00 00 00 00 00 00 00 00 00 00 00 
00 00 00 00 00 ff 00 00 00 00 00 00 00 00 00 00 00 00 80 3f 11 00 00 00 4b b1 00 00 73 02 00 00 
3f 00 00 00 01 22 00 00 00 00 00 00 00 00 00 
.+".H......5...?.F..wF.+....N.............Anderson.Thomas...#............................(.2.. F
..<K......8.........W@.......@.................(...1^..............................?....K...s...
?....".........

Client->GAME [14:08:41 07/28/09] packet size: 1 CRYPTED, Flags: 7f ServerSeq: 0 ClientSeq: 191
02 
.

GAME->Client [14:08:41 07/28/09] packet size: 30 CRYPTED, Flags: 7f ServerSeq: 161 ClientSeq: 14
02 03 02 00 03 08 41 0e 85 c7 5e 75 11 46 0c 1c 78 46 4b 2c e5 19 80 80 80 10 ea 00 00 00 
......A...^u.F..xFK,..........

Client->GAME [14:08:41 07/28/09] packet size: 1 CRYPTED, Flags: 7f ServerSeq: 1 ClientSeq: 192
02 
.

GAME->Client [14:08:42 07/28/09] packet size: 203 CRYPTED, Flags: 7f ServerSeq: 162 ClientSeq: 14
02 03 02 00 03 08 7c e7 84 c7 f0 6d 16 46 97 27 79 46 c8 2c e5 19 ff 01 4e 01 00 00 00 00 00 00 
00 00 00 00 00 08 41 6e 64 65 72 73 6f 6e 06 54 68 6f 6d 61 73 ff 00 00 23 1a e9 90 80 b0 04 02 
02 8e 00 00 00 01 00 00 00 00 00 00 00 00 00 00 00 00 00 00 ff 28 0a 32 00 f0 20 46 04 00 3c 4b 
e5 19 00 00 00 e0 38 e8 ee c0 00 00 00 00 00 c0 57 40 00 00 00 e0 a7 92 d3 40 00 ff 00 00 00 00 
00 f7 00 00 00 ea 00 00 00 00 00 28 0a ff 00 31 5e 00 00 00 00 00 00 00 00 00 00 00 00 00 00 00 
00 ff 00 00 00 00 00 00 00 00 00 00 00 00 80 3f 11 00 00 00 4b b1 00 00 73 02 00 00 3f 00 00 00 
01 22 00 00 00 00 00 00 00 00 00 
......|....m.F.'yF.,....N.............Anderson.Thomas...#............................(.2.. F..<K
......8.........W@.......@.................(...1^..............................?....K...s...?...
.".........

Client->GAME [14:08:42 07/28/09] packet size: 1 CRYPTED, Flags: 7f ServerSeq: 2 ClientSeq: 193
02 
.

GAME->Client [14:08:42 07/28/09] packet size: 203 CRYPTED, Flags: 7f ServerSeq: 163 ClientSeq: 0
02 03 02 00 03 08 b7 c0 84 c7 9f 29 1b 46 21 33 7a 46 45 2d e5 19 ff 01 4e 01 00 00 00 00 00 00 
00 00 00 00 00 08 41 6e 64 65 72 73 6f 6e 06 54 68 6f 6d 61 73 ff 00 00 23 1a e9 90 80 b0 04 02 
02 8e 00 00 00 01 00 00 00 00 00 00 00 00 00 00 00 00 00 00 ff 28 0a 32 00 f0 20 46 04 00 3c 4b 
e5 19 00 00 00 e0 38 e8 ee c0 00 00 00 00 00 c0 57 40 00 00 00 e0 a7 92 d3 40 00 ff 00 00 00 00 
00 f7 00 00 00 ea 00 00 00 00 00 28 0a ff 00 31 5e 00 00 00 00 00 00 00 00 00 00 00 00 00 00 00 
00 ff 00 00 00 00 00 00 00 00 00 00 00 00 80 3f 11 00 00 00 4b b1 00 00 73 02 00 00 3f 00 00 00 
01 22 00 00 00 00 00 00 00 00 00 
...........).F!3zFE-....N.............Anderson.Thomas...#............................(.2.. F..<K
......8.........W@.......@.................(...1^..............................?....K...s...?...
.".........

Client->GAME [14:08:42 07/28/09] packet size: 1 CRYPTED, Flags: 7f ServerSeq: 3 ClientSeq: 194
02 
.

GAME->Client [14:08:42 07/28/09] packet size: 203 CRYPTED, Flags: 7f ServerSeq: 164 ClientSeq: 1
02 03 02 00 03 08 f2 99 84 c7 6b a8 1f 46 ac 3e 7b 46 c2 2d e5 19 ff 01 4e 01 00 00 00 00 00 00 
00 00 00 00 00 08 41 6e 64 65 72 73 6f 6e 06 54 68 6f 6d 61 73 ff 00 00 23 1a e9 90 80 b0 04 02 
02 8e 00 00 00 01 00 00 00 00 00 00 00 00 00 00 00 00 00 00 ff 28 0a 32 00 f0 20 46 04 00 3c 4b 
e5 19 00 00 00 e0 38 e8 ee c0 00 00 00 00 00 c0 57 40 00 00 00 e0 a7 92 d3 40 00 ff 00 00 00 00 
00 f7 00 00 00 ea 00 00 00 00 00 28 0a ff 00 31 5e 00 00 00 00 00 00 00 00 00 00 00 00 00 00 00 
00 ff 00 00 00 00 00 00 00 00 00 00 00 00 80 3f 11 00 00 00 4b b1 00 00 73 02 00 00 3f 00 00 00 
01 22 00 00 00 00 00 00 00 00 00 
..........k..F.>{F.-....N.............Anderson.Thomas...#............................(.2.. F..<K
......8.........W@.......@.................(...1^..............................?....K...s...?...
.".........

Client->GAME [14:08:42 07/28/09] packet size: 1 CRYPTED, Flags: 7f ServerSeq: 4 ClientSeq: 195
02 
.

GAME->Client [14:08:42 07/28/09] packet size: 203 CRYPTED, Flags: 7f ServerSeq: 165 ClientSeq: 2
02 03 02 00 03 08 2d 73 84 c7 54 ea 23 46 36 4a 7c 46 3f 2e e5 19 ff 01 4e 01 00 00 00 00 00 00 
00 00 00 00 00 08 41 6e 64 65 72 73 6f 6e 06 54 68 6f 6d 61 73 ff 00 00 23 1a e9 90 80 b0 04 02 
02 8e 00 00 00 01 00 00 00 00 00 00 00 00 00 00 00 00 00 00 ff 28 0a 32 00 f0 20 46 04 00 3c 4b 
e5 19 00 00 00 e0 38 e8 ee c0 00 00 00 00 00 c0 57 40 00 00 00 e0 a7 92 d3 40 00 ff 00 00 00 00 
00 f7 00 00 00 ea 00 00 00 00 00 28 0a ff 00 31 5e 00 00 00 00 00 00 00 00 00 00 00 00 00 00 00 
00 ff 00 00 00 00 00 00 00 00 00 00 00 00 80 3f 11 00 00 00 4b b1 00 00 73 02 00 00 3f 00 00 00 
01 22 00 00 00 00 00 00 00 00 00 
......-s..T.#F6J|F?.....N.............Anderson.Thomas...#............................(.2.. F..<K
......8.........W@.......@.................(...1^..............................?....K...s...?...
.".........

Client->GAME [14:08:42 07/28/09] packet size: 1 CRYPTED, Flags: 7f ServerSeq: 5 ClientSeq: 196
02 
.

GAME->Client [14:08:42 07/28/09] packet size: 203 CRYPTED, Flags: 7f ServerSeq: 166 ClientSeq: 3
02 03 02 00 03 08 69 4c 84 c7 59 ef 27 46 c1 55 7d 46 bc 2e e5 19 ff 01 4e 01 00 00 00 00 00 00 
00 00 00 00 00 08 41 6e 64 65 72 73 6f 6e 06 54 68 6f 6d 61 73 ff 00 00 23 1a e9 90 80 b0 04 02 
02 8e 00 00 00 01 00 00 00 00 00 00 00 00 00 00 00 00 00 00 ff 28 0a 32 00 f0 20 46 04 00 3c 4b 
e5 19 00 00 00 e0 38 e8 ee c0 00 00 00 00 00 c0 57 40 00 00 00 e0 a7 92 d3 40 00 ff 00 00 00 00 
00 f7 00 00 00 ea 00 00 00 00 00 28 0a ff 00 31 5e 00 00 00 00 00 00 00 00 00 00 00 00 00 00 00 
00 ff 00 00 00 00 00 00 00 00 00 00 00 00 80 3f 11 00 00 00 4b b1 00 00 73 02 00 00 3f 00 00 00 
01 22 00 00 00 00 00 00 00 00 00 
......iL..Y.'F.U}F......N.............Anderson.Thomas...#............................(.2.. F..<K
......8.........W@.......@.................(...1^..............................?....K...s...?...
.".........

Client->GAME [14:08:42 07/28/09] packet size: 1 CRYPTED, Flags: 7f ServerSeq: 6 ClientSeq: 197
02 
.

GAME->Client [14:08:42 07/28/09] packet size: 203 CRYPTED, Flags: 7f ServerSeq: 167 ClientSeq: 4
02 03 02 00 03 08 a4 25 84 c7 7c b7 2b 46 4c 61 7e 46 39 2f e5 19 ff 01 4e 01 00 00 00 00 00 00 
00 00 00 00 00 08 41 6e 64 65 72 73 6f 6e 06 54 68 6f 6d 61 73 ff 00 00 23 1a e9 90 80 b0 04 02 
02 8e 00 00 00 01 00 00 00 00 00 00 00 00 00 00 00 00 00 00 ff 28 0a 32 00 f0 20 46 04 00 3c 4b 
e5 19 00 00 00 e0 38 e8 ee c0 00 00 00 00 00 c0 57 40 00 00 00 e0 a7 92 d3 40 00 ff 00 00 00 00 
00 f7 00 00 00 ea 00 00 00 00 00 28 0a ff 00 31 5e 00 00 00 00 00 00 00 00 00 00 00 00 00 00 00 
00 ff 00 00 00 00 00 00 00 00 00 00 00 00 80 3f 11 00 00 00 4b b1 00 00 73 02 00 00 3f 00 00 00 
01 22 00 00 00 00 00 00 00 00 00 
.......%..|.+FLa~F9/....N.............Anderson.Thomas...#............................(.2.. F..<K
......8.........W@.......@.................(...1^..............................?....K...s...?...
.".........

Client->GAME [14:08:42 07/28/09] packet size: 1 CRYPTED, Flags: 7f ServerSeq: 7 ClientSeq: 198
02 
.

GAME->Client [14:08:42 07/28/09] packet size: 203 CRYPTED, Flags: 7f ServerSeq: 168 ClientSeq: 5
02 03 02 00 03 08 df fe 83 c7 bc 42 2f 46 d6 6c 7f 46 b6 2f e5 19 ff 01 4e 01 00 00 00 00 00 00 
00 00 00 00 00 08 41 6e 64 65 72 73 6f 6e 06 54 68 6f 6d 61 73 ff 00 00 23 1a e9 90 80 b0 04 02 
02 8e 00 00 00 01 00 00 00 00 00 00 00 00 00 00 00 00 00 00 ff 28 0a 32 00 f0 20 46 04 00 3c 4b 
e5 19 00 00 00 e0 38 e8 ee c0 00 00 00 00 00 c0 57 40 00 00 00 e0 a7 92 d3 40 00 ff 00 00 00 00 
00 f7 00 00 00 ea 00 00 00 00 00 28 0a ff 00 31 5e 00 00 00 00 00 00 00 00 00 00 00 00 00 00 00 
00 ff 00 00 00 00 00 00 00 00 00 00 00 00 80 3f 11 00 00 00 4b b1 00 00 73 02 00 00 3f 00 00 00 
01 22 00 00 00 00 00 00 00 00 00 
...........B/F.l.F./....N.............Anderson.Thomas...#............................(.2.. F..<K
......8.........W@.......@.................(...1^..............................?....K...s...?...
.".........

Client->GAME [14:08:42 07/28/09] packet size: 1 CRYPTED, Flags: 7f ServerSeq: 8 ClientSeq: 199
02 
.

GAME->Client [14:08:42 07/28/09] packet size: 34 CRYPTED, Flags: 7f ServerSeq: 169 ClientSeq: 6
82 4f 22 d4 48 03 02 00 03 08 1a d8 83 c7 19 91 32 46 30 3c 80 46 33 30 e5 19 80 80 80 10 ee 00 
00 00 
.O".H...........2F0<.F30..........

Client->GAME [14:08:42 07/28/09] packet size: 1 CRYPTED, Flags: 7f ServerSeq: 9 ClientSeq: 200
02 
.

GAME->Client [14:08:42 07/28/09] packet size: 203 CRYPTED, Flags: 7f ServerSeq: 170 ClientSeq: 7
02 03 02 00 03 08 06 bb 83 c7 e9 e3 34 46 84 a0 80 46 b0 30 e5 19 ff 01 4e 01 00 00 00 00 00 00 
00 00 00 00 00 08 41 6e 64 65 72 73 6f 6e 06 54 68 6f 6d 61 73 ff 00 00 23 1a e9 90 80 b0 04 02 
02 8e 00 00 00 01 00 00 00 00 00 00 00 00 00 00 00 00 00 00 ff 28 0a 32 00 f0 20 46 04 00 3c 4b 
e5 19 00 00 00 e0 38 e8 ee c0 00 00 00 00 00 c0 57 40 00 00 00 e0 a7 92 d3 40 00 ff 00 00 00 00 
00 f7 00 00 00 ee 00 00 00 00 00 28 0a ff 00 31 5e 00 00 00 00 00 00 00 00 00 00 00 00 00 00 00 
00 ff 00 00 00 00 00 00 00 00 00 00 00 00 80 3f 11 00 00 00 4b b1 00 00 73 02 00 00 3f 00 00 00 
01 22 00 00 00 00 00 00 00 00 00 
............4F...F.0....N.............Anderson.Thomas...#............................(.2.. F..<K
......8.........W@.......@.................(...1^..............................?....K...s...?...
.".........

Client->GAME [14:08:43 07/28/09] packet size: 1 CRYPTED, Flags: 7f ServerSeq: 10 ClientSeq: 201
02 
.

GAME->Client [14:08:43 07/28/09] packet size: 203 CRYPTED, Flags: 7f ServerSeq: 171 ClientSeq: 8
02 03 02 00 03 08 42 94 83 c7 b9 c7 37 46 4a 26 81 46 2d 31 e5 19 ff 01 4e 01 00 00 00 00 00 00 
00 00 00 00 00 08 41 6e 64 65 72 73 6f 6e 06 54 68 6f 6d 61 73 ff 00 00 23 1a e9 90 80 b0 04 02 
02 8e 00 00 00 01 00 00 00 00 00 00 00 00 00 00 00 00 00 00 ff 28 0a 32 00 f0 20 46 04 00 3c 4b 
e5 19 00 00 00 e0 38 e8 ee c0 00 00 00 00 00 c0 57 40 00 00 00 e0 a7 92 d3 40 00 ff 00 00 00 00 
00 f7 00 00 00 ee 00 00 00 00 00 28 0a ff 00 31 5e 00 00 00 00 00 00 00 00 00 00 00 00 00 00 00 
00 ff 00 00 00 00 00 00 00 00 00 00 00 00 80 3f 11 00 00 00 4b b1 00 00 73 02 00 00 3f 00 00 00 
01 22 00 00 00 00 00 00 00 00 00 
......B.....7FJ&.F-1....N.............Anderson.Thomas...#............................(.2.. F..<K
......8.........W@.......@.................(...1^..............................?....K...s...?...
.".........

Client->GAME [14:08:43 07/28/09] packet size: 1 CRYPTED, Flags: 7f ServerSeq: 11 ClientSeq: 202
02 
.

GAME->Client [14:08:43 07/28/09] packet size: 203 CRYPTED, Flags: 7f ServerSeq: 172 ClientSeq: 9
02 03 02 00 03 08 7d 6d 83 c7 a6 6e 3a 46 0f ac 81 46 aa 31 e5 19 ff 01 4e 01 00 00 00 00 00 00 
00 00 00 00 00 08 41 6e 64 65 72 73 6f 6e 06 54 68 6f 6d 61 73 ff 00 00 23 1a e9 90 80 b0 04 02 
02 8e 00 00 00 01 00 00 00 00 00 00 00 00 00 00 00 00 00 00 ff 28 0a 32 00 f0 20 46 04 00 3c 4b 
e5 19 00 00 00 e0 38 e8 ee c0 00 00 00 00 00 c0 57 40 00 00 00 e0 a7 92 d3 40 00 ff 00 00 00 00 
00 f7 00 00 00 ee 00 00 00 00 00 28 0a ff 00 31 5e 00 00 00 00 00 00 00 00 00 00 00 00 00 00 00 
00 ff 00 00 00 00 00 00 00 00 00 00 00 00 80 3f 11 00 00 00 4b b1 00 00 73 02 00 00 3f 00 00 00 
01 22 00 00 00 00 00 00 00 00 00 
......}m...n:F...F.1....N.............Anderson.Thomas...#............................(.2.. F..<K
......8.........W@.......@.................(...1^..............................?....K...s...?...
.".........

Client->GAME [14:08:43 07/28/09] packet size: 1 CRYPTED, Flags: 7f ServerSeq: 12 ClientSeq: 203
02 
.

Client->GAME [14:08:43 07/28/09] packet size: 39 CRYPTED, Flags: 7f ServerSeq: 12 ClientSeq: 204
02 04 01 00 29 01 20 80 c4 00 00 00 a0 a2 74 f0 c0 00 00 00 00 00 c0 57 40 00 00 00 c0 89 1d d0 
40 4f 03 15 00 01 00 
....). .......t........W@.......@O.....

GAME->Client [14:08:43 07/28/09] packet size: 203 CRYPTED, Flags: 7f ServerSeq: 173 ClientSeq: 10
02 03 02 00 03 08 b8 46 83 c7 af d8 3c 46 d4 31 82 46 27 32 e5 19 ff 01 4e 01 00 00 00 00 00 00 
00 00 00 00 00 08 41 6e 64 65 72 73 6f 6e 06 54 68 6f 6d 61 73 ff 00 00 23 1a e9 90 80 b0 04 02 
02 8e 00 00 00 01 00 00 00 00 00 00 00 00 00 00 00 00 00 00 ff 28 0a 32 00 f0 20 46 04 00 3c 4b 
e5 19 00 00 00 e0 38 e8 ee c0 00 00 00 00 00 c0 57 40 00 00 00 e0 a7 92 d3 40 00 ff 00 00 00 00 
00 f7 00 00 00 ee 00 00 00 00 00 28 0a ff 00 31 5e 00 00 00 00 00 00 00 00 00 00 00 00 00 00 00 
00 ff 00 00 00 00 00 00 00 00 00 00 00 00 80 3f 11 00 00 00 4b b1 00 00 73 02 00 00 3f 00 00 00 
01 22 00 00 00 00 00 00 00 00 00 
.......F....<F.1.F'2....N.............Anderson.Thomas...#............................(.2.. F..<K
......8.........W@.......@.................(...1^..............................?....K...s...?...
.".........

Client->GAME [14:08:43 07/28/09] packet size: 1 CRYPTED, Flags: 7f ServerSeq: 13 ClientSeq: 205
02 
.

GAME->Client [14:08:43 07/28/09] packet size: 203 CRYPTED, Flags: 7f ServerSeq: 174 ClientSeq: 11
02 03 02 00 03 08 f3 1f 83 c7 d6 05 3f 46 9a b7 82 46 a4 32 e5 19 ff 01 4e 01 00 00 00 00 00 00 
00 00 00 00 00 08 41 6e 64 65 72 73 6f 6e 06 54 68 6f 6d 61 73 ff 00 00 23 1a e9 90 80 b0 04 02 
02 8e 00 00 00 01 00 00 00 00 00 00 00 00 00 00 00 00 00 00 ff 28 0a 32 00 f0 20 46 04 00 3c 4b 
e5 19 00 00 00 e0 38 e8 ee c0 00 00 00 00 00 c0 57 40 00 00 00 e0 a7 92 d3 40 00 ff 00 00 00 00 
00 f7 00 00 00 ee 00 00 00 00 00 28 0a ff 00 31 5e 00 00 00 00 00 00 00 00 00 00 00 00 00 00 00 
00 ff 00 00 00 00 00 00 00 00 00 00 00 00 80 3f 11 00 00 00 4b b1 00 00 73 02 00 00 3f 00 00 00 
01 22 00 00 00 00 00 00 00 00 00 
............?F...F.2....N.............Anderson.Thomas...#............................(.2.. F..<K
......8.........W@.......@.................(...1^..............................?....K...s...?...
.".........

Client->GAME [14:08:43 07/28/09] packet size: 1 CRYPTED, Flags: 7f ServerSeq: 14 ClientSeq: 206
02 
.

GAME->Client [14:08:43 07/28/09] packet size: 57 CRYPTED, Flags: 7f ServerSeq: 175 ClientSeq: 13
02 03 02 00 03 08 00 e5 85 c7 e9 50 41 46 27 52 72 46 21 33 e5 19 80 80 38 14 00 2a 49 e5 19 00 
00 00 a0 a2 74 f0 c0 00 00 00 00 00 c0 57 40 00 00 00 c0 89 1d d0 40 00 00 
...........PAF'RrF!3....8..*I.......t........W@.......@..

Client->GAME [14:08:43 07/28/09] packet size: 1 CRYPTED, Flags: 7f ServerSeq: 15 ClientSeq: 207
02 
.

GAME->Client [14:08:43 07/28/09] packet size: 203 CRYPTED, Flags: 7f ServerSeq: 176 ClientSeq: 14
02 03 02 00 03 08 fc d7 85 c7 43 f8 42 46 f8 ab 72 46 9e 33 e5 19 ff 01 4e 01 00 00 00 00 00 00 
00 00 00 00 00 08 41 6e 64 65 72 73 6f 6e 06 54 68 6f 6d 61 73 ff 00 00 23 1a e9 90 80 b0 04 02 
02 8e 00 00 00 01 00 00 00 00 00 00 00 00 00 00 00 00 00 00 ff 28 0a 32 00 f0 20 46 14 00 2a 49 
e5 19 00 00 00 a0 a2 74 f0 c0 00 00 00 00 00 c0 57 40 00 00 00 c0 89 1d d0 40 00 ff 00 00 00 00 
00 f7 00 00 00 ee 00 00 00 00 00 28 0a ff 00 31 5e 00 00 00 00 00 00 00 00 00 00 00 00 00 00 00 
00 ff 00 00 00 00 00 00 00 00 00 00 00 00 80 3f 11 00 00 00 4b b1 00 00 73 02 00 00 3f 00 00 00 
01 22 00 00 00 00 00 00 00 00 00 
..........C.BF..rF.3....N.............Anderson.Thomas...#............................(.2.. F..*I
.......t........W@.......@.................(...1^..............................?....K...s...?...
.".........

Client->GAME [14:08:43 07/28/09] packet size: 1 CRYPTED, Flags: 7f ServerSeq: 0 ClientSeq: 208
02 
.

GAME->Client [14:08:43 07/28/09] packet size: 203 CRYPTED, Flags: 7f ServerSeq: 177 ClientSeq: 15
02 03 02 00 03 08 f8 ca 85 c7 ba 62 44 46 ca 05 73 46 1b 34 e5 19 ff 01 4e 01 00 00 00 00 00 00 
00 00 00 00 00 08 41 6e 64 65 72 73 6f 6e 06 54 68 6f 6d 61 73 ff 00 00 23 1a e9 90 80 b0 04 02 
02 8e 00 00 00 01 00 00 00 00 00 00 00 00 00 00 00 00 00 00 ff 28 0a 32 00 f0 20 46 14 00 2a 49 
e5 19 00 00 00 a0 a2 74 f0 c0 00 00 00 00 00 c0 57 40 00 00 00 c0 89 1d d0 40 00 ff 00 00 00 00 
00 f7 00 00 00 ee 00 00 00 00 00 28 0a ff 00 31 5e 00 00 00 00 00 00 00 00 00 00 00 00 00 00 00 
00 ff 00 00 00 00 00 00 00 00 00 00 00 00 80 3f 11 00 00 00 4b b1 00 00 73 02 00 00 3f 00 00 00 
01 22 00 00 00 00 00 00 00 00 00 
...........bDF..sF.4....N.............Anderson.Thomas...#............................(.2.. F..*I
.......t........W@.......@.................(...1^..............................?....K...s...?...
.".........

Client->GAME [14:08:43 07/28/09] packet size: 1 CRYPTED, Flags: 7f ServerSeq: 1 ClientSeq: 209
02 
.

GAME->Client [14:08:43 07/28/09] packet size: 34 CRYPTED, Flags: 7f ServerSeq: 178 ClientSeq: 0
82 73 22 d4 48 03 02 00 03 08 f5 bd 85 c7 4f 90 45 46 9b 5f 73 46 98 34 e5 19 80 80 80 10 f2 00 
00 00 
.s".H.........O.EF._sF.4..........

Client->GAME [14:08:44 07/28/09] packet size: 1 CRYPTED, Flags: 7f ServerSeq: 2 ClientSeq: 210
02 
.

GAME->Client [14:08:44 07/28/09] packet size: 203 CRYPTED, Flags: 7f ServerSeq: 179 ClientSeq: 1
02 03 02 00 03 08 f1 b0 85 c7 ff 80 46 46 6d b9 73 46 15 35 e5 19 ff 01 4e 01 00 00 00 00 00 00 
00 00 00 00 00 08 41 6e 64 65 72 73 6f 6e 06 54 68 6f 6d 61 73 ff 00 00 23 1a e9 90 80 b0 04 02 
02 8e 00 00 00 01 00 00 00 00 00 00 00 00 00 00 00 00 00 00 ff 28 0a 32 00 f0 20 46 14 00 2a 49 
e5 19 00 00 00 a0 a2 74 f0 c0 00 00 00 00 00 c0 57 40 00 00 00 c0 89 1d d0 40 00 ff 00 00 00 00 
00 f7 00 00 00 f2 00 00 00 00 00 28 0a ff 00 31 5e 00 00 00 00 00 00 00 00 00 00 00 00 00 00 00 
00 ff 00 00 00 00 00 00 00 00 00 00 00 00 80 3f 11 00 00 00 4b b1 00 00 73 02 00 00 3f 00 00 00 
01 22 00 00 00 00 00 00 00 00 00 
............FFm.sF.5....N.............Anderson.Thomas...#............................(.2.. F..*I
.......t........W@.......@.................(...1^..............................?....K...s...?...
.".........

Client->GAME [14:08:44 07/28/09] packet size: 1 CRYPTED, Flags: 7f ServerSeq: 3 ClientSeq: 211
02 
.

GAME->Client [14:08:44 07/28/09] packet size: 203 CRYPTED, Flags: 7f ServerSeq: 180 ClientSeq: 2
02 03 02 00 03 08 ed a3 85 c7 ce 34 47 46 3e 13 74 46 92 35 e5 19 ff 01 4e 01 00 00 00 00 00 00 
00 00 00 00 00 08 41 6e 64 65 72 73 6f 6e 06 54 68 6f 6d 61 73 ff 00 00 23 1a e9 90 80 b0 04 02 
02 8e 00 00 00 01 00 00 00 00 00 00 00 00 00 00 00 00 00 00 ff 28 0a 32 00 f0 20 46 14 00 2a 49 
e5 19 00 00 00 a0 a2 74 f0 c0 00 00 00 00 00 c0 57 40 00 00 00 c0 89 1d d0 40 00 ff 00 00 00 00 
00 f7 00 00 00 f2 00 00 00 00 00 28 0a ff 00 31 5e 00 00 00 00 00 00 00 00 00 00 00 00 00 00 00 
00 ff 00 00 00 00 00 00 00 00 00 00 00 00 80 3f 11 00 00 00 4b b1 00 00 73 02 00 00 3f 00 00 00 
01 22 00 00 00 00 00 00 00 00 00 
...........4GF>.tF.5....N.............Anderson.Thomas...#............................(.2.. F..*I
.......t........W@.......@.................(...1^..............................?....K...s...?...
.".........

Client->GAME [14:08:44 07/28/09] packet size: 1 CRYPTED, Flags: 7f ServerSeq: 4 ClientSeq: 212
02 
.

GAME->Client [14:08:44 07/28/09] packet size: 203 CRYPTED, Flags: 7f ServerSeq: 181 ClientSeq: 3
02 03 02 00 03 08 e9 96 85 c7 b9 ab 47 46 10 6d 74 46 0f 36 e5 19 ff 01 4e 01 00 00 00 00 00 00 
00 00 00 00 00 08 41 6e 64 65 72 73 6f 6e 06 54 68 6f 6d 61 73 ff 00 00 23 1a e9 90 80 b0 04 02 
02 8e 00 00 00 01 00 00 00 00 00 00 00 00 00 00 00 00 00 00 ff 28 0a 32 00 f0 20 46 14 00 2a 49 
e5 19 00 00 00 a0 a2 74 f0 c0 00 00 00 00 00 c0 57 40 00 00 00 c0 89 1d d0 40 00 ff 00 00 00 00 
00 f7 00 00 00 f2 00 00 00 00 00 28 0a ff 00 31 5e 00 00 00 00 00 00 00 00 00 00 00 00 00 00 00 
00 ff 00 00 00 00 00 00 00 00 00 00 00 00 80 3f 11 00 00 00 4b b1 00 00 73 02 00 00 3f 00 00 00 
01 22 00 00 00 00 00 00 00 00 00 
............GF.mtF.6....N.............Anderson.Thomas...#............................(.2.. F..*I
.......t........W@.......@.................(...1^..............................?....K...s...?...
.".........

Client->GAME [14:08:44 07/28/09] packet size: 1 CRYPTED, Flags: 7f ServerSeq: 5 ClientSeq: 213
02 
.

GAME->Client [14:08:44 07/28/09] packet size: 203 CRYPTED, Flags: 7f ServerSeq: 182 ClientSeq: 4
02 03 02 00 03 08 26 8d 85 c7 f4 dc 47 46 6d b0 74 46 8c 36 e5 19 ff 01 4e 01 00 00 00 00 00 00 
00 00 00 00 00 08 41 6e 64 65 72 73 6f 6e 06 54 68 6f 6d 61 73 ff 00 00 23 1a e9 90 80 b0 04 02 
02 8e 00 00 00 01 00 00 00 00 00 00 00 00 00 00 00 00 00 00 ff 28 0a 32 00 f0 20 46 14 00 2a 49 
e5 19 00 00 00 a0 a2 74 f0 c0 00 00 00 00 00 c0 57 40 00 00 00 c0 89 1d d0 40 00 ff 00 00 00 00 
00 f7 00 00 00 f2 00 00 00 00 00 28 0a ff 00 31 5e 00 00 00 00 00 00 00 00 00 00 00 00 00 00 00 
00 ff 00 00 00 00 00 00 00 00 00 00 00 00 80 3f 11 00 00 00 4b b1 00 00 73 02 00 00 3f 00 00 00 
01 22 00 00 00 00 00 00 00 00 00 
......&.....GFm.tF.6....N.............Anderson.Thomas...#............................(.2.. F..*I
.......t........W@.......@.................(...1^..............................?....K...s...?...
.".........

Client->GAME [14:08:44 07/28/09] packet size: 1 CRYPTED, Flags: 7f ServerSeq: 6 ClientSeq: 214
02 
.

GAME->Client [14:08:44 07/28/09] packet size: 203 CRYPTED, Flags: 7f ServerSeq: 183 ClientSeq: 5
02 03 02 00 03 08 22 80 85 c7 52 e9 47 46 3e 0a 75 46 09 37 e5 19 ff 01 4e 01 00 00 00 00 00 00 
00 00 00 00 00 08 41 6e 64 65 72 73 6f 6e 06 54 68 6f 6d 61 73 ff 00 00 23 1a e9 90 80 b0 04 02 
02 8e 00 00 00 01 00 00 00 00 00 00 00 00 00 00 00 00 00 00 ff 28 0a 32 00 f0 20 46 14 00 2a 49 
e5 19 00 00 00 a0 a2 74 f0 c0 00 00 00 00 00 c0 57 40 00 00 00 c0 89 1d d0 40 00 ff 00 00 00 00 
00 f7 00 00 00 f2 00 00 00 00 00 28 0a ff 00 31 5e 00 00 00 00 00 00 00 00 00 00 00 00 00 00 00 
00 ff 00 00 00 00 00 00 00 00 00 00 00 00 80 3f 11 00 00 00 4b b1 00 00 73 02 00 00 3f 00 00 00 
01 22 00 00 00 00 00 00 00 00 00 
......"...R.GF>.uF.7....N.............Anderson.Thomas...#............................(.2.. F..*I
.......t........W@.......@.................(...1^..............................?....K...s...?...
.".........

Client->GAME [14:08:44 07/28/09] packet size: 1 CRYPTED, Flags: 7f ServerSeq: 7 ClientSeq: 215
02 
.

GAME->Client [14:08:44 07/28/09] packet size: 203 CRYPTED, Flags: 7f ServerSeq: 184 ClientSeq: 6
02 03 02 00 03 08 1e 73 85 c7 cd b8 47 46 10 64 75 46 86 37 e5 19 ff 01 4e 01 00 00 00 00 00 00 
00 00 00 00 00 08 41 6e 64 65 72 73 6f 6e 06 54 68 6f 6d 61 73 ff 00 00 23 1a e9 90 80 b0 04 02 
02 8e 00 00 00 01 00 00 00 00 00 00 00 00 00 00 00 00 00 00 ff 28 0a 32 00 f0 20 46 14 00 2a 49 
e5 19 00 00 00 a0 a2 74 f0 c0 00 00 00 00 00 c0 57 40 00 00 00 c0 89 1d d0 40 00 ff 00 00 00 00 
00 f7 00 00 00 f2 00 00 00 00 00 28 0a ff 00 31 5e 00 00 00 00 00 00 00 00 00 00 00 00 00 00 00 
00 ff 00 00 00 00 00 00 00 00 00 00 00 00 80 3f 11 00 00 00 4b b1 00 00 73 02 00 00 3f 00 00 00 
01 22 00 00 00 00 00 00 00 00 00 
.......s....GF.duF.7....N.............Anderson.Thomas...#............................(.2.. F..*I
.......t........W@.......@.................(...1^..............................?....K...s...?...
.".........

Client->GAME [14:08:44 07/28/09] packet size: 1 CRYPTED, Flags: 7f ServerSeq: 8 ClientSeq: 216
02 
.

GAME->Client [14:08:44 07/28/09] packet size: 203 CRYPTED, Flags: 7f ServerSeq: 185 ClientSeq: 7
02 03 02 00 03 08 1a 66 85 c7 64 4b 47 46 e1 bd 75 46 03 38 e5 19 ff 01 4e 01 00 00 00 00 00 00 
00 00 00 00 00 08 41 6e 64 65 72 73 6f 6e 06 54 68 6f 6d 61 73 ff 00 00 23 1a e9 90 80 b0 04 02 
02 8e 00 00 00 01 00 00 00 00 00 00 00 00 00 00 00 00 00 00 ff 28 0a 32 00 f0 20 46 14 00 2a 49 
e5 19 00 00 00 a0 a2 74 f0 c0 00 00 00 00 00 c0 57 40 00 00 00 c0 89 1d d0 40 00 ff 00 00 00 00 
00 f7 00 00 00 f2 00 00 00 00 00 28 0a ff 00 31 5e 00 00 00 00 00 00 00 00 00 00 00 00 00 00 00 
00 ff 00 00 00 00 00 00 00 00 00 00 00 00 80 3f 11 00 00 00 4b b1 00 00 73 02 00 00 3f 00 00 00 
01 22 00 00 00 00 00 00 00 00 00 
.......f..dKGF..uF.8....N.............Anderson.Thomas...#............................(.2.. F..*I
.......t........W@.......@.................(...1^..............................?....K...s...?...
.".........

Client->GAME [14:08:44 07/28/09] packet size: 1 CRYPTED, Flags: 7f ServerSeq: 9 ClientSeq: 217
02 
.

GAME->Client [14:08:44 07/28/09] packet size: 30 CRYPTED, Flags: 7f ServerSeq: 186 ClientSeq: 8
02 03 02 00 03 08 17 59 85 c7 19 a1 46 46 b3 17 76 46 80 38 e5 19 80 80 80 10 f5 00 00 00 
.......Y....FF..vF.8..........

Client->GAME [14:08:44 07/28/09] packet size: 1 CRYPTED, Flags: 7f ServerSeq: 10 ClientSeq: 218
02 
.

GAME->Client [14:08:45 07/28/09] packet size: 207 CRYPTED, Flags: 7f ServerSeq: 187 ClientSeq: 9
82 97 22 d4 48 03 02 00 03 08 13 4c 85 c7 eb b9 45 46 84 71 76 46 fd 38 e5 19 ff 01 4e 01 00 00 
00 00 00 00 00 00 00 00 00 08 41 6e 64 65 72 73 6f 6e 06 54 68 6f 6d 61 73 ff 00 00 23 1a e9 90 
80 b0 04 02 02 8e 00 00 00 01 00 00 00 00 00 00 00 00 00 00 00 00 00 00 ff 28 0a 32 00 f0 20 46 
14 00 2a 49 e5 19 00 00 00 a0 a2 74 f0 c0 00 00 00 00 00 c0 57 40 00 00 00 c0 89 1d d0 40 00 ff 
00 00 00 00 00 f7 00 00 00 f5 00 00 00 00 00 28 0a ff 00 31 5e 00 00 00 00 00 00 00 00 00 00 00 
00 00 00 00 00 ff 00 00 00 00 00 00 00 00 00 00 00 00 80 3f 11 00 00 00 4b b1 00 00 73 02 00 00 
3f 00 00 00 01 22 00 00 00 00 00 00 00 00 00 
..".H......L....EF.qvF.8....N.............Anderson.Thomas...#............................(.2.. F
..*I.......t........W@.......@.................(...1^..............................?....K...s...
?....".........

Client->GAME [14:08:45 07/28/09] packet size: 1 CRYPTED, Flags: 7f ServerSeq: 11 ClientSeq: 219
02 
.

GAME->Client [14:08:45 07/28/09] packet size: 203 CRYPTED, Flags: 7f ServerSeq: 188 ClientSeq: 10
02 03 02 00 03 08 0f 3f 85 c7 da 95 44 46 56 cb 76 46 7a 39 e5 19 ff 01 4e 01 00 00 00 00 00 00 
00 00 00 00 00 08 41 6e 64 65 72 73 6f 6e 06 54 68 6f 6d 61 73 ff 00 00 23 1a e9 90 80 b0 04 02 
02 8e 00 00 00 01 00 00 00 00 00 00 00 00 00 00 00 00 00 00 ff 28 0a 32 00 f0 20 46 14 00 2a 49 
e5 19 00 00 00 a0 a2 74 f0 c0 00 00 00 00 00 c0 57 40 00 00 00 c0 89 1d d0 40 00 ff 00 00 00 00 
00 f7 00 00 00 f5 00 00 00 00 00 28 0a ff 00 31 5e 00 00 00 00 00 00 00 00 00 00 00 00 00 00 00 
00 ff 00 00 00 00 00 00 00 00 00 00 00 00 80 3f 11 00 00 00 4b b1 00 00 73 02 00 00 3f 00 00 00 
01 22 00 00 00 00 00 00 00 00 00 
.......?....DFV.vFz9....N.............Anderson.Thomas...#............................(.2.. F..*I
.......t........W@.......@.................(...1^..............................?....K...s...?...
.".........

Client->GAME [14:08:45 07/28/09] packet size: 1 CRYPTED, Flags: 7f ServerSeq: 12 ClientSeq: 220
02 
.

GAME->Client [14:08:45 07/28/09] packet size: 203 CRYPTED, Flags: 7f ServerSeq: 189 ClientSeq: 11
02 03 02 00 03 08 0b 32 85 c7 e6 34 43 46 27 25 77 46 f7 39 e5 19 ff 01 4e 01 00 00 00 00 00 00 
00 00 00 00 00 08 41 6e 64 65 72 73 6f 6e 06 54 68 6f 6d 61 73 ff 00 00 23 1a e9 90 80 b0 04 02 
02 8e 00 00 00 01 00 00 00 00 00 00 00 00 00 00 00 00 00 00 ff 28 0a 32 00 f0 20 46 14 00 2a 49 
e5 19 00 00 00 a0 a2 74 f0 c0 00 00 00 00 00 c0 57 40 00 00 00 c0 89 1d d0 40 00 ff 00 00 00 00 
00 f7 00 00 00 f5 00 00 00 00 00 28 0a ff 00 31 5e 00 00 00 00 00 00 00 00 00 00 00 00 00 00 00 
00 ff 00 00 00 00 00 00 00 00 00 00 00 00 80 3f 11 00 00 00 4b b1 00 00 73 02 00 00 3f 00 00 00 
01 22 00 00 00 00 00 00 00 00 00 
.......2...4CF'%wF.9....N.............Anderson.Thomas...#............................(.2.. F..*I
.......t........W@.......@.................(...1^..............................?....K...s...?...
.".........

Client->GAME [14:08:45 07/28/09] packet size: 1 CRYPTED, Flags: 7f ServerSeq: 13 ClientSeq: 221
02 
.

GAME->Client [14:08:45 07/28/09] packet size: 203 CRYPTED, Flags: 7f ServerSeq: 190 ClientSeq: 12
02 03 02 00 03 08 07 25 85 c7 0e 97 41 46 f9 7e 77 46 74 3a e5 19 ff 01 4e 01 00 00 00 00 00 00 
00 00 00 00 00 08 41 6e 64 65 72 73 6f 6e 06 54 68 6f 6d 61 73 ff 00 00 23 1a e9 90 80 b0 04 02 
02 8e 00 00 00 01 00 00 00 00 00 00 00 00 00 00 00 00 00 00 ff 28 0a 32 00 f0 20 46 14 00 2a 49 
e5 19 00 00 00 a0 a2 74 f0 c0 00 00 00 00 00 c0 57 40 00 00 00 c0 89 1d d0 40 00 ff 00 00 00 00 
00 f7 00 00 00 f5 00 00 00 00 00 28 0a ff 00 31 5e 00 00 00 00 00 00 00 00 00 00 00 00 00 00 00 
00 ff 00 00 00 00 00 00 00 00 00 00 00 00 80 3f 11 00 00 00 4b b1 00 00 73 02 00 00 3f 00 00 00 
01 22 00 00 00 00 00 00 00 00 00 
.......%....AF.~wFt:....N.............Anderson.Thomas...#............................(.2.. F..*I
.......t........W@.......@.................(...1^..............................?....K...s...?...
.".........

Client->GAME [14:08:45 07/28/09] packet size: 1 CRYPTED, Flags: 7f ServerSeq: 14 ClientSeq: 222
02 
.

GAME->Client [14:08:45 07/28/09] packet size: 203 CRYPTED, Flags: 7f ServerSeq: 191 ClientSeq: 13
02 03 02 00 03 08 03 18 85 c7 54 bc 3f 46 ca d8 77 46 f1 3a e5 19 ff 01 4e 01 00 00 00 00 00 00 
00 00 00 00 00 08 41 6e 64 65 72 73 6f 6e 06 54 68 6f 6d 61 73 ff 00 00 23 1a e9 90 80 b0 04 02 
02 8e 00 00 00 01 00 00 00 00 00 00 00 00 00 00 00 00 00 00 ff 28 0a 32 00 f0 20 46 14 00 2a 49 
e5 19 00 00 00 a0 a2 74 f0 c0 00 00 00 00 00 c0 57 40 00 00 00 c0 89 1d d0 40 00 ff 00 00 00 00 
00 f7 00 00 00 f5 00 00 00 00 00 28 0a ff 00 31 5e 00 00 00 00 00 00 00 00 00 00 00 00 00 00 00 
00 ff 00 00 00 00 00 00 00 00 00 00 00 00 80 3f 11 00 00 00 4b b1 00 00 73 02 00 00 3f 00 00 00 
01 22 00 00 00 00 00 00 00 00 00 
..........T.?F..wF.:....N.............Anderson.Thomas...#............................(.2.. F..*I
.......t........W@.......@.................(...1^..............................?....K...s...?...
.".........

Client->GAME [14:08:45 07/28/09] packet size: 1 CRYPTED, Flags: 7f ServerSeq: 15 ClientSeq: 223
02 
.

GAME->Client [14:08:45 07/28/09] packet size: 203 CRYPTED, Flags: 7f ServerSeq: 192 ClientSeq: 14
02 03 02 00 03 08 40 0e 85 c7 54 30 3e 46 27 1c 78 46 6e 3b e5 19 ff 01 4e 01 00 00 00 00 00 00 
00 00 00 00 00 08 41 6e 64 65 72 73 6f 6e 06 54 68 6f 6d 61 73 ff 00 00 23 1a e9 90 80 b0 04 02 
02 8e 00 00 00 01 00 00 00 00 00 00 00 00 00 00 00 00 00 00 ff 28 0a 32 00 f0 20 46 14 00 2a 49 
e5 19 00 00 00 a0 a2 74 f0 c0 00 00 00 00 00 c0 57 40 00 00 00 c0 89 1d d0 40 00 ff 00 00 00 00 
00 f7 00 00 00 f5 00 00 00 00 00 28 0a ff 00 31 5e 00 00 00 00 00 00 00 00 00 00 00 00 00 00 00 
00 ff 00 00 00 00 00 00 00 00 00 00 00 00 80 3f 11 00 00 00 4b b1 00 00 73 02 00 00 3f 00 00 00 
01 22 00 00 00 00 00 00 00 00 00 
......@...T0>F'.xFn;....N.............Anderson.Thomas...#............................(.2.. F..*I
.......t........W@.......@.................(...1^..............................?....K...s...?...
.".........

Client->GAME [14:08:45 07/28/09] packet size: 1 CRYPTED, Flags: 7f ServerSeq: 0 ClientSeq: 224
02 
.

GAME->Client [14:08:45 07/28/09] packet size: 203 CRYPTED, Flags: 7f ServerSeq: 193 ClientSeq: 15
02 03 02 00 03 08 3c 01 85 c7 0c eb 3b 46 f8 75 78 46 eb 3b e5 19 ff 01 4e 01 00 00 00 00 00 00 
00 00 00 00 00 08 41 6e 64 65 72 73 6f 6e 06 54 68 6f 6d 61 73 ff 00 00 23 1a e9 90 80 b0 04 02 
02 8e 00 00 00 01 00 00 00 00 00 00 00 00 00 00 00 00 00 00 ff 28 0a 32 00 f0 20 46 14 00 2a 49 
e5 19 00 00 00 a0 a2 74 f0 c0 00 00 00 00 00 c0 57 40 00 00 00 c0 89 1d d0 40 00 ff 00 00 00 00 
00 f7 00 00 00 f5 00 00 00 00 00 28 0a ff 00 31 5e 00 00 00 00 00 00 00 00 00 00 00 00 00 00 00 
00 ff 00 00 00 00 00 00 00 00 00 00 00 00 80 3f 11 00 00 00 4b b1 00 00 73 02 00 00 3f 00 00 00 
01 22 00 00 00 00 00 00 00 00 00 
......<.....;F.uxF.;....N.............Anderson.Thomas...#............................(.2.. F..*I
.......t........W@.......@.................(...1^..............................?....K...s...?...
.".........

Client->GAME [14:08:46 07/28/09] packet size: 1 CRYPTED, Flags: 7f ServerSeq: 1 ClientSeq: 225
02 
.

GAME->Client [14:08:46 07/28/09] packet size: 30 CRYPTED, Flags: 7f ServerSeq: 194 ClientSeq: 0
02 03 02 00 03 08 39 f4 84 c7 e2 68 39 46 ca cf 78 46 68 3c e5 19 80 80 80 10 f7 00 00 00 
......9....h9F..xFh<..........

Client->GAME [14:08:46 07/28/09] packet size: 1 CRYPTED, Flags: 7f ServerSeq: 2 ClientSeq: 226
02 
.

GAME->Client [14:08:46 07/28/09] packet size: 222 CRYPTED, Flags: 7f ServerSeq: 195 ClientSeq: 1
02 03 01 00 01 07 00 04 00 06 00 08 00 0a 00 0b 00 0e 00 10 00 02 00 03 08 35 e7 84 c7 d4 a9 36 
46 9c 29 79 46 e5 3c e5 19 ff 01 4e 01 00 00 00 00 00 00 00 00 00 00 00 08 41 6e 64 65 72 73 6f 
6e 06 54 68 6f 6d 61 73 ff 00 00 23 1a e9 90 80 b0 04 02 02 8e 00 00 00 01 00 00 00 00 00 00 00 
00 00 00 00 00 00 00 ff 28 0a 32 00 f0 20 46 14 00 2a 49 e5 19 00 00 00 a0 a2 74 f0 c0 00 00 00 
00 00 c0 57 40 00 00 00 c0 89 1d d0 40 00 ff 00 00 00 00 00 f7 00 00 00 f7 00 00 00 00 00 28 0a 
ff 00 31 5e 00 00 00 00 00 00 00 00 00 00 00 00 00 00 00 00 ff 00 00 00 00 00 00 00 00 00 00 00 
00 80 3f 11 00 00 00 4b b1 00 00 73 02 00 00 3f 00 00 00 01 22 00 00 00 00 00 00 00 00 00 
.........................5.....6F.)yF.<....N.............Anderson.Thomas...#....................
........(.2.. F..*I.......t........W@.......@.................(...1^............................
..?....K...s...?....".........

Client->GAME [14:08:46 07/28/09] packet size: 1 CRYPTED, Flags: 7f ServerSeq: 3 ClientSeq: 227
02 
.

GAME->Client [14:08:46 07/28/09] packet size: 207 CRYPTED, Flags: 7f ServerSeq: 196 ClientSeq: 2
82 bb 22 d4 48 03 02 00 03 08 31 da 84 c7 e4 ad 33 46 6d 83 79 46 62 3d e5 19 ff 01 4e 01 00 00 
00 00 00 00 00 00 00 00 00 08 41 6e 64 65 72 73 6f 6e 06 54 68 6f 6d 61 73 ff 00 00 23 1a e9 90 
80 b0 04 02 02 8e 00 00 00 01 00 00 00 00 00 00 00 00 00 00 00 00 00 00 ff 28 0a 32 00 f0 20 46 
14 00 2a 49 e5 19 00 00 00 a0 a2 74 f0 c0 00 00 00 00 00 c0 57 40 00 00 00 c0 89 1d d0 40 00 ff 
00 00 00 00 00 f7 00 00 00 f7 00 00 00 00 00 28 0a ff 00 31 5e 00 00 00 00 00 00 00 00 00 00 00 
00 00 00 00 00 ff 00 00 00 00 00 00 00 00 00 00 00 00 80 3f 11 00 00 00 4b b1 00 00 73 02 00 00 
3f 00 00 00 01 22 00 00 00 00 00 00 00 00 00 
..".H.....1.....3Fm.yFb=....N.............Anderson.Thomas...#............................(.2.. F
..*I.......t........W@.......@.................(...1^..............................?....K...s...
?....".........

Client->GAME [14:08:46 07/28/09] packet size: 1 CRYPTED, Flags: 7f ServerSeq: 4 ClientSeq: 228
02 
.

GAME->Client [14:08:46 07/28/09] packet size: 203 CRYPTED, Flags: 7f ServerSeq: 197 ClientSeq: 3
02 03 02 00 03 08 2d cd 84 c7 10 75 30 46 3e dd 79 46 df 3d e5 19 ff 01 4e 01 00 00 00 00 00 00 
00 00 00 00 00 08 41 6e 64 65 72 73 6f 6e 06 54 68 6f 6d 61 73 ff 00 00 23 1a e9 90 80 b0 04 02 
02 8e 00 00 00 01 00 00 00 00 00 00 00 00 00 00 00 00 00 00 ff 28 0a 32 00 f0 20 46 14 00 2a 49 
e5 19 00 00 00 a0 a2 74 f0 c0 00 00 00 00 00 c0 57 40 00 00 00 c0 89 1d d0 40 00 ff 00 00 00 00 
00 f7 00 00 00 f7 00 00 00 00 00 28 0a ff 00 31 5e 00 00 00 00 00 00 00 00 00 00 00 00 00 00 00 
00 ff 00 00 00 00 00 00 00 00 00 00 00 00 80 3f 11 00 00 00 4b b1 00 00 73 02 00 00 3f 00 00 00 
01 22 00 00 00 00 00 00 00 00 00 
......-....u0F>.yF.=....N.............Anderson.Thomas...#............................(.2.. F..*I
.......t........W@.......@.................(...1^..............................?....K...s...?...
.".........

Client->GAME [14:08:46 07/28/09] packet size: 1 CRYPTED, Flags: 7f ServerSeq: 5 ClientSeq: 229
02 
.

GAME->Client [14:08:46 07/28/09] packet size: 203 CRYPTED, Flags: 7f ServerSeq: 198 ClientSeq: 4
02 03 02 00 03 08 29 c0 84 c7 5a ff 2c 46 10 37 7a 46 5c 3e e5 19 ff 01 4e 01 00 00 00 00 00 00 
00 00 00 00 00 08 41 6e 64 65 72 73 6f 6e 06 54 68 6f 6d 61 73 ff 00 00 23 1a e9 90 80 b0 04 02 
02 8e 00 00 00 01 00 00 00 00 00 00 00 00 00 00 00 00 00 00 ff 28 0a 32 00 f0 20 46 14 00 2a 49 
e5 19 00 00 00 a0 a2 74 f0 c0 00 00 00 00 00 c0 57 40 00 00 00 c0 89 1d d0 40 00 ff 00 00 00 00 
00 f7 00 00 00 f7 00 00 00 00 00 28 0a ff 00 31 5e 00 00 00 00 00 00 00 00 00 00 00 00 00 00 00 
00 ff 00 00 00 00 00 00 00 00 00 00 00 00 80 3f 11 00 00 00 4b b1 00 00 73 02 00 00 3f 00 00 00 
01 22 00 00 00 00 00 00 00 00 00 
......)...Z.,F.7zF\>....N.............Anderson.Thomas...#............................(.2.. F..*I
.......t........W@.......@.................(...1^..............................?....K...s...?...
.".........

Client->GAME [14:08:46 07/28/09] packet size: 1 CRYPTED, Flags: 7f ServerSeq: 6 ClientSeq: 230
02 
.

GAME->Client [14:08:46 07/28/09] packet size: 203 CRYPTED, Flags: 7f ServerSeq: 199 ClientSeq: 5
02 03 02 00 03 08 25 b3 84 c7 c1 4c 29 46 e1 90 7a 46 d9 3e e5 19 ff 01 4e 01 00 00 00 00 00 00 
00 00 00 00 00 08 41 6e 64 65 72 73 6f 6e 06 54 68 6f 6d 61 73 ff 00 00 23 1a e9 90 80 b0 04 02 
02 8e 00 00 00 01 00 00 00 00 00 00 00 00 00 00 00 00 00 00 ff 28 0a 32 00 f0 20 46 14 00 2a 49 
e5 19 00 00 00 a0 a2 74 f0 c0 00 00 00 00 00 c0 57 40 00 00 00 c0 89 1d d0 40 00 ff 00 00 00 00 
00 f7 00 00 00 f7 00 00 00 00 00 28 0a ff 00 31 5e 00 00 00 00 00 00 00 00 00 00 00 00 00 00 00 
00 ff 00 00 00 00 00 00 00 00 00 00 00 00 80 3f 11 00 00 00 4b b1 00 00 73 02 00 00 3f 00 00 00 
01 22 00 00 00 00 00 00 00 00 00 
......%....L)F..zF.>....N.............Anderson.Thomas...#............................(.2.. F..*I
.......t........W@.......@.................(...1^..............................?....K...s...?...
.".........

Client->GAME [14:08:46 07/28/09] packet size: 1 CRYPTED, Flags: 7f ServerSeq: 7 ClientSeq: 231
02 
.

GAME->Client [14:08:47 07/28/09] packet size: 203 CRYPTED, Flags: 7f ServerSeq: 200 ClientSeq: 6
02 03 02 00 03 08 21 a6 84 c7 45 5d 25 46 b3 ea 7a 46 56 3f e5 19 ff 01 4e 01 00 00 00 00 00 00 
00 00 00 00 00 08 41 6e 64 65 72 73 6f 6e 06 54 68 6f 6d 61 73 ff 00 00 23 1a e9 90 80 b0 04 02 
02 8e 00 00 00 01 00 00 00 00 00 00 00 00 00 00 00 00 00 00 ff 28 0a 32 00 f0 20 46 14 00 2a 49 
e5 19 00 00 00 a0 a2 74 f0 c0 00 00 00 00 00 c0 57 40 00 00 00 c0 89 1d d0 40 00 ff 00 00 00 00 
00 f7 00 00 00 f7 00 00 00 00 00 28 0a ff 00 31 5e 00 00 00 00 00 00 00 00 00 00 00 00 00 00 00 
00 ff 00 00 00 00 00 00 00 00 00 00 00 00 80 3f 11 00 00 00 4b b1 00 00 73 02 00 00 3f 00 00 00 
01 22 00 00 00 00 00 00 00 00 00 
......!...E]%F..zFV?....N.............Anderson.Thomas...#............................(.2.. F..*I
.......t........W@.......@.................(...1^..............................?....K...s...?...
.".........

Client->GAME [14:08:47 07/28/09] packet size: 1 CRYPTED, Flags: 7f ServerSeq: 8 ClientSeq: 232
02 
.

GAME->Client [14:08:47 07/28/09] packet size: 203 CRYPTED, Flags: 7f ServerSeq: 201 ClientSeq: 7
02 03 02 00 03 08 1e 99 84 c7 e5 30 21 46 84 44 7b 46 d3 3f e5 19 ff 01 4e 01 00 00 00 00 00 00 
00 00 00 00 00 08 41 6e 64 65 72 73 6f 6e 06 54 68 6f 6d 61 73 ff 00 00 23 1a e9 90 80 b0 04 02 
02 8e 00 00 00 01 00 00 00 00 00 00 00 00 00 00 00 00 00 00 ff 28 0a 32 00 f0 20 46 14 00 2a 49 
e5 19 00 00 00 a0 a2 74 f0 c0 00 00 00 00 00 c0 57 40 00 00 00 c0 89 1d d0 40 00 ff 00 00 00 00 
00 f7 00 00 00 f7 00 00 00 00 00 28 0a ff 00 31 5e 00 00 00 00 00 00 00 00 00 00 00 00 00 00 00 
00 ff 00 00 00 00 00 00 00 00 00 00 00 00 80 3f 11 00 00 00 4b b1 00 00 73 02 00 00 3f 00 00 00 
01 22 00 00 00 00 00 00 00 00 00 
...........0!F.D{F.?....N.............Anderson.Thomas...#............................(.2.. F..*I
.......t........W@.......@.................(...1^..............................?....K...s...?...
.".........

Client->GAME [14:08:47 07/28/09] packet size: 1 CRYPTED, Flags: 7f ServerSeq: 9 ClientSeq: 233
02 
.

GAME->Client [14:08:47 07/28/09] packet size: 203 CRYPTED, Flags: 7f ServerSeq: 202 ClientSeq: 8
02 03 02 00 03 08 1a 8c 84 c7 a3 c7 1c 46 56 9e 7b 46 50 40 e5 19 ff 01 4e 01 00 00 00 00 00 00 
00 00 00 00 00 08 41 6e 64 65 72 73 6f 6e 06 54 68 6f 6d 61 73 ff 00 00 23 1a e9 90 80 b0 04 02 
02 8e 00 00 00 01 00 00 00 00 00 00 00 00 00 00 00 00 00 00 ff 28 0a 32 00 f0 20 46 14 00 2a 49 
e5 19 00 00 00 a0 a2 74 f0 c0 00 00 00 00 00 c0 57 40 00 00 00 c0 89 1d d0 40 00 ff 00 00 00 00 
00 f7 00 00 00 f7 00 00 00 00 00 28 0a ff 00 31 5e 00 00 00 00 00 00 00 00 00 00 00 00 00 00 00 
00 ff 00 00 00 00 00 00 00 00 00 00 00 00 80 3f 11 00 00 00 4b b1 00 00 73 02 00 00 3f 00 00 00 
01 22 00 00 00 00 00 00 00 00 00 
.............FV.{FP@....N.............Anderson.Thomas...#............................(.2.. F..*I
.......t........W@.......@.................(...1^..............................?....K...s...?...
.".........

Client->GAME [14:08:47 07/28/09] packet size: 1 CRYPTED, Flags: 7f ServerSeq: 10 ClientSeq: 234
02 
.

GAME->Client [14:08:47 07/28/09] packet size: 203 CRYPTED, Flags: 7f ServerSeq: 203 ClientSeq: 9
02 03 02 00 03 08 57 82 84 c7 bb 50 19 46 b3 e1 7b 46 cd 40 e5 19 ff 01 4e 01 00 00 00 00 00 00 
00 00 00 00 00 08 41 6e 64 65 72 73 6f 6e 06 54 68 6f 6d 61 73 ff 00 00 23 1a e9 90 80 b0 04 02 
02 8e 00 00 00 01 00 00 00 00 00 00 00 00 00 00 00 00 00 00 ff 28 0a 32 00 f0 20 46 14 00 2a 49 
e5 19 00 00 00 a0 a2 74 f0 c0 00 00 00 00 00 c0 57 40 00 00 00 c0 89 1d d0 40 00 ff 00 00 00 00 
00 f7 00 00 00 f7 00 00 00 00 00 28 0a ff 00 31 5e 00 00 00 00 00 00 00 00 00 00 00 00 00 00 00 
00 ff 00 00 00 00 00 00 00 00 00 00 00 00 80 3f 11 00 00 00 4b b1 00 00 73 02 00 00 3f 00 00 00 
01 22 00 00 00 00 00 00 00 00 00 
......W....P.F..{F.@....N.............Anderson.Thomas...#............................(.2.. F..*I
.......t........W@.......@.................(...1^..............................?....K...s...?...
.".........

Client->GAME [14:08:47 07/28/09] packet size: 1 CRYPTED, Flags: 7f ServerSeq: 11 ClientSeq: 235
02 
.

GAME->Client [14:08:47 07/28/09] packet size: 203 CRYPTED, Flags: 7f ServerSeq: 204 ClientSeq: 10
02 03 02 00 03 08 53 75 84 c7 ec 7c 14 46 84 3b 7c 46 4a 41 e5 19 ff 01 4e 01 00 00 00 00 00 00 
00 00 00 00 00 08 41 6e 64 65 72 73 6f 6e 06 54 68 6f 6d 61 73 ff 00 00 23 1a e9 90 80 b0 04 02 
02 8e 00 00 00 01 00 00 00 00 00 00 00 00 00 00 00 00 00 00 ff 28 0a 32 00 f0 20 46 14 00 2a 49 
e5 19 00 00 00 a0 a2 74 f0 c0 00 00 00 00 00 c0 57 40 00 00 00 c0 89 1d d0 40 00 ff 00 00 00 00 
00 f7 00 00 00 f7 00 00 00 00 00 28 0a ff 00 31 5e 00 00 00 00 00 00 00 00 00 00 00 00 00 00 00 
00 ff 00 00 00 00 00 00 00 00 00 00 00 00 80 3f 11 00 00 00 4b b1 00 00 73 02 00 00 3f 00 00 00 
01 22 00 00 00 00 00 00 00 00 00 
......Su...|.F.;|FJA....N.............Anderson.Thomas...#............................(.2.. F..*I
.......t........W@.......@.................(...1^..............................?....K...s...?...
.".........

Client->GAME [14:08:47 07/28/09] packet size: 1 CRYPTED, Flags: 7f ServerSeq: 12 ClientSeq: 236
02 
.

GAME->Client [14:08:47 07/28/09] packet size: 207 CRYPTED, Flags: 7f ServerSeq: 205 ClientSeq: 11
82 df 22 d4 48 03 02 00 03 08 4f 68 84 c7 39 6c 0f 46 56 95 7c 46 c7 41 e5 19 ff 01 4e 01 00 00 
00 00 00 00 00 00 00 00 00 08 41 6e 64 65 72 73 6f 6e 06 54 68 6f 6d 61 73 ff 00 00 23 1a e9 90 
80 b0 04 02 02 8e 00 00 00 01 00 00 00 00 00 00 00 00 00 00 00 00 00 00 ff 28 0a 32 00 f0 20 46 
14 00 2a 49 e5 19 00 00 00 a0 a2 74 f0 c0 00 00 00 00 00 c0 57 40 00 00 00 c0 89 1d d0 40 00 ff 
00 00 00 00 00 f7 00 00 00 f7 00 00 00 00 00 28 0a ff 00 31 5e 00 00 00 00 00 00 00 00 00 00 00 
00 00 00 00 00 ff 00 00 00 00 00 00 00 00 00 00 00 00 80 3f 11 00 00 00 4b b1 00 00 73 02 00 00 
3f 00 00 00 01 22 00 00 00 00 00 00 00 00 00 
..".H.....Oh..9l.FV.|F.A....N.............Anderson.Thomas...#............................(.2.. F
..*I.......t........W@.......@.................(...1^..............................?....K...s...
?....".........

Client->GAME [14:08:47 07/28/09] packet size: 1 CRYPTED, Flags: 7f ServerSeq: 13 ClientSeq: 237
02 
.

GAME->Client [14:08:47 07/28/09] packet size: 203 CRYPTED, Flags: 7f ServerSeq: 206 ClientSeq: 12
02 03 02 00 03 08 4b 5b 84 c7 a4 1e 0a 46 27 ef 7c 46 44 42 e5 19 ff 01 4e 01 00 00 00 00 00 00 
00 00 00 00 00 08 41 6e 64 65 72 73 6f 6e 06 54 68 6f 6d 61 73 ff 00 00 23 1a e9 90 80 b0 04 02 
02 8e 00 00 00 01 00 00 00 00 00 00 00 00 00 00 00 00 00 00 ff 28 0a 32 00 f0 20 46 14 00 2a 49 
e5 19 00 00 00 a0 a2 74 f0 c0 00 00 00 00 00 c0 57 40 00 00 00 c0 89 1d d0 40 00 ff 00 00 00 00 
00 f7 00 00 00 f7 00 00 00 00 00 28 0a ff 00 31 5e 00 00 00 00 00 00 00 00 00 00 00 00 00 00 00 
00 ff 00 00 00 00 00 00 00 00 00 00 00 00 80 3f 11 00 00 00 4b b1 00 00 73 02 00 00 3f 00 00 00 
01 22 00 00 00 00 00 00 00 00 00 
......K[.....F'.|FDB....N.............Anderson.Thomas...#............................(.2.. F..*I
.......t........W@.......@.................(...1^..............................?....K...s...?...
.".........

Client->GAME [14:08:47 07/28/09] packet size: 1 CRYPTED, Flags: 7f ServerSeq: 14 ClientSeq: 238
02 
.

GAME->Client [14:08:47 07/28/09] packet size: 203 CRYPTED, Flags: 7f ServerSeq: 207 ClientSeq: 13
02 03 02 00 03 08 47 4e 84 c7 2a 94 04 46 f9 48 7d 46 c1 42 e5 19 ff 01 4e 01 00 00 00 00 00 00 
00 00 00 00 00 08 41 6e 64 65 72 73 6f 6e 06 54 68 6f 6d 61 73 ff 00 00 23 1a e9 90 80 b0 04 02 
02 8e 00 00 00 01 00 00 00 00 00 00 00 00 00 00 00 00 00 00 ff 28 0a 32 00 f0 20 46 14 00 2a 49 
e5 19 00 00 00 a0 a2 74 f0 c0 00 00 00 00 00 c0 57 40 00 00 00 c0 89 1d d0 40 00 ff 00 00 00 00 
00 f7 00 00 00 f7 00 00 00 00 00 28 0a ff 00 31 5e 00 00 00 00 00 00 00 00 00 00 00 00 00 00 00 
00 ff 00 00 00 00 00 00 00 00 00 00 00 00 80 3f 11 00 00 00 4b b1 00 00 73 02 00 00 3f 00 00 00 
01 22 00 00 00 00 00 00 00 00 00 
......GN..*..F.H}F.B....N.............Anderson.Thomas...#............................(.2.. F..*I
.......t........W@.......@.................(...1^..............................?....K...s...?...
.".........

Client->GAME [14:08:47 07/28/09] packet size: 1 CRYPTED, Flags: 7f ServerSeq: 15 ClientSeq: 239
02 
.

GAME->Client [14:08:47 07/28/09] packet size: 203 CRYPTED, Flags: 7f ServerSeq: 208 ClientSeq: 14
02 03 02 00 03 08 43 41 84 c7 9f 99 fd 45 ca a2 7d 46 3e 43 e5 19 ff 01 4e 01 00 00 00 00 00 00 
00 00 00 00 00 08 41 6e 64 65 72 73 6f 6e 06 54 68 6f 6d 61 73 ff 00 00 23 1a e9 90 80 b0 04 02 
02 8e 00 00 00 01 00 00 00 00 00 00 00 00 00 00 00 00 00 00 ff 28 0a 32 00 f0 20 46 14 00 2a 49 
e5 19 00 00 00 a0 a2 74 f0 c0 00 00 00 00 00 c0 57 40 00 00 00 c0 89 1d d0 40 00 ff 00 00 00 00 
00 f7 00 00 00 f7 00 00 00 00 00 28 0a ff 00 31 5e 00 00 00 00 00 00 00 00 00 00 00 00 00 00 00 
00 ff 00 00 00 00 00 00 00 00 00 00 00 00 80 3f 11 00 00 00 4b b1 00 00 73 02 00 00 3f 00 00 00 
01 22 00 00 00 00 00 00 00 00 00 
......CA.....E..}F>C....N.............Anderson.Thomas...#............................(.2.. F..*I
.......t........W@.......@.................(...1^..............................?....K...s...?...
.".........

Client->GAME [14:08:47 07/28/09] packet size: 1 CRYPTED, Flags: 7f ServerSeq: 0 ClientSeq: 240
02 
.

GAME->Client [14:08:47 07/28/09] packet size: 203 CRYPTED, Flags: 7f ServerSeq: 209 ClientSeq: 15
02 03 02 00 03 08 40 34 84 c7 20 91 f1 45 9c fc 7d 46 bb 43 e5 19 ff 01 4e 01 00 00 00 00 00 00 
00 00 00 00 00 08 41 6e 64 65 72 73 6f 6e 06 54 68 6f 6d 61 73 ff 00 00 23 1a e9 90 80 b0 04 02 
02 8e 00 00 00 01 00 00 00 00 00 00 00 00 00 00 00 00 00 00 ff 28 0a 32 00 f0 20 46 14 00 2a 49 
e5 19 00 00 00 a0 a2 74 f0 c0 00 00 00 00 00 c0 57 40 00 00 00 c0 89 1d d0 40 00 ff 00 00 00 00 
00 f7 00 00 00 f7 00 00 00 00 00 28 0a ff 00 31 5e 00 00 00 00 00 00 00 00 00 00 00 00 00 00 00 
00 ff 00 00 00 00 00 00 00 00 00 00 00 00 80 3f 11 00 00 00 4b b1 00 00 73 02 00 00 3f 00 00 00 
01 22 00 00 00 00 00 00 00 00 00 
......@4.. ..E..}F.C....N.............Anderson.Thomas...#............................(.2.. F..*I
.......t........W@.......@.................(...1^..............................?....K...s...?...
.".........

Client->GAME [14:08:47 07/28/09] packet size: 1 CRYPTED, Flags: 7f ServerSeq: 1 ClientSeq: 241
02 
.

GAME->Client [14:08:47 07/28/09] packet size: 203 CRYPTED, Flags: 7f ServerSeq: 210 ClientSeq: 0
02 03 02 00 03 08 3c 27 84 c7 db 0e e5 45 6d 56 7e 46 38 44 e5 19 ff 01 4e 01 00 00 00 00 00 00 
00 00 00 00 00 08 41 6e 64 65 72 73 6f 6e 06 54 68 6f 6d 61 73 ff 00 00 23 1a e9 90 80 b0 04 02 
02 8e 00 00 00 01 00 00 00 00 00 00 00 00 00 00 00 00 00 00 ff 28 0a 32 00 f0 20 46 14 00 2a 49 
e5 19 00 00 00 a0 a2 74 f0 c0 00 00 00 00 00 c0 57 40 00 00 00 c0 89 1d d0 40 00 ff 00 00 00 00 
00 f7 00 00 00 f7 00 00 00 00 00 28 0a ff 00 31 5e 00 00 00 00 00 00 00 00 00 00 00 00 00 00 00 
00 ff 00 00 00 00 00 00 00 00 00 00 00 00 80 3f 11 00 00 00 4b b1 00 00 73 02 00 00 3f 00 00 00 
01 22 00 00 00 00 00 00 00 00 00 
......<'.....EmV~F8D....N.............Anderson.Thomas...#............................(.2.. F..*I
.......t........W@.......@.................(...1^..............................?....K...s...?...
.".........

Client->GAME [14:08:48 07/28/09] packet size: 1 CRYPTED, Flags: 7f ServerSeq: 2 ClientSeq: 242
02 
.

GAME->Client [14:08:48 07/28/09] packet size: 203 CRYPTED, Flags: 7f ServerSeq: 211 ClientSeq: 1
02 03 02 00 03 08 38 1a 84 c7 d6 12 d8 45 3f b0 7e 46 b5 44 e5 19 ff 01 4e 01 00 00 00 00 00 00 
00 00 00 00 00 08 41 6e 64 65 72 73 6f 6e 06 54 68 6f 6d 61 73 ff 00 00 23 1a e9 90 80 b0 04 02 
02 8e 00 00 00 01 00 00 00 00 00 00 00 00 00 00 00 00 00 00 ff 28 0a 32 00 f0 20 46 14 00 2a 49 
e5 19 00 00 00 a0 a2 74 f0 c0 00 00 00 00 00 c0 57 40 00 00 00 c0 89 1d d0 40 00 ff 00 00 00 00 
00 f7 00 00 00 f7 00 00 00 00 00 28 0a ff 00 31 5e 00 00 00 00 00 00 00 00 00 00 00 00 00 00 00 
00 ff 00 00 00 00 00 00 00 00 00 00 00 00 80 3f 11 00 00 00 4b b1 00 00 73 02 00 00 3f 00 00 00 
01 22 00 00 00 00 00 00 00 00 00 
......8......E?.~F.D....N.............Anderson.Thomas...#............................(.2.. F..*I
.......t........W@.......@.................(...1^..............................?....K...s...?...
.".........

Client->GAME [14:08:48 07/28/09] packet size: 1 CRYPTED, Flags: 7f ServerSeq: 3 ClientSeq: 243
02 
.

GAME->Client [14:08:48 07/28/09] packet size: 203 CRYPTED, Flags: 7f ServerSeq: 212 ClientSeq: 2
02 03 02 00 03 08 34 0d 84 c7 05 9d ca 45 10 0a 7f 46 32 45 e5 19 ff 01 4e 01 00 00 00 00 00 00 
00 00 00 00 00 08 41 6e 64 65 72 73 6f 6e 06 54 68 6f 6d 61 73 ff 00 00 23 1a e9 90 80 b0 04 02 
02 8e 00 00 00 01 00 00 00 00 00 00 00 00 00 00 00 00 00 00 ff 28 0a 32 00 f0 20 46 14 00 2a 49 
e5 19 00 00 00 a0 a2 74 f0 c0 00 00 00 00 00 c0 57 40 00 00 00 c0 89 1d d0 40 00 ff 00 00 00 00 
00 f7 00 00 00 f7 00 00 00 00 00 28 0a ff 00 31 5e 00 00 00 00 00 00 00 00 00 00 00 00 00 00 00 
00 ff 00 00 00 00 00 00 00 00 00 00 00 00 80 3f 11 00 00 00 4b b1 00 00 73 02 00 00 3f 00 00 00 
01 22 00 00 00 00 00 00 00 00 00 
......4......E...F2E....N.............Anderson.Thomas...#............................(.2.. F..*I
.......t........W@.......@.................(...1^..............................?....K...s...?...
.".........

Client->GAME [14:08:48 07/28/09] packet size: 1 CRYPTED, Flags: 7f ServerSeq: 4 ClientSeq: 244
02 
.

GAME->Client [14:08:48 07/28/09] packet size: 203 CRYPTED, Flags: 7f ServerSeq: 213 ClientSeq: 3
02 03 02 00 03 08 71 03 84 c7 c1 34 c0 45 6d 4d 7f 46 af 45 e5 19 ff 01 4e 01 00 00 00 00 00 00 
00 00 00 00 00 08 41 6e 64 65 72 73 6f 6e 06 54 68 6f 6d 61 73 ff 00 00 23 1a e9 90 80 b0 04 02 
02 8e 00 00 00 01 00 00 00 00 00 00 00 00 00 00 00 00 00 00 ff 28 0a 32 00 f0 20 46 14 00 2a 49 
e5 19 00 00 00 a0 a2 74 f0 c0 00 00 00 00 00 c0 57 40 00 00 00 c0 89 1d d0 40 00 ff 00 00 00 00 
00 f7 00 00 00 f7 00 00 00 00 00 28 0a ff 00 31 5e 00 00 00 00 00 00 00 00 00 00 00 00 00 00 00 
00 ff 00 00 00 00 00 00 00 00 00 00 00 00 80 3f 11 00 00 00 4b b1 00 00 73 02 00 00 3f 00 00 00 
01 22 00 00 00 00 00 00 00 00 00 
......q....4.EmM.F.E....N.............Anderson.Thomas...#............................(.2.. F..*I
.......t........W@.......@.................(...1^..............................?....K...s...?...
.".........

Client->GAME [14:08:48 07/28/09] packet size: 1 CRYPTED, Flags: 7f ServerSeq: 5 ClientSeq: 245
02 
.

GAME->Client [14:08:48 07/28/09] packet size: 207 CRYPTED, Flags: 7f ServerSeq: 214 ClientSeq: 4
82 03 23 d4 48 03 02 00 03 08 6d f6 83 c7 d6 e9 b1 45 3f a7 7f 46 2c 46 e5 19 ff 01 4e 01 00 00 
00 00 00 00 00 00 00 00 00 08 41 6e 64 65 72 73 6f 6e 06 54 68 6f 6d 61 73 ff 00 00 23 1a e9 90 
80 b0 04 02 02 8e 00 00 00 01 00 00 00 00 00 00 00 00 00 00 00 00 00 00 ff 28 0a 32 00 f0 20 46 
14 00 2a 49 e5 19 00 00 00 a0 a2 74 f0 c0 00 00 00 00 00 c0 57 40 00 00 00 c0 89 1d d0 40 00 ff 
00 00 00 00 00 f7 00 00 00 f7 00 00 00 00 00 28 0a ff 00 31 5e 00 00 00 00 00 00 00 00 00 00 00 
00 00 00 00 00 ff 00 00 00 00 00 00 00 00 00 00 00 00 80 3f 11 00 00 00 4b b1 00 00 73 02 00 00 
3f 00 00 00 01 22 00 00 00 00 00 00 00 00 00 
..#.H.....m......E?..F,F....N.............Anderson.Thomas...#............................(.2.. F
..*I.......t........W@.......@.................(...1^..............................?....K...s...
?....".........

Client->GAME [14:08:48 07/28/09] packet size: 1 CRYPTED, Flags: 7f ServerSeq: 6 ClientSeq: 246
02 
.

GAME->Client [14:08:48 07/28/09] packet size: 203 CRYPTED, Flags: 7f ServerSeq: 215 ClientSeq: 5
02 03 02 00 03 08 69 e9 83 c7 24 25 a3 45 88 00 80 46 a9 46 e5 19 ff 01 4e 01 00 00 00 00 00 00 
00 00 00 00 00 08 41 6e 64 65 72 73 6f 6e 06 54 68 6f 6d 61 73 ff 00 00 23 1a e9 90 80 b0 04 02 
02 8e 00 00 00 01 00 00 00 00 00 00 00 00 00 00 00 00 00 00 ff 28 0a 32 00 f0 20 46 14 00 2a 49 
e5 19 00 00 00 a0 a2 74 f0 c0 00 00 00 00 00 c0 57 40 00 00 00 c0 89 1d d0 40 00 ff 00 00 00 00 
00 f7 00 00 00 f7 00 00 00 00 00 28 0a ff 00 31 5e 00 00 00 00 00 00 00 00 00 00 00 00 00 00 00 
00 ff 00 00 00 00 00 00 00 00 00 00 00 00 80 3f 11 00 00 00 4b b1 00 00 73 02 00 00 3f 00 00 00 
01 22 00 00 00 00 00 00 00 00 00 
......i...$%.E...F.F....N.............Anderson.Thomas...#............................(.2.. F..*I
.......t........W@.......@.................(...1^..............................?....K...s...?...
.".........

Client->GAME [14:08:48 07/28/09] packet size: 1 CRYPTED, Flags: 7f ServerSeq: 7 ClientSeq: 247
02 
.

GAME->Client [14:08:48 07/28/09] packet size: 203 CRYPTED, Flags: 7f ServerSeq: 216 ClientSeq: 6
02 03 02 00 03 08 65 dc 83 c7 ac e6 93 45 71 2d 80 46 26 47 e5 19 ff 01 4e 01 00 00 00 00 00 00 
00 00 00 00 00 08 41 6e 64 65 72 73 6f 6e 06 54 68 6f 6d 61 73 ff 00 00 23 1a e9 90 80 b0 04 02 
02 8e 00 00 00 01 00 00 00 00 00 00 00 00 00 00 00 00 00 00 ff 28 0a 32 00 f0 20 46 14 00 2a 49 
e5 19 00 00 00 a0 a2 74 f0 c0 00 00 00 00 00 c0 57 40 00 00 00 c0 89 1d d0 40 00 ff 00 00 00 00 
00 f7 00 00 00 f7 00 00 00 00 00 28 0a ff 00 31 5e 00 00 00 00 00 00 00 00 00 00 00 00 00 00 00 
00 ff 00 00 00 00 00 00 00 00 00 00 00 00 80 3f 11 00 00 00 4b b1 00 00 73 02 00 00 3f 00 00 00 
01 22 00 00 00 00 00 00 00 00 00 
......e......Eq-.F&G....N.............Anderson.Thomas...#............................(.2.. F..*I
.......t........W@.......@.................(...1^..............................?....K...s...?...
.".........

Client->GAME [14:08:49 07/28/09] packet size: 1 CRYPTED, Flags: 7f ServerSeq: 8 ClientSeq: 248
02 
.

GAME->Client [14:08:49 07/28/09] packet size: 203 CRYPTED, Flags: 7f ServerSeq: 217 ClientSeq: 7
02 03 02 00 03 08 62 cf 83 c7 75 2e 84 45 5a 5a 80 46 a3 47 e5 19 ff 01 4e 01 00 00 00 00 00 00 
00 00 00 00 00 08 41 6e 64 65 72 73 6f 6e 06 54 68 6f 6d 61 73 ff 00 00 23 1a e9 90 80 b0 04 02 
02 8e 00 00 00 01 00 00 00 00 00 00 00 00 00 00 00 00 00 00 ff 28 0a 32 00 f0 20 46 14 00 2a 49 
e5 19 00 00 00 a0 a2 74 f0 c0 00 00 00 00 00 c0 57 40 00 00 00 c0 89 1d d0 40 00 ff 00 00 00 00 
00 f7 00 00 00 f7 00 00 00 00 00 28 0a ff 00 31 5e 00 00 00 00 00 00 00 00 00 00 00 00 00 00 00 
00 ff 00 00 00 00 00 00 00 00 00 00 00 00 80 3f 11 00 00 00 4b b1 00 00 73 02 00 00 3f 00 00 00 
01 22 00 00 00 00 00 00 00 00 00 
......b...u..EZZ.F.G....N.............Anderson.Thomas...#............................(.2.. F..*I
.......t........W@.......@.................(...1^..............................?....K...s...?...
.".........

Client->GAME [14:08:49 07/28/09] packet size: 1 CRYPTED, Flags: 7f ServerSeq: 9 ClientSeq: 249
02 
.

GAME->Client [14:08:49 07/28/09] packet size: 464 CRYPTED, Flags: 7f ServerSeq: 218 ClientSeq: 8
02 03 02 00 03 08 5e c2 83 c7 e3 f8 67 45 42 87 80 46 20 48 e5 19 ff 01 4e 01 00 00 00 00 00 00 
00 00 00 00 00 08 41 6e 64 65 72 73 6f 6e 06 54 68 6f 6d 61 73 ff 00 00 23 1a e9 90 80 b0 04 02 
02 8e 00 00 00 01 00 00 00 00 00 00 00 00 00 00 00 00 00 00 ff 28 0a 32 00 f0 20 46 14 00 2a 49 
e5 19 00 00 00 a0 a2 74 f0 c0 00 00 00 00 00 c0 57 40 00 00 00 c0 89 1d d0 40 00 ff 00 00 00 00 
00 f7 00 00 00 f7 00 00 00 00 00 28 0a ff 00 31 5e 00 00 00 00 00 00 00 00 00 00 00 00 00 00 00 
00 ff 00 00 00 00 00 00 00 00 00 00 00 00 80 3f 11 00 00 00 4b b1 00 00 73 02 00 00 3f 00 00 00 
01 22 00 00 00 00 00 00 00 01 00 08 50 02 81 08 f0 34 0d cd ab 02 09 00 00 00 c0 94 95 f0 c0 00 
00 00 00 00 40 60 40 00 00 00 80 59 95 cf 40 00 00 00 00 e8 0d c8 3e 00 00 00 00 35 a6 6b 3f 05 
00 00 01 00 0c f7 bb fa cd ab 02 05 00 00 00 00 8f c2 f5 be 00 00 00 00 52 b8 5e bf 00 00 00 00 
40 6e f0 c0 00 00 00 00 00 c0 57 40 00 00 00 00 00 32 c9 40 09 00 00 01 00 08 db b5 9a 08 f0 34 
98 cd ab 01 01 00 00 00 00 80 7e ef c0 00 00 00 80 0a bc 57 40 00 00 00 00 00 ad d1 40 0d 00 00 
01 00 0c 14 a8 f8 cd ab 02 05 00 00 00 00 9a 99 59 bf 00 00 00 00 b8 1e 05 bf 00 00 00 00 40 6e 
f0 c0 00 00 00 00 00 c0 57 40 00 00 00 00 00 fa c9 40 07 00 00 01 00 08 9c 1b 9b 08 f0 34 7f cd 
ab 02 09 00 00 00 00 dd c8 ef c0 00 00 00 00 00 c0 57 40 00 00 00 e0 45 a8 d2 40 00 00 00 00 7f 
0d 72 3f 00 00 00 00 df b0 a6 3e 0c 00 00 00 00 
......^.....gEB..F H....N.............Anderson.Thomas...#............................(.2.. F..*I
.......t........W@.......@.................(...1^..............................?....K...s...?...
."..........P....4..................@`@....Y..@.......>....5.k?.........................R.^.....
@n........W@.....2.@...........4..........~........W@.......@...................Y.............@n
........W@.......@...........4...................W@....E..@......r?.......>.....

Client->GAME [14:08:49 07/28/09] packet size: 1 CRYPTED, Flags: 7f ServerSeq: 10 ClientSeq: 250
02 
.

GAME->Client [14:08:49 07/28/09] packet size: 240 CRYPTED, Flags: 7f ServerSeq: 219 ClientSeq: 9
02 03 02 00 03 08 5a b5 83 c7 4f a1 46 45 2b b4 80 46 9d 48 e5 19 ff 01 4e 01 00 00 00 00 00 00 
00 00 00 00 00 08 41 6e 64 65 72 73 6f 6e 06 54 68 6f 6d 61 73 ff 00 00 23 1a e9 90 80 b0 04 02 
02 8e 00 00 00 01 00 00 00 00 00 00 00 00 00 00 00 00 00 00 ff 28 0a 32 00 f0 20 46 14 00 2a 49 
e5 19 00 00 00 a0 a2 74 f0 c0 00 00 00 00 00 c0 57 40 00 00 00 c0 89 1d d0 40 00 ff 00 00 00 00 
00 f7 00 00 00 f7 00 00 00 00 00 28 0a ff 00 31 5e 00 00 00 00 00 00 00 00 00 00 00 00 00 00 00 
00 ff 00 00 00 00 00 00 00 00 00 00 00 00 80 3f 11 00 00 00 4b b1 00 00 73 02 00 00 3f 00 00 00 
01 22 00 00 00 00 00 00 00 01 00 0c 68 a7 fb cd ab 01 01 00 00 00 c0 1c 0d ef c0 00 00 00 80 14 
6e 4a 40 00 00 00 20 f5 82 d0 40 0f 00 00 00 00 
......Z...O.FE+..F.H....N.............Anderson.Thomas...#............................(.2.. F..*I
.......t........W@.......@.................(...1^..............................?....K...s...?...
."..........h...................nJ@... ...@.....

Client->GAME [14:08:49 07/28/09] packet size: 1 CRYPTED, Flags: 7f ServerSeq: 11 ClientSeq: 251
02 
.

GAME->Client [14:08:49 07/28/09] packet size: 203 CRYPTED, Flags: 7f ServerSeq: 220 ClientSeq: 10
02 03 02 00 03 08 56 a8 83 c7 2e 56 24 45 14 e1 80 46 1a 49 e5 19 ff 01 4e 01 00 00 00 00 00 00 
00 00 00 00 00 08 41 6e 64 65 72 73 6f 6e 06 54 68 6f 6d 61 73 ff 00 00 23 1a e9 90 80 b0 04 02 
02 8e 00 00 00 01 00 00 00 00 00 00 00 00 00 00 00 00 00 00 ff 28 0a 32 00 f0 20 46 14 00 2a 49 
e5 19 00 00 00 a0 a2 74 f0 c0 00 00 00 00 00 c0 57 40 00 00 00 c0 89 1d d0 40 00 ff 00 00 00 00 
00 f7 00 00 00 f7 00 00 00 00 00 28 0a ff 00 31 5e 00 00 00 00 00 00 00 00 00 00 00 00 00 00 00 
00 ff 00 00 00 00 00 00 00 00 00 00 00 00 80 3f 11 00 00 00 4b b1 00 00 73 02 00 00 3f 00 00 00 
01 22 00 00 00 00 00 00 00 00 00 
......V....V$E...F.I....N.............Anderson.Thomas...#............................(.2.. F..*I
.......t........W@.......@.................(...1^..............................?....K...s...?...
.".........

Client->GAME [14:08:49 07/28/09] packet size: 1 CRYPTED, Flags: 7f ServerSeq: 12 ClientSeq: 252
02 
.

Client->GAME [14:08:49 07/28/09] packet size: 20 CRYPTED, Flags: 7f ServerSeq: 12 ClientSeq: 253
02 03 02 00 01 08 15 a5 83 c7 00 00 be 42 4e ec 80 46 00 00 
.............BN..F..

GAME->Client [14:08:49 07/28/09] packet size: 205 CRYPTED, Flags: 7f ServerSeq: 221 ClientSeq: 11
02 03 02 00 03 09 00 00 15 a5 83 c7 00 00 be 42 4e ec 80 46 97 49 e5 19 ff 01 4e 01 00 00 00 00 
00 00 00 00 00 00 00 08 41 6e 64 65 72 73 6f 6e 06 54 68 6f 6d 61 73 ff 00 00 23 1a e9 90 80 b0 
04 02 02 8e 00 00 00 01 00 00 00 00 00 00 00 00 00 00 00 00 00 00 ff 28 0a 32 00 f0 20 46 14 00 
2a 49 e5 19 00 00 00 a0 a2 74 f0 c0 00 00 00 00 00 c0 57 40 00 00 00 c0 89 1d d0 40 00 ff 00 00 
00 00 00 f7 00 00 00 f7 00 00 00 00 00 28 0a ff 00 31 5e 00 00 00 00 00 00 00 00 00 00 00 00 00 
00 00 00 ff 00 00 00 00 00 00 00 00 00 00 00 00 80 3f 11 00 00 00 4b b1 00 00 73 02 00 00 3f 00 
00 00 01 22 00 00 00 00 00 00 00 00 00 
...............BN..F.I....N.............Anderson.Thomas...#............................(.2.. F..
*I.......t........W@.......@.................(...1^..............................?....K...s...?.
...".........

Client->GAME [14:08:49 07/28/09] packet size: 1 CRYPTED, Flags: 7f ServerSeq: 13 ClientSeq: 254
02 
.

GAME->Client [14:08:49 07/28/09] packet size: 205 CRYPTED, Flags: 7f ServerSeq: 222 ClientSeq: 12
02 03 02 00 03 09 00 00 15 a5 83 c7 00 00 be 42 4e ec 80 46 14 4a e5 19 ff 01 4e 01 00 00 00 00 
00 00 00 00 00 00 00 08 41 6e 64 65 72 73 6f 6e 06 54 68 6f 6d 61 73 ff 00 00 23 1a e9 90 80 b0 
04 02 02 8e 00 00 00 01 00 00 00 00 00 00 00 00 00 00 00 00 00 00 ff 28 0a 32 00 f0 20 46 14 00 
2a 49 e5 19 00 00 00 a0 a2 74 f0 c0 00 00 00 00 00 c0 57 40 00 00 00 c0 89 1d d0 40 00 ff 00 00 
00 00 00 f7 00 00 00 f7 00 00 00 00 00 28 0a ff 00 31 5e 00 00 00 00 00 00 00 00 00 00 00 00 00 
00 00 00 ff 00 00 00 00 00 00 00 00 00 00 00 00 80 3f 11 00 00 00 4b b1 00 00 73 02 00 00 3f 00 
00 00 01 22 00 00 00 00 00 00 00 00 00 
...............BN..F.J....N.............Anderson.Thomas...#............................(.2.. F..
*I.......t........W@.......@.................(...1^..............................?....K...s...?.
...".........

Client->GAME [14:08:49 07/28/09] packet size: 1 CRYPTED, Flags: 7f ServerSeq: 14 ClientSeq: 255
02 
.

GAME->Client [14:08:49 07/28/09] packet size: 5 CRYPTED, Flags: 7f ServerSeq: 223 ClientSeq: 14
82 27 23 d4 48 
.'#.H

Client->GAME [14:08:49 07/28/09] packet size: 1 CRYPTED, Flags: 7f ServerSeq: 15 ClientSeq: 256
02 
.

