Client->GAME [12:22:32 07/15/09] packet size: 48 CRYPTED, Flags: 7f ServerSeq: 261 ClientSeq: 381
02 04 01 00 22 01 29 80 c2 00 00 00 20 16 eb e2 40 00 00 00 00 00 44 91 c0 00 00 00 00 84 87 c1 
c0 48 01 0b 00 01 00 00 00 87 43 00 a5 82 b0 00 
....".)..... ...@.....D..........H........C.....

GAME->Client [12:22:32 07/15/09] packet size: 53 CRYPTED, Flags: 7f ServerSeq: 262 ClientSeq: 269
02 03 02 00 03 01 08 00 80 80 30 89 9c 93 1e 00 00 00 20 16 eb e2 40 00 00 00 00 00 44 91 c0 00 
00 00 00 84 87 c1 c0 00 00 04 01 01 8e 01 06 80 c3 a5 82 b0 00 
..........0....... ...@.....D........................

Client->GAME [12:22:32 07/15/09] packet size: 1 CRYPTED, Flags: 7f ServerSeq: 262 ClientSeq: 382
02 
.

GAME->Client [12:22:32 07/15/09] packet size: 209 CRYPTED, Flags: 7f ServerSeq: 263 ClientSeq: 269
82 b1 7b fa 48 03 02 00 03 09 08 00 9f 58 17 47 20 86 74 c4 97 3c 0c c6 5c 99 93 1e ff 01 64 01 
00 00 00 00 00 00 00 00 00 00 00 08 41 6e 64 65 72 73 6f 6e 06 54 68 6f 6d 61 73 ff 00 00 73 1a 
e9 88 80 60 04 00 02 8e 00 00 00 01 00 00 00 00 00 00 00 00 00 00 00 00 00 00 ff 28 0a 32 00 00 
87 43 00 00 89 9c 93 1e 00 00 00 20 16 eb e2 40 00 00 00 00 00 44 91 c0 00 00 00 00 84 87 c1 c0 
00 ff 00 00 00 00 00 f7 00 00 00 f7 00 00 00 00 00 28 0a ff 00 31 5e 00 00 00 00 00 00 00 00 00 
00 00 00 00 00 00 00 ff 00 00 00 00 00 00 00 00 00 00 00 00 80 3f 11 00 00 00 4b b1 00 00 71 02 
00 00 3f 00 00 00 01 22 00 00 00 00 00 00 00 00 00 
..{.H........X.G .t..<..\.....d.............Anderson.Thomas...s....`.......................(.2..
.C......... ...@.....D...........................(...1^..............................?....K...q.
..?....".........

Client->GAME [12:22:32 07/15/09] packet size: 1 CRYPTED, Flags: 7f ServerSeq: 263 ClientSeq: 383
02 
.

GAME->Client [12:22:32 07/15/09] packet size: 203 CRYPTED, Flags: 7f ServerSeq: 264 ClientSeq: 270
02 03 02 00 03 08 8e 58 17 47 b5 c9 5f c4 08 3d 0c c6 d9 99 93 1e ff 01 64 01 00 00 00 00 00 00 
00 00 00 00 00 08 41 6e 64 65 72 73 6f 6e 06 54 68 6f 6d 61 73 ff 00 00 73 1a e9 88 80 60 04 00 
02 8e 00 00 00 01 00 00 00 00 00 00 00 00 00 00 00 00 00 00 ff 28 0a 32 00 00 87 43 00 00 89 9c 
93 1e 00 00 00 20 16 eb e2 40 00 00 00 00 00 44 91 c0 00 00 00 00 84 87 c1 c0 00 ff 00 00 00 00 
00 f7 00 00 00 f7 00 00 00 00 00 28 0a ff 00 31 5e 00 00 00 00 00 00 00 00 00 00 00 00 00 00 00 
00 ff 00 00 00 00 00 00 00 00 00 00 00 00 80 3f 11 00 00 00 4b b1 00 00 71 02 00 00 3f 00 00 00 
01 22 00 00 00 00 00 00 00 00 00 
.......X.G.._..=........d.............Anderson.Thomas...s....`.......................(.2...C....
..... ...@.....D...........................(...1^..............................?....K...q...?...
.".........

Client->GAME [12:22:32 07/15/09] packet size: 1 CRYPTED, Flags: 7f ServerSeq: 264 ClientSeq: 384
02 
.

GAME->Client [12:22:32 07/15/09] packet size: 203 CRYPTED, Flags: 7f ServerSeq: 265 ClientSeq: 271
02 03 02 00 03 08 7d 58 17 47 37 e6 53 c4 78 3d 0c c6 56 9a 93 1e ff 01 64 01 00 00 00 00 00 00 
00 00 00 00 00 08 41 6e 64 65 72 73 6f 6e 06 54 68 6f 6d 61 73 ff 00 00 73 1a e9 88 80 60 04 00 
02 8e 00 00 00 01 00 00 00 00 00 00 00 00 00 00 00 00 00 00 ff 28 0a 32 00 00 87 43 00 00 89 9c 
93 1e 00 00 00 20 16 eb e2 40 00 00 00 00 00 44 91 c0 00 00 00 00 84 87 c1 c0 00 ff 00 00 00 00 
00 f7 00 00 00 f7 00 00 00 00 00 28 0a ff 00 31 5e 00 00 00 00 00 00 00 00 00 00 00 00 00 00 00 
00 ff 00 00 00 00 00 00 00 00 00 00 00 00 80 3f 11 00 00 00 4b b1 00 00 71 02 00 00 3f 00 00 00 
01 22 00 00 00 00 00 00 00 00 00 
......}X.G7.S.x=..V.....d.............Anderson.Thomas...s....`.......................(.2...C....
..... ...@.....D...........................(...1^..............................?....K...q...?...
.".........

Client->GAME [12:22:32 07/15/09] packet size: 1 CRYPTED, Flags: 7f ServerSeq: 265 ClientSeq: 385
02 
.

GAME->Client [12:22:32 07/15/09] packet size: 203 CRYPTED, Flags: 7f ServerSeq: 266 ClientSeq: 256
02 03 02 00 03 08 6d 58 17 47 a6 db 50 c4 e9 3d 0c c6 d3 9a 93 1e ff 01 64 01 00 00 00 00 00 00 
00 00 00 00 00 08 41 6e 64 65 72 73 6f 6e 06 54 68 6f 6d 61 73 ff 00 00 73 1a e9 88 80 60 04 00 
02 8e 00 00 00 01 00 00 00 00 00 00 00 00 00 00 00 00 00 00 ff 28 0a 32 00 00 87 43 00 00 89 9c 
93 1e 00 00 00 20 16 eb e2 40 00 00 00 00 00 44 91 c0 00 00 00 00 84 87 c1 c0 00 ff 00 00 00 00 
00 f7 00 00 00 f7 00 00 00 00 00 28 0a ff 00 31 5e 00 00 00 00 00 00 00 00 00 00 00 00 00 00 00 
00 ff 00 00 00 00 00 00 00 00 00 00 00 00 80 3f 11 00 00 00 4b b1 00 00 71 02 00 00 3f 00 00 00 
01 22 00 00 00 00 00 00 00 00 00 
......mX.G..P..=........d.............Anderson.Thomas...s....`.......................(.2...C....
..... ...@.....D...........................(...1^..............................?....K...q...?...
.".........

Client->GAME [12:22:32 07/15/09] packet size: 1 CRYPTED, Flags: 7f ServerSeq: 266 ClientSeq: 386
02 
.

GAME->Client [12:22:32 07/15/09] packet size: 203 CRYPTED, Flags: 7f ServerSeq: 267 ClientSeq: 257
02 03 02 00 03 08 5c 58 17 47 01 aa 56 c4 59 3e 0c c6 51 9b 93 1e ff 01 64 01 00 00 00 00 00 00 
00 00 00 00 00 08 41 6e 64 65 72 73 6f 6e 06 54 68 6f 6d 61 73 ff 00 00 73 1a e9 88 80 60 04 00 
02 8e 00 00 00 01 00 00 00 00 00 00 00 00 00 00 00 00 00 00 ff 28 0a 32 00 00 87 43 00 00 89 9c 
93 1e 00 00 00 20 16 eb e2 40 00 00 00 00 00 44 91 c0 00 00 00 00 84 87 c1 c0 00 ff 00 00 00 00 
00 f7 00 00 00 f7 00 00 00 00 00 28 0a ff 00 31 5e 00 00 00 00 00 00 00 00 00 00 00 00 00 00 00 
00 ff 00 00 00 00 00 00 00 00 00 00 00 00 80 3f 11 00 00 00 4b b1 00 00 71 02 00 00 3f 00 00 00 
01 22 00 00 00 00 00 00 00 00 00 
......\X.G..V.Y>..Q.....d.............Anderson.Thomas...s....`.......................(.2...C....
..... ...@.....D...........................(...1^..............................?....K...q...?...
.".........

Client->GAME [12:22:32 07/15/09] packet size: 1 CRYPTED, Flags: 7f ServerSeq: 267 ClientSeq: 387
02 
.

GAME->Client [12:22:33 07/15/09] packet size: 203 CRYPTED, Flags: 7f ServerSeq: 268 ClientSeq: 258
02 03 02 00 03 08 4f 58 17 47 20 d3 60 c4 ad 3e 0c c6 cd 9b 93 1e ff 01 64 01 00 00 00 00 00 00 
00 00 00 00 00 08 41 6e 64 65 72 73 6f 6e 06 54 68 6f 6d 61 73 ff 00 00 73 1a e9 88 80 60 04 00 
02 8e 00 00 00 01 00 00 00 00 00 00 00 00 00 00 00 00 00 00 ff 28 0a 32 00 00 87 43 00 00 89 9c 
93 1e 00 00 00 20 16 eb e2 40 00 00 00 00 00 44 91 c0 00 00 00 00 84 87 c1 c0 00 ff 00 00 00 00 
00 f7 00 00 00 f7 00 00 00 00 00 28 0a ff 00 31 5e 00 00 00 00 00 00 00 00 00 00 00 00 00 00 00 
00 ff 00 00 00 00 00 00 00 00 00 00 00 00 80 3f 11 00 00 00 4b b1 00 00 71 02 00 00 3f 00 00 00 
01 22 00 00 00 00 00 00 00 00 00 
......OX.G .`..>........d.............Anderson.Thomas...s....`.......................(.2...C....
..... ...@.....D...........................(...1^..............................?....K...q...?...
.".........

Client->GAME [12:22:33 07/15/09] packet size: 1 CRYPTED, Flags: 7f ServerSeq: 268 ClientSeq: 388
02 
.

GAME->Client [12:22:33 07/15/09] packet size: 203 CRYPTED, Flags: 7f ServerSeq: 269 ClientSeq: 259
02 03 02 00 03 08 3e 58 17 47 1a 1d 76 c4 1e 3f 0c c6 4a 9c 93 1e ff 01 64 01 00 00 00 00 00 00 
00 00 00 00 00 08 41 6e 64 65 72 73 6f 6e 06 54 68 6f 6d 61 73 ff 00 00 73 1a e9 88 80 60 04 00 
02 8e 00 00 00 01 00 00 00 00 00 00 00 00 00 00 00 00 00 00 ff 28 0a 32 00 00 87 43 00 00 89 9c 
93 1e 00 00 00 20 16 eb e2 40 00 00 00 00 00 44 91 c0 00 00 00 00 84 87 c1 c0 00 ff 00 00 00 00 
00 f7 00 00 00 f7 00 00 00 00 00 28 0a ff 00 31 5e 00 00 00 00 00 00 00 00 00 00 00 00 00 00 00 
00 ff 00 00 00 00 00 00 00 00 00 00 00 00 80 3f 11 00 00 00 4b b1 00 00 71 02 00 00 3f 00 00 00 
01 22 00 00 00 00 00 00 00 00 00 
......>X.G..v..?..J.....d.............Anderson.Thomas...s....`.......................(.2...C....
..... ...@.....D...........................(...1^..............................?....K...q...?...
.".........

Client->GAME [12:22:33 07/15/09] packet size: 1 CRYPTED, Flags: 7f ServerSeq: 269 ClientSeq: 389
02 
.

GAME->Client [12:22:33 07/15/09] packet size: 205 CRYPTED, Flags: 7f ServerSeq: 270 ClientSeq: 260
02 03 02 00 03 09 00 00 b1 58 17 47 00 20 8a c4 20 3c 0c c6 c7 9c 93 1e ff 01 64 01 00 00 00 00 
00 00 00 00 00 00 00 08 41 6e 64 65 72 73 6f 6e 06 54 68 6f 6d 61 73 ff 00 00 73 1a e9 88 80 60 
04 00 02 8e 00 00 00 01 00 00 00 00 00 00 00 00 00 00 00 00 00 00 ff 28 0a 32 00 00 87 43 00 00 
89 9c 93 1e 00 00 00 20 16 eb e2 40 00 00 00 00 00 44 91 c0 00 00 00 00 84 87 c1 c0 00 ff 00 00 
00 00 00 f7 00 00 00 f7 00 00 00 00 00 28 0a ff 00 31 5e 00 00 00 00 00 00 00 00 00 00 00 00 00 
00 00 00 ff 00 00 00 00 00 00 00 00 00 00 00 00 80 3f 11 00 00 00 4b b1 00 00 71 02 00 00 3f 00 
00 00 01 22 00 00 00 00 00 00 00 00 00 
.........X.G. .. <........d.............Anderson.Thomas...s....`.......................(.2...C..
....... ...@.....D...........................(...1^..............................?....K...q...?.
...".........

Client->GAME [12:22:33 07/15/09] packet size: 1 CRYPTED, Flags: 7f ServerSeq: 270 ClientSeq: 390
02 
.

GAME->Client [12:22:33 07/15/09] packet size: 205 CRYPTED, Flags: 7f ServerSeq: 271 ClientSeq: 261
02 03 02 00 03 09 00 00 b1 58 17 47 00 20 8a c4 20 3c 0c c6 44 9d 93 1e ff 01 64 01 00 00 00 00 
00 00 00 00 00 00 00 08 41 6e 64 65 72 73 6f 6e 06 54 68 6f 6d 61 73 ff 00 00 73 1a e9 88 80 60 
04 00 02 8e 00 00 00 01 00 00 00 00 00 00 00 00 00 00 00 00 00 00 ff 28 0a 32 00 00 87 43 00 00 
89 9c 93 1e 00 00 00 20 16 eb e2 40 00 00 00 00 00 44 91 c0 00 00 00 00 84 87 c1 c0 00 ff 00 00 
00 00 00 f7 00 00 00 f7 00 00 00 00 00 28 0a ff 00 31 5e 00 00 00 00 00 00 00 00 00 00 00 00 00 
00 00 00 ff 00 00 00 00 00 00 00 00 00 00 00 00 80 3f 11 00 00 00 4b b1 00 00 71 02 00 00 3f 00 
00 00 01 22 00 00 00 00 00 00 00 00 00 
.........X.G. .. <..D.....d.............Anderson.Thomas...s....`.......................(.2...C..
....... ...@.....D...........................(...1^..............................?....K...q...?.
...".........

Client->GAME [12:22:33 07/15/09] packet size: 1 CRYPTED, Flags: 7f ServerSeq: 271 ClientSeq: 391
02 
.

Client->GAME [12:22:34 07/15/09] packet size: 9 CRYPTED, Flags: 7f ServerSeq: 271 ClientSeq: 392
02 03 02 00 01 02 03 00 00 
.........

GAME->Client [12:22:34 07/15/09] packet size: 14 CRYPTED, Flags: 7f ServerSeq: 272 ClientSeq: 264
82 fd 7b fa 48 03 02 00 02 80 04 1e 00 00 
..{.H.........

Client->GAME [12:22:34 07/15/09] packet size: 21 CRYPTED, Flags: 7f ServerSeq: 271 ClientSeq: 393
02 03 02 00 01 0a 03 22 27 17 47 00 20 8a c4 dd 86 0d c6 00 00 
......."'.G. ........

Client->GAME [12:22:34 07/15/09] packet size: 1 CRYPTED, Flags: 7f ServerSeq: 256 ClientSeq: 394
02 
.

Client->GAME [12:22:35 07/15/09] packet size: 21 CRYPTED, Flags: 7f ServerSeq: 256 ClientSeq: 395
02 03 02 00 01 0a 00 79 e5 16 47 00 20 8a c4 0e 3d 0f c6 00 00 
.......y..G. ...=....

GAME->Client [12:22:35 07/15/09] packet size: 1 CRYPTED, Flags: 7f ServerSeq: 273 ClientSeq: 266
02 
.

Client->GAME [12:22:35 07/15/09] packet size: 48 CRYPTED, Flags: 7f ServerSeq: 257 ClientSeq: 396
02 04 01 00 23 01 29 80 c2 00 00 00 e0 a9 db e2 40 00 00 00 00 00 44 91 c0 00 00 00 80 71 ee c1 
c0 48 01 0c 00 00 00 00 00 87 43 00 18 8f b0 00 
....#.).........@.....D......q...H........C.....

GAME->Client [12:22:35 07/15/09] packet size: 10 CRYPTED, Flags: 7f ServerSeq: 274 ClientSeq: 267
02 03 02 00 02 80 04 00 00 00 
..........

Client->GAME [12:22:35 07/15/09] packet size: 1 CRYPTED, Flags: 7f ServerSeq: 258 ClientSeq: 397
02 
.

GAME->Client [12:22:35 07/15/09] packet size: 69 CRYPTED, Flags: 7f ServerSeq: 275 ClientSeq: 269
02 03 02 00 03 09 08 00 5d e4 16 47 20 86 74 c4 77 44 0f c6 92 a5 93 1e 80 80 30 fc a8 93 1e 00 
00 00 e0 a9 db e2 40 00 00 00 00 00 44 91 c0 00 00 00 80 71 ee c1 c0 00 00 04 01 01 8f 01 06 80 
c3 18 8f b0 00 
........]..G .t.wD........0...........@.....D......q.................

Client->GAME [12:22:35 07/15/09] packet size: 1 CRYPTED, Flags: 7f ServerSeq: 259 ClientSeq: 398
02 
.

GAME->Client [12:22:35 07/15/09] packet size: 205 CRYPTED, Flags: 7f ServerSeq: 276 ClientSeq: 269
02 03 02 00 03 09 08 00 94 e3 16 47 7a 24 64 c4 b2 49 0f c6 0e a6 93 1e ff 01 64 01 00 00 00 00 
00 00 00 00 00 00 00 08 41 6e 64 65 72 73 6f 6e 06 54 68 6f 6d 61 73 ff 00 00 73 1a e9 88 80 60 
04 00 02 8e 00 00 00 01 00 00 00 00 00 00 00 00 00 00 00 00 00 00 ff 28 0a 32 00 00 87 43 00 00 
fc a8 93 1e 00 00 00 e0 a9 db e2 40 00 00 00 00 00 44 91 c0 00 00 00 80 71 ee c1 c0 00 ff 00 00 
00 00 00 f7 00 00 00 f7 00 00 00 00 00 28 0a ff 00 31 5e 00 00 00 00 00 00 00 00 00 00 00 00 00 
00 00 00 ff 00 00 00 00 00 00 00 00 00 00 00 00 80 3f 11 00 00 00 4b b1 00 00 71 02 00 00 3f 00 
00 00 01 22 00 00 00 00 00 00 00 00 00 
...........Gz$d..I........d.............Anderson.Thomas...s....`.......................(.2...C..
...........@.....D......q....................(...1^..............................?....K...q...?.
...".........

Client->GAME [12:22:35 07/15/09] packet size: 1 CRYPTED, Flags: 7f ServerSeq: 260 ClientSeq: 399
02 
.

GAME->Client [12:22:35 07/15/09] packet size: 203 CRYPTED, Flags: 7f ServerSeq: 277 ClientSeq: 270
02 03 02 00 03 08 89 e2 16 47 c1 0a 56 c4 ac 50 0f c6 9b a6 93 1e ff 01 64 01 00 00 00 00 00 00 
00 00 00 00 00 08 41 6e 64 65 72 73 6f 6e 06 54 68 6f 6d 61 73 ff 00 00 73 1a e9 88 80 60 04 00 
02 8e 00 00 00 01 00 00 00 00 00 00 00 00 00 00 00 00 00 00 ff 28 0a 32 00 00 87 43 00 00 fc a8 
93 1e 00 00 00 e0 a9 db e2 40 00 00 00 00 00 44 91 c0 00 00 00 80 71 ee c1 c0 00 ff 00 00 00 00 
00 f7 00 00 00 f7 00 00 00 00 00 28 0a ff 00 31 5e 00 00 00 00 00 00 00 00 00 00 00 00 00 00 00 
00 ff 00 00 00 00 00 00 00 00 00 00 00 00 80 3f 11 00 00 00 4b b1 00 00 71 02 00 00 3f 00 00 00 
01 22 00 00 00 00 00 00 00 00 00 
.........G..V..P........d.............Anderson.Thomas...s....`.......................(.2...C....
.........@.....D......q....................(...1^..............................?....K...q...?...
.".........

Client->GAME [12:22:35 07/15/09] packet size: 1 CRYPTED, Flags: 7f ServerSeq: 261 ClientSeq: 400
02 
.

GAME->Client [12:22:35 07/15/09] packet size: 207 CRYPTED, Flags: 7f ServerSeq: 278 ClientSeq: 271
82 22 7c fa 48 03 02 00 03 08 7d e1 16 47 f4 c9 50 c4 a6 57 0f c6 18 a7 93 1e ff 01 64 01 00 00 
00 00 00 00 00 00 00 00 00 08 41 6e 64 65 72 73 6f 6e 06 54 68 6f 6d 61 73 ff 00 00 73 1a e9 88 
80 60 04 00 02 8e 00 00 00 01 00 00 00 00 00 00 00 00 00 00 00 00 00 00 ff 28 0a 32 00 00 87 43 
00 00 fc a8 93 1e 00 00 00 e0 a9 db e2 40 00 00 00 00 00 44 91 c0 00 00 00 80 71 ee c1 c0 00 ff 
00 00 00 00 00 f7 00 00 00 f7 00 00 00 00 00 28 0a ff 00 31 5e 00 00 00 00 00 00 00 00 00 00 00 
00 00 00 00 00 ff 00 00 00 00 00 00 00 00 00 00 00 00 80 3f 11 00 00 00 4b b1 00 00 71 02 00 00 
3f 00 00 00 01 22 00 00 00 00 00 00 00 00 00 
."|.H.....}..G..P..W........d.............Anderson.Thomas...s....`.......................(.2...C
.............@.....D......q....................(...1^..............................?....K...q...
?....".........

Client->GAME [12:22:35 07/15/09] packet size: 1 CRYPTED, Flags: 7f ServerSeq: 262 ClientSeq: 401
02 
.

GAME->Client [12:22:36 07/15/09] packet size: 203 CRYPTED, Flags: 7f ServerSeq: 279 ClientSeq: 256
02 03 02 00 03 08 72 e0 16 47 14 62 54 c4 9f 5e 0f c6 95 a7 93 1e ff 01 64 01 00 00 00 00 00 00 
00 00 00 00 00 08 41 6e 64 65 72 73 6f 6e 06 54 68 6f 6d 61 73 ff 00 00 73 1a e9 88 80 60 04 00 
02 8e 00 00 00 01 00 00 00 00 00 00 00 00 00 00 00 00 00 00 ff 28 0a 32 00 00 87 43 00 00 fc a8 
93 1e 00 00 00 e0 a9 db e2 40 00 00 00 00 00 44 91 c0 00 00 00 80 71 ee c1 c0 00 ff 00 00 00 00 
00 f7 00 00 00 f7 00 00 00 00 00 28 0a ff 00 31 5e 00 00 00 00 00 00 00 00 00 00 00 00 00 00 00 
00 ff 00 00 00 00 00 00 00 00 00 00 00 00 80 3f 11 00 00 00 4b b1 00 00 71 02 00 00 3f 00 00 00 
01 22 00 00 00 00 00 00 00 00 00 
......r..G.bT..^........d.............Anderson.Thomas...s....`.......................(.2...C....
.........@.....D......q....................(...1^..............................?....K...q...?...
.".........

Client->GAME [12:22:36 07/15/09] packet size: 1 CRYPTED, Flags: 7f ServerSeq: 263 ClientSeq: 402
02 
.

GAME->Client [12:22:36 07/15/09] packet size: 203 CRYPTED, Flags: 7f ServerSeq: 280 ClientSeq: 257
02 03 02 00 03 08 66 df 16 47 20 d3 60 c4 99 65 0f c6 12 a8 93 1e ff 01 64 01 00 00 00 00 00 00 
00 00 00 00 00 08 41 6e 64 65 72 73 6f 6e 06 54 68 6f 6d 61 73 ff 00 00 73 1a e9 88 80 60 04 00 
02 8e 00 00 00 01 00 00 00 00 00 00 00 00 00 00 00 00 00 00 ff 28 0a 32 00 00 87 43 00 00 fc a8 
93 1e 00 00 00 e0 a9 db e2 40 00 00 00 00 00 44 91 c0 00 00 00 80 71 ee c1 c0 00 ff 00 00 00 00 
00 f7 00 00 00 f7 00 00 00 00 00 28 0a ff 00 31 5e 00 00 00 00 00 00 00 00 00 00 00 00 00 00 00 
00 ff 00 00 00 00 00 00 00 00 00 00 00 00 80 3f 11 00 00 00 4b b1 00 00 71 02 00 00 3f 00 00 00 
01 22 00 00 00 00 00 00 00 00 00 
......f..G .`..e........d.............Anderson.Thomas...s....`.......................(.2...C....
.........@.....D......q....................(...1^..............................?....K...q...?...
.".........

Client->GAME [12:22:36 07/15/09] packet size: 1 CRYPTED, Flags: 7f ServerSeq: 264 ClientSeq: 403
02 
.

GAME->Client [12:22:36 07/15/09] packet size: 203 CRYPTED, Flags: 7f ServerSeq: 281 ClientSeq: 258
02 03 02 00 03 08 5b de 16 47 1a 1d 76 c4 92 6c 0f c6 8f a8 93 1e ff 01 64 01 00 00 00 00 00 00 
00 00 00 00 00 08 41 6e 64 65 72 73 6f 6e 06 54 68 6f 6d 61 73 ff 00 00 73 1a e9 88 80 60 04 00 
02 8e 00 00 00 01 00 00 00 00 00 00 00 00 00 00 00 00 00 00 ff 28 0a 32 00 00 87 43 00 00 fc a8 
93 1e 00 00 00 e0 a9 db e2 40 00 00 00 00 00 44 91 c0 00 00 00 80 71 ee c1 c0 00 ff 00 00 00 00 
00 f7 00 00 00 f7 00 00 00 00 00 28 0a ff 00 31 5e 00 00 00 00 00 00 00 00 00 00 00 00 00 00 00 
00 ff 00 00 00 00 00 00 00 00 00 00 00 00 80 3f 11 00 00 00 4b b1 00 00 71 02 00 00 3f 00 00 00 
01 22 00 00 00 00 00 00 00 00 00 
......[..G..v..l........d.............Anderson.Thomas...s....`.......................(.2...C....
.........@.....D......q....................(...1^..............................?....K...q...?...
.".........

Client->GAME [12:22:36 07/15/09] packet size: 1 CRYPTED, Flags: 7f ServerSeq: 265 ClientSeq: 404
02 
.

GAME->Client [12:22:36 07/15/09] packet size: 203 CRYPTED, Flags: 7f ServerSeq: 282 ClientSeq: 259
02 03 02 00 03 08 92 dd 16 47 78 f1 85 c4 ce 71 0f c6 0c a9 93 1e ff 01 64 01 00 00 00 00 00 00 
00 00 00 00 00 08 41 6e 64 65 72 73 6f 6e 06 54 68 6f 6d 61 73 ff 00 00 73 1a e9 88 80 60 04 00 
02 8e 00 00 00 01 00 00 00 00 00 00 00 00 00 00 00 00 00 00 ff 28 0a 32 00 00 87 43 00 00 fc a8 
93 1e 00 00 00 e0 a9 db e2 40 00 00 00 00 00 44 91 c0 00 00 00 80 71 ee c1 c0 00 ff 00 00 00 00 
00 f7 00 00 00 f7 00 00 00 00 00 28 0a ff 00 31 5e 00 00 00 00 00 00 00 00 00 00 00 00 00 00 00 
00 ff 00 00 00 00 00 00 00 00 00 00 00 00 80 3f 11 00 00 00 4b b1 00 00 71 02 00 00 3f 00 00 00 
01 22 00 00 00 00 00 00 00 00 00 
.........Gx....q........d.............Anderson.Thomas...s....`.......................(.2...C....
.........@.....D......q....................(...1^..............................?....K...q...?...
.".........

Client->GAME [12:22:36 07/15/09] packet size: 20 CRYPTED, Flags: 7f ServerSeq: 265 ClientSeq: 405
02 03 02 00 01 08 4f dd 16 47 00 20 8a c4 8c 73 0f c6 00 00 
......O..G. ...s....

Client->GAME [12:22:36 07/15/09] packet size: 1 CRYPTED, Flags: 7f ServerSeq: 266 ClientSeq: 406
02 
.

GAME->Client [12:22:36 07/15/09] packet size: 205 CRYPTED, Flags: 7f ServerSeq: 283 ClientSeq: 260
02 03 02 00 03 09 00 00 4f dd 16 47 00 20 8a c4 8c 73 0f c6 89 a9 93 1e ff 01 64 01 00 00 00 00 
00 00 00 00 00 00 00 08 41 6e 64 65 72 73 6f 6e 06 54 68 6f 6d 61 73 ff 00 00 73 1a e9 88 80 60 
04 00 02 8e 00 00 00 01 00 00 00 00 00 00 00 00 00 00 00 00 00 00 ff 28 0a 32 00 00 87 43 00 00 
fc a8 93 1e 00 00 00 e0 a9 db e2 40 00 00 00 00 00 44 91 c0 00 00 00 80 71 ee c1 c0 00 ff 00 00 
00 00 00 f7 00 00 00 f7 00 00 00 00 00 28 0a ff 00 31 5e 00 00 00 00 00 00 00 00 00 00 00 00 00 
00 00 00 ff 00 00 00 00 00 00 00 00 00 00 00 00 80 3f 11 00 00 00 4b b1 00 00 71 02 00 00 3f 00 
00 00 01 22 00 00 00 00 00 00 00 00 00 
........O..G. ...s........d.............Anderson.Thomas...s....`.......................(.2...C..
...........@.....D......q....................(...1^..............................?....K...q...?.
...".........

Client->GAME [12:22:36 07/15/09] packet size: 1 CRYPTED, Flags: 7f ServerSeq: 267 ClientSeq: 407
02 
.

GAME->Client [12:22:36 07/15/09] packet size: 205 CRYPTED, Flags: 7f ServerSeq: 284 ClientSeq: 262
02 03 02 00 03 09 00 00 4f dd 16 47 00 20 8a c4 8c 73 0f c6 06 aa 93 1e ff 01 64 01 00 00 00 00 
00 00 00 00 00 00 00 08 41 6e 64 65 72 73 6f 6e 06 54 68 6f 6d 61 73 ff 00 00 73 1a e9 88 80 60 
04 00 02 8e 00 00 00 01 00 00 00 00 00 00 00 00 00 00 00 00 00 00 ff 28 0a 32 00 00 87 43 00 00 
fc a8 93 1e 00 00 00 e0 a9 db e2 40 00 00 00 00 00 44 91 c0 00 00 00 80 71 ee c1 c0 00 ff 00 00 
00 00 00 f7 00 00 00 f7 00 00 00 00 00 28 0a ff 00 31 5e 00 00 00 00 00 00 00 00 00 00 00 00 00 
00 00 00 ff 00 00 00 00 00 00 00 00 00 00 00 00 80 3f 11 00 00 00 4b b1 00 00 71 02 00 00 3f 00 
00 00 01 22 00 00 00 00 00 00 00 00 00 
........O..G. ...s........d.............Anderson.Thomas...s....`.......................(.2...C..
...........@.....D......q....................(...1^..............................?....K...q...?.
...".........

Client->GAME [12:22:37 07/15/09] packet size: 1 CRYPTED, Flags: 7f ServerSeq: 268 ClientSeq: 408
02 
.

