Client->GAME [12:32:18 07/17/09] packet size: 48 CRYPTED, Flags: 7f ServerSeq: 2818 ClientSeq: 3452
02 04 01 00 a7 01 29 80 c2 00 00 00 00 30 fb e1 40 00 00 00 00 00 44 91 c0 00 00 00 a0 02 c9 bf 
c0 48 01 14 00 06 00 00 00 87 43 00 74 b7 ac 00 
......)......0..@.....D..........H........C.t...

GAME->Client [12:32:19 07/17/09] packet size: 62 CRYPTED, Flags: 7f ServerSeq: 3059 ClientSeq: 3340
02 03 02 00 03 09 08 00 5f d9 0f 47 1b 1d 76 c4 08 48 fe c5 08 be b4 04 80 80 10 73 c1 b4 04 11 
00 01 00 04 5f d9 0f 47 1b 1d 76 c4 08 48 fe c5 00 00 04 01 06 c4 01 06 80 c3 74 b7 ac 00 
........_..G..v..H.........s........_..G..v..H............t...

Client->GAME [12:32:19 07/17/09] packet size: 1 CRYPTED, Flags: 7f ServerSeq: 2819 ClientSeq: 3453
02 
.

GAME->Client [12:32:19 07/17/09] packet size: 226 CRYPTED, Flags: 7f ServerSeq: 3060 ClientSeq: 3340
82 0f 35 9a 47 03 02 00 03 09 08 00 3f d9 0f 47 21 d3 60 c4 fb 47 fe c5 85 be b4 04 ff 01 64 01 
00 00 00 00 00 00 00 00 00 00 00 08 41 6e 64 65 72 73 6f 6e 06 54 68 6f 6d 61 73 ff 04 80 23 1a 
e9 88 80 b0 04 00 02 8e 00 00 00 01 00 00 00 00 00 00 2a 00 00 02 00 00 00 00 ff 28 0a 32 00 00 
87 43 00 00 73 c1 b4 04 00 00 00 00 30 fb e1 40 00 00 00 00 00 44 91 c0 00 00 00 a0 02 c9 bf c0 
00 ff 00 00 00 00 00 f7 00 00 00 f7 00 00 00 00 00 28 0a ff 00 31 5e 00 00 00 00 00 00 00 30 04 
00 28 10 00 00 00 00 ff 00 00 00 00 00 00 00 00 00 00 00 00 80 3f ee 03 00 00 4b b1 00 00 71 02 
00 00 3f 00 00 00 01 22 02 65 01 00 00 00 00 11 00 01 00 04 3f d9 0f 47 21 d3 60 c4 fb 47 fe c5 
00 00 
..5.G.......?..G!.`..G........d.............Anderson.Thomas...#...................*........(.2..
.C..s.......0..@.....D...........................(...1^.......0..(...................?....K...q.
..?....".e..........?..G!.`..G....

Client->GAME [12:32:19 07/17/09] packet size: 1 CRYPTED, Flags: 7f ServerSeq: 2820 ClientSeq: 3454
02 
.

GAME->Client [12:32:19 07/17/09] packet size: 220 CRYPTED, Flags: 7f ServerSeq: 3061 ClientSeq: 3341
02 03 02 00 03 08 20 d9 0f 47 ca e6 54 c4 ef 47 fe c5 03 bf b4 04 ff 01 64 01 00 00 00 00 00 00 
00 00 00 00 00 08 41 6e 64 65 72 73 6f 6e 06 54 68 6f 6d 61 73 ff 04 80 23 1a e9 88 80 b0 04 00 
02 8e 00 00 00 01 00 00 00 00 00 00 2a 00 00 02 00 00 00 00 ff 28 0a 32 00 00 87 43 00 00 73 c1 
b4 04 00 00 00 00 30 fb e1 40 00 00 00 00 00 44 91 c0 00 00 00 a0 02 c9 bf c0 00 ff 00 00 00 00 
00 f7 00 00 00 f7 00 00 00 00 00 28 0a ff 00 31 5e 00 00 00 00 00 00 00 30 04 00 28 10 00 00 00 
00 ff 00 00 00 00 00 00 00 00 00 00 00 00 80 3f ee 03 00 00 4b b1 00 00 71 02 00 00 3f 00 00 00 
01 22 02 65 01 00 00 00 00 11 00 01 00 04 20 d9 0f 47 ca e6 54 c4 ef 47 fe c5 00 00 
...... ..G..T..G........d.............Anderson.Thomas...#...................*........(.2...C..s.
......0..@.....D...........................(...1^.......0..(...................?....K...q...?...
.".e.......... ..G..T..G....

Client->GAME [12:32:19 07/17/09] packet size: 1 CRYPTED, Flags: 7f ServerSeq: 2821 ClientSeq: 3455
02 
.

GAME->Client [12:32:19 07/17/09] packet size: 220 CRYPTED, Flags: 7f ServerSeq: 3062 ClientSeq: 3342
02 03 02 00 03 08 ff d8 0f 47 1b c1 50 c4 e2 47 fe c5 80 bf b4 04 ff 01 64 01 00 00 00 00 00 00 
00 00 00 00 00 08 41 6e 64 65 72 73 6f 6e 06 54 68 6f 6d 61 73 ff 04 80 23 1a e9 88 80 b0 04 00 
02 8e 00 00 00 01 00 00 00 00 00 00 2a 00 00 02 00 00 00 00 ff 28 0a 32 00 00 87 43 00 00 73 c1 
b4 04 00 00 00 00 30 fb e1 40 00 00 00 00 00 44 91 c0 00 00 00 a0 02 c9 bf c0 00 ff 00 00 00 00 
00 f7 00 00 00 f7 00 00 00 00 00 28 0a ff 00 31 5e 00 00 00 00 00 00 00 30 04 00 28 10 00 00 00 
00 ff 00 00 00 00 00 00 00 00 00 00 00 00 80 3f ee 03 00 00 4b b1 00 00 71 02 00 00 3f 00 00 00 
01 22 02 65 01 00 00 00 00 11 00 01 00 04 ff d8 0f 47 1b c1 50 c4 e2 47 fe c5 00 00 
.........G..P..G........d.............Anderson.Thomas...#...................*........(.2...C..s.
......0..@.....D...........................(...1^.......0..(...................?....K...q...?...
.".e.............G..P..G....

Client->GAME [12:32:19 07/17/09] packet size: 1 CRYPTED, Flags: 7f ServerSeq: 2822 ClientSeq: 3456
02 
.

GAME->Client [12:32:19 07/17/09] packet size: 220 CRYPTED, Flags: 7f ServerSeq: 3063 ClientSeq: 3343
02 03 02 00 03 08 de d8 0f 47 59 74 55 c4 d5 47 fe c5 fc bf b4 04 ff 01 64 01 00 00 00 00 00 00 
00 00 00 00 00 08 41 6e 64 65 72 73 6f 6e 06 54 68 6f 6d 61 73 ff 04 80 23 1a e9 88 80 b0 04 00 
02 8e 00 00 00 01 00 00 00 00 00 00 2a 00 00 02 00 00 00 00 ff 28 0a 32 00 00 87 43 00 00 73 c1 
b4 04 00 00 00 00 30 fb e1 40 00 00 00 00 00 44 91 c0 00 00 00 a0 02 c9 bf c0 00 ff 00 00 00 00 
00 f7 00 00 00 f7 00 00 00 00 00 28 0a ff 00 31 5e 00 00 00 00 00 00 00 30 04 00 28 10 00 00 00 
00 ff 00 00 00 00 00 00 00 00 00 00 00 00 80 3f ee 03 00 00 4b b1 00 00 71 02 00 00 3f 00 00 00 
01 22 02 65 01 00 00 00 00 11 00 01 00 04 de d8 0f 47 59 74 55 c4 d5 47 fe c5 00 00 
.........GYtU..G........d.............Anderson.Thomas...#...................*........(.2...C..s.
......0..@.....D...........................(...1^.......0..(...................?....K...q...?...
.".e.............GYtU..G....

Client->GAME [12:32:19 07/17/09] packet size: 1 CRYPTED, Flags: 7f ServerSeq: 2823 ClientSeq: 3457
02 
.

GAME->Client [12:32:19 07/17/09] packet size: 220 CRYPTED, Flags: 7f ServerSeq: 3064 ClientSeq: 3328
02 03 02 00 03 08 c0 d8 0f 47 65 e5 61 c4 c9 47 fe c5 79 c0 b4 04 ff 01 64 01 00 00 00 00 00 00 
00 00 00 00 00 08 41 6e 64 65 72 73 6f 6e 06 54 68 6f 6d 61 73 ff 04 80 23 1a e9 88 80 b0 04 00 
02 8e 00 00 00 01 00 00 00 00 00 00 2a 00 00 02 00 00 00 00 ff 28 0a 32 00 00 87 43 00 00 73 c1 
b4 04 00 00 00 00 30 fb e1 40 00 00 00 00 00 44 91 c0 00 00 00 a0 02 c9 bf c0 00 ff 00 00 00 00 
00 f7 00 00 00 f7 00 00 00 00 00 28 0a ff 00 31 5e 00 00 00 00 00 00 00 30 04 00 28 10 00 00 00 
00 ff 00 00 00 00 00 00 00 00 00 00 00 00 80 3f ee 03 00 00 4b b1 00 00 71 02 00 00 3f 00 00 00 
01 22 02 65 01 00 00 00 00 11 00 01 00 04 c0 d8 0f 47 65 e5 61 c4 c9 47 fe c5 00 00 
.........Ge.a..G..y.....d.............Anderson.Thomas...#...................*........(.2...C..s.
......0..@.....D...........................(...1^.......0..(...................?....K...q...?...
.".e.............Ge.a..G....

Client->GAME [12:32:19 07/17/09] packet size: 1 CRYPTED, Flags: 7f ServerSeq: 2824 ClientSeq: 3458
02 
.

GAME->Client [12:32:19 07/17/09] packet size: 220 CRYPTED, Flags: 7f ServerSeq: 3065 ClientSeq: 3329
02 03 02 00 03 08 9f d8 0f 47 ee bc 77 c4 bd 47 fe c5 f6 c0 b4 04 ff 01 64 01 00 00 00 00 00 00 
00 00 00 00 00 08 41 6e 64 65 72 73 6f 6e 06 54 68 6f 6d 61 73 ff 04 80 23 1a e9 88 80 b0 04 00 
02 8e 00 00 00 01 00 00 00 00 00 00 2a 00 00 02 00 00 00 00 ff 28 0a 32 00 00 87 43 00 00 73 c1 
b4 04 00 00 00 00 30 fb e1 40 00 00 00 00 00 44 91 c0 00 00 00 a0 02 c9 bf c0 00 ff 00 00 00 00 
00 f7 00 00 00 f7 00 00 00 00 00 28 0a ff 00 31 5e 00 00 00 00 00 00 00 30 04 00 28 10 00 00 00 
00 ff 00 00 00 00 00 00 00 00 00 00 00 00 80 3f ee 03 00 00 4b b1 00 00 71 02 00 00 3f 00 00 00 
01 22 02 65 01 00 00 00 00 11 00 01 00 04 9f d8 0f 47 ee bc 77 c4 bd 47 fe c5 00 00 
.........G..w..G........d.............Anderson.Thomas...#...................*........(.2...C..s.
......0..@.....D...........................(...1^.......0..(...................?....K...q...?...
.".e.............G..w..G....

Client->GAME [12:32:19 07/17/09] packet size: 1 CRYPTED, Flags: 7f ServerSeq: 2825 ClientSeq: 3459
02 
.

GAME->Client [12:32:19 07/17/09] packet size: 222 CRYPTED, Flags: 7f ServerSeq: 3066 ClientSeq: 3330
02 03 02 00 03 09 00 00 80 d9 0f 47 00 20 8a c4 15 48 fe c5 73 c1 b4 04 ff 01 64 01 00 00 00 00 
00 00 00 00 00 00 00 08 41 6e 64 65 72 73 6f 6e 06 54 68 6f 6d 61 73 ff 04 80 23 1a e9 88 80 b0 
04 00 02 8e 00 00 00 01 00 00 00 00 00 00 2a 00 00 02 00 00 00 00 ff 28 0a 32 00 00 87 43 00 00 
73 c1 b4 04 00 00 00 00 30 fb e1 40 00 00 00 00 00 44 91 c0 00 00 00 a0 02 c9 bf c0 00 ff 00 00 
00 00 00 f7 00 00 00 f7 00 00 00 00 00 28 0a ff 00 31 5e 00 00 00 00 00 00 00 30 04 00 28 10 00 
00 00 00 ff 00 00 00 00 00 00 00 00 00 00 00 00 80 3f ee 03 00 00 4b b1 00 00 71 02 00 00 3f 00 
00 00 01 22 02 65 01 00 00 00 00 11 00 01 00 04 80 d9 0f 47 00 20 8a c4 15 48 fe c5 00 00 
...........G. ...H..s.....d.............Anderson.Thomas...#...................*........(.2...C..
s.......0..@.....D...........................(...1^.......0..(...................?....K...q...?.
...".e.............G. ...H....

Client->GAME [12:32:20 07/17/09] packet size: 1 CRYPTED, Flags: 7f ServerSeq: 2826 ClientSeq: 3460
02 
.

GAME->Client [12:32:20 07/17/09] packet size: 205 CRYPTED, Flags: 7f ServerSeq: 3067 ClientSeq: 3331
02 03 02 00 03 09 00 00 80 d9 0f 47 00 20 8a c4 15 48 fe c5 f0 c1 b4 04 ff 01 64 01 00 00 00 00 
00 00 00 00 00 00 00 08 41 6e 64 65 72 73 6f 6e 06 54 68 6f 6d 61 73 ff 04 80 23 1a e9 88 80 b0 
04 00 02 8e 00 00 00 01 00 00 00 00 00 00 2a 00 00 02 00 00 00 00 ff 28 0a 32 00 00 87 43 00 00 
73 c1 b4 04 00 00 00 00 30 fb e1 40 00 00 00 00 00 44 91 c0 00 00 00 a0 02 c9 bf c0 00 ff 00 00 
00 00 00 f7 00 00 00 f7 00 00 00 00 00 28 0a ff 00 31 5e 00 00 00 00 00 00 00 30 04 00 28 10 00 
00 00 00 ff 00 00 00 00 00 00 00 00 00 00 00 00 80 3f ee 03 00 00 4b b1 00 00 71 02 00 00 3f 00 
00 00 01 22 02 65 01 00 00 00 00 00 00 
...........G. ...H........d.............Anderson.Thomas...#...................*........(.2...C..
s.......0..@.....D...........................(...1^.......0..(...................?....K...q...?.
...".e.......

Client->GAME [12:32:20 07/17/09] packet size: 1 CRYPTED, Flags: 7f ServerSeq: 2827 ClientSeq: 3461
02 
.

