Client->GAME [12:30:57 07/17/09] packet size: 48 CRYPTED, Flags: 7f ServerSeq: 2828 ClientSeq: 3425
02 04 01 00 a6 01 29 80 c2 00 00 00 00 30 fb e1 40 00 00 00 00 00 44 91 c0 00 00 00 a0 02 c9 bf 
c0 48 01 14 00 06 00 00 00 87 43 00 50 7a ab 00 
......)......0..@.....D..........H........C.Pz..

GAME->Client [12:30:57 07/17/09] packet size: 62 CRYPTED, Flags: 7f ServerSeq: 3037 ClientSeq: 3329
02 03 02 00 03 09 08 00 5f d9 0f 47 1b 1d 76 c4 08 48 fe c5 e7 80 b3 04 80 80 10 52 84 b3 04 11 
00 01 00 04 5f d9 0f 47 1b 1d 76 c4 08 48 fe c5 00 00 04 01 06 c3 01 06 80 c3 50 7a ab 00 
........_..G..v..H.........R........_..G..v..H............Pz..

Client->GAME [12:30:57 07/17/09] packet size: 1 CRYPTED, Flags: 7f ServerSeq: 2829 ClientSeq: 3426
02 
.

GAME->Client [12:30:57 07/17/09] packet size: 226 CRYPTED, Flags: 7f ServerSeq: 3038 ClientSeq: 3329
82 77 0c 9a 47 03 02 00 03 09 08 00 41 d9 0f 47 66 e5 61 c4 fc 47 fe c5 64 81 b3 04 ff 01 64 01 
00 00 00 00 00 00 00 00 00 00 00 08 41 6e 64 65 72 73 6f 6e 06 54 68 6f 6d 61 73 ff 04 80 23 1a 
e9 88 80 b0 04 00 02 8e 00 00 00 01 00 00 00 00 00 00 2a 00 00 02 00 00 00 00 ff 28 0a 32 00 00 
87 43 00 00 52 84 b3 04 00 00 00 00 30 fb e1 40 00 00 00 00 00 44 91 c0 00 00 00 a0 02 c9 bf c0 
00 ff 00 00 00 00 00 f7 00 00 00 f7 00 00 00 00 00 28 0a ff 00 31 5e 00 00 00 00 00 00 00 30 04 
00 28 10 00 00 00 00 ff 00 00 00 00 00 00 00 00 00 00 00 00 80 3f ee 03 00 00 4b b1 00 00 71 02 
00 00 3f 00 00 00 01 22 02 65 01 00 00 00 00 11 00 01 00 04 41 d9 0f 47 66 e5 61 c4 fc 47 fe c5 
00 00 
.w..G.......A..Gf.a..G..d.....d.............Anderson.Thomas...#...................*........(.2..
.C..R.......0..@.....D...........................(...1^.......0..(...................?....K...q.
..?....".e..........A..Gf.a..G....

Client->GAME [12:30:57 07/17/09] packet size: 1 CRYPTED, Flags: 7f ServerSeq: 2830 ClientSeq: 3427
02 
.

GAME->Client [12:30:57 07/17/09] packet size: 220 CRYPTED, Flags: 7f ServerSeq: 3039 ClientSeq: 3330
02 03 02 00 03 08 20 d9 0f 47 ca e6 54 c4 ef 47 fe c5 e1 81 b3 04 ff 01 64 01 00 00 00 00 00 00 
00 00 00 00 00 08 41 6e 64 65 72 73 6f 6e 06 54 68 6f 6d 61 73 ff 04 80 23 1a e9 88 80 b0 04 00 
02 8e 00 00 00 01 00 00 00 00 00 00 2a 00 00 02 00 00 00 00 ff 28 0a 32 00 00 87 43 00 00 52 84 
b3 04 00 00 00 00 30 fb e1 40 00 00 00 00 00 44 91 c0 00 00 00 a0 02 c9 bf c0 00 ff 00 00 00 00 
00 f7 00 00 00 f7 00 00 00 00 00 28 0a ff 00 31 5e 00 00 00 00 00 00 00 30 04 00 28 10 00 00 00 
00 ff 00 00 00 00 00 00 00 00 00 00 00 00 80 3f ee 03 00 00 4b b1 00 00 71 02 00 00 3f 00 00 00 
01 22 02 65 01 00 00 00 00 11 00 01 00 04 20 d9 0f 47 ca e6 54 c4 ef 47 fe c5 00 00 
...... ..G..T..G........d.............Anderson.Thomas...#...................*........(.2...C..R.
......0..@.....D...........................(...1^.......0..(...................?....K...q...?...
.".e.......... ..G..T..G....

Client->GAME [12:30:57 07/17/09] packet size: 1 CRYPTED, Flags: 7f ServerSeq: 2831 ClientSeq: 3428
02 
.

GAME->Client [12:30:57 07/17/09] packet size: 220 CRYPTED, Flags: 7f ServerSeq: 3040 ClientSeq: 3331
02 03 02 00 03 08 ff d8 0f 47 1b c1 50 c4 e2 47 fe c5 5e 82 b3 04 ff 01 64 01 00 00 00 00 00 00 
00 00 00 00 00 08 41 6e 64 65 72 73 6f 6e 06 54 68 6f 6d 61 73 ff 04 80 23 1a e9 88 80 b0 04 00 
02 8e 00 00 00 01 00 00 00 00 00 00 2a 00 00 02 00 00 00 00 ff 28 0a 32 00 00 87 43 00 00 52 84 
b3 04 00 00 00 00 30 fb e1 40 00 00 00 00 00 44 91 c0 00 00 00 a0 02 c9 bf c0 00 ff 00 00 00 00 
00 f7 00 00 00 f7 00 00 00 00 00 28 0a ff 00 31 5e 00 00 00 00 00 00 00 30 04 00 28 10 00 00 00 
00 ff 00 00 00 00 00 00 00 00 00 00 00 00 80 3f ee 03 00 00 4b b1 00 00 71 02 00 00 3f 00 00 00 
01 22 02 65 01 00 00 00 00 11 00 01 00 04 ff d8 0f 47 1b c1 50 c4 e2 47 fe c5 00 00 
.........G..P..G..^.....d.............Anderson.Thomas...#...................*........(.2...C..R.
......0..@.....D...........................(...1^.......0..(...................?....K...q...?...
.".e.............G..P..G....

Client->GAME [12:30:58 07/17/09] packet size: 1 CRYPTED, Flags: 7f ServerSeq: 2816 ClientSeq: 3429
02 
.

GAME->Client [12:30:58 07/17/09] packet size: 220 CRYPTED, Flags: 7f ServerSeq: 3041 ClientSeq: 3332
02 03 02 00 03 08 dc d8 0f 47 c0 0a 56 c4 d5 47 fe c5 eb 82 b3 04 ff 01 64 01 00 00 00 00 00 00 
00 00 00 00 00 08 41 6e 64 65 72 73 6f 6e 06 54 68 6f 6d 61 73 ff 04 80 23 1a e9 88 80 b0 04 00 
02 8e 00 00 00 01 00 00 00 00 00 00 2a 00 00 02 00 00 00 00 ff 28 0a 32 00 00 87 43 00 00 52 84 
b3 04 00 00 00 00 30 fb e1 40 00 00 00 00 00 44 91 c0 00 00 00 a0 02 c9 bf c0 00 ff 00 00 00 00 
00 f7 00 00 00 f7 00 00 00 00 00 28 0a ff 00 31 5e 00 00 00 00 00 00 00 30 04 00 28 10 00 00 00 
00 ff 00 00 00 00 00 00 00 00 00 00 00 00 80 3f ee 03 00 00 4b b1 00 00 71 02 00 00 3f 00 00 00 
01 22 02 65 01 00 00 00 00 11 00 01 00 04 dc d8 0f 47 c0 0a 56 c4 d5 47 fe c5 00 00 
.........G..V..G........d.............Anderson.Thomas...#...................*........(.2...C..R.
......0..@.....D...........................(...1^.......0..(...................?....K...q...?...
.".e.............G..V..G....

Client->GAME [12:30:58 07/17/09] packet size: 1 CRYPTED, Flags: 7f ServerSeq: 2817 ClientSeq: 3430
02 
.

GAME->Client [12:30:58 07/17/09] packet size: 220 CRYPTED, Flags: 7f ServerSeq: 3042 ClientSeq: 3333
02 03 02 00 03 08 c0 d8 0f 47 65 e5 61 c4 c9 47 fe c5 58 83 b3 04 ff 01 64 01 00 00 00 00 00 00 
00 00 00 00 00 08 41 6e 64 65 72 73 6f 6e 06 54 68 6f 6d 61 73 ff 04 80 23 1a e9 88 80 b0 04 00 
02 8e 00 00 00 01 00 00 00 00 00 00 2a 00 00 02 00 00 00 00 ff 28 0a 32 00 00 87 43 00 00 52 84 
b3 04 00 00 00 00 30 fb e1 40 00 00 00 00 00 44 91 c0 00 00 00 a0 02 c9 bf c0 00 ff 00 00 00 00 
00 f7 00 00 00 f7 00 00 00 00 00 28 0a ff 00 31 5e 00 00 00 00 00 00 00 30 04 00 28 10 00 00 00 
00 ff 00 00 00 00 00 00 00 00 00 00 00 00 80 3f ee 03 00 00 4b b1 00 00 71 02 00 00 3f 00 00 00 
01 22 02 65 01 00 00 00 00 11 00 01 00 04 c0 d8 0f 47 65 e5 61 c4 c9 47 fe c5 00 00 
.........Ge.a..G..X.....d.............Anderson.Thomas...#...................*........(.2...C..R.
......0..@.....D...........................(...1^.......0..(...................?....K...q...?...
.".e.............Ge.a..G....

Client->GAME [12:30:58 07/17/09] packet size: 1 CRYPTED, Flags: 7f ServerSeq: 2818 ClientSeq: 3431
02 
.

GAME->Client [12:30:58 07/17/09] packet size: 220 CRYPTED, Flags: 7f ServerSeq: 3043 ClientSeq: 3334
02 03 02 00 03 08 9f d8 0f 47 ee bc 77 c4 bd 47 fe c5 d5 83 b3 04 ff 01 64 01 00 00 00 00 00 00 
00 00 00 00 00 08 41 6e 64 65 72 73 6f 6e 06 54 68 6f 6d 61 73 ff 04 80 23 1a e9 88 80 b0 04 00 
02 8e 00 00 00 01 00 00 00 00 00 00 2a 00 00 02 00 00 00 00 ff 28 0a 32 00 00 87 43 00 00 52 84 
b3 04 00 00 00 00 30 fb e1 40 00 00 00 00 00 44 91 c0 00 00 00 a0 02 c9 bf c0 00 ff 00 00 00 00 
00 f7 00 00 00 f7 00 00 00 00 00 28 0a ff 00 31 5e 00 00 00 00 00 00 00 30 04 00 28 10 00 00 00 
00 ff 00 00 00 00 00 00 00 00 00 00 00 00 80 3f ee 03 00 00 4b b1 00 00 71 02 00 00 3f 00 00 00 
01 22 02 65 01 00 00 00 00 11 00 01 00 04 9f d8 0f 47 ee bc 77 c4 bd 47 fe c5 00 00 
.........G..w..G........d.............Anderson.Thomas...#...................*........(.2...C..R.
......0..@.....D...........................(...1^.......0..(...................?....K...q...?...
.".e.............G..w..G....

Client->GAME [12:30:58 07/17/09] packet size: 1 CRYPTED, Flags: 7f ServerSeq: 2819 ClientSeq: 3432
02 
.

GAME->Client [12:30:58 07/17/09] packet size: 220 CRYPTED, Flags: 7f ServerSeq: 3044 ClientSeq: 3335
02 03 02 00 03 08 84 d8 0f 47 e3 ff 87 c4 b2 47 fe c5 62 84 b3 04 ff 01 64 01 00 00 00 00 00 00 
00 00 00 00 00 08 41 6e 64 65 72 73 6f 6e 06 54 68 6f 6d 61 73 ff 04 80 23 1a e9 88 80 b0 04 00 
02 8e 00 00 00 01 00 00 00 00 00 00 2a 00 00 02 00 00 00 00 ff 28 0a 32 00 00 87 43 00 00 52 84 
b3 04 00 00 00 00 30 fb e1 40 00 00 00 00 00 44 91 c0 00 00 00 a0 02 c9 bf c0 00 ff 00 00 00 00 
00 f7 00 00 00 f7 00 00 00 00 00 28 0a ff 00 31 5e 00 00 00 00 00 00 00 30 04 00 28 10 00 00 00 
00 ff 00 00 00 00 00 00 00 00 00 00 00 00 80 3f ee 03 00 00 4b b1 00 00 71 02 00 00 3f 00 00 00 
01 22 02 65 01 00 00 00 00 11 00 01 00 04 84 d8 0f 47 e3 ff 87 c4 b2 47 fe c5 00 00 
.........G.....G..b.....d.............Anderson.Thomas...#...................*........(.2...C..R.
......0..@.....D...........................(...1^.......0..(...................?....K...q...?...
.".e.............G.....G....

Client->GAME [12:30:58 07/17/09] packet size: 20 CRYPTED, Flags: 7f ServerSeq: 2819 ClientSeq: 3433
02 03 02 00 01 08 80 d9 0f 47 00 20 8a c4 15 48 fe c5 00 00 
.........G. ...H....

Client->GAME [12:30:58 07/17/09] packet size: 1 CRYPTED, Flags: 7f ServerSeq: 2820 ClientSeq: 3434
02 
.

GAME->Client [12:30:58 07/17/09] packet size: 222 CRYPTED, Flags: 7f ServerSeq: 3045 ClientSeq: 3336
02 03 02 00 03 09 00 00 80 d9 0f 47 00 20 8a c4 15 48 fe c5 df 84 b3 04 ff 01 64 01 00 00 00 00 
00 00 00 00 00 00 00 08 41 6e 64 65 72 73 6f 6e 06 54 68 6f 6d 61 73 ff 04 80 23 1a e9 88 80 b0 
04 00 02 8e 00 00 00 01 00 00 00 00 00 00 2a 00 00 02 00 00 00 00 ff 28 0a 32 00 00 87 43 00 00 
52 84 b3 04 00 00 00 00 30 fb e1 40 00 00 00 00 00 44 91 c0 00 00 00 a0 02 c9 bf c0 00 ff 00 00 
00 00 00 f7 00 00 00 f7 00 00 00 00 00 28 0a ff 00 31 5e 00 00 00 00 00 00 00 30 04 00 28 10 00 
00 00 00 ff 00 00 00 00 00 00 00 00 00 00 00 00 80 3f ee 03 00 00 4b b1 00 00 71 02 00 00 3f 00 
00 00 01 22 02 65 01 00 00 00 00 11 00 01 00 04 80 d9 0f 47 00 20 8a c4 15 48 fe c5 00 00 
...........G. ...H........d.............Anderson.Thomas...#...................*........(.2...C..
R.......0..@.....D...........................(...1^.......0..(...................?....K...q...?.
...".e.............G. ...H....

Client->GAME [12:30:58 07/17/09] packet size: 1 CRYPTED, Flags: 7f ServerSeq: 2821 ClientSeq: 3435
02 
.

GAME->Client [12:30:58 07/17/09] packet size: 205 CRYPTED, Flags: 7f ServerSeq: 3046 ClientSeq: 3338
02 03 02 00 03 09 00 00 80 d9 0f 47 00 20 8a c4 15 48 fe c5 4c 85 b3 04 ff 01 64 01 00 00 00 00 
00 00 00 00 00 00 00 08 41 6e 64 65 72 73 6f 6e 06 54 68 6f 6d 61 73 ff 04 80 23 1a e9 88 80 b0 
04 00 02 8e 00 00 00 01 00 00 00 00 00 00 2a 00 00 02 00 00 00 00 ff 28 0a 32 00 00 87 43 00 00 
52 84 b3 04 00 00 00 00 30 fb e1 40 00 00 00 00 00 44 91 c0 00 00 00 a0 02 c9 bf c0 00 ff 00 00 
00 00 00 f7 00 00 00 f7 00 00 00 00 00 28 0a ff 00 31 5e 00 00 00 00 00 00 00 30 04 00 28 10 00 
00 00 00 ff 00 00 00 00 00 00 00 00 00 00 00 00 80 3f ee 03 00 00 4b b1 00 00 71 02 00 00 3f 00 
00 00 01 22 02 65 01 00 00 00 00 00 00 
...........G. ...H..L.....d.............Anderson.Thomas...#...................*........(.2...C..
R.......0..@.....D...........................(...1^.......0..(...................?....K...q...?.
...".e.......

Client->GAME [12:30:58 07/17/09] packet size: 1 CRYPTED, Flags: 7f ServerSeq: 2822 ClientSeq: 3436
02 
.

