Client->GAME [12:30:34 07/17/09] packet size: 12
00 00 00 00 00 01 04 08 ca 22 ab 00 
........."..

GAME->Client [12:30:35 07/17/09] packet size: 12
00 00 00 00 00 01 04 08 ca 22 ab 00 
........."..

Client->GAME [12:30:36 07/17/09] packet size: 48 CRYPTED, Flags: 7f ServerSeq: 2816 ClientSeq: 3411
02 04 01 00 a5 01 29 80 c2 00 00 00 00 30 fb e1 40 00 00 00 00 00 44 91 c0 00 00 00 a0 02 c9 bf 
c0 48 01 14 00 06 00 00 00 87 43 00 42 29 ab 00 
......)......0..@.....D..........H........C.B)..

GAME->Client [12:30:36 07/17/09] packet size: 92 CRYPTED, Flags: 7f ServerSeq: 3025 ClientSeq: 3331
02 03 02 00 03 09 08 00 5f d9 0f 47 1b 1d 76 c4 08 48 fe c5 e9 2f b3 04 80 80 3c 00 00 87 43 00 
00 54 33 b3 04 00 00 00 00 30 fb e1 40 00 00 00 00 00 44 91 c0 00 00 00 a0 02 c9 bf c0 11 00 01 
00 04 5f d9 0f 47 1b 1d 76 c4 08 48 fe c5 00 00 04 01 06 c2 01 06 80 c3 42 29 ab 00 
........_..G..v..H.../....<...C..T3......0..@.....D..............._..G..v..H............B)..

Client->GAME [12:30:36 07/17/09] packet size: 1 CRYPTED, Flags: 7f ServerSeq: 2817 ClientSeq: 3412
02 
.

GAME->Client [12:30:37 07/17/09] packet size: 226 CRYPTED, Flags: 7f ServerSeq: 3026 ClientSeq: 3331
82 19 02 9a 47 03 02 00 03 09 08 00 3f d9 0f 47 21 d3 60 c4 fb 47 fe c5 66 30 b3 04 ff 01 64 01 
00 00 00 00 00 00 00 00 00 00 00 08 41 6e 64 65 72 73 6f 6e 06 54 68 6f 6d 61 73 ff 04 80 23 1a 
e9 88 80 b0 04 00 02 8e 00 00 00 01 00 00 00 00 00 00 2a 00 00 02 00 00 00 00 ff 28 0a 32 00 00 
87 43 00 00 54 33 b3 04 00 00 00 00 30 fb e1 40 00 00 00 00 00 44 91 c0 00 00 00 a0 02 c9 bf c0 
00 ff 00 00 00 00 00 f7 00 00 00 f7 00 00 00 00 00 28 0a ff 00 31 5e 00 00 00 00 00 00 00 30 04 
00 28 10 00 00 00 00 ff 00 00 00 00 00 00 00 00 00 00 00 00 80 3f ee 03 00 00 4b b1 00 00 71 02 
00 00 3f 00 00 00 01 22 02 65 01 00 00 00 00 11 00 01 00 04 3f d9 0f 47 21 d3 60 c4 fb 47 fe c5 
00 00 
....G.......?..G!.`..G..f0....d.............Anderson.Thomas...#...................*........(.2..
.C..T3......0..@.....D...........................(...1^.......0..(...................?....K...q.
..?....".e..........?..G!.`..G....

Client->GAME [12:30:37 07/17/09] packet size: 1 CRYPTED, Flags: 7f ServerSeq: 2818 ClientSeq: 3413
02 
.

GAME->Client [12:30:37 07/17/09] packet size: 220 CRYPTED, Flags: 7f ServerSeq: 3027 ClientSeq: 3332
02 03 02 00 03 08 20 d9 0f 47 ca e6 54 c4 ef 47 fe c5 e3 30 b3 04 ff 01 64 01 00 00 00 00 00 00 
00 00 00 00 00 08 41 6e 64 65 72 73 6f 6e 06 54 68 6f 6d 61 73 ff 04 80 23 1a e9 88 80 b0 04 00 
02 8e 00 00 00 01 00 00 00 00 00 00 2a 00 00 02 00 00 00 00 ff 28 0a 32 00 00 87 43 00 00 54 33 
b3 04 00 00 00 00 30 fb e1 40 00 00 00 00 00 44 91 c0 00 00 00 a0 02 c9 bf c0 00 ff 00 00 00 00 
00 f7 00 00 00 f7 00 00 00 00 00 28 0a ff 00 31 5e 00 00 00 00 00 00 00 30 04 00 28 10 00 00 00 
00 ff 00 00 00 00 00 00 00 00 00 00 00 00 80 3f ee 03 00 00 4b b1 00 00 71 02 00 00 3f 00 00 00 
01 22 02 65 01 00 00 00 00 11 00 01 00 04 20 d9 0f 47 ca e6 54 c4 ef 47 fe c5 00 00 
...... ..G..T..G...0....d.............Anderson.Thomas...#...................*........(.2...C..T3
......0..@.....D...........................(...1^.......0..(...................?....K...q...?...
.".e.......... ..G..T..G....

Client->GAME [12:30:37 07/17/09] packet size: 1 CRYPTED, Flags: 7f ServerSeq: 2819 ClientSeq: 3414
02 
.

GAME->Client [12:30:37 07/17/09] packet size: 220 CRYPTED, Flags: 7f ServerSeq: 3028 ClientSeq: 3333
02 03 02 00 03 08 fb d8 0f 47 a6 db 50 c4 e1 47 fe c5 70 31 b3 04 ff 01 64 01 00 00 00 00 00 00 
00 00 00 00 00 08 41 6e 64 65 72 73 6f 6e 06 54 68 6f 6d 61 73 ff 04 80 23 1a e9 88 80 b0 04 00 
02 8e 00 00 00 01 00 00 00 00 00 00 2a 00 00 02 00 00 00 00 ff 28 0a 32 00 00 87 43 00 00 54 33 
b3 04 00 00 00 00 30 fb e1 40 00 00 00 00 00 44 91 c0 00 00 00 a0 02 c9 bf c0 00 ff 00 00 00 00 
00 f7 00 00 00 f7 00 00 00 00 00 28 0a ff 00 31 5e 00 00 00 00 00 00 00 30 04 00 28 10 00 00 00 
00 ff 00 00 00 00 00 00 00 00 00 00 00 00 80 3f ee 03 00 00 4b b1 00 00 71 02 00 00 3f 00 00 00 
01 22 02 65 01 00 00 00 00 11 00 01 00 04 fb d8 0f 47 a6 db 50 c4 e1 47 fe c5 00 00 
.........G..P..G..p1....d.............Anderson.Thomas...#...................*........(.2...C..T3
......0..@.....D...........................(...1^.......0..(...................?....K...q...?...
.".e.............G..P..G....

Client->GAME [12:30:37 07/17/09] packet size: 1 CRYPTED, Flags: 7f ServerSeq: 2820 ClientSeq: 3415
02 
.

GAME->Client [12:30:37 07/17/09] packet size: 220 CRYPTED, Flags: 7f ServerSeq: 3029 ClientSeq: 3334
02 03 02 00 03 08 de d8 0f 47 59 74 55 c4 d5 47 fe c5 dd 31 b3 04 ff 01 64 01 00 00 00 00 00 00 
00 00 00 00 00 08 41 6e 64 65 72 73 6f 6e 06 54 68 6f 6d 61 73 ff 04 80 23 1a e9 88 80 b0 04 00 
02 8e 00 00 00 01 00 00 00 00 00 00 2a 00 00 02 00 00 00 00 ff 28 0a 32 00 00 87 43 00 00 54 33 
b3 04 00 00 00 00 30 fb e1 40 00 00 00 00 00 44 91 c0 00 00 00 a0 02 c9 bf c0 00 ff 00 00 00 00 
00 f7 00 00 00 f7 00 00 00 00 00 28 0a ff 00 31 5e 00 00 00 00 00 00 00 30 04 00 28 10 00 00 00 
00 ff 00 00 00 00 00 00 00 00 00 00 00 00 80 3f ee 03 00 00 4b b1 00 00 71 02 00 00 3f 00 00 00 
01 22 02 65 01 00 00 00 00 11 00 01 00 04 de d8 0f 47 59 74 55 c4 d5 47 fe c5 00 00 
.........GYtU..G...1....d.............Anderson.Thomas...#...................*........(.2...C..T3
......0..@.....D...........................(...1^.......0..(...................?....K...q...?...
.".e.............GYtU..G....

Client->GAME [12:30:37 07/17/09] packet size: 1 CRYPTED, Flags: 7f ServerSeq: 2821 ClientSeq: 3416
02 
.

GAME->Client [12:30:37 07/17/09] packet size: 220 CRYPTED, Flags: 7f ServerSeq: 3030 ClientSeq: 3335
02 03 02 00 03 08 c0 d8 0f 47 65 e5 61 c4 c9 47 fe c5 5a 32 b3 04 ff 01 64 01 00 00 00 00 00 00 
00 00 00 00 00 08 41 6e 64 65 72 73 6f 6e 06 54 68 6f 6d 61 73 ff 04 80 23 1a e9 88 80 b0 04 00 
02 8e 00 00 00 01 00 00 00 00 00 00 2a 00 00 02 00 00 00 00 ff 28 0a 32 00 00 87 43 00 00 54 33 
b3 04 00 00 00 00 30 fb e1 40 00 00 00 00 00 44 91 c0 00 00 00 a0 02 c9 bf c0 00 ff 00 00 00 00 
00 f7 00 00 00 f7 00 00 00 00 00 28 0a ff 00 31 5e 00 00 00 00 00 00 00 30 04 00 28 10 00 00 00 
00 ff 00 00 00 00 00 00 00 00 00 00 00 00 80 3f ee 03 00 00 4b b1 00 00 71 02 00 00 3f 00 00 00 
01 22 02 65 01 00 00 00 00 11 00 01 00 04 c0 d8 0f 47 65 e5 61 c4 c9 47 fe c5 00 00 
.........Ge.a..G..Z2....d.............Anderson.Thomas...#...................*........(.2...C..T3
......0..@.....D...........................(...1^.......0..(...................?....K...q...?...
.".e.............Ge.a..G....

Client->GAME [12:30:37 07/17/09] packet size: 1 CRYPTED, Flags: 7f ServerSeq: 2822 ClientSeq: 3417
02 
.

GAME->Client [12:30:37 07/17/09] packet size: 220 CRYPTED, Flags: 7f ServerSeq: 3031 ClientSeq: 3336
02 03 02 00 03 08 9b d8 0f 47 1f 17 7b c4 bb 47 fe c5 e7 32 b3 04 ff 01 64 01 00 00 00 00 00 00 
00 00 00 00 00 08 41 6e 64 65 72 73 6f 6e 06 54 68 6f 6d 61 73 ff 04 80 23 1a e9 88 80 b0 04 00 
02 8e 00 00 00 01 00 00 00 00 00 00 2a 00 00 02 00 00 00 00 ff 28 0a 32 00 00 87 43 00 00 54 33 
b3 04 00 00 00 00 30 fb e1 40 00 00 00 00 00 44 91 c0 00 00 00 a0 02 c9 bf c0 00 ff 00 00 00 00 
00 f7 00 00 00 f7 00 00 00 00 00 28 0a ff 00 31 5e 00 00 00 00 00 00 00 30 04 00 28 10 00 00 00 
00 ff 00 00 00 00 00 00 00 00 00 00 00 00 80 3f ee 03 00 00 4b b1 00 00 71 02 00 00 3f 00 00 00 
01 22 02 65 01 00 00 00 00 11 00 01 00 04 9b d8 0f 47 1f 17 7b c4 bb 47 fe c5 00 00 
.........G..{..G...2....d.............Anderson.Thomas...#...................*........(.2...C..T3
......0..@.....D...........................(...1^.......0..(...................?....K...q...?...
.".e.............G..{..G....

Client->GAME [12:30:37 07/17/09] packet size: 1 CRYPTED, Flags: 7f ServerSeq: 2823 ClientSeq: 3418
02 
.

GAME->Client [12:30:37 07/17/09] packet size: 203 CRYPTED, Flags: 7f ServerSeq: 3032 ClientSeq: 3337
02 03 02 00 03 08 9b d8 0f 47 1f 17 7b c4 bb 47 fe c5 44 33 b3 04 ff 01 64 01 00 00 00 00 00 00 
00 00 00 00 00 08 41 6e 64 65 72 73 6f 6e 06 54 68 6f 6d 61 73 ff 04 80 23 1a e9 88 80 b0 04 00 
02 8e 00 00 00 01 00 00 00 00 00 00 2a 00 00 02 00 00 00 00 ff 28 0a 32 00 00 87 43 00 00 54 33 
b3 04 00 00 00 00 30 fb e1 40 00 00 00 00 00 44 91 c0 00 00 00 a0 02 c9 bf c0 00 ff 00 00 00 00 
00 f7 00 00 00 f7 00 00 00 00 00 28 0a ff 00 31 5e 00 00 00 00 00 00 00 30 04 00 28 10 00 00 00 
00 ff 00 00 00 00 00 00 00 00 00 00 00 00 80 3f ee 03 00 00 4b b1 00 00 71 02 00 00 3f 00 00 00 
01 22 02 65 01 00 00 00 00 00 00 
.........G..{..G..D3....d.............Anderson.Thomas...#...................*........(.2...C..T3
......0..@.....D...........................(...1^.......0..(...................?....K...q...?...
.".e.......

Client->GAME [12:30:37 07/17/09] packet size: 1 CRYPTED, Flags: 7f ServerSeq: 2824 ClientSeq: 3419
02 
.

GAME->Client [12:30:37 07/17/09] packet size: 222 CRYPTED, Flags: 7f ServerSeq: 3033 ClientSeq: 3338
02 03 02 00 03 09 00 00 80 d9 0f 47 00 20 8a c4 15 48 fe c5 c2 33 b3 04 ff 01 64 01 00 00 00 00 
00 00 00 00 00 00 00 08 41 6e 64 65 72 73 6f 6e 06 54 68 6f 6d 61 73 ff 04 80 23 1a e9 88 80 b0 
04 00 02 8e 00 00 00 01 00 00 00 00 00 00 2a 00 00 02 00 00 00 00 ff 28 0a 32 00 00 87 43 00 00 
54 33 b3 04 00 00 00 00 30 fb e1 40 00 00 00 00 00 44 91 c0 00 00 00 a0 02 c9 bf c0 00 ff 00 00 
00 00 00 f7 00 00 00 f7 00 00 00 00 00 28 0a ff 00 31 5e 00 00 00 00 00 00 00 30 04 00 28 10 00 
00 00 00 ff 00 00 00 00 00 00 00 00 00 00 00 00 80 3f ee 03 00 00 4b b1 00 00 71 02 00 00 3f 00 
00 00 01 22 02 65 01 00 00 00 00 11 00 01 00 04 80 d9 0f 47 00 20 8a c4 15 48 fe c5 00 00 
...........G. ...H...3....d.............Anderson.Thomas...#...................*........(.2...C..
T3......0..@.....D...........................(...1^.......0..(...................?....K...q...?.
...".e.............G. ...H....

Client->GAME [12:30:37 07/17/09] packet size: 1 CRYPTED, Flags: 7f ServerSeq: 2825 ClientSeq: 3420
02 
.

GAME->Client [12:30:37 07/17/09] packet size: 205 CRYPTED, Flags: 7f ServerSeq: 3034 ClientSeq: 3339
02 03 02 00 03 09 00 00 80 d9 0f 47 00 20 8a c4 15 48 fe c5 2f 34 b3 04 ff 01 64 01 00 00 00 00 
00 00 00 00 00 00 00 08 41 6e 64 65 72 73 6f 6e 06 54 68 6f 6d 61 73 ff 04 80 23 1a e9 88 80 b0 
04 00 02 8e 00 00 00 01 00 00 00 00 00 00 2a 00 00 02 00 00 00 00 ff 28 0a 32 00 00 87 43 00 00 
54 33 b3 04 00 00 00 00 30 fb e1 40 00 00 00 00 00 44 91 c0 00 00 00 a0 02 c9 bf c0 00 ff 00 00 
00 00 00 f7 00 00 00 f7 00 00 00 00 00 28 0a ff 00 31 5e 00 00 00 00 00 00 00 30 04 00 28 10 00 
00 00 00 ff 00 00 00 00 00 00 00 00 00 00 00 00 80 3f ee 03 00 00 4b b1 00 00 71 02 00 00 3f 00 
00 00 01 22 02 65 01 00 00 00 00 00 00 
...........G. ...H../4....d.............Anderson.Thomas...#...................*........(.2...C..
T3......0..@.....D...........................(...1^.......0..(...................?....K...q...?.
...".e.......

Client->GAME [12:30:38 07/17/09] packet size: 1 CRYPTED, Flags: 7f ServerSeq: 2826 ClientSeq: 3421
02 
.

