Client->WORLD [14:57:30 07/29/09] packet size: 1
PSS: ff LocalSeq: 12 RemoteSeq: 8
02 
.  

WORLD->Client [14:57:30 07/29/09] packet size: 5
PSS: ff LocalSeq: 9 RemoteSeq: 11
82 88 c0 ff 48 
.  .  .  .  H  

Client->WORLD [14:57:30 07/29/09] packet size: 1
PSS: 7f LocalSeq: 13 RemoteSeq: 9
02 
.  

WORLD->Client [14:57:31 07/29/09] packet size: 1
PSS: 7f LocalSeq: 10 RemoteSeq: 12
02 
.  

Client->WORLD [14:57:31 07/29/09] packet size: 17
PSS: 7f LocalSeq: 14 RemoteSeq: 10
02 04 01 00 03 01 0a 80 ff 01 00 00 00 99 00 00 00 
.  .  .  .  .  .  .  .  .  .  .  .  .  .  .  .  .  

WORLD->Client [14:57:31 07/29/09] packet size: 198
PSS: 7f LocalSeq: 11 RemoteSeq: 14
02 04 01 00 24 0a 16 80 bc 15 00 03 00 00 f7 03 00 00 08 02 00 00 00 00 01 00 00 00 00 16 80 bc 
15 00 04 00 00 f7 03 00 00 07 02 ec ff ff ff 01 00 00 00 00 16 80 bc 15 00 05 00 00 f7 03 00 00 
50 04 00 00 00 00 01 00 00 00 00 16 80 bc 15 00 06 00 00 f7 03 00 00 f4 03 00 00 00 00 01 00 00 
00 00 16 80 bc 15 00 07 00 00 f7 03 00 00 51 04 f6 ff ff ff 01 00 00 00 00 16 80 bc 15 00 08 00 
00 f7 03 00 00 52 04 0f 00 00 00 01 00 00 00 00 16 80 bc 55 00 09 00 00 02 00 00 00 cc 00 00 00 
00 00 01 00 00 00 00 04 80 b3 11 00 16 80 bc 45 03 11 00 00 02 00 00 00 11 00 01 00 00 00 01 00 
00 00 00 02 81 07 
.  .  .  .  $  .  .  .  .  .  .  .  .  .  .  .  .  .  .  .  .  .  .  .  .  .  .  .  .  .  .  .  
.  .  .  .  .  .  .  .  .  .  .  .  .  .  .  .  .  .  .  .  .  .  .  .  .  .  .  .  .  .  .  .  
P  .  .  .  .  .  .  .  .  .  .  .  .  .  .  .  .  .  .  .  .  .  .  .  .  .  .  .  .  .  .  .  
.  .  .  .  .  .  .  .  .  .  .  .  .  .  Q  .  .  .  .  .  .  .  .  .  .  .  .  .  .  .  .  .  
.  .  .  .  .  R  .  .  .  .  .  .  .  .  .  .  .  .  .  U  .  .  .  .  .  .  .  .  .  .  .  .  
.  .  .  .  .  .  .  .  .  .  .  .  .  .  .  E  .  .  .  .  .  .  .  .  .  .  .  .  .  .  .  .  
.  .  .  .  .  .  

Client->WORLD [14:57:31 07/29/09] packet size: 13
PSS: 7f LocalSeq: 15 RemoteSeq: 11
02 04 01 00 04 01 06 81 08 00 00 00 00 
.  .  .  .  .  .  .  .  .  .  .  .  .  

WORLD->Client [14:57:32 07/29/09] packet size: 5
PSS: 7f LocalSeq: 12 RemoteSeq: 15
82 b0 c0 ff 48 
.  .  .  .  H  

Client->WORLD [14:57:32 07/29/09] packet size: 1
PSS: 7f LocalSeq: 16 RemoteSeq: 12
02 
.  

WORLD->Client [14:57:33 07/29/09] packet size: 1
PSS: 7f LocalSeq: 13 RemoteSeq: 16
42 
B  

Client->WORLD [14:57:33 07/29/09] packet size: 1
PSS: 7f LocalSeq: 17 RemoteSeq: 13
42 
B  

WORLD->Client [14:57:33 07/29/09] packet size: 1
PSS: 7f LocalSeq: 14 RemoteSeq: 16
42 
B  

WORLD->Client [14:57:33 07/29/09] packet size: 100
PSS: 0 LocalSeq: 2 RemoteSeq: 0
02 04 01 00 03 02 2e 2e 07 00 00 00 00 00 00 00 00 00 00 00 64 00 00 2e 00 24 00 00 00 00 00 00 
00 00 00 00 00 00 00 00 00 00 00 08 00 6d 78 6f 65 6d 75 32 00 2e 2e 07 00 00 00 00 00 00 00 00 
00 00 00 64 00 00 2e 00 24 00 00 00 00 00 00 00 00 00 00 00 00 00 00 00 00 00 08 00 6d 78 6f 65 
6d 75 32 00 
.  .  .  .  .  .  .  .  .  .  .  .  .  .  .  .  .  .  .  .  d  .  .  .  .  $  .  .  .  .  .  .  
.  .  .  .  .  .  .  .  .  .  .  .  .  m  x  o  e  m  u  2  .  .  .  .  .  .  .  .  .  .  .  .  
.  .  .  d  .  .  .  .  $  .  .  .  .  .  .  .  .  .  .  .  .  .  .  .  .  .  .  .  m  x  o  e  
m  u  2  .  

Client->WORLD [14:57:33 07/29/09] packet size: 1
PSS: 2 LocalSeq: 1 RemoteSeq: 2
02 
.  

WORLD->Client [14:57:34 07/29/09] packet size: 142
PSS: 1 LocalSeq: 3 RemoteSeq: 1
02 04 01 00 00 03 71 06 0e 00 01 00 00 00 56 c0 ff 48 01 44 00 34 00 72 65 73 6f 75 72 63 65 2f 
77 6f 72 6c 64 73 2f 66 69 6e 61 6c 5f 77 6f 72 6c 64 2f 73 6c 75 6d 73 5f 62 61 72 72 65 6e 73 
5f 66 75 6c 6c 2e 6d 65 74 72 00 2b 00 48 61 6c 6c 6f 77 65 65 6e 5f 45 76 65 6e 74 2c 57 69 6e 
74 65 72 33 48 61 6c 6c 6f 77 65 65 6e 46 6c 79 45 79 65 54 53 45 43 00 0a 80 e5 f5 01 00 00 00 
00 00 00 0a 80 e4 e8 03 00 00 00 00 00 00 
.  .  .  .  .  .  q  .  .  .  .  .  .  .  V  .  .  H  .  D  .  4  .  r  e  s  o  u  r  c  e  /  
w  o  r  l  d  s  /  f  i  n  a  l  _  w  o  r  l  d  /  s  l  u  m  s  _  b  a  r  r  e  n  s  
_  f  u  l  l  .  m  e  t  r  .  +  .  H  a  l  l  o  w  e  e  n  _  E  v  e  n  t  ,  W  i  n  
t  e  r  3  H  a  l  l  o  w  e  e  n  F  l  y  E  y  e  T  S  E  C  .  .  .  .  .  .  .  .  .  
.  .  .  .  .  .  .  .  .  .  .  .  .  .  

Client->WORLD [14:57:34 07/29/09] packet size: 6
PSS: 5 LocalSeq: 2 RemoteSeq: 3
02 05 02 0c 00 00 
.  .  .  .  .  .  

Client->WORLD [14:57:34 07/29/09] packet size: 8
PSS: 5 LocalSeq: 3 RemoteSeq: 3
02 04 01 00 00 01 01 05 
.  .  .  .  .  .  .  .  

WORLD->Client [14:57:34 07/29/09] packet size: 1
PSS: 3 LocalSeq: 4 RemoteSeq: 2
02 
.  

WORLD->Client [14:57:35 07/29/09] packet size: 192
PSS: 7 LocalSeq: 5 RemoteSeq: 3
82 9a c0 ff 48 03 01 00 0c 0c 00 87 cd ab 11 88 6c 61 73 74 6e 61 6d 65 68 65 72 65 00 00 00 00 
00 00 00 00 00 00 00 00 00 00 00 00 00 00 00 00 90 66 69 72 73 74 6e 61 6d 65 68 65 72 65 00 00 
00 00 00 00 00 00 00 00 00 00 00 00 00 00 00 00 00 80 88 c8 00 84 67 00 c4 6d 78 6f 65 6d 75 32 
00 00 00 00 00 00 00 00 00 00 00 00 00 00 00 00 00 00 00 00 00 00 00 00 00 c8 00 e9 02 00 00 00 
89 ff 04 00 a0 14 50 10 60 0c 60 02 84 00 1d 09 00 00 00 67 00 99 00 00 00 00 00 06 c8 40 00 00 
00 00 00 08 86 c0 00 00 00 00 80 26 ed 40 02 22 90 01 00 88 c0 0c 01 00 10 00 00 02 00 00 00 00 
.  .  .  .  H  .  .  .  .  .  .  .  .  .  .  .  l  a  s  t  n  a  m  e  h  e  r  e  .  .  .  .  
.  .  .  .  .  .  .  .  .  .  .  .  .  .  .  .  .  f  i  r  s  t  n  a  m  e  h  e  r  e  .  .  
.  .  .  .  .  .  .  .  .  .  .  .  .  .  .  .  .  .  .  .  .  .  g  .  .  m  x  o  e  m  u  2  
.  .  .  .  .  .  .  .  .  .  .  .  .  .  .  .  .  .  .  .  .  .  .  .  .  .  .  .  .  .  .  .  
.  .  .  .  .  .  P  .  `  .  `  .  .  .  .  .  .  .  .  g  .  .  .  .  .  .  .  .  .  @  .  .  
.  .  .  .  .  .  .  .  .  .  .  &  .  @  .  "  .  .  .  .  .  .  .  .  .  .  .  .  .  .  .  .  

WORLD->Client [14:57:37 07/29/09] packet size: 188
PSS: 7 LocalSeq: 6 RemoteSeq: 3
02 03 01 00 0c 0c 00 87 cd ab 11 88 6c 61 73 74 6e 61 6d 65 68 65 72 65 00 00 00 00 00 00 00 00 
00 00 00 00 00 00 00 00 00 00 00 00 90 66 69 72 73 74 6e 61 6d 65 68 65 72 65 00 00 00 00 00 00 
00 00 00 00 00 00 00 00 00 00 00 00 00 80 88 c8 00 84 67 00 c4 6d 78 6f 65 6d 75 32 00 00 00 00 
00 00 00 00 00 00 00 00 00 00 00 00 00 00 00 00 00 00 00 00 00 c8 00 e9 02 00 00 00 89 ff 04 00 
a0 14 50 10 60 0c 60 02 84 00 1d 09 00 00 00 67 00 99 00 00 00 00 00 06 c8 40 00 00 00 00 00 08 
86 c0 00 00 00 00 80 26 ed 40 02 22 90 01 00 88 c0 0c 01 00 10 00 00 02 00 00 00 00 
.  .  .  .  .  .  .  .  .  .  .  .  l  a  s  t  n  a  m  e  h  e  r  e  .  .  .  .  .  .  .  .  
.  .  .  .  .  .  .  .  .  .  .  .  .  f  i  r  s  t  n  a  m  e  h  e  r  e  .  .  .  .  .  .  
.  .  .  .  .  .  .  .  .  .  .  .  .  .  .  .  .  .  g  .  .  m  x  o  e  m  u  2  .  .  .  .  
.  .  .  .  .  .  .  .  .  .  .  .  .  .  .  .  .  .  .  .  .  .  .  .  .  .  .  .  .  .  .  .  
.  .  P  .  `  .  `  .  .  .  .  .  .  .  .  g  .  .  .  .  .  .  .  .  .  @  .  .  .  .  .  .  
.  .  .  .  .  .  .  &  .  @  .  "  .  .  .  .  .  .  .  .  .  .  .  .  .  .  .  .  

WORLD->Client [14:57:38 07/29/09] packet size: 192
PSS: 7 LocalSeq: 7 RemoteSeq: 3
82 03 c1 ff 48 03 01 00 0c 0c 00 87 cd ab 11 88 6c 61 73 74 6e 61 6d 65 68 65 72 65 00 00 00 00 
00 00 00 00 00 00 00 00 00 00 00 00 00 00 00 00 90 66 69 72 73 74 6e 61 6d 65 68 65 72 65 00 00 
00 00 00 00 00 00 00 00 00 00 00 00 00 00 00 00 00 80 88 c8 00 84 67 00 c4 6d 78 6f 65 6d 75 32 
00 00 00 00 00 00 00 00 00 00 00 00 00 00 00 00 00 00 00 00 00 00 00 00 00 c8 00 e9 02 00 00 00 
89 ff 04 00 a0 14 50 10 60 0c 60 02 84 00 1d 09 00 00 00 67 00 99 00 00 00 00 00 06 c8 40 00 00 
00 00 00 08 86 c0 00 00 00 00 80 26 ed 40 02 22 90 01 00 88 c0 0c 01 00 10 00 00 02 00 00 00 00 
.  .  .  .  H  .  .  .  .  .  .  .  .  .  .  .  l  a  s  t  n  a  m  e  h  e  r  e  .  .  .  .  
.  .  .  .  .  .  .  .  .  .  .  .  .  .  .  .  .  f  i  r  s  t  n  a  m  e  h  e  r  e  .  .  
.  .  .  .  .  .  .  .  .  .  .  .  .  .  .  .  .  .  .  .  .  .  g  .  .  m  x  o  e  m  u  2  
.  .  .  .  .  .  .  .  .  .  .  .  .  .  .  .  .  .  .  .  .  .  .  .  .  .  .  .  .  .  .  .  
.  .  .  .  .  .  P  .  `  .  `  .  .  .  .  .  .  .  .  g  .  .  .  .  .  .  .  .  .  @  .  .  
.  .  .  .  .  .  .  .  .  .  .  &  .  @  .  "  .  .  .  .  .  .  .  .  .  .  .  .  .  .  .  .  

WORLD->Client [14:57:40 07/29/09] packet size: 188
PSS: 7 LocalSeq: 8 RemoteSeq: 3
02 03 01 00 0c 0c 00 87 cd ab 11 88 6c 61 73 74 6e 61 6d 65 68 65 72 65 00 00 00 00 00 00 00 00 
00 00 00 00 00 00 00 00 00 00 00 00 90 66 69 72 73 74 6e 61 6d 65 68 65 72 65 00 00 00 00 00 00 
00 00 00 00 00 00 00 00 00 00 00 00 00 80 88 c8 00 84 67 00 c4 6d 78 6f 65 6d 75 32 00 00 00 00 
00 00 00 00 00 00 00 00 00 00 00 00 00 00 00 00 00 00 00 00 00 c8 00 e9 02 00 00 00 89 ff 04 00 
a0 14 50 10 60 0c 60 02 84 00 1d 09 00 00 00 67 00 99 00 00 00 00 00 06 c8 40 00 00 00 00 00 08 
86 c0 00 00 00 00 80 26 ed 40 02 22 90 01 00 88 c0 0c 01 00 10 00 00 02 00 00 00 00 
.  .  .  .  .  .  .  .  .  .  .  .  l  a  s  t  n  a  m  e  h  e  r  e  .  .  .  .  .  .  .  .  
.  .  .  .  .  .  .  .  .  .  .  .  .  f  i  r  s  t  n  a  m  e  h  e  r  e  .  .  .  .  .  .  
.  .  .  .  .  .  .  .  .  .  .  .  .  .  .  .  .  .  g  .  .  m  x  o  e  m  u  2  .  .  .  .  
.  .  .  .  .  .  .  .  .  .  .  .  .  .  .  .  .  .  .  .  .  .  .  .  .  .  .  .  .  .  .  .  
.  .  P  .  `  .  `  .  .  .  .  .  .  .  .  g  .  .  .  .  .  .  .  .  .  @  .  .  .  .  .  .  
.  .  .  .  .  .  .  &  .  @  .  "  .  .  .  .  .  .  .  .  .  .  .  .  .  .  .  .  

Client->WORLD [14:57:41 07/29/09] packet size: 135
PSS: 17 LocalSeq: 4 RemoteSeq: 5
02 03 02 00 02 60 0c 6c 61 73 74 6e 61 6d 65 68 65 72 65 0d 66 69 72 73 74 6e 61 6d 65 68 65 72 
65 00 00 04 01 00 01 05 12 80 c9 07 00 e0 45 00 f8 27 47 00 00 20 41 00 a0 0c 46 12 80 c9 07 00 
b0 4a 00 48 6e 47 00 00 20 41 00 70 94 46 12 80 c9 06 00 a0 29 00 00 7a c5 00 00 20 41 00 d0 84 
46 12 80 c9 07 00 80 2c 00 60 6a 46 00 00 20 41 00 d0 84 46 12 80 c9 08 00 80 2c 00 88 6a 46 00 
00 48 44 00 6c 84 46 
.  .  .  .  .  `  .  l  a  s  t  n  a  m  e  h  e  r  e  .  f  i  r  s  t  n  a  m  e  h  e  r  
e  .  .  .  .  .  .  .  .  .  .  .  .  .  E  .  .  '  G  .  .     A  .  .  .  F  .  .  .  .  .  
.  J  .  H  n  G  .  .     A  .  p  .  F  .  .  .  .  .  .  )  .  .  z  .  .  .     A  .  .  .  
F  .  .  .  .  .  .  ,  .  `  j  F  .  .     A  .  .  .  F  .  .  .  .  .  .  ,  .  .  j  F  .  
.  H  D  .  l  .  F  

Client->WORLD [14:57:41 07/29/09] packet size: 108
PSS: 3f LocalSeq: 5 RemoteSeq: 8
02 04 01 00 06 09 12 80 c9 0a 00 50 26 00 a8 f2 46 00 00 48 44 00 d0 84 46 12 80 c9 07 00 50 26 
00 e8 00 47 00 00 20 41 00 d0 84 46 12 80 c9 14 00 90 0b 00 b8 08 47 00 00 20 41 00 b8 08 47 12 
80 c9 04 00 80 32 00 12 2c 47 00 00 b4 c2 00 68 3f 47 02 80 be 07 3f 6b 00 00 00 00 00 08 3e 6b 
00 10 00 00 00 00 02 81 48 02 0c 01 
.  .  .  .  .  .  .  .  .  .  .  P  &  .  .  .  F  .  .  H  D  .  .  .  F  .  .  .  .  .  P  &  
.  .  .  G  .  .     A  .  .  .  F  .  .  .  .  .  .  .  .  .  .  G  .  .     A  .  .  .  G  .  
.  .  .  .  .  2  .  .  ,  G  .  .  .  .  .  h  ?  G  .  .  .  .  ?  k  .  .  .  .  .  .  >  k  
.  .  .  .  .  .  .  .  H  .  .  .  

Client->WORLD [14:57:41 07/29/09] packet size: 135
PSS: 3f LocalSeq: 6 RemoteSeq: 8
02 03 02 00 02 60 0c 6c 61 73 74 6e 61 6d 65 68 65 72 65 0d 66 69 72 73 74 6e 61 6d 65 68 65 72 
65 00 00 04 01 00 01 05 12 80 c9 07 00 e0 45 00 f8 27 47 00 00 20 41 00 a0 0c 46 12 80 c9 07 00 
b0 4a 00 48 6e 47 00 00 20 41 00 70 94 46 12 80 c9 06 00 a0 29 00 00 7a c5 00 00 20 41 00 d0 84 
46 12 80 c9 07 00 80 2c 00 60 6a 46 00 00 20 41 00 d0 84 46 12 80 c9 08 00 80 2c 00 88 6a 46 00 
00 48 44 00 6c 84 46 
.  .  .  .  .  `  .  l  a  s  t  n  a  m  e  h  e  r  e  .  f  i  r  s  t  n  a  m  e  h  e  r  
e  .  .  .  .  .  .  .  .  .  .  .  .  .  E  .  .  '  G  .  .     A  .  .  .  F  .  .  .  .  .  
.  J  .  H  n  G  .  .     A  .  p  .  F  .  .  .  .  .  .  )  .  .  z  .  .  .     A  .  .  .  
F  .  .  .  .  .  .  ,  .  `  j  F  .  .     A  .  .  .  F  .  .  .  .  .  .  ,  .  .  j  F  .  
.  H  D  .  l  .  F  

WORLD->Client [14:57:41 07/29/09] packet size: 192
PSS: 7 LocalSeq: 9 RemoteSeq: 3
82 6b c1 ff 48 03 01 00 0c 0c 00 87 cd ab 11 88 6c 61 73 74 6e 61 6d 65 68 65 72 65 00 00 00 00 
00 00 00 00 00 00 00 00 00 00 00 00 00 00 00 00 90 66 69 72 73 74 6e 61 6d 65 68 65 72 65 00 00 
00 00 00 00 00 00 00 00 00 00 00 00 00 00 00 00 00 80 88 c8 00 84 67 00 c4 6d 78 6f 65 6d 75 32 
00 00 00 00 00 00 00 00 00 00 00 00 00 00 00 00 00 00 00 00 00 00 00 00 00 c8 00 e9 02 00 00 00 
89 ff 04 00 a0 14 50 10 60 0c 60 02 84 00 1d 09 00 00 00 67 00 99 00 00 00 00 00 06 c8 40 00 00 
00 00 00 08 86 c0 00 00 00 00 80 26 ed 40 02 22 90 01 00 88 c0 0c 01 00 10 00 00 02 00 00 00 00 
.  k  .  .  H  .  .  .  .  .  .  .  .  .  .  .  l  a  s  t  n  a  m  e  h  e  r  e  .  .  .  .  
.  .  .  .  .  .  .  .  .  .  .  .  .  .  .  .  .  f  i  r  s  t  n  a  m  e  h  e  r  e  .  .  
.  .  .  .  .  .  .  .  .  .  .  .  .  .  .  .  .  .  .  .  .  .  g  .  .  m  x  o  e  m  u  2  
.  .  .  .  .  .  .  .  .  .  .  .  .  .  .  .  .  .  .  .  .  .  .  .  .  .  .  .  .  .  .  .  
.  .  .  .  .  .  P  .  `  .  `  .  .  .  .  .  .  .  .  g  .  .  .  .  .  .  .  .  .  @  .  .  
.  .  .  .  .  .  .  .  .  .  .  &  .  @  .  "  .  .  .  .  .  .  .  .  .  .  .  .  .  .  .  .  

Client->WORLD [14:57:41 07/29/09] packet size: 1
PSS: 7f LocalSeq: 7 RemoteSeq: 9
02 
.  

WORLD->Client [14:57:41 07/29/09] packet size: 190
PSS: 1f LocalSeq: 10 RemoteSeq: 5
02 04 01 00 05 08 16 80 bc 15 00 0a 00 00 f7 03 00 00 08 02 00 00 00 00 00 00 00 00 00 16 80 bc 
15 00 0b 00 00 f7 03 00 00 07 02 ec ff ff ff 00 00 00 00 00 16 80 bc 15 00 0c 00 00 f7 03 00 00 
50 04 00 00 00 00 00 00 00 00 00 16 80 bc 15 00 0d 00 00 f7 03 00 00 f4 03 00 00 00 00 00 00 00 
00 00 16 80 bc 15 00 0e 00 00 f7 03 00 00 51 04 f6 ff ff ff 00 00 00 00 00 16 80 bc 15 00 0f 00 
00 f7 03 00 00 52 04 0f 00 00 00 00 00 00 00 00 16 80 bc 55 00 10 00 00 02 00 00 00 cc 00 00 00 
00 00 00 00 00 00 00 16 80 bc 45 03 11 00 00 02 00 00 00 11 00 01 00 00 00 00 00 00 00 00 
.  .  .  .  .  .  .  .  .  .  .  .  .  .  .  .  .  .  .  .  .  .  .  .  .  .  .  .  .  .  .  .  
.  .  .  .  .  .  .  .  .  .  .  .  .  .  .  .  .  .  .  .  .  .  .  .  .  .  .  .  .  .  .  .  
P  .  .  .  .  .  .  .  .  .  .  .  .  .  .  .  .  .  .  .  .  .  .  .  .  .  .  .  .  .  .  .  
.  .  .  .  .  .  .  .  .  .  .  .  .  .  Q  .  .  .  .  .  .  .  .  .  .  .  .  .  .  .  .  .  
.  .  .  .  .  R  .  .  .  .  .  .  .  .  .  .  .  .  .  U  .  .  .  .  .  .  .  .  .  .  .  .  
.  .  .  .  .  .  .  .  .  .  E  .  .  .  .  .  .  .  .  .  .  .  .  .  .  .  .  .  .  .  

WORLD->Client [14:57:42 07/29/09] packet size: 1
PSS: 3f LocalSeq: 11 RemoteSeq: 6
02 
.  

WORLD->Client [14:57:42 07/29/09] packet size: 660
PSS: 7f LocalSeq: 12 RemoteSeq: 7
02 03 02 00 02 80 80 80 80 80 10 11 00 00 00 00 00 04 01 00 0d 18 04 80 b3 11 00 16 80 bc 45 03 
11 00 00 02 00 00 00 11 00 01 00 00 00 01 00 00 00 00 16 80 bc 55 00 10 00 00 02 00 00 00 cc 00 
00 00 00 00 01 00 00 00 00 08 80 b2 11 00 01 00 08 02 16 80 bc 45 03 11 00 00 02 00 00 00 11 00 
01 00 00 00 00 00 00 00 00 16 80 bc 55 00 11 00 00 02 00 00 00 cc 00 00 00 00 00 00 00 00 00 00 
16 80 bc 15 00 12 00 00 11 00 00 00 ab 00 02 00 00 00 00 00 00 00 00 16 80 bc 15 00 13 00 00 11 
00 00 00 0a 02 01 00 00 00 00 00 00 00 00 16 80 bc 15 00 14 00 00 11 00 00 00 f2 03 00 00 00 00 
00 00 00 00 00 16 80 bc 15 00 15 00 00 11 00 00 00 ed 03 02 00 00 00 00 00 00 00 00 16 80 bc 15 
00 16 00 00 11 00 00 00 9f 00 04 00 00 00 00 00 00 00 00 16 80 bc 15 00 17 00 00 11 00 00 00 f1 
03 00 00 00 00 00 00 00 00 00 16 80 bc 15 00 18 00 00 11 00 00 00 0c 02 01 00 00 00 00 00 00 00 
00 16 80 bc 15 00 19 00 00 11 00 00 00 b7 00 00 00 00 00 00 00 00 00 00 16 80 bc 15 00 1a 00 00 
11 00 00 00 f3 03 00 00 00 00 00 00 00 00 00 0b 80 bd 05 11 00 00 00 00 00 00 01 17 3a 05 00 11 
00 0a 00 50 76 50 53 65 72 76 65 72 00 04 00 06 00 00 00 1d 3a 05 00 17 00 10 00 50 76 50 4d 61 
78 53 61 66 65 4c 65 76 65 6c 00 04 00 0f 00 00 00 41 3a 05 00 14 00 0d 00 57 52 5f 52 65 7a 45 
76 65 6e 74 73 00 2b 00 48 61 6c 6c 6f 77 65 65 6e 5f 45 76 65 6e 74 2c 57 69 6e 74 65 72 33 48 
61 6c 6c 6f 77 65 65 6e 46 6c 79 45 79 65 54 53 45 43 00 1b 3a 05 00 19 00 12 00 45 76 65 6e 74 
53 6c 6f 74 31 5f 45 66 66 65 63 74 00 00 00 28 3a 05 00 19 00 12 00 45 76 65 6e 74 53 6c 6f 74 
32 5f 45 66 66 65 63 74 00 0d 00 66 6c 79 6d 61 6e 5f 69 64 6c 65 33 00 25 3a 05 00 19 00 12 00 
45 76 65 6e 74 53 6c 6f 74 33 5f 45 66 66 65 63 74 00 0a 00 66 6c 79 5f 76 69 72 75 73 00 1f 3a 
05 00 1b 00 14 00 46 69 78 65 64 42 69 6e 6b 49 44 4f 76 65 72 72 69 64 65 00 02 00 20 00 35 81 
67 17 00 21 00 1c 22 00 c6 01 11 00 00 00 00 00 00 00 2b 00 00 08 08 00 6d 78 6f 65 6d 75 32 00 
08 00 6d 78 6f 65 6d 75 32 00 02 00 01 00 00 00 00 00 00 00 
.  .  .  .  .  .  .  .  .  .  .  .  .  .  .  .  .  .  .  .  .  .  .  .  .  .  .  .  .  .  E  .  
.  .  .  .  .  .  .  .  .  .  .  .  .  .  .  .  .  .  .  .  .  U  .  .  .  .  .  .  .  .  .  .  
.  .  .  .  .  .  .  .  .  .  .  .  .  .  .  .  .  .  .  .  .  E  .  .  .  .  .  .  .  .  .  .  
.  .  .  .  .  .  .  .  .  .  .  .  U  .  .  .  .  .  .  .  .  .  .  .  .  .  .  .  .  .  .  .  
.  .  .  .  .  .  .  .  .  .  .  .  .  .  .  .  .  .  .  .  .  .  .  .  .  .  .  .  .  .  .  .  
.  .  .  .  .  .  .  .  .  .  .  .  .  .  .  .  .  .  .  .  .  .  .  .  .  .  .  .  .  .  .  .  
.  .  .  .  .  .  .  .  .  .  .  .  .  .  .  .  .  .  .  .  .  .  .  .  .  .  .  .  .  .  .  .  
.  .  .  .  .  .  .  .  .  .  .  .  .  .  .  .  .  .  .  .  .  .  .  .  .  .  .  .  .  .  .  .  
.  .  .  .  .  .  .  .  .  .  .  .  .  .  .  .  .  .  .  .  .  .  .  .  .  .  .  .  .  .  .  .  
.  .  .  .  .  .  .  .  .  .  .  .  .  .  .  .  .  .  .  .  .  .  .  .  .  .  .  .  .  .  .  .  
.  .  .  .  .  .  .  .  .  .  .  .  .  .  .  .  .  .  .  .  .  .  .  .  .  .  .  .  :  .  .  .  
.  .  .  P  v  P  S  e  r  v  e  r  .  .  .  .  .  .  .  .  :  .  .  .  .  .  .  P  v  P  M  a  
x  S  a  f  e  L  e  v  e  l  .  .  .  .  .  .  .  A  :  .  .  .  .  .  .  W  R  _  R  e  z  E  
v  e  n  t  s  .  +  .  H  a  l  l  o  w  e  e  n  _  E  v  e  n  t  ,  W  i  n  t  e  r  3  H  
a  l  l  o  w  e  e  n  F  l  y  E  y  e  T  S  E  C  .  .  :  .  .  .  .  .  .  E  v  e  n  t  
S  l  o  t  1  _  E  f  f  e  c  t  .  .  .  (  :  .  .  .  .  .  .  E  v  e  n  t  S  l  o  t  
2  _  E  f  f  e  c  t  .  .  .  f  l  y  m  a  n  _  i  d  l  e  3  .  %  :  .  .  .  .  .  .  
E  v  e  n  t  S  l  o  t  3  _  E  f  f  e  c  t  .  .  .  f  l  y  _  v  i  r  u  s  .  .  :  
.  .  .  .  .  .  F  i  x  e  d  B  i  n  k  I  D  O  v  e  r  r  i  d  e  .  .  .     .  5  .  
g  .  .  !  .  .  "  .  .  .  .  .  .  .  .  .  .  .  +  .  .  .  .  .  m  x  o  e  m  u  2  .  
.  .  m  x  o  e  m  u  2  .  .  .  .  .  .  .  .  .  .  .  

Client->WORLD [14:57:42 07/29/09] packet size: 1
PSS: 7f LocalSeq: 8 RemoteSeq: 11
02 
.  

Client->WORLD [14:57:42 07/29/09] packet size: 1
PSS: 7f LocalSeq: 9 RemoteSeq: 12
02 
.  

WORLD->Client [14:57:42 07/29/09] packet size: 558
PSS: 7f LocalSeq: 13 RemoteSeq: 9
02 03 01 00 0c 57 02 85 cd ab 0f 8e 43 68 6f 70 70 65 72 20 52 75 6e 6e 65 72 00 00 00 00 00 00 
00 00 00 00 00 00 00 00 00 00 00 00 00 10 00 00 22 d4 a7 a0 1c 00 c6 01 80 c1 5d 01 00 88 00 00 
00 e0 a4 a8 be 40 00 00 00 00 00 08 86 c0 00 00 00 28 96 1d eb 40 c0 01 82 03 a8 01 4b 00 32 09 
4b 00 07 08 00 00 21 00 00 01 00 0c 57 02 88 cd ab 12 8e 43 68 6f 70 70 65 72 20 52 75 6e 6e 65 
72 00 00 00 00 00 00 00 00 00 00 00 00 00 00 00 00 00 00 00 10 00 00 22 d4 46 a0 1c 00 c6 01 80 
d1 5e 01 00 88 0a 00 00 00 8c 17 bc cd 40 00 00 00 00 00 08 86 c0 00 00 e0 11 09 6b ed 40 c0 01 
8b 01 03 10 a8 01 4b 00 32 09 4b 00 f9 07 00 00 1f 00 00 01 00 0c 57 02 89 cd ab 10 8e 43 68 6f 
70 70 65 72 20 52 75 6e 6e 65 72 00 00 00 00 00 00 00 00 00 00 00 00 00 00 00 00 00 00 00 10 00 
00 22 d4 aa a0 1c 00 c6 01 80 c1 5e 01 00 88 00 00 00 5c 23 49 d1 40 00 00 00 00 00 08 86 c0 00 
00 00 b9 99 31 ee 40 c0 01 8a 03 12 a8 01 4b 00 32 09 4b 00 07 08 00 00 1d 00 00 01 00 0c 57 02 
8a cd ab 10 8e 43 68 6f 70 70 65 72 20 4a 75 6d 70 65 72 00 00 00 00 00 00 00 00 00 00 00 00 00 
00 00 00 00 00 00 10 00 00 22 d4 9e a1 1c 00 c6 01 80 c1 5c 01 00 88 00 00 00 34 9d 5e d0 40 00 
00 00 00 00 08 86 c0 00 00 00 b0 b8 31 ee 40 c0 01 8a 02 15 a8 01 70 00 32 09 70 00 07 08 00 00 
1b 00 00 01 00 08 79 a7 04 00 f0 30 65 cd ab 02 05 00 00 00 00 00 46 be 40 00 00 00 c0 75 00 86 
c0 00 00 00 00 00 01 ed 40 00 00 00 00 f2 04 35 3f 00 00 00 00 f3 04 35 3f 15 00 00 00 00 04 01 
00 25 01 4a 81 49 10 00 00 00 00 00 00 00 00 00 00 00 00 00 02 00 00 c8 00 00 00 0e 00 00 c9 00 
00 00 1c 00 13 00 63 6f 75 6e 74 5b 30 5d 20 61 63 74 69 76 65 5b 31 5d 00 13 00 63 6f 75 6e 74 
5b 30 5d 20 61 63 74 69 76 65 5b 31 5d 00 
.  .  .  .  .  W  .  .  .  .  .  .  C  h  o  p  p  e  r     R  u  n  n  e  r  .  .  .  .  .  .  
.  .  .  .  .  .  .  .  .  .  .  .  .  .  .  .  "  .  .  .  .  .  .  .  .  .  ]  .  .  .  .  .  
.  .  .  .  .  @  .  .  .  .  .  .  .  .  .  .  .  (  .  .  .  @  .  .  .  .  .  .  K  .  2  .  
K  .  .  .  .  .  !  .  .  .  .  .  W  .  .  .  .  .  .  C  h  o  p  p  e  r     R  u  n  n  e  
r  .  .  .  .  .  .  .  .  .  .  .  .  .  .  .  .  .  .  .  .  .  .  "  .  F  .  .  .  .  .  .  
.  ^  .  .  .  .  .  .  .  .  .  .  .  @  .  .  .  .  .  .  .  .  .  .  .  .  .  k  .  @  .  .  
.  .  .  .  .  .  K  .  2  .  K  .  .  .  .  .  .  .  .  .  .  .  W  .  .  .  .  .  .  C  h  o  
p  p  e  r     R  u  n  n  e  r  .  .  .  .  .  .  .  .  .  .  .  .  .  .  .  .  .  .  .  .  .  
.  "  .  .  .  .  .  .  .  .  .  ^  .  .  .  .  .  .  \  #  I  .  @  .  .  .  .  .  .  .  .  .  
.  .  .  .  1  .  @  .  .  .  .  .  .  .  K  .  2  .  K  .  .  .  .  .  .  .  .  .  .  .  W  .  
.  .  .  .  .  C  h  o  p  p  e  r     J  u  m  p  e  r  .  .  .  .  .  .  .  .  .  .  .  .  .  
.  .  .  .  .  .  .  .  .  "  .  .  .  .  .  .  .  .  .  \  .  .  .  .  .  .  4  .  ^  .  @  .  
.  .  .  .  .  .  .  .  .  .  .  .  1  .  @  .  .  .  .  .  .  .  p  .  2  .  p  .  .  .  .  .  
.  .  .  .  .  .  y  .  .  .  .  0  e  .  .  .  .  .  .  .  .  .  F  .  @  .  .  .  .  u  .  .  
.  .  .  .  .  .  .  .  @  .  .  .  .  .  .  5  ?  .  .  .  .  .  .  5  ?  .  .  .  .  .  .  .  
.  %  .  J  .  I  .  .  .  .  .  .  .  .  .  .  .  .  .  .  .  .  .  .  .  .  .  .  .  .  .  .  
.  .  .  .  .  .  c  o  u  n  t  [  0  ]     a  c  t  i  v  e  [  1  ]  .  .  .  c  o  u  n  t  
[  0  ]     a  c  t  i  v  e  [  1  ]  .  

Client->WORLD [14:57:42 07/29/09] packet size: 1
PSS: 7f LocalSeq: 10 RemoteSeq: 13
02 
.  

WORLD->Client [14:57:42 07/29/09] packet size: 441
PSS: 7f LocalSeq: 14 RemoteSeq: 9
02 03 01 00 02 12 00 1f 00 02 08 40 39 6e 46 00 40 30 c4 00 55 6b 47 01 00 0c 57 02 84 cd ab 10 
8e 43 68 6f 70 70 65 72 20 52 75 6e 6e 65 72 00 00 00 00 00 00 00 00 00 00 00 00 00 00 00 00 00 
00 00 10 00 00 22 d4 91 a0 1c 00 c6 01 80 c1 5d 01 00 88 00 00 00 e4 6a d6 c0 40 00 00 00 00 00 
08 86 c0 00 00 00 94 9e 90 eb 40 c0 01 8a 03 17 a8 01 4b 00 32 09 4b 00 07 08 00 00 19 00 00 01 
00 0c 57 02 82 cd ab 10 8e 43 68 6f 70 70 65 72 20 52 75 6e 6e 65 72 00 00 00 00 00 00 00 00 00 
00 00 00 00 00 00 00 00 00 00 10 00 00 22 d4 28 a0 1c 00 c6 01 80 c1 5e 01 00 88 00 00 00 90 fe 
8b c1 40 00 00 00 00 00 08 86 c0 00 00 00 10 ef e2 ee 40 c0 01 8a 03 10 a8 01 4b 00 32 09 4b 00 
07 08 00 00 17 00 00 01 00 0c 57 02 8b cd ab 0f 8e 43 68 6f 70 70 65 72 20 4a 75 6d 70 65 72 00 
00 00 00 00 00 00 00 00 00 00 00 00 00 00 00 00 00 00 10 00 00 22 d4 fa a1 1c 00 c6 01 80 c1 5b 
01 00 88 00 00 e0 0a f3 77 cb 40 00 00 00 00 00 08 86 c0 00 00 00 8a f4 f1 ed 40 c0 01 82 02 a8 
01 70 00 32 09 70 00 07 08 00 00 13 00 00 01 00 0c 57 02 8c cd ab 11 8e 43 68 6f 70 70 65 72 20 
52 75 6e 6e 65 72 00 00 00 00 00 00 00 00 00 00 00 00 00 00 00 00 00 00 00 10 00 00 22 d4 89 a0 
1c 00 c6 01 80 d1 5e 01 00 88 0a 00 00 00 ec 43 0d d0 40 00 00 00 00 00 08 86 c0 00 00 00 08 27 
da ed 40 c0 01 83 01 03 a8 01 4b 00 32 09 4b 00 f9 07 00 00 11 00 00 00 00 
.  .  .  .  .  .  .  .  .  .  .  @  9  n  F  .  @  0  .  .  U  k  G  .  .  .  W  .  .  .  .  .  
.  C  h  o  p  p  e  r     R  u  n  n  e  r  .  .  .  .  .  .  .  .  .  .  .  .  .  .  .  .  .  
.  .  .  .  .  "  .  .  .  .  .  .  .  .  .  ]  .  .  .  .  .  .  .  j  .  .  @  .  .  .  .  .  
.  .  .  .  .  .  .  .  .  .  @  .  .  .  .  .  .  .  K  .  2  .  K  .  .  .  .  .  .  .  .  .  
.  .  W  .  .  .  .  .  .  C  h  o  p  p  e  r     R  u  n  n  e  r  .  .  .  .  .  .  .  .  .  
.  .  .  .  .  .  .  .  .  .  .  .  .  "  .  (  .  .  .  .  .  .  .  ^  .  .  .  .  .  .  .  .  
.  .  @  .  .  .  .  .  .  .  .  .  .  .  .  .  .  .  @  .  .  .  .  .  .  .  K  .  2  .  K  .  
.  .  .  .  .  .  .  .  .  .  W  .  .  .  .  .  .  C  h  o  p  p  e  r     J  u  m  p  e  r  .  
.  .  .  .  .  .  .  .  .  .  .  .  .  .  .  .  .  .  .  .  .  "  .  .  .  .  .  .  .  .  .  [  
.  .  .  .  .  .  .  .  w  .  @  .  .  .  .  .  .  .  .  .  .  .  .  .  .  .  @  .  .  .  .  .  
.  p  .  2  .  p  .  .  .  .  .  .  .  .  .  .  .  W  .  .  .  .  .  .  C  h  o  p  p  e  r     
R  u  n  n  e  r  .  .  .  .  .  .  .  .  .  .  .  .  .  .  .  .  .  .  .  .  .  .  "  .  .  .  
.  .  .  .  .  .  ^  .  .  .  .  .  .  .  .  C  .  .  @  .  .  .  .  .  .  .  .  .  .  .  .  '  
.  .  @  .  .  .  .  .  .  .  K  .  2  .  K  .  .  .  .  .  .  .  .  .  .  

Client->WORLD [14:57:42 07/29/09] packet size: 1
PSS: 7f LocalSeq: 11 RemoteSeq: 14
02 
.  

WORLD->Client [14:57:42 07/29/09] packet size: 480
PSS: 7f LocalSeq: 15 RemoteSeq: 10
02 03 01 00 0c 57 02 8d cd ab 10 8e 43 68 6f 70 70 65 72 20 4a 75 6d 70 65 72 00 00 00 00 00 00 
00 00 00 00 00 00 00 00 00 00 00 00 00 10 00 00 22 d4 ee a1 1c 00 c6 01 80 c1 5b 01 00 88 00 00 
00 e0 e6 f0 c9 40 00 00 00 00 00 08 86 c0 00 00 00 c6 a8 75 ee 40 c0 01 8a 02 15 a8 01 70 00 32 
09 70 00 07 08 00 00 0f 00 00 01 00 08 60 09 01 00 f0 30 e2 cd ab 02 09 00 00 00 00 00 38 c8 40 
00 00 00 00 00 e8 84 c0 00 00 00 00 80 26 ed 40 00 00 00 00 f2 04 35 bf 00 00 00 00 f3 04 35 3f 
0d 00 00 01 00 0c 57 02 83 cd ab 12 8e 43 68 6f 70 70 65 72 20 52 75 6e 6e 65 72 00 00 00 00 00 
00 00 00 00 00 00 00 00 00 00 00 00 00 00 10 00 00 22 d4 82 a0 1c 00 c6 01 80 d1 5e 01 00 88 0a 
00 00 00 80 db fa bc 40 00 00 00 00 00 08 86 c0 00 00 00 e8 12 88 ea 40 c0 01 8b 01 03 0c a8 01 
4b 00 32 09 4b 00 07 08 00 00 0b 00 00 01 00 0c 57 02 8e cd ab 11 8e 43 68 6f 70 70 65 72 20 4a 
75 6d 70 65 72 00 00 00 00 00 00 00 00 00 00 00 00 00 00 00 00 00 00 00 10 00 00 22 d4 9a a1 1c 
00 c6 01 80 c1 5b 01 00 88 00 00 00 20 9c 6e c7 40 00 00 00 00 00 08 86 c0 00 00 00 2e c1 36 ef 
40 c0 01 8b 05 02 15 a8 01 70 00 32 09 70 00 07 08 00 00 09 00 00 01 00 0c 57 02 86 cd ab 10 8e 
43 68 6f 70 70 65 72 20 4a 75 6d 70 65 72 00 00 00 00 00 00 00 00 00 00 00 00 00 00 00 00 00 00 
00 10 00 00 22 d4 77 a1 1c 00 c6 01 80 c1 5c 01 00 88 00 00 00 c0 b5 23 bd 40 00 00 00 00 00 08 
86 c0 00 00 00 78 aa 34 eb 40 c0 01 8a 02 15 a8 01 70 00 32 09 70 00 07 08 00 00 07 00 00 00 00 
.  .  .  .  .  W  .  .  .  .  .  .  C  h  o  p  p  e  r     J  u  m  p  e  r  .  .  .  .  .  .  
.  .  .  .  .  .  .  .  .  .  .  .  .  .  .  .  "  .  .  .  .  .  .  .  .  .  [  .  .  .  .  .  
.  .  .  .  .  @  .  .  .  .  .  .  .  .  .  .  .  .  .  u  .  @  .  .  .  .  .  .  .  p  .  2  
.  p  .  .  .  .  .  .  .  .  .  .  .  `  .  .  .  .  0  .  .  .  .  .  .  .  .  .  .  8  .  @  
.  .  .  .  .  .  .  .  .  .  .  .  .  &  .  @  .  .  .  .  .  .  5  .  .  .  .  .  .  .  5  ?  
.  .  .  .  .  .  W  .  .  .  .  .  .  C  h  o  p  p  e  r     R  u  n  n  e  r  .  .  .  .  .  
.  .  .  .  .  .  .  .  .  .  .  .  .  .  .  .  .  "  .  .  .  .  .  .  .  .  .  ^  .  .  .  .  
.  .  .  .  .  .  .  @  .  .  .  .  .  .  .  .  .  .  .  .  .  .  .  @  .  .  .  .  .  .  .  .  
K  .  2  .  K  .  .  .  .  .  .  .  .  .  .  .  W  .  .  .  .  .  .  C  h  o  p  p  e  r     J  
u  m  p  e  r  .  .  .  .  .  .  .  .  .  .  .  .  .  .  .  .  .  .  .  .  .  .  "  .  .  .  .  
.  .  .  .  .  [  .  .  .  .  .  .     .  n  .  @  .  .  .  .  .  .  .  .  .  .  .  .  .  6  .  
@  .  .  .  .  .  .  .  .  p  .  2  .  p  .  .  .  .  .  .  .  .  .  .  .  W  .  .  .  .  .  .  
C  h  o  p  p  e  r     J  u  m  p  e  r  .  .  .  .  .  .  .  .  .  .  .  .  .  .  .  .  .  .  
.  .  .  .  "  .  w  .  .  .  .  .  .  .  \  .  .  .  .  .  .  .  .  #  .  @  .  .  .  .  .  .  
.  .  .  .  .  x  .  4  .  @  .  .  .  .  .  .  .  p  .  2  .  p  .  .  .  .  .  .  .  .  .  .  

Client->WORLD [14:57:42 07/29/09] packet size: 1
PSS: 7f LocalSeq: 12 RemoteSeq: 15
02 
.  

WORLD->Client [14:57:42 07/29/09] packet size: 210
PSS: 7f LocalSeq: 16 RemoteSeq: 11
02 03 01 00 02 14 00 0b 00 02 0e 01 82 01 ce e7 45 00 40 30 c4 11 2a 54 47 01 00 02 13 00 09 00 
02 0c 90 e1 74 3b 46 00 40 30 c4 09 b6 79 47 01 00 08 78 a7 03 00 f0 30 f1 cd ab 02 05 00 00 00 
00 00 63 c5 40 00 00 00 20 5d 00 86 c0 00 00 00 00 40 ee ec 40 00 00 00 00 c9 d7 1b 3f 00 00 00 
00 35 19 4b 3f 05 00 00 01 00 0c 57 02 8f cd ab 10 8e 43 68 6f 70 70 65 72 20 52 75 6e 6e 65 72 
00 00 00 00 00 00 00 00 00 00 00 00 00 00 00 00 00 00 00 10 00 00 22 d4 0d a0 1c 00 c6 01 80 c1 
5d 01 00 88 00 00 00 c8 1f 76 cc 40 00 00 00 00 00 08 86 c0 00 00 00 16 fb 26 ef 40 c0 01 8a 03 
0d a8 01 4b 00 32 09 4b 00 07 08 00 00 03 00 00 00 00 
.  .  .  .  .  .  .  .  .  .  .  .  .  .  .  .  E  .  @  0  .  .  *  T  G  .  .  .  .  .  .  .  
.  .  .  .  t  ;  F  .  @  0  .  .  .  y  G  .  .  .  x  .  .  .  .  0  .  .  .  .  .  .  .  .  
.  .  c  .  @  .  .  .     ]  .  .  .  .  .  .  .  @  .  .  @  .  .  .  .  .  .  .  ?  .  .  .  
.  5  .  K  ?  .  .  .  .  .  .  W  .  .  .  .  .  .  C  h  o  p  p  e  r     R  u  n  n  e  r  
.  .  .  .  .  .  .  .  .  .  .  .  .  .  .  .  .  .  .  .  .  .  "  .  .  .  .  .  .  .  .  .  
]  .  .  .  .  .  .  .  .  v  .  @  .  .  .  .  .  .  .  .  .  .  .  .  .  &  .  @  .  .  .  .  
.  .  .  K  .  2  .  K  .  .  .  .  .  .  .  .  .  .  

Client->WORLD [14:57:42 07/29/09] packet size: 1
PSS: 7f LocalSeq: 13 RemoteSeq: 16
02 
.  

WORLD->Client [14:57:43 07/29/09] packet size: 25
PSS: 7f LocalSeq: 17 RemoteSeq: 12
82 8f c1 ff 48 03 09 00 02 0c 86 e1 74 3b 46 00 40 30 c4 09 b6 79 47 00 00 
.  .  .  .  H  .  .  .  .  .  .  .  t  ;  F  .  @  0  .  .  .  y  G  .  .  

Client->WORLD [14:57:43 07/29/09] packet size: 1
PSS: 7f LocalSeq: 14 RemoteSeq: 17
02 
.  

WORLD->Client [14:57:43 07/29/09] packet size: 39
PSS: 7f LocalSeq: 18 RemoteSeq: 13
02 03 0b 00 02 0e 05 7d c8 c0 e7 45 00 40 30 c4 6c 08 54 47 09 00 02 0c 7c e1 74 3b 46 00 40 30 
c4 09 b6 79 47 00 00 
.  .  .  .  .  .  .  }  .  .  .  E  .  @  0  .  l  .  T  G  .  .  .  .  |  .  t  ;  F  .  @  0  
.  .  .  y  G  .  .  

Client->WORLD [14:57:43 07/29/09] packet size: 1
PSS: 7f LocalSeq: 15 RemoteSeq: 18
02 
.  

WORLD->Client [14:57:43 07/29/09] packet size: 40
PSS: 7f LocalSeq: 19 RemoteSeq: 14
02 03 0b 00 02 0e 05 73 c8 c0 e7 45 00 40 30 c4 6c 08 54 47 09 00 02 0e 00 72 e1 74 3b 46 00 40 
30 c4 09 b6 79 47 00 00 
.  .  .  .  .  .  .  s  .  .  .  E  .  @  0  .  l  .  T  G  .  .  .  .  .  r  .  t  ;  F  .  @  
0  .  .  .  y  G  .  .  

Client->WORLD [14:57:43 07/29/09] packet size: 1
PSS: 7f LocalSeq: 16 RemoteSeq: 19
02 
.  

WORLD->Client [14:57:43 07/29/09] packet size: 39
PSS: 7f LocalSeq: 20 RemoteSeq: 15
02 03 0b 00 02 0c 69 c8 c0 e7 45 00 40 30 c4 6c 08 54 47 09 00 02 0e 00 68 e1 74 3b 46 00 40 30 
c4 09 b6 79 47 00 00 
.  .  .  .  .  .  i  .  .  .  E  .  @  0  .  l  .  T  G  .  .  .  .  .  h  .  t  ;  F  .  @  0  
.  .  .  y  G  .  .  

Client->WORLD [14:57:43 07/29/09] packet size: 1
PSS: 7f LocalSeq: 17 RemoteSeq: 20
02 
.  

WORLD->Client [14:57:43 07/29/09] packet size: 55
PSS: 7f LocalSeq: 21 RemoteSeq: 16
02 03 11 00 02 0a 00 4f 21 80 46 00 40 30 c4 f2 37 6e 47 0b 00 02 0c 5f c8 c0 e7 45 00 40 30 c4 
6c 08 54 47 09 00 02 0c 5e e1 74 3b 46 00 40 30 c4 09 b6 79 47 00 00 
.  .  .  .  .  .  .  O  !  .  F  .  @  0  .  .  7  n  G  .  .  .  .  _  .  .  .  E  .  @  0  .  
l  .  T  G  .  .  .  .  ^  .  t  ;  F  .  @  0  .  .  .  y  G  .  .  

Client->WORLD [14:57:43 07/29/09] packet size: 1
PSS: 7f LocalSeq: 18 RemoteSeq: 21
02 
.  

WORLD->Client [14:57:43 07/29/09] packet size: 55
PSS: 7f LocalSeq: 22 RemoteSeq: 17
02 03 1f 00 02 08 ba 01 71 46 00 40 30 c4 94 3a 6b 47 11 00 02 0e 05 7f 4f 21 80 46 00 40 30 c4 
f2 37 6e 47 0b 00 02 0c 55 c8 c0 e7 45 00 40 30 c4 6c 08 54 47 00 00 
.  .  .  .  .  .  .  .  q  F  .  @  0  .  .  :  k  G  .  .  .  .  .  .  O  !  .  F  .  @  0  .  
.  7  n  G  .  .  .  .  U  .  .  .  E  .  @  0  .  l  .  T  G  .  .  

Client->WORLD [14:57:43 07/29/09] packet size: 1
PSS: 7f LocalSeq: 19 RemoteSeq: 22
02 
.  

WORLD->Client [14:57:43 07/29/09] packet size: 39
PSS: 7f LocalSeq: 23 RemoteSeq: 18
02 03 11 00 02 0e 01 75 50 27 80 46 00 40 30 c4 19 2d 6e 47 0b 00 02 0c 4b c8 c0 e7 45 00 40 30 
c4 6c 08 54 47 00 00 
.  .  .  .  .  .  .  u  P  '  .  F  .  @  0  .  .  -  n  G  .  .  .  .  K  .  .  .  E  .  @  0  
.  l  .  T  G  .  .  

Client->WORLD [14:57:43 07/29/09] packet size: 1
PSS: 7f LocalSeq: 20 RemoteSeq: 23
02 
.  

WORLD->Client [14:57:43 07/29/09] packet size: 39
PSS: 7f LocalSeq: 24 RemoteSeq: 19
02 03 11 00 02 0e 01 6b 02 3b 80 46 00 40 30 c4 eb 18 6e 47 0b 00 02 0c 41 c8 c0 e7 45 00 40 30 
c4 6c 08 54 47 00 00 
.  .  .  .  .  .  .  k  .  ;  .  F  .  @  0  .  .  .  n  G  .  .  .  .  A  .  .  .  E  .  @  0  
.  l  .  T  G  .  .  

Client->WORLD [14:57:43 07/29/09] packet size: 1
PSS: 7f LocalSeq: 21 RemoteSeq: 24
02 
.  

WORLD->Client [14:57:44 07/29/09] packet size: 38
PSS: 7f LocalSeq: 25 RemoteSeq: 20
02 03 11 00 02 0c 67 06 55 80 46 00 40 30 c4 72 06 6e 47 0b 00 02 0c 37 c8 c0 e7 45 00 40 30 c4 
6c 08 54 47 00 00 
.  .  .  .  .  .  g  .  U  .  F  .  @  0  .  r  .  n  G  .  .  .  .  7  .  .  .  E  .  @  0  .  
l  .  T  G  .  .  

Client->WORLD [14:57:44 07/29/09] packet size: 1
PSS: 7f LocalSeq: 22 RemoteSeq: 25
02 
.  

WORLD->Client [14:57:44 07/29/09] packet size: 25
PSS: 7f LocalSeq: 26 RemoteSeq: 21
82 b3 c1 ff 48 03 0b 00 02 0c 2d c8 c0 e7 45 00 40 30 c4 6c 08 54 47 00 00 
.  .  .  .  H  .  .  .  .  .  -  .  .  .  E  .  @  0  .  l  .  T  G  .  .  

Client->WORLD [14:57:44 07/29/09] packet size: 1
PSS: 7f LocalSeq: 23 RemoteSeq: 26
02 
.  

WORLD->Client [14:57:44 07/29/09] packet size: 22
PSS: 7f LocalSeq: 27 RemoteSeq: 22
02 03 0b 00 02 0e 00 23 c8 c0 e7 45 00 40 30 c4 6c 08 54 47 00 00 
.  .  .  .  .  .  .  #  .  .  .  E  .  @  0  .  l  .  T  G  .  .  

Client->WORLD [14:57:44 07/29/09] packet size: 1
PSS: 7f LocalSeq: 24 RemoteSeq: 27
02 
.  

WORLD->Client [14:57:44 07/29/09] packet size: 22
PSS: 7f LocalSeq: 28 RemoteSeq: 23
02 03 0b 00 02 0e 00 19 c8 c0 e7 45 00 40 30 c4 6c 08 54 47 00 00 
.  .  .  .  .  .  .  .  .  .  .  E  .  @  0  .  l  .  T  G  .  .  

Client->WORLD [14:57:44 07/29/09] packet size: 1
PSS: 7f LocalSeq: 25 RemoteSeq: 28
02 
.  

WORLD->Client [14:57:44 07/29/09] packet size: 21
PSS: 7f LocalSeq: 29 RemoteSeq: 24
02 03 0b 00 02 0c 14 c8 c0 e7 45 00 40 30 c4 6c 08 54 47 00 00 
.  .  .  .  .  .  .  .  .  .  E  .  @  0  .  l  .  T  G  .  .  

Client->WORLD [14:57:44 07/29/09] packet size: 1
PSS: 7f LocalSeq: 26 RemoteSeq: 29
02 
.  

WORLD->Client [14:57:44 07/29/09] packet size: 20
PSS: 7f LocalSeq: 30 RemoteSeq: 25
02 03 1f 00 02 08 f8 c9 73 46 00 40 30 c4 2b 20 6b 47 00 00 
.  .  .  .  .  .  .  .  s  F  .  @  0  .  +     k  G  .  .  

Client->WORLD [14:57:44 07/29/09] packet size: 1
PSS: 7f LocalSeq: 27 RemoteSeq: 30
02 
.  

WORLD->Client [14:57:44 07/29/09] packet size: 20
PSS: 7f LocalSeq: 31 RemoteSeq: 26
02 03 11 00 02 08 91 f0 80 46 00 40 30 c4 05 98 6d 47 00 00 
.  .  .  .  .  .  .  .  .  F  .  @  0  .  .  .  m  G  .  .  

Client->WORLD [14:57:44 07/29/09] packet size: 1
PSS: 7f LocalSeq: 28 RemoteSeq: 31
02 
.  

