GAME->Client [17:00:52 07/14/09] packet size: 38 CRYPTED, Flags: 7f ServerSeq: 427 ClientSeq: 265
02 03 13 00 02 0c bc bd e6 05 c7 00 00 be 42 c2 5b b4 c6 06 00 02 0c 22 d0 76 33 c7 00 00 be 42 
00 bb a5 c6 00 00 
..............B.[......".v3....B......

Client->GAME [17:00:52 07/14/09] packet size: 1 CRYPTED, Flags: 7f ServerSeq: 267 ClientSeq: 427
02 
.

GAME->Client [17:00:52 07/14/09] packet size: 38 CRYPTED, Flags: 7f ServerSeq: 428 ClientSeq: 266
02 03 13 00 02 0c c6 bd e6 05 c7 00 00 be 42 c2 5b b4 c6 06 00 02 0c 18 d0 76 33 c7 00 00 be 42 
00 bb a5 c6 00 00 
..............B.[........v3....B......

Client->GAME [17:00:52 07/14/09] packet size: 1 CRYPTED, Flags: 7f ServerSeq: 268 ClientSeq: 428
02 
.

GAME->Client [17:00:52 07/14/09] packet size: 39 CRYPTED, Flags: 7f ServerSeq: 429 ClientSeq: 267
02 03 13 00 02 0e 01 d0 23 f1 05 c7 00 00 be 42 25 53 b4 c6 06 00 02 0c 0e d0 76 33 c7 00 00 be 
42 00 bb a5 c6 00 00 
........#......B%S........v3....B......

Client->GAME [17:00:52 07/14/09] packet size: 1 CRYPTED, Flags: 7f ServerSeq: 269 ClientSeq: 429
02 
.

GAME->Client [17:00:52 07/14/09] packet size: 39 CRYPTED, Flags: 7f ServerSeq: 430 ClientSeq: 268
02 03 13 00 02 0e 01 da ff 03 06 c7 00 00 be 42 9c 3a b4 c6 06 00 02 0c 04 d0 76 33 c7 00 00 be 
42 00 bb a5 c6 00 00 
...............B.:........v3....B......

Client->GAME [17:00:52 07/14/09] packet size: 1 CRYPTED, Flags: 7f ServerSeq: 270 ClientSeq: 430
02 
.

GAME->Client [17:00:52 07/14/09] packet size: 42 CRYPTED, Flags: 7f ServerSeq: 431 ClientSeq: 269
82 65 73 d8 48 03 13 00 02 0c db bc 15 06 c7 00 00 be 42 ed 1e b4 c6 06 00 02 0c fa d0 76 33 c7 
00 00 be 42 00 bb a5 c6 00 00 
.es.H.............B..........v3....B......

Client->GAME [17:00:52 07/14/09] packet size: 1 CRYPTED, Flags: 7f ServerSeq: 271 ClientSeq: 431
02 
.

GAME->Client [17:00:52 07/14/09] packet size: 21 CRYPTED, Flags: 7f ServerSeq: 432 ClientSeq: 270
02 03 06 00 02 0c f0 d0 76 33 c7 00 00 be 42 00 bb a5 c6 00 00 
........v3....B......

Client->GAME [17:00:52 07/14/09] packet size: 1 CRYPTED, Flags: 7f ServerSeq: 256 ClientSeq: 432
02 
.

GAME->Client [17:00:52 07/14/09] packet size: 37 CRYPTED, Flags: 7f ServerSeq: 433 ClientSeq: 271
02 03 06 00 02 0c e6 d0 76 33 c7 00 00 be 42 00 bb a5 c6 05 00 02 08 2e d9 2f c7 00 00 be 42 da 
cb 82 c6 00 00 
........v3....B........../....B......

Client->GAME [17:00:52 07/14/09] packet size: 1 CRYPTED, Flags: 7f ServerSeq: 257 ClientSeq: 433
02 
.

GAME->Client [17:00:52 07/14/09] packet size: 22 CRYPTED, Flags: 7f ServerSeq: 434 ClientSeq: 256
02 03 06 00 02 0e 01 dc 70 87 33 c7 00 00 be 42 26 9c a5 c6 00 00 
........p.3....B&.....

Client->GAME [17:00:52 07/14/09] packet size: 1 CRYPTED, Flags: 7f ServerSeq: 258 ClientSeq: 434
02 
.

GAME->Client [17:00:53 07/14/09] packet size: 22 CRYPTED, Flags: 7f ServerSeq: 435 ClientSeq: 257
02 03 06 00 02 0e 01 d4 e1 9a 33 c7 00 00 be 42 7d 85 a5 c6 00 00 
..........3....B}.....

Client->GAME [17:00:53 07/14/09] packet size: 1 CRYPTED, Flags: 7f ServerSeq: 259 ClientSeq: 435
02 
.

GAME->Client [17:00:53 07/14/09] packet size: 22 CRYPTED, Flags: 7f ServerSeq: 436 ClientSeq: 258
02 03 0d 00 02 0e 04 7f 9f df 06 c7 00 00 be 42 68 a0 b3 c6 00 00 
...............Bh.....

Client->GAME [17:00:53 07/14/09] packet size: 1 CRYPTED, Flags: 7f ServerSeq: 260 ClientSeq: 436
02 
.

GAME->Client [17:00:53 07/14/09] packet size: 55 CRYPTED, Flags: 7f ServerSeq: 437 ClientSeq: 259
02 03 13 00 02 08 29 80 06 c7 00 00 be 42 d0 78 b3 c6 0d 00 02 0e 04 89 9f df 06 c7 00 00 be 42 
68 a0 b3 c6 06 00 02 0c d5 39 c2 33 c7 00 00 be 42 cd 5a a5 c6 00 00 
......)......B.x...............Bh........9.3....B.Z....

Client->GAME [17:00:53 07/14/09] packet size: 1 CRYPTED, Flags: 7f ServerSeq: 261 ClientSeq: 437
02 
.

GAME->Client [17:00:53 07/14/09] packet size: 21 CRYPTED, Flags: 7f ServerSeq: 438 ClientSeq: 260
02 03 0d 00 02 0c 93 9f df 06 c7 00 00 be 42 68 a0 b3 c6 00 00 
..............Bh.....

Client->GAME [17:00:53 07/14/09] packet size: 1 CRYPTED, Flags: 7f ServerSeq: 262 ClientSeq: 438
02 
.

GAME->Client [17:00:53 07/14/09] packet size: 68 CRYPTED, Flags: 7f ServerSeq: 439 ClientSeq: 260
02 03 13 00 02 2a 00 40 00 00 00 10 01 9a a3 06 c7 00 00 be 42 7f 41 b3 c6 0d 00 02 0c 9d 9f df 
06 c7 00 00 be 42 68 a0 b3 c6 06 00 02 2e 00 40 00 00 00 10 01 d5 9a e9 33 c7 00 00 be 42 71 2f 
a5 c6 00 00 
.....*.@............B.A..............Bh........@........3....Bq/....

Client->GAME [17:00:53 07/14/09] packet size: 1 CRYPTED, Flags: 7f ServerSeq: 263 ClientSeq: 439
02 
.

GAME->Client [17:00:53 07/14/09] packet size: 25 CRYPTED, Flags: 7f ServerSeq: 440 ClientSeq: 262
82 89 73 d8 48 03 0d 00 02 0c a7 9f df 06 c7 00 00 be 42 68 a0 b3 c6 00 00 
..s.H.............Bh.....

Client->GAME [17:00:53 07/14/09] packet size: 1 CRYPTED, Flags: 7f ServerSeq: 264 ClientSeq: 440
02 
.

GAME->Client [17:00:53 07/14/09] packet size: 37 CRYPTED, Flags: 7f ServerSeq: 441 ClientSeq: 263
02 03 0d 00 02 0c b1 9f df 06 c7 00 00 be 42 68 a0 b3 c6 05 00 02 08 02 5d 30 c7 00 00 be 42 e4 
d6 81 c6 00 00 
..............Bh........]0....B......

Client->GAME [17:00:53 07/14/09] packet size: 1 CRYPTED, Flags: 7f ServerSeq: 265 ClientSeq: 441
02 
.

GAME->Client [17:00:53 07/14/09] packet size: 38 CRYPTED, Flags: 7f ServerSeq: 442 ClientSeq: 264
02 03 0d 00 02 0e 01 bb b1 f5 06 c7 00 00 be 42 a0 a8 b3 c6 06 00 02 08 ba 24 34 c7 00 00 be 42 
5a ee a4 c6 00 00 
...............B.........$4....BZ.....

Client->GAME [17:00:53 07/14/09] packet size: 1 CRYPTED, Flags: 7f ServerSeq: 266 ClientSeq: 442
02 
.

GAME->Client [17:00:54 07/14/09] packet size: 22 CRYPTED, Flags: 7f ServerSeq: 443 ClientSeq: 265
02 03 0d 00 02 0e 01 c1 30 0c 07 c7 00 00 be 42 13 a8 b3 c6 00 00 
........0......B......

Client->GAME [17:00:54 07/14/09] packet size: 1 CRYPTED, Flags: 7f ServerSeq: 267 ClientSeq: 443
02 
.

Client->GAME [17:00:54 07/14/09] packet size: 50 CRYPTED, Flags: 7f ServerSeq: 267 ClientSeq: 444
02 04 01 00 1c 01 2b 80 b9 4b 04 00 00 00 00 00 00 00 00 00 00 00 00 00 00 00 00 00 00 00 00 00 
00 00 00 a0 fb c3 25 00 00 00 00 08 6b 00 00 00 00 00 
......+..K............................%.....k.....

GAME->Client [17:00:54 07/14/09] packet size: 38 CRYPTED, Flags: 7f ServerSeq: 444 ClientSeq: 267
02 03 13 00 02 08 c4 1f 07 c7 00 00 be 42 b4 7f b2 c6 07 00 02 0e 05 89 84 73 12 c7 00 00 be 42 
8d c3 82 c6 00 00 
.............B...........s.....B......

Client->GAME [17:00:54 07/14/09] packet size: 1 CRYPTED, Flags: 7f ServerSeq: 268 ClientSeq: 445
02 
.

GAME->Client [17:00:54 07/14/09] packet size: 146 CRYPTED, Flags: 7f ServerSeq: 445 ClientSeq: 268
02 03 02 00 02 80 80 80 90 e3 00 30 21 0a 00 28 03 07 00 02 0e 01 7f 3d 73 12 c7 00 00 be 42 19 
da 82 c6 00 00 04 02 01 2c 02 0b 80 bd 05 4b 04 00 00 00 00 00 01 16 80 bc 15 00 1f 06 00 4b 04 
00 00 f1 03 34 00 00 00 00 00 00 00 00 01 2e 01 41 81 67 17 00 27 00 35 02 00 7c 01 4b 04 00 00 
00 00 00 00 37 00 00 08 0e 00 41 66 74 65 72 57 68 6f 72 75 4e 65 6f 00 0e 00 41 66 74 65 72 57 
68 6f 72 75 4e 65 6f 00 02 00 34 00 00 00 00 00 00 00 
...........0!..(.......=s.....B.........,.....K...............K.....4...........A.g..'.5..|.K...
....7.....AfterWhoruNeo...AfterWhoruNeo...4.......

Client->GAME [17:00:54 07/14/09] packet size: 1 CRYPTED, Flags: 7f ServerSeq: 269 ClientSeq: 446
02 
.

Client->GAME [17:00:54 07/14/09] packet size: 50 CRYPTED, Flags: 7f ServerSeq: 269 ClientSeq: 447
02 04 01 00 1d 01 2b 80 b9 d9 00 00 00 00 00 00 00 00 00 00 00 00 00 00 00 00 00 00 00 00 00 00 
00 00 00 88 f2 12 00 cc f1 12 00 08 6b 00 00 00 00 00 
......+.....................................k.....

GAME->Client [17:00:54 07/14/09] packet size: 39 CRYPTED, Flags: 7f ServerSeq: 446 ClientSeq: 269
02 03 0d 00 02 0c c2 a7 7c 07 c7 00 00 be 42 00 a2 b3 c6 07 00 02 0e 01 75 97 6e 12 c7 00 00 be 
42 02 06 83 c6 00 00 
........|.....B.........u.n.....B......

Client->GAME [17:00:54 07/14/09] packet size: 1 CRYPTED, Flags: 7f ServerSeq: 270 ClientSeq: 448
02 
.

GAME->Client [17:00:54 07/14/09] packet size: 41 CRYPTED, Flags: 7f ServerSeq: 447 ClientSeq: 270
82 ad 73 d8 48 03 07 00 02 0c 73 c6 65 12 c7 00 00 be 42 64 3b 83 c6 05 00 02 08 fd e4 30 c7 00 
00 be 42 42 da 80 c6 00 00 
..s.H.....s.e.....Bd;........0....BB.....

Client->GAME [17:00:54 07/14/09] packet size: 1 CRYPTED, Flags: 7f ServerSeq: 271 ClientSeq: 449
02 
.

GAME->Client [17:00:54 07/14/09] packet size: 97 CRYPTED, Flags: 7f ServerSeq: 448 ClientSeq: 256
02 03 02 00 03 28 02 c0 00 98 d9 00 00 54 1c c7 00 00 be 42 00 84 99 c6 5c 1f 6c 1a 80 80 80 80 
30 1d 0a 00 28 04 0d 00 02 08 3a af 07 c7 00 00 be 42 47 9e b3 c6 07 00 02 0c 72 74 5e 12 c7 00 
00 be 42 f2 65 83 c6 00 00 04 01 01 2f 01 12 80 ac d9 00 00 00 00 00 00 00 00 00 00 00 00 00 00 
40 
.....(.......T.....B....\.l.....0...(.....:......BG.......rt^.....B.e......./...................
@

Client->GAME [17:00:54 07/14/09] packet size: 10 CRYPTED, Flags: 7f ServerSeq: 256 ClientSeq: 450
02 03 02 00 01 22 02 98 00 00 
....."....

GAME->Client [17:00:55 07/14/09] packet size: 226 CRYPTED, Flags: 7f ServerSeq: 449 ClientSeq: 257
02 03 02 00 03 28 02 c0 00 98 d9 00 00 54 1c c7 00 00 be 42 00 84 99 c6 d9 1f 6c 1a ff 01 64 01 
00 00 00 00 00 00 00 00 00 00 00 08 41 6e 64 65 72 73 6f 6e 06 54 68 6f 6d 61 73 ff 00 00 73 1a 
e9 88 80 60 04 00 02 8e 00 00 00 01 00 00 00 00 00 00 00 00 00 00 00 00 00 00 ff 28 0a 32 00 f0 
20 46 14 00 eb 93 5c 1a 00 00 00 c0 a9 bf e2 40 00 00 00 00 00 44 91 c0 00 00 00 20 f3 4e bf c0 
00 ff 00 00 00 00 00 f7 00 00 00 e3 00 00 00 00 00 28 0a ff 00 31 5e 00 00 00 00 00 00 00 1d 0a 
00 28 04 00 00 00 00 ff 00 00 00 00 01 00 76 0c 00 58 00 00 80 3f 11 00 00 00 4b b1 00 00 71 02 
00 00 3f 00 00 00 01 22 00 00 00 00 00 00 00 0d 00 02 0c c1 b4 c5 07 c7 00 00 be 42 9f 9c b3 c6 
00 00 
.....(.......T.....B......l...d.............Anderson.Thomas...s....`.......................(.2..
 F....\........@.....D..... .N...................(...1^..........(............v..X...?....K...q.
..?...."...................B......

Client->GAME [17:00:55 07/14/09] packet size: 1 CRYPTED, Flags: 7f ServerSeq: 257 ClientSeq: 451
02 
.

GAME->Client [17:00:55 07/14/09] packet size: 254 CRYPTED, Flags: 7f ServerSeq: 450 ClientSeq: 258
02 03 02 00 03 08 00 54 1c c7 00 00 be 42 00 84 99 c6 46 20 6c 1a ff 01 64 01 00 00 00 00 00 00 
00 00 00 00 00 08 41 6e 64 65 72 73 6f 6e 06 54 68 6f 6d 61 73 ff 00 00 73 1a e9 88 80 60 04 00 
02 8e 00 00 00 01 00 00 00 00 00 00 00 00 00 00 00 00 00 00 ff 28 0a 32 00 f0 20 46 14 00 eb 93 
5c 1a 00 00 00 c0 a9 bf e2 40 00 00 00 00 00 44 91 c0 00 00 00 20 f3 4e bf c0 00 ff 00 00 00 00 
00 f7 00 00 00 e3 00 00 00 00 00 28 0a ff 00 31 5e 00 00 00 00 00 00 00 1d 0a 00 28 04 00 00 00 
00 ff 00 00 00 00 01 00 76 0c 00 58 00 00 80 3f 11 00 00 00 4b b1 00 00 71 02 00 00 3f 00 00 00 
01 22 00 00 00 00 00 00 00 0d 00 02 0c c2 c0 d3 07 c7 00 00 be 42 3e 9b b3 c6 07 00 02 0c 73 ba 
52 12 c7 00 00 be 42 31 ab 83 c6 05 00 02 0c de 5f 10 31 c7 00 00 be 42 20 8a 80 c6 00 00 
.......T.....B....F l...d.............Anderson.Thomas...s....`.......................(.2.. F....
\........@.....D..... .N...................(...1^..........(............v..X...?....K...q...?...
."...................B>.......s.R.....B1........_.1....B .....

Client->GAME [17:00:55 07/14/09] packet size: 1 CRYPTED, Flags: 7f ServerSeq: 258 ClientSeq: 452
02 
.

GAME->Client [17:00:55 07/14/09] packet size: 21 CRYPTED, Flags: 7f ServerSeq: 451 ClientSeq: 259
02 03 0d 00 02 0c c1 40 ea 07 c7 00 00 be 42 23 9a b3 c6 00 00 
.......@......B#.....

Client->GAME [17:00:55 07/14/09] packet size: 1 CRYPTED, Flags: 7f ServerSeq: 259 ClientSeq: 453
02 
.

GAME->Client [17:00:55 07/14/09] packet size: 20 CRYPTED, Flags: 7f ServerSeq: 452 ClientSeq: 260
02 03 13 00 02 08 72 ab 07 c7 00 00 be 42 ae a5 b1 c6 00 00 
......r......B......

Client->GAME [17:00:55 07/14/09] packet size: 1 CRYPTED, Flags: 7f ServerSeq: 260 ClientSeq: 454
02 
.

GAME->Client [17:00:55 07/14/09] packet size: 13 CRYPTED, Flags: 7f ServerSeq: 453 ClientSeq: 261
02 03 02 00 02 80 80 80 10 e6 00 00 00 
.............

Client->GAME [17:00:55 07/14/09] packet size: 1 CRYPTED, Flags: 7f ServerSeq: 261 ClientSeq: 455
02 
.

GAME->Client [17:00:55 07/14/09] packet size: 20 CRYPTED, Flags: 7f ServerSeq: 454 ClientSeq: 262
02 03 07 00 02 08 73 35 12 c7 00 00 be 42 66 55 84 c6 00 00 
......s5.....BfU....

Client->GAME [17:00:55 07/14/09] packet size: 1 CRYPTED, Flags: 7f ServerSeq: 262 ClientSeq: 456
02 
.

GAME->Client [17:00:55 07/14/09] packet size: 36 CRYPTED, Flags: 7f ServerSeq: 455 ClientSeq: 264
02 03 0d 00 02 08 18 63 08 c7 00 00 be 42 4e 91 b3 c6 05 00 02 08 7c 79 31 c7 00 00 be 42 e2 8d 
7f c6 00 00 
.......c.....BN.......|y1....B......

Client->GAME [17:00:55 07/14/09] packet size: 1 CRYPTED, Flags: 7f ServerSeq: 263 ClientSeq: 457
02 
.

GAME->Client [17:00:56 07/14/09] packet size: 26 CRYPTED, Flags: 7f ServerSeq: 456 ClientSeq: 264
82 d5 73 d8 48 03 0d 00 02 0e 05 b7 18 63 08 c7 00 00 be 42 4e 91 b3 c6 00 00 
..s.H........c.....BN.....

Client->GAME [17:00:56 07/14/09] packet size: 1 CRYPTED, Flags: 7f ServerSeq: 264 ClientSeq: 458
02 
.

GAME->Client [17:00:56 07/14/09] packet size: 56 CRYPTED, Flags: 7f ServerSeq: 457 ClientSeq: 265
02 03 0d 00 02 0e 05 b1 18 63 08 c7 00 00 be 42 4e 91 b3 c6 07 00 02 0c 72 0c 18 12 c7 00 00 be 
42 7f ff 84 c6 05 00 02 0c df 26 94 31 c7 00 00 be 42 db 29 7f c6 00 00 
.........c.....BN.......r.......B.........&.1....B.)....

Client->GAME [17:00:56 07/14/09] packet size: 1 CRYPTED, Flags: 7f ServerSeq: 265 ClientSeq: 459
02 
.

GAME->Client [17:00:56 07/14/09] packet size: 21 CRYPTED, Flags: 7f ServerSeq: 458 ClientSeq: 266
02 03 0d 00 02 0c a6 18 63 08 c7 00 00 be 42 4e 91 b3 c6 00 00 
........c.....BN.....

Client->GAME [17:00:56 07/14/09] packet size: 1 CRYPTED, Flags: 7f ServerSeq: 266 ClientSeq: 460
02 
.

GAME->Client [17:00:56 07/14/09] packet size: 37 CRYPTED, Flags: 7f ServerSeq: 459 ClientSeq: 267
02 03 13 00 02 08 38 3b 08 c7 00 00 be 42 e2 c3 b0 c6 0d 00 02 0c 9c 18 63 08 c7 00 00 be 42 4e 
91 b3 c6 00 00 
......8;.....B..........c.....BN.....

Client->GAME [17:00:56 07/14/09] packet size: 1 CRYPTED, Flags: 7f ServerSeq: 267 ClientSeq: 461
02 
.

GAME->Client [17:00:56 07/14/09] packet size: 30 CRYPTED, Flags: 7f ServerSeq: 460 ClientSeq: 268
02 03 02 00 02 80 80 80 10 ea 00 0d 00 02 0c 92 18 63 08 c7 00 00 be 42 4e 91 b3 c6 00 00 
.................c.....BN.....

Client->GAME [17:00:56 07/14/09] packet size: 1 CRYPTED, Flags: 7f ServerSeq: 268 ClientSeq: 462
02 
.

GAME->Client [17:00:56 07/14/09] packet size: 37 CRYPTED, Flags: 7f ServerSeq: 461 ClientSeq: 269
02 03 0d 00 02 0c 87 18 63 08 c7 00 00 be 42 4e 91 b3 c6 07 00 02 08 e0 f8 11 c7 00 00 be 42 49 
b4 85 c6 00 00 
........c.....BN..............BI.....

Client->GAME [17:00:56 07/14/09] packet size: 1 CRYPTED, Flags: 7f ServerSeq: 269 ClientSeq: 463
02 
.

GAME->Client [17:00:56 07/14/09] packet size: 73 CRYPTED, Flags: 7f ServerSeq: 462 ClientSeq: 270
02 03 13 00 02 0e 04 e1 43 69 08 c7 00 00 be 42 ea 79 b0 c6 0d 00 02 0c 7d 18 63 08 c7 00 00 be 
42 4e 91 b3 c6 07 00 02 0c 73 d1 f1 11 c7 00 00 be 42 04 df 85 c6 05 00 02 0c de d4 ea 31 c7 00 
00 be 42 e6 e8 7d c6 00 00 
........Ci.....B.y......}.c.....BN.......s.......B...........1....B..}...

Client->GAME [17:00:56 07/14/09] packet size: 1 CRYPTED, Flags: 7f ServerSeq: 270 ClientSeq: 464
02 
.

GAME->Client [17:00:56 07/14/09] packet size: 250 CRYPTED, Flags: 7f ServerSeq: 463 ClientSeq: 271
02 03 02 00 02 80 80 80 90 c2 00 84 ff 80 03 00 00 08 01 12 13 00 02 0e 04 ec 43 69 08 c7 00 00 
be 42 ea 79 b0 c6 0d 00 02 0c 72 18 63 08 c7 00 00 be 42 4e 91 b3 c6 07 00 02 0e 00 6c 08 ee 11 
c7 00 00 be 42 2e f4 85 c6 05 00 02 0e 04 e5 f8 f2 31 c7 00 00 be 42 e6 c9 7d c6 03 00 02 0e 01 
dc 27 79 11 c7 00 00 be 42 d4 e3 84 c6 00 00 04 02 01 30 04 0b 80 bd 05 d9 00 00 00 00 00 00 01 
06 80 c1 01 00 c8 00 16 80 bc 19 00 20 06 00 d9 00 00 00 70 02 00 00 00 00 00 00 00 00 00 16 80 
bc 1d 00 21 06 00 70 02 00 00 00 00 00 00 00 00 00 00 00 00 00 01 34 01 41 81 67 17 00 27 00 b9 
01 00 7c 01 d9 00 00 00 00 00 00 00 37 00 00 08 0e 00 41 66 74 65 72 57 68 6f 72 75 4e 65 6f 00 
0e 00 41 66 74 65 72 57 68 6f 72 75 4e 65 6f 00 02 00 00 00 00 00 00 00 00 00 
..........................Ci.....B.y......r.c.....BN........l.......B............1....B..}......
.'y.....B.........0......................... ......p...............!..p...............4.A.g..'..
..|.........7.....AfterWhoruNeo...AfterWhoruNeo...........

Client->GAME [17:00:56 07/14/09] packet size: 9 CRYPTED, Flags: 7f ServerSeq: 271 ClientSeq: 465
02 03 02 00 01 02 00 00 00 
.........

GAME->Client [17:00:57 07/14/09] packet size: 93 CRYPTED, Flags: 7f ServerSeq: 464 ClientSeq: 256
02 03 13 00 02 0c f7 43 69 08 c7 00 00 be 42 ea 79 b0 c6 0d 00 02 0e 00 67 18 63 08 c7 00 00 be 
42 4e 91 b3 c6 07 00 02 0e 00 61 08 ee 11 c7 00 00 be 42 2e f4 85 c6 05 00 02 0e 04 f0 f8 f2 31 
c7 00 00 be 42 e6 c9 7d c6 03 00 02 0e 04 e7 27 79 11 c7 00 00 be 42 d4 e3 84 c6 00 00 
.......Ci.....B.y.......g.c.....BN........a.......B............1....B..}.......'y.....B......

Client->GAME [17:00:57 07/14/09] packet size: 1 CRYPTED, Flags: 7f ServerSeq: 256 ClientSeq: 466
02 
.

GAME->Client [17:00:57 07/14/09] packet size: 78 CRYPTED, Flags: 7f ServerSeq: 465 ClientSeq: 257
82 fb 73 d8 48 03 13 00 02 0c 01 43 69 08 c7 00 00 be 42 ea 79 b0 c6 0d 00 02 0e 00 5e 18 63 08 
c7 00 00 be 42 4e 91 b3 c6 05 00 02 0c fa f8 f2 31 c7 00 00 be 42 e6 c9 7d c6 03 00 02 0e 04 f1 
27 79 11 c7 00 00 be 42 d4 e3 84 c6 00 00 
..s.H......Ci.....B.y.......^.c.....BN..........1....B..}.......'y.....B......

Client->GAME [17:00:57 07/14/09] packet size: 1 CRYPTED, Flags: 7f ServerSeq: 257 ClientSeq: 467
02 
.

GAME->Client [17:00:57 07/14/09] packet size: 58 CRYPTED, Flags: 7f ServerSeq: 466 ClientSeq: 258
02 03 13 00 02 0e 00 0b 43 69 08 c7 00 00 be 42 ea 79 b0 c6 05 00 02 0e 00 04 f8 f2 31 c7 00 00 
be 42 e6 c9 7d c6 03 00 02 0e 01 fb 45 7d 11 c7 00 00 be 42 b6 b7 84 c6 00 00 
........Ci.....B.y..........1....B..}.......E}.....B......

Client->GAME [17:00:57 07/14/09] packet size: 1 CRYPTED, Flags: 7f ServerSeq: 258 ClientSeq: 468
02 
.

GAME->Client [17:00:57 07/14/09] packet size: 58 CRYPTED, Flags: 7f ServerSeq: 467 ClientSeq: 259
02 03 13 00 02 0e 00 14 43 69 08 c7 00 00 be 42 ea 79 b0 c6 05 00 02 0e 00 0f f8 f2 31 c7 00 00 
be 42 e6 c9 7d c6 03 00 02 0e 01 02 94 7c 11 c7 00 00 be 42 1d 85 84 c6 00 00 
........Ci.....B.y..........1....B..}........|.....B......

Client->GAME [17:00:57 07/14/09] packet size: 1 CRYPTED, Flags: 7f ServerSeq: 259 ClientSeq: 469
02 
.

GAME->Client [17:00:57 07/14/09] packet size: 31 CRYPTED, Flags: 7f ServerSeq: 468 ClientSeq: 259
02 03 02 00 02 80 80 80 10 c6 00 05 00 02 0e 00 11 f8 f2 31 c7 00 00 be 42 e6 c9 7d c6 00 00 
...................1....B..}...

Client->GAME [17:00:57 07/14/09] packet size: 1 CRYPTED, Flags: 7f ServerSeq: 260 ClientSeq: 470
02 
.

GAME->Client [17:00:57 07/14/09] packet size: 20 CRYPTED, Flags: 7f ServerSeq: 469 ClientSeq: 262
02 03 03 00 02 08 07 78 11 c7 00 00 be 42 bc cb 83 c6 00 00 
.......x.....B......

Client->GAME [17:00:57 07/14/09] packet size: 1 CRYPTED, Flags: 7f ServerSeq: 261 ClientSeq: 471
02 
.

