Client->GAME [12:28:51 07/07/09] packet size: 17 CRYPTED, Flags: 7f ServerSeq: 1 ClientSeq: 113
02 04 01 00 0c 01 0a 80 ff 01 00 00 00 90 00 00 00 
.................

GAME->Client [12:28:51 07/07/09] packet size: 1 CRYPTED, Flags: ff ServerSeq: 82 ClientSeq: 1
02 
.

Client->GAME [12:28:51 07/07/09] packet size: 1 CRYPTED, Flags: 7f ServerSeq: 2 ClientSeq: 114
02 
.

GAME->Client [12:28:51 07/07/09] packet size: 700 CRYPTED, Flags: 7f ServerSeq: 83 ClientSeq: 1
82 65 8e fb 48 04 01 01 5d 1e 16 80 bc 15 00 44 00 00 f7 03 00 00 08 02 00 00 00 00 01 00 00 00 
00 16 80 bc 15 00 45 00 00 f7 03 00 00 07 02 ec ff ff ff 01 00 00 00 00 16 80 bc 15 00 46 00 00 
f7 03 00 00 50 04 00 00 00 00 01 00 00 00 00 16 80 bc 15 00 47 00 00 f7 03 00 00 f4 03 00 00 00 
00 01 00 00 00 00 16 80 bc 15 00 48 00 00 f7 03 00 00 51 04 f6 ff ff ff 01 00 00 00 00 16 80 bc 
15 00 49 00 00 f7 03 00 00 52 04 0f 00 00 00 01 00 00 00 00 16 80 bc 56 00 4a 00 00 ef b2 00 00 
1b 04 02 00 00 00 01 00 00 00 00 16 80 bc 56 00 4b 00 00 ef b2 00 00 b4 00 20 00 00 00 01 00 00 
00 00 16 80 bc 56 00 4c 00 00 ef b2 00 00 09 04 20 00 00 00 01 00 00 00 00 16 80 bc 56 00 4d 00 
00 ef b2 00 00 77 04 01 00 00 00 01 00 00 00 00 16 80 bc 56 00 4e 00 00 ef b2 00 00 e6 03 02 00 
00 00 01 00 00 00 00 16 80 bc 56 00 4f 00 00 ef b2 00 00 b5 00 20 00 00 00 01 00 00 00 00 16 80 
bc 56 00 50 00 00 70 9a 00 00 23 04 02 00 00 00 01 00 00 00 00 16 80 bc 56 00 51 00 00 70 9a 00 
00 b4 00 1e 00 00 00 01 00 00 00 00 16 80 bc 56 00 52 00 00 70 9a 00 00 20 04 02 00 00 00 01 00 
00 00 00 16 80 bc 56 00 53 00 00 70 9a 00 00 9d 00 1e 00 00 00 01 00 00 00 00 16 80 bc 56 00 54 
00 00 70 9a 00 00 b5 00 1e 00 00 00 01 00 00 00 00 16 80 bc 56 00 55 00 00 8a b2 00 00 23 04 02 
00 00 00 01 00 00 00 00 16 80 bc 56 00 56 00 00 8a b2 00 00 21 04 01 00 00 00 01 00 00 00 00 16 
80 bc 56 00 57 00 00 8a b2 00 00 b4 00 1d 00 00 00 01 00 00 00 00 16 80 bc 56 00 58 00 00 8a b2 
00 00 09 04 1d 00 00 00 01 00 00 00 00 16 80 bc 56 00 59 00 00 8a b2 00 00 9d 00 1d 00 00 00 01 
00 00 00 00 16 80 bc 56 00 5a 00 00 8a b2 00 00 06 04 01 00 00 00 01 00 00 00 00 16 80 bc 56 00 
5b 00 00 24 b3 00 00 89 02 02 00 00 00 01 00 00 00 00 16 80 bc 56 00 5c 00 00 24 b3 00 00 1a 04 
01 00 00 00 01 00 00 00 00 16 80 bc 56 00 5d 00 00 24 b3 00 00 b4 00 21 00 00 00 01 00 00 00 00 
16 80 bc 56 00 5e 00 00 24 b3 00 00 09 04 21 00 00 00 01 00 00 00 00 16 80 bc 56 00 5f 00 00 24 
b3 00 00 15 04 02 00 00 00 01 00 00 00 00 16 80 bc 56 00 60 00 00 24 b3 00 00 b5 00 21 00 00 00 
01 00 00 00 00 16 80 bc 56 00 61 00 00 95 a7 00 00 b4 00 12 00 00 00 01 00 00 00 00 
.e..H...]......D......................E......................F......P...............G...........
...........H......Q...............I......R.............V.J....................V.K........ ......
.....V.L........ ...........V.M......w.............V.N....................V.O........ ..........
.V.P..p...#.............V.Q..p.................V.R..p... .............V.S..p.................V.T
..p.................V.U......#.............V.V......!.............V.W....................V.X....
................V.Y....................V.Z....................V.[..$.................V.\..$.....
............V.]..$.....!...........V.^..$.....!...........V._..$.................V.`..$.....!...
........V.a.................

Client->GAME [12:28:51 07/07/09] packet size: 1 CRYPTED, Flags: 7f ServerSeq: 3 ClientSeq: 115
02 
.

GAME->Client [12:28:51 07/07/09] packet size: 696 CRYPTED, Flags: 7f ServerSeq: 84 ClientSeq: 2
02 04 01 01 7b 1e 16 80 bc 56 00 62 00 00 95 a7 00 00 b5 00 12 00 00 00 01 00 00 00 00 16 80 bc 
56 00 63 00 00 95 a7 00 00 09 04 12 00 00 00 01 00 00 00 00 16 80 bc 56 00 64 00 00 95 a7 00 00 
70 00 0f 00 00 00 01 00 00 00 00 16 80 bc 56 00 65 00 00 2c b3 00 00 17 04 01 00 00 00 01 00 00 
00 00 16 80 bc 56 00 66 00 00 2c b3 00 00 b4 00 21 00 00 00 01 00 00 00 00 16 80 bc 56 00 67 00 
00 2c b3 00 00 09 04 21 00 00 00 01 00 00 00 00 16 80 bc 56 00 68 00 00 2c b3 00 00 12 04 02 00 
00 00 01 00 00 00 00 16 80 bc 56 00 69 00 00 2c b3 00 00 07 04 02 00 00 00 01 00 00 00 00 16 80 
bc 56 00 6a 00 00 2c b3 00 00 b5 00 21 00 00 00 01 00 00 00 00 16 80 bc 56 00 6b 00 00 c3 b2 00 
00 89 02 02 00 00 00 01 00 00 00 00 16 80 bc 56 00 6c 00 00 c3 b2 00 00 21 04 02 00 00 00 01 00 
00 00 00 16 80 bc 56 00 6d 00 00 c3 b2 00 00 b4 00 1f 00 00 00 01 00 00 00 00 16 80 bc 56 00 6e 
00 00 c3 b2 00 00 09 04 1f 00 00 00 01 00 00 00 00 16 80 bc 56 00 6f 00 00 c3 b2 00 00 1e 04 01 
00 00 00 01 00 00 00 00 16 80 bc 56 00 70 00 00 c3 b2 00 00 9d 00 1f 00 00 00 01 00 00 00 00 16 
80 bc 55 00 71 00 00 02 00 00 00 cc 00 0c 00 00 00 01 00 00 00 00 16 80 bc 55 00 72 00 00 0b 00 
00 00 37 02 96 00 00 00 01 00 00 00 00 16 80 bc 55 00 73 00 00 2d 00 00 00 23 04 0a 00 00 00 01 
00 00 00 00 16 80 bc 55 00 74 00 00 2d 00 00 00 20 04 0a 00 00 00 01 00 00 00 00 16 80 bc 55 00 
75 00 00 2d 00 00 00 19 04 05 00 00 00 01 00 00 00 00 16 80 bc 55 00 76 00 00 2d 00 00 00 42 04 
05 00 00 00 01 00 00 00 00 16 80 bc 55 00 77 00 00 34 00 00 00 83 02 c8 00 00 00 01 00 00 00 00 
16 80 bc 55 00 78 00 00 4b 00 00 00 1f 04 19 00 00 00 01 00 00 00 00 16 80 bc 55 00 79 00 00 5f 
00 00 00 7c 04 0f 00 00 00 01 00 00 00 00 16 80 bc 55 00 7a 00 00 5f 00 00 00 07 04 0f 00 00 00 
01 00 00 00 00 16 80 bc 55 00 7b 00 00 62 00 00 00 06 04 01 00 00 00 01 00 00 00 00 16 80 bc 55 
00 7c 00 00 62 00 00 00 15 04 01 00 00 00 01 00 00 00 00 16 80 bc 55 00 7d 00 00 5a 01 00 00 07 
04 05 00 00 00 01 00 00 00 00 16 80 bc 55 00 7e 00 00 5a 01 00 00 1d 04 0f 00 00 00 01 00 00 00 
00 16 80 bc 55 00 7f 00 00 64 01 00 00 1f 04 05 00 00 00 01 00 00 00 00 
....{....V.b....................V.c....................V.d......p.............V.e..,............
.....V.f..,.....!...........V.g..,.....!...........V.h..,.................V.i..,................
.V.j..,.....!...........V.k....................V.l......!.............V.m....................V.n
....................V.o....................V.p....................U.q....................U.r....
..7.............U.s..-...#.............U.t..-... .............U.u..-.................U.v..-...B.
............U.w..4.................U.x..K.................U.y.._...|.............U.z.._.........
........U.{..b.................U.|..b.................U.}..Z.................U.~..Z.............
....U....d..............

Client->GAME [12:28:51 07/07/09] packet size: 1 CRYPTED, Flags: 7f ServerSeq: 4 ClientSeq: 116
02 
.

GAME->Client [12:28:51 07/07/09] packet size: 479 CRYPTED, Flags: 7f ServerSeq: 85 ClientSeq: 3
02 04 02 01 99 03 16 80 bc 55 00 80 00 00 66 01 00 00 7b 04 05 00 00 00 01 00 00 00 00 16 80 bc 
55 00 81 00 00 66 01 00 00 12 04 0a 00 00 00 01 00 00 00 00 16 80 bc 55 00 82 00 00 66 01 00 00 
06 04 0b 00 00 00 01 00 00 00 00 01 9c 17 16 80 bc 55 00 83 00 00 8e 01 00 00 03 04 05 00 00 00 
01 00 00 00 00 16 80 bc 55 00 84 00 00 8e 01 00 00 12 04 0f 00 00 00 01 00 00 00 00 16 80 bc 55 
00 85 00 00 8e 01 00 00 77 04 05 00 00 00 01 00 00 00 00 16 80 bc 55 00 86 00 00 cd 01 00 00 e5 
03 05 00 00 00 01 00 00 00 00 16 80 bc 55 00 87 00 00 cd 01 00 00 73 04 05 00 00 00 01 00 00 00 
00 16 80 bc 55 00 88 00 00 cd 01 00 00 e3 03 0f 00 00 00 01 00 00 00 00 16 80 bc 55 00 89 00 00 
d5 01 00 00 e3 03 05 00 00 00 01 00 00 00 00 16 80 bc 55 00 8b 00 00 74 02 00 00 34 02 1e 00 00 
00 01 00 00 00 00 16 80 bc 11 00 8c 00 00 00 00 00 00 cb 02 00 00 00 00 01 00 00 00 00 16 80 bc 
45 00 8f 00 00 36 02 00 00 37 02 0a 00 00 00 01 00 00 00 00 04 80 b3 11 00 16 80 bc 45 03 11 00 
00 02 00 00 00 11 00 32 00 00 00 01 00 00 00 00 04 80 b3 35 04 16 80 bc 45 03 35 04 00 62 00 00 
00 35 04 00 00 00 00 01 00 00 00 00 04 80 b3 3d 04 16 80 bc 45 03 3d 04 00 43 00 00 00 3d 04 00 
00 00 00 01 00 00 00 00 04 80 b3 3e 04 16 80 bc 45 03 3e 04 00 4f 01 00 00 3e 04 00 00 00 00 01 
00 00 00 00 04 80 b3 3f 04 16 80 bc 45 03 3f 04 00 64 01 00 00 3f 04 00 00 00 00 01 00 00 00 00 
04 80 b3 40 04 16 80 bc 45 03 40 04 00 d5 01 00 00 40 04 00 00 00 00 01 00 00 00 00 02 81 07 
.........U....f...{.............U....f.................U....f....................U..............
........U......................U........w.............U......................U........s.........
....U......................U......................U....t...4....................................
E....6...7..................E..........2...........5....E.5..b...5.............=....E.=..C...=..
...........>....E.>..O...>.............?....E.?..d...?.............@....E.@......@.............

Client->GAME [12:28:51 07/07/09] packet size: 13 CRYPTED, Flags: 7f ServerSeq: 5 ClientSeq: 117
02 04 01 00 0d 01 06 81 08 00 00 00 00 
.............

GAME->Client [12:28:52 07/07/09] packet size: 1 CRYPTED, Flags: 7f ServerSeq: 86 ClientSeq: 5
02 
.

GAME->Client [12:28:52 07/07/09] packet size: 1 CRYPTED, Flags: 7f ServerSeq: 87 ClientSeq: 5
42 
B

GAME->Client [12:28:52 07/07/09] packet size: 5 CRYPTED, Flags: 7f ServerSeq: 88 ClientSeq: 5
c2 89 8e fb 48 
....H

Client->GAME [12:28:52 07/07/09] packet size: 1 CRYPTED, Flags: 7f ServerSeq: 8 ClientSeq: 118
02 
.

GAME->Client [12:28:52 07/07/09] packet size: 1 CRYPTED, Flags: 7f ServerSeq: 89 ClientSeq: 5
42 
B

Client->GAME [12:28:52 07/07/09] packet size: 1 CRYPTED, Flags: 7f ServerSeq: 9 ClientSeq: 119
42 
B

GAME->Client [12:28:53 07/07/09] packet size: 1 CRYPTED, Flags: 7f ServerSeq: 90 ClientSeq: 6
42 
B

GAME->Client [12:28:53 07/07/09] packet size: 112 CRYPTED, Flags: 0 ServerSeq: 2 ClientSeq: 0
02 04 01 00 03 02 34 2e 07 00 00 00 00 00 00 00 00 00 00 00 64 00 00 2e 00 24 00 00 00 00 00 00 
00 00 00 00 00 00 00 00 00 00 00 0e 00 41 66 74 65 72 57 68 6f 72 75 4e 65 6f 00 34 2e 07 00 00 
00 00 00 00 00 00 00 00 00 64 00 00 2e 00 24 00 00 00 00 00 00 00 00 00 00 00 00 00 00 00 00 00 
0e 00 41 66 74 65 72 57 68 6f 72 75 4e 65 6f 00 
......4.............d....$...................AfterWhoruNeo.4.............d....$.................
..AfterWhoruNeo.

Client->GAME [12:28:53 07/07/09] packet size: 1 CRYPTED, Flags: 2 ServerSeq: 2 ClientSeq: 1
02 
.

GAME->Client [12:28:54 07/07/09] packet size: 132 CRYPTED, Flags: 1 ServerSeq: 3 ClientSeq: 1
02 04 01 00 00 03 67 06 0e 00 01 00 00 00 91 8e fb 48 01 44 00 34 00 72 65 73 6f 75 72 63 65 2f 
77 6f 72 6c 64 73 2f 66 69 6e 61 6c 5f 77 6f 72 6c 64 2f 73 6c 75 6d 73 5f 62 61 72 72 65 6e 73 
5f 66 75 6c 6c 2e 6d 65 74 72 00 21 00 48 61 6c 6c 6f 77 65 65 6e 5f 45 76 65 6e 74 2c 48 61 6c 
6c 6f 77 65 65 6e 5f 53 6b 79 62 6f 78 00 0a 80 e5 e7 cb c0 12 00 00 00 00 0a 80 e4 86 4f 78 00 
00 00 00 00 
......g..........H.D.4.resource/worlds/final_world/slums_barrens_full.metr.!.Halloween_Event,Hal
loween_Skybox................Ox.....

Client->GAME [12:28:54 07/07/09] packet size: 6 CRYPTED, Flags: 5 ServerSeq: 3 ClientSeq: 2
02 05 02 0c 00 00 
......

GAME->Client [12:28:54 07/07/09] packet size: 1 CRYPTED, Flags: 3 ServerSeq: 4 ClientSeq: 2
02 
.

Client->GAME [12:28:57 07/07/09] packet size: 8 CRYPTED, Flags: 5 ServerSeq: 3 ClientSeq: 3
02 04 01 00 00 01 01 05 
........

GAME->Client [12:28:58 07/07/09] packet size: 221 CRYPTED, Flags: 7 ServerSeq: 5 ClientSeq: 3
82 2d 8f fb 48 03 01 00 0c 0c 00 4d cd ab 1c 8b 81 ff 71 02 00 00 41 6e 64 65 72 73 6f 6e 00 00 
00 00 00 00 00 00 00 00 00 00 00 00 00 00 00 00 00 00 00 00 00 00 90 54 68 6f 6d 61 73 00 00 00 
00 00 00 00 00 00 00 00 00 00 00 00 00 00 00 00 00 00 00 00 00 00 00 80 d8 28 0a 0c 00 00 00 01 
8e 81 ff f7 00 31 5e 00 00 c6 67 00 41 66 74 65 72 57 68 6f 72 75 4e 65 6f 00 00 00 00 00 00 00 
00 00 00 00 00 00 00 00 00 00 00 00 28 0a fd 64 01 00 00 67 00 75 d4 01 00 4b b1 00 00 04 80 73 
1a e9 82 80 60 04 00 02 8e 00 00 00 f7 00 9d 00 00 00 00 20 3c fc 40 00 00 00 00 fe b7 85 40 00 
00 00 00 00 c0 b2 40 81 ff 32 22 90 01 00 88 80 1c 01 00 10 00 00 67 00 02 00 00 00 00 
.-..H......M......q...Anderson.........................Thomas............................(......
.....1^...g.AfterWhoruNeo...................(..d...g.u...K.....s....`.............. <.@.......@.
......@..2"...........g......

GAME->Client [12:28:59 07/07/09] packet size: 257 CRYPTED, Flags: 7 ServerSeq: 6 ClientSeq: 3
02 03 01 00 0c 0c 00 4d cd ab 1c 8b 81 ff 71 02 00 00 41 6e 64 65 72 73 6f 6e 00 00 00 00 00 00 
00 00 00 00 00 00 00 00 00 00 00 00 00 00 00 00 00 00 90 54 68 6f 6d 61 73 00 00 00 00 00 00 00 
00 00 00 00 00 00 00 00 00 00 00 00 00 00 00 00 00 00 00 80 d8 28 0a 0c 00 00 00 01 8e 81 ff f7 
00 31 5e 00 00 c6 67 00 41 66 74 65 72 57 68 6f 72 75 4e 65 6f 00 00 00 00 00 00 00 00 00 00 00 
00 00 00 00 00 00 00 00 28 0a fd 64 01 00 00 67 00 75 d4 01 00 4b b1 00 00 04 80 73 1a e9 82 80 
60 04 00 02 8e 00 00 00 f7 00 9d 00 00 00 00 20 3c fc 40 00 00 00 00 fe b7 85 40 00 00 00 00 00 
c0 b2 40 81 ff 32 22 90 01 00 88 80 1c 01 00 10 00 00 67 00 02 00 00 00 00 04 01 00 05 01 22 81 
43 5d 04 00 28 00 00 00 e0 27 8a fc 40 00 00 00 00 00 08 83 40 00 00 00 a0 19 1e be 40 00 00 80 
3f 
.......M......q...Anderson.........................Thomas............................(..........
.1^...g.AfterWhoruNeo...................(..d...g.u...K.....s....`.............. <.@.......@.....
..@..2"...........g...........".C]..(....'..@.......@.......@...?

GAME->Client [12:29:01 07/07/09] packet size: 261 CRYPTED, Flags: 7 ServerSeq: 7 ClientSeq: 3
82 95 8f fb 48 03 01 00 0c 0c 00 4d cd ab 1c 8b 81 ff 71 02 00 00 41 6e 64 65 72 73 6f 6e 00 00 
00 00 00 00 00 00 00 00 00 00 00 00 00 00 00 00 00 00 00 00 00 00 90 54 68 6f 6d 61 73 00 00 00 
00 00 00 00 00 00 00 00 00 00 00 00 00 00 00 00 00 00 00 00 00 00 00 80 d8 28 0a 0c 00 00 00 01 
8e 81 ff f7 00 31 5e 00 00 c6 67 00 41 66 74 65 72 57 68 6f 72 75 4e 65 6f 00 00 00 00 00 00 00 
00 00 00 00 00 00 00 00 00 00 00 00 28 0a fd 64 01 00 00 67 00 75 d4 01 00 4b b1 00 00 04 80 73 
1a e9 82 80 60 04 00 02 8e 00 00 00 f7 00 9d 00 00 00 00 20 3c fc 40 00 00 00 00 fe b7 85 40 00 
00 00 00 00 c0 b2 40 81 ff 32 22 90 01 00 88 80 1c 01 00 10 00 00 67 00 02 00 00 00 00 04 01 00 
05 01 22 81 43 5d 04 00 28 00 00 00 e0 27 8a fc 40 00 00 00 00 00 08 83 40 00 00 00 a0 19 1e be 
40 00 00 80 3f 
....H......M......q...Anderson.........................Thomas............................(......
.....1^...g.AfterWhoruNeo...................(..d...g.u...K.....s....`.............. <.@.......@.
......@..2"...........g...........".C]..(....'..@.......@.......@...?

GAME->Client [12:29:02 07/07/09] packet size: 257 CRYPTED, Flags: 7 ServerSeq: 8 ClientSeq: 3
02 03 01 00 0c 0c 00 4d cd ab 1c 8b 81 ff 71 02 00 00 41 6e 64 65 72 73 6f 6e 00 00 00 00 00 00 
00 00 00 00 00 00 00 00 00 00 00 00 00 00 00 00 00 00 90 54 68 6f 6d 61 73 00 00 00 00 00 00 00 
00 00 00 00 00 00 00 00 00 00 00 00 00 00 00 00 00 00 00 80 d8 28 0a 0c 00 00 00 01 8e 81 ff f7 
00 31 5e 00 00 c6 67 00 41 66 74 65 72 57 68 6f 72 75 4e 65 6f 00 00 00 00 00 00 00 00 00 00 00 
00 00 00 00 00 00 00 00 28 0a fd 64 01 00 00 67 00 75 d4 01 00 4b b1 00 00 04 80 73 1a e9 82 80 
60 04 00 02 8e 00 00 00 f7 00 9d 00 00 00 00 20 3c fc 40 00 00 00 00 fe b7 85 40 00 00 00 00 00 
c0 b2 40 81 ff 32 22 90 01 00 88 80 1c 01 00 10 00 00 67 00 02 00 00 00 00 04 01 00 05 01 22 81 
43 5d 04 00 28 00 00 00 e0 27 8a fc 40 00 00 00 00 00 08 83 40 00 00 00 a0 19 1e be 40 00 00 80 
3f 
.......M......q...Anderson.........................Thomas............................(..........
.1^...g.AfterWhoruNeo...................(..d...g.u...K.....s....`.............. <.@.......@.....
..@..2"...........g...........".C]..(....'..@.......@.......@...?

Client->GAME [12:29:03 07/07/09] packet size: 55 CRYPTED, Flags: 17 ServerSeq: 5 ClientSeq: 4
02 03 02 00 02 60 08 41 6e 64 65 72 73 6f 6e 06 54 68 6f 6d 61 73 00 00 04 01 00 01 05 02 80 be 
07 3f 4e 00 10 00 00 00 08 3e 6b 00 10 00 00 00 00 02 81 48 02 0c 01 
.....`.Anderson.Thomas...........?N......>k........H...

Client->GAME [12:29:03 07/07/09] packet size: 1 CRYPTED, Flags: 3f ServerSeq: 8 ClientSeq: 5
02 
.

GAME->Client [12:29:04 07/07/09] packet size: 700 CRYPTED, Flags: f ServerSeq: 9 ClientSeq: 4
82 ec 8f fb 48 04 01 00 06 1e 16 80 bc 15 00 90 00 00 f7 03 00 00 08 02 00 00 00 00 00 00 00 00 
00 16 80 bc 15 00 91 00 00 f7 03 00 00 07 02 ec ff ff ff 00 00 00 00 00 16 80 bc 15 00 92 00 00 
f7 03 00 00 50 04 00 00 00 00 00 00 00 00 00 16 80 bc 15 00 93 00 00 f7 03 00 00 f4 03 00 00 00 
00 00 00 00 00 00 16 80 bc 15 00 94 00 00 f7 03 00 00 51 04 f6 ff ff ff 00 00 00 00 00 16 80 bc 
15 00 95 00 00 f7 03 00 00 52 04 0f 00 00 00 00 00 00 00 00 16 80 bc 56 00 96 00 00 ef b2 00 00 
1b 04 02 00 00 00 00 00 00 00 00 16 80 bc 56 00 97 00 00 ef b2 00 00 b4 00 20 00 00 00 00 00 00 
00 00 16 80 bc 56 00 98 00 00 ef b2 00 00 09 04 20 00 00 00 00 00 00 00 00 16 80 bc 56 00 99 00 
00 ef b2 00 00 77 04 01 00 00 00 00 00 00 00 00 16 80 bc 56 00 9a 00 00 ef b2 00 00 e6 03 02 00 
00 00 00 00 00 00 00 16 80 bc 56 00 9b 00 00 ef b2 00 00 b5 00 20 00 00 00 00 00 00 00 00 16 80 
bc 56 00 9c 00 00 70 9a 00 00 23 04 02 00 00 00 00 00 00 00 00 16 80 bc 56 00 9d 00 00 70 9a 00 
00 b4 00 1e 00 00 00 00 00 00 00 00 16 80 bc 56 00 9e 00 00 70 9a 00 00 20 04 02 00 00 00 00 00 
00 00 00 16 80 bc 56 00 9f 00 00 70 9a 00 00 9d 00 1e 00 00 00 00 00 00 00 00 16 80 bc 56 00 a0 
00 00 70 9a 00 00 b5 00 1e 00 00 00 00 00 00 00 00 16 80 bc 56 00 a1 00 00 8a b2 00 00 23 04 02 
00 00 00 00 00 00 00 00 16 80 bc 56 00 a2 00 00 8a b2 00 00 21 04 01 00 00 00 00 00 00 00 00 16 
80 bc 56 00 a3 00 00 8a b2 00 00 b4 00 1d 00 00 00 00 00 00 00 00 16 80 bc 56 00 a4 00 00 8a b2 
00 00 09 04 1d 00 00 00 00 00 00 00 00 16 80 bc 56 00 a5 00 00 8a b2 00 00 9d 00 1d 00 00 00 00 
00 00 00 00 16 80 bc 56 00 a6 00 00 8a b2 00 00 06 04 01 00 00 00 00 00 00 00 00 16 80 bc 56 00 
a7 00 00 24 b3 00 00 89 02 02 00 00 00 00 00 00 00 00 16 80 bc 56 00 a8 00 00 24 b3 00 00 1a 04 
01 00 00 00 00 00 00 00 00 16 80 bc 56 00 a9 00 00 24 b3 00 00 b4 00 21 00 00 00 00 00 00 00 00 
16 80 bc 56 00 aa 00 00 24 b3 00 00 09 04 21 00 00 00 00 00 00 00 00 16 80 bc 56 00 ab 00 00 24 
b3 00 00 15 04 02 00 00 00 00 00 00 00 00 16 80 bc 56 00 ac 00 00 24 b3 00 00 b5 00 21 00 00 00 
00 00 00 00 00 16 80 bc 56 00 ad 00 00 95 a7 00 00 b4 00 12 00 00 00 00 00 00 00 00 
....H...............................................................P...........................
..................Q......................R.............V......................V.......... ......
.....V.......... ...........V........w.............V......................V.......... ..........
.V....p...#.............V....p.................V....p... .............V....p.................V..
..p.................V........#.............V........!.............V......................V......
................V......................V......................V....$.................V....$.....
............V....$.....!...........V....$.....!...........V....$.................V....$.....!...
........V...................

GAME->Client [12:29:04 07/07/09] packet size: 696 CRYPTED, Flags: f ServerSeq: 10 ClientSeq: 4
02 04 01 00 24 1e 16 80 bc 56 00 ae 00 00 95 a7 00 00 b5 00 12 00 00 00 00 00 00 00 00 16 80 bc 
56 00 af 00 00 95 a7 00 00 09 04 12 00 00 00 00 00 00 00 00 16 80 bc 56 00 b0 00 00 95 a7 00 00 
70 00 0f 00 00 00 00 00 00 00 00 16 80 bc 56 00 b1 00 00 2c b3 00 00 17 04 01 00 00 00 00 00 00 
00 00 16 80 bc 56 00 b2 00 00 2c b3 00 00 b4 00 21 00 00 00 00 00 00 00 00 16 80 bc 56 00 b3 00 
00 2c b3 00 00 09 04 21 00 00 00 00 00 00 00 00 16 80 bc 56 00 b4 00 00 2c b3 00 00 12 04 02 00 
00 00 00 00 00 00 00 16 80 bc 56 00 b5 00 00 2c b3 00 00 07 04 02 00 00 00 00 00 00 00 00 16 80 
bc 56 00 b6 00 00 2c b3 00 00 b5 00 21 00 00 00 00 00 00 00 00 16 80 bc 56 00 b7 00 00 c3 b2 00 
00 89 02 02 00 00 00 00 00 00 00 00 16 80 bc 56 00 b8 00 00 c3 b2 00 00 21 04 02 00 00 00 00 00 
00 00 00 16 80 bc 56 00 b9 00 00 c3 b2 00 00 b4 00 1f 00 00 00 00 00 00 00 00 16 80 bc 56 00 ba 
00 00 c3 b2 00 00 09 04 1f 00 00 00 00 00 00 00 00 16 80 bc 56 00 bb 00 00 c3 b2 00 00 1e 04 01 
00 00 00 00 00 00 00 00 16 80 bc 56 00 bc 00 00 c3 b2 00 00 9d 00 1f 00 00 00 00 00 00 00 00 16 
80 bc 55 00 bd 00 00 02 00 00 00 cc 00 0c 00 00 00 00 00 00 00 00 16 80 bc 55 00 be 00 00 0b 00 
00 00 37 02 96 00 00 00 00 00 00 00 00 16 80 bc 55 00 bf 00 00 2d 00 00 00 23 04 0a 00 00 00 00 
00 00 00 00 16 80 bc 55 00 c0 00 00 2d 00 00 00 20 04 0a 00 00 00 00 00 00 00 00 16 80 bc 55 00 
c1 00 00 2d 00 00 00 19 04 05 00 00 00 00 00 00 00 00 16 80 bc 55 00 c2 00 00 2d 00 00 00 42 04 
05 00 00 00 00 00 00 00 00 16 80 bc 55 00 c3 00 00 34 00 00 00 83 02 c8 00 00 00 00 00 00 00 00 
16 80 bc 55 00 c4 00 00 4b 00 00 00 1f 04 19 00 00 00 00 00 00 00 00 16 80 bc 55 00 c5 00 00 5f 
00 00 00 7c 04 0f 00 00 00 00 00 00 00 00 16 80 bc 55 00 c6 00 00 5f 00 00 00 07 04 0f 00 00 00 
00 00 00 00 00 16 80 bc 55 00 c7 00 00 62 00 00 00 06 04 01 00 00 00 00 00 00 00 00 16 80 bc 55 
00 c8 00 00 62 00 00 00 15 04 01 00 00 00 00 00 00 00 00 16 80 bc 55 00 c9 00 00 5a 01 00 00 07 
04 05 00 00 00 00 00 00 00 00 16 80 bc 55 00 ca 00 00 5a 01 00 00 1d 04 0f 00 00 00 00 00 00 00 
00 16 80 bc 55 00 cb 00 00 64 01 00 00 1f 04 05 00 00 00 00 00 00 00 00 
....$....V......................V......................V........p.............V....,............
.....V....,.....!...........V....,.....!...........V....,.................V....,................
.V....,.....!...........V......................V........!.............V......................V..
....................V......................V......................U......................U......
..7.............U....-...#.............U....-... .............U....-.................U....-...B.
............U....4.................U....K.................U...._...|.............U...._.........
........U....b.................U....b.................U....Z.................U....Z.............
....U....d..............

Client->GAME [12:29:04 07/07/09] packet size: 12
00 00 00 00 00 01 04 08 c1 01 a2 00 
............

Client->GAME [12:29:04 07/07/09] packet size: 1 CRYPTED, Flags: 7f ServerSeq: 10 ClientSeq: 6
02 
.

GAME->Client [12:29:04 07/07/09] packet size: 695 CRYPTED, Flags: 1f ServerSeq: 11 ClientSeq: 5
02 03 02 00 02 80 80 80 80 80 10 11 00 00 00 00 00 04 03 00 42 03 16 80 bc 55 00 cc 00 00 66 01 
00 00 7b 04 05 00 00 00 00 00 00 00 00 16 80 bc 55 00 cd 00 00 66 01 00 00 12 04 0a 00 00 00 00 
00 00 00 00 16 80 bc 55 00 ce 00 00 66 01 00 00 06 04 0b 00 00 00 00 00 00 00 00 00 45 10 16 80 
bc 55 00 cf 00 00 8e 01 00 00 03 04 05 00 00 00 00 00 00 00 00 16 80 bc 55 00 d0 00 00 8e 01 00 
00 12 04 0f 00 00 00 00 00 00 00 00 16 80 bc 55 00 d1 00 00 8e 01 00 00 77 04 05 00 00 00 00 00 
00 00 00 16 80 bc 55 00 d2 00 00 cd 01 00 00 e5 03 05 00 00 00 00 00 00 00 00 16 80 bc 55 00 d3 
00 00 cd 01 00 00 73 04 05 00 00 00 00 00 00 00 00 16 80 bc 55 00 d4 00 00 cd 01 00 00 e3 03 0f 
00 00 00 00 00 00 00 00 16 80 bc 55 00 d5 00 00 d5 01 00 00 e3 03 05 00 00 00 00 00 00 00 00 16 
80 bc 55 00 d6 00 00 74 02 00 00 34 02 1e 00 00 00 00 00 00 00 00 16 80 bc 11 00 d7 00 00 00 00 
00 00 cb 02 00 00 00 00 00 00 00 00 00 16 80 bc 45 00 d8 00 00 36 02 00 00 37 02 0a 00 00 00 00 
00 00 00 00 16 80 bc 45 03 11 00 00 02 00 00 00 11 00 32 00 00 00 00 00 00 00 00 16 80 bc 45 03 
35 04 00 62 00 00 00 35 04 00 00 00 00 00 00 00 00 00 16 80 bc 45 03 3d 04 00 43 00 00 00 3d 04 
00 00 00 00 00 00 00 00 00 16 80 bc 45 03 3e 04 00 4f 01 00 00 3e 04 00 00 00 00 00 00 00 00 00 
16 80 bc 45 03 3f 04 00 64 01 00 00 3f 04 00 00 00 00 00 00 00 00 00 16 80 bc 45 03 40 04 00 d5 
01 00 00 40 04 00 00 00 00 00 00 00 00 00 00 55 0a 16 80 bc 56 00 96 00 00 ef b2 00 00 1b 04 02 
00 00 00 01 00 00 00 00 16 80 bc 56 00 97 00 00 ef b2 00 00 b4 00 20 00 00 00 01 00 00 00 00 16 
80 bc 56 00 98 00 00 ef b2 00 00 09 04 20 00 00 00 01 00 00 00 00 16 80 bc 56 00 99 00 00 ef b2 
00 00 77 04 01 00 00 00 01 00 00 00 00 16 80 bc 56 00 9a 00 00 ef b2 00 00 e6 03 02 00 00 00 01 
00 00 00 00 16 80 bc 56 00 9b 00 00 ef b2 00 00 b5 00 20 00 00 00 01 00 00 00 00 16 80 bc 56 00 
d9 00 00 ef b2 00 00 1b 04 02 00 00 00 00 00 00 00 00 16 80 bc 56 00 da 00 00 ef b2 00 00 b4 00 
20 00 00 00 00 00 00 00 00 16 80 bc 56 00 db 00 00 ef b2 00 00 09 04 20 00 00 00 00 00 00 00 00 
16 80 bc 56 00 dc 00 00 ef b2 00 00 77 04 01 00 00 00 00 00 00 00 00 
....................B....U....f...{.............U....f.................U....f...............E...
.U......................U......................U........w.............U......................U..
......s.............U......................U......................U....t...4....................
................E....6...7.............E..........2...........E.5..b...5.............E.=..C...=.
............E.>..O...>.............E.?..d...?.............E.@......@...........U....V...........
...........V.......... ...........V.......... ...........V........w.............V...............
.......V.......... ...........V......................V.......... ...........V.......... ........
...V........w..........

Client->GAME [12:29:04 07/07/09] packet size: 1 CRYPTED, Flags: 7f ServerSeq: 11 ClientSeq: 7
02 
.

GAME->Client [12:29:04 07/07/09] packet size: 696 CRYPTED, Flags: 1f ServerSeq: 12 ClientSeq: 5
02 04 01 00 5f 1e 16 80 bc 56 00 dd 00 00 ef b2 00 00 e6 03 02 00 00 00 00 00 00 00 00 16 80 bc 
56 00 de 00 00 ef b2 00 00 b5 00 20 00 00 00 00 00 00 00 00 16 80 bc 56 00 9c 00 00 70 9a 00 00 
23 04 02 00 00 00 01 00 00 00 00 16 80 bc 56 00 9d 00 00 70 9a 00 00 b4 00 1e 00 00 00 01 00 00 
00 00 16 80 bc 56 00 9e 00 00 70 9a 00 00 20 04 02 00 00 00 01 00 00 00 00 16 80 bc 56 00 9f 00 
00 70 9a 00 00 9d 00 1e 00 00 00 01 00 00 00 00 16 80 bc 56 00 a0 00 00 70 9a 00 00 b5 00 1e 00 
00 00 01 00 00 00 00 16 80 bc 56 00 df 00 00 70 9a 00 00 23 04 02 00 00 00 00 00 00 00 00 16 80 
bc 56 00 e0 00 00 70 9a 00 00 b4 00 1e 00 00 00 00 00 00 00 00 16 80 bc 56 00 e1 00 00 70 9a 00 
00 20 04 02 00 00 00 00 00 00 00 00 16 80 bc 56 00 e2 00 00 70 9a 00 00 9d 00 1e 00 00 00 00 00 
00 00 00 16 80 bc 56 00 e3 00 00 70 9a 00 00 b5 00 1e 00 00 00 00 00 00 00 00 16 80 bc 56 00 a1 
00 00 8a b2 00 00 23 04 02 00 00 00 01 00 00 00 00 16 80 bc 56 00 a2 00 00 8a b2 00 00 21 04 01 
00 00 00 01 00 00 00 00 16 80 bc 56 00 a3 00 00 8a b2 00 00 b4 00 1d 00 00 00 01 00 00 00 00 16 
80 bc 56 00 a4 00 00 8a b2 00 00 09 04 1d 00 00 00 01 00 00 00 00 16 80 bc 56 00 a5 00 00 8a b2 
00 00 9d 00 1d 00 00 00 01 00 00 00 00 16 80 bc 56 00 a6 00 00 8a b2 00 00 06 04 01 00 00 00 01 
00 00 00 00 16 80 bc 56 00 e4 00 00 8a b2 00 00 23 04 02 00 00 00 00 00 00 00 00 16 80 bc 56 00 
e5 00 00 8a b2 00 00 21 04 01 00 00 00 00 00 00 00 00 16 80 bc 56 00 e6 00 00 8a b2 00 00 b4 00 
1d 00 00 00 00 00 00 00 00 16 80 bc 56 00 e7 00 00 8a b2 00 00 09 04 1d 00 00 00 00 00 00 00 00 
16 80 bc 56 00 e8 00 00 8a b2 00 00 9d 00 1d 00 00 00 00 00 00 00 00 16 80 bc 56 00 e9 00 00 8a 
b2 00 00 06 04 01 00 00 00 00 00 00 00 00 16 80 bc 56 00 a7 00 00 24 b3 00 00 89 02 02 00 00 00 
01 00 00 00 00 16 80 bc 56 00 a8 00 00 24 b3 00 00 1a 04 01 00 00 00 01 00 00 00 00 16 80 bc 56 
00 a9 00 00 24 b3 00 00 b4 00 21 00 00 00 01 00 00 00 00 16 80 bc 56 00 aa 00 00 24 b3 00 00 09 
04 21 00 00 00 01 00 00 00 00 16 80 bc 56 00 ab 00 00 24 b3 00 00 15 04 02 00 00 00 01 00 00 00 
00 16 80 bc 56 00 ac 00 00 24 b3 00 00 b5 00 21 00 00 00 01 00 00 00 00 
...._....V......................V.......... ...........V....p...#.............V....p............
.....V....p... .............V....p.................V....p.................V....p...#............
.V....p.................V....p... .............V....p.................V....p.................V..
......#.............V........!.............V......................V......................V......
................V......................V........#.............V........!.............V..........
............V......................V......................V......................V....$.........
........V....$.................V....$.....!...........V....$.....!...........V....$.............
....V....$.....!........

GAME->Client [12:29:04 07/07/09] packet size: 12
00 00 00 00 00 01 04 08 c1 01 a2 00 
............

Client->GAME [12:29:04 07/07/09] packet size: 1 CRYPTED, Flags: 7f ServerSeq: 12 ClientSeq: 8
02 
.

GAME->Client [12:29:04 07/07/09] packet size: 699 CRYPTED, Flags: 7f ServerSeq: 13 ClientSeq: 7
02 04 02 00 7d 17 16 80 bc 56 00 ea 00 00 24 b3 00 00 89 02 02 00 00 00 00 00 00 00 00 16 80 bc 
56 00 eb 00 00 24 b3 00 00 1a 04 01 00 00 00 00 00 00 00 00 16 80 bc 56 00 ec 00 00 24 b3 00 00 
b4 00 21 00 00 00 00 00 00 00 00 16 80 bc 56 00 ed 00 00 24 b3 00 00 09 04 21 00 00 00 00 00 00 
00 00 16 80 bc 56 00 ee 00 00 24 b3 00 00 15 04 02 00 00 00 00 00 00 00 00 16 80 bc 56 00 ef 00 
00 24 b3 00 00 b5 00 21 00 00 00 00 00 00 00 00 16 80 bc 56 00 ad 00 00 95 a7 00 00 b4 00 12 00 
00 00 01 00 00 00 00 16 80 bc 56 00 ae 00 00 95 a7 00 00 b5 00 12 00 00 00 01 00 00 00 00 16 80 
bc 56 00 af 00 00 95 a7 00 00 09 04 12 00 00 00 01 00 00 00 00 16 80 bc 56 00 b0 00 00 95 a7 00 
00 70 00 0f 00 00 00 01 00 00 00 00 16 80 bc 56 00 f0 00 00 95 a7 00 00 b4 00 12 00 00 00 00 00 
00 00 00 16 80 bc 56 00 f1 00 00 95 a7 00 00 b5 00 12 00 00 00 00 00 00 00 00 16 80 bc 56 00 f2 
00 00 95 a7 00 00 09 04 12 00 00 00 00 00 00 00 00 16 80 bc 56 00 f3 00 00 95 a7 00 00 70 00 0f 
00 00 00 00 00 00 00 00 16 80 bc 56 00 b1 00 00 2c b3 00 00 17 04 01 00 00 00 01 00 00 00 00 16 
80 bc 56 00 b2 00 00 2c b3 00 00 b4 00 21 00 00 00 01 00 00 00 00 16 80 bc 56 00 b3 00 00 2c b3 
00 00 09 04 21 00 00 00 01 00 00 00 00 16 80 bc 56 00 b4 00 00 2c b3 00 00 12 04 02 00 00 00 01 
00 00 00 00 16 80 bc 56 00 b5 00 00 2c b3 00 00 07 04 02 00 00 00 01 00 00 00 00 16 80 bc 56 00 
b6 00 00 2c b3 00 00 b5 00 21 00 00 00 01 00 00 00 00 16 80 bc 56 00 f4 00 00 2c b3 00 00 17 04 
01 00 00 00 00 00 00 00 00 16 80 bc 56 00 f5 00 00 2c b3 00 00 b4 00 21 00 00 00 00 00 00 00 00 
16 80 bc 56 00 f6 00 00 2c b3 00 00 09 04 21 00 00 00 00 00 00 00 00 00 94 07 16 80 bc 56 00 f7 
00 00 2c b3 00 00 12 04 02 00 00 00 00 00 00 00 00 16 80 bc 56 00 f8 00 00 2c b3 00 00 07 04 02 
00 00 00 00 00 00 00 00 16 80 bc 56 00 f9 00 00 2c b3 00 00 b5 00 21 00 00 00 00 00 00 00 00 16 
80 bc 56 00 b7 00 00 c3 b2 00 00 89 02 02 00 00 00 01 00 00 00 00 16 80 bc 56 00 b8 00 00 c3 b2 
00 00 21 04 02 00 00 00 01 00 00 00 00 16 80 bc 56 00 b9 00 00 c3 b2 00 00 b4 00 1f 00 00 00 01 
00 00 00 00 16 80 bc 56 00 ba 00 00 c3 b2 00 00 09 04 1f 00 00 00 01 00 00 00 00 
....}....V....$.................V....$.................V....$.....!...........V....$.....!......
.....V....$.................V....$.....!...........V......................V.....................
.V......................V........p.............V......................V......................V..
....................V........p.............V....,.................V....,.....!...........V....,.
....!...........V....,.................V....,.................V....,.....!...........V....,.....
............V....,.....!...........V....,.....!..............V....,.................V....,......
...........V....,.....!...........V......................V........!.............V...............
.......V...................

Client->GAME [12:29:04 07/07/09] packet size: 1 CRYPTED, Flags: 7f ServerSeq: 13 ClientSeq: 9
02 
.

GAME->Client [12:29:04 07/07/09] packet size: 701 CRYPTED, Flags: 7f ServerSeq: 14 ClientSeq: 8
02 04 01 00 9b 21 16 80 bc 56 00 bb 00 00 c3 b2 00 00 1e 04 01 00 00 00 01 00 00 00 00 16 80 bc 
56 00 bc 00 00 c3 b2 00 00 9d 00 1f 00 00 00 01 00 00 00 00 16 80 bc 56 00 fa 00 00 c3 b2 00 00 
89 02 02 00 00 00 00 00 00 00 00 16 80 bc 56 00 fb 00 00 c3 b2 00 00 21 04 02 00 00 00 00 00 00 
00 00 16 80 bc 56 00 fc 00 00 c3 b2 00 00 b4 00 1f 00 00 00 00 00 00 00 00 16 80 bc 56 00 fd 00 
00 c3 b2 00 00 09 04 1f 00 00 00 00 00 00 00 00 16 80 bc 56 00 fe 00 00 c3 b2 00 00 1e 04 01 00 
00 00 00 00 00 00 00 16 80 bc 56 00 ff 00 00 c3 b2 00 00 9d 00 1f 00 00 00 00 00 00 00 00 04 80 
b3 11 00 16 80 bc 45 03 11 00 00 02 00 00 00 11 00 32 00 00 00 01 00 00 00 00 16 80 bc 55 00 bd 
00 00 02 00 00 00 cc 00 0c 00 00 00 01 00 00 00 00 08 80 b2 11 00 32 00 08 02 16 80 bc 45 03 11 
00 00 02 00 00 00 11 00 32 00 00 00 00 00 00 00 00 16 80 bc 55 00 00 01 00 02 00 00 00 cc 00 0c 
00 00 00 00 00 00 00 00 16 80 bc 55 00 be 00 00 0b 00 00 00 37 02 96 00 00 00 01 00 00 00 00 16 
80 bc 55 00 01 01 00 0b 00 00 00 37 02 96 00 00 00 00 00 00 00 00 16 80 bc 55 00 bf 00 00 2d 00 
00 00 23 04 0a 00 00 00 01 00 00 00 00 16 80 bc 55 00 c0 00 00 2d 00 00 00 20 04 0a 00 00 00 01 
00 00 00 00 16 80 bc 55 00 c1 00 00 2d 00 00 00 19 04 05 00 00 00 01 00 00 00 00 16 80 bc 55 00 
c2 00 00 2d 00 00 00 42 04 05 00 00 00 01 00 00 00 00 16 80 bc 55 00 02 01 00 2d 00 00 00 23 04 
0a 00 00 00 00 00 00 00 00 16 80 bc 55 00 03 01 00 2d 00 00 00 20 04 0a 00 00 00 00 00 00 00 00 
16 80 bc 55 00 04 01 00 2d 00 00 00 19 04 05 00 00 00 00 00 00 00 00 16 80 bc 55 00 05 01 00 2d 
00 00 00 42 04 05 00 00 00 00 00 00 00 00 16 80 bc 55 00 c3 00 00 34 00 00 00 83 02 c8 00 00 00 
01 00 00 00 00 16 80 bc 55 00 06 01 00 34 00 00 00 83 02 c8 00 00 00 00 00 00 00 00 04 80 b3 3d 
04 16 80 bc 45 03 3d 04 00 43 00 00 00 3d 04 00 00 00 00 01 00 00 00 00 08 80 b2 3d 04 00 00 08 
02 16 80 bc 45 03 3d 04 00 43 00 00 00 3d 04 00 00 00 00 00 00 00 00 00 16 80 bc 55 00 c4 00 00 
4b 00 00 00 1f 04 19 00 00 00 01 00 00 00 00 16 80 bc 55 00 07 01 00 4b 00 00 00 1f 04 19 00 00 
00 00 00 00 00 00 16 80 bc 55 00 c5 00 00 5f 00 00 00 7c 04 0f 00 00 00 01 00 00 00 00 
.....!...V......................V......................V......................V........!........
.....V......................V......................V......................V.....................
......E..........2...........U........................2......E..........2...........U...........
...........U........7.............U........7.............U....-...#.............U....-... ......
.......U....-.................U....-...B.............U....-...#.............U....-... ..........
...U....-.................U....-...B.............U....4.................U....4.................=
....E.=..C...=.............=........E.=..C...=.............U....K.................U....K........
.........U...._...|..........

Client->GAME [12:29:04 07/07/09] packet size: 1 CRYPTED, Flags: 7f ServerSeq: 14 ClientSeq: 10
02 
.

GAME->Client [12:29:04 07/07/09] packet size: 695 CRYPTED, Flags: 7f ServerSeq: 15 ClientSeq: 9
02 04 02 00 bc 1f 16 80 bc 55 00 c6 00 00 5f 00 00 00 07 04 0f 00 00 00 01 00 00 00 00 16 80 bc 
55 00 08 01 00 5f 00 00 00 7c 04 0f 00 00 00 00 00 00 00 00 16 80 bc 55 00 09 01 00 5f 00 00 00 
07 04 0f 00 00 00 00 00 00 00 00 16 80 bc 55 00 c7 00 00 62 00 00 00 06 04 01 00 00 00 01 00 00 
00 00 04 80 b3 35 04 16 80 bc 45 03 35 04 00 62 00 00 00 35 04 00 00 00 00 01 00 00 00 00 16 80 
bc 55 00 c8 00 00 62 00 00 00 15 04 01 00 00 00 01 00 00 00 00 16 80 bc 55 00 0a 01 00 62 00 00 
00 06 04 01 00 00 00 00 00 00 00 00 08 80 b2 35 04 00 00 08 02 16 80 bc 45 03 35 04 00 62 00 00 
00 35 04 00 00 00 00 00 00 00 00 00 16 80 bc 55 00 0b 01 00 62 00 00 00 15 04 01 00 00 00 00 00 
00 00 00 04 80 b3 3e 04 16 80 bc 45 03 3e 04 00 4f 01 00 00 3e 04 00 00 00 00 01 00 00 00 00 08 
80 b2 3e 04 00 00 08 02 16 80 bc 45 03 3e 04 00 4f 01 00 00 3e 04 00 00 00 00 00 00 00 00 00 16 
80 bc 55 00 c9 00 00 5a 01 00 00 07 04 05 00 00 00 01 00 00 00 00 16 80 bc 55 00 ca 00 00 5a 01 
00 00 1d 04 0f 00 00 00 01 00 00 00 00 16 80 bc 55 00 0c 01 00 5a 01 00 00 07 04 05 00 00 00 00 
00 00 00 00 16 80 bc 55 00 0d 01 00 5a 01 00 00 1d 04 0f 00 00 00 00 00 00 00 00 04 80 b3 3f 04 
16 80 bc 45 03 3f 04 00 64 01 00 00 3f 04 00 00 00 00 01 00 00 00 00 16 80 bc 55 00 cb 00 00 64 
01 00 00 1f 04 05 00 00 00 01 00 00 00 00 08 80 b2 3f 04 00 00 08 02 16 80 bc 45 03 3f 04 00 64 
01 00 00 3f 04 00 00 00 00 00 00 00 00 00 16 80 bc 55 00 0e 01 00 64 01 00 00 1f 04 05 00 00 00 
00 00 00 00 00 16 80 bc 55 00 cc 00 00 66 01 00 00 7b 04 05 00 00 00 01 00 00 00 00 16 80 bc 55 
00 cd 00 00 66 01 00 00 12 04 0a 00 00 00 01 00 00 00 00 16 80 bc 55 00 ce 00 00 66 01 00 00 06 
04 0b 00 00 00 01 00 00 00 00 16 80 bc 55 00 0f 01 00 66 01 00 00 7b 04 05 00 00 00 00 00 00 00 
00 16 80 bc 55 00 10 01 00 66 01 00 00 12 04 0a 00 00 00 00 00 00 00 00 16 80 bc 55 00 11 01 00 
66 01 00 00 06 04 0b 00 00 00 00 00 00 00 00 00 db 03 16 80 bc 55 00 cf 00 00 8e 01 00 00 03 04 
05 00 00 00 01 00 00 00 00 16 80 bc 55 00 d0 00 00 8e 01 00 00 12 04 0f 00 00 00 01 00 00 00 00 
16 80 bc 55 00 d1 00 00 8e 01 00 00 77 04 05 00 00 00 01 00 00 00 00 
.........U...._.................U...._...|.............U...._.................U....b............
.....5....E.5..b...5.............U....b.................U....b.................5........E.5..b..
.5.............U....b.................>....E.>..O...>.............>........E.>..O...>...........
..U....Z.................U....Z.................U....Z.................U....Z.................?.
...E.?..d...?.............U....d.................?........E.?..d...?.............U....d.........
........U....f...{.............U....f.................U....f.................U....f...{.........
....U....f.................U....f....................U......................U...................
...U........w..........

Client->GAME [12:29:04 07/07/09] packet size: 1 CRYPTED, Flags: 7f ServerSeq: 15 ClientSeq: 11
02 
.

GAME->Client [12:29:04 07/07/09] packet size: 684 CRYPTED, Flags: 7f ServerSeq: 16 ClientSeq: 10
02 04 01 00 de 1f 16 80 bc 55 00 12 01 00 8e 01 00 00 03 04 05 00 00 00 00 00 00 00 00 16 80 bc 
55 00 13 01 00 8e 01 00 00 12 04 0f 00 00 00 00 00 00 00 00 16 80 bc 55 00 14 01 00 8e 01 00 00 
77 04 05 00 00 00 00 00 00 00 00 16 80 bc 55 00 d2 00 00 cd 01 00 00 e5 03 05 00 00 00 01 00 00 
00 00 16 80 bc 55 00 d3 00 00 cd 01 00 00 73 04 05 00 00 00 01 00 00 00 00 16 80 bc 55 00 d4 00 
00 cd 01 00 00 e3 03 0f 00 00 00 01 00 00 00 00 16 80 bc 55 00 15 01 00 cd 01 00 00 e5 03 05 00 
00 00 00 00 00 00 00 16 80 bc 55 00 16 01 00 cd 01 00 00 73 04 05 00 00 00 00 00 00 00 00 16 80 
bc 55 00 17 01 00 cd 01 00 00 e3 03 0f 00 00 00 00 00 00 00 00 04 80 b3 40 04 16 80 bc 45 03 40 
04 00 d5 01 00 00 40 04 00 00 00 00 01 00 00 00 00 16 80 bc 55 00 d5 00 00 d5 01 00 00 e3 03 05 
00 00 00 01 00 00 00 00 08 80 b2 40 04 00 00 08 02 16 80 bc 45 03 40 04 00 d5 01 00 00 40 04 00 
00 00 00 00 00 00 00 00 16 80 bc 55 00 18 01 00 d5 01 00 00 e3 03 05 00 00 00 00 00 00 00 00 16 
80 bc 45 00 d8 00 00 36 02 00 00 37 02 0a 00 00 00 01 00 00 00 00 16 80 bc 55 00 19 01 00 36 02 
00 00 37 02 0a 00 00 00 00 00 00 00 00 16 80 bc 55 00 d6 00 00 74 02 00 00 34 02 1e 00 00 00 01 
00 00 00 00 16 80 bc 55 00 1a 01 00 74 02 00 00 34 02 1e 00 00 00 00 00 00 00 00 16 80 bc 15 00 
1b 01 00 11 00 00 00 ab 00 0d 00 00 00 00 00 00 00 00 16 80 bc 15 00 1c 01 00 11 00 00 00 0a 02 
4d 00 00 00 00 00 00 00 00 16 80 bc 15 00 1d 01 00 11 00 00 00 f2 03 34 00 00 00 00 00 00 00 00 
16 80 bc 15 00 1e 01 00 11 00 00 00 ed 03 4d 00 00 00 00 00 00 00 00 16 80 bc 15 00 1f 01 00 11 
00 00 00 9f 00 19 00 00 00 00 00 00 00 00 16 80 bc 15 00 20 01 00 11 00 00 00 f1 03 34 00 00 00 
00 00 00 00 00 16 80 bc 15 00 21 01 00 11 00 00 00 0c 02 34 00 00 00 00 00 00 00 00 16 80 bc 15 
00 22 01 00 11 00 00 00 b7 00 4c 00 00 00 00 00 00 00 00 16 80 bc 15 00 23 01 00 11 00 00 00 f3 
03 46 00 00 00 00 00 00 00 00 0b 80 bd 05 11 00 00 00 00 00 00 01 17 3a 05 00 11 00 0a 00 50 76 
50 53 65 72 76 65 72 00 04 00 06 00 00 00 1d 3a 05 00 17 00 10 00 50 76 50 4d 61 78 53 61 66 65 
4c 65 76 65 6c 00 04 00 0f 00 00 00 
.........U......................U......................U........w.............U.................
.....U........s.............U......................U......................U........s............
.U......................@....E.@......@.............U......................@........E.@......@..
...........U......................E....6...7.............U....6...7.............U....t...4......
.......U....t...4...............................................M......................4........
..............M.................................... ........4.............!........4............
."........L.............#........F.....................:......PvPServer........:......PvPMaxSafe
Level.......

Client->GAME [12:29:04 07/07/09] packet size: 1 CRYPTED, Flags: 7f ServerSeq: 0 ClientSeq: 12
02 
.

GAME->Client [12:29:04 07/07/09] packet size: 267 CRYPTED, Flags: 7f ServerSeq: 17 ClientSeq: 11
02 04 01 00 fd 06 37 3a 05 00 14 00 0d 00 57 52 5f 52 65 7a 45 76 65 6e 74 73 00 21 00 48 61 6c 
6c 6f 77 65 65 6e 5f 45 76 65 6e 74 2c 48 61 6c 6c 6f 77 65 65 6e 5f 53 6b 79 62 6f 78 00 1b 3a 
05 00 19 00 12 00 45 76 65 6e 74 53 6c 6f 74 31 5f 45 66 66 65 63 74 00 00 00 28 3a 05 00 19 00 
12 00 45 76 65 6e 74 53 6c 6f 74 32 5f 45 66 66 65 63 74 00 0d 00 66 6c 79 6d 61 6e 5f 69 64 6c 
65 33 00 25 3a 05 00 19 00 12 00 45 76 65 6e 74 53 6c 6f 74 33 5f 45 66 66 65 63 74 00 0a 00 66 
6c 79 5f 76 69 72 75 73 00 1f 3a 05 00 1b 00 14 00 46 69 78 65 64 42 69 6e 6b 49 44 4f 76 65 72 
72 69 64 65 00 02 00 20 00 41 81 67 17 00 27 00 1c 22 00 c6 01 11 00 00 00 00 00 00 00 37 00 00 
08 0e 00 41 66 74 65 72 57 68 6f 72 75 4e 65 6f 00 0e 00 41 66 74 65 72 57 68 6f 72 75 4e 65 6f 
00 02 00 4d 00 00 00 00 00 00 00 
......7:......WR_RezEvents.!.Halloween_Event,Halloween_Skybox..:......EventSlot1_Effect...(:....
..EventSlot2_Effect...flyman_idle3.%:......EventSlot3_Effect...fly_virus..:......FixedBinkIDOver
ride... .A.g..'.."...........7.....AfterWhoruNeo...AfterWhoruNeo...M.......

Client->GAME [12:29:04 07/07/09] packet size: 1 CRYPTED, Flags: 7f ServerSeq: 1 ClientSeq: 13
02 
.

GAME->Client [12:29:05 07/07/09] packet size: 469 CRYPTED, Flags: 7f ServerSeq: 18 ClientSeq: 12
02 03 01 00 0c 57 02 4e cd ab 10 8e 43 72 6f 73 73 62 6f 6e 65 73 20 54 61 72 00 00 00 00 00 00 
00 00 00 00 00 00 00 00 00 00 00 00 00 10 00 00 22 d4 51 b5 1c 00 c6 01 80 c1 58 03 00 08 00 00 
00 20 c8 cf fc 40 00 00 00 00 00 68 85 40 00 00 00 80 db 7c b9 40 c0 01 82 02 a8 07 51 01 b2 09 
51 01 07 08 00 00 80 02 01 21 00 00 01 00 08 d0 20 94 0a 50 46 cb cd ab 08 fd 00 00 00 00 c0 de 
fa 40 00 00 00 00 00 e8 85 40 00 00 00 00 00 a0 6e 40 43 61 6c 6c 00 00 00 00 00 00 00 00 00 00 
00 00 00 00 00 00 00 00 00 00 00 00 00 00 00 00 00 00 00 00 00 00 00 00 00 00 00 00 00 00 00 00 
00 00 00 00 00 00 00 00 00 00 00 00 00 00 00 00 00 00 02 00 00 3a 00 1c 0b 00 58 00 00 03 00 00 
00 00 00 f2 04 35 3f 00 00 00 00 f3 04 35 3f 1f 00 00 01 00 08 a3 01 6b 01 f0 3d be cd ab 03 88 
00 00 00 00 ff ff 7f 3f 00 00 00 00 f3 04 35 33 22 00 00 00 00 40 f4 fb 40 00 00 00 00 00 90 75 
40 00 00 00 00 00 40 af 40 ff ff ff ff 1d 00 00 01 00 0c 57 02 4f cd ab 10 8e 43 72 6f 73 73 62 
6f 6e 65 73 20 54 61 72 00 00 00 00 00 00 00 00 00 00 00 00 00 00 00 00 00 00 00 10 00 00 22 d4 
c8 b5 1c 00 c6 01 80 c1 58 03 00 08 00 00 00 9c 65 d7 fb 40 00 00 00 00 fe b7 85 40 00 00 00 00 
a3 dc bb 40 c0 01 82 02 a8 07 51 01 b2 09 51 01 07 08 00 00 80 02 01 1b 00 00 01 00 08 50 02 13 
03 f0 3d c8 cd ab 02 09 00 00 00 00 20 3c fc 40 00 00 00 00 00 d0 86 40 00 00 00 00 00 24 b3 40 
00 00 00 00 00 00 80 3f 00 00 00 00 2e bd 3b b3 17 00 00 00 00 
.....W.N....Crossbones Tar......................".Q.......X...... ...@.....h.@.....|.@......Q...
Q........!...... ..PF............@.......@......n@Call..........................................
.....................:....X..........5?......5?........k..=............?......53"....@..@......u
@.....@.@..........W.O....Crossbones Tar......................".........X.......e..@.......@....
...@......Q...Q..............P....=......... <.@.......@.....$.@.......?......;......

Client->GAME [12:29:05 07/07/09] packet size: 1 CRYPTED, Flags: 7f ServerSeq: 2 ClientSeq: 14
02 
.

GAME->Client [12:29:05 07/07/09] packet size: 482 CRYPTED, Flags: 7f ServerSeq: 19 ClientSeq: 13
82 11 90 fb 48 03 01 00 08 d0 20 21 03 f0 3d c7 cd ab 08 fd 00 00 00 00 17 e2 fc 40 00 00 00 00 
00 b8 85 40 00 00 00 00 6e 09 b0 40 4b 65 65 6e 65 79 00 00 00 00 00 00 00 00 00 00 00 00 00 00 
00 00 00 00 00 00 00 00 00 00 00 00 00 00 00 00 00 00 00 00 00 00 00 00 00 00 00 00 00 00 00 00 
00 00 00 00 00 00 00 00 00 00 00 00 02 00 00 3a 00 1a 0b 00 58 00 00 03 00 00 00 00 00 2b fa 0e 
bc 00 00 00 00 81 fd 7f 3f 19 00 00 01 00 08 d0 20 23 03 f0 3d c6 cd ab 07 fd 00 00 00 00 90 0d 
fc 40 00 00 00 00 00 b8 85 40 00 00 00 00 00 04 a0 40 53 61 6e 64 79 00 00 00 00 00 00 00 00 00 
00 00 00 00 00 00 00 00 00 00 00 00 00 00 00 00 00 00 00 00 00 00 00 00 00 00 00 00 00 00 00 00 
00 00 00 00 00 00 00 00 00 00 00 00 00 00 00 00 00 00 02 00 00 3a 00 17 0b 00 58 00 00 01 00 15 
00 00 01 00 08 4d 95 24 03 f0 3d 7f cd ab 02 09 00 00 00 00 00 8f fb 40 00 00 00 00 00 b8 85 40 
00 00 00 00 00 c0 77 c0 00 00 00 00 f2 04 35 3f 00 00 00 00 f3 04 35 3f 13 00 00 01 00 08 b5 19 
11 03 f0 3d 35 cd ab 02 03 00 00 00 00 a0 4d fc 40 00 00 00 00 00 28 84 40 00 00 00 00 00 47 b3 
40 00 00 00 00 00 00 80 3f 00 00 00 00 2e bd 3b b3 11 00 00 01 00 0c 57 02 50 cd ab 12 8e 43 72 
6f 73 73 62 6f 6e 65 73 20 42 75 6d 62 6f 6f 00 00 00 00 00 00 00 00 00 00 00 00 00 00 00 00 10 
00 00 22 d4 4d b4 1c 00 c6 01 a0 02 c1 57 03 00 08 00 00 00 cc 02 a6 fc 40 00 00 00 00 00 68 85 
40 00 00 00 80 52 84 bd 40 c0 01 83 25 03 a8 07 e1 00 b2 09 e1 00 38 21 00 00 80 02 01 0f 00 00 
00 00 
....H..... !..=............@.......@....n..@Keeney..............................................
...............:....X........+..........?....... #..=............@.......@.......@Sandy.........
.....................................................:....X..........M.$..=............@.......@
......w.......5?......5?...........=5.........M.@.....(.@.....G.@.......?......;.......W.P....Cr
ossbones Bumboo...................".M........W..........@.....h.@....R..@...%.........8!........
..

Client->GAME [12:29:05 07/07/09] packet size: 1 CRYPTED, Flags: 7f ServerSeq: 3 ClientSeq: 15
02 
.

GAME->Client [12:29:05 07/07/09] packet size: 440 CRYPTED, Flags: 7f ServerSeq: 20 ClientSeq: 14
02 03 01 00 02 07 00 0f 00 02 02 00 01 00 0c 57 02 4c cd ab 10 8e 43 72 6f 73 73 62 6f 6e 65 73 
20 42 75 6d 62 6f 6f 00 00 00 00 00 00 00 00 00 00 00 00 00 00 00 00 10 00 00 22 d4 54 b4 1c 00 
c6 01 80 c1 57 03 00 08 00 00 00 62 ec 03 fb 40 00 00 00 00 fe b7 85 40 00 00 00 00 57 0b a8 40 
c0 01 82 03 a8 07 e1 00 b2 09 e1 00 07 08 00 00 80 02 01 0d 00 00 01 00 0c 57 02 4b cd ab 10 8e 
43 72 6f 73 73 62 6f 6e 65 73 20 42 75 6d 62 6f 6f 00 00 00 00 00 00 00 00 00 00 00 00 00 00 00 
00 10 00 00 22 d4 83 b4 1c 00 c6 01 80 c1 56 03 00 08 00 00 00 f0 dc fc fa 40 00 00 00 00 fe b7 
85 40 00 00 00 e0 7d 0a b1 40 c0 01 82 03 a8 07 e1 00 b2 09 e1 00 07 08 00 00 80 02 01 0b 00 00 
01 00 0c 57 02 51 cd ab 12 8e 43 72 6f 73 73 62 6f 6e 65 73 20 42 75 6d 62 6f 6f 00 00 00 00 00 
00 00 00 00 00 00 00 00 00 00 00 10 00 00 22 d4 41 b4 1c 00 c6 01 a0 02 c1 57 03 00 08 00 00 00 
52 11 f7 fc 40 00 00 00 00 00 68 85 40 00 00 00 00 a3 3e b7 40 c0 01 83 25 03 a8 07 e1 00 b2 09 
e1 00 38 21 00 00 80 02 01 09 00 00 01 00 0c 57 02 52 cd ab 10 8e 43 72 6f 73 73 62 6f 6e 65 73 
20 54 61 72 00 00 00 00 00 00 00 00 00 00 00 00 00 00 00 00 00 00 00 10 00 00 22 d4 5a b5 1c 00 
c6 01 80 c1 58 03 00 08 00 00 00 b5 ae 0c fc 40 00 00 00 00 fe b7 85 40 00 00 00 40 93 dd be 40 
c0 01 82 02 a8 07 51 01 b2 09 51 01 07 08 00 00 80 02 01 07 00 00 00 00 
...............W.L....Crossbones Bumboo...................".T.......W......b...@.......@....W..@
.........................W.K....Crossbones Bumboo...................".........V..........@......
.@....}..@.........................W.Q....Crossbones Bumboo...................".A........W......
R...@.....h.@.....>.@...%.........8!...........W.R....Crossbones Tar......................".Z...
....X..........@.......@...@...@......Q...Q.............

Client->GAME [12:29:05 07/07/09] packet size: 1 CRYPTED, Flags: 7f ServerSeq: 4 ClientSeq: 16
02 
.

GAME->Client [12:29:05 07/07/09] packet size: 239 CRYPTED, Flags: 7f ServerSeq: 21 ClientSeq: 15
02 03 01 00 02 07 00 09 00 02 02 00 01 00 0c 57 02 c5 cd ab 17 8e 43 72 6f 73 73 62 6f 6e 65 73 
20 54 61 72 00 00 00 00 00 00 00 00 00 00 00 00 00 00 00 00 00 00 00 10 00 00 22 95 01 44 b5 1c 
00 c6 a1 01 3e c3 59 03 00 08 1d 0a 00 28 00 00 00 dd 5e e3 fb 40 00 00 00 00 fe b7 85 40 00 00 
00 00 71 9d bc 40 d0 0d 01 8b 98 02 0c a8 07 00 00 b2 09 51 01 fd 07 00 00 80 06 01 35 08 00 00 
05 00 00 01 00 0c 57 02 53 cd ab 10 8e 43 72 6f 73 73 62 6f 6e 65 73 20 42 75 6d 62 6f 6f 00 00 
00 00 00 00 00 00 00 00 00 00 00 00 00 00 10 00 00 22 d4 6c b4 1c 00 c6 01 80 c1 56 03 00 08 00 
00 00 f2 33 b2 fc 40 00 00 00 00 00 68 85 40 00 00 00 40 96 3f bc 40 c0 01 82 03 a8 07 e1 00 b2 
09 e1 00 07 08 00 00 80 02 01 03 00 00 00 00 
...............W......Crossbones Tar......................"..D......>.Y......(....^..@.......@..
..q..@.............Q........5.........W.S....Crossbones Bumboo...................".l.......V....
...3..@.....h.@...@.?.@........................

Client->GAME [12:29:05 07/07/09] packet size: 1 CRYPTED, Flags: 7f ServerSeq: 5 ClientSeq: 17
02 
.

GAME->Client [12:29:05 07/07/09] packet size: 9 CRYPTED, Flags: 7f ServerSeq: 22 ClientSeq: 0
02 03 0f 00 02 02 00 00 00 
.........

Client->GAME [12:29:05 07/07/09] packet size: 1 CRYPTED, Flags: 7f ServerSeq: 6 ClientSeq: 18
02 
.

GAME->Client [12:29:05 07/07/09] packet size: 9 CRYPTED, Flags: 7f ServerSeq: 23 ClientSeq: 1
02 03 09 00 02 02 00 00 00 
.........

Client->GAME [12:29:05 07/07/09] packet size: 1 CRYPTED, Flags: 7f ServerSeq: 7 ClientSeq: 19
02 
.

GAME->Client [12:29:05 07/07/09] packet size: 9 CRYPTED, Flags: 7f ServerSeq: 24 ClientSeq: 2
02 03 0f 00 02 02 00 00 00 
.........

Client->GAME [12:29:05 07/07/09] packet size: 1 CRYPTED, Flags: 7f ServerSeq: 8 ClientSeq: 20
02 
.

GAME->Client [12:29:05 07/07/09] packet size: 9 CRYPTED, Flags: 7f ServerSeq: 25 ClientSeq: 3
02 03 09 00 02 02 00 00 00 
.........

Client->GAME [12:29:05 07/07/09] packet size: 1 CRYPTED, Flags: 7f ServerSeq: 9 ClientSeq: 21
02 
.

