GAME->Client [16:45:18 07/14/09] packet size: 21 CRYPTED, Flags: 7f ServerSeq: 331 ClientSeq: 271
02 03 03 00 02 0a 00 94 9e 3a 47 00 20 8a c4 42 cb a1 c5 00 00 
.........:G. ..B.....

Client->GAME [16:45:18 07/14/09] packet size: 1 CRYPTED, Flags: 7f ServerSeq: 267 ClientSeq: 417
02 
.

GAME->Client [16:45:18 07/14/09] packet size: 22 CRYPTED, Flags: 7f ServerSeq: 332 ClientSeq: 257
02 03 09 00 02 0e 04 de 74 20 34 47 00 20 8a c4 24 78 47 c5 00 00 
........t 4G. ..$xG...

Client->GAME [16:45:18 07/14/09] packet size: 1 CRYPTED, Flags: 7f ServerSeq: 268 ClientSeq: 418
02 
.

GAME->Client [16:45:18 07/14/09] packet size: 38 CRYPTED, Flags: 7f ServerSeq: 333 ClientSeq: 257
02 03 09 00 02 0e 04 e8 74 20 34 47 00 20 8a c4 24 78 47 c5 05 00 02 08 d4 80 33 47 00 20 8a c4 
26 2c 4f c5 00 00 
........t 4G. ..$xG.......3G. ..&,O...

Client->GAME [16:45:18 07/14/09] packet size: 1 CRYPTED, Flags: 7f ServerSeq: 269 ClientSeq: 419
02 
.

GAME->Client [16:45:18 07/14/09] packet size: 21 CRYPTED, Flags: 7f ServerSeq: 334 ClientSeq: 258
02 03 09 00 02 0c f2 74 20 34 47 00 20 8a c4 24 78 47 c5 00 00 
.......t 4G. ..$xG...

Client->GAME [16:45:18 07/14/09] packet size: 1 CRYPTED, Flags: 7f ServerSeq: 270 ClientSeq: 420
02 
.

GAME->Client [16:45:18 07/14/09] packet size: 37 CRYPTED, Flags: 7f ServerSeq: 335 ClientSeq: 259
02 03 0b 00 02 08 b9 fb 38 47 00 20 8a c4 60 f4 8b c4 09 00 02 0c fc 74 20 34 47 00 20 8a c4 24 
78 47 c5 00 00 
........8G. ..`........t 4G. ..$xG...

Client->GAME [16:45:18 07/14/09] packet size: 1 CRYPTED, Flags: 7f ServerSeq: 271 ClientSeq: 421
02 
.

GAME->Client [16:45:18 07/14/09] packet size: 41 CRYPTED, Flags: 7f ServerSeq: 336 ClientSeq: 260
82 b2 fe d7 48 03 11 00 02 08 0f f0 27 47 00 20 8a c4 d8 19 a6 c4 09 00 02 0c 06 74 20 34 47 00 
20 8a c4 24 78 47 c5 00 00 
....H.......'G. ...........t 4G. ..$xG...

Client->GAME [16:45:18 07/14/09] packet size: 1 CRYPTED, Flags: 7f ServerSeq: 256 ClientSeq: 422
02 
.

GAME->Client [16:45:18 07/14/09] packet size: 22 CRYPTED, Flags: 7f ServerSeq: 337 ClientSeq: 261
02 03 09 00 02 0e 00 10 74 20 34 47 00 20 8a c4 24 78 47 c5 00 00 
........t 4G. ..$xG...

Client->GAME [16:45:18 07/14/09] packet size: 1 CRYPTED, Flags: 7f ServerSeq: 257 ClientSeq: 423
02 
.

GAME->Client [16:45:19 07/14/09] packet size: 22 CRYPTED, Flags: 7f ServerSeq: 338 ClientSeq: 262
02 03 09 00 02 0e 00 1a 74 20 34 47 00 20 8a c4 24 78 47 c5 00 00 
........t 4G. ..$xG...

Client->GAME [16:45:19 07/14/09] packet size: 1 CRYPTED, Flags: 7f ServerSeq: 258 ClientSeq: 424
02 
.

GAME->Client [16:45:19 07/14/09] packet size: 38 CRYPTED, Flags: 7f ServerSeq: 339 ClientSeq: 264
02 03 16 00 02 0e 05 a5 30 7d 36 47 00 20 8a c4 f0 d5 2e c4 05 00 02 08 f8 ee 32 47 00 20 8a c4 
0a c3 55 c5 00 00 
........0}6G. ............2G. ....U...

Client->GAME [16:45:19 07/14/09] packet size: 1 CRYPTED, Flags: 7f ServerSeq: 259 ClientSeq: 425
02 
.

GAME->Client [16:45:19 07/14/09] packet size: 40 CRYPTED, Flags: 7f ServerSeq: 340 ClientSeq: 264
02 03 16 00 02 0e 05 9b 30 7d 36 47 00 20 8a c4 f0 d5 2e c4 11 00 02 0e 04 a2 76 b0 27 47 00 20 
8a c4 40 b0 b1 c4 00 00 
........0}6G. ............v.'G. ..@.....

Client->GAME [16:45:19 07/14/09] packet size: 1 CRYPTED, Flags: 7f ServerSeq: 260 ClientSeq: 426
02 
.

GAME->Client [16:45:19 07/14/09] packet size: 55 CRYPTED, Flags: 7f ServerSeq: 341 ClientSeq: 265
02 03 16 00 02 0c 91 30 7d 36 47 00 20 8a c4 f0 d5 2e c4 11 00 02 0e 04 ac 76 b0 27 47 00 20 8a 
c4 40 b0 b1 c4 0b 00 02 08 05 5c 39 47 00 20 8a c4 78 f6 9e c4 00 00 
.......0}6G. ............v.'G. ..@........\9G. ..x.....

Client->GAME [16:45:19 07/14/09] packet size: 1 CRYPTED, Flags: 7f ServerSeq: 261 ClientSeq: 427
02 
.

GAME->Client [16:45:19 07/14/09] packet size: 39 CRYPTED, Flags: 7f ServerSeq: 342 ClientSeq: 266
02 03 16 00 02 0c 87 30 7d 36 47 00 20 8a c4 f0 d5 2e c4 11 00 02 0e 00 b6 76 b0 27 47 00 20 8a 
c4 40 b0 b1 c4 00 00 
.......0}6G. ............v.'G. ..@.....

Client->GAME [16:45:19 07/14/09] packet size: 1 CRYPTED, Flags: 7f ServerSeq: 262 ClientSeq: 428
02 
.

GAME->Client [16:45:19 07/14/09] packet size: 43 CRYPTED, Flags: 7f ServerSeq: 343 ClientSeq: 267
82 d6 fe d7 48 03 16 00 02 0c 7d 30 7d 36 47 00 20 8a c4 f0 d5 2e c4 11 00 02 0e 00 bc 76 b0 27 
47 00 20 8a c4 40 b0 b1 c4 00 00 
....H.....}0}6G. ............v.'G. ..@.....

Client->GAME [16:45:19 07/14/09] packet size: 1 CRYPTED, Flags: 7f ServerSeq: 263 ClientSeq: 429
02 
.

GAME->Client [16:45:19 07/14/09] packet size: 21 CRYPTED, Flags: 7f ServerSeq: 344 ClientSeq: 268
02 03 16 00 02 0c 73 30 7d 36 47 00 20 8a c4 f0 d5 2e c4 00 00 
......s0}6G. ........

Client->GAME [16:45:20 07/14/09] packet size: 1 CRYPTED, Flags: 7f ServerSeq: 264 ClientSeq: 430
02 
.

GAME->Client [16:45:20 07/14/09] packet size: 21 CRYPTED, Flags: 7f ServerSeq: 345 ClientSeq: 269
02 03 16 00 02 0c 69 30 7d 36 47 00 20 8a c4 f0 d5 2e c4 00 00 
......i0}6G. ........

Client->GAME [16:45:20 07/14/09] packet size: 1 CRYPTED, Flags: 7f ServerSeq: 265 ClientSeq: 431
02 
.

GAME->Client [16:45:20 07/14/09] packet size: 22 CRYPTED, Flags: 7f ServerSeq: 346 ClientSeq: 270
02 03 16 00 02 0e 01 5f 79 8c 36 47 00 20 8a c4 c0 f2 32 c4 00 00 
......._y.6G. ....2...

Client->GAME [16:45:20 07/14/09] packet size: 1 CRYPTED, Flags: 7f ServerSeq: 266 ClientSeq: 432
02 
.

GAME->Client [16:45:20 07/14/09] packet size: 38 CRYPTED, Flags: 7f ServerSeq: 347 ClientSeq: 271
02 03 16 00 02 0e 01 58 dc 9e 36 47 00 20 8a c4 e0 2f 36 c4 05 00 02 08 17 5d 32 47 00 20 8a c4 
08 5a 5c c5 00 00 
.......X..6G. .../6......]2G. ...Z\...

Client->GAME [16:45:20 07/14/09] packet size: 1 CRYPTED, Flags: 7f ServerSeq: 267 ClientSeq: 433
02 
.

GAME->Client [16:45:20 07/14/09] packet size: 20 CRYPTED, Flags: 7f ServerSeq: 348 ClientSeq: 257
02 03 0b 00 02 08 56 bc 39 47 00 20 8a c4 c0 f9 b1 c4 00 00 
......V.9G. ........

Client->GAME [16:45:20 07/14/09] packet size: 1 CRYPTED, Flags: 7f ServerSeq: 268 ClientSeq: 434
02 
.

GAME->Client [16:45:20 07/14/09] packet size: 22 CRYPTED, Flags: 7f ServerSeq: 349 ClientSeq: 257
02 03 05 00 02 0e 04 b0 98 38 32 47 00 20 8a c4 20 00 5e c5 00 00 
.........82G. .. .^...

Client->GAME [16:45:20 07/14/09] packet size: 1 CRYPTED, Flags: 7f ServerSeq: 269 ClientSeq: 435
02 
.

GAME->Client [16:45:20 07/14/09] packet size: 22 CRYPTED, Flags: 7f ServerSeq: 350 ClientSeq: 258
02 03 05 00 02 0e 04 ba 98 38 32 47 00 20 8a c4 20 00 5e c5 00 00 
.........82G. .. .^...

Client->GAME [16:45:20 07/14/09] packet size: 1 CRYPTED, Flags: 7f ServerSeq: 270 ClientSeq: 436
02 
.

GAME->Client [16:45:20 07/14/09] packet size: 43 CRYPTED, Flags: 7f ServerSeq: 351 ClientSeq: 259
82 fa fe d7 48 03 0b 00 02 0e 04 6e 67 da 39 47 00 20 8a c4 30 e9 b7 c4 05 00 02 0c c4 98 38 32 
47 00 20 8a c4 20 00 5e c5 00 00 
....H......ng.9G. ..0.........82G. .. .^...

Client->GAME [16:45:21 07/14/09] packet size: 1 CRYPTED, Flags: 7f ServerSeq: 271 ClientSeq: 437
02 
.

GAME->Client [16:45:21 07/14/09] packet size: 39 CRYPTED, Flags: 7f ServerSeq: 352 ClientSeq: 260
02 03 0b 00 02 0e 04 78 67 da 39 47 00 20 8a c4 30 e9 b7 c4 05 00 02 0c ce 98 38 32 47 00 20 8a 
c4 20 00 5e c5 00 00 
.......xg.9G. ..0.........82G. .. .^...

Client->GAME [16:45:21 07/14/09] packet size: 1 CRYPTED, Flags: 7f ServerSeq: 256 ClientSeq: 438
02 
.

GAME->Client [16:45:21 07/14/09] packet size: 55 CRYPTED, Flags: 7f ServerSeq: 353 ClientSeq: 261
02 03 16 00 02 08 06 21 37 47 00 20 8a c4 50 58 4c c4 0b 00 02 0e 00 82 67 da 39 47 00 20 8a c4 
30 e9 b7 c4 05 00 02 0c d8 98 38 32 47 00 20 8a c4 20 00 5e c5 00 00 
.......!7G. ..PXL.......g.9G. ..0.........82G. .. .^...

Client->GAME [16:45:21 07/14/09] packet size: 1 CRYPTED, Flags: 7f ServerSeq: 257 ClientSeq: 439
02 
.

GAME->Client [16:45:21 07/14/09] packet size: 39 CRYPTED, Flags: 7f ServerSeq: 354 ClientSeq: 262
02 03 0b 00 02 0e 00 8c 67 da 39 47 00 20 8a c4 30 e9 b7 c4 05 00 02 0c e2 98 38 32 47 00 20 8a 
c4 20 00 5e c5 00 00 
........g.9G. ..0.........82G. .. .^...

Client->GAME [16:45:21 07/14/09] packet size: 1 CRYPTED, Flags: 7f ServerSeq: 258 ClientSeq: 440
02 
.

GAME->Client [16:45:21 07/14/09] packet size: 21 CRYPTED, Flags: 7f ServerSeq: 355 ClientSeq: 263
02 03 05 00 02 0c ec 98 38 32 47 00 20 8a c4 20 00 5e c5 00 00 
........82G. .. .^...

Client->GAME [16:45:21 07/14/09] packet size: 1 CRYPTED, Flags: 7f ServerSeq: 259 ClientSeq: 441
02 
.

Client->GAME [16:45:21 07/14/09] packet size: 15 CRYPTED, Flags: 7f ServerSeq: 259 ClientSeq: 442
02 04 01 00 22 01 08 80 c7 0e 00 b3 00 05 00 
...."..........

GAME->Client [16:45:21 07/14/09] packet size: 39 CRYPTED, Flags: 7f ServerSeq: 356 ClientSeq: 264
02 03 17 00 02 0e 04 66 51 74 39 47 00 20 8a c4 21 3f 36 c6 05 00 02 0c f6 98 38 32 47 00 20 8a 
c4 20 00 5e c5 00 00 
.......fQt9G. ..!?6.......82G. .. .^...

Client->GAME [16:45:21 07/14/09] packet size: 1 CRYPTED, Flags: 7f ServerSeq: 260 ClientSeq: 443
02 
.

GAME->Client [16:45:21 07/14/09] packet size: 40 CRYPTED, Flags: 7f ServerSeq: 357 ClientSeq: 265
02 03 17 00 02 0e 04 70 51 74 39 47 00 20 8a c4 21 3f 36 c6 05 00 02 0e 00 00 98 38 32 47 00 20 
8a c4 20 00 5e c5 00 00 
.......pQt9G. ..!?6........82G. .. .^...

Client->GAME [16:45:21 07/14/09] packet size: 1 CRYPTED, Flags: 7f ServerSeq: 261 ClientSeq: 444
02 
.

GAME->Client [16:45:21 07/14/09] packet size: 52 CRYPTED, Flags: 7f ServerSeq: 358 ClientSeq: 267
02 03 17 00 02 0c 7a 51 74 39 47 00 20 8a c4 21 3f 36 c6 05 00 02 0e 00 0a 98 38 32 47 00 20 8a 
c4 20 00 5e c5 00 00 04 01 01 97 01 07 80 fb 07 00 00 00 01 
......zQt9G. ..!?6........82G. .. .^................

Client->GAME [16:45:21 07/14/09] packet size: 1 CRYPTED, Flags: 7f ServerSeq: 262 ClientSeq: 445
02 
.

GAME->Client [16:45:21 07/14/09] packet size: 38 CRYPTED, Flags: 7f ServerSeq: 359 ClientSeq: 268
02 03 17 00 02 0c 84 51 74 39 47 00 20 8a c4 21 3f 36 c6 05 00 02 0c 0b 98 38 32 47 00 20 8a c4 
20 00 5e c5 00 00 
.......Qt9G. ..!?6.......82G. .. .^...

Client->GAME [16:45:22 07/14/09] packet size: 1 CRYPTED, Flags: 7f ServerSeq: 263 ClientSeq: 446
02 
.

GAME->Client [16:45:22 07/14/09] packet size: 25 CRYPTED, Flags: 7f ServerSeq: 360 ClientSeq: 269
82 1e ff d7 48 03 17 00 02 0c 8e 51 74 39 47 00 20 8a c4 21 3f 36 c6 00 00 
....H......Qt9G. ..!?6...

Client->GAME [16:45:22 07/14/09] packet size: 1 CRYPTED, Flags: 7f ServerSeq: 264 ClientSeq: 447
02 
.

GAME->Client [16:45:22 07/14/09] packet size: 154 CRYPTED, Flags: 7f ServerSeq: 361 ClientSeq: 270
02 03 01 00 0c 57 02 a2 cd ab 15 8e 47 6f 6c 64 20 42 6c 6f 6f 64 20 43 68 61 6d 70 69 6f 6e 00 
00 00 00 00 00 00 00 00 00 00 00 00 00 10 00 00 22 d5 01 0d 61 1c 00 c6 01 80 d3 d7 09 00 58 4c 
0a 00 28 0a 00 00 00 64 60 22 e7 40 00 00 00 00 00 44 91 c0 00 00 00 50 d5 a7 c6 c0 c0 01 83 01 
01 a8 0d ee 02 b2 04 ee 02 07 08 00 00 81 b5 02 00 00 02 03 18 00 00 17 00 02 0c 98 51 74 39 47 
00 20 8a c4 21 3f 36 c6 16 00 02 08 72 b5 37 47 00 20 8a c4 70 cd 65 c4 00 00 
.....W......Gold Blood Champion................."...a.........XL..(....d`".@.....D.....P........
............................Qt9G. ..!?6.....r.7G. ..p.e...

Client->GAME [16:45:22 07/14/09] packet size: 1 CRYPTED, Flags: 7f ServerSeq: 265 ClientSeq: 448
02 
.

GAME->Client [16:45:22 07/14/09] packet size: 21 CRYPTED, Flags: 7f ServerSeq: 362 ClientSeq: 271
02 03 17 00 02 0c a2 51 74 39 47 00 20 8a c4 21 3f 36 c6 00 00 
.......Qt9G. ..!?6...

Client->GAME [16:45:22 07/14/09] packet size: 1 CRYPTED, Flags: 7f ServerSeq: 266 ClientSeq: 449
02 
.

GAME->Client [16:45:22 07/14/09] packet size: 21 CRYPTED, Flags: 7f ServerSeq: 363 ClientSeq: 256
02 03 17 00 02 0c ac 51 74 39 47 00 20 8a c4 21 3f 36 c6 00 00 
.......Qt9G. ..!?6...

Client->GAME [16:45:22 07/14/09] packet size: 1 CRYPTED, Flags: 7f ServerSeq: 267 ClientSeq: 450
02 
.

GAME->Client [16:45:22 07/14/09] packet size: 39 CRYPTED, Flags: 7f ServerSeq: 364 ClientSeq: 257
02 03 17 00 02 0c b6 51 74 39 47 00 20 8a c4 21 3f 36 c6 0d 00 02 0e 01 8a 77 89 35 47 00 20 8a 
c4 9a 8e 29 c5 00 00 
.......Qt9G. ..!?6.......w.5G. ....)...

Client->GAME [16:45:22 07/14/09] packet size: 1 CRYPTED, Flags: 7f ServerSeq: 268 ClientSeq: 451
02 
.

GAME->Client [16:45:22 07/14/09] packet size: 38 CRYPTED, Flags: 7f ServerSeq: 365 ClientSeq: 258
02 03 18 00 02 08 fa 2e 39 47 00 20 8a c4 8c e8 33 c6 17 00 02 0e 01 c0 e8 5d 39 47 00 20 8a c4 
a2 44 36 c6 00 00 
........9G. ....3........]9G. ...D6...

Client->GAME [16:45:22 07/14/09] packet size: 1 CRYPTED, Flags: 7f ServerSeq: 269 ClientSeq: 452
02 
.

GAME->Client [16:45:22 07/14/09] packet size: 22 CRYPTED, Flags: 7f ServerSeq: 366 ClientSeq: 259
02 03 17 00 02 0e 01 c6 9d 47 39 47 00 20 8a c4 86 38 36 c6 00 00 
.........G9G. ...86...

Client->GAME [16:45:22 07/14/09] packet size: 1 CRYPTED, Flags: 7f ServerSeq: 270 ClientSeq: 453
02 
.

Client->GAME [16:45:22 07/14/09] packet size: 10 CRYPTED, Flags: 7f ServerSeq: 270 ClientSeq: 454
02 04 01 00 23 01 03 80 fc 01 
....#.....

GAME->Client [16:45:23 07/14/09] packet size: 34 CRYPTED, Flags: 7f ServerSeq: 367 ClientSeq: 262
02 03 16 00 02 08 df 49 38 47 00 20 8a c4 a0 42 7f c4 00 00 04 01 01 98 01 08 80 fd 00 00 00 00 
01 00 
.......I8G. ...B..................

GAME->Client [16:45:23 07/14/09] packet size: 26 CRYPTED, Flags: 7f ServerSeq: 368 ClientSeq: 262
82 46 ff d7 48 03 14 00 02 0e 01 08 71 1b 36 47 00 20 8a c4 fe a4 a8 c5 00 00 
.F..H.......q.6G. ........

GAME->Client [16:45:23 07/14/09] packet size: 27 CRYPTED, Flags: 7f ServerSeq: 369 ClientSeq: 262
02 03 16 00 02 2a 00 40 00 00 00 10 01 f5 6e 38 47 00 20 8a c4 78 cf 82 c4 00 00 
.....*.@......n8G. ..x.....

GAME->Client [16:45:23 07/14/09] packet size: 67 CRYPTED, Flags: 7f ServerSeq: 370 ClientSeq: 262
02 03 16 00 02 2a 00 40 00 00 00 10 01 80 81 38 47 00 20 8a c4 88 66 84 c4 14 00 02 2e 00 40 00 
00 00 10 01 08 37 24 36 47 00 20 8a c4 2a 44 a7 c5 0d 00 02 08 bb 5d 35 47 00 20 8a c4 08 78 34 
c5 00 00 
.....*.@.......8G. ...f.......@......7$6G. ..*D.......]5G. ...x4...

GAME->Client [16:45:23 07/14/09] packet size: 83 CRYPTED, Flags: 7f ServerSeq: 371 ClientSeq: 262
02 03 18 00 02 08 5a 65 39 47 00 20 8a c4 fc 39 31 c6 17 00 02 08 c2 ab 38 47 00 20 8a c4 0c dc 
35 c6 16 00 02 2a 00 40 00 00 00 10 01 1c 94 38 47 00 20 8a c4 18 ff 85 c4 14 00 02 2e 00 40 00 
00 00 10 01 08 9e 28 36 47 00 20 8a c4 0e 93 a6 c5 00 00 
......Ze9G. ...91.......8G. ....5....*.@.......8G. ...........@.......(6G. ........

GAME->Client [16:45:23 07/14/09] packet size: 92 CRYPTED, Flags: 7f ServerSeq: 372 ClientSeq: 262
02 03 16 00 02 2a 00 40 00 00 00 10 01 9b a6 38 47 00 20 8a c4 30 95 87 c4 14 00 02 2e 00 40 00 
00 00 10 01 08 ff 2c 36 47 00 20 8a c4 0d e3 a5 c5 0d 00 02 2a 00 40 00 00 00 10 01 cc 52 35 47 
00 20 8a c4 82 32 37 c5 03 00 02 0e 01 f7 23 9c 3a 47 00 20 8a c4 49 74 a1 c5 00 00 
.....*.@.......8G. ..0........@.......,6G. .........*.@......R5G. ...27.......#.:G. ..It....

GAME->Client [16:45:23 07/14/09] packet size: 152 CRYPTED, Flags: 7f ServerSeq: 373 ClientSeq: 262
02 03 18 00 02 2a 00 40 00 00 00 10 01 eb 72 39 47 00 20 8a c4 ac 8e 30 c6 17 00 02 2a 00 40 00 
00 00 10 01 51 7f 38 47 00 20 8a c4 ad c1 35 c6 16 00 02 2a 00 40 00 00 00 10 01 27 b9 38 47 00 
20 8a c4 70 2c 89 c4 14 00 02 2e 00 40 00 00 00 10 01 08 62 31 36 47 00 20 8a c4 89 32 a5 c5 0d 
00 02 2a 00 40 00 00 00 10 01 54 4d 35 47 00 20 8a c4 aa 8f 38 c5 03 00 02 0e 01 f8 7a 97 3a 47 
00 20 8a c4 3a c4 a0 c5 00 00 04 01 01 98 01 08 80 fd 00 00 00 00 01 00 
.....*.@......r9G. ....0....*.@.....Q.8G. ....5....*.@.....'.8G. ..p,.......@......b16G. ...2...
..*.@.....TM5G. ....8.......z.:G. ..:...................

GAME->Client [16:45:24 07/14/09] packet size: 126 CRYPTED, Flags: 7f ServerSeq: 374 ClientSeq: 262
02 03 18 00 02 2a 00 40 00 00 00 10 01 b6 79 39 47 00 20 8a c4 e0 38 30 c6 17 00 02 2a 00 40 00 
00 00 10 01 0f 69 38 47 00 20 8a c4 78 b4 35 c6 16 00 02 2a 00 40 00 00 00 10 01 b5 cb 38 47 00 
20 8a c4 c0 c3 8a c4 14 00 02 2e 00 40 00 00 00 10 01 08 c6 35 36 47 00 20 8a c4 fd 81 a4 c5 0d 
00 02 2a 00 40 00 00 00 10 01 dd 47 35 47 00 20 8a c4 e2 ec 39 c5 03 00 02 06 01 f8 00 00 
.....*.@......y9G. ...80....*.@......i8G. ..x.5....*.@.......8G. ...........@.......56G. .......
..*.@......G5G. ....9.........

GAME->Client [16:45:24 07/14/09] packet size: 126 CRYPTED, Flags: 7f ServerSeq: 375 ClientSeq: 262
02 03 18 00 02 2a 00 40 00 00 00 10 01 87 80 39 47 00 20 8a c4 d8 e2 2f c6 17 00 02 2a 00 40 00 
00 00 10 01 bd 52 38 47 00 20 8a c4 3a a7 35 c6 16 00 02 2a 00 40 00 00 00 10 01 50 de 38 47 00 
20 8a c4 38 5c 8c c4 14 00 02 2e 00 40 00 00 00 10 01 08 2d 3a 36 47 00 20 8a c4 f2 d0 a3 c5 0d 
00 02 2a 00 40 00 00 00 10 01 61 42 35 47 00 20 8a c4 16 4b 3b c5 03 00 02 06 01 f8 00 00 
.....*.@.......9G. ..../....*.@......R8G. ..:.5....*.@.....P.8G. ..8\.......@......-:6G. .......
..*.@.....aB5G. ...K;.........

GAME->Client [16:45:24 07/14/09] packet size: 73 CRYPTED, Flags: 7f ServerSeq: 376 ClientSeq: 262
02 03 18 00 02 2a 00 40 00 00 00 10 01 4e 87 39 47 00 20 8a c4 4c 8d 2f c6 17 00 02 2a 00 40 00 
00 00 10 01 8c 3c 38 47 00 20 8a c4 0e 9a 35 c6 16 00 02 2a 00 40 00 00 00 10 01 cf f0 38 47 00 
20 8a c4 50 f2 8d c4 00 00 
.....*.@.....N.9G. ..L./....*.@......<8G. ....5....*.@.......8G. ..P.....

GAME->Client [16:45:24 07/14/09] packet size: 32 CRYPTED, Flags: 7f ServerSeq: 377 ClientSeq: 262
82 6a ff d7 48 03 18 00 02 2e 00 40 00 00 00 10 05 07 92 8a 39 47 00 20 8a c4 3d 62 2f c6 00 00 
.j..H......@........9G. ..=b/...

Client->GAME [16:45:24 07/14/09] packet size: 17 CRYPTED, Flags: 7f ServerSeq: 271 ClientSeq: 455
02 04 01 00 24 02 03 80 fe 01 06 81 51 00 00 00 00 
....$.......Q....

Client->GAME [16:45:24 07/14/09] packet size: 1 CRYPTED, Flags: 7f ServerSeq: 263 ClientSeq: 456
02 
.

GAME->Client [16:45:24 07/14/09] packet size: 28 CRYPTED, Flags: 7f ServerSeq: 378 ClientSeq: 262
02 03 18 00 02 2e 00 40 00 00 00 10 05 fd 92 8a 39 47 00 20 8a c4 3d 62 2f c6 00 00 
.......@........9G. ..=b/...

Client->GAME [16:45:24 07/14/09] packet size: 1 CRYPTED, Flags: 7f ServerSeq: 265 ClientSeq: 457
02 
.

Client->GAME [16:45:24 07/14/09] packet size: 1 CRYPTED, Flags: 7f ServerSeq: 266 ClientSeq: 458
02 
.

GAME->Client [16:45:24 07/14/09] packet size: 42 CRYPTED, Flags: 7f ServerSeq: 379 ClientSeq: 262
02 03 18 00 02 2e 00 40 00 00 00 10 05 f3 92 8a 39 47 00 20 8a c4 3d 62 2f c6 00 00 04 01 01 98 
01 08 80 fd 00 00 00 00 01 00 
.......@........9G. ..=b/.................

Client->GAME [16:45:24 07/14/09] packet size: 1 CRYPTED, Flags: 7f ServerSeq: 267 ClientSeq: 459
02 
.

GAME->Client [16:45:24 07/14/09] packet size: 126 CRYPTED, Flags: 7f ServerSeq: 380 ClientSeq: 266
02 04 01 01 99 06 04 80 b3 11 00 16 80 bc 15 00 7e 00 00 11 00 00 00 ab 00 0d 00 00 00 01 00 00 
00 00 16 80 bc 15 00 7f 00 00 11 00 00 00 0a 02 4d 00 00 00 01 00 00 00 00 16 80 bc 15 00 80 00 
00 11 00 00 00 f2 03 34 00 00 00 01 00 00 00 00 16 80 bc 15 00 81 00 00 11 00 00 00 ed 03 4d 00 
00 00 01 00 00 00 00 16 80 bc 15 00 82 00 00 11 00 00 00 9f 00 19 00 00 00 01 00 00 00 00 
................~...............................M......................4......................M.
..............................

Client->GAME [16:45:24 07/14/09] packet size: 1 CRYPTED, Flags: 7f ServerSeq: 268 ClientSeq: 460
02 
.

GAME->Client [16:45:24 07/14/09] packet size: 133 CRYPTED, Flags: 7f ServerSeq: 381 ClientSeq: 267
02 04 01 01 9f 06 16 80 bc 15 00 83 00 00 11 00 00 00 f1 03 34 00 00 00 01 00 00 00 00 16 80 bc 
15 00 84 00 00 11 00 00 00 0c 02 34 00 00 00 01 00 00 00 00 16 80 bc 15 00 85 00 00 11 00 00 00 
b7 00 4d 00 00 00 01 00 00 00 00 16 80 bc 15 00 86 00 00 11 00 00 00 f3 03 46 00 00 00 01 00 00 
00 00 0b 80 bd 05 11 00 00 00 00 00 00 00 16 80 bc 15 00 88 00 00 11 00 00 00 ab 00 0d 00 00 00 
00 00 00 00 00 
....................4......................4......................M......................F......
.....................................

Client->GAME [16:45:24 07/14/09] packet size: 1 CRYPTED, Flags: 7f ServerSeq: 269 ClientSeq: 461
02 
.

GAME->Client [16:45:25 07/14/09] packet size: 144 CRYPTED, Flags: 7f ServerSeq: 382 ClientSeq: 268
02 04 01 01 a5 06 16 80 bc 15 00 89 00 00 11 00 00 00 0a 02 4d 00 00 00 00 00 00 00 00 16 80 bc 
15 00 8a 00 00 11 00 00 00 f2 03 34 00 00 00 00 00 00 00 00 16 80 bc 15 00 8b 00 00 11 00 00 00 
ed 03 4d 00 00 00 00 00 00 00 00 16 80 bc 15 00 8c 00 00 11 00 00 00 9f 00 19 00 00 00 00 00 00 
00 00 16 80 bc 15 00 8d 00 00 11 00 00 00 f1 03 34 00 00 00 00 00 00 00 00 16 80 bc 15 00 8e 00 
00 11 00 00 00 0c 02 34 00 00 00 00 00 00 00 00 
....................M......................4......................M.............................
................4......................4........

Client->GAME [16:45:25 07/14/09] packet size: 1 CRYPTED, Flags: 7f ServerSeq: 270 ClientSeq: 462
02 
.

GAME->Client [16:45:25 07/14/09] packet size: 145 CRYPTED, Flags: 7f ServerSeq: 383 ClientSeq: 269
02 04 01 01 ab 07 16 80 bc 15 00 8f 00 00 11 00 00 00 b7 00 4d 00 00 00 00 00 00 00 00 16 80 bc 
15 00 90 00 00 11 00 00 00 f3 03 46 00 00 00 00 00 00 00 00 0b 80 bd 05 11 00 00 00 00 00 00 01 
0b 80 bd 05 11 00 00 00 00 00 00 00 16 80 bc 15 00 88 00 00 11 00 00 00 ab 00 0d 00 00 00 01 00 
00 00 00 16 80 bc 15 00 89 00 00 11 00 00 00 0a 02 4d 00 00 00 01 00 00 00 00 16 80 bc 15 00 8a 
00 00 11 00 00 00 f2 03 34 00 00 00 01 00 00 00 00 
....................M......................F....................................................
.................M......................4........

Client->GAME [16:45:25 07/14/09] packet size: 1 CRYPTED, Flags: 7f ServerSeq: 271 ClientSeq: 463
02 
.

GAME->Client [16:45:25 07/14/09] packet size: 164 CRYPTED, Flags: 7f ServerSeq: 384 ClientSeq: 270
02 04 01 01 b2 0a 16 80 bc 15 00 8b 00 00 11 00 00 00 ed 03 4d 00 00 00 01 00 00 00 00 16 80 bc 
15 00 8c 00 00 11 00 00 00 9f 00 19 00 00 00 01 00 00 00 00 16 80 bc 15 00 8d 00 00 11 00 00 00 
f1 03 34 00 00 00 01 00 00 00 00 16 80 bc 15 00 8e 00 00 11 00 00 00 0c 02 34 00 00 00 01 00 00 
00 00 16 80 bc 15 00 8f 00 00 11 00 00 00 b7 00 4d 00 00 00 01 00 00 00 00 16 80 bc 15 00 90 00 
00 11 00 00 00 f3 03 46 00 00 00 01 00 00 00 00 04 80 b3 35 04 04 80 b3 3d 04 04 80 b3 3e 04 04 
80 b3 3f 04 
....................M.............................................4......................4......
................M......................F...........5....=....>....?.

Client->GAME [16:45:25 07/14/09] packet size: 1 CRYPTED, Flags: 7f ServerSeq: 256 ClientSeq: 464
02 
.

GAME->Client [16:45:25 07/14/09] packet size: 172 CRYPTED, Flags: 7f ServerSeq: 385 ClientSeq: 271
02 04 02 01 bc 02 04 80 b3 40 04 41 81 67 17 00 27 00 1c 22 00 c6 01 11 00 00 00 00 00 00 00 37 
00 00 08 0e 00 41 66 74 65 72 57 68 6f 72 75 4e 65 6f 00 0e 00 41 66 74 65 72 57 68 6f 72 75 4e 
65 6f 00 02 00 4d 00 00 00 00 00 00 00 01 be 04 16 80 bc 15 00 3d 00 00 f7 03 00 00 08 02 00 00 
00 00 01 00 00 00 00 16 80 bc 15 00 3e 00 00 f7 03 00 00 07 02 ec ff ff ff 01 00 00 00 00 16 80 
bc 15 00 3f 00 00 f7 03 00 00 50 04 00 00 00 00 01 00 00 00 00 16 80 bc 15 00 40 00 00 f7 03 00 
00 f4 03 00 00 00 00 01 00 00 00 00 
.........@.A.g..'.."...........7.....AfterWhoruNeo...AfterWhoruNeo...M...............=..........
............>......................?......P...............@.................

Client->GAME [16:45:25 07/14/09] packet size: 1 CRYPTED, Flags: 7f ServerSeq: 257 ClientSeq: 465
02 
.

GAME->Client [16:45:25 07/14/09] packet size: 171 CRYPTED, Flags: 7f ServerSeq: 386 ClientSeq: 256
82 8e ff d7 48 04 01 01 c2 07 16 80 bc 15 00 41 00 00 f7 03 00 00 51 04 f6 ff ff ff 01 00 00 00 
00 16 80 bc 15 00 42 00 00 f7 03 00 00 52 04 0f 00 00 00 01 00 00 00 00 16 80 bc 56 00 43 00 00 
0a 95 00 00 06 04 02 00 00 00 01 00 00 00 00 16 80 bc 56 00 44 00 00 0a 95 00 00 b4 00 11 00 00 
00 01 00 00 00 00 16 80 bc 56 00 45 00 00 0a 95 00 00 b5 00 11 00 00 00 01 00 00 00 00 16 80 bc 
56 00 46 00 00 0a 95 00 00 07 04 02 00 00 00 01 00 00 00 00 16 80 bc 56 00 47 00 00 8a b2 00 00 
23 04 02 00 00 00 01 00 00 00 00 
....H..........A......Q...............B......R.............V.C....................V.D...........
.........V.E....................V.F....................V.G......#..........

Client->GAME [16:45:25 07/14/09] packet size: 1 CRYPTED, Flags: 7f ServerSeq: 258 ClientSeq: 466
02 
.

GAME->Client [16:45:25 07/14/09] packet size: 190 CRYPTED, Flags: 7f ServerSeq: 387 ClientSeq: 257
02 04 01 01 c9 08 16 80 bc 56 00 48 00 00 8a b2 00 00 21 04 01 00 00 00 01 00 00 00 00 16 80 bc 
56 00 49 00 00 8a b2 00 00 b4 00 1d 00 00 00 01 00 00 00 00 16 80 bc 56 00 4a 00 00 8a b2 00 00 
09 04 1d 00 00 00 01 00 00 00 00 16 80 bc 56 00 4b 00 00 8a b2 00 00 9d 00 1d 00 00 00 01 00 00 
00 00 16 80 bc 56 00 4c 00 00 8a b2 00 00 06 04 01 00 00 00 01 00 00 00 00 16 80 bc 56 00 4d 00 
00 24 b3 00 00 89 02 02 00 00 00 01 00 00 00 00 16 80 bc 56 00 4e 00 00 24 b3 00 00 1a 04 01 00 
00 00 01 00 00 00 00 16 80 bc 56 00 4f 00 00 24 b3 00 00 b4 00 21 00 00 00 01 00 00 00 00 
.........V.H......!.............V.I....................V.J....................V.K...............
.....V.L....................V.M..$.................V.N..$.................V.O..$.....!........

Client->GAME [16:45:25 07/14/09] packet size: 1 CRYPTED, Flags: 7f ServerSeq: 259 ClientSeq: 467
02 
.

GAME->Client [16:45:25 07/14/09] packet size: 190 CRYPTED, Flags: 7f ServerSeq: 388 ClientSeq: 258
02 04 01 01 d1 08 16 80 bc 56 00 50 00 00 24 b3 00 00 09 04 21 00 00 00 01 00 00 00 00 16 80 bc 
56 00 51 00 00 24 b3 00 00 15 04 02 00 00 00 01 00 00 00 00 16 80 bc 56 00 52 00 00 24 b3 00 00 
b5 00 21 00 00 00 01 00 00 00 00 16 80 bc 56 00 53 00 00 95 a7 00 00 b4 00 12 00 00 00 01 00 00 
00 00 16 80 bc 56 00 54 00 00 95 a7 00 00 b5 00 12 00 00 00 01 00 00 00 00 16 80 bc 56 00 55 00 
00 95 a7 00 00 09 04 12 00 00 00 01 00 00 00 00 16 80 bc 56 00 56 00 00 95 a7 00 00 70 00 0f 00 
00 00 01 00 00 00 00 16 80 bc 56 00 57 00 00 2c b3 00 00 17 04 01 00 00 00 01 00 00 00 00 
.........V.P..$.....!...........V.Q..$.................V.R..$.....!...........V.S...............
.....V.T....................V.U....................V.V......p.............V.W..,..............

Client->GAME [16:45:25 07/14/09] packet size: 1 CRYPTED, Flags: 7f ServerSeq: 260 ClientSeq: 468
02 
.

GAME->Client [16:45:25 07/14/09] packet size: 190 CRYPTED, Flags: 7f ServerSeq: 389 ClientSeq: 259
02 04 01 01 d9 08 16 80 bc 56 00 58 00 00 2c b3 00 00 b4 00 21 00 00 00 01 00 00 00 00 16 80 bc 
56 00 59 00 00 2c b3 00 00 09 04 21 00 00 00 01 00 00 00 00 16 80 bc 56 00 5a 00 00 2c b3 00 00 
12 04 02 00 00 00 01 00 00 00 00 16 80 bc 56 00 5b 00 00 2c b3 00 00 07 04 02 00 00 00 01 00 00 
00 00 16 80 bc 56 00 5c 00 00 2c b3 00 00 b5 00 21 00 00 00 01 00 00 00 00 16 80 bc 56 00 5d 00 
00 c3 b2 00 00 89 02 02 00 00 00 01 00 00 00 00 16 80 bc 56 00 5e 00 00 c3 b2 00 00 21 04 02 00 
00 00 01 00 00 00 00 16 80 bc 56 00 5f 00 00 c3 b2 00 00 b4 00 1f 00 00 00 01 00 00 00 00 
.........V.X..,.....!...........V.Y..,.....!...........V.Z..,.................V.[..,............
.....V.\..,.....!...........V.]....................V.^......!.............V._.................

Client->GAME [16:45:25 07/14/09] packet size: 1 CRYPTED, Flags: 7f ServerSeq: 261 ClientSeq: 469
02 
.

GAME->Client [16:45:26 07/14/09] packet size: 213 CRYPTED, Flags: 7f ServerSeq: 390 ClientSeq: 260
02 04 01 01 e1 09 16 80 bc 56 00 60 00 00 c3 b2 00 00 09 04 1f 00 00 00 01 00 00 00 00 16 80 bc 
56 00 61 00 00 c3 b2 00 00 1e 04 01 00 00 00 01 00 00 00 00 16 80 bc 56 00 62 00 00 c3 b2 00 00 
9d 00 1f 00 00 00 01 00 00 00 00 16 80 bc 55 00 63 00 00 02 00 00 00 cc 00 0c 00 00 00 01 00 00 
00 00 16 80 bc 55 00 64 00 00 0b 00 00 00 37 02 96 00 00 00 01 00 00 00 00 16 80 bc 55 00 65 00 
00 2d 00 00 00 23 04 0a 00 00 00 01 00 00 00 00 16 80 bc 55 00 66 00 00 2d 00 00 00 20 04 0a 00 
00 00 01 00 00 00 00 16 80 bc 55 00 67 00 00 2d 00 00 00 19 04 05 00 00 00 01 00 00 00 00 16 80 
bc 55 00 68 00 00 2d 00 00 00 42 04 05 00 00 00 01 00 00 00 00 
.........V.`....................V.a....................V.b....................U.c...............
.....U.d......7.............U.e..-...#.............U.f..-... .............U.g..-................
.U.h..-...B..........

Client->GAME [16:45:26 07/14/09] packet size: 1 CRYPTED, Flags: 7f ServerSeq: 262 ClientSeq: 470
02 
.

GAME->Client [16:45:26 07/14/09] packet size: 213 CRYPTED, Flags: 7f ServerSeq: 391 ClientSeq: 261
02 04 01 01 ea 09 16 80 bc 55 00 69 00 00 34 00 00 00 83 02 c8 00 00 00 01 00 00 00 00 16 80 bc 
55 00 6a 00 00 4b 00 00 00 1f 04 19 00 00 00 01 00 00 00 00 16 80 bc 55 00 6b 00 00 5f 00 00 00 
7c 04 0f 00 00 00 01 00 00 00 00 16 80 bc 55 00 6c 00 00 5f 00 00 00 07 04 0f 00 00 00 01 00 00 
00 00 16 80 bc 55 00 6d 00 00 62 00 00 00 06 04 01 00 00 00 01 00 00 00 00 16 80 bc 55 00 6e 00 
00 62 00 00 00 15 04 01 00 00 00 01 00 00 00 00 16 80 bc 55 00 6f 00 00 5a 01 00 00 07 04 05 00 
00 00 01 00 00 00 00 16 80 bc 55 00 70 00 00 5a 01 00 00 1d 04 0f 00 00 00 01 00 00 00 00 16 80 
bc 55 00 71 00 00 64 01 00 00 1f 04 05 00 00 00 01 00 00 00 00 
.........U.i..4.................U.j..K.................U.k.._...|.............U.l.._............
.....U.m..b.................U.n..b.................U.o..Z.................U.p..Z................
.U.q..d..............

Client->GAME [16:45:26 07/14/09] packet size: 1 CRYPTED, Flags: 7f ServerSeq: 263 ClientSeq: 471
02 
.

GAME->Client [16:45:26 07/14/09] packet size: 236 CRYPTED, Flags: 7f ServerSeq: 392 ClientSeq: 262
02 04 01 01 f3 0a 16 80 bc 55 00 72 00 00 66 01 00 00 7b 04 05 00 00 00 01 00 00 00 00 16 80 bc 
55 00 73 00 00 66 01 00 00 12 04 0a 00 00 00 01 00 00 00 00 16 80 bc 55 00 74 00 00 66 01 00 00 
06 04 0b 00 00 00 01 00 00 00 00 16 80 bc 55 00 75 00 00 8e 01 00 00 03 04 05 00 00 00 01 00 00 
00 00 16 80 bc 55 00 76 00 00 8e 01 00 00 12 04 0f 00 00 00 01 00 00 00 00 16 80 bc 55 00 77 00 
00 8e 01 00 00 77 04 05 00 00 00 01 00 00 00 00 16 80 bc 55 00 78 00 00 cd 01 00 00 e5 03 05 00 
00 00 01 00 00 00 00 16 80 bc 55 00 79 00 00 cd 01 00 00 73 04 05 00 00 00 01 00 00 00 00 16 80 
bc 55 00 7a 00 00 cd 01 00 00 e3 03 0f 00 00 00 01 00 00 00 00 16 80 bc 55 00 7b 00 00 d5 01 00 
00 e3 03 05 00 00 00 01 00 00 00 00 
.........U.r..f...{.............U.s..f.................U.t..f.................U.u...............
.....U.v....................U.w......w.............U.x....................U.y......s............
.U.z....................U.{.................

Client->GAME [16:45:26 07/14/09] packet size: 1 CRYPTED, Flags: 7f ServerSeq: 264 ClientSeq: 472
02 
.

GAME->Client [16:45:26 07/14/09] packet size: 216 CRYPTED, Flags: 7f ServerSeq: 393 ClientSeq: 263
02 04 01 01 fd 0a 16 80 bc 55 00 7c 00 00 36 02 00 00 37 02 0a 00 00 00 01 00 00 00 00 16 80 bc 
55 00 7d 00 00 74 02 00 00 34 02 1e 00 00 00 01 00 00 00 00 16 80 bc 11 00 87 00 00 00 00 00 00 
cb 02 00 00 00 00 01 00 00 00 00 16 80 bc 45 03 11 00 00 02 00 00 00 11 00 32 00 00 00 01 00 00 
00 00 16 80 bc 45 03 35 04 00 62 00 00 00 35 04 00 00 00 00 01 00 00 00 00 16 80 bc 45 03 3d 04 
00 43 00 00 00 3d 04 00 00 00 00 01 00 00 00 00 16 80 bc 45 03 3e 04 00 4f 01 00 00 3e 04 00 00 
00 00 01 00 00 00 00 16 80 bc 45 03 3f 04 00 64 01 00 00 3f 04 00 00 00 00 01 00 00 00 00 16 80 
bc 45 03 40 04 00 d5 01 00 00 40 04 00 00 00 00 01 00 00 00 00 02 81 07 
.........U.|..6...7.............U.}..t...4....................................E..........2......
.....E.5..b...5.............E.=..C...=.............E.>..O...>.............E.?..d...?............
.E.@......@.............

Client->GAME [16:45:26 07/14/09] packet size: 13 CRYPTED, Flags: 7f ServerSeq: 265 ClientSeq: 473
02 04 01 00 26 01 06 81 08 00 00 00 00 
....&........

GAME->Client [16:45:26 07/14/09] packet size: 1 CRYPTED, Flags: 7f ServerSeq: 394 ClientSeq: 265
02 
.

GAME->Client [16:45:27 07/14/09] packet size: 5 CRYPTED, Flags: 7f ServerSeq: 395 ClientSeq: 265
c2 ca ff d7 48 
....H

Client->GAME [16:45:27 07/14/09] packet size: 1 CRYPTED, Flags: 7f ServerSeq: 267 ClientSeq: 474
02 
.

Client->GAME [16:45:27 07/14/09] packet size: 1 CRYPTED, Flags: 7f ServerSeq: 267 ClientSeq: 475
42 
B

GAME->Client [16:45:27 07/14/09] packet size: 1 CRYPTED, Flags: 7f ServerSeq: 396 ClientSeq: 265
42 
B

GAME->Client [16:45:27 07/14/09] packet size: 1 CRYPTED, Flags: 7f ServerSeq: 397 ClientSeq: 267
42 
B

GAME->Client [16:45:27 07/14/09] packet size: 9 CRYPTED, Flags: 0 ServerSeq: 2 ClientSeq: 0
02 04 01 00 03 01 02 81 09 
.........

Client->GAME [16:45:27 07/14/09] packet size: 1 CRYPTED, Flags: 2 ServerSeq: 2 ClientSeq: 1
02 
.

GAME->Client [16:45:28 07/14/09] packet size: 125 CRYPTED, Flags: 1 ServerSeq: 3 ClientSeq: 1
02 04 01 00 00 03 60 06 0e 00 86 03 00 00 9c fd d7 48 01 35 00 25 00 72 65 73 6f 75 72 63 65 2f 
77 6f 72 6c 64 73 2f 6c 6f 61 64 69 6e 67 5f 61 72 65 61 2f 6c 61 2e 6d 65 74 72 00 29 00 48 61 
6c 6c 6f 77 65 65 6e 5f 45 76 65 6e 74 2c 57 69 6e 74 65 72 33 50 6c 75 73 48 61 6c 6c 6f 77 65 
65 6e 54 53 45 43 00 0a 80 e5 e7 cb c0 12 00 00 00 00 0a 80 e4 e2 97 79 00 00 00 00 00 
......`..........H.5.%.resource/worlds/loading_area/la.metr.).Halloween_Event,Winter3PlusHallowe
enTSEC.................y.....

Client->GAME [16:45:28 07/14/09] packet size: 18 CRYPTED, Flags: 5 ServerSeq: 3 ClientSeq: 2
02 04 01 00 00 02 01 05 09 6c 03 00 00 00 00 00 00 00 
.........l........

GAME->Client [16:45:28 07/14/09] packet size: 489 CRYPTED, Flags: 3 ServerSeq: 4 ClientSeq: 2
02 04 01 00 04 15 16 80 bc 56 00 97 00 00 0a 95 00 00 06 04 02 00 00 00 01 00 00 00 00 16 80 bc 
56 00 98 00 00 0a 95 00 00 b4 00 11 00 00 00 01 00 00 00 00 16 80 bc 56 00 99 00 00 0a 95 00 00 
b5 00 11 00 00 00 01 00 00 00 00 16 80 bc 56 00 9a 00 00 0a 95 00 00 07 04 02 00 00 00 01 00 00 
00 00 16 80 bc 56 00 d3 00 00 0a 95 00 00 06 04 02 00 00 00 00 00 00 00 00 16 80 bc 56 00 d4 00 
00 0a 95 00 00 b4 00 11 00 00 00 00 00 00 00 00 16 80 bc 56 00 d5 00 00 0a 95 00 00 b5 00 11 00 
00 00 00 00 00 00 00 16 80 bc 56 00 d6 00 00 0a 95 00 00 07 04 02 00 00 00 00 00 00 00 00 16 80 
bc 56 00 9b 00 00 8a b2 00 00 23 04 02 00 00 00 01 00 00 00 00 16 80 bc 56 00 9c 00 00 8a b2 00 
00 21 04 01 00 00 00 01 00 00 00 00 16 80 bc 56 00 9d 00 00 8a b2 00 00 b4 00 1d 00 00 00 01 00 
00 00 00 16 80 bc 56 00 9e 00 00 8a b2 00 00 09 04 1d 00 00 00 01 00 00 00 00 16 80 bc 56 00 9f 
00 00 8a b2 00 00 9d 00 1d 00 00 00 01 00 00 00 00 16 80 bc 56 00 a0 00 00 8a b2 00 00 06 04 01 
00 00 00 01 00 00 00 00 16 80 bc 56 00 d7 00 00 8a b2 00 00 23 04 02 00 00 00 00 00 00 00 00 16 
80 bc 56 00 d8 00 00 8a b2 00 00 21 04 01 00 00 00 00 00 00 00 00 16 80 bc 56 00 d9 00 00 8a b2 
00 00 b4 00 1d 00 00 00 00 00 00 00 00 16 80 bc 56 00 da 00 00 8a b2 00 00 09 04 1d 00 00 00 00 
00 00 00 00 16 80 bc 56 00 db 00 00 8a b2 00 00 9d 00 1d 00 00 00 00 00 00 00 00 16 80 bc 56 00 
dc 00 00 8a b2 00 00 06 04 01 00 00 00 00 00 00 00 00 16 80 bc 56 00 a1 00 00 24 b3 00 00 89 02 
02 00 00 00 01 00 00 00 00 
.........V......................V......................V......................V.................
.....V......................V......................V......................V.....................
.V........#.............V........!.............V......................V......................V..
....................V......................V........#.............V........!.............V......
................V......................V......................V......................V....$.....
.........

Client->GAME [16:45:28 07/14/09] packet size: 1 CRYPTED, Flags: b ServerSeq: 4 ClientSeq: 3
02 
.

GAME->Client [16:45:28 07/14/09] packet size: 512 CRYPTED, Flags: 3 ServerSeq: 5 ClientSeq: 2
