Client->GAME [10:11:44 07/15/09] packet size: 1 CRYPTED, Flags: 7f ServerSeq: 3074 ClientSeq: 3253
02 
.

GAME->Client [10:11:44 07/15/09] packet size: 57 CRYPTED, Flags: 7f ServerSeq: 3219 ClientSeq: 3076
02 03 11 00 02 0e 00 92 f4 01 75 c7 00 80 fc c3 78 14 76 c7 0e 00 02 0c 4f 8a 3e 84 c7 00 80 fc 
c3 b8 d3 82 c7 0c 00 02 0e 01 e4 13 1a 83 c7 00 80 fc c3 f9 3d 6d c7 00 00 
..........u.....x.v.....O.>.........................=m...

Client->GAME [10:11:44 07/15/09] packet size: 1 CRYPTED, Flags: 7f ServerSeq: 3075 ClientSeq: 3254
02 
.

GAME->Client [10:11:44 07/15/09] packet size: 92 CRYPTED, Flags: 7f ServerSeq: 3220 ClientSeq: 3077
02 03 31 00 02 0a 05 a7 9f 89 c7 00 80 fc c3 c5 33 76 c7 11 00 02 0e 00 88 f4 01 75 c7 00 80 fc 
c3 78 14 76 c7 0e 00 02 0c 45 8a 3e 84 c7 00 80 fc c3 b8 d3 82 c7 0c 00 02 0e 01 da ab 22 83 c7 
00 80 fc c3 83 2f 6d c7 07 00 02 0e 01 04 1f 2b 83 c7 00 80 fc c3 c5 b4 6e c7 00 00 
..1.............3v.........u.....x.v.....E.>................."......./m........+........n...

Client->GAME [10:11:44 07/15/09] packet size: 1 CRYPTED, Flags: 7f ServerSeq: 3076 ClientSeq: 3255
02 
.

GAME->Client [10:11:44 07/15/09] packet size: 79 CRYPTED, Flags: 7f ServerSeq: 3221 ClientSeq: 3078
02 03 31 00 02 0e 05 1e a7 9f 89 c7 00 80 fc c3 c5 33 76 c7 11 00 02 0c 83 f4 01 75 c7 00 80 fc 
c3 78 14 76 c7 0e 00 02 0e 00 3b 8a 3e 84 c7 00 80 fc c3 b8 d3 82 c7 0c 00 02 0c d6 54 2c 83 c7 
00 80 fc c3 ee 23 6d c7 05 00 02 02 05 00 00 
..1..............3v........u.....x.v......;.>...............T,.......#m........

Client->GAME [10:11:44 07/15/09] packet size: 1 CRYPTED, Flags: 7f ServerSeq: 3077 ClientSeq: 3256
02 
.

GAME->Client [10:11:44 07/15/09] packet size: 92 CRYPTED, Flags: 7f ServerSeq: 3222 ClientSeq: 3079
02 03 31 00 02 0c 14 a7 9f 89 c7 00 80 fc c3 c5 33 76 c7 0e 00 02 0e 00 31 8a 3e 84 c7 00 80 fc 
c3 b8 d3 82 c7 06 00 02 0c 3d 13 80 78 c7 00 20 8a c4 55 b3 6c c7 05 00 02 0e 05 5e e0 36 76 c7 
00 80 fc c3 fa 87 7a c7 03 00 02 0e 04 94 2d c8 89 c7 00 80 fc c3 92 d6 75 c7 00 00 
..1.............3v......1.>..............=..x.. ..U.l......^.6v.......z.......-.........u...

Client->GAME [10:11:44 07/15/09] packet size: 1 CRYPTED, Flags: 7f ServerSeq: 3078 ClientSeq: 3257
02 
.

GAME->Client [10:11:44 07/15/09] packet size: 74 CRYPTED, Flags: 7f ServerSeq: 3223 ClientSeq: 3080
02 03 31 00 02 0e 01 0a a7 9f 89 c7 00 80 fc c3 c5 33 76 c7 0e 00 02 0c 30 8a 3e 84 c7 00 80 fc 
c3 b8 d3 82 c7 05 00 02 0c 54 e0 36 76 c7 00 80 fc c3 fa 87 7a c7 03 00 02 0e 00 9e 2d c8 89 c7 
00 80 fc c3 92 d6 75 c7 00 00 
..1..............3v.....0.>..............T.6v.......z.......-.........u...

Client->GAME [10:11:44 07/15/09] packet size: 1 CRYPTED, Flags: 7f ServerSeq: 3079 ClientSeq: 3258
02 
.

GAME->Client [10:11:44 07/15/09] packet size: 91 CRYPTED, Flags: 7f ServerSeq: 3224 ClientSeq: 3081
02 03 31 00 02 0e 01 00 f7 9e 89 c7 00 80 fc c3 5c 1d 76 c7 17 00 02 08 56 8d 83 c7 00 80 fc c3 
4f 52 81 c7 07 00 02 0e 04 0a 20 27 83 c7 00 80 fc c3 6f 66 6e c7 05 00 02 0c 4a e0 36 76 c7 00 
80 fc c3 fa 87 7a c7 03 00 02 0e 00 a8 2d c8 89 c7 00 80 fc c3 92 d6 75 c7 00 00 
..1.............\.v.....V.......OR........ '......ofn.....J.6v.......z.......-.........u...

Client->GAME [10:11:44 07/15/09] packet size: 1 CRYPTED, Flags: 7f ServerSeq: 3080 ClientSeq: 3259
02 
.

Client->GAME [10:11:44 07/15/09] packet size: 12
00 00 00 00 00 01 04 08 bd c3 38 00 
..........8.

GAME->Client [10:11:44 07/15/09] packet size: 139 CRYPTED, Flags: 7f ServerSeq: 3225 ClientSeq: 3082
02 03 45 00 02 08 7c 83 79 c7 00 20 8a c4 31 a7 6d c7 31 00 02 0c f9 9d a0 89 c7 00 80 fc c3 1b 
07 76 c7 2f 00 02 08 0d b0 73 c7 00 80 fc c3 df 3b 79 c7 29 00 02 08 4d 17 79 c7 00 20 8a c4 56 
fc 6d c7 25 00 02 0e 04 c8 66 15 83 c7 00 80 fc c3 47 43 82 c7 07 00 02 0e 04 14 20 27 83 c7 00 
80 fc c3 6f 66 6e c7 05 00 02 0c 40 e0 36 76 c7 00 80 fc c3 fa 87 7a c7 03 00 02 0c ae 2d c8 89 
c7 00 80 fc c3 92 d6 75 c7 00 00 
..E...|.y.. ..1.m.1..............v./.....s......;y.)...M.y.. ..V.m.%.....f.......GC........ '...
...ofn.....@.6v.......z......-.........u...

Client->GAME [10:11:44 07/15/09] packet size: 1 CRYPTED, Flags: 7f ServerSeq: 3081 ClientSeq: 3260
02 
.

GAME->Client [10:11:44 07/15/09] packet size: 12
00 00 00 00 00 01 04 08 bd c3 38 00 
..........8.

GAME->Client [10:11:44 07/15/09] packet size: 93 CRYPTED, Flags: 7f ServerSeq: 3226 ClientSeq: 3083
82 b4 a6 f6 48 03 25 00 02 0e 04 d2 66 15 83 c7 00 80 fc c3 47 43 82 c7 1f 00 02 0c 38 16 2e 79 
c7 00 80 fc c3 ae e0 83 c7 07 00 02 0c 1e 20 27 83 c7 00 80 fc c3 6f 66 6e c7 06 00 02 08 6c 26 
78 c7 00 20 8a c4 9c ab 6c c7 05 00 02 0c 36 e0 36 76 c7 00 80 fc c3 fa 87 7a c7 00 00 
....H.%.....f.......GC......8..y.............. '......ofn.....l&x.. ....l.....6.6v.......z...

Client->GAME [10:11:45 07/15/09] packet size: 1 CRYPTED, Flags: 7f ServerSeq: 3082 ClientSeq: 3261
02 
.

GAME->Client [10:11:45 07/15/09] packet size: 88 CRYPTED, Flags: 7f ServerSeq: 3227 ClientSeq: 3084
02 03 25 00 02 0c dc 66 15 83 c7 00 80 fc c3 47 43 82 c7 1f 00 02 0c 38 12 18 79 c7 00 80 fc c3 
5a de 83 c7 0c 00 02 08 37 66 83 c7 00 80 fc c3 8a de 6c c7 07 00 02 0c 28 20 27 83 c7 00 80 fc 
c3 6f 66 6e c7 05 00 02 0c 2c e0 36 76 c7 00 80 fc c3 fa 87 7a c7 00 00 
..%....f.......GC......8..y.....Z.......7f........l.....( '......ofn.....,.6v.......z...

Client->GAME [10:11:45 07/15/09] packet size: 1 CRYPTED, Flags: 7f ServerSeq: 3083 ClientSeq: 3262
02 
.

GAME->Client [10:11:45 07/15/09] packet size: 79 CRYPTED, Flags: 7f ServerSeq: 3228 ClientSeq: 3084
02 03 25 00 02 0c e6 66 15 83 c7 00 80 fc c3 47 43 82 c7 07 00 02 0c 32 20 27 83 c7 00 80 fc c3 
6f 66 6e c7 06 00 02 2a 00 40 00 00 00 10 01 88 f9 77 c7 00 20 8a c4 bf a7 6c c7 05 00 02 0e 01 
22 7e 2e 76 c7 00 80 fc c3 61 80 7a c7 00 00 
..%....f.......GC......2 '......ofn....*.@.......w.. ....l......"~.v.....a.z...

Client->GAME [10:11:45 07/15/09] packet size: 1 CRYPTED, Flags: 7f ServerSeq: 3084 ClientSeq: 3263
02 
.

GAME->Client [10:11:45 07/15/09] packet size: 56 CRYPTED, Flags: 7f ServerSeq: 3229 ClientSeq: 3086
02 03 25 00 02 0c f0 66 15 83 c7 00 80 fc c3 47 43 82 c7 07 00 02 0c 3c 20 27 83 c7 00 80 fc c3 
6f 66 6e c7 05 00 02 0e 01 18 ee 20 76 c7 00 80 fc c3 8c 6e 7a c7 00 00 
..%....f.......GC......< '......ofn........ v......nz...

Client->GAME [10:11:45 07/15/09] packet size: 1 CRYPTED, Flags: 7f ServerSeq: 3085 ClientSeq: 3264
02 
.

GAME->Client [10:11:45 07/15/09] packet size: 73 CRYPTED, Flags: 7f ServerSeq: 3230 ClientSeq: 3087
02 03 25 00 02 0c fa 66 15 83 c7 00 80 fc c3 47 43 82 c7 07 00 02 0c 46 20 27 83 c7 00 80 fc c3 
6f 66 6e c7 06 00 02 0e 04 47 2c e3 77 c7 00 20 8a c4 d2 a5 6c c7 05 00 02 0c 14 54 16 76 c7 00 
80 fc c3 b6 5a 7a c7 00 00 
..%....f.......GC......F '......ofn......G,.w.. ....l......T.v......Zz...

Client->GAME [10:11:45 07/15/09] packet size: 1 CRYPTED, Flags: 7f ServerSeq: 3086 ClientSeq: 3265
02 
.

GAME->Client [10:11:45 07/15/09] packet size: 74 CRYPTED, Flags: 7f ServerSeq: 3231 ClientSeq: 3072
02 03 2f 00 02 0c 8e a2 e0 73 c7 00 80 fc c3 d2 b9 79 c7 25 00 02 0e 01 04 d9 14 83 c7 00 80 fc 
c3 ae 3d 82 c7 07 00 02 0c 50 20 27 83 c7 00 80 fc c3 6f 66 6e c7 06 00 02 0e 04 51 2c e3 77 c7 
00 20 8a c4 d2 a5 6c c7 00 00 
../......s.......y.%..............=......P '......ofn......Q,.w.. ....l...

Client->GAME [10:11:45 07/15/09] packet size: 1 CRYPTED, Flags: 7f ServerSeq: 3087 ClientSeq: 3266
02 
.

GAME->Client [10:11:45 07/15/09] packet size: 74 CRYPTED, Flags: 7f ServerSeq: 3232 ClientSeq: 3073
02 03 25 00 02 0e 01 0e b9 11 83 c7 00 80 fc c3 e5 32 82 c7 21 00 02 0e 05 ff 85 06 85 c7 00 80 
fc c3 2c cf 88 c7 07 00 02 0c 5a 20 27 83 c7 00 80 fc c3 6f 66 6e c7 06 00 02 0c 5b 2c e3 77 c7 
00 20 8a c4 d2 a5 6c c7 00 00 
..%..............2..!.............,.......Z '......ofn.....[,.w.. ....l...

Client->GAME [10:11:45 07/15/09] packet size: 1 CRYPTED, Flags: 7f ServerSeq: 3072 ClientSeq: 3267
02 
.

GAME->Client [10:11:45 07/15/09] packet size: 153 CRYPTED, Flags: 7f ServerSeq: 3233 ClientSeq: 3074
02 03 45 00 02 08 b8 12 7a c7 00 20 8a c4 36 3a 6d c7 31 00 02 08 00 b0 89 c7 00 80 fc c3 c3 55 
75 c7 2f 00 02 08 50 f0 73 c7 00 80 fc c3 00 e4 79 c7 29 00 02 08 6f 80 78 c7 00 20 8a c4 7b 5e 
6e c7 25 00 02 0c 0f ad 0d 83 c7 00 80 fc c3 66 28 82 c7 21 00 02 0e 05 f5 85 06 85 c7 00 80 fc 
c3 2c cf 88 c7 17 00 02 08 84 3d 83 c7 00 80 fc c3 04 14 81 c7 07 00 02 0c 64 20 27 83 c7 00 80 
fc c3 6f 66 6e c7 06 00 02 0c 65 2c e3 77 c7 00 20 8a c4 d2 a5 6c c7 00 00 
..E.....z.. ..6:m.1............Uu./...P.s.......y.)...o.x.. ..{^n.%............f(..!............
.,........=..............d '......ofn.....e,.w.. ....l...

Client->GAME [10:11:45 07/15/09] packet size: 1 CRYPTED, Flags: 7f ServerSeq: 3073 ClientSeq: 3268
02 
.

GAME->Client [10:11:45 07/15/09] packet size: 72 CRYPTED, Flags: 7f ServerSeq: 3234 ClientSeq: 3075
02 03 31 00 02 0c fa c9 b1 89 c7 00 80 fc c3 8d 3f 75 c7 21 00 02 0c eb 85 06 85 c7 00 80 fc c3 
2c cf 88 c7 07 00 02 0c 6e 20 27 83 c7 00 80 fc c3 6f 66 6e c7 06 00 02 0c 6f 2c e3 77 c7 00 20 
8a c4 d2 a5 6c c7 00 00 
..1.............?u.!............,.......n '......ofn.....o,.w.. ....l...

Client->GAME [10:11:45 07/15/09] packet size: 1 CRYPTED, Flags: 7f ServerSeq: 3074 ClientSeq: 3269
02 
.

GAME->Client [10:11:46 07/15/09] packet size: 93 CRYPTED, Flags: 7f ServerSeq: 3235 ClientSeq: 3076
82 d8 a6 f6 48 03 21 00 02 0c e1 85 06 85 c7 00 80 fc c3 2c cf 88 c7 1f 00 02 0c 37 ed 67 78 c7 
00 80 fc c3 b5 cb 83 c7 0c 00 02 08 93 b3 83 c7 00 80 fc c3 72 82 6c c7 07 00 02 0e 00 78 20 27 
83 c7 00 80 fc c3 6f 66 6e c7 06 00 02 0c 79 2c e3 77 c7 00 20 8a c4 d2 a5 6c c7 00 00 
....H.!............,.......7.gx.....................r.l......x '......ofn.....y,.w.. ....l...

Client->GAME [10:11:46 07/15/09] packet size: 1 CRYPTED, Flags: 7f ServerSeq: 3075 ClientSeq: 3270
02 
.

GAME->Client [10:11:46 07/15/09] packet size: 75 CRYPTED, Flags: 7f ServerSeq: 3236 ClientSeq: 3077
02 03 2f 00 02 0e 04 93 c7 03 74 c7 00 80 fc c3 c2 18 7a c7 21 00 02 0c d7 85 06 85 c7 00 80 fc 
c3 2c cf 88 c7 07 00 02 0e 00 82 20 27 83 c7 00 80 fc c3 6f 66 6e c7 06 00 02 0e 00 83 2c e3 77 
c7 00 20 8a c4 d2 a5 6c c7 00 00 
../.......t.......z.!............,......... '......ofn.......,.w.. ....l...

Client->GAME [10:11:46 07/15/09] packet size: 1 CRYPTED, Flags: 7f ServerSeq: 3076 ClientSeq: 3271
02 
.

GAME->Client [10:11:46 07/15/09] packet size: 108 CRYPTED, Flags: 7f ServerSeq: 3237 ClientSeq: 3078
02 03 2f 00 02 0e 04 9d c7 03 74 c7 00 80 fc c3 c2 18 7a c7 21 00 02 0c cd 85 06 85 c7 00 80 fc 
c3 2c cf 88 c7 13 00 02 0e 05 cd 0e d3 77 c7 00 80 fc c3 c4 29 82 c7 07 00 02 0c 84 20 27 83 c7 
00 80 fc c3 6f 66 6e c7 06 00 02 0e 00 8c 2c e3 77 c7 00 20 8a c4 d2 a5 6c c7 05 00 02 08 92 cc 
75 c7 00 80 fc c3 8d cf 79 c7 00 00 
../.......t.......z.!............,...........w......)....... '......ofn.......,.w.. ....l.......
u.......y...

Client->GAME [10:11:46 07/15/09] packet size: 1 CRYPTED, Flags: 7f ServerSeq: 3077 ClientSeq: 3272
02 
.

GAME->Client [10:11:46 07/15/09] packet size: 73 CRYPTED, Flags: 7f ServerSeq: 3238 ClientSeq: 3079
02 03 2f 00 02 0c a7 c7 03 74 c7 00 80 fc c3 c2 18 7a c7 21 00 02 0c c3 85 06 85 c7 00 80 fc c3 
2c cf 88 c7 17 00 02 0c 26 17 11 83 c7 00 80 fc c3 86 f1 80 c7 13 00 02 0e 05 c3 0e d3 77 c7 00 
80 fc c3 c4 29 82 c7 00 00 
../......t.......z.!............,.......&....................w......)....

Client->GAME [10:11:46 07/15/09] packet size: 1 CRYPTED, Flags: 7f ServerSeq: 3078 ClientSeq: 3273
02 
.

GAME->Client [10:11:46 07/15/09] packet size: 126 CRYPTED, Flags: 7f ServerSeq: 3239 ClientSeq: 3079
02 03 2f 00 02 0c b1 c7 03 74 c7 00 80 fc c3 c2 18 7a c7 21 00 02 0e 01 b9 ad 11 85 c7 00 80 fc 
c3 67 d0 88 c7 13 00 02 0e 05 b9 0e d3 77 c7 00 80 fc c3 c4 29 82 c7 07 00 02 2c 00 40 00 00 00 
10 84 20 27 83 c7 00 80 fc c3 6f 66 6e c7 06 00 02 2c 00 40 00 00 00 10 8c 2c e3 77 c7 00 20 8a 
c4 d2 a5 6c c7 05 00 02 2a 00 40 00 00 00 10 01 db b7 75 c7 00 80 fc c3 9f a7 79 c7 00 00 
../......t.......z.!.............g...........w......).....,.@..... '......ofn....,.@.....,.w.. .
...l....*.@.......u.......y...

Client->GAME [10:11:46 07/15/09] packet size: 1 CRYPTED, Flags: 7f ServerSeq: 3079 ClientSeq: 3274
02 
.

GAME->Client [10:11:46 07/15/09] packet size: 73 CRYPTED, Flags: 7f ServerSeq: 3240 ClientSeq: 3081
02 03 2f 00 02 0c bb c7 03 74 c7 00 80 fc c3 c2 18 7a c7 25 00 02 0c 10 35 f1 82 c7 00 80 fc c3 
fa de 81 c7 21 00 02 0e 01 b0 43 1c 85 c7 00 80 fc c3 31 d4 88 c7 13 00 02 0c af 0e d3 77 c7 00 
80 fc c3 c4 29 82 c7 00 00 
../......t.......z.%....5...........!.....C.......1..........w......)....

Client->GAME [10:11:46 07/15/09] packet size: 1 CRYPTED, Flags: 7f ServerSeq: 3080 ClientSeq: 3275
02 
.

GAME->Client [10:11:46 07/15/09] packet size: 120 CRYPTED, Flags: 7f ServerSeq: 3241 ClientSeq: 3082
02 03 45 00 02 08 f6 a1 7a c7 00 20 8a c4 3a cd 6c c7 31 00 02 08 4c be 89 c7 00 80 fc c3 10 a4 
74 c7 2f 00 02 0c c5 c7 03 74 c7 00 80 fc c3 c2 18 7a c7 29 00 02 08 90 e9 77 c7 00 20 8a c4 a2 
c0 6e c7 1f 00 02 0e 05 32 f9 ee 77 c7 00 80 fc c3 d5 be 83 c7 17 00 02 08 3b f6 82 c7 00 80 fc 
c3 16 dd 80 c7 13 00 02 0c a5 0e d3 77 c7 00 80 fc c3 c4 29 82 c7 00 00 
..E.....z.. ..:.l.1...L.........t./......t.......z.).....w.. ....n......2..w.............;......
............w......)....

Client->GAME [10:11:46 07/15/09] packet size: 1 CRYPTED, Flags: 7f ServerSeq: 3081 ClientSeq: 3276
02 
.

GAME->Client [10:11:46 07/15/09] packet size: 74 CRYPTED, Flags: 7f ServerSeq: 3242 ClientSeq: 3083
02 03 2f 00 02 0c cf c7 03 74 c7 00 80 fc c3 c2 18 7a c7 29 00 02 0e 05 53 37 e0 77 c7 00 20 8a 
c4 e1 c6 6e c7 1f 00 02 0e 05 28 f9 ee 77 c7 00 80 fc c3 d5 be 83 c7 13 00 02 0c 9b 0e d3 77 c7 
00 80 fc c3 c4 29 82 c7 00 00 
../......t.......z.)....S7.w.. ....n......(..w................w......)....

Client->GAME [10:11:46 07/15/09] packet size: 1 CRYPTED, Flags: 7f ServerSeq: 3082 ClientSeq: 3277
02 
.

GAME->Client [10:11:47 07/15/09] packet size: 73 CRYPTED, Flags: 7f ServerSeq: 3243 ClientSeq: 3084
02 03 2f 00 02 0c d9 c7 03 74 c7 00 80 fc c3 c2 18 7a c7 29 00 02 0e 05 49 37 e0 77 c7 00 20 8a 
c4 e1 c6 6e c7 1f 00 02 0c 1e f9 ee 77 c7 00 80 fc c3 d5 be 83 c7 13 00 02 0c 91 0e d3 77 c7 00 
80 fc c3 c4 29 82 c7 00 00 
../......t.......z.)....I7.w.. ....n........w................w......)....

GAME->Client [10:11:47 07/15/09] packet size: 110 CRYPTED, Flags: 7f ServerSeq: 3244 ClientSeq: 3085
82 fc a6 f6 48 03 2f 00 02 0c e3 c7 03 74 c7 00 80 fc c3 c2 18 7a c7 29 00 02 0c 3f 37 e0 77 c7 
00 20 8a c4 e1 c6 6e c7 1f 00 02 0c 14 f9 ee 77 c7 00 80 fc c3 d5 be 83 c7 13 00 02 0c 87 0e d3 
77 c7 00 80 fc c3 c4 29 82 c7 0c 00 02 08 02 0b 84 c7 00 80 fc c3 87 1c 6c c7 08 00 02 0e 04 a1 
30 13 83 c7 00 80 fc c3 31 99 6d c7 00 00 
....H./......t.......z.)...?7.w.. ....n........w................w......)................l.......
0.......1.m...

Client->GAME [10:11:47 07/15/09] packet size: 1 CRYPTED, Flags: 7f ServerSeq: 3084 ClientSeq: 3278
02 
.

GAME->Client [10:11:47 07/15/09] packet size: 126 CRYPTED, Flags: 7f ServerSeq: 3245 ClientSeq: 3085
02 03 3d 00 02 0e 05 1b b0 7f 8a c7 00 80 fc c3 03 90 80 c7 2f 00 02 0e 00 ed c7 03 74 c7 00 80 
fc c3 c2 18 7a c7 29 00 02 0c 35 37 e0 77 c7 00 20 8a c4 e1 c6 6e c7 1f 00 02 0c 0a f9 ee 77 c7 
00 80 fc c3 d5 be 83 c7 13 00 02 0e 01 7d 3a d2 77 c7 00 80 fc c3 60 2f 82 c7 08 00 02 0e 01 ab 
99 1c 83 c7 00 80 fc c3 70 a5 6d c7 05 00 02 08 b0 79 75 c7 00 80 fc c3 ce 2f 79 c7 00 00 
..=................./.......t.......z.)...57.w.. ....n........w..............}:.w.....`/........
........p.m......yu....../y...

Client->GAME [10:11:47 07/15/09] packet size: 1 CRYPTED, Flags: 7f ServerSeq: 3085 ClientSeq: 3279
02 
.

GAME->Client [10:11:47 07/15/09] packet size: 151 CRYPTED, Flags: 7f ServerSeq: 3246 ClientSeq: 3085
02 03 3d 00 02 0e 05 11 b0 7f 8a c7 00 80 fc c3 03 90 80 c7 2f 00 02 0e 00 f7 c7 03 74 c7 00 80 
fc c3 c2 18 7a c7 29 00 02 0c 2b 37 e0 77 c7 00 20 8a c4 e1 c6 6e c7 25 00 02 0e 04 15 2a da 82 
c7 00 80 fc c3 8b a5 81 c7 1f 00 02 0c 00 f9 ee 77 c7 00 80 fc c3 d5 be 83 c7 13 00 02 0e 01 73 
82 cc 77 c7 00 80 fc c3 3c 3a 82 c7 0c 00 02 2a 03 c0 00 27 31 00 01 72 1e 84 c7 00 80 fc c3 df 
05 6c c7 08 00 02 0e 01 b5 37 27 83 c7 00 80 fc c3 bf ac 6d c7 00 00 
..=................./.......t.......z.)...+7.w.. ....n.%.....*..................w..............s
..w.....<:.....*...'1..r.........l.......7'........m...

Client->GAME [10:11:47 07/15/09] packet size: 1 CRYPTED, Flags: 7f ServerSeq: 3086 ClientSeq: 3280
02 
.

GAME->Client [10:11:47 07/15/09] packet size: 158 CRYPTED, Flags: 7f ServerSeq: 3247 ClientSeq: 3087
02 03 3d 00 02 0c 07 b0 7f 8a c7 00 80 fc c3 03 90 80 c7 2f 00 02 0c 00 c7 03 74 c7 00 80 fc c3 
c2 18 7a c7 29 00 02 0c 21 37 e0 77 c7 00 20 8a c4 e1 c6 6e c7 25 00 02 0e 00 1f 2a da 82 c7 00 
80 fc c3 8b a5 81 c7 21 00 02 08 04 65 85 c7 00 80 fc c3 54 f2 88 c7 1f 00 02 0c f6 f9 ee 77 c7 
00 80 fc c3 d5 be 83 c7 13 00 02 0c 6d a2 c2 77 c7 00 80 fc c3 59 44 82 c7 10 00 02 0e 05 91 2d 
47 77 c7 00 20 8a c4 e6 b8 6a c7 08 00 02 0c b6 22 32 83 c7 00 80 fc c3 38 b2 6d c7 00 00 
..=................/......t.......z.)...!7.w.. ....n.%.....*...........!....e......T..........w.
............m..w.....YD........-Gw.. ....j......"2......8.m...

Client->GAME [10:11:47 07/15/09] packet size: 1 CRYPTED, Flags: 7f ServerSeq: 3087 ClientSeq: 3281
02 
.

GAME->Client [10:11:47 07/15/09] packet size: 91 CRYPTED, Flags: 7f ServerSeq: 3248 ClientSeq: 3072
02 03 3d 00 02 0c fd b0 7f 8a c7 00 80 fc c3 03 90 80 c7 29 00 02 0c 17 37 e0 77 c7 00 20 8a c4 
e1 c6 6e c7 25 00 02 0e 00 29 2a da 82 c7 00 80 fc c3 8b a5 81 c7 1f 00 02 0c ec f9 ee 77 c7 00 
80 fc c3 d5 be 83 c7 10 00 02 0e 05 87 2d 47 77 c7 00 20 8a c4 e6 b8 6a c7 00 00 
..=................)....7.w.. ....n.%....)*..................w...............-Gw.. ....j...

Client->GAME [10:11:47 07/15/09] packet size: 1 CRYPTED, Flags: 7f ServerSeq: 3072 ClientSeq: 3282
02 
.

GAME->Client [10:11:47 07/15/09] packet size: 138 CRYPTED, Flags: 7f ServerSeq: 3249 ClientSeq: 3073
02 03 45 00 02 08 3c 31 7b c7 00 20 8a c4 38 60 6c c7 3d 00 02 0e 01 f3 8f 82 8a c7 00 80 fc c3 
21 85 80 c7 31 00 02 08 98 cc 89 c7 00 80 fc c3 51 f2 73 c7 29 00 02 0c 0d 37 e0 77 c7 00 20 8a 
c4 e1 c6 6e c7 25 00 02 0c 30 2a da 82 c7 00 80 fc c3 8b a5 81 c7 1f 00 02 0c e2 f9 ee 77 c7 00 
80 fc c3 d5 be 83 c7 17 00 02 08 98 ae 82 c7 00 80 fc c3 95 a6 80 c7 10 00 02 0c 7d 2d 47 77 c7 
00 20 8a c4 e6 b8 6a c7 00 00 
..E...<1{.. ..8`l.=.............!...1...........Q.s.)....7.w.. ....n.%...0*..................w..
...........................}-Gw.. ....j...

Client->GAME [10:11:47 07/15/09] packet size: 1 CRYPTED, Flags: 7f ServerSeq: 3073 ClientSeq: 3283
02 
.

GAME->Client [10:11:47 07/15/09] packet size: 74 CRYPTED, Flags: 7f ServerSeq: 3250 ClientSeq: 3074
02 03 3d 00 02 0e 01 eb b9 87 8a c7 00 80 fc c3 2d 7b 80 c7 29 00 02 0c 03 37 e0 77 c7 00 20 8a 
c4 e1 c6 6e c7 1f 00 02 0e 00 d8 f9 ee 77 c7 00 80 fc c3 d5 be 83 c7 10 00 02 0c 73 2d 47 77 c7 
00 20 8a c4 e6 b8 6a c7 00 00 
..=.............-{..)....7.w.. ....n.........w.............s-Gw.. ....j...

Client->GAME [10:11:47 07/15/09] packet size: 1 CRYPTED, Flags: 7f ServerSeq: 3074 ClientSeq: 3284
02 
.

GAME->Client [10:11:48 07/15/09] packet size: 73 CRYPTED, Flags: 7f ServerSeq: 3251 ClientSeq: 3075
02 03 29 00 02 0c f9 37 e0 77 c7 00 20 8a c4 e1 c6 6e c7 1f 00 02 0e 00 ce f9 ee 77 c7 00 80 fc 
c3 d5 be 83 c7 17 00 02 0c 25 b5 9c 82 c7 00 80 fc c3 f9 98 80 c7 10 00 02 0c 69 2d 47 77 c7 00 
20 8a c4 e6 b8 6a c7 00 00 
..)....7.w.. ....n.........w.............%................i-Gw.. ....j...

Client->GAME [10:11:48 07/15/09] packet size: 1 CRYPTED, Flags: 7f ServerSeq: 3075 ClientSeq: 3285
02 
.

GAME->Client [10:11:48 07/15/09] packet size: 90 CRYPTED, Flags: 7f ServerSeq: 3252 ClientSeq: 3076
02 03 29 00 02 0c ef 37 e0 77 c7 00 20 8a c4 e1 c6 6e c7 1f 00 02 0c cc f9 ee 77 c7 00 80 fc c3 
d5 be 83 c7 15 00 02 0e 01 f3 27 4e 8b c7 00 80 fc c3 76 11 88 c7 10 00 02 0e 01 5f 06 3f 77 c7 
00 20 8a c4 a9 c0 6a c7 0c 00 02 08 c3 58 84 c7 00 80 fc c3 e5 c1 6b c7 00 00 
..)....7.w.. ....n........w...............'N......v........_.?w.. ....j......X........k...

Client->GAME [10:11:48 07/15/09] packet size: 1 CRYPTED, Flags: 7f ServerSeq: 3076 ClientSeq: 3286
02 
.

GAME->Client [10:11:48 07/15/09] packet size: 110 CRYPTED, Flags: 7f ServerSeq: 3253 ClientSeq: 3077
82 20 a7 f6 48 03 29 00 02 0e 00 e5 37 e0 77 c7 00 20 8a c4 e1 c6 6e c7 15 00 02 0e 01 e9 90 53 
8b c7 00 80 fc c3 9f 07 88 c7 13 00 02 08 f1 85 77 c7 00 80 fc c3 a3 80 82 c7 10 00 02 0e 01 55 
34 2c 77 c7 00 20 8a c4 ea cc 6a c7 08 00 02 08 8a 73 83 c7 00 80 fc c3 8e d3 6d c7 05 00 02 08 
cc 26 75 c7 00 80 fc c3 0a 90 78 c7 00 00 
. ..H.).....7.w.. ....n........S................w..............U4,w.. ....j......s........m.....
.&u.......x...

Client->GAME [10:11:48 07/15/09] packet size: 1 CRYPTED, Flags: 7f ServerSeq: 3077 ClientSeq: 3287
02 
.

GAME->Client [10:11:48 07/15/09] packet size: 56 CRYPTED, Flags: 7f ServerSeq: 3254 ClientSeq: 3078
02 03 29 00 02 0e 00 db 37 e0 77 c7 00 20 8a c4 e1 c6 6e c7 15 00 02 0c e5 7b 5a 8b c7 00 80 fc 
c3 c1 fe 87 c7 10 00 02 0c 52 df 17 77 c7 00 20 8a c4 88 d6 6a c7 00 00 
..).....7.w.. ....n......{Z..............R..w.. ....j...

Client->GAME [10:11:48 07/15/09] packet size: 1 CRYPTED, Flags: 7f ServerSeq: 3078 ClientSeq: 3288
02 
.

GAME->Client [10:11:48 07/15/09] packet size: 38 CRYPTED, Flags: 7f ServerSeq: 3255 ClientSeq: 3079
02 03 29 00 02 0c d8 37 e0 77 c7 00 20 8a c4 e1 c6 6e c7 05 00 02 0c 13 13 12 75 c7 00 80 fc c3 
19 68 78 c7 00 00 
..)....7.w.. ....n........u......hx...

Client->GAME [10:11:48 07/15/09] packet size: 1 CRYPTED, Flags: 7f ServerSeq: 3079 ClientSeq: 3289
02 
.

GAME->Client [10:11:48 07/15/09] packet size: 37 CRYPTED, Flags: 7f ServerSeq: 3256 ClientSeq: 3080
02 03 31 00 02 0c f9 1a d9 89 c7 00 80 fc c3 d8 56 73 c7 21 00 02 08 92 c2 85 c7 00 80 fc c3 14 
19 89 c7 00 00 
..1.............Vs.!.................

Client->GAME [10:11:48 07/15/09] packet size: 1 CRYPTED, Flags: 7f ServerSeq: 3080 ClientSeq: 3290
02 
.

GAME->Client [10:11:48 07/15/09] packet size: 74 CRYPTED, Flags: 7f ServerSeq: 3257 ClientSeq: 3081
02 03 3d 00 02 08 8a ae 8a c7 00 80 fc c3 a9 36 80 c7 17 00 02 0e 05 20 84 6b 82 c7 00 80 fc c3 
76 73 80 c7 0c 00 02 0e 04 da 87 84 84 c7 00 80 fc c3 0a 8f 6b c7 09 00 02 0e 04 1f 9a 94 8b c7 
00 80 fc c3 e0 4e 86 c7 00 00 
..=............6....... .k......vs..................k................N....

Client->GAME [10:11:48 07/15/09] packet size: 12 CRYPTED, Flags: 7f ServerSeq: 3080 ClientSeq: 3291
02 04 01 00 39 01 05 80 94 01 00 01 
....9.......

Client->GAME [10:11:48 07/15/09] packet size: 1 CRYPTED, Flags: 7f ServerSeq: 3081 ClientSeq: 3292
02 
.

GAME->Client [10:11:48 07/15/09] packet size: 126 CRYPTED, Flags: 7f ServerSeq: 3258 ClientSeq: 3082
02 03 45 00 02 08 55 d2 7b c7 00 20 8a c4 a7 e5 6b c7 31 00 02 08 ac dc 89 c7 00 80 fc c3 77 2a 
73 c7 17 00 02 0e 05 16 84 6b 82 c7 00 80 fc c3 76 73 80 c7 0d 00 02 0e 05 51 b8 0e 89 c7 00 80 
fc c3 13 d2 73 c7 0c 00 02 0e 00 e4 87 84 84 c7 00 80 fc c3 0a 8f 6b c7 09 00 02 0e 04 29 9a 94 
8b c7 00 80 fc c3 e0 4e 86 c7 08 00 02 0e 05 b0 77 a4 83 c7 00 80 fc c3 7c ed 6d c7 00 00 
..E...U.{.. ....k.1...........w*s........k......vs.......Q..........s.................k......)..
.......N........w.......|.m...

Client->GAME [10:11:48 07/15/09] packet size: 1 CRYPTED, Flags: 7f ServerSeq: 3082 ClientSeq: 3293
02 
.

GAME->Client [10:11:49 07/15/09] packet size: 153 CRYPTED, Flags: 7f ServerSeq: 3259 ClientSeq: 3083
02 03 3d 00 02 2a 00 40 00 00 00 10 01 a3 b9 8a c7 00 80 fc c3 12 23 80 c7 17 00 02 0e 00 0c 84 
6b 82 c7 00 80 fc c3 76 73 80 c7 0d 00 02 0e 05 47 b8 0e 89 c7 00 80 fc c3 13 d2 73 c7 0c 00 02 
0e 00 ed 87 84 84 c7 00 80 fc c3 0a 8f 6b c7 0b 00 02 0e 05 be f8 d0 79 c7 00 80 fc c3 42 d5 82 
c7 0a 00 02 0e 04 47 9b 22 89 c7 00 80 fc c3 0f 78 80 c7 09 00 02 0e 04 33 9a 94 8b c7 00 80 fc 
c3 e0 4e 86 c7 08 00 02 0e 05 a6 77 a4 83 c7 00 80 fc c3 7c ed 6d c7 00 00 
..=..*.@..............#.........k......vs.......G..........s.................k.........y.....B..
......G.".......x.......3.........N........w.......|.m...

Client->GAME [10:11:49 07/15/09] packet size: 1 CRYPTED, Flags: 7f ServerSeq: 3083 ClientSeq: 3294
02 
.

GAME->Client [10:11:49 07/15/09] packet size: 257 CRYPTED, Flags: 7f ServerSeq: 3260 ClientSeq: 3085
02 03 02 00 02 80 20 66 01 00 02 01 00 0c 18 0a 94 cd ab 01 01 01 00 00 00 12 00 00 17 00 02 0e 
00 02 84 6b 82 c7 00 80 fc c3 76 73 80 c7 15 00 02 08 3b 84 8b c7 00 80 fc c3 b6 c9 87 c7 14 00 
02 0e 01 b4 6d ce 85 c7 00 80 fc c3 d6 60 87 c7 10 00 02 0e 04 5c 92 b1 76 c7 00 20 8a c4 64 05 
6b c7 0d 00 02 0c 3d b8 0e 89 c7 00 80 fc c3 13 d2 73 c7 0b 00 02 0e 05 b4 f8 d0 79 c7 00 80 fc 
c3 42 d5 82 c7 0a 00 02 0e 04 51 9b 22 89 c7 00 80 fc c3 0f 78 80 c7 09 00 02 0e 01 3d 05 8f 8b 
c7 00 80 fc c3 76 4e 86 c7 08 00 02 0c 9c 77 a4 83 c7 00 80 fc c3 7c ed 6d c7 05 00 02 0e 04 14 
44 de 74 c7 00 80 fc c3 3f 04 78 c7 00 00 04 01 01 98 01 2d 80 8d 66 01 00 02 0e 00 04 00 00 00 
00 00 1d 00 41 66 74 65 72 57 68 6f 72 75 4e 65 6f 27 73 20 4d 69 73 73 69 6f 6e 20 54 65 61 6d 
00 
...... f...........................k......vs......;.................m........`.......\..v.. ..d.
k.....=..........s.........y.....B........Q.".......x.......=........vN.......w.......|.m.......
D.t.....?.x........-..f.............AfterWhoruNeo's Mission Team.

Client->GAME [10:11:49 07/15/09] packet size: 1 CRYPTED, Flags: 7f ServerSeq: 3084 ClientSeq: 3295
02 
.

GAME->Client [10:11:49 07/15/09] packet size: 200 CRYPTED, Flags: 7f ServerSeq: 3261 ClientSeq: 3086
02 03 01 00 02 24 00 12 00 01 cf 07 75 d4 01 00 01 00 00 00 08 f7 00 f7 00 28 0a 28 0a 5e 30 81 
c7 00 80 fc c3 7b f1 7b c7 17 00 02 0c fb 84 6b 82 c7 00 80 fc c3 76 73 80 c7 14 00 02 0e 01 b6 
54 d9 85 c7 00 80 fc c3 91 63 87 c7 10 00 02 0e 04 66 92 b1 76 c7 00 20 8a c4 64 05 6b c7 0d 00 
02 0c 33 b8 0e 89 c7 00 80 fc c3 13 d2 73 c7 0b 00 02 0c aa f8 d0 79 c7 00 80 fc c3 42 d5 82 c7 
0a 00 02 0c 5b 9b 22 89 c7 00 80 fc c3 0f 78 80 c7 09 00 02 0e 01 47 dd 83 8b c7 00 80 fc c3 b3 
4f 86 c7 08 00 02 0c 92 77 a4 83 c7 00 80 fc c3 7c ed 6d c7 05 00 02 0e 04 1e 44 de 74 c7 00 80 
fc c3 3f 04 78 c7 00 00 
.....$......u............(.(.^0......{.{.......k......vs........T........c.......f..v.. ..d.k...
..3..........s........y.....B.......[.".......x.......G.........O.......w.......|.m.......D.t...
..?.x...

Client->GAME [10:11:49 07/15/09] packet size: 1 CRYPTED, Flags: 7f ServerSeq: 3085 ClientSeq: 3296
02 
.

GAME->Client [10:11:49 07/15/09] packet size: 394 CRYPTED, Flags: 7f ServerSeq: 3262 ClientSeq: 3087
82 44 a7 f6 48 03 31 00 02 0e 04 fa d2 e3 89 c7 00 80 fc c3 9a d1 72 c7 13 00 02 08 e4 2a 77 c7 
00 80 fc c3 14 db 82 c7 10 00 02 0c 70 92 b1 76 c7 00 20 8a c4 64 05 6b c7 0d 00 02 0c 29 b8 0e 
89 c7 00 80 fc c3 13 d2 73 c7 0b 00 02 0c a0 f8 d0 79 c7 00 80 fc c3 42 d5 82 c7 0a 00 02 0c 65 
9b 22 89 c7 00 80 fc c3 0f 78 80 c7 09 00 02 0c 4b 04 79 8b c7 00 80 fc c3 b4 52 86 c7 08 00 02 
0e 00 88 77 a4 83 c7 00 80 fc c3 7c ed 6d c7 05 00 02 0c 28 44 de 74 c7 00 80 fc c3 3f 04 78 c7 
00 00 04 01 01 99 09 18 80 95 00 00 00 00 01 00 07 00 00 01 d0 07 00 00 31 00 00 b4 c0 0c 00 28 
1f 80 96 01 00 00 00 0f 00 01 d0 07 00 00 00 00 0e 00 41 73 73 61 73 73 69 6e 61 74 69 6f 6e 00 
19 80 96 01 00 01 00 0f 00 01 d0 07 00 00 00 00 08 00 43 6f 75 72 69 65 72 00 1b 80 96 01 00 02 
00 0f 00 01 d0 07 00 00 00 00 0a 00 52 65 74 72 69 65 76 61 6c 00 18 80 96 01 00 03 00 0f 00 01 
d0 07 00 00 00 00 07 00 52 65 73 63 75 65 00 18 80 96 01 00 04 00 0f 00 01 d0 07 00 00 00 00 07 
00 45 73 63 6f 72 74 00 1e 80 96 01 00 05 00 0f 00 01 d0 07 00 00 00 00 0d 00 49 6e 66 69 6c 74 
72 61 74 69 6f 6e 00 1d 80 96 01 00 06 00 0f 00 01 d0 07 00 00 00 00 0c 00 52 65 63 72 75 69 74 
6d 65 6e 74 00 04 80 97 01 00 
.D..H.1...............r......*w.............p..v.. ..d.k.....)..........s........y.....B.......e
.".......x......K.y.......R........w.......|.m.....(D.t.....?.x.........................1......(
..................Assassination...................Courier...................Retrieval...........
........Rescue...................Escort...................Infiltration...................Recruit
ment......

Client->GAME [10:11:49 07/15/09] packet size: 1 CRYPTED, Flags: 7f ServerSeq: 3086 ClientSeq: 3297
02 
.

GAME->Client [10:11:49 07/15/09] packet size: 125 CRYPTED, Flags: 7f ServerSeq: 3263 ClientSeq: 3072
02 03 31 00 02 0e 04 04 d2 e3 89 c7 00 80 fc c3 9a d1 72 c7 10 00 02 0c 7a 92 b1 76 c7 00 20 8a 
c4 64 05 6b c7 0d 00 02 0c 1f b8 0e 89 c7 00 80 fc c3 13 d2 73 c7 0b 00 02 0c 96 f8 d0 79 c7 00 
80 fc c3 42 d5 82 c7 0a 00 02 0c 6f 9b 22 89 c7 00 80 fc c3 0f 78 80 c7 08 00 02 0e 00 82 77 a4 
83 c7 00 80 fc c3 7c ed 6d c7 05 00 02 0c 32 44 de 74 c7 00 80 fc c3 3f 04 78 c7 00 00 
..1...............r.....z..v.. ..d.k................s........y.....B.......o.".......x........w.
......|.m.....2D.t.....?.x...

Client->GAME [10:11:49 07/15/09] packet size: 1 CRYPTED, Flags: 7f ServerSeq: 3087 ClientSeq: 3298
02 
.

GAME->Client [10:11:49 07/15/09] packet size: 140 CRYPTED, Flags: 7f ServerSeq: 3264 ClientSeq: 3073
02 03 3f 00 02 0e 01 27 34 0f 8c c7 00 80 fc c3 50 0a 88 c7 31 00 02 0c 0e d2 e3 89 c7 00 80 fc 
c3 9a d1 72 c7 21 00 02 08 b4 15 86 c7 00 80 fc c3 83 3b 89 c7 10 00 02 0c 84 92 b1 76 c7 00 20 
8a c4 64 05 6b c7 0d 00 02 0c 15 b8 0e 89 c7 00 80 fc c3 13 d2 73 c7 0b 00 02 0c 8c f8 d0 79 c7 
00 80 fc c3 42 d5 82 c7 0a 00 02 0c 79 9b 22 89 c7 00 80 fc c3 0f 78 80 c7 05 00 02 0c 3c 44 de 
74 c7 00 80 fc c3 3f 04 78 c7 00 00 
..?....'4.......P...1..............r.!............;.........v.. ..d.k................s........y.
....B.......y.".......x......<D.t.....?.x...

Client->GAME [10:11:49 07/15/09] packet size: 1 CRYPTED, Flags: 7f ServerSeq: 3072 ClientSeq: 3299
02 
.

GAME->Client [10:11:49 07/15/09] packet size: 124 CRYPTED, Flags: 7f ServerSeq: 3265 ClientSeq: 3074
02 03 3f 00 02 0e 01 22 e0 06 8c c7 00 80 fc c3 c3 02 88 c7 31 00 02 0c 18 d2 e3 89 c7 00 80 fc 
c3 9a d1 72 c7 10 00 02 0c 8e 92 b1 76 c7 00 20 8a c4 64 05 6b c7 0d 00 02 0c 0b b8 0e 89 c7 00 
80 fc c3 13 d2 73 c7 0b 00 02 0c 82 f8 d0 79 c7 00 80 fc c3 42 d5 82 c7 0a 00 02 0c 83 9b 22 89 
c7 00 80 fc c3 0f 78 80 c7 05 00 02 0c 46 44 de 74 c7 00 80 fc c3 3f 04 78 c7 00 00 
..?...."............1..............r........v.. ..d.k................s........y.....B.........".
......x......FD.t.....?.x...

Client->GAME [10:11:49 07/15/09] packet size: 1 CRYPTED, Flags: 7f ServerSeq: 3073 ClientSeq: 3300
02 
.

GAME->Client [10:11:49 07/15/09] packet size: 156 CRYPTED, Flags: 7f ServerSeq: 3266 ClientSeq: 3075
02 03 45 00 02 08 92 61 7c c7 00 20 8a c4 ac 78 6b c7 3d 00 02 08 71 e0 8a c7 00 80 fc c3 22 bd 
7f c7 31 00 02 0c 22 d2 e3 89 c7 00 80 fc c3 9a d1 72 c7 21 00 02 0c b1 89 2a 86 c7 00 80 fc c3 
fe 43 89 c7 10 00 02 0c 98 92 b1 76 c7 00 20 8a c4 64 05 6b c7 0d 00 02 0c 01 b8 0e 89 c7 00 80 
fc c3 13 d2 73 c7 0b 00 02 0c 78 f8 d0 79 c7 00 80 fc c3 42 d5 82 c7 0a 00 02 0e 01 8d 5e 24 89 
c7 00 80 fc c3 66 7d 80 c7 05 00 02 0c 50 44 de 74 c7 00 80 fc c3 3f 04 78 c7 00 00 
..E....a|.. ...xk.=...q......."...1..."..........r.!.....*.......C.........v.. ..d.k............
....s.....x..y.....B.........^$......f}......PD.t.....?.x...

Client->GAME [10:11:49 07/15/09] packet size: 1 CRYPTED, Flags: 7f ServerSeq: 3074 ClientSeq: 3301
02 
.

GAME->Client [10:11:49 07/15/09] packet size: 126 CRYPTED, Flags: 7f ServerSeq: 3267 ClientSeq: 3076
02 03 31 00 02 0c 2c d2 e3 89 c7 00 80 fc c3 9a d1 72 c7 13 00 02 0c 6e 91 f8 76 c7 00 80 fc c3 
60 0d 83 c7 10 00 02 0e 00 a2 92 b1 76 c7 00 20 8a c4 64 05 6b c7 0d 00 02 0c f7 b8 0e 89 c7 00 
80 fc c3 13 d2 73 c7 0b 00 02 0e 01 6e f8 d0 79 c7 00 80 fc c3 42 d5 82 c7 0a 00 02 0e 01 97 c8 
29 89 c7 00 80 fc c3 3d 87 80 c7 05 00 02 0c 5a 44 de 74 c7 00 80 fc c3 3f 04 78 c7 00 00 
..1...,..........r.....n..v.....`...........v.. ..d.k................s......n..y.....B..........
)......=.......ZD.t.....?.x...

Client->GAME [10:11:50 07/15/09] packet size: 1 CRYPTED, Flags: 7f ServerSeq: 3075 ClientSeq: 3302
02 
.

GAME->Client [10:11:50 07/15/09] packet size: 110 CRYPTED, Flags: 7f ServerSeq: 3268 ClientSeq: 3077
02 03 31 00 02 0c 36 d2 e3 89 c7 00 80 fc c3 9a d1 72 c7 10 00 02 0e 00 a9 92 b1 76 c7 00 20 8a 
c4 64 05 6b c7 0d 00 02 0e 01 ed 40 11 89 c7 00 80 fc c3 05 c8 73 c7 0b 00 02 0e 01 64 d0 c3 79 
c7 00 80 fc c3 5c de 82 c7 0a 00 02 0c 99 42 30 89 c7 00 80 fc c3 6f 90 80 c7 05 00 02 0e 00 64 
44 de 74 c7 00 80 fc c3 3f 04 78 c7 00 00 
..1...6..........r.........v.. ..d.k.......@.........s......d..y.....\........B0......o........d
D.t.....?.x...

Client->GAME [10:11:50 07/15/09] packet size: 1 CRYPTED, Flags: 7f ServerSeq: 3076 ClientSeq: 3303
02 
.

GAME->Client [10:11:50 07/15/09] packet size: 122 CRYPTED, Flags: 7f ServerSeq: 3269 ClientSeq: 3078
02 03 31 00 02 0c 40 d2 e3 89 c7 00 80 fc c3 9a d1 72 c7 15 00 02 08 7c c3 8b c7 00 80 fc c3 ac 
7a 87 c7 14 00 02 08 a1 30 86 c7 00 80 fc c3 6f 79 87 c7 0d 00 02 0e 01 e3 0d 18 89 c7 00 80 fc 
c3 26 b6 73 c7 0b 00 02 0c 5c f8 b2 79 c7 00 80 fc c3 ce e5 82 c7 09 00 02 08 20 2d 8b c7 00 80 
fc c3 b4 67 86 c7 05 00 02 0e 00 6e 44 de 74 c7 00 80 fc c3 3f 04 78 c7 00 00 
..1...@..........r.....|........z.......0......oy................&.s.....\..y............. -....
...g.......nD.t.....?.x...

Client->GAME [10:11:50 07/15/09] packet size: 1 CRYPTED, Flags: 7f ServerSeq: 3077 ClientSeq: 3304
02 
.

GAME->Client [10:11:50 07/15/09] packet size: 88 CRYPTED, Flags: 7f ServerSeq: 3270 ClientSeq: 3079
02 03 3f 00 02 0c 21 45 dd 8b c7 00 80 fc c3 dd dc 87 c7 31 00 02 0c 4a d2 e3 89 c7 00 80 fc c3 
9a d1 72 c7 13 00 02 08 ef da 76 c7 00 80 fc c3 ba 2b 83 c7 0d 00 02 0c e1 d4 1f 89 c7 00 80 fc 
c3 d0 a5 73 c7 05 00 02 0c 77 44 de 74 c7 00 80 fc c3 3f 04 78 c7 00 00 
..?...!E...........1...J..........r.......v......+.................s.....wD.t.....?.x...

Client->GAME [10:11:50 07/15/09] packet size: 1 CRYPTED, Flags: 7f ServerSeq: 3078 ClientSeq: 3305
02 
.

GAME->Client [10:11:50 07/15/09] packet size: 26 CRYPTED, Flags: 7f ServerSeq: 3271 ClientSeq: 3080
82 68 a7 f6 48 03 31 00 02 0e 00 54 d2 e3 89 c7 00 80 fc c3 9a d1 72 c7 00 00 
.h..H.1....T..........r...

Client->GAME [10:11:50 07/15/09] packet size: 1 CRYPTED, Flags: 7f ServerSeq: 3079 ClientSeq: 3306
02 
.

GAME->Client [10:11:50 07/15/09] packet size: 40 CRYPTED, Flags: 7f ServerSeq: 3272 ClientSeq: 3081
02 03 3f 00 02 0e 05 17 0c d5 8b c7 00 80 fc c3 3a d5 87 c7 31 00 02 0e 00 5e d2 e3 89 c7 00 80 
fc c3 9a d1 72 c7 00 00 
..?.............:...1....^..........r...

Client->GAME [10:11:50 07/15/09] packet size: 1 CRYPTED, Flags: 7f ServerSeq: 3080 ClientSeq: 3307
02 
.

GAME->Client [10:11:50 07/15/09] packet size: 73 CRYPTED, Flags: 7f ServerSeq: 3273 ClientSeq: 3082
02 03 3f 00 02 0e 05 0d 0c d5 8b c7 00 80 fc c3 3a d5 87 c7 31 00 02 0c 68 d2 e3 89 c7 00 80 fc 
c3 9a d1 72 c7 21 00 02 08 a5 73 86 c7 00 80 fc c3 3b 61 89 c7 13 00 02 0e 04 6d 5c bd 76 c7 00 
80 fc c3 06 4a 83 c7 00 00 
..?.............:...1...h..........r.!....s......;a.......m\.v......J....

Client->GAME [10:11:50 07/15/09] packet size: 1 CRYPTED, Flags: 7f ServerSeq: 3081 ClientSeq: 3308
02 
.

GAME->Client [10:11:50 07/15/09] packet size: 87 CRYPTED, Flags: 7f ServerSeq: 3274 ClientSeq: 3083
02 03 45 00 02 08 cf f0 7c c7 00 20 8a c4 b0 0b 6b c7 3f 00 02 0c 03 0c d5 8b c7 00 80 fc c3 3a 
d5 87 c7 3d 00 02 08 14 0c 8b c7 00 80 fc c3 b7 1f 7f c7 13 00 02 0e 04 77 5c bd 76 c7 00 80 fc 
c3 06 4a 83 c7 0a 00 02 08 e6 56 89 c7 00 80 fc c3 c7 c7 80 c7 00 00 
..E.....|.. ....k.?............:...=....................w\.v......J.......V............

Client->GAME [10:11:50 07/15/09] packet size: 1 CRYPTED, Flags: 7f ServerSeq: 3082 ClientSeq: 3309
02 
.

GAME->Client [10:11:50 07/15/09] packet size: 38 CRYPTED, Flags: 7f ServerSeq: 3275 ClientSeq: 3084
02 03 3f 00 02 0c f9 0c d5 8b c7 00 80 fc c3 3a d5 87 c7 13 00 02 0c 81 5c bd 76 c7 00 80 fc c3 
06 4a 83 c7 00 00 
..?............:........\.v......J....

Client->GAME [10:11:50 07/15/09] packet size: 16 CRYPTED, Flags: 7f ServerSeq: 3082 ClientSeq: 3310
02 04 01 00 3a 01 09 80 98 02 00 00 00 01 01 00 
....:...........

Client->GAME [10:11:51 07/15/09] packet size: 1 CRYPTED, Flags: 7f ServerSeq: 3083 ClientSeq: 3311
02 
.

GAME->Client [10:11:51 07/15/09] packet size: 55 CRYPTED, Flags: 7f ServerSeq: 3276 ClientSeq: 3085
02 03 3f 00 02 0e 01 ef f6 d8 8b c7 00 80 fc c3 b5 ca 87 c7 13 00 02 0c 8b 5c bd 76 c7 00 80 fc 
c3 06 4a 83 c7 0b 00 02 08 39 39 79 c7 00 80 fc c3 c3 17 83 c7 00 00 
..?......................\.v......J......99y...........

Client->GAME [10:11:51 07/15/09] packet size: 1 CRYPTED, Flags: 7f ServerSeq: 3084 ClientSeq: 3312
02 
.

GAME->Client [10:11:51 07/15/09] packet size: 103 CRYPTED, Flags: 7f ServerSeq: 3277 ClientSeq: 3086
02 03 3f 00 02 0e 01 e5 55 df 8b c7 00 80 fc c3 6c c1 87 c7 15 00 02 08 bd fb 8b c7 00 80 fc c3 
63 34 87 c7 14 00 02 08 f2 87 86 c7 00 80 fc c3 4e 8f 87 c7 13 00 02 0c 95 5c bd 76 c7 00 80 fc 
c3 06 4a 83 c7 0d 00 02 08 21 56 89 c7 00 80 fc c3 be 33 73 c7 09 00 02 08 5b d6 8a c7 00 80 fc 
c3 b8 7f 86 c7 00 00 
..?.....U.......l...............c4..............N........\.v......J......!V.......3s.....[......
.......

Client->GAME [10:11:51 07/15/09] packet size: 1 CRYPTED, Flags: 7f ServerSeq: 3085 ClientSeq: 3313
02 
.

GAME->Client [10:11:51 07/15/09] packet size: 38 CRYPTED, Flags: 7f ServerSeq: 3278 ClientSeq: 3072
02 03 13 00 02 0c 9f 5c bd 76 c7 00 80 fc c3 06 4a 83 c7 0d 00 02 0c e0 f6 5d 89 c7 00 80 fc c3 
b0 23 73 c7 00 00 
.......\.v......J........].......#s...

Client->GAME [10:11:51 07/15/09] packet size: 1 CRYPTED, Flags: 7f ServerSeq: 3086 ClientSeq: 3314
02 
.

GAME->Client [10:11:51 07/15/09] packet size: 39 CRYPTED, Flags: 7f ServerSeq: 3279 ClientSeq: 3073
02 03 13 00 02 0e 00 a9 5c bd 76 c7 00 80 fc c3 06 4a 83 c7 0d 00 02 0c e1 d1 65 89 c7 00 80 fc 
c3 96 13 73 c7 00 00 
........\.v......J........e........s...

Client->GAME [10:11:51 07/15/09] packet size: 1 CRYPTED, Flags: 7f ServerSeq: 3087 ClientSeq: 3315
02 
.

GAME->Client [10:11:51 07/15/09] packet size: 26 CRYPTED, Flags: 7f ServerSeq: 3280 ClientSeq: 3074
82 8c a7 f6 48 03 13 00 02 0e 00 b3 5c bd 76 c7 00 80 fc c3 06 4a 83 c7 00 00 
....H.......\.v......J....

Client->GAME [10:11:51 07/15/09] packet size: 1 CRYPTED, Flags: 7f ServerSeq: 3072 ClientSeq: 3316
02 
.

GAME->Client [10:11:51 07/15/09] packet size: 55 CRYPTED, Flags: 7f ServerSeq: 3281 ClientSeq: 3075
02 03 21 00 02 08 34 c7 86 c7 00 80 fc c3 a5 82 89 c7 13 00 02 0c b4 5c bd 76 c7 00 80 fc c3 06 
4a 83 c7 09 00 02 0e 05 47 7f b0 8a c7 00 80 fc c3 7b 8a 86 c7 00 00 
..!...4................\.v......J.......G........{.....

Client->GAME [10:11:51 07/15/09] packet size: 1 CRYPTED, Flags: 7f ServerSeq: 3073 ClientSeq: 3317
02 
.

GAME->Client [10:11:51 07/15/09] packet size: 161 CRYPTED, Flags: 7f ServerSeq: 3282 ClientSeq: 3076
02 03 45 00 02 08 0c 80 7d c7 00 20 8a c4 b5 9e 6a c7 3d 00 02 08 78 37 8b c7 00 80 fc c3 0a 82 
7e c7 09 00 02 0e 05 3d 7f b0 8a c7 00 80 fc c3 7b 8a 86 c7 00 00 04 01 01 a2 01 65 80 99 00 00 
00 00 02 00 2f 00 01 00 00 00 01 85 9f c9 46 42 cf 22 47 00 32 00 38 00 3c 00 00 00 d0 07 00 00 
31 00 00 b4 c0 0c 00 28 42 00 00 01 00 00 02 00 09 00 0f 00 02 00 02 03 02 00 ff ff fd ff 21 00 
45 6c 69 6d 69 6e 61 74 65 20 6f 6e 65 20 6f 66 20 5a 69 6f 6e 27 73 20 65 6e 65 6d 69 65 73 2e 
00 
..E.....}.. ....j.=...x7........~......=........{..........e......../.........FB."G.2.8.<.......
1......(B.....................!.Eliminate one of Zion's enemies..

Client->GAME [10:11:51 07/15/09] packet size: 1 CRYPTED, Flags: 7f ServerSeq: 3074 ClientSeq: 3318
02 
.

GAME->Client [10:11:51 07/15/09] packet size: 55 CRYPTED, Flags: 7f ServerSeq: 3283 ClientSeq: 3077
02 03 45 00 02 0e 00 e0 e8 88 7d c7 00 20 8a c4 cb 97 6a c7 0a 00 02 08 2c 90 89 c7 00 80 fc c3 
41 1b 81 c7 09 00 02 0c 33 7f b0 8a c7 00 80 fc c3 7b 8a 86 c7 00 00 
..E.......}.. ....j.....,.......A.......3........{.....

Client->GAME [10:11:51 07/15/09] packet size: 1 CRYPTED, Flags: 7f ServerSeq: 3075 ClientSeq: 3319
02 
.

GAME->Client [10:11:52 07/15/09] packet size: 107 CRYPTED, Flags: 7f ServerSeq: 3284 ClientSeq: 3078
02 03 45 00 02 0e 00 ea e8 88 7d c7 00 20 8a c4 cb 97 6a c7 3f 00 02 08 c5 0f 8c c7 00 80 fc c3 
5b 83 87 c7 0d 00 02 0e 05 e0 1c 8d 89 c7 00 80 fc c3 0d c3 72 c7 0b 00 02 08 10 ae 78 c7 00 80 
fc c3 dd 50 83 c7 0a 00 02 0e 04 9d 4b 93 89 c7 00 80 fc c3 ee 1f 81 c7 09 00 02 0c 29 7f b0 8a 
c7 00 80 fc c3 7b 8a 86 c7 00 00 
..E.......}.. ....j.?...........[...................r.......x......P........K...............)...
.....{.....

Client->GAME [10:11:52 07/15/09] packet size: 1 CRYPTED, Flags: 7f ServerSeq: 3076 ClientSeq: 3320
02 
.

GAME->Client [10:11:52 07/15/09] packet size: 92 CRYPTED, Flags: 7f ServerSeq: 3285 ClientSeq: 3079
02 03 45 00 02 0c ef e8 88 7d c7 00 20 8a c4 cb 97 6a c7 14 00 02 0c b7 42 df 86 c7 00 80 fc c3 
08 a5 87 c7 0d 00 02 0e 05 d6 1c 8d 89 c7 00 80 fc c3 0d c3 72 c7 0a 00 02 0e 04 a7 4b 93 89 c7 
00 80 fc c3 ee 1f 81 c7 09 00 02 0e 00 1f 7f b0 8a c7 00 80 fc c3 7b 8a 86 c7 00 00 
..E......}.. ....j......B...........................r.......K.........................{.....

Client->GAME [10:11:52 07/15/09] packet size: 1 CRYPTED, Flags: 7f ServerSeq: 3077 ClientSeq: 3321
02 
.

GAME->Client [10:11:52 07/15/09] packet size: 108 CRYPTED, Flags: 7f ServerSeq: 3286 ClientSeq: 3080
02 03 1b 00 02 0e 01 fa 7e 92 8a c7 00 80 fc c3 e9 9e 86 c7 15 00 02 08 fa 3a 8c c7 00 80 fc c3 
5e e5 86 c7 14 00 02 0c b7 3c ea 86 c7 00 80 fc c3 a4 a7 87 c7 0d 00 02 0e 00 cc 1c 8d 89 c7 00 
80 fc c3 0d c3 72 c7 0a 00 02 0c b1 4b 93 89 c7 00 80 fc c3 ee 1f 81 c7 09 00 02 0e 00 15 7f b0 
8a c7 00 80 fc c3 7b 8a 86 c7 00 00 
........~................:......^........<...........................r......K...................
......{.....

Client->GAME [10:11:52 07/15/09] packet size: 1 CRYPTED, Flags: 7f ServerSeq: 3078 ClientSeq: 3322
02 
.

GAME->Client [10:11:52 07/15/09] packet size: 74 CRYPTED, Flags: 7f ServerSeq: 3287 ClientSeq: 3081
02 03 1b 00 02 0e 04 04 7e 92 8a c7 00 80 fc c3 e9 9e 86 c7 0d 00 02 0e 00 c2 1c 8d 89 c7 00 80 
fc c3 0d c3 72 c7 0a 00 02 0c bb 4b 93 89 c7 00 80 fc c3 ee 1f 81 c7 09 00 02 0c 13 7f b0 8a c7 
00 80 fc c3 7b 8a 86 c7 00 00 
........~...........................r......K........................{.....

Client->GAME [10:11:52 07/15/09] packet size: 1 CRYPTED, Flags: 7f ServerSeq: 3079 ClientSeq: 3323
02 
.

GAME->Client [10:11:52 07/15/09] packet size: 92 CRYPTED, Flags: 7f ServerSeq: 3288 ClientSeq: 3082
02 03 1b 00 02 0e 00 0e 7e 92 8a c7 00 80 fc c3 e9 9e 86 c7 15 00 02 0e 04 ef 04 42 8c c7 00 80 
fc c3 93 dc 86 c7 14 00 02 0e 04 c1 26 f5 86 c7 00 80 fc c3 3b aa 87 c7 0d 00 02 0c b9 1c 8d 89 
c7 00 80 fc c3 0d c3 72 c7 0a 00 02 0c c5 4b 93 89 c7 00 80 fc c3 ee 1f 81 c7 00 00 
........~..................B................&.......;..................r......K.............

Client->GAME [10:11:52 07/15/09] packet size: 1 CRYPTED, Flags: 7f ServerSeq: 3080 ClientSeq: 3324
02 
.

GAME->Client [10:11:52 07/15/09] packet size: 131 CRYPTED, Flags: 7f ServerSeq: 3289 ClientSeq: 3083
82 b0 a7 f6 48 03 33 00 02 0e 04 33 e9 4f 8a c7 00 80 fc c3 4d d1 7d c7 21 00 02 08 c4 1a 87 c7 
00 80 fc c3 10 a4 89 c7 1b 00 02 0e 00 16 7e 92 8a c7 00 80 fc c3 e9 9e 86 c7 15 00 02 0e 04 f9 
04 42 8c c7 00 80 fc c3 93 dc 86 c7 14 00 02 0e 04 cb 26 f5 86 c7 00 80 fc c3 3b aa 87 c7 0a 00 
02 0c cf 4b 93 89 c7 00 80 fc c3 ee 1f 81 c7 07 00 02 0e 01 8e 41 2a 83 c7 00 80 fc c3 01 7c 6e 
c7 00 00 
....H.3....3.O......M.}.!.....................~..................B................&.......;.....
...K.................A*.......|n...

Client->GAME [10:11:52 07/15/09] packet size: 1 CRYPTED, Flags: 7f ServerSeq: 3081 ClientSeq: 3325
02 
.

GAME->Client [10:11:52 07/15/09] packet size: 128 CRYPTED, Flags: 7f ServerSeq: 3290 ClientSeq: 3084
02 03 35 00 02 0e 05 ee bb 32 82 c7 00 80 fc c3 c1 b1 82 c7 33 00 02 0e 04 3d e9 4f 8a c7 00 80 
fc c3 4d d1 7d c7 21 00 02 0e 04 b5 fa 1f 87 c7 00 80 fc c3 38 a6 89 c7 15 00 02 0c 03 04 42 8c 
c7 00 80 fc c3 93 dc 86 c7 14 00 02 0c d5 26 f5 86 c7 00 80 fc c3 3b aa 87 c7 0a 00 02 0e 00 d9 
4b 93 89 c7 00 80 fc c3 ee 1f 81 c7 07 00 02 0e 01 96 ac 2f 83 c7 00 80 fc c3 b2 8f 6e c7 00 00 
..5......2..........3....=.O......M.}.!.............8.........B...............&.......;.........
K................../........n...

Client->GAME [10:11:52 07/15/09] packet size: 1 CRYPTED, Flags: 7f ServerSeq: 3082 ClientSeq: 3326
02 
.

GAME->Client [10:11:52 07/15/09] packet size: 126 CRYPTED, Flags: 7f ServerSeq: 3291 ClientSeq: 3085
02 03 3d 00 02 08 4c 68 8b c7 00 80 fc c3 9e d0 7d c7 35 00 02 0e 05 e4 bb 32 82 c7 00 80 fc c3 
c1 b1 82 c7 33 00 02 0c 47 e9 4f 8a c7 00 80 fc c3 4d d1 7d c7 21 00 02 0e 04 bf fa 1f 87 c7 00 
80 fc c3 38 a6 89 c7 15 00 02 0e 00 0d 04 42 8c c7 00 80 fc c3 93 dc 86 c7 14 00 02 0c df 26 f5 
86 c7 00 80 fc c3 3b aa 87 c7 0a 00 02 0e 00 e3 4b 93 89 c7 00 80 fc c3 ee 1f 81 c7 00 00 
..=...Lh........}.5......2..........3...G.O......M.}.!.............8..........B...............&.
......;.........K.............

Client->GAME [10:11:52 07/15/09] packet size: 1 CRYPTED, Flags: 7f ServerSeq: 3083 ClientSeq: 3327
02 
.

GAME->Client [10:11:53 07/15/09] packet size: 139 CRYPTED, Flags: 7f ServerSeq: 3292 ClientSeq: 3086
02 03 3f 00 02 08 b5 46 8c c7 00 80 fc c3 10 3c 87 c7 35 00 02 0c da bb 32 82 c7 00 80 fc c3 c1 
b1 82 c7 33 00 02 0c 51 e9 4f 8a c7 00 80 fc c3 4d d1 7d c7 21 00 02 0c c9 fa 1f 87 c7 00 80 fc 
c3 38 a6 89 c7 15 00 02 0e 00 14 04 42 8c c7 00 80 fc c3 93 dc 86 c7 14 00 02 0c e9 26 f5 86 c7 
00 80 fc c3 3b aa 87 c7 0b 00 02 08 e9 22 78 c7 00 80 fc c3 f7 89 83 c7 0a 00 02 0c e5 4b 93 89 
c7 00 80 fc c3 ee 1f 81 c7 00 00 
..?....F.......<..5.....2..........3...Q.O......M.}.!............8..........B...............&...
....;........"x..............K.............

Client->GAME [10:11:53 07/15/09] packet size: 12 CRYPTED, Flags: 7f ServerSeq: 3084 ClientSeq: 3328
02 04 01 00 3b 01 05 80 9b 03 00 01 
....;.......

GAME->Client [10:11:53 07/15/09] packet size: 96 CRYPTED, Flags: 7f ServerSeq: 3293 ClientSeq: 3086
02 03 3d 00 02 2e 00 40 00 00 00 10 04 f5 b9 6d 8b c7 00 80 fc c3 e8 bc 7d c7 35 00 02 0c d0 bb 
32 82 c7 00 80 fc c3 c1 b1 82 c7 33 00 02 0c 5b e9 4f 8a c7 00 80 fc c3 4d d1 7d c7 21 00 02 0c 
d3 fa 1f 87 c7 00 80 fc c3 38 a6 89 c7 14 00 02 0c f3 26 f5 86 c7 00 80 fc c3 3b aa 87 c7 00 00 
..=....@.......m........}.5.....2..........3...[.O......M.}.!............8........&.......;.....

Client->GAME [10:11:53 07/15/09] packet size: 1 CRYPTED, Flags: 7f ServerSeq: 3085 ClientSeq: 3329
02 
.

GAME->Client [10:11:53 07/15/09] packet size: 91 CRYPTED, Flags: 7e ServerSeq: 3294 ClientSeq: 3328
02 03 3d 00 02 0e 04 ff b9 6d 8b c7 00 80 fc c3 e8 bc 7d c7 35 00 02 0c c6 bb 32 82 c7 00 80 fc 
c3 c1 b1 82 c7 33 00 02 0c 65 e9 4f 8a c7 00 80 fc c3 4d d1 7d c7 21 00 02 0c dd fa 1f 87 c7 00 
80 fc c3 38 a6 89 c7 14 00 02 0e 00 fd 26 f5 86 c7 00 80 fc c3 3b aa 87 c7 00 00 
..=......m........}.5.....2..........3...e.O......M.}.!............8.........&.......;.....

Client->GAME [10:11:53 07/15/09] packet size: 1 CRYPTED, Flags: 7f ServerSeq: 3086 ClientSeq: 3330
02 
.

GAME->Client [10:11:53 07/15/09] packet size: 583 CRYPTED, Flags: 7b ServerSeq: 3295 ClientSeq: 3330
02 03 02 00 02 80 40 00 20 03 02 3f 00 02 0c e6 b6 63 8c c7 00 80 fc c3 6b 15 87 c7 3d 00 02 0c 
16 b9 6d 8b c7 00 80 fc c3 e8 bc 7d c7 35 00 02 0c af bb 32 82 c7 00 80 fc c3 c1 b1 82 c7 33 00 
02 0e 01 75 04 49 8a c7 00 80 fc c3 1c 03 7e c7 21 00 02 0c f4 fa 1f 87 c7 00 80 fc c3 38 a6 89 
c7 14 00 02 0c 05 26 f5 86 c7 00 80 fc c3 3b aa 87 c7 0e 00 02 02 05 00 00 04 01 01 a3 04 4c 80 
9c 00 00 00 00 03 00 2b 00 01 00 20 03 02 d0 07 00 00 31 00 00 b4 c0 0c 00 28 14 00 00 26 70 0a 
00 28 01 00 00 3e 00 3b 00 00 0e 00 41 73 73 61 73 73 69 6e 61 74 69 6f 6e 00 01 00 00 03 00 75 
06 00 00 84 07 00 00 7f 05 00 00 81 39 80 a3 30 00 01 00 42 00 30 00 00 00 02 00 00 00 3c 00 00 
dc 1b c7 00 80 e3 c3 00 90 7b c7 00 b0 1a c7 00 80 e3 c3 00 0e 83 c7 00 00 00 00 00 00 07 01 49 
20 61 6d 20 6e 65 76 65 72 20 70 6c 65 61 73 65 64 20 74 6f 20 6f 72 64 65 72 20 61 6e 20 61 73 
73 61 73 73 69 6e 61 74 69 6f 6e 2c 20 62 75 74 20 73 6f 6d 65 74 69 6d 65 73 20 6f 75 72 20 73 
69 74 75 61 74 69 6f 6e 20 6c 65 61 76 65 73 20 75 73 20 6c 69 74 74 6c 65 20 63 68 6f 69 63 65 
2e 0d 0a 0d 0a 49 20 68 61 74 65 20 74 6f 20 73 61 79 20 74 68 69 73 2c 20 62 75 74 20 43 68 69 
27 73 20 73 69 67 6e 61 6c 20 68 61 73 20 67 6f 6e 65 20 6f 66 66 20 6d 79 20 72 61 64 61 72 2e 
20 59 6f 75 27 6c 6c 20 6e 65 65 64 20 74 6f 20 66 69 6e 64 20 74 68 65 69 72 20 73 75 62 6f 72 
64 69 6e 61 74 65 2c 20 57 65 6d 70 65 2c 20 61 6e 64 20 65 78 74 72 61 63 74 20 69 6e 74 65 6c 
20 6f 6e 20 79 6f 75 72 20 74 61 72 67 65 74 27 73 20 70 6f 73 69 74 69 6f 6e 20 66 72 6f 6d 20 
74 68 65 6d 2e 00 23 80 9e 00 00 00 00 00 00 ba e3 c0 00 00 00 00 00 19 b4 40 00 00 00 00 c0 2f 
f0 c0 01 00 00 00 99 07 20 04 1c 80 a0 00 06 00 00 14 00 53 65 61 72 63 68 20 74 68 65 20 63 6f 
6d 70 75 74 65 72 00 
......@. ..?.....c......k...=.....m........}.5.....2..........3....u.I........~.!............8..
......&.......;...............L........+... ......1......(...&p..(...>.;....Assassination......u
............9..0...B.0.......<...........{.....................I am never pleased to order an as
sassination, but sometimes our situation leaves us little choice.....I hate to say this, but Chi
's signal has gone off my radar. You'll need to find their subordinate, Wempe, and extract intel
 on your target's position from them..#..................@...../........ ..........Search the co
mputer.

Client->GAME [10:11:53 07/15/09] packet size: 1 CRYPTED, Flags: 7f ServerSeq: 3087 ClientSeq: 3331
02 
.

GAME->Client [10:11:53 07/15/09] packet size: 108 CRYPTED, Flags: 7b ServerSeq: 3296 ClientSeq: 3330
02 03 3f 00 02 0c e5 4d 6a 8c c7 00 80 fc c3 f9 0c 87 c7 3d 00 02 0c 20 b9 6d 8b c7 00 80 fc c3 
e8 bc 7d c7 35 00 02 0e 01 a5 28 37 82 c7 00 80 fc c3 36 b5 82 c7 21 00 02 0e 00 fe fa 1f 87 c7 
00 80 fc c3 38 a6 89 c7 0e 00 02 0e 01 26 8a 3e 84 c7 00 80 fc c3 b8 d3 82 c7 07 00 02 08 9a 59 
83 c7 00 80 fc c3 9b 1b 6f c7 00 00 
..?....Mj..........=... .m........}.5.....(7......6...!.............8........&.>...............Y
........o...

Client->GAME [10:11:53 07/15/09] packet size: 1 CRYPTED, Flags: 7f ServerSeq: 3072 ClientSeq: 3332
02 
.

GAME->Client [10:11:53 07/15/09] packet size: 153 CRYPTED, Flags: 7b ServerSeq: 3297 ClientSeq: 3330
82 d6 a7 f6 48 03 3d 00 02 0c 2a b9 6d 8b c7 00 80 fc c3 e8 bc 7d c7 35 00 02 0e 01 9b 99 3e 82 
c7 00 80 fc c3 a0 bd 82 c7 33 00 02 2e 06 81 00 8c 2e 00 0a 00 8c 00 01 75 29 43 8a c7 00 80 fc 
c3 73 2d 7e c7 29 00 02 0e 01 d7 bc e9 77 c7 00 20 8a c4 da c0 6e c7 21 00 02 0e 00 ff fa 1f 87 
c7 00 80 fc c3 38 a6 89 c7 14 00 02 2e 06 81 00 8c 2e 00 21 00 82 00 00 05 26 f5 86 c7 00 80 fc 
c3 3b aa 87 c7 0e 00 02 0e 01 1c e4 36 84 c7 00 80 fc c3 7c cb 82 c7 00 00 
....H.=...*.m........}.5......>..........3..............u)C......s-~.).......w.. ....n.!........
.....8.............!.....&.......;..........6......|.....

Client->GAME [10:11:53 07/15/09] packet size: 1 CRYPTED, Flags: 7f ServerSeq: 3073 ClientSeq: 3333
02 
.

GAME->Client [10:11:53 07/15/09] packet size: 72 CRYPTED, Flags: 6f ServerSeq: 3298 ClientSeq: 3332
02 03 3f 00 02 0c e6 09 78 8c c7 00 80 fc c3 27 fb 86 c7 3d 00 02 0c 34 b9 6d 8b c7 00 80 fc c3 
e8 bc 7d c7 35 00 02 0c 96 61 44 82 c7 00 80 fc c3 46 c7 82 c7 0e 00 02 0c 14 3c 31 84 c7 00 80 
fc c3 c7 c1 82 c7 00 00 
..?.....x......'...=...4.m........}.5....aD......F........<1............

Client->GAME [10:11:53 07/15/09] packet size: 1 CRYPTED, Flags: 7f ServerSeq: 3074 ClientSeq: 3334
02 
.

GAME->Client [10:11:54 07/15/09] packet size: 72 CRYPTED, Flags: 5f ServerSeq: 3299 ClientSeq: 3333
02 03 3f 00 02 0c e6 d9 7e 8c c7 00 80 fc c3 33 f2 86 c7 3d 00 02 0c 3e b9 6d 8b c7 00 80 fc c3 
e8 bc 7d c7 2f 00 02 0e 04 05 c7 03 74 c7 00 80 fc c3 c2 18 7a c7 0b 00 02 08 76 93 77 c7 00 80 
fc c3 d4 c4 83 c7 00 00 
..?.....~......3...=...>.m........}./.......t.......z.....v.w...........

Client->GAME [10:11:54 07/15/09] packet size: 1 CRYPTED, Flags: 7f ServerSeq: 3075 ClientSeq: 3335
02 
.

GAME->Client [10:11:54 07/15/09] packet size: 57 CRYPTED, Flags: 3f ServerSeq: 3300 ClientSeq: 3334
02 03 3d 00 02 0e 00 48 b9 6d 8b c7 00 80 fc c3 e8 bc 7d c7 2f 00 02 0e 04 0f c7 03 74 c7 00 80 
fc c3 c2 18 7a c7 0e 00 02 0c 13 c0 26 84 c7 00 80 fc c3 df ad 82 c7 00 00 
..=....H.m........}./.......t.......z.......&............

Client->GAME [10:11:54 07/15/09] packet size: 1 CRYPTED, Flags: 7f ServerSeq: 3076 ClientSeq: 3336
02 
.

GAME->Client [10:11:54 07/15/09] packet size: 86 CRYPTED, Flags: 3f ServerSeq: 3301 ClientSeq: 3334
02 03 3f 00 02 2a 00 40 00 00 00 10 01 78 8c 8c c7 00 80 fc c3 4c e0 86 c7 3d 00 02 0e 00 50 b9 
6d 8b c7 00 80 fc c3 e8 bc 7d c7 2f 00 02 0e 04 19 c7 03 74 c7 00 80 fc c3 c2 18 7a c7 0b 00 02 
2a 00 40 00 00 00 10 01 af 70 77 c7 00 80 fc c3 19 d3 83 c7 00 00 
..?..*.@.....x.......L...=....P.m........}./.......t.......z....*.@......pw...........

Client->GAME [10:11:54 07/15/09] packet size: 1 CRYPTED, Flags: 7f ServerSeq: 3077 ClientSeq: 3337
02 
.

GAME->Client [10:11:54 07/15/09] packet size: 39 CRYPTED, Flags: 7f ServerSeq: 3302 ClientSeq: 3336
02 03 2f 00 02 0c 23 c7 03 74 c7 00 80 fc c3 c2 18 7a c7 0b 00 02 0e 01 5d 44 5f 77 c7 00 80 fc 
c3 3f da 83 c7 00 00 
../...#..t.......z......]D_w.....?.....

Client->GAME [10:11:54 07/15/09] packet size: 1 CRYPTED, Flags: 7f ServerSeq: 3078 ClientSeq: 3338
02 
.

GAME->Client [10:11:54 07/15/09] packet size: 21 CRYPTED, Flags: 7f ServerSeq: 3303 ClientSeq: 3337
02 03 2f 00 02 0c 2d c7 03 74 c7 00 80 fc c3 c2 18 7a c7 00 00 
../...-..t.......z...

Client->GAME [10:11:54 07/15/09] packet size: 1 CRYPTED, Flags: 7f ServerSeq: 3079 ClientSeq: 3339
02 
.

GAME->Client [10:11:54 07/15/09] packet size: 69 CRYPTED, Flags: 7f ServerSeq: 3304 ClientSeq: 3338
02 03 35 00 02 08 15 67 82 c7 00 80 fc c3 2b 01 83 c7 33 00 02 08 28 2e 8a c7 00 80 fc c3 3c c5 
7e c7 2f 00 02 0c 37 c7 03 74 c7 00 80 fc c3 c2 18 7a c7 07 00 02 08 57 88 83 c7 00 80 fc c3 6c 
b5 6f c7 00 00 
..5....g......+...3...(.......<.~./...7..t.......z.....W.......l.o...

Client->GAME [10:11:54 07/15/09] packet size: 1 CRYPTED, Flags: 7f ServerSeq: 3080 ClientSeq: 3340
02 
.

GAME->Client [10:11:54 07/15/09] packet size: 37 CRYPTED, Flags: 7f ServerSeq: 3305 ClientSeq: 3339
02 03 2f 00 02 0c 41 c7 03 74 c7 00 80 fc c3 c2 18 7a c7 0e 00 02 08 da 0c 84 c7 00 80 fc c3 f3 
7b 82 c7 00 00 
../...A..t.......z..............{....

Client->GAME [10:11:54 07/15/09] packet size: 1 CRYPTED, Flags: 7f ServerSeq: 3081 ClientSeq: 3341
02 
.

GAME->Client [10:11:54 07/15/09] packet size: 42 CRYPTED, Flags: 7f ServerSeq: 3306 ClientSeq: 3340
82 fa a7 f6 48 03 2f 00 02 0e 01 4b c7 03 74 c7 00 80 fc c3 c2 18 7a c7 29 00 02 08 d3 94 78 c7 
00 20 8a c4 82 54 6e c7 00 00 
....H./....K..t.......z.).....x.. ...Tn...

Client->GAME [10:11:54 07/15/09] packet size: 1 CRYPTED, Flags: 7f ServerSeq: 3082 ClientSeq: 3342
02 
.

