Client->GAME [16:51:19 07/14/09] packet size: 13 CRYPTED, Flags: 7f ServerSeq: 5 ClientSeq: 187
02 04 01 00 1c 01 06 81 51 00 00 00 00 
........Q....

GAME->Client [16:51:19 07/14/09] packet size: 1 CRYPTED, Flags: 7f ServerSeq: 166 ClientSeq: 11
02 
.

Client->GAME [16:51:20 07/14/09] packet size: 16 CRYPTED, Flags: 7f ServerSeq: 6 ClientSeq: 188
02 04 01 00 1d 01 09 6c 03 00 00 00 00 00 00 00 
.......l........

GAME->Client [16:51:20 07/14/09] packet size: 160 CRYPTED, Flags: 7f ServerSeq: 167 ClientSeq: 12
82 e5 2b d8 48 04 01 01 29 01 80 94 6d 03 00 00 00 08 00 01 17 00 00 02 00 00 00 00 00 03 00 00 
00 00 00 04 00 00 00 00 00 05 00 00 00 00 00 06 00 00 00 00 00 07 00 00 00 00 00 08 00 00 00 00 
00 09 00 00 00 00 00 0a 00 00 00 00 00 0b 00 00 00 00 00 0c 00 00 00 00 00 0d 00 00 00 00 00 0e 
00 00 00 00 00 0f 00 00 00 00 00 10 00 00 00 00 00 11 00 00 00 00 00 12 00 00 00 00 00 13 00 00 
00 00 00 14 00 00 00 00 00 15 00 00 00 00 00 16 00 00 00 00 00 17 00 00 00 00 00 18 00 00 00 00 
..+.H...)...m...................................................................................
................................................................

Client->GAME [16:51:20 07/14/09] packet size: 1 CRYPTED, Flags: 7f ServerSeq: 7 ClientSeq: 189
02 
.

Client->GAME [16:51:23 07/14/09] packet size: 25 CRYPTED, Flags: 7f ServerSeq: 7 ClientSeq: 190
02 04 01 00 1e 01 12 81 8e 09 00 00 00 03 00 00 00 97 00 00 00 01 00 00 00 
.........................

GAME->Client [16:51:23 07/14/09] packet size: 696 CRYPTED, Flags: 7f ServerSeq: 168 ClientSeq: 14
02 04 01 01 2a 1e 16 80 bc 15 00 35 02 00 f7 03 00 00 08 02 00 00 00 00 01 00 00 00 00 16 80 bc 
15 00 36 02 00 f7 03 00 00 07 02 ec ff ff ff 01 00 00 00 00 16 80 bc 15 00 37 02 00 f7 03 00 00 
50 04 00 00 00 00 01 00 00 00 00 16 80 bc 15 00 38 02 00 f7 03 00 00 f4 03 00 00 00 00 01 00 00 
00 00 16 80 bc 15 00 39 02 00 f7 03 00 00 51 04 f6 ff ff ff 01 00 00 00 00 16 80 bc 15 00 3a 02 
00 f7 03 00 00 52 04 0f 00 00 00 01 00 00 00 00 16 80 bc 11 00 3b 02 00 00 00 00 00 cb 02 00 00 
00 00 01 00 00 00 00 16 80 bc 56 00 80 02 00 0a 95 00 00 06 04 02 00 00 00 01 00 00 00 00 16 80 
bc 56 00 81 02 00 0a 95 00 00 b4 00 11 00 00 00 01 00 00 00 00 16 80 bc 56 00 82 02 00 0a 95 00 
00 b5 00 11 00 00 00 01 00 00 00 00 16 80 bc 56 00 83 02 00 0a 95 00 00 07 04 02 00 00 00 01 00 
00 00 00 16 80 bc 56 00 84 02 00 8a b2 00 00 23 04 02 00 00 00 01 00 00 00 00 16 80 bc 56 00 85 
02 00 8a b2 00 00 21 04 01 00 00 00 01 00 00 00 00 16 80 bc 56 00 86 02 00 8a b2 00 00 b4 00 1d 
00 00 00 01 00 00 00 00 16 80 bc 56 00 87 02 00 8a b2 00 00 09 04 1d 00 00 00 01 00 00 00 00 16 
80 bc 56 00 88 02 00 8a b2 00 00 9d 00 1d 00 00 00 01 00 00 00 00 16 80 bc 56 00 89 02 00 8a b2 
00 00 06 04 01 00 00 00 01 00 00 00 00 16 80 bc 56 00 8a 02 00 24 b3 00 00 89 02 02 00 00 00 01 
00 00 00 00 16 80 bc 56 00 8b 02 00 24 b3 00 00 1a 04 01 00 00 00 01 00 00 00 00 16 80 bc 56 00 
8c 02 00 24 b3 00 00 b4 00 21 00 00 00 01 00 00 00 00 16 80 bc 56 00 8d 02 00 24 b3 00 00 09 04 
21 00 00 00 01 00 00 00 00 16 80 bc 56 00 8e 02 00 24 b3 00 00 15 04 02 00 00 00 01 00 00 00 00 
16 80 bc 56 00 8f 02 00 24 b3 00 00 b5 00 21 00 00 00 01 00 00 00 00 16 80 bc 56 00 90 02 00 95 
a7 00 00 b4 00 12 00 00 00 01 00 00 00 00 16 80 bc 56 00 91 02 00 95 a7 00 00 b5 00 12 00 00 00 
01 00 00 00 00 16 80 bc 56 00 92 02 00 95 a7 00 00 09 04 12 00 00 00 01 00 00 00 00 16 80 bc 56 
00 93 02 00 95 a7 00 00 70 00 0f 00 00 00 01 00 00 00 00 16 80 bc 56 00 94 02 00 2c b3 00 00 17 
04 01 00 00 00 01 00 00 00 00 16 80 bc 56 00 95 02 00 2c b3 00 00 b4 00 21 00 00 00 01 00 00 00 
00 16 80 bc 56 00 96 02 00 2c b3 00 00 09 04 21 00 00 00 01 00 00 00 00 
....*......5......................6......................7......P...............8...............
.......9......Q...............:......R...............;....................V.....................
.V......................V......................V......................V........#.............V..
......!.............V......................V......................V......................V......
................V....$.................V....$.................V....$.....!...........V....$.....
!...........V....$.................V....$.....!...........V......................V..............
........V......................V........p.............V....,.................V....,.....!.......
....V....,.....!........

Client->GAME [16:51:23 07/14/09] packet size: 1 CRYPTED, Flags: 7f ServerSeq: 8 ClientSeq: 191
02 
.

GAME->Client [16:51:23 07/14/09] packet size: 700 CRYPTED, Flags: 7f ServerSeq: 169 ClientSeq: 14
82 47 2c d8 48 04 01 01 48 1e 16 80 bc 56 00 97 02 00 2c b3 00 00 12 04 02 00 00 00 01 00 00 00 
00 16 80 bc 56 00 98 02 00 2c b3 00 00 07 04 02 00 00 00 01 00 00 00 00 16 80 bc 56 00 99 02 00 
2c b3 00 00 b5 00 21 00 00 00 01 00 00 00 00 16 80 bc 56 00 9a 02 00 c3 b2 00 00 89 02 02 00 00 
00 01 00 00 00 00 16 80 bc 56 00 9b 02 00 c3 b2 00 00 21 04 02 00 00 00 01 00 00 00 00 16 80 bc 
56 00 9c 02 00 c3 b2 00 00 b4 00 1f 00 00 00 01 00 00 00 00 16 80 bc 56 00 9d 02 00 c3 b2 00 00 
09 04 1f 00 00 00 01 00 00 00 00 16 80 bc 56 00 9e 02 00 c3 b2 00 00 1e 04 01 00 00 00 01 00 00 
00 00 16 80 bc 56 00 9f 02 00 c3 b2 00 00 9d 00 1f 00 00 00 01 00 00 00 00 16 80 bc 55 00 a9 02 
00 02 00 00 00 cc 00 0c 00 00 00 01 00 00 00 00 16 80 bc 55 00 b3 02 00 0b 00 00 00 37 02 96 00 
00 00 01 00 00 00 00 16 80 bc 55 00 b4 02 00 2d 00 00 00 23 04 0a 00 00 00 01 00 00 00 00 16 80 
bc 55 00 b5 02 00 2d 00 00 00 20 04 0a 00 00 00 01 00 00 00 00 16 80 bc 55 00 b6 02 00 2d 00 00 
00 19 04 05 00 00 00 01 00 00 00 00 16 80 bc 55 00 b7 02 00 2d 00 00 00 42 04 05 00 00 00 01 00 
00 00 00 16 80 bc 55 00 b8 02 00 34 00 00 00 83 02 c8 00 00 00 01 00 00 00 00 16 80 bc 55 00 b9 
02 00 4b 00 00 00 1f 04 19 00 00 00 01 00 00 00 00 16 80 bc 55 00 ba 02 00 5f 00 00 00 7c 04 0f 
00 00 00 01 00 00 00 00 16 80 bc 55 00 bb 02 00 5f 00 00 00 07 04 0f 00 00 00 01 00 00 00 00 16 
80 bc 55 00 bc 02 00 62 00 00 00 06 04 01 00 00 00 01 00 00 00 00 16 80 bc 55 00 bd 02 00 62 00 
00 00 15 04 01 00 00 00 01 00 00 00 00 16 80 bc 55 00 be 02 00 5a 01 00 00 07 04 05 00 00 00 01 
00 00 00 00 16 80 bc 55 00 bf 02 00 5a 01 00 00 1d 04 0f 00 00 00 01 00 00 00 00 16 80 bc 55 00 
c0 02 00 64 01 00 00 1f 04 05 00 00 00 01 00 00 00 00 16 80 bc 55 00 c1 02 00 66 01 00 00 7b 04 
05 00 00 00 01 00 00 00 00 16 80 bc 55 00 c2 02 00 66 01 00 00 12 04 0a 00 00 00 01 00 00 00 00 
16 80 bc 55 00 c3 02 00 66 01 00 00 06 04 0b 00 00 00 01 00 00 00 00 16 80 bc 55 00 c4 02 00 8e 
01 00 00 03 04 05 00 00 00 01 00 00 00 00 16 80 bc 55 00 c5 02 00 8e 01 00 00 12 04 0f 00 00 00 
01 00 00 00 00 16 80 bc 55 00 c6 02 00 8e 01 00 00 77 04 05 00 00 00 01 00 00 00 00 
.G,.H...H....V....,.................V....,.................V....,.....!...........V.............
.........V........!.............V......................V......................V.................
.....V......................U......................U........7.............U....-...#............
.U....-... .............U....-.................U....-...B.............U....4.................U..
..K.................U...._...|.............U...._.................U....b.................U....b.
................U....Z.................U....Z.................U....d.................U....f...{.
............U....f.................U....f.................U......................U..............
........U........w..........

Client->GAME [16:51:23 07/14/09] packet size: 1 CRYPTED, Flags: 7f ServerSeq: 9 ClientSeq: 192
02 
.

GAME->Client [16:51:23 07/14/09] packet size: 700 CRYPTED, Flags: 7f ServerSeq: 170 ClientSeq: 15
02 04 02 01 66 03 16 80 bc 55 00 c7 02 00 cd 01 00 00 e5 03 05 00 00 00 01 00 00 00 00 16 80 bc 
55 00 c8 02 00 cd 01 00 00 73 04 05 00 00 00 01 00 00 00 00 16 80 bc 55 00 c9 02 00 cd 01 00 00 
e3 03 0f 00 00 00 01 00 00 00 00 01 69 1c 16 80 bc 55 00 ca 02 00 d5 01 00 00 e3 03 05 00 00 00 
01 00 00 00 00 16 80 bc 55 00 cb 02 00 36 02 00 00 37 02 0a 00 00 00 01 00 00 00 00 16 80 bc 55 
00 cc 02 00 74 02 00 00 34 02 1e 00 00 00 01 00 00 00 00 16 80 bc 15 00 cd 02 00 11 00 00 00 ab 
00 0d 00 00 00 01 00 00 00 00 16 80 bc 15 00 ce 02 00 11 00 00 00 0a 02 4d 00 00 00 01 00 00 00 
00 16 80 bc 15 00 cf 02 00 11 00 00 00 f2 03 34 00 00 00 01 00 00 00 00 16 80 bc 15 00 d0 02 00 
11 00 00 00 ed 03 4d 00 00 00 01 00 00 00 00 16 80 bc 15 00 d1 02 00 11 00 00 00 9f 00 19 00 00 
00 01 00 00 00 00 16 80 bc 15 00 d2 02 00 11 00 00 00 f1 03 34 00 00 00 01 00 00 00 00 16 80 bc 
15 00 d3 02 00 11 00 00 00 0c 02 34 00 00 00 01 00 00 00 00 16 80 bc 15 00 d4 02 00 11 00 00 00 
b7 00 4d 00 00 00 01 00 00 00 00 16 80 bc 15 00 d5 02 00 11 00 00 00 f3 03 46 00 00 00 01 00 00 
00 00 0b 80 bd 05 11 00 00 00 00 00 00 00 16 80 bc 15 00 d6 02 00 11 00 00 00 ab 00 0c 00 00 00 
00 00 00 00 00 16 80 bc 15 00 d7 02 00 11 00 00 00 0a 02 4b 00 00 00 00 00 00 00 00 16 80 bc 15 
00 d8 02 00 11 00 00 00 f2 03 31 00 00 00 00 00 00 00 00 16 80 bc 15 00 d9 02 00 11 00 00 00 ed 
03 4b 00 00 00 00 00 00 00 00 16 80 bc 15 00 da 02 00 11 00 00 00 9f 00 19 00 00 00 00 00 00 00 
00 16 80 bc 15 00 db 02 00 11 00 00 00 f1 03 31 00 00 00 00 00 00 00 00 16 80 bc 15 00 dc 02 00 
11 00 00 00 0c 02 34 00 00 00 00 00 00 00 00 16 80 bc 15 00 dd 02 00 11 00 00 00 b7 00 46 00 00 
00 00 00 00 00 00 16 80 bc 15 00 de 02 00 11 00 00 00 f3 03 46 00 00 00 00 00 00 00 00 0b 80 bd 
05 11 00 00 00 00 00 00 01 16 80 bc 15 00 d6 02 00 11 00 00 00 ab 00 0c 00 00 00 01 00 00 00 00 
16 80 bc 15 00 d7 02 00 11 00 00 00 0a 02 4b 00 00 00 01 00 00 00 00 16 80 bc 15 00 d8 02 00 11 
00 00 00 f2 03 31 00 00 00 01 00 00 00 00 16 80 bc 15 00 d9 02 00 11 00 00 00 ed 03 4b 00 00 00 
01 00 00 00 00 16 80 bc 15 00 da 02 00 11 00 00 00 9f 00 19 00 00 00 01 00 00 00 00 
....f....U......................U........s.............U....................i....U..............
........U....6...7.............U....t...4...............................................M.......
...............4......................M.............................................4...........
...........4......................M......................F......................................
...................K......................1......................K..............................
...............1......................4......................F......................F...........
..............................................K......................1......................K...
............................

Client->GAME [16:51:23 07/14/09] packet size: 1 CRYPTED, Flags: 7f ServerSeq: 10 ClientSeq: 193
02 
.

GAME->Client [16:51:23 07/14/09] packet size: 269 CRYPTED, Flags: 7f ServerSeq: 171 ClientSeq: 0
02 04 01 01 85 11 16 80 bc 15 00 db 02 00 11 00 00 00 f1 03 31 00 00 00 01 00 00 00 00 16 80 bc 
15 00 dc 02 00 11 00 00 00 0c 02 34 00 00 00 01 00 00 00 00 16 80 bc 15 00 dd 02 00 11 00 00 00 
b7 00 46 00 00 00 01 00 00 00 00 16 80 bc 15 00 de 02 00 11 00 00 00 f3 03 46 00 00 00 01 00 00 
00 00 04 80 b3 11 00 16 80 bc 45 03 11 00 00 02 00 00 00 11 00 32 00 00 00 01 00 00 00 00 04 80 
b3 35 04 16 80 bc 45 03 35 04 00 62 00 00 00 35 04 00 00 00 00 01 00 00 00 00 04 80 b3 3d 04 16 
80 bc 45 03 3d 04 00 43 00 00 00 3d 04 00 00 00 00 01 00 00 00 00 04 80 b3 3e 04 16 80 bc 45 03 
3e 04 00 4f 01 00 00 3e 04 00 00 00 00 01 00 00 00 00 04 80 b3 3f 04 16 80 bc 45 03 3f 04 00 64 
01 00 00 3f 04 00 00 00 00 01 00 00 00 00 04 80 b3 40 04 16 80 bc 45 03 40 04 00 d5 01 00 00 40 
04 00 00 00 00 01 00 00 00 00 02 81 07 
....................1......................4......................F......................F......
..........E..........2...........5....E.5..b...5.............=....E.=..C...=.............>....E.
>..O...>.............?....E.?..d...?.............@....E.@......@.............

Client->GAME [16:51:24 07/14/09] packet size: 13 CRYPTED, Flags: 7f ServerSeq: 11 ClientSeq: 194
02 04 01 00 1f 01 06 81 08 00 00 00 00 
.............

GAME->Client [16:51:24 07/14/09] packet size: 1 CRYPTED, Flags: 7f ServerSeq: 172 ClientSeq: 2
02 
.

GAME->Client [16:51:24 07/14/09] packet size: 1 CRYPTED, Flags: 7f ServerSeq: 173 ClientSeq: 2
42 
B

GAME->Client [16:51:24 07/14/09] packet size: 5 CRYPTED, Flags: 7f ServerSeq: 174 ClientSeq: 2
c2 6e 2c d8 48 
.n,.H

Client->GAME [16:51:25 07/14/09] packet size: 1 CRYPTED, Flags: 7f ServerSeq: 14 ClientSeq: 195
02 
.

GAME->Client [16:51:25 07/14/09] packet size: 1 CRYPTED, Flags: 7f ServerSeq: 175 ClientSeq: 2
42 
B

Client->GAME [16:51:25 07/14/09] packet size: 1 CRYPTED, Flags: 7f ServerSeq: 14 ClientSeq: 196
42 
B

GAME->Client [16:51:25 07/14/09] packet size: 1 CRYPTED, Flags: 7f ServerSeq: 176 ClientSeq: 3
42 
B

GAME->Client [16:51:25 07/14/09] packet size: 1 CRYPTED, Flags: 7f ServerSeq: 177 ClientSeq: 3
42 
B

Client->GAME [16:51:25 07/14/09] packet size: 13 CRYPTED, Flags: 0 ServerSeq: 0 ClientSeq: 1
22 04 01 00 00 01 06 81 51 00 00 00 00 
".......Q....

GAME->Client [16:51:25 07/14/09] packet size: 72 CRYPTED, Flags: 1 ServerSeq: 2 ClientSeq: 1
02 04 01 00 03 01 41 81 67 17 00 27 00 1c 22 00 c6 01 11 00 00 00 00 00 00 00 37 00 00 08 0e 00 
41 66 74 65 72 57 68 6f 72 75 4e 65 6f 00 0e 00 41 66 74 65 72 57 68 6f 72 75 4e 65 6f 00 02 00 
4b 00 00 00 00 00 00 00 
......A.g..'.."...........7.....AfterWhoruNeo...AfterWhoruNeo...K.......

Client->GAME [16:51:25 07/14/09] packet size: 1 CRYPTED, Flags: 2 ServerSeq: 2 ClientSeq: 2
02 
.

GAME->Client [16:51:26 07/14/09] packet size: 140 CRYPTED, Flags: 3 ServerSeq: 3 ClientSeq: 2
02 04 01 00 00 03 6f 06 0e 00 01 00 00 00 75 2c d8 48 01 44 00 34 00 72 65 73 6f 75 72 63 65 2f 
77 6f 72 6c 64 73 2f 66 69 6e 61 6c 5f 77 6f 72 6c 64 2f 73 6c 75 6d 73 5f 62 61 72 72 65 6e 73 
5f 66 75 6c 6c 2e 6d 65 74 72 00 29 00 48 61 6c 6c 6f 77 65 65 6e 5f 45 76 65 6e 74 2c 57 69 6e 
74 65 72 33 50 6c 75 73 48 61 6c 6c 6f 77 65 65 6e 54 53 45 43 00 0a 80 e5 e7 cb c0 12 00 00 00 
00 0a 80 e4 e2 97 79 00 00 00 00 00 
......o.......u,.H.D.4.resource/worlds/final_world/slums_barrens_full.metr.).Halloween_Event,Win
ter3PlusHalloweenTSEC.................y.....

Client->GAME [16:51:26 07/14/09] packet size: 6 CRYPTED, Flags: 5 ServerSeq: 3 ClientSeq: 3
02 05 02 0c 00 00 
......

Client->GAME [16:51:26 07/14/09] packet size: 8 CRYPTED, Flags: 5 ServerSeq: 3 ClientSeq: 4
02 04 01 00 01 01 01 05 
........

GAME->Client [16:51:27 07/14/09] packet size: 255 CRYPTED, Flags: f ServerSeq: 4 ClientSeq: 4
02 03 01 00 0c 0c 00 ed cd ab 21 8b 81 ff 71 02 00 00 41 6e 64 65 72 73 6f 6e 00 00 00 00 00 00 
00 00 00 00 00 00 00 00 00 00 00 00 00 00 00 00 00 00 98 eb 93 5c 1a 54 68 6f 6d 61 73 00 00 00 
00 00 00 00 00 00 00 00 00 00 00 00 00 00 00 00 00 00 00 00 00 00 00 80 f8 28 0a 0c 00 f0 20 46 
00 00 00 01 8e 81 ff f7 00 31 5e 00 00 ce 67 00 41 66 74 65 72 57 68 6f 72 75 4e 65 6f 00 00 00 
00 00 00 00 00 00 00 00 00 00 00 00 00 00 00 00 00 00 00 c0 a9 bf e2 40 00 00 00 00 00 44 91 c0 
00 00 00 20 f3 4e bf c0 28 0a fd 64 01 00 00 67 00 75 d4 01 00 4b b1 00 00 00 00 73 1a e9 88 80 
60 04 00 02 8e 00 00 00 f7 00 9d 00 00 00 00 40 87 f0 40 00 00 00 00 00 40 5a c0 00 00 00 00 00 
d3 c3 c0 81 ff 32 22 b0 01 00 14 00 89 c2 82 61 1a 80 1c 01 11 00 00 00 67 00 02 00 00 00 00 
..........!...q...Anderson...........................\.Thomas............................(.... F
.........1^...g.AfterWhoruNeo..........................@.....D..... .N..(..d...g.u...K.....s....
`..............@..@.....@Z...........2"........a........g......

Client->GAME [16:51:28 07/14/09] packet size: 112 CRYPTED, Flags: b ServerSeq: 4 ClientSeq: 5
02 03 02 00 02 60 08 41 6e 64 65 72 73 6f 6e 06 54 68 6f 6d 61 73 00 00 04 01 00 02 08 12 80 c9 
07 00 f0 08 00 ac 8a 47 00 00 20 41 00 c0 da c5 12 80 c9 0a 00 f0 08 00 ac 8a 47 00 00 48 44 00 
30 4a c6 12 80 c9 07 00 90 30 00 64 96 47 00 00 20 41 00 c0 da c5 02 80 be 07 3f 4e 00 10 00 00 
00 08 3e 6b 00 10 00 00 00 00 02 81 48 02 0c 01 
.....`.Anderson.Thomas.................G.. A..............G..HD.0J.......0.d.G.. A........?N....
..>k........H...

GAME->Client [16:51:28 07/14/09] packet size: 700 CRYPTED, Flags: 1f ServerSeq: 5 ClientSeq: 5
82 d2 2c d8 48 04 01 00 04 1e 16 80 bc 56 00 dd 02 00 0a 95 00 00 06 04 02 00 00 00 01 00 00 00 
00 16 80 bc 56 00 de 02 00 0a 95 00 00 b4 00 11 00 00 00 01 00 00 00 00 16 80 bc 56 00 df 02 00 
0a 95 00 00 b5 00 11 00 00 00 01 00 00 00 00 16 80 bc 56 00 e0 02 00 0a 95 00 00 07 04 02 00 00 
00 01 00 00 00 00 16 80 bc 56 00 21 03 00 0a 95 00 00 06 04 02 00 00 00 00 00 00 00 00 16 80 bc 
56 00 22 03 00 0a 95 00 00 b4 00 11 00 00 00 00 00 00 00 00 16 80 bc 56 00 23 03 00 0a 95 00 00 
b5 00 11 00 00 00 00 00 00 00 00 16 80 bc 56 00 24 03 00 0a 95 00 00 07 04 02 00 00 00 00 00 00 
00 00 16 80 bc 56 00 e1 02 00 8a b2 00 00 23 04 02 00 00 00 01 00 00 00 00 16 80 bc 56 00 e2 02 
00 8a b2 00 00 21 04 01 00 00 00 01 00 00 00 00 16 80 bc 56 00 e3 02 00 8a b2 00 00 b4 00 1d 00 
00 00 01 00 00 00 00 16 80 bc 56 00 e4 02 00 8a b2 00 00 09 04 1d 00 00 00 01 00 00 00 00 16 80 
bc 56 00 e5 02 00 8a b2 00 00 9d 00 1d 00 00 00 01 00 00 00 00 16 80 bc 56 00 e6 02 00 8a b2 00 
00 06 04 01 00 00 00 01 00 00 00 00 16 80 bc 56 00 25 03 00 8a b2 00 00 23 04 02 00 00 00 00 00 
00 00 00 16 80 bc 56 00 26 03 00 8a b2 00 00 21 04 01 00 00 00 00 00 00 00 00 16 80 bc 56 00 27 
03 00 8a b2 00 00 b4 00 1d 00 00 00 00 00 00 00 00 16 80 bc 56 00 28 03 00 8a b2 00 00 09 04 1d 
00 00 00 00 00 00 00 00 16 80 bc 56 00 29 03 00 8a b2 00 00 9d 00 1d 00 00 00 00 00 00 00 00 16 
80 bc 56 00 2a 03 00 8a b2 00 00 06 04 01 00 00 00 00 00 00 00 00 16 80 bc 56 00 e7 02 00 24 b3 
00 00 89 02 02 00 00 00 01 00 00 00 00 16 80 bc 56 00 e8 02 00 24 b3 00 00 1a 04 01 00 00 00 01 
00 00 00 00 16 80 bc 56 00 e9 02 00 24 b3 00 00 b4 00 21 00 00 00 01 00 00 00 00 16 80 bc 56 00 
ea 02 00 24 b3 00 00 09 04 21 00 00 00 01 00 00 00 00 16 80 bc 56 00 eb 02 00 24 b3 00 00 15 04 
02 00 00 00 01 00 00 00 00 16 80 bc 56 00 ec 02 00 24 b3 00 00 b5 00 21 00 00 00 01 00 00 00 00 
16 80 bc 56 00 2b 03 00 24 b3 00 00 89 02 02 00 00 00 00 00 00 00 00 16 80 bc 56 00 2c 03 00 24 
b3 00 00 1a 04 01 00 00 00 00 00 00 00 00 16 80 bc 56 00 2d 03 00 24 b3 00 00 b4 00 21 00 00 00 
00 00 00 00 00 16 80 bc 56 00 2e 03 00 24 b3 00 00 09 04 21 00 00 00 00 00 00 00 00 
..,.H........V......................V......................V......................V.............
.........V.!....................V."....................V.#....................V.$...............
.....V........#.............V........!.............V......................V.....................
.V......................V......................V.%......#.............V.&......!.............V.'
....................V.(....................V.)....................V.*....................V....$.
................V....$.................V....$.....!...........V....$.....!...........V....$.....
............V....$.....!...........V.+..$.................V.,..$.................V.-..$.....!...
........V....$.....!........

Client->GAME [16:51:28 07/14/09] packet size: 1 CRYPTED, Flags: 17 ServerSeq: 5 ClientSeq: 6
02 
.

GAME->Client [16:51:28 07/14/09] packet size: 696 CRYPTED, Flags: 1f ServerSeq: 6 ClientSeq: 5
02 04 01 00 22 1e 16 80 bc 56 00 2f 03 00 24 b3 00 00 15 04 02 00 00 00 00 00 00 00 00 16 80 bc 
56 00 30 03 00 24 b3 00 00 b5 00 21 00 00 00 00 00 00 00 00 16 80 bc 56 00 ed 02 00 95 a7 00 00 
b4 00 12 00 00 00 01 00 00 00 00 16 80 bc 56 00 ee 02 00 95 a7 00 00 b5 00 12 00 00 00 01 00 00 
00 00 16 80 bc 56 00 ef 02 00 95 a7 00 00 09 04 12 00 00 00 01 00 00 00 00 16 80 bc 56 00 f0 02 
00 95 a7 00 00 70 00 0f 00 00 00 01 00 00 00 00 16 80 bc 56 00 31 03 00 95 a7 00 00 b4 00 12 00 
00 00 00 00 00 00 00 16 80 bc 56 00 32 03 00 95 a7 00 00 b5 00 12 00 00 00 00 00 00 00 00 16 80 
bc 56 00 33 03 00 95 a7 00 00 09 04 12 00 00 00 00 00 00 00 00 16 80 bc 56 00 34 03 00 95 a7 00 
00 70 00 0f 00 00 00 00 00 00 00 00 16 80 bc 56 00 f1 02 00 2c b3 00 00 17 04 01 00 00 00 01 00 
00 00 00 16 80 bc 56 00 f2 02 00 2c b3 00 00 b4 00 21 00 00 00 01 00 00 00 00 16 80 bc 56 00 f3 
02 00 2c b3 00 00 09 04 21 00 00 00 01 00 00 00 00 16 80 bc 56 00 f4 02 00 2c b3 00 00 12 04 02 
00 00 00 01 00 00 00 00 16 80 bc 56 00 f5 02 00 2c b3 00 00 07 04 02 00 00 00 01 00 00 00 00 16 
80 bc 56 00 f6 02 00 2c b3 00 00 b5 00 21 00 00 00 01 00 00 00 00 16 80 bc 56 00 35 03 00 2c b3 
00 00 17 04 01 00 00 00 00 00 00 00 00 16 80 bc 56 00 36 03 00 2c b3 00 00 b4 00 21 00 00 00 00 
00 00 00 00 16 80 bc 56 00 37 03 00 2c b3 00 00 09 04 21 00 00 00 00 00 00 00 00 16 80 bc 56 00 
38 03 00 2c b3 00 00 12 04 02 00 00 00 00 00 00 00 00 16 80 bc 56 00 39 03 00 2c b3 00 00 07 04 
02 00 00 00 00 00 00 00 00 16 80 bc 56 00 3a 03 00 2c b3 00 00 b5 00 21 00 00 00 00 00 00 00 00 
16 80 bc 56 00 f7 02 00 c3 b2 00 00 89 02 02 00 00 00 01 00 00 00 00 16 80 bc 56 00 f8 02 00 c3 
b2 00 00 21 04 02 00 00 00 01 00 00 00 00 16 80 bc 56 00 f9 02 00 c3 b2 00 00 b4 00 1f 00 00 00 
01 00 00 00 00 16 80 bc 56 00 fa 02 00 c3 b2 00 00 09 04 1f 00 00 00 01 00 00 00 00 16 80 bc 56 
00 fb 02 00 c3 b2 00 00 1e 04 01 00 00 00 01 00 00 00 00 16 80 bc 56 00 fc 02 00 c3 b2 00 00 9d 
00 1f 00 00 00 01 00 00 00 00 16 80 bc 56 00 3b 03 00 c3 b2 00 00 89 02 02 00 00 00 00 00 00 00 
00 16 80 bc 56 00 3c 03 00 c3 b2 00 00 21 04 02 00 00 00 00 00 00 00 00 
...."....V./..$.................V.0..$.....!...........V......................V.................
.....V......................V........p.............V.1....................V.2...................
.V.3....................V.4......p.............V....,.................V....,.....!...........V..
..,.....!...........V....,.................V....,.................V....,.....!...........V.5..,.
................V.6..,.....!...........V.7..,.....!...........V.8..,.................V.9..,.....
............V.:..,.....!...........V......................V........!.............V..............
........V......................V......................V......................V.;................
....V.<......!..........

Client->GAME [16:51:28 07/14/09] packet size: 1 CRYPTED, Flags: 2f ServerSeq: 6 ClientSeq: 7
02 
.

GAME->Client [16:51:28 07/14/09] packet size: 700 CRYPTED, Flags: 1f ServerSeq: 7 ClientSeq: 5
02 04 02 00 40 03 16 80 bc 56 00 3d 03 00 c3 b2 00 00 b4 00 1f 00 00 00 00 00 00 00 00 16 80 bc 
56 00 3e 03 00 c3 b2 00 00 09 04 1f 00 00 00 00 00 00 00 00 16 80 bc 56 00 3f 03 00 c3 b2 00 00 
1e 04 01 00 00 00 00 00 00 00 00 00 43 1c 16 80 bc 56 00 40 03 00 c3 b2 00 00 9d 00 1f 00 00 00 
00 00 00 00 00 16 80 bc 15 00 18 03 00 11 00 00 00 ab 00 0d 00 00 00 01 00 00 00 00 16 80 bc 15 
00 19 03 00 11 00 00 00 0a 02 4d 00 00 00 01 00 00 00 00 16 80 bc 15 00 1a 03 00 11 00 00 00 f2 
03 34 00 00 00 01 00 00 00 00 16 80 bc 15 00 1b 03 00 11 00 00 00 ed 03 4d 00 00 00 01 00 00 00 
00 16 80 bc 15 00 1c 03 00 11 00 00 00 9f 00 19 00 00 00 01 00 00 00 00 16 80 bc 15 00 1d 03 00 
11 00 00 00 f1 03 34 00 00 00 01 00 00 00 00 16 80 bc 15 00 1e 03 00 11 00 00 00 0c 02 34 00 00 
00 01 00 00 00 00 16 80 bc 15 00 1f 03 00 11 00 00 00 b7 00 4d 00 00 00 01 00 00 00 00 16 80 bc 
15 00 20 03 00 11 00 00 00 f3 03 46 00 00 00 01 00 00 00 00 0b 80 bd 05 11 00 00 00 00 00 00 00 
16 80 bc 15 00 41 03 00 11 00 00 00 ab 00 0d 00 00 00 00 00 00 00 00 16 80 bc 15 00 42 03 00 11 
00 00 00 0a 02 4d 00 00 00 00 00 00 00 00 16 80 bc 15 00 43 03 00 11 00 00 00 f2 03 34 00 00 00 
00 00 00 00 00 16 80 bc 15 00 44 03 00 11 00 00 00 ed 03 4d 00 00 00 00 00 00 00 00 16 80 bc 15 
00 45 03 00 11 00 00 00 9f 00 19 00 00 00 00 00 00 00 00 16 80 bc 15 00 46 03 00 11 00 00 00 f1 
03 34 00 00 00 00 00 00 00 00 16 80 bc 15 00 47 03 00 11 00 00 00 0c 02 34 00 00 00 00 00 00 00 
00 16 80 bc 15 00 48 03 00 11 00 00 00 b7 00 4d 00 00 00 00 00 00 00 00 16 80 bc 15 00 49 03 00 
11 00 00 00 f3 03 46 00 00 00 00 00 00 00 00 0b 80 bd 05 11 00 00 00 00 00 00 01 16 80 bc 15 00 
41 03 00 11 00 00 00 ab 00 0d 00 00 00 01 00 00 00 00 16 80 bc 15 00 42 03 00 11 00 00 00 0a 02 
4d 00 00 00 01 00 00 00 00 16 80 bc 15 00 43 03 00 11 00 00 00 f2 03 34 00 00 00 01 00 00 00 00 
16 80 bc 15 00 44 03 00 11 00 00 00 ed 03 4d 00 00 00 01 00 00 00 00 16 80 bc 15 00 45 03 00 11 
00 00 00 9f 00 19 00 00 00 01 00 00 00 00 16 80 bc 15 00 46 03 00 11 00 00 00 f1 03 34 00 00 00 
01 00 00 00 00 16 80 bc 15 00 47 03 00 11 00 00 00 0c 02 34 00 00 00 01 00 00 00 00 
....@....V.=....................V.>....................V.?..................C....V.@............
..........................................M......................4......................M.......
......................................4......................4......................M...........
.. ........F.........................A......................B........M.............C........4...
..........D........M.............E......................F........4.............G........4.......
......H........M.............I........F.........................A......................B........
M.............C........4.............D........M.............E......................F........4...
..........G........4........

Client->GAME [16:51:28 07/14/09] packet size: 1 CRYPTED, Flags: 5f ServerSeq: 7 ClientSeq: 8
02 
.

GAME->Client [16:51:28 07/14/09] packet size: 701 CRYPTED, Flags: 7f ServerSeq: 8 ClientSeq: 7
02 04 01 00 5f 21 16 80 bc 15 00 48 03 00 11 00 00 00 b7 00 4d 00 00 00 01 00 00 00 00 16 80 bc 
15 00 49 03 00 11 00 00 00 f3 03 46 00 00 00 01 00 00 00 00 04 80 b3 11 00 16 80 bc 45 03 11 00 
00 02 00 00 00 11 00 32 00 00 00 01 00 00 00 00 16 80 bc 55 00 fd 02 00 02 00 00 00 cc 00 0c 00 
00 00 01 00 00 00 00 08 80 b2 11 00 32 00 08 02 16 80 bc 45 03 11 00 00 02 00 00 00 11 00 32 00 
00 00 00 00 00 00 00 16 80 bc 55 00 4a 03 00 02 00 00 00 cc 00 0c 00 00 00 00 00 00 00 00 16 80 
bc 15 00 4b 03 00 11 00 00 00 ab 00 0d 00 00 00 00 00 00 00 00 16 80 bc 15 00 4c 03 00 11 00 00 
00 0a 02 4d 00 00 00 00 00 00 00 00 16 80 bc 15 00 4d 03 00 11 00 00 00 f2 03 34 00 00 00 00 00 
00 00 00 16 80 bc 15 00 4e 03 00 11 00 00 00 ed 03 4d 00 00 00 00 00 00 00 00 16 80 bc 15 00 4f 
03 00 11 00 00 00 9f 00 19 00 00 00 00 00 00 00 00 16 80 bc 15 00 50 03 00 11 00 00 00 f1 03 34 
00 00 00 00 00 00 00 00 16 80 bc 15 00 51 03 00 11 00 00 00 0c 02 34 00 00 00 00 00 00 00 00 16 
80 bc 15 00 52 03 00 11 00 00 00 b7 00 4d 00 00 00 00 00 00 00 00 16 80 bc 15 00 53 03 00 11 00 
00 00 f3 03 46 00 00 00 00 00 00 00 00 16 80 bc 55 00 fe 02 00 0b 00 00 00 37 02 96 00 00 00 01 
00 00 00 00 16 80 bc 55 00 54 03 00 0b 00 00 00 37 02 96 00 00 00 00 00 00 00 00 16 80 bc 55 00 
ff 02 00 2d 00 00 00 23 04 0a 00 00 00 01 00 00 00 00 16 80 bc 55 00 00 03 00 2d 00 00 00 20 04 
0a 00 00 00 01 00 00 00 00 16 80 bc 55 00 01 03 00 2d 00 00 00 19 04 05 00 00 00 01 00 00 00 00 
16 80 bc 55 00 02 03 00 2d 00 00 00 42 04 05 00 00 00 01 00 00 00 00 16 80 bc 55 00 55 03 00 2d 
00 00 00 23 04 0a 00 00 00 00 00 00 00 00 16 80 bc 55 00 56 03 00 2d 00 00 00 20 04 0a 00 00 00 
00 00 00 00 00 16 80 bc 55 00 57 03 00 2d 00 00 00 19 04 05 00 00 00 00 00 00 00 00 16 80 bc 55 
00 58 03 00 2d 00 00 00 42 04 05 00 00 00 00 00 00 00 00 16 80 bc 55 00 03 03 00 34 00 00 00 83 
02 c8 00 00 00 01 00 00 00 00 16 80 bc 55 00 59 03 00 34 00 00 00 83 02 c8 00 00 00 00 00 00 00 
00 04 80 b3 3d 04 16 80 bc 45 03 3d 04 00 43 00 00 00 3d 04 00 00 00 00 01 00 00 00 00 08 80 b2 
3d 04 00 00 08 02 16 80 bc 45 03 3d 04 00 43 00 00 00 3d 04 00 00 00 00 00 00 00 00 00 
...._!.....H........M.............I........F................E..........2...........U............
............2......E..........2...........U.J......................K......................L.....
...M.............M........4.............N........M.............O......................P........4
.............Q........4.............R........M.............S........F...........U........7......
.......U.T......7.............U....-...#.............U....-... .............U....-..............
...U....-...B.............U.U..-...#.............U.V..-... .............U.W..-.................U
.X..-...B.............U....4.................U.Y..4.................=....E.=..C...=.............
=........E.=..C...=..........

Client->GAME [16:51:28 07/14/09] packet size: 1 CRYPTED, Flags: 3f ServerSeq: 8 ClientSeq: 9
02 
.

GAME->Client [16:51:28 07/14/09] packet size: 695 CRYPTED, Flags: 7f ServerSeq: 9 ClientSeq: 8
02 04 02 00 80 06 16 80 bc 55 00 04 03 00 4b 00 00 00 1f 04 19 00 00 00 01 00 00 00 00 16 80 bc 
55 00 5a 03 00 4b 00 00 00 1f 04 19 00 00 00 00 00 00 00 00 16 80 bc 55 00 05 03 00 5f 00 00 00 
7c 04 0f 00 00 00 01 00 00 00 00 16 80 bc 55 00 06 03 00 5f 00 00 00 07 04 0f 00 00 00 01 00 00 
00 00 16 80 bc 55 00 5b 03 00 5f 00 00 00 7c 04 0f 00 00 00 00 00 00 00 00 16 80 bc 55 00 5c 03 
00 5f 00 00 00 07 04 0f 00 00 00 00 00 00 00 00 00 86 1c 16 80 bc 55 00 07 03 00 62 00 00 00 06 
04 01 00 00 00 01 00 00 00 00 04 80 b3 35 04 16 80 bc 45 03 35 04 00 62 00 00 00 35 04 00 00 00 
00 01 00 00 00 00 16 80 bc 55 00 08 03 00 62 00 00 00 15 04 01 00 00 00 01 00 00 00 00 16 80 bc 
55 00 5d 03 00 62 00 00 00 06 04 01 00 00 00 00 00 00 00 00 08 80 b2 35 04 00 00 08 02 16 80 bc 
45 03 35 04 00 62 00 00 00 35 04 00 00 00 00 00 00 00 00 00 16 80 bc 55 00 5e 03 00 62 00 00 00 
15 04 01 00 00 00 00 00 00 00 00 04 80 b3 3e 04 16 80 bc 45 03 3e 04 00 4f 01 00 00 3e 04 00 00 
00 00 01 00 00 00 00 08 80 b2 3e 04 00 00 08 02 16 80 bc 45 03 3e 04 00 4f 01 00 00 3e 04 00 00 
00 00 00 00 00 00 00 16 80 bc 55 00 09 03 00 5a 01 00 00 07 04 05 00 00 00 01 00 00 00 00 16 80 
bc 55 00 0a 03 00 5a 01 00 00 1d 04 0f 00 00 00 01 00 00 00 00 16 80 bc 55 00 5f 03 00 5a 01 00 
00 07 04 05 00 00 00 00 00 00 00 00 16 80 bc 55 00 60 03 00 5a 01 00 00 1d 04 0f 00 00 00 00 00 
00 00 00 04 80 b3 3f 04 16 80 bc 45 03 3f 04 00 64 01 00 00 3f 04 00 00 00 00 01 00 00 00 00 16 
80 bc 55 00 0b 03 00 64 01 00 00 1f 04 05 00 00 00 01 00 00 00 00 08 80 b2 3f 04 00 00 08 02 16 
80 bc 45 03 3f 04 00 64 01 00 00 3f 04 00 00 00 00 00 00 00 00 00 16 80 bc 55 00 61 03 00 64 01 
00 00 1f 04 05 00 00 00 00 00 00 00 00 16 80 bc 55 00 0c 03 00 66 01 00 00 7b 04 05 00 00 00 01 
00 00 00 00 16 80 bc 55 00 0d 03 00 66 01 00 00 12 04 0a 00 00 00 01 00 00 00 00 16 80 bc 55 00 
0e 03 00 66 01 00 00 06 04 0b 00 00 00 01 00 00 00 00 16 80 bc 55 00 62 03 00 66 01 00 00 7b 04 
05 00 00 00 00 00 00 00 00 16 80 bc 55 00 63 03 00 66 01 00 00 12 04 0a 00 00 00 00 00 00 00 00 
16 80 bc 55 00 64 03 00 66 01 00 00 06 04 0b 00 00 00 00 00 00 00 00 
.........U....K.................U.Z..K.................U...._...|.............U...._............
.....U.[.._...|.............U.\.._....................U....b.................5....E.5..b...5....
.........U....b.................U.]..b.................5........E.5..b...5.............U.^..b...
..............>....E.>..O...>.............>........E.>..O...>.............U....Z................
.U....Z.................U._..Z.................U.`..Z.................?....E.?..d...?...........
..U....d.................?........E.?..d...?.............U.a..d.................U....f...{......
.......U....f.................U....f.................U.b..f...{.............U.c..f..............
...U.d..f..............

Client->GAME [16:51:28 07/14/09] packet size: 1 CRYPTED, Flags: 7f ServerSeq: 9 ClientSeq: 10
02 
.

GAME->Client [16:51:28 07/14/09] packet size: 699 CRYPTED, Flags: 7f ServerSeq: 10 ClientSeq: 9
02 04 01 00 a2 20 16 80 bc 55 00 0f 03 00 8e 01 00 00 03 04 05 00 00 00 01 00 00 00 00 16 80 bc 
55 00 10 03 00 8e 01 00 00 12 04 0f 00 00 00 01 00 00 00 00 16 80 bc 55 00 11 03 00 8e 01 00 00 
77 04 05 00 00 00 01 00 00 00 00 16 80 bc 55 00 65 03 00 8e 01 00 00 03 04 05 00 00 00 00 00 00 
00 00 16 80 bc 55 00 66 03 00 8e 01 00 00 12 04 0f 00 00 00 00 00 00 00 00 16 80 bc 55 00 67 03 
00 8e 01 00 00 77 04 05 00 00 00 00 00 00 00 00 16 80 bc 55 00 12 03 00 cd 01 00 00 e5 03 05 00 
00 00 01 00 00 00 00 16 80 bc 55 00 13 03 00 cd 01 00 00 73 04 05 00 00 00 01 00 00 00 00 16 80 
bc 55 00 14 03 00 cd 01 00 00 e3 03 0f 00 00 00 01 00 00 00 00 16 80 bc 55 00 68 03 00 cd 01 00 
00 e5 03 05 00 00 00 00 00 00 00 00 16 80 bc 55 00 69 03 00 cd 01 00 00 73 04 05 00 00 00 00 00 
00 00 00 16 80 bc 55 00 6a 03 00 cd 01 00 00 e3 03 0f 00 00 00 00 00 00 00 00 04 80 b3 40 04 16 
80 bc 45 03 40 04 00 d5 01 00 00 40 04 00 00 00 00 01 00 00 00 00 16 80 bc 55 00 15 03 00 d5 01 
00 00 e3 03 05 00 00 00 01 00 00 00 00 08 80 b2 40 04 00 00 08 02 16 80 bc 45 03 40 04 00 d5 01 
00 00 40 04 00 00 00 00 00 00 00 00 00 16 80 bc 55 00 6b 03 00 d5 01 00 00 e3 03 05 00 00 00 00 
00 00 00 00 16 80 bc 55 00 16 03 00 36 02 00 00 37 02 0a 00 00 00 01 00 00 00 00 16 80 bc 55 00 
6c 03 00 36 02 00 00 37 02 0a 00 00 00 00 00 00 00 00 16 80 bc 55 00 17 03 00 74 02 00 00 34 02 
1e 00 00 00 01 00 00 00 00 16 80 bc 55 00 6d 03 00 74 02 00 00 34 02 1e 00 00 00 00 00 00 00 00 
16 80 bc 15 00 4b 03 00 11 00 00 00 ab 00 0d 00 00 00 01 00 00 00 00 16 80 bc 15 00 4c 03 00 11 
00 00 00 0a 02 4d 00 00 00 01 00 00 00 00 16 80 bc 15 00 4d 03 00 11 00 00 00 f2 03 34 00 00 00 
01 00 00 00 00 16 80 bc 15 00 4e 03 00 11 00 00 00 ed 03 4d 00 00 00 01 00 00 00 00 16 80 bc 15 
00 4f 03 00 11 00 00 00 9f 00 19 00 00 00 01 00 00 00 00 16 80 bc 15 00 50 03 00 11 00 00 00 f1 
03 34 00 00 00 01 00 00 00 00 16 80 bc 15 00 51 03 00 11 00 00 00 0c 02 34 00 00 00 01 00 00 00 
00 16 80 bc 15 00 52 03 00 11 00 00 00 b7 00 4d 00 00 00 01 00 00 00 00 16 80 bc 15 00 53 03 00 
11 00 00 00 f3 03 46 00 00 00 01 00 00 00 00 0b 80 bd 05 11 00 00 00 00 00 00 00 
..... ...U......................U......................U........w.............U.e...............
.....U.f....................U.g......w.............U......................U........s............
.U......................U.h....................U.i......s.............U.j....................@..
..E.@......@.............U......................@........E.@......@.............U.k.............
.......U....6...7.............U.l..6...7.............U....t...4.............U.m..t...4..........
.....K......................L........M.............M........4.............N........M............
.O......................P........4.............Q........4.............R........M.............S..
......F....................

Client->GAME [16:51:28 07/14/09] packet size: 1 CRYPTED, Flags: 7f ServerSeq: 10 ClientSeq: 11
02 
.

GAME->Client [16:51:29 07/14/09] packet size: 715 CRYPTED, Flags: 7f ServerSeq: 11 ClientSeq: 9
02 04 02 00 c2 0a 16 80 bc 15 00 6e 03 00 11 00 00 00 ab 00 0d 00 00 00 00 00 00 00 00 16 80 bc 
15 00 6f 03 00 11 00 00 00 0a 02 4d 00 00 00 00 00 00 00 00 16 80 bc 15 00 70 03 00 11 00 00 00 
f2 03 34 00 00 00 00 00 00 00 00 16 80 bc 15 00 71 03 00 11 00 00 00 ed 03 4d 00 00 00 00 00 00 
00 00 16 80 bc 15 00 72 03 00 11 00 00 00 9f 00 19 00 00 00 00 00 00 00 00 16 80 bc 15 00 73 03 
00 11 00 00 00 f1 03 34 00 00 00 00 00 00 00 00 16 80 bc 15 00 74 03 00 11 00 00 00 0c 02 34 00 
00 00 00 00 00 00 00 16 80 bc 15 00 75 03 00 11 00 00 00 b7 00 4d 00 00 00 00 00 00 00 00 16 80 
bc 15 00 76 03 00 11 00 00 00 f3 03 46 00 00 00 00 00 00 00 00 0b 80 bd 05 11 00 00 00 00 00 00 
01 00 cc 11 17 3a 05 00 11 00 0a 00 50 76 50 53 65 72 76 65 72 00 04 00 06 00 00 00 1d 3a 05 00 
17 00 10 00 50 76 50 4d 61 78 53 61 66 65 4c 65 76 65 6c 00 04 00 0f 00 00 00 3f 3a 05 00 14 00 
0d 00 57 52 5f 52 65 7a 45 76 65 6e 74 73 00 29 00 48 61 6c 6c 6f 77 65 65 6e 5f 45 76 65 6e 74 
2c 57 69 6e 74 65 72 33 50 6c 75 73 48 61 6c 6c 6f 77 65 65 6e 54 53 45 43 00 1b 3a 05 00 19 00 
12 00 45 76 65 6e 74 53 6c 6f 74 31 5f 45 66 66 65 63 74 00 00 00 28 3a 05 00 19 00 12 00 45 76 
65 6e 74 53 6c 6f 74 32 5f 45 66 66 65 63 74 00 0d 00 66 6c 79 6d 61 6e 5f 69 64 6c 65 33 00 25 
3a 05 00 19 00 12 00 45 76 65 6e 74 53 6c 6f 74 33 5f 45 66 66 65 63 74 00 0a 00 66 6c 79 5f 76 
69 72 75 73 00 1f 3a 05 00 1b 00 14 00 46 69 78 65 64 42 69 6e 6b 49 44 4f 76 65 72 72 69 64 65 
00 02 00 20 00 16 80 bc 15 00 d6 02 00 f7 03 00 00 08 02 00 00 00 00 00 00 00 00 00 16 80 bc 15 
00 d7 02 00 f7 03 00 00 07 02 ec ff ff ff 00 00 00 00 00 16 80 bc 15 00 d8 02 00 f7 03 00 00 50 
04 00 00 00 00 00 00 00 00 00 16 80 bc 15 00 d9 02 00 f7 03 00 00 f4 03 00 00 00 00 00 00 00 00 
00 16 80 bc 15 00 da 02 00 f7 03 00 00 51 04 f6 ff ff ff 00 00 00 00 00 16 80 bc 15 00 db 02 00 
f7 03 00 00 52 04 0f 00 00 00 00 00 00 00 00 16 80 bc 11 00 dc 02 00 00 00 00 00 cb 02 00 00 00 
00 00 00 00 00 00 16 80 bc 56 00 21 03 00 0a 95 00 00 06 04 02 00 00 00 00 00 00 00 00 16 80 bc 
56 00 22 03 00 0a 95 00 00 b4 00 11 00 00 00 00 00 00 00 00 16 80 bc 56 00 23 03 00 0a 95 00 00 
b5 00 11 00 00 00 00 00 00 00 00 
...........n......................o........M.............p........4.............q........M......
.......r......................s........4.............t........4.............u........M..........
...v........F........................:......PvPServer........:......PvPMaxSafeLevel.......?:....
..WR_RezEvents.).Halloween_Event,Winter3PlusHalloweenTSEC..:......EventSlot1_Effect...(:......Ev
entSlot2_Effect...flyman_idle3.%:......EventSlot3_Effect...fly_virus..:......FixedBinkIDOverride
... ...........................................................P................................
.............Q......................R....................................V.!....................
V."....................V.#.................

Client->GAME [16:51:29 07/14/09] packet size: 1 CRYPTED, Flags: 7f ServerSeq: 11 ClientSeq: 12
02 
.

GAME->Client [16:51:29 07/14/09] packet size: 696 CRYPTED, Flags: 7f ServerSeq: 12 ClientSeq: 11
02 04 01 00 dd 1e 16 80 bc 56 00 24 03 00 0a 95 00 00 07 04 02 00 00 00 00 00 00 00 00 16 80 bc 
56 00 25 03 00 8a b2 00 00 23 04 02 00 00 00 00 00 00 00 00 16 80 bc 56 00 26 03 00 8a b2 00 00 
21 04 01 00 00 00 00 00 00 00 00 16 80 bc 56 00 27 03 00 8a b2 00 00 b4 00 1d 00 00 00 00 00 00 
00 00 16 80 bc 56 00 28 03 00 8a b2 00 00 09 04 1d 00 00 00 00 00 00 00 00 16 80 bc 56 00 29 03 
00 8a b2 00 00 9d 00 1d 00 00 00 00 00 00 00 00 16 80 bc 56 00 2a 03 00 8a b2 00 00 06 04 01 00 
00 00 00 00 00 00 00 16 80 bc 56 00 2b 03 00 24 b3 00 00 89 02 02 00 00 00 00 00 00 00 00 16 80 
bc 56 00 2c 03 00 24 b3 00 00 1a 04 01 00 00 00 00 00 00 00 00 16 80 bc 56 00 2d 03 00 24 b3 00 
00 b4 00 21 00 00 00 00 00 00 00 00 16 80 bc 56 00 2e 03 00 24 b3 00 00 09 04 21 00 00 00 00 00 
00 00 00 16 80 bc 56 00 2f 03 00 24 b3 00 00 15 04 02 00 00 00 00 00 00 00 00 16 80 bc 56 00 30 
03 00 24 b3 00 00 b5 00 21 00 00 00 00 00 00 00 00 16 80 bc 56 00 31 03 00 95 a7 00 00 b4 00 12 
00 00 00 00 00 00 00 00 16 80 bc 56 00 32 03 00 95 a7 00 00 b5 00 12 00 00 00 00 00 00 00 00 16 
80 bc 56 00 33 03 00 95 a7 00 00 09 04 12 00 00 00 00 00 00 00 00 16 80 bc 56 00 34 03 00 95 a7 
00 00 70 00 0f 00 00 00 00 00 00 00 00 16 80 bc 56 00 35 03 00 2c b3 00 00 17 04 01 00 00 00 00 
00 00 00 00 16 80 bc 56 00 36 03 00 2c b3 00 00 b4 00 21 00 00 00 00 00 00 00 00 16 80 bc 56 00 
37 03 00 2c b3 00 00 09 04 21 00 00 00 00 00 00 00 00 16 80 bc 56 00 38 03 00 2c b3 00 00 12 04 
02 00 00 00 00 00 00 00 00 16 80 bc 56 00 39 03 00 2c b3 00 00 07 04 02 00 00 00 00 00 00 00 00 
16 80 bc 56 00 3a 03 00 2c b3 00 00 b5 00 21 00 00 00 00 00 00 00 00 16 80 bc 56 00 3b 03 00 c3 
b2 00 00 89 02 02 00 00 00 00 00 00 00 00 16 80 bc 56 00 3c 03 00 c3 b2 00 00 21 04 02 00 00 00 
00 00 00 00 00 16 80 bc 56 00 3d 03 00 c3 b2 00 00 b4 00 1f 00 00 00 00 00 00 00 00 16 80 bc 56 
00 3e 03 00 c3 b2 00 00 09 04 1f 00 00 00 00 00 00 00 00 16 80 bc 56 00 3f 03 00 c3 b2 00 00 1e 
04 01 00 00 00 00 00 00 00 00 16 80 bc 56 00 40 03 00 c3 b2 00 00 9d 00 1f 00 00 00 00 00 00 00 
00 16 80 bc 55 00 4a 03 00 02 00 00 00 cc 00 0c 00 00 00 00 00 00 00 00 
.........V.$....................V.%......#.............V.&......!.............V.'...............
.....V.(....................V.)....................V.*....................V.+..$................
.V.,..$.................V.-..$.....!...........V....$.....!...........V./..$.................V.0
..$.....!...........V.1....................V.2....................V.3....................V.4....
..p.............V.5..,.................V.6..,.....!...........V.7..,.....!...........V.8..,.....
............V.9..,.................V.:..,.....!...........V.;....................V.<......!.....
........V.=....................V.>....................V.?....................V.@................
....U.J.................

GAME->Client [16:51:29 07/14/09] packet size: 722 CRYPTED, Flags: 7f ServerSeq: 13 ClientSeq: 12
02 03 01 00 0c 57 02 f5 cd ab 13 8e 42 65 6c 6c 20 4d 61 64 6f 6e 6e 61 00 00 00 00 00 00 00 00 
00 00 00 00 00 00 00 00 00 00 00 00 00 10 00 00 22 d4 25 7c 1c 00 c6 01 90 e8 03 00 00 c1 b0 01 
00 58 00 00 00 60 60 e8 f0 40 00 00 00 00 00 40 5a c0 00 00 00 40 61 f0 b6 c0 c0 01 8b 04 02 16 
a8 06 2c 01 b2 09 2c 01 42 21 00 00 80 02 01 23 00 00 01 00 08 d0 20 06 00 c0 08 4c cd ab 08 fd 
00 00 00 00 60 44 f0 40 00 00 00 00 00 40 58 c0 00 00 00 00 00 e7 c8 c0 53 74 61 6c 6b 65 72 00 
00 00 00 00 00 00 00 00 00 00 00 00 00 00 00 00 00 00 00 00 00 00 00 00 00 00 00 00 00 00 00 00 
00 00 00 00 00 00 00 00 00 00 00 00 00 00 00 00 00 00 00 00 00 00 00 00 02 00 00 3a 00 a4 0a 00 
58 00 00 03 00 00 00 00 00 f2 04 35 bf 00 00 00 00 f3 04 35 3f 21 00 00 01 00 0c 57 02 f6 cd ab 
11 8e 43 72 6f 73 73 62 6f 6e 65 73 20 42 75 6d 62 6f 6f 00 00 00 00 00 00 00 00 00 00 00 00 00 
00 00 00 10 00 00 22 d4 f6 b4 1c 00 c6 01 80 c1 56 03 00 08 00 00 00 60 33 ca f1 40 00 00 00 00 
00 c0 57 40 00 00 00 60 6f 46 c3 c0 c0 01 83 05 03 a8 07 e1 00 b2 09 e1 00 07 08 00 00 80 02 01 
1f 00 00 01 00 0c 57 02 f7 cd ab 11 8e 43 72 6f 73 73 62 6f 6e 65 73 20 54 61 72 00 00 00 00 00 
00 00 00 00 00 00 00 00 00 00 00 00 00 00 10 00 00 22 d4 0a b5 1c 00 c6 01 80 c1 59 03 00 08 00 
00 00 40 26 f0 f1 40 00 00 00 00 00 c0 57 40 00 00 00 40 4a ae c5 c0 c0 01 83 04 02 a8 07 51 01 
b2 09 51 01 07 08 00 00 80 02 01 1d 00 00 00 00 04 01 00 fb 0b 16 80 bc 55 00 54 03 00 0b 00 00 
00 37 02 96 00 00 00 00 00 00 00 00 16 80 bc 55 00 55 03 00 2d 00 00 00 23 04 0a 00 00 00 00 00 
00 00 00 16 80 bc 55 00 56 03 00 2d 00 00 00 20 04 0a 00 00 00 00 00 00 00 00 16 80 bc 55 00 57 
03 00 2d 00 00 00 19 04 05 00 00 00 00 00 00 00 00 16 80 bc 55 00 58 03 00 2d 00 00 00 42 04 05 
00 00 00 00 00 00 00 00 16 80 bc 55 00 59 03 00 34 00 00 00 83 02 c8 00 00 00 00 00 00 00 00 16 
80 bc 55 00 5a 03 00 4b 00 00 00 1f 04 19 00 00 00 00 00 00 00 00 16 80 bc 55 00 5b 03 00 5f 00 
00 00 7c 04 0f 00 00 00 00 00 00 00 00 16 80 bc 55 00 5c 03 00 5f 00 00 00 07 04 0f 00 00 00 00 
00 00 00 00 16 80 bc 55 00 5d 03 00 62 00 00 00 06 04 01 00 00 00 00 00 00 00 00 16 80 bc 55 00 
5e 03 00 62 00 00 00 15 04 01 00 00 00 00 00 00 00 00 
.....W......Bell Madonna........................".%|.............X...``..@.....@Z....@a.........
..,...,.B!.....#...... ....L........`D.@.....@X.........Stalker.................................
...........................:....X..........5.......5?!.....W......Crossbones Bumboo.............
......".........V......`3..@......W@...`oF............................W......Crossbones Tar.....
.................".........Y......@&..@......W@...@J..........Q...Q.....................U.T.....
.7.............U.U..-...#.............U.V..-... .............U.W..-.................U.X..-...B..
...........U.Y..4.................U.Z..K.................U.[.._...|.............U.\.._..........
.......U.]..b.................U.^..b..............

Client->GAME [16:51:29 07/14/09] packet size: 1 CRYPTED, Flags: 7f ServerSeq: 13 ClientSeq: 14
02 
.

Client->GAME [16:51:29 07/14/09] packet size: 25 CRYPTED, Flags: 7f ServerSeq: 13 ClientSeq: 15
02 04 01 00 0a 01 12 80 c9 07 00 b0 5c 00 38 47 47 00 00 20 41 00 10 a4 c6 
............\.8GG.. A....

GAME->Client [16:51:29 07/14/09] packet size: 718 CRYPTED, Flags: 7f ServerSeq: 14 ClientSeq: 13
82 f6 2c d8 48 03 01 00 02 13 00 23 00 02 0c 30 03 43 87 47 00 00 d2 c2 0a 83 b7 c5 01 00 02 13 
00 1f 00 02 0c eb 9b 51 8e 47 00 00 be 42 7b 33 1a c6 01 00 02 13 00 1d 00 02 0c 15 32 81 8f 47 
00 00 be 42 52 72 2d c6 01 00 08 d0 20 07 00 c0 08 0b cd ab 07 fd 00 00 00 00 a0 4f ef 40 00 00 
00 00 00 c0 58 c0 00 00 00 00 00 8a c6 c0 53 74 65 65 6c 65 00 00 00 00 00 00 00 00 00 00 00 00 
00 00 00 00 00 00 00 00 00 00 00 00 00 00 00 00 00 00 00 00 00 00 00 00 00 00 00 00 00 00 00 00 
00 00 00 00 00 00 00 00 00 00 00 00 00 00 02 00 00 3a 00 a5 0a 00 58 00 00 01 00 1b 00 00 01 00 
08 a1 01 98 00 a0 2d 5c cd ab 03 88 00 00 00 00 f3 04 35 bf 00 00 00 00 f3 04 35 3f 22 00 00 00 
00 80 8d f0 40 00 00 00 00 00 90 75 40 00 00 00 00 00 f2 c2 c0 ff ff ff ff 19 00 00 01 00 08 d0 
20 08 00 c0 08 54 cd ab 07 fd 00 00 00 00 c0 e9 ee 40 00 00 00 00 00 40 59 c0 00 00 00 00 80 4d 
c9 c0 4b 6e 75 63 6b 6c 65 73 00 00 00 00 00 00 00 00 00 00 00 00 00 00 00 00 00 00 00 00 00 00 
00 00 00 00 00 00 00 00 00 00 00 00 00 00 00 00 00 00 00 00 00 00 00 00 00 00 00 00 00 00 00 00 
00 00 02 00 00 3a 00 a6 0a 00 58 00 00 01 00 17 00 00 01 00 0c 57 02 f8 cd ab 12 8e 42 65 6c 6c 
20 4a 61 6e 65 74 00 00 00 00 00 00 00 00 00 00 00 00 00 00 00 00 00 00 00 00 00 00 00 10 00 00 
22 d4 08 7b 1c 00 c6 01 80 d1 ac 01 00 58 0a 00 00 00 d6 a4 ed f0 40 00 00 00 00 00 40 5a c0 00 
00 00 80 2e c7 b3 c0 c0 01 83 01 03 a8 06 c8 00 b2 09 c8 00 07 08 00 00 80 02 01 15 00 00 00 00 
04 02 01 06 01 16 80 bc 55 00 5f 03 00 5a 01 00 00 07 04 05 00 00 00 00 00 00 00 00 01 07 09 16 
80 bc 55 00 60 03 00 5a 01 00 00 1d 04 0f 00 00 00 00 00 00 00 00 16 80 bc 55 00 61 03 00 64 01 
00 00 1f 04 05 00 00 00 00 00 00 00 00 16 80 bc 55 00 62 03 00 66 01 00 00 7b 04 05 00 00 00 00 
00 00 00 00 16 80 bc 55 00 63 03 00 66 01 00 00 12 04 0a 00 00 00 00 00 00 00 00 16 80 bc 55 00 
64 03 00 66 01 00 00 06 04 0b 00 00 00 00 00 00 00 00 16 80 bc 55 00 65 03 00 8e 01 00 00 03 04 
05 00 00 00 00 00 00 00 00 16 80 bc 55 00 66 03 00 8e 01 00 00 12 04 0f 00 00 00 00 00 00 00 00 
16 80 bc 55 00 67 03 00 8e 01 00 00 77 04 05 00 00 00 00 00 00 00 00 16 80 bc 55 00 68 03 00 cd 
01 00 00 e5 03 05 00 00 00 00 00 00 00 00 
..,.H......#...0.C.G...................Q.G...B{3............2..G...BRr-..... ..............O.@..
....X.........Steele.............................................................:....X.........
......-\..........5.......5?".......@......u@................... ....T...........@.....@Y......M
..Knuckles...........................................................:....X..........W......Bell
 Janet.........................."..{.........X........@.....@Z..................................
........U._..Z....................U.`..Z.................U.a..d.................U.b..f...{......
.......U.c..f.................U.d..f.................U.e....................U.f.................
...U.g......w.............U.h.................

Client->GAME [16:51:29 07/14/09] packet size: 1 CRYPTED, Flags: 7f ServerSeq: 14 ClientSeq: 16
02 
.

GAME->Client [16:51:29 07/14/09] packet size: 716 CRYPTED, Flags: 7f ServerSeq: 15 ClientSeq: 15
02 03 01 00 08 d0 20 9f 02 e0 19 4b cd ab 07 fd 00 00 00 00 20 39 f0 40 00 00 00 00 00 80 58 c0 
00 00 00 00 80 83 cf c0 41 67 65 6e 74 20 42 65 6e 6e 65 74 74 00 00 00 00 00 00 00 00 00 00 00 
00 00 00 00 00 00 00 00 00 00 00 00 00 00 00 00 00 00 00 00 00 00 00 00 00 00 00 00 00 00 00 00 
00 00 00 00 00 00 00 00 02 00 00 3a 00 a7 0a 00 58 00 00 01 00 13 00 00 01 00 08 d0 20 05 04 a0 
2d 28 cd ab 08 fd 00 00 00 00 70 61 f0 40 00 00 00 00 00 40 59 c0 00 00 00 00 80 d1 cc c0 53 65 
62 61 73 74 69 61 6e 00 00 00 00 00 00 00 00 00 00 00 00 00 00 00 00 00 00 00 00 00 00 00 00 00 
00 00 00 00 00 00 00 00 00 00 00 00 00 00 00 00 00 00 00 00 00 00 00 00 00 00 00 00 00 00 02 00 
00 3a 00 a3 0a 00 58 00 00 03 00 00 00 00 00 f2 04 35 bf 00 00 00 00 f3 04 35 3f 11 00 00 01 00 
0c 57 02 f9 cd ab 11 8e 43 72 6f 73 73 62 6f 6e 65 73 20 42 75 6d 62 6f 6f 00 00 00 00 00 00 00 
00 00 00 00 00 00 00 00 00 10 00 00 22 d4 99 b4 1c 00 c6 01 80 c1 57 03 00 08 00 00 40 b5 22 b1 
f1 40 00 00 00 00 00 c0 57 40 00 00 00 60 ec 4f c2 c0 c0 01 83 05 03 a8 07 e1 00 b2 09 e1 00 07 
08 00 00 80 02 01 0f 00 00 01 00 08 d0 20 03 04 a0 2d 13 cd ab 07 fd 00 00 00 00 f0 e5 f0 40 00 
00 00 00 00 00 59 c0 00 00 00 00 80 45 c7 c0 4a 6f 6e 61 73 00 00 00 00 00 00 00 00 00 00 00 00 
00 00 00 00 00 00 00 00 00 00 00 00 00 00 00 00 00 00 00 00 00 00 00 00 00 00 00 00 00 00 00 00 
00 00 00 00 00 00 00 00 00 00 00 00 00 00 00 02 00 00 3a 00 ac 0a 00 58 00 00 01 00 0b 00 00 00 
00 04 01 01 10 0a 16 80 bc 55 00 69 03 00 cd 01 00 00 73 04 05 00 00 00 00 00 00 00 00 16 80 bc 
55 00 6a 03 00 cd 01 00 00 e3 03 0f 00 00 00 00 00 00 00 00 16 80 bc 55 00 6b 03 00 d5 01 00 00 
e3 03 05 00 00 00 00 00 00 00 00 16 80 bc 55 00 6c 03 00 36 02 00 00 37 02 0a 00 00 00 00 00 00 
00 00 16 80 bc 55 00 6d 03 00 74 02 00 00 34 02 1e 00 00 00 00 00 00 00 00 16 80 bc 15 00 6e 03 
00 11 00 00 00 ab 00 0d 00 00 00 00 00 00 00 00 16 80 bc 15 00 6f 03 00 11 00 00 00 0a 02 4d 00 
00 00 00 00 00 00 00 16 80 bc 15 00 70 03 00 11 00 00 00 f2 03 34 00 00 00 00 00 00 00 00 16 80 
bc 15 00 71 03 00 11 00 00 00 ed 03 4d 00 00 00 00 00 00 00 00 16 80 bc 15 00 72 03 00 11 00 00 
00 9f 00 19 00 00 00 00 00 00 00 00 
...... ....K........ 9.@......X.........Agent Bennett...........................................
...........:....X........... ...-(........pa.@.....@Y.........Sebastian.........................
.................................:....X..........5.......5?......W......Crossbones Bumboo.......
............".........W.....@."..@......W@...`.O............................. ...-............@.
.....Y......E..Jonas..............................................................:....X........
.........U.i......s.............U.j....................U.k....................U.l..6...7........
.....U.m..t...4...............n......................o........M.............p........4..........
...q........M.............r.................

Client->GAME [16:51:29 07/14/09] packet size: 1 CRYPTED, Flags: 7f ServerSeq: 15 ClientSeq: 17
02 
.

GAME->Client [16:51:29 07/14/09] packet size: 717 CRYPTED, Flags: 7f ServerSeq: 16 ClientSeq: 0
02 03 01 00 02 14 00 0f 00 02 0e 05 8f 16 89 8d 47 00 00 be 42 63 7f 12 c6 01 00 08 d0 20 09 00 
c0 08 56 cd ab 08 fd 00 00 00 00 80 61 ee 40 00 00 00 00 00 c0 58 c0 00 00 00 00 00 37 ce c0 43 
6c 65 6d 6d 6f 6e 73 00 00 00 00 00 00 00 00 00 00 00 00 00 00 00 00 00 00 00 00 00 00 00 00 00 
00 00 00 00 00 00 00 00 00 00 00 00 00 00 00 00 00 00 00 00 00 00 00 00 00 00 00 00 00 00 00 02 
00 00 3a 00 aa 0a 00 58 00 00 03 00 00 00 00 00 00 00 80 3f 00 00 00 00 2e bd 3b b3 0d 00 00 01 
00 08 d0 20 04 04 a0 2d 12 cd ab 07 fd 00 00 00 00 60 8a f0 40 00 00 00 00 00 80 58 c0 00 00 00 
00 00 99 c6 c0 57 61 76 65 00 00 00 00 00 00 00 00 00 00 00 00 00 00 00 00 00 00 00 00 00 00 00 
00 00 00 00 00 00 00 00 00 00 00 00 00 00 00 00 00 00 00 00 00 00 00 00 00 00 00 00 00 00 00 00 
00 00 00 00 00 02 00 00 3a 00 a9 0a 00 58 00 00 01 00 09 00 00 01 00 08 d0 20 46 05 a0 37 0e cd 
ab 08 fd 00 00 00 00 c0 2f f0 40 00 00 00 00 00 80 59 c0 00 00 00 00 00 4f c5 c0 52 6f 65 64 65 
72 00 00 00 00 00 00 00 00 00 00 00 00 00 00 00 00 00 00 00 00 00 00 00 00 00 00 00 00 00 00 00 
00 00 00 00 00 00 00 00 00 00 00 00 00 00 00 00 00 00 00 00 00 00 00 00 00 00 00 02 00 00 3a 00 
ab 0a 00 58 00 00 03 00 00 00 00 00 00 00 80 3f 00 00 00 00 2e bd 3b b3 07 00 00 01 00 08 50 02 
f9 03 a0 2d ad cd ab 02 09 00 00 00 00 40 87 f0 40 00 00 00 00 00 00 51 c0 00 00 00 00 00 a1 c3 
c0 00 00 00 00 00 00 80 3f 00 00 00 00 2e bd 3b b3 05 00 00 00 00 04 01 01 1a 0b 16 80 bc 15 00 
73 03 00 11 00 00 00 f1 03 34 00 00 00 00 00 00 00 00 16 80 bc 15 00 74 03 00 11 00 00 00 0c 02 
34 00 00 00 00 00 00 00 00 16 80 bc 15 00 75 03 00 11 00 00 00 b7 00 4d 00 00 00 00 00 00 00 00 
16 80 bc 15 00 76 03 00 11 00 00 00 f3 03 46 00 00 00 00 00 00 00 00 16 80 bc 45 03 11 00 00 02 
00 00 00 11 00 32 00 00 00 00 00 00 00 00 16 80 bc 45 03 35 04 00 62 00 00 00 35 04 00 00 00 00 
00 00 00 00 00 16 80 bc 45 03 3d 04 00 43 00 00 00 3d 04 00 00 00 00 00 00 00 00 00 16 80 bc 45 
03 3e 04 00 4f 01 00 00 3e 04 00 00 00 00 00 00 00 00 00 16 80 bc 45 03 3f 04 00 64 01 00 00 3f 
04 00 00 00 00 00 00 00 00 00 16 80 bc 45 03 40 04 00 d5 01 00 00 40 04 00 00 00 00 00 00 00 00 
00 0b 80 bd 05 11 00 00 00 00 00 00 01 
................G...Bc....... ....V.........a.@......X......7..Clemmons.........................
..................................:....X...........?......;........ ...-.........`..@......X....
.....Wave...............................................................:....X........... F..7..
......../.@......Y......O..Roeder.............................................................:.
...X...........?......;.......P....-.........@..@......Q................?......;................
s........4.............t........4.............u........M.............v........F...........E.....
.....2...........E.5..b...5.............E.=..C...=.............E.>..O...>.............E.?..d...?
.............E.@......@......................

Client->GAME [16:51:29 07/14/09] packet size: 1 CRYPTED, Flags: 7f ServerSeq: 0 ClientSeq: 18
02 
.

GAME->Client [16:51:29 07/14/09] packet size: 493 CRYPTED, Flags: 7f ServerSeq: 17 ClientSeq: 1
02 03 01 00 0c 57 02 fa cd ab 13 8e 43 72 6f 73 73 62 6f 6e 65 73 20 54 61 72 00 00 00 00 00 00 
00 00 00 00 00 00 00 00 00 00 00 00 00 10 00 00 22 d4 c9 b5 1c 00 c6 01 80 d1 58 03 00 08 0a 00 
00 00 ce a6 fc f1 40 00 00 00 00 00 c0 57 40 00 00 00 a0 fc b6 c0 c0 c0 01 8b 01 02 0b a8 07 51 
01 b2 09 51 01 f9 07 00 00 80 02 01 14 00 00 01 00 0c 57 02 fb cd ab 10 8e 43 72 6f 73 73 62 6f 
6e 65 73 20 42 75 6d 62 6f 6f 00 00 00 00 00 00 00 00 00 00 00 00 00 00 00 00 10 00 00 22 d4 84 
b4 1c 00 c6 01 80 c1 57 03 00 08 00 00 40 3a 8a b7 f1 40 00 00 00 00 00 c0 57 40 00 00 00 a0 b4 
00 cf c0 c0 01 82 03 a8 07 e1 00 b2 09 e1 00 07 08 00 00 80 02 01 03 00 00 23 00 02 0e 01 50 54 
53 87 47 00 00 d2 c2 2e c2 b7 c5 1f 00 02 0e 01 d0 43 3e 8e 47 00 00 be 42 b9 da 19 c6 1d 00 02 
0c 33 32 81 8f 47 00 00 be 42 52 72 2d c6 0f 00 02 0e 00 85 16 89 8d 47 00 00 be 42 63 7f 12 c6 
00 00 04 01 01 25 03 41 81 67 17 00 27 00 1c 22 00 c6 01 11 00 00 00 00 00 00 00 37 00 00 08 0e 
00 41 66 74 65 72 57 68 6f 72 75 4e 65 6f 00 0e 00 41 66 74 65 72 57 68 6f 72 75 4e 65 6f 00 02 
00 4d 00 00 00 00 00 00 00 41 81 67 17 00 27 00 1c 22 00 c6 01 11 00 00 00 00 00 00 00 37 00 00 
08 0e 00 41 66 74 65 72 57 68 6f 72 75 4e 65 6f 00 0e 00 41 66 74 65 72 57 68 6f 72 75 4e 65 6f 
00 02 00 4d 00 00 00 00 00 00 00 41 81 67 17 00 27 00 1c 22 00 c6 01 11 00 00 00 00 00 00 00 37 
00 00 08 0e 00 41 66 74 65 72 57 68 6f 72 75 4e 65 6f 00 0e 00 41 66 74 65 72 57 68 6f 72 75 4e 
65 6f 00 02 00 4d 00 00 00 00 00 00 00 
.....W......Crossbones Tar......................".........X...........@......W@................Q
...Q..............W......Crossbones Bumboo...................".........W.....@:...@......W@.....
.........................#....PTS.G..............C>.G...B........32..G...BRr-..........G...Bc...
.....%.A.g..'.."...........7.....AfterWhoruNeo...AfterWhoruNeo...M.......A.g..'.."...........7..
...AfterWhoruNeo...AfterWhoruNeo...M.......A.g..'.."...........7.....AfterWhoruNeo...AfterWhoruN
eo...M.......

Client->GAME [16:51:29 07/14/09] packet size: 1 CRYPTED, Flags: 7f ServerSeq: 1 ClientSeq: 19
02 
.

GAME->Client [16:51:29 07/14/09] packet size: 55 CRYPTED, Flags: 7f ServerSeq: 18 ClientSeq: 2
02 03 1d 00 02 0c 3d 32 81 8f 47 00 00 be 42 52 72 2d c6 15 00 02 08 f3 75 87 47 00 00 d2 c2 d2 
75 9b c5 0f 00 02 0e 00 7b 16 89 8d 47 00 00 be 42 63 7f 12 c6 00 00 
......=2..G...BRr-......u.G.....u.......{...G...Bc.....

