Client->GAME [16:59:30 07/14/09] packet size: 17 CRYPTED, Flags: 7f ServerSeq: 1 ClientSeq: 20
02 04 01 00 02 01 0a 80 ff 03 00 00 00 0d 00 00 00 
.................

GAME->Client [16:59:30 07/14/09] packet size: 696 CRYPTED, Flags: 7f ServerSeq: 18 ClientSeq: 4
02 04 01 00 9a 1e 16 80 bc 11 00 f1 04 00 00 00 00 00 cb 02 00 00 00 00 01 00 00 00 00 16 80 bc 
01 00 2d 05 00 d6 04 00 00 00 10 00 00 00 00 01 00 00 00 00 16 80 bc 09 00 2e 05 00 c6 02 00 00 
00 10 00 00 00 00 01 00 00 00 00 16 80 bc 15 00 30 05 00 f7 03 00 00 08 02 00 00 00 00 01 00 00 
00 00 16 80 bc 15 00 31 05 00 f7 03 00 00 07 02 ec ff ff ff 01 00 00 00 00 16 80 bc 15 00 32 05 
00 f7 03 00 00 50 04 00 00 00 00 01 00 00 00 00 16 80 bc 15 00 33 05 00 f7 03 00 00 f4 03 00 00 
00 00 01 00 00 00 00 16 80 bc 15 00 34 05 00 f7 03 00 00 51 04 f6 ff ff ff 01 00 00 00 00 16 80 
bc 15 00 35 05 00 f7 03 00 00 52 04 0f 00 00 00 01 00 00 00 00 16 80 bc 56 00 38 05 00 0a 95 00 
00 06 04 02 00 00 00 01 00 00 00 00 16 80 bc 56 00 39 05 00 0a 95 00 00 b4 00 11 00 00 00 01 00 
00 00 00 16 80 bc 56 00 3a 05 00 0a 95 00 00 b5 00 11 00 00 00 01 00 00 00 00 16 80 bc 56 00 3b 
05 00 0a 95 00 00 07 04 02 00 00 00 01 00 00 00 00 16 80 bc 56 00 3c 05 00 8a b2 00 00 23 04 02 
00 00 00 01 00 00 00 00 16 80 bc 56 00 3d 05 00 8a b2 00 00 21 04 01 00 00 00 01 00 00 00 00 16 
80 bc 56 00 3e 05 00 8a b2 00 00 b4 00 1d 00 00 00 01 00 00 00 00 16 80 bc 56 00 3f 05 00 8a b2 
00 00 09 04 1d 00 00 00 01 00 00 00 00 16 80 bc 56 00 40 05 00 8a b2 00 00 9d 00 1d 00 00 00 01 
00 00 00 00 16 80 bc 56 00 41 05 00 8a b2 00 00 06 04 01 00 00 00 01 00 00 00 00 16 80 bc 56 00 
42 05 00 24 b3 00 00 89 02 02 00 00 00 01 00 00 00 00 16 80 bc 56 00 43 05 00 24 b3 00 00 1a 04 
01 00 00 00 01 00 00 00 00 16 80 bc 56 00 44 05 00 24 b3 00 00 b4 00 21 00 00 00 01 00 00 00 00 
16 80 bc 56 00 45 05 00 24 b3 00 00 09 04 21 00 00 00 01 00 00 00 00 16 80 bc 56 00 46 05 00 24 
b3 00 00 15 04 02 00 00 00 01 00 00 00 00 16 80 bc 56 00 47 05 00 24 b3 00 00 b5 00 21 00 00 00 
01 00 00 00 00 16 80 bc 56 00 48 05 00 95 a7 00 00 b4 00 12 00 00 00 01 00 00 00 00 16 80 bc 56 
00 49 05 00 95 a7 00 00 b5 00 12 00 00 00 01 00 00 00 00 16 80 bc 56 00 4a 05 00 95 a7 00 00 09 
04 12 00 00 00 01 00 00 00 00 16 80 bc 56 00 4b 05 00 95 a7 00 00 70 00 0f 00 00 00 01 00 00 00 
00 16 80 bc 56 00 4c 05 00 2c b3 00 00 17 04 01 00 00 00 01 00 00 00 00 
..................................-.............................................0...............
.......1......................2......P...............3......................4......Q............
...5......R.............V.8....................V.9....................V.:....................V.;
....................V.<......#.............V.=......!.............V.>....................V.?....
................V.@....................V.A....................V.B..$.................V.C..$.....
............V.D..$.....!...........V.E..$.....!...........V.F..$.................V.G..$.....!...
........V.H....................V.I....................V.J....................V.K......p.........
....V.L..,..............

Client->GAME [16:59:30 07/14/09] packet size: 1 CRYPTED, Flags: 7f ServerSeq: 2 ClientSeq: 21
02 
.

GAME->Client [16:59:30 07/14/09] packet size: 700 CRYPTED, Flags: 7f ServerSeq: 19 ClientSeq: 4
82 92 69 d8 48 04 01 00 b8 1e 16 80 bc 56 00 4d 05 00 2c b3 00 00 b4 00 21 00 00 00 01 00 00 00 
00 16 80 bc 56 00 4e 05 00 2c b3 00 00 09 04 21 00 00 00 01 00 00 00 00 16 80 bc 56 00 4f 05 00 
2c b3 00 00 12 04 02 00 00 00 01 00 00 00 00 16 80 bc 56 00 50 05 00 2c b3 00 00 07 04 02 00 00 
00 01 00 00 00 00 16 80 bc 56 00 51 05 00 2c b3 00 00 b5 00 21 00 00 00 01 00 00 00 00 16 80 bc 
56 00 52 05 00 c3 b2 00 00 89 02 02 00 00 00 01 00 00 00 00 16 80 bc 56 00 53 05 00 c3 b2 00 00 
21 04 02 00 00 00 01 00 00 00 00 16 80 bc 56 00 54 05 00 c3 b2 00 00 b4 00 1f 00 00 00 01 00 00 
00 00 16 80 bc 56 00 55 05 00 c3 b2 00 00 09 04 1f 00 00 00 01 00 00 00 00 16 80 bc 56 00 56 05 
00 c3 b2 00 00 1e 04 01 00 00 00 01 00 00 00 00 16 80 bc 56 00 57 05 00 c3 b2 00 00 9d 00 1f 00 
00 00 01 00 00 00 00 16 80 bc 55 00 58 05 00 02 00 00 00 cc 00 0c 00 00 00 01 00 00 00 00 16 80 
bc 15 00 59 05 00 11 00 00 00 ab 00 0d 00 00 00 01 00 00 00 00 16 80 bc 15 00 5a 05 00 11 00 00 
00 0a 02 4d 00 00 00 01 00 00 00 00 16 80 bc 15 00 5b 05 00 11 00 00 00 f2 03 34 00 00 00 01 00 
00 00 00 16 80 bc 15 00 5c 05 00 11 00 00 00 ed 03 4d 00 00 00 01 00 00 00 00 16 80 bc 15 00 5d 
05 00 11 00 00 00 9f 00 19 00 00 00 01 00 00 00 00 16 80 bc 15 00 5e 05 00 11 00 00 00 f1 03 34 
00 00 00 01 00 00 00 00 16 80 bc 15 00 5f 05 00 11 00 00 00 0c 02 34 00 00 00 01 00 00 00 00 16 
80 bc 15 00 60 05 00 11 00 00 00 b7 00 4d 00 00 00 01 00 00 00 00 16 80 bc 15 00 61 05 00 11 00 
00 00 f3 03 46 00 00 00 01 00 00 00 00 16 80 bc 55 00 62 05 00 0b 00 00 00 37 02 96 00 00 00 01 
00 00 00 00 16 80 bc 55 00 63 05 00 2d 00 00 00 23 04 0a 00 00 00 01 00 00 00 00 16 80 bc 55 00 
64 05 00 2d 00 00 00 20 04 0a 00 00 00 01 00 00 00 00 16 80 bc 55 00 65 05 00 2d 00 00 00 19 04 
05 00 00 00 01 00 00 00 00 16 80 bc 55 00 66 05 00 2d 00 00 00 42 04 05 00 00 00 01 00 00 00 00 
16 80 bc 55 00 67 05 00 34 00 00 00 83 02 c8 00 00 00 01 00 00 00 00 16 80 bc 55 00 68 05 00 4b 
00 00 00 1f 04 19 00 00 00 01 00 00 00 00 16 80 bc 55 00 69 05 00 5f 00 00 00 7c 04 0f 00 00 00 
01 00 00 00 00 16 80 bc 55 00 6a 05 00 5f 00 00 00 07 04 0f 00 00 00 01 00 00 00 00 
..i.H........V.M..,.....!...........V.N..,.....!...........V.O..,.................V.P..,........
.........V.Q..,.....!...........V.R....................V.S......!.............V.T...............
.....V.U....................V.V....................V.W....................U.X...................
...Y......................Z........M.............[........4.............\........M.............]
......................^........4............._........4.............`........M.............a....
....F...........U.b......7.............U.c..-...#.............U.d..-... .............U.e..-.....
............U.f..-...B.............U.g..4.................U.h..K.................U.i.._...|.....
........U.j.._..............

Client->GAME [16:59:30 07/14/09] packet size: 1 CRYPTED, Flags: 7f ServerSeq: 3 ClientSeq: 22
02 
.

GAME->Client [16:59:30 07/14/09] packet size: 594 CRYPTED, Flags: 7f ServerSeq: 20 ClientSeq: 5
02 04 02 00 d6 03 16 80 bc 55 00 6b 05 00 62 00 00 00 06 04 01 00 00 00 01 00 00 00 00 16 80 bc 
55 00 6c 05 00 62 00 00 00 15 04 01 00 00 00 01 00 00 00 00 16 80 bc 55 00 6d 05 00 5a 01 00 00 
07 04 05 00 00 00 01 00 00 00 00 00 d9 1c 16 80 bc 55 00 6e 05 00 5a 01 00 00 1d 04 0f 00 00 00 
01 00 00 00 00 16 80 bc 55 00 6f 05 00 64 01 00 00 1f 04 05 00 00 00 01 00 00 00 00 16 80 bc 55 
00 70 05 00 66 01 00 00 7b 04 05 00 00 00 01 00 00 00 00 16 80 bc 55 00 71 05 00 66 01 00 00 12 
04 0a 00 00 00 01 00 00 00 00 16 80 bc 55 00 72 05 00 66 01 00 00 06 04 0b 00 00 00 01 00 00 00 
00 16 80 bc 55 00 73 05 00 8e 01 00 00 03 04 05 00 00 00 01 00 00 00 00 16 80 bc 55 00 74 05 00 
8e 01 00 00 12 04 0f 00 00 00 01 00 00 00 00 16 80 bc 55 00 75 05 00 8e 01 00 00 77 04 05 00 00 
00 01 00 00 00 00 16 80 bc 55 00 76 05 00 cd 01 00 00 e5 03 05 00 00 00 01 00 00 00 00 16 80 bc 
55 00 77 05 00 cd 01 00 00 73 04 05 00 00 00 01 00 00 00 00 16 80 bc 55 00 78 05 00 cd 01 00 00 
e3 03 0f 00 00 00 01 00 00 00 00 16 80 bc 55 00 79 05 00 d5 01 00 00 e3 03 05 00 00 00 01 00 00 
00 00 16 80 bc 55 00 7a 05 00 36 02 00 00 37 02 0a 00 00 00 01 00 00 00 00 16 80 bc 55 00 7b 05 
00 74 02 00 00 34 02 1e 00 00 00 01 00 00 00 00 04 80 b3 11 00 16 80 bc 45 03 11 00 00 02 00 00 
00 11 00 32 00 00 00 01 00 00 00 00 04 80 b3 35 04 16 80 bc 45 03 35 04 00 62 00 00 00 35 04 00 
00 00 00 01 00 00 00 00 04 80 b3 3d 04 16 80 bc 45 03 3d 04 00 43 00 00 00 3d 04 00 00 00 00 01 
00 00 00 00 04 80 b3 3e 04 16 80 bc 45 03 3e 04 00 4f 01 00 00 3e 04 00 00 00 00 01 00 00 00 00 
04 80 b3 3f 04 16 80 bc 45 03 3f 04 00 64 01 00 00 3f 04 00 00 00 00 01 00 00 00 00 04 80 b3 40 
04 16 80 bc 45 03 40 04 00 d5 01 00 00 40 04 00 00 00 00 01 00 00 00 00 16 80 bc 05 03 d6 04 00 
d4 04 00 00 d6 04 00 00 00 00 01 00 00 00 00 02 81 07 
.........U.k..b.................U.l..b.................U.m..Z....................U.n..Z.........
........U.o..d.................U.p..f...{.............U.q..f.................U.r..f.............
....U.s....................U.t....................U.u......w.............U.v....................
U.w......s.............U.x....................U.y....................U.z..6...7.............U.{.
.t...4..................E..........2...........5....E.5..b...5.............=....E.=..C...=......
.......>....E.>..O...>.............?....E.?..d...?.............@....E.@......@..................
..................

Client->GAME [16:59:30 07/14/09] packet size: 13 CRYPTED, Flags: 7f ServerSeq: 4 ClientSeq: 23
02 04 01 00 03 01 06 81 08 00 00 00 00 
.............

GAME->Client [16:59:31 07/14/09] packet size: 1 CRYPTED, Flags: 7f ServerSeq: 21 ClientSeq: 7
02 
.

GAME->Client [16:59:31 07/14/09] packet size: 1 CRYPTED, Flags: 7f ServerSeq: 22 ClientSeq: 7
42 
B

GAME->Client [16:59:31 07/14/09] packet size: 5 CRYPTED, Flags: 7f ServerSeq: 23 ClientSeq: 7
c2 bb 69 d8 48 
..i.H

Client->GAME [16:59:31 07/14/09] packet size: 1 CRYPTED, Flags: 7f ServerSeq: 7 ClientSeq: 24
02 
.

Client->GAME [16:59:31 07/14/09] packet size: 1 CRYPTED, Flags: 7f ServerSeq: 7 ClientSeq: 25
42 
B

GAME->Client [16:59:32 07/14/09] packet size: 1 CRYPTED, Flags: 7f ServerSeq: 24 ClientSeq: 7
42 
B

GAME->Client [16:59:32 07/14/09] packet size: 1 CRYPTED, Flags: 7f ServerSeq: 25 ClientSeq: 9
42 
B

GAME->Client [16:59:32 07/14/09] packet size: 112 CRYPTED, Flags: 0 ServerSeq: 2 ClientSeq: 0
02 04 01 00 03 02 34 2e 07 00 00 00 00 00 00 00 00 00 00 00 64 00 00 2e 00 24 00 00 00 00 00 00 
00 00 00 00 00 00 00 00 00 00 00 0e 00 41 66 74 65 72 57 68 6f 72 75 4e 65 6f 00 34 2e 07 00 00 
00 00 00 00 00 00 00 00 00 64 00 00 2e 00 24 00 00 00 00 00 00 00 00 00 00 00 00 00 00 00 00 00 
0e 00 41 66 74 65 72 57 68 6f 72 75 4e 65 6f 00 
......4.............d....$...................AfterWhoruNeo.4.............d....$.................
..AfterWhoruNeo.

Client->GAME [16:59:32 07/14/09] packet size: 1 CRYPTED, Flags: 2 ServerSeq: 2 ClientSeq: 1
02 
.

GAME->Client [16:59:33 07/14/09] packet size: 138 CRYPTED, Flags: 1 ServerSeq: 3 ClientSeq: 1
02 04 01 00 00 03 6d 06 0e 00 03 00 00 00 62 69 d8 48 01 42 00 32 00 72 65 73 6f 75 72 63 65 2f 
77 6f 72 6c 64 73 2f 66 69 6e 61 6c 5f 77 6f 72 6c 64 2f 69 6e 74 65 72 6e 61 74 69 6f 6e 61 6c 
2f 69 74 2e 6d 65 74 72 00 29 00 48 61 6c 6c 6f 77 65 65 6e 5f 45 76 65 6e 74 2c 57 69 6e 74 65 
72 33 50 6c 75 73 48 61 6c 6c 6f 77 65 65 6e 54 53 45 43 00 0a 80 e5 e7 cb c0 12 00 00 00 00 0a 
80 e4 e2 97 79 00 00 00 00 00 
......m.......bi.H.B.2.resource/worlds/final_world/international/it.metr.).Halloween_Event,Winte
r3PlusHalloweenTSEC.................y.....

Client->GAME [16:59:33 07/14/09] packet size: 6 CRYPTED, Flags: 5 ServerSeq: 3 ClientSeq: 2
02 05 02 0c 00 00 
......

GAME->Client [16:59:33 07/14/09] packet size: 1 CRYPTED, Flags: 3 ServerSeq: 4 ClientSeq: 2
02 
.

Client->GAME [16:59:36 07/14/09] packet size: 8 CRYPTED, Flags: 5 ServerSeq: 3 ClientSeq: 3
02 04 01 00 00 01 01 05 
........

GAME->Client [16:59:36 07/14/09] packet size: 270 CRYPTED, Flags: 7 ServerSeq: 5 ClientSeq: 3
82 e5 69 d8 48 03 01 00 0c 0c 00 a2 cd ab 26 9b 81 ff 71 02 00 00 41 6e 64 65 72 73 6f 6e 00 00 
00 00 00 00 00 00 00 00 00 00 00 00 00 00 00 00 00 00 00 00 00 00 01 b8 eb 93 5c 1a 54 68 6f 6d 
61 73 00 00 00 00 00 00 00 00 00 00 00 00 00 00 00 00 00 00 00 00 00 00 00 00 00 00 22 80 f8 28 
0a 0c 00 f0 20 46 00 00 00 01 ce 81 ff f7 00 31 5e 00 00 02 cf 76 0c 00 58 67 00 41 66 74 65 72 
57 68 6f 72 75 4e 65 6f 00 00 00 00 00 00 00 00 00 00 00 00 00 00 00 00 00 00 00 00 00 00 c0 a9 
bf e2 40 00 00 00 00 00 44 91 c0 00 00 00 20 f3 4e bf c0 28 0a fd 64 01 00 00 67 00 75 d4 01 00 
4b b1 00 00 00 00 73 1a e9 88 80 60 04 00 02 8e 00 00 00 f7 00 dd 00 00 00 00 80 8a e3 c0 00 00 
00 00 00 c0 57 40 00 00 00 00 80 30 d3 c0 81 ff 32 22 1d 0a 00 28 b0 01 00 14 00 89 65 4b 66 1a 
c0 1c 01 11 00 00 00 67 00 02 00 00 00 00 
..i.H.........&...q...Anderson............................\.Thomas.........................."..(
.... F.........1^....v..Xg.AfterWhoruNeo..........................@.....D..... .N..(..d...g.u...
K.....s....`........................W@.....0....2"...(......eKf........g......

Client->GAME [16:59:37 07/14/09] packet size: 74 CRYPTED, Flags: 17 ServerSeq: 5 ClientSeq: 4
02 03 02 00 02 60 08 41 6e 64 65 72 73 6f 6e 06 54 68 6f 6d 61 73 00 00 04 01 00 01 06 12 80 c9 
07 00 a0 0b 00 e8 00 c7 00 00 20 41 00 60 6a c6 02 80 be 07 3f 4e 00 10 00 00 00 08 3e 6b 00 10 
00 00 00 00 02 81 48 02 0c 01 
.....`.Anderson.Thomas.................... A.`j.....?N......>k........H...

GAME->Client [16:59:37 07/14/09] packet size: 266 CRYPTED, Flags: 7 ServerSeq: 6 ClientSeq: 3
02 03 01 00 0c 0c 00 a2 cd ab 26 9b 81 ff 71 02 00 00 41 6e 64 65 72 73 6f 6e 00 00 00 00 00 00 
00 00 00 00 00 00 00 00 00 00 00 00 00 00 00 00 00 00 01 b8 eb 93 5c 1a 54 68 6f 6d 61 73 00 00 
00 00 00 00 00 00 00 00 00 00 00 00 00 00 00 00 00 00 00 00 00 00 00 00 22 80 f8 28 0a 0c 00 f0 
20 46 00 00 00 01 ce 81 ff f7 00 31 5e 00 00 02 cf 76 0c 00 58 67 00 41 66 74 65 72 57 68 6f 72 
75 4e 65 6f 00 00 00 00 00 00 00 00 00 00 00 00 00 00 00 00 00 00 00 00 00 00 c0 a9 bf e2 40 00 
00 00 00 00 44 91 c0 00 00 00 20 f3 4e bf c0 28 0a fd 64 01 00 00 67 00 75 d4 01 00 4b b1 00 00 
00 00 73 1a e9 88 80 60 04 00 02 8e 00 00 00 f7 00 dd 00 00 00 00 80 8a e3 c0 00 00 00 00 00 c0 
57 40 00 00 00 00 80 30 d3 c0 81 ff 32 22 1d 0a 00 28 b0 01 00 14 00 89 65 4b 66 1a c0 1c 01 11 
00 00 00 67 00 02 00 00 00 00 
..........&...q...Anderson............................\.Thomas.........................."..(....
 F.........1^....v..Xg.AfterWhoruNeo..........................@.....D..... .N..(..d...g.u...K...
..s....`........................W@.....0....2"...(......eKf........g......

Client->GAME [16:59:38 07/14/09] packet size: 1 CRYPTED, Flags: 2f ServerSeq: 6 ClientSeq: 5
02 
.

GAME->Client [16:59:38 07/14/09] packet size: 700 CRYPTED, Flags: f ServerSeq: 7 ClientSeq: 4
82 1a 6a d8 48 04 01 00 05 1e 16 80 bc 11 00 7c 05 00 00 00 00 00 cb 02 00 00 00 00 00 00 00 00 
00 16 80 bc 01 00 7d 05 00 d6 04 00 00 00 10 00 00 00 00 00 00 00 00 00 16 80 bc 09 00 7e 05 00 
c6 02 00 00 00 10 00 00 00 00 00 00 00 00 00 16 80 bc 15 00 7f 05 00 f7 03 00 00 08 02 00 00 00 
00 00 00 00 00 00 16 80 bc 15 00 80 05 00 f7 03 00 00 07 02 ec ff ff ff 00 00 00 00 00 16 80 bc 
15 00 81 05 00 f7 03 00 00 50 04 00 00 00 00 00 00 00 00 00 16 80 bc 15 00 82 05 00 f7 03 00 00 
f4 03 00 00 00 00 00 00 00 00 00 16 80 bc 15 00 83 05 00 f7 03 00 00 51 04 f6 ff ff ff 00 00 00 
00 00 16 80 bc 15 00 84 05 00 f7 03 00 00 52 04 0f 00 00 00 00 00 00 00 00 16 80 bc 56 00 85 05 
00 0a 95 00 00 06 04 02 00 00 00 00 00 00 00 00 16 80 bc 56 00 86 05 00 0a 95 00 00 b4 00 11 00 
00 00 00 00 00 00 00 16 80 bc 56 00 87 05 00 0a 95 00 00 b5 00 11 00 00 00 00 00 00 00 00 16 80 
bc 56 00 88 05 00 0a 95 00 00 07 04 02 00 00 00 00 00 00 00 00 16 80 bc 56 00 89 05 00 8a b2 00 
00 23 04 02 00 00 00 00 00 00 00 00 16 80 bc 56 00 8a 05 00 8a b2 00 00 21 04 01 00 00 00 00 00 
00 00 00 16 80 bc 56 00 8b 05 00 8a b2 00 00 b4 00 1d 00 00 00 00 00 00 00 00 16 80 bc 56 00 8c 
05 00 8a b2 00 00 09 04 1d 00 00 00 00 00 00 00 00 16 80 bc 56 00 8d 05 00 8a b2 00 00 9d 00 1d 
00 00 00 00 00 00 00 00 16 80 bc 56 00 8e 05 00 8a b2 00 00 06 04 01 00 00 00 00 00 00 00 00 16 
80 bc 56 00 8f 05 00 24 b3 00 00 89 02 02 00 00 00 00 00 00 00 00 16 80 bc 56 00 90 05 00 24 b3 
00 00 1a 04 01 00 00 00 00 00 00 00 00 16 80 bc 56 00 91 05 00 24 b3 00 00 b4 00 21 00 00 00 00 
00 00 00 00 16 80 bc 56 00 92 05 00 24 b3 00 00 09 04 21 00 00 00 00 00 00 00 00 16 80 bc 56 00 
93 05 00 24 b3 00 00 15 04 02 00 00 00 00 00 00 00 00 16 80 bc 56 00 94 05 00 24 b3 00 00 b5 00 
21 00 00 00 00 00 00 00 00 16 80 bc 56 00 95 05 00 95 a7 00 00 b4 00 12 00 00 00 00 00 00 00 00 
16 80 bc 56 00 96 05 00 95 a7 00 00 b5 00 12 00 00 00 00 00 00 00 00 16 80 bc 56 00 97 05 00 95 
a7 00 00 09 04 12 00 00 00 00 00 00 00 00 16 80 bc 56 00 98 05 00 95 a7 00 00 70 00 0f 00 00 00 
00 00 00 00 00 16 80 bc 56 00 99 05 00 2c b3 00 00 17 04 01 00 00 00 00 00 00 00 00 
..j.H..........|......................}......................~..................................
.........................................P.............................................Q........
..............R.............V......................V......................V.....................
.V......................V........#.............V........!.............V......................V..
....................V......................V......................V....$.................V....$.
................V....$.....!...........V....$.....!...........V....$.................V....$.....
!...........V......................V......................V......................V........p.....
........V....,..............

Client->GAME [16:59:38 07/14/09] packet size: 44 CRYPTED, Flags: 5f ServerSeq: 7 ClientSeq: 6
02 04 01 00 07 02 12 80 c9 48 00 80 12 00 98 37 c7 00 80 18 44 00 80 3b c5 12 80 c9 4f 00 80 12 
00 98 37 c7 00 80 18 44 00 20 4b c6 
.........H.....7....D..;....O.....7....D. K.

GAME->Client [16:59:38 07/14/09] packet size: 696 CRYPTED, Flags: f ServerSeq: 8 ClientSeq: 4
02 04 01 00 23 1e 16 80 bc 56 00 9a 05 00 2c b3 00 00 b4 00 21 00 00 00 00 00 00 00 00 16 80 bc 
56 00 9b 05 00 2c b3 00 00 09 04 21 00 00 00 00 00 00 00 00 16 80 bc 56 00 9c 05 00 2c b3 00 00 
12 04 02 00 00 00 00 00 00 00 00 16 80 bc 56 00 9d 05 00 2c b3 00 00 07 04 02 00 00 00 00 00 00 
00 00 16 80 bc 56 00 9e 05 00 2c b3 00 00 b5 00 21 00 00 00 00 00 00 00 00 16 80 bc 56 00 9f 05 
00 c3 b2 00 00 89 02 02 00 00 00 00 00 00 00 00 16 80 bc 56 00 a0 05 00 c3 b2 00 00 21 04 02 00 
00 00 00 00 00 00 00 16 80 bc 56 00 a1 05 00 c3 b2 00 00 b4 00 1f 00 00 00 00 00 00 00 00 16 80 
bc 56 00 a2 05 00 c3 b2 00 00 09 04 1f 00 00 00 00 00 00 00 00 16 80 bc 56 00 a3 05 00 c3 b2 00 
00 1e 04 01 00 00 00 00 00 00 00 00 16 80 bc 56 00 a4 05 00 c3 b2 00 00 9d 00 1f 00 00 00 00 00 
00 00 00 16 80 bc 55 00 a5 05 00 02 00 00 00 cc 00 0c 00 00 00 00 00 00 00 00 16 80 bc 15 00 a6 
05 00 11 00 00 00 ab 00 0d 00 00 00 00 00 00 00 00 16 80 bc 15 00 a7 05 00 11 00 00 00 0a 02 4d 
00 00 00 00 00 00 00 00 16 80 bc 15 00 a8 05 00 11 00 00 00 f2 03 34 00 00 00 00 00 00 00 00 16 
80 bc 15 00 a9 05 00 11 00 00 00 ed 03 4d 00 00 00 00 00 00 00 00 16 80 bc 15 00 aa 05 00 11 00 
00 00 9f 00 19 00 00 00 00 00 00 00 00 16 80 bc 15 00 ab 05 00 11 00 00 00 f1 03 34 00 00 00 00 
00 00 00 00 16 80 bc 15 00 ac 05 00 11 00 00 00 0c 02 34 00 00 00 00 00 00 00 00 16 80 bc 15 00 
ad 05 00 11 00 00 00 b7 00 4d 00 00 00 00 00 00 00 00 16 80 bc 15 00 ae 05 00 11 00 00 00 f3 03 
46 00 00 00 00 00 00 00 00 16 80 bc 55 00 af 05 00 0b 00 00 00 37 02 96 00 00 00 00 00 00 00 00 
16 80 bc 55 00 b0 05 00 2d 00 00 00 23 04 0a 00 00 00 00 00 00 00 00 16 80 bc 55 00 b1 05 00 2d 
00 00 00 20 04 0a 00 00 00 00 00 00 00 00 16 80 bc 55 00 b2 05 00 2d 00 00 00 19 04 05 00 00 00 
00 00 00 00 00 16 80 bc 55 00 b3 05 00 2d 00 00 00 42 04 05 00 00 00 00 00 00 00 00 16 80 bc 55 
00 b4 05 00 34 00 00 00 83 02 c8 00 00 00 00 00 00 00 00 16 80 bc 55 00 b5 05 00 4b 00 00 00 1f 
04 19 00 00 00 00 00 00 00 00 16 80 bc 55 00 b6 05 00 5f 00 00 00 7c 04 0f 00 00 00 00 00 00 00 
00 16 80 bc 55 00 b7 05 00 5f 00 00 00 07 04 0f 00 00 00 00 00 00 00 00 
....#....V....,.....!...........V....,.....!...........V....,.................V....,............
.....V....,.....!...........V......................V........!.............V.....................
.V......................V......................V......................U.........................
...............................M......................4......................M..................
...........................4......................4......................M......................
F...........U........7.............U....-...#.............U....-... .............U....-.........
........U....-...B.............U....4.................U....K.................U...._...|.........
....U...._..............

GAME->Client [16:59:38 07/14/09] packet size: 714 CRYPTED, Flags: 1f ServerSeq: 9 ClientSeq: 5
02 04 03 00 41 03 16 80 bc 55 00 b8 05 00 62 00 00 00 06 04 01 00 00 00 00 00 00 00 00 16 80 bc 
55 00 b9 05 00 62 00 00 00 15 04 01 00 00 00 00 00 00 00 00 16 80 bc 55 00 ba 05 00 5a 01 00 00 
07 04 05 00 00 00 00 00 00 00 00 00 44 16 16 80 bc 55 00 bb 05 00 5a 01 00 00 1d 04 0f 00 00 00 
00 00 00 00 00 16 80 bc 55 00 bc 05 00 64 01 00 00 1f 04 05 00 00 00 00 00 00 00 00 16 80 bc 55 
00 bd 05 00 66 01 00 00 7b 04 05 00 00 00 00 00 00 00 00 16 80 bc 55 00 be 05 00 66 01 00 00 12 
04 0a 00 00 00 00 00 00 00 00 16 80 bc 55 00 bf 05 00 66 01 00 00 06 04 0b 00 00 00 00 00 00 00 
00 16 80 bc 55 00 c0 05 00 8e 01 00 00 03 04 05 00 00 00 00 00 00 00 00 16 80 bc 55 00 c1 05 00 
8e 01 00 00 12 04 0f 00 00 00 00 00 00 00 00 16 80 bc 55 00 c2 05 00 8e 01 00 00 77 04 05 00 00 
00 00 00 00 00 00 16 80 bc 55 00 c3 05 00 cd 01 00 00 e5 03 05 00 00 00 00 00 00 00 00 16 80 bc 
55 00 c4 05 00 cd 01 00 00 73 04 05 00 00 00 00 00 00 00 00 16 80 bc 55 00 c5 05 00 cd 01 00 00 
e3 03 0f 00 00 00 00 00 00 00 00 16 80 bc 55 00 c6 05 00 d5 01 00 00 e3 03 05 00 00 00 00 00 00 
00 00 16 80 bc 55 00 c7 05 00 36 02 00 00 37 02 0a 00 00 00 00 00 00 00 00 16 80 bc 55 00 c8 05 
00 74 02 00 00 34 02 1e 00 00 00 00 00 00 00 00 16 80 bc 45 03 11 00 00 02 00 00 00 11 00 32 00 
00 00 00 00 00 00 00 16 80 bc 45 03 35 04 00 62 00 00 00 35 04 00 00 00 00 00 00 00 00 00 16 80 
bc 45 03 3d 04 00 43 00 00 00 3d 04 00 00 00 00 00 00 00 00 00 16 80 bc 45 03 3e 04 00 4f 01 00 
00 3e 04 00 00 00 00 00 00 00 00 00 16 80 bc 45 03 3f 04 00 64 01 00 00 3f 04 00 00 00 00 00 00 
00 00 00 16 80 bc 45 03 40 04 00 d5 01 00 00 40 04 00 00 00 00 00 00 00 00 00 16 80 bc 05 03 d6 
04 00 d4 04 00 00 d6 04 00 00 00 00 00 00 00 00 00 0b 80 bd 05 11 00 00 00 00 00 00 01 00 5a 06 
16 80 bc 56 00 85 05 00 0a 95 00 00 06 04 02 00 00 00 01 00 00 00 00 16 80 bc 56 00 86 05 00 0a 
95 00 00 b4 00 11 00 00 00 01 00 00 00 00 16 80 bc 56 00 87 05 00 0a 95 00 00 b5 00 11 00 00 00 
01 00 00 00 00 16 80 bc 56 00 88 05 00 0a 95 00 00 07 04 02 00 00 00 01 00 00 00 00 16 80 bc 56 
00 c9 05 00 0a 95 00 00 06 04 02 00 00 00 00 00 00 00 00 16 80 bc 56 00 ca 05 00 0a 95 00 00 b4 
00 11 00 00 00 00 00 00 00 00 
....A....U....b.................U....b.................U....Z...............D....U....Z.........
........U....d.................U....f...{.............U....f.................U....f.............
....U......................U......................U........w.............U......................
U........s.............U......................U......................U....6...7.............U...
.t...4.............E..........2...........E.5..b...5.............E.=..C...=.............E.>..O..
.>.............E.?..d...?.............E.@......@..............................................Z.
...V......................V......................V......................V......................V
......................V...................

Client->GAME [16:59:38 07/14/09] packet size: 1 CRYPTED, Flags: 3f ServerSeq: 8 ClientSeq: 7
02 
.

Client->GAME [16:59:38 07/14/09] packet size: 1 CRYPTED, Flags: 7f ServerSeq: 9 ClientSeq: 8
02 
.

GAME->Client [16:59:38 07/14/09] packet size: 696 CRYPTED, Flags: 3f ServerSeq: 10 ClientSeq: 6
02 04 01 00 60 1e 16 80 bc 56 00 cb 05 00 0a 95 00 00 b5 00 11 00 00 00 00 00 00 00 00 16 80 bc 
56 00 cc 05 00 0a 95 00 00 07 04 02 00 00 00 00 00 00 00 00 16 80 bc 56 00 89 05 00 8a b2 00 00 
23 04 02 00 00 00 01 00 00 00 00 16 80 bc 56 00 8a 05 00 8a b2 00 00 21 04 01 00 00 00 01 00 00 
00 00 16 80 bc 56 00 8b 05 00 8a b2 00 00 b4 00 1d 00 00 00 01 00 00 00 00 16 80 bc 56 00 8c 05 
00 8a b2 00 00 09 04 1d 00 00 00 01 00 00 00 00 16 80 bc 56 00 8d 05 00 8a b2 00 00 9d 00 1d 00 
00 00 01 00 00 00 00 16 80 bc 56 00 8e 05 00 8a b2 00 00 06 04 01 00 00 00 01 00 00 00 00 16 80 
bc 56 00 cd 05 00 8a b2 00 00 23 04 02 00 00 00 00 00 00 00 00 16 80 bc 56 00 ce 05 00 8a b2 00 
00 21 04 01 00 00 00 00 00 00 00 00 16 80 bc 56 00 cf 05 00 8a b2 00 00 b4 00 1d 00 00 00 00 00 
00 00 00 16 80 bc 56 00 d0 05 00 8a b2 00 00 09 04 1d 00 00 00 00 00 00 00 00 16 80 bc 56 00 d1 
05 00 8a b2 00 00 9d 00 1d 00 00 00 00 00 00 00 00 16 80 bc 56 00 d2 05 00 8a b2 00 00 06 04 01 
00 00 00 00 00 00 00 00 16 80 bc 56 00 8f 05 00 24 b3 00 00 89 02 02 00 00 00 01 00 00 00 00 16 
80 bc 56 00 90 05 00 24 b3 00 00 1a 04 01 00 00 00 01 00 00 00 00 16 80 bc 56 00 91 05 00 24 b3 
00 00 b4 00 21 00 00 00 01 00 00 00 00 16 80 bc 56 00 92 05 00 24 b3 00 00 09 04 21 00 00 00 01 
00 00 00 00 16 80 bc 56 00 93 05 00 24 b3 00 00 15 04 02 00 00 00 01 00 00 00 00 16 80 bc 56 00 
94 05 00 24 b3 00 00 b5 00 21 00 00 00 01 00 00 00 00 16 80 bc 56 00 d3 05 00 24 b3 00 00 89 02 
02 00 00 00 00 00 00 00 00 16 80 bc 56 00 d4 05 00 24 b3 00 00 1a 04 01 00 00 00 00 00 00 00 00 
16 80 bc 56 00 d5 05 00 24 b3 00 00 b4 00 21 00 00 00 00 00 00 00 00 16 80 bc 56 00 d6 05 00 24 
b3 00 00 09 04 21 00 00 00 00 00 00 00 00 16 80 bc 56 00 d7 05 00 24 b3 00 00 15 04 02 00 00 00 
00 00 00 00 00 16 80 bc 56 00 d8 05 00 24 b3 00 00 b5 00 21 00 00 00 00 00 00 00 00 16 80 bc 56 
00 95 05 00 95 a7 00 00 b4 00 12 00 00 00 01 00 00 00 00 16 80 bc 56 00 96 05 00 95 a7 00 00 b5 
00 12 00 00 00 01 00 00 00 00 16 80 bc 56 00 97 05 00 95 a7 00 00 09 04 12 00 00 00 01 00 00 00 
00 16 80 bc 56 00 98 05 00 95 a7 00 00 70 00 0f 00 00 00 01 00 00 00 00 
....`....V......................V......................V........#.............V........!........
.....V......................V......................V......................V.....................
.V........#.............V........!.............V......................V......................V..
....................V......................V....$.................V....$.................V....$.
....!...........V....$.....!...........V....$.................V....$.....!...........V....$.....
............V....$.................V....$.....!...........V....$.....!...........V....$.........
........V....$.....!...........V......................V......................V..................
....V........p..........

Client->GAME [16:59:38 07/14/09] packet size: 1 CRYPTED, Flags: 7f ServerSeq: 10 ClientSeq: 9
02 
.

GAME->Client [16:59:38 07/14/09] packet size: 699 CRYPTED, Flags: 7f ServerSeq: 11 ClientSeq: 8
02 04 02 00 7e 1b 16 80 bc 56 00 d9 05 00 95 a7 00 00 b4 00 12 00 00 00 00 00 00 00 00 16 80 bc 
56 00 da 05 00 95 a7 00 00 b5 00 12 00 00 00 00 00 00 00 00 16 80 bc 56 00 db 05 00 95 a7 00 00 
09 04 12 00 00 00 00 00 00 00 00 16 80 bc 56 00 dc 05 00 95 a7 00 00 70 00 0f 00 00 00 00 00 00 
00 00 16 80 bc 56 00 99 05 00 2c b3 00 00 17 04 01 00 00 00 01 00 00 00 00 16 80 bc 56 00 9a 05 
00 2c b3 00 00 b4 00 21 00 00 00 01 00 00 00 00 16 80 bc 56 00 9b 05 00 2c b3 00 00 09 04 21 00 
00 00 01 00 00 00 00 16 80 bc 56 00 9c 05 00 2c b3 00 00 12 04 02 00 00 00 01 00 00 00 00 16 80 
bc 56 00 9d 05 00 2c b3 00 00 07 04 02 00 00 00 01 00 00 00 00 16 80 bc 56 00 9e 05 00 2c b3 00 
00 b5 00 21 00 00 00 01 00 00 00 00 16 80 bc 56 00 dd 05 00 2c b3 00 00 17 04 01 00 00 00 00 00 
00 00 00 16 80 bc 56 00 de 05 00 2c b3 00 00 b4 00 21 00 00 00 00 00 00 00 00 16 80 bc 56 00 df 
05 00 2c b3 00 00 09 04 21 00 00 00 00 00 00 00 00 16 80 bc 56 00 e0 05 00 2c b3 00 00 12 04 02 
00 00 00 00 00 00 00 00 16 80 bc 56 00 e1 05 00 2c b3 00 00 07 04 02 00 00 00 00 00 00 00 00 16 
80 bc 56 00 e2 05 00 2c b3 00 00 b5 00 21 00 00 00 00 00 00 00 00 16 80 bc 56 00 9f 05 00 c3 b2 
00 00 89 02 02 00 00 00 01 00 00 00 00 16 80 bc 56 00 a0 05 00 c3 b2 00 00 21 04 02 00 00 00 01 
00 00 00 00 16 80 bc 56 00 a1 05 00 c3 b2 00 00 b4 00 1f 00 00 00 01 00 00 00 00 16 80 bc 56 00 
a2 05 00 c3 b2 00 00 09 04 1f 00 00 00 01 00 00 00 00 16 80 bc 56 00 a3 05 00 c3 b2 00 00 1e 04 
01 00 00 00 01 00 00 00 00 16 80 bc 56 00 a4 05 00 c3 b2 00 00 9d 00 1f 00 00 00 01 00 00 00 00 
16 80 bc 56 00 e3 05 00 c3 b2 00 00 89 02 02 00 00 00 00 00 00 00 00 16 80 bc 56 00 e4 05 00 c3 
b2 00 00 21 04 02 00 00 00 00 00 00 00 00 16 80 bc 56 00 e5 05 00 c3 b2 00 00 b4 00 1f 00 00 00 
00 00 00 00 00 16 80 bc 56 00 e6 05 00 c3 b2 00 00 09 04 1f 00 00 00 00 00 00 00 00 16 80 bc 56 
00 e7 05 00 c3 b2 00 00 1e 04 01 00 00 00 00 00 00 00 00 00 99 03 16 80 bc 56 00 e8 05 00 c3 b2 
00 00 9d 00 1f 00 00 00 00 00 00 00 00 16 80 bc 15 00 a6 05 00 11 00 00 00 ab 00 0d 00 00 00 01 
00 00 00 00 16 80 bc 15 00 a7 05 00 11 00 00 00 0a 02 4d 00 00 00 01 00 00 00 00 
....~....V......................V......................V......................V........p........
.....V....,.................V....,.....!...........V....,.....!...........V....,................
.V....,.................V....,.....!...........V....,.................V....,.....!...........V..
..,.....!...........V....,.................V....,.................V....,.....!...........V......
................V........!.............V......................V......................V..........
............V......................V......................V........!.............V..............
........V......................V.........................V......................................
..................M........

Client->GAME [16:59:38 07/14/09] packet size: 1 CRYPTED, Flags: 7f ServerSeq: 11 ClientSeq: 10
02 
.

GAME->Client [16:59:38 07/14/09] packet size: 725 CRYPTED, Flags: 7f ServerSeq: 12 ClientSeq: 9
02 03 01 00 0c 57 02 9f cd ab 13 8e 53 69 6c 76 65 72 20 44 72 61 67 6f 6e 20 48 6f 72 6e 00 00 
00 00 00 00 00 00 00 00 00 00 00 00 00 10 00 00 22 d5 01 48 38 1c 00 c6 01 80 c3 f5 09 00 58 4c 
0a 00 28 00 00 00 f2 b9 f5 e5 c0 00 00 00 00 00 c0 57 40 00 00 00 a0 16 94 d0 c0 c0 01 82 02 a8 
10 a3 02 b2 09 a3 02 07 08 00 00 81 ed 1a 00 00 02 04 17 00 00 01 00 0c 57 02 a4 cd ab 11 8e 53 
69 6c 76 65 72 20 44 72 61 67 6f 6e 20 48 6f 72 6e 00 00 00 00 00 00 00 00 00 00 00 00 00 00 00 
10 00 00 22 d4 1c 38 1c 00 c6 01 80 c1 f5 09 00 58 00 00 00 3b c5 ea e2 c0 00 00 00 00 00 f8 8b 
40 00 00 00 f4 d1 8c d2 c0 c0 01 82 02 a8 10 a3 02 b2 09 a3 02 07 08 00 00 81 ed 1a 00 00 02 04 
15 00 00 01 00 0c 57 02 a5 cd ab 12 8e 53 69 6c 76 65 72 20 44 72 61 67 6f 6e 20 53 63 61 6c 65 
00 00 00 00 00 00 00 00 00 00 00 00 00 00 10 00 00 22 d4 36 37 1c 00 c6 01 80 c1 f4 09 00 58 00 
00 00 6c 59 be e0 c0 00 00 00 00 00 c0 57 40 00 00 00 50 35 48 d6 c0 c0 01 83 05 03 a8 10 c2 01 
b2 09 c2 01 07 08 00 00 81 ed 1a 00 00 02 04 13 00 00 01 00 08 29 1b 55 00 60 11 0a cd ab 02 88 
00 00 00 00 f3 04 35 3f 00 00 00 00 f3 04 35 3f 02 00 00 00 00 00 f2 e2 c0 00 00 00 00 00 08 81 
40 00 00 00 00 00 ec d3 c0 11 00 00 01 00 08 50 02 d3 00 60 11 4d cd ab 02 09 00 00 00 00 00 7e 
e3 c0 00 00 00 00 00 40 60 40 00 00 00 00 80 30 d3 c0 00 00 00 00 f2 04 35 bf 00 00 00 00 f3 04 
35 3f 0b 00 00 00 00 04 01 00 9c 0c 16 80 bc 15 00 a8 05 00 11 00 00 00 f2 03 34 00 00 00 01 00 
00 00 00 16 80 bc 15 00 a9 05 00 11 00 00 00 ed 03 4d 00 00 00 01 00 00 00 00 16 80 bc 15 00 aa 
05 00 11 00 00 00 9f 00 19 00 00 00 01 00 00 00 00 16 80 bc 15 00 ab 05 00 11 00 00 00 f1 03 34 
00 00 00 01 00 00 00 00 16 80 bc 15 00 ac 05 00 11 00 00 00 0c 02 34 00 00 00 01 00 00 00 00 16 
80 bc 15 00 ad 05 00 11 00 00 00 b7 00 4d 00 00 00 01 00 00 00 00 16 80 bc 15 00 ae 05 00 11 00 
00 00 f3 03 46 00 00 00 01 00 00 00 00 0b 80 bd 05 11 00 00 00 00 00 00 00 16 80 bc 15 00 e9 05 
00 11 00 00 00 ab 00 0d 00 00 00 00 00 00 00 00 16 80 bc 15 00 ea 05 00 11 00 00 00 0a 02 4d 00 
00 00 00 00 00 00 00 16 80 bc 15 00 eb 05 00 11 00 00 00 f2 03 34 00 00 00 00 00 00 00 00 16 80 
bc 15 00 ec 05 00 11 00 00 00 ed 03 4d 00 00 00 00 00 00 00 00 
.....W......Silver Dragon Horn.................."..H8.........XL..(..............W@.............
........................W......Silver Dragon Horn.................."..8.........X...;...........
@.....................................W......Silver Dragon Scale.................".67.........X.
..lY.........W@...P5H................................).U.`............5?......5?................
@..............P...`.M.........~.......@`@.....0........5.......5?........................4.....
.................M.............................................4......................4.........
.............M......................F.........................................................M.
.....................4......................M........

GAME->Client [16:59:38 07/14/09] packet size: 717 CRYPTED, Flags: 7f ServerSeq: 13 ClientSeq: 10
02 03 01 00 02 13 00 13 00 02 0c 2c cb f2 05 c7 00 00 be 42 aa 41 b2 c6 01 00 0c 57 02 a6 cd ab 
11 8e 53 69 6c 76 65 72 20 44 72 61 67 6f 6e 20 48 6f 72 6e 00 00 00 00 00 00 00 00 00 00 00 00 
00 00 00 10 00 00 22 d4 e0 38 1c 00 c6 01 80 c1 f5 09 00 58 00 00 00 74 4f c8 e0 c0 00 00 00 00 
00 c0 57 40 00 00 00 98 7d 35 d6 c0 c0 01 82 02 a8 10 a3 02 b2 09 a3 02 07 08 00 00 81 ed 1a 00 
00 02 04 0f 00 00 01 00 0c 57 02 a7 cd ab 13 8e 53 69 6c 76 65 72 20 44 72 61 67 6f 6e 20 53 63 
61 6c 65 00 00 00 00 00 00 00 00 00 00 00 00 00 00 10 00 00 22 d4 60 37 1c 00 c6 01 80 d1 f4 09 
00 58 0a 00 00 00 d0 c2 e6 e0 c0 00 00 00 00 00 c0 57 40 00 00 00 c0 56 b7 d6 c0 c0 01 83 01 03 
a8 10 c2 01 b2 09 c2 01 07 08 00 00 81 ed 1a 00 00 02 04 0d 00 00 01 00 0c 57 02 a8 cd ab 11 8e 
53 69 6c 76 65 72 20 44 72 61 67 6f 6e 20 48 6f 72 6e 00 00 00 00 00 00 00 00 00 00 00 00 00 00 
00 10 00 00 22 d4 24 38 1c 00 c6 01 80 c1 f5 09 00 58 00 00 00 7b 48 9c e2 c0 00 00 00 00 00 f8 
8b 40 00 00 00 c0 6b c0 d2 c0 c0 01 82 02 a8 10 a3 02 b2 09 a3 02 07 08 00 00 81 ed 1a 00 00 02 
04 09 00 00 01 00 0c 57 02 9c cd ab 13 8e 53 69 6c 76 65 72 20 44 72 61 67 6f 6e 20 48 6f 72 6e 
00 00 00 00 00 00 00 00 00 00 00 00 00 00 00 10 00 00 22 d4 97 38 1c 00 c6 01 80 d1 f5 09 00 58 
0a 00 00 00 31 e3 c0 e2 c0 00 00 00 00 00 c0 57 40 00 00 00 c8 ef cd d0 c0 c0 01 83 01 02 a8 10 
a3 02 b2 09 a3 02 07 08 00 00 81 ed 1a 00 00 02 04 07 00 00 00 00 04 01 00 a8 0b 16 80 bc 15 00 
ed 05 00 11 00 00 00 9f 00 19 00 00 00 00 00 00 00 00 16 80 bc 15 00 ee 05 00 11 00 00 00 f1 03 
34 00 00 00 00 00 00 00 00 16 80 bc 15 00 ef 05 00 11 00 00 00 0c 02 34 00 00 00 00 00 00 00 00 
16 80 bc 15 00 f0 05 00 11 00 00 00 b7 00 4d 00 00 00 00 00 00 00 00 16 80 bc 15 00 f1 05 00 11 
00 00 00 f3 03 46 00 00 00 00 00 00 00 00 0b 80 bd 05 11 00 00 00 00 00 00 01 16 80 bc 15 00 e9 
05 00 11 00 00 00 ab 00 0d 00 00 00 01 00 00 00 00 16 80 bc 15 00 ea 05 00 11 00 00 00 0a 02 4d 
00 00 00 01 00 00 00 00 16 80 bc 15 00 eb 05 00 11 00 00 00 f2 03 34 00 00 00 01 00 00 00 00 16 
80 bc 15 00 ec 05 00 11 00 00 00 ed 03 4d 00 00 00 01 00 00 00 00 16 80 bc 15 00 ed 05 00 11 00 
00 00 9f 00 19 00 00 00 01 00 00 00 00 
...........,.......B.A.....W......Silver Dragon Horn.................."..8.........X...tO.......
..W@....}5...............................W......Silver Dragon Scale.................".`7........
.X...............W@....V.................................W......Silver Dragon Horn..............
....".$8.........X...{H..........@....k................................W......Silver Dragon Horn
.................."..8.........X....1..........W@...............................................
................................4......................4......................M.................
.....F.........................................................M......................4.........
.............M...............................

Client->GAME [16:59:38 07/14/09] packet size: 1 CRYPTED, Flags: 7f ServerSeq: 12 ClientSeq: 11
02 
.

Client->GAME [16:59:38 07/14/09] packet size: 1 CRYPTED, Flags: 7f ServerSeq: 13 ClientSeq: 12
02 
.

GAME->Client [16:59:38 07/14/09] packet size: 705 CRYPTED, Flags: 7f ServerSeq: 14 ClientSeq: 10
02 03 01 00 02 13 00 13 00 02 0c 22 cb f2 05 c7 00 00 be 42 aa 41 b2 c6 01 00 02 12 00 0d 00 02 
08 5d 26 07 c7 00 00 be 42 f0 da b5 c6 01 00 02 14 00 07 00 02 0e 04 a1 1a 07 16 c7 00 00 be 42 
7e 6f 86 c6 01 00 0c 57 02 9e cd ab 11 8e 53 69 6c 76 65 72 20 44 72 61 67 6f 6e 20 53 6d 6f 6b 
65 00 00 00 00 00 00 00 00 00 00 00 00 00 00 10 00 00 22 d4 f2 39 1c 00 c6 01 80 c1 f2 09 00 58 
00 00 00 78 5f 0b e6 c0 00 00 00 00 00 c0 57 40 00 00 00 48 eb 79 d0 c0 c0 01 82 01 a8 10 84 03 
b2 04 84 03 07 08 00 00 81 ed 1a 00 00 02 04 05 00 00 01 00 0c 57 02 9d cd ab 13 8e 53 69 6c 76 
65 72 20 44 72 61 67 6f 6e 20 48 6f 72 6e 00 00 00 00 00 00 00 00 00 00 00 00 00 00 00 10 00 00 
22 d5 01 b5 38 1c 00 c6 01 80 c3 f5 09 00 58 4c 0a 00 28 00 00 00 67 de 8b e2 c0 00 00 00 00 00 
c0 57 40 00 00 00 70 ab b8 cf c0 c0 01 82 02 a8 10 a3 02 b2 09 a3 02 07 08 00 00 81 ed 1a 00 00 
02 04 03 00 00 00 00 04 01 00 b3 13 16 80 bc 15 00 ee 05 00 11 00 00 00 f1 03 34 00 00 00 01 00 
00 00 00 16 80 bc 15 00 ef 05 00 11 00 00 00 0c 02 34 00 00 00 01 00 00 00 00 16 80 bc 15 00 f0 
05 00 11 00 00 00 b7 00 4d 00 00 00 01 00 00 00 00 16 80 bc 15 00 f1 05 00 11 00 00 00 f3 03 46 
00 00 00 01 00 00 00 00 04 80 b3 11 00 16 80 bc 45 03 11 00 00 02 00 00 00 11 00 32 00 00 00 01 
00 00 00 00 16 80 bc 55 00 a5 05 00 02 00 00 00 cc 00 0c 00 00 00 01 00 00 00 00 08 80 b2 11 00 
32 00 08 02 16 80 bc 45 03 11 00 00 02 00 00 00 11 00 32 00 00 00 00 00 00 00 00 16 80 bc 55 00 
f2 05 00 02 00 00 00 cc 00 0c 00 00 00 00 00 00 00 00 16 80 bc 15 00 f3 05 00 11 00 00 00 ab 00 
0d 00 00 00 00 00 00 00 00 16 80 bc 15 00 f4 05 00 11 00 00 00 0a 02 4d 00 00 00 00 00 00 00 00 
16 80 bc 15 00 f5 05 00 11 00 00 00 f2 03 34 00 00 00 00 00 00 00 00 16 80 bc 15 00 f6 05 00 11 
00 00 00 ed 03 4d 00 00 00 00 00 00 00 00 16 80 bc 15 00 f7 05 00 11 00 00 00 9f 00 19 00 00 00 
00 00 00 00 00 16 80 bc 15 00 f8 05 00 11 00 00 00 f1 03 34 00 00 00 00 00 00 00 00 16 80 bc 15 
00 f9 05 00 11 00 00 00 0c 02 34 00 00 00 00 00 00 00 00 16 80 bc 15 00 fa 05 00 11 00 00 00 b7 
00 4d 00 00 00 00 00 00 00 00 16 80 bc 15 00 fb 05 00 11 00 00 00 f3 03 46 00 00 00 00 00 00 00 
00 
...........".......B.A...........]&.....B......................B~o.....W......Silver Dragon Smok
e................."..9.........X...x_.........W@...H.y...............................W......Silv
er Dragon Horn.................."...8.........XL..(...g..........W@...p.........................
..........................4......................4......................M......................F
................E..........2...........U........................2......E..........2...........U.
.......................................................M......................4.................
.....M.............................................4......................4.....................
.M......................F........

Client->GAME [16:59:38 07/14/09] packet size: 12
00 00 00 00 00 01 04 08 6b b8 a0 01 
........k...

Client->GAME [16:59:38 07/14/09] packet size: 1 CRYPTED, Flags: 7f ServerSeq: 14 ClientSeq: 13
02 
.

