Client->GAME [10:13:15 07/15/09] packet size: 1 CRYPTED, Flags: 7f ServerSeq: 3843 ClientSeq: 4024
02 
.

GAME->Client [10:13:15 07/15/09] packet size: 84 CRYPTED, Flags: 7f ServerSeq: 3940 ClientSeq: 3847
02 03 35 00 02 0c 6c cd ea 83 c7 00 80 fc c3 57 85 83 c7 25 00 06 27 00 40 00 00 00 10 00 00 00 
47 80 80 80 80 80 01 12 19 00 02 0c 57 00 4d 64 c7 00 80 fc c3 80 69 6d c7 0e 00 06 0e 05 f4 4a 
80 82 c7 00 80 fc c3 be 15 83 c7 80 80 80 80 80 01 12 00 00 
..5...l........W...%..'.@.......G...........W.Md......im.......J....................

Client->GAME [10:13:15 07/15/09] packet size: 1 CRYPTED, Flags: 7f ServerSeq: 3844 ClientSeq: 4025
02 
.

GAME->Client [10:13:15 07/15/09] packet size: 221 CRYPTED, Flags: 7f ServerSeq: 3941 ClientSeq: 3848
02 03 35 00 02 0c 62 cd ea 83 c7 00 80 fc c3 57 85 83 c7 1f 00 02 08 52 c4 78 c7 00 80 fc c3 97 
d2 83 c7 19 00 02 0c 4d 00 4d 64 c7 00 80 fc c3 80 69 6d c7 0e 00 06 0e 05 ea 4a 80 82 c7 00 80 
fc c3 be 15 83 c7 ff 00 00 00 10 00 00 00 00 00 01 ff 00 00 00 00 00 00 00 00 00 00 00 00 00 00 
00 00 00 00 00 00 00 00 00 00 00 00 03 ff 00 00 00 00 00 00 00 00 71 02 00 00 00 00 17 00 00 00 
00 00 00 ff 00 00 00 00 00 00 00 00 00 00 00 00 00 00 00 00 00 00 00 00 00 00 00 00 00 00 00 00 
00 00 01 00 71 02 ff 00 00 00 00 00 00 00 00 ec 1a 00 00 4c 0a 00 28 ff 12 00 00 00 00 00 00 00 
00 00 00 00 83 09 00 58 37 08 00 00 1f 07 08 00 00 00 00 00 00 22 00 00 00 00 00 00 00 
..5...b........W.......R.x.............M.Md......im.......J.....................................
......................q.............................................q..............L..(.........
.......X7............".......

Client->GAME [10:13:15 07/15/09] packet size: 1 CRYPTED, Flags: 7f ServerSeq: 3845 ClientSeq: 4026
02 
.

GAME->Client [10:13:15 07/15/09] packet size: 254 CRYPTED, Flags: 7f ServerSeq: 3942 ClientSeq: 3849
02 03 35 00 02 0c 58 cd ea 83 c7 00 80 fc c3 57 85 83 c7 19 00 02 0c 43 00 4d 64 c7 00 80 fc c3 
80 69 6d c7 0e 00 06 0c e0 4a 80 82 c7 00 80 fc c3 be 15 83 c7 ff 00 00 00 10 00 00 00 00 00 01 
ff 00 00 00 00 00 00 00 00 00 00 00 00 00 00 00 00 00 00 00 00 00 00 00 00 00 00 03 ff 00 00 00 
00 00 00 00 00 71 02 00 00 00 00 17 00 00 00 00 00 00 ff 00 00 00 00 00 00 00 00 00 00 00 00 00 
00 00 00 00 00 00 00 00 00 00 00 00 00 00 00 00 00 01 00 71 02 ff 00 00 00 00 00 00 00 00 ec 1a 
00 00 4c 0a 00 28 ff 12 00 00 00 00 00 00 00 00 00 00 00 83 09 00 58 37 08 00 00 1f 07 08 00 00 
00 00 00 00 22 00 00 00 00 00 0c 00 02 08 a9 e7 83 c7 00 80 fc c3 7d ca 6d c7 0b 00 02 08 60 23 
78 c7 00 80 fc c3 21 61 83 c7 09 00 02 0e 04 96 92 92 65 c7 00 80 fc c3 af e7 6f c7 00 00 
..5...X........W.......C.Md......im......J......................................................
.....q.............................................q..............L..(................X7........
....".................}.m.....`#x.....!a..........e.......o...

Client->GAME [10:13:15 07/15/09] packet size: 1 CRYPTED, Flags: 7f ServerSeq: 3846 ClientSeq: 4027
02 
.

GAME->Client [10:13:15 07/15/09] packet size: 238 CRYPTED, Flags: 7f ServerSeq: 3943 ClientSeq: 3850
02 03 35 00 02 0c 4e cd ea 83 c7 00 80 fc c3 57 85 83 c7 29 00 02 08 d7 0f 78 c7 00 20 8a c4 46 
9b 6b c7 19 00 02 0c 39 00 4d 64 c7 00 80 fc c3 80 69 6d c7 0e 00 06 0c d6 4a 80 82 c7 00 80 fc 
c3 be 15 83 c7 ff 00 00 00 10 00 00 00 00 00 01 ff 00 00 00 00 00 00 00 00 00 00 00 00 00 00 00 
00 00 00 00 00 00 00 00 00 00 00 03 ff 00 00 00 00 00 00 00 00 71 02 00 00 00 00 17 00 00 00 00 
00 00 ff 00 00 00 00 00 00 00 00 00 00 00 00 00 00 00 00 00 00 00 00 00 00 00 00 00 00 00 00 00 
00 01 00 71 02 ff 00 00 00 00 00 00 00 00 ec 1a 00 00 4c 0a 00 28 ff 12 00 00 00 00 00 00 00 00 
00 00 00 83 09 00 58 37 08 00 00 1f 07 08 00 00 00 00 00 00 22 00 00 00 00 00 09 00 02 0e 04 a0 
92 92 65 c7 00 80 fc c3 af e7 6f c7 00 00 
..5...N........W...).....x.. ..F.k.....9.Md......im......J......................................
.....................q.............................................q..............L..(..........
......X7............".............e.......o...

Client->GAME [10:13:15 07/15/09] packet size: 1 CRYPTED, Flags: 7f ServerSeq: 3847 ClientSeq: 4028
02 
.

GAME->Client [10:13:15 07/15/09] packet size: 222 CRYPTED, Flags: 7f ServerSeq: 3944 ClientSeq: 3851
02 03 35 00 02 0c 44 cd ea 83 c7 00 80 fc c3 57 85 83 c7 19 00 02 0c 2f 00 4d 64 c7 00 80 fc c3 
80 69 6d c7 0e 00 06 0e 01 cc ac 85 82 c7 00 80 fc c3 1c 14 83 c7 ff 00 00 00 10 00 00 00 00 00 
01 ff 00 00 00 00 00 00 00 00 00 00 00 00 00 00 00 00 00 00 00 00 00 00 00 00 00 00 03 ff 00 00 
00 00 00 00 00 00 71 02 00 00 00 00 17 00 00 00 00 00 00 ff 00 00 00 00 00 00 00 00 00 00 00 00 
00 00 00 00 00 00 00 00 00 00 00 00 00 00 00 00 00 00 01 00 71 02 ff 00 00 00 00 00 00 00 00 ec 
1a 00 00 4c 0a 00 28 ff 12 00 00 00 00 00 00 00 00 00 00 00 83 09 00 58 37 08 00 00 1f 07 08 00 
00 00 00 00 00 22 00 00 00 00 00 09 00 02 0c aa 92 92 65 c7 00 80 fc c3 af e7 6f c7 00 00 
..5...D........W......./.Md......im.............................................................
......q.............................................q..............L..(................X7.......
....."............e.......o...

Client->GAME [10:13:15 07/15/09] packet size: 1 CRYPTED, Flags: 7f ServerSeq: 3848 ClientSeq: 4029
02 
.

GAME->Client [10:13:15 07/15/09] packet size: 233 CRYPTED, Flags: 7f ServerSeq: 3945 ClientSeq: 3852
02 03 35 00 02 0c 3a cd ea 83 c7 00 80 fc c3 57 85 83 c7 33 00 04 80 80 80 80 80 10 40 00 19 00 
02 0c 25 00 4d 64 c7 00 80 fc c3 80 69 6d c7 0e 00 06 0e 01 c2 d6 90 82 c7 00 80 fc c3 df 12 83 
c7 ff 00 00 00 10 00 00 00 00 00 01 ff 00 00 00 00 00 00 00 00 00 00 00 00 00 00 00 00 00 00 00 
00 00 00 00 00 00 00 03 ff 00 00 00 00 00 00 00 00 71 02 00 00 00 00 17 00 00 00 00 00 00 ff 00 
00 00 00 00 00 00 00 00 00 00 00 00 00 00 00 00 00 00 00 00 00 00 00 00 00 00 00 00 00 01 00 71 
02 ff 00 00 00 00 00 00 00 00 ec 1a 00 00 4c 0a 00 28 ff 12 00 00 00 00 00 00 00 00 00 00 00 83 
09 00 58 37 08 00 00 1f 07 08 00 00 00 00 00 00 22 00 00 00 00 00 09 00 02 0c b4 92 92 65 c7 00 
80 fc c3 af e7 6f c7 00 00 
..5...:........W...3........@.....%.Md......im..................................................
.................q.............................................q..............L..(..............
..X7............"............e.......o...

Client->GAME [10:13:15 07/15/09] packet size: 1 CRYPTED, Flags: 7f ServerSeq: 3849 ClientSeq: 4030
02 
.

GAME->Client [10:13:15 07/15/09] packet size: 238 CRYPTED, Flags: 7f ServerSeq: 3946 ClientSeq: 3853
02 03 35 00 02 0e 01 30 cd ea 83 c7 00 80 fc c3 57 85 83 c7 19 00 02 0c 1b 00 4d 64 c7 00 80 fc 
c3 80 69 6d c7 17 00 02 08 41 40 83 c7 00 80 fc c3 4d 43 81 c7 0e 00 06 0c bd 0e 9c 82 c7 00 80 
fc c3 b3 13 83 c7 ff 00 00 00 10 00 00 00 00 00 01 ff 00 00 00 00 00 00 00 00 00 00 00 00 00 00 
00 00 00 00 00 00 00 00 00 00 00 00 03 ff 00 00 00 00 00 00 00 00 71 02 00 00 00 00 17 00 00 00 
00 00 00 ff 00 00 00 00 00 00 00 00 00 00 00 00 00 00 00 00 00 00 00 00 00 00 00 00 00 00 00 00 
00 00 01 00 71 02 ff 00 00 00 00 00 00 00 00 ec 1a 00 00 4c 0a 00 28 ff 12 00 00 00 00 00 00 00 
00 00 00 00 83 09 00 58 37 08 00 00 1f 07 08 00 00 00 00 00 00 22 00 00 00 00 00 09 00 02 0c be 
92 92 65 c7 00 80 fc c3 af e7 6f c7 00 00 
..5....0........W.........Md......im.....A@......MC.............................................
......................q.............................................q..............L..(.........
.......X7............"............e.......o...

Client->GAME [10:13:15 07/15/09] packet size: 1 CRYPTED, Flags: 7f ServerSeq: 3850 ClientSeq: 4031
02 
.

GAME->Client [10:13:15 07/15/09] packet size: 60 CRYPTED, Flags: 7f ServerSeq: 3947 ClientSeq: 3853
82 05 b2 f6 48 03 35 00 02 0e 01 26 64 e1 83 c7 00 80 fc c3 39 7f 83 c7 19 00 02 0c 11 00 4d 64 
c7 00 80 fc c3 80 69 6d c7 09 00 02 0c c8 92 92 65 c7 00 80 fc c3 af e7 6f c7 00 00 
....H.5....&d.......9.........Md......im........e.......o...

Client->GAME [10:13:15 07/15/09] packet size: 1 CRYPTED, Flags: 7f ServerSeq: 3851 ClientSeq: 4032
02 
.

GAME->Client [10:13:16 07/15/09] packet size: 56 CRYPTED, Flags: 7f ServerSeq: 3948 ClientSeq: 3855
02 03 35 00 02 0c 1d a5 d9 83 c7 00 80 fc c3 16 77 83 c7 19 00 02 0e 01 07 d0 47 64 c7 00 80 fc 
c3 a7 53 6d c7 09 00 02 0c d2 92 92 65 c7 00 80 fc c3 af e7 6f c7 00 00 
..5.............w.........Gd......Sm........e.......o...

Client->GAME [10:13:16 07/15/09] packet size: 1 CRYPTED, Flags: 7f ServerSeq: 3852 ClientSeq: 4033
02 
.

GAME->Client [10:13:16 07/15/09] packet size: 57 CRYPTED, Flags: 7f ServerSeq: 3949 ClientSeq: 3840
02 03 29 00 02 0e 05 36 12 95 77 c7 00 20 8a c4 22 8c 6b c7 19 00 02 0e 01 00 42 47 64 c7 00 80 
fc c3 2a 3d 6d c7 09 00 02 0c dc 92 92 65 c7 00 80 fc c3 af e7 6f c7 00 00 
..)....6..w.. ..".k.......BGd.....*=m........e.......o...

Client->GAME [10:13:16 07/15/09] packet size: 1 CRYPTED, Flags: 7f ServerSeq: 3853 ClientSeq: 4034
02 
.

GAME->Client [10:13:16 07/15/09] packet size: 115 CRYPTED, Flags: 7f ServerSeq: 3950 ClientSeq: 3840
02 03 35 00 02 2e 06 81 00 8c 2e 00 25 00 88 00 01 1d f1 ca 83 c7 00 80 fc c3 0b 66 83 c7 29 00 
02 0e 05 2c 12 95 77 c7 00 20 8a c4 22 8c 6b c7 1f 00 02 08 1a 14 79 c7 00 80 fc c3 a6 2f 84 c7 
0c 00 02 08 86 2c 84 c7 00 80 fc c3 60 3e 6e c7 0b 00 02 08 ae ab 78 c7 00 80 fc c3 eb 9b 83 c7 
09 00 02 0c e6 92 92 65 c7 00 80 fc c3 af e7 6f c7 00 00 
..5.........%..............f..)....,..w.. ..".k.......y....../.......,......`>n.......x.........
.......e.......o...

Client->GAME [10:13:16 07/15/09] packet size: 1 CRYPTED, Flags: 7f ServerSeq: 3854 ClientSeq: 4035
02 
.

GAME->Client [10:13:16 07/15/09] packet size: 40 CRYPTED, Flags: 7f ServerSeq: 3951 ClientSeq: 3841
02 03 29 00 02 0e 05 22 12 95 77 c7 00 20 8a c4 22 8c 6b c7 09 00 02 0e 00 f0 92 92 65 c7 00 80 
fc c3 af e7 6f c7 00 00 
..)...."..w.. ..".k.........e.......o...

Client->GAME [10:13:16 07/15/09] packet size: 1 CRYPTED, Flags: 7f ServerSeq: 3855 ClientSeq: 4036
02 
.

GAME->Client [10:13:16 07/15/09] packet size: 55 CRYPTED, Flags: 7f ServerSeq: 3952 ClientSeq: 3843
02 03 29 00 02 0c 18 12 95 77 c7 00 20 8a c4 22 8c 6b c7 0e 00 02 08 63 df 82 c7 00 80 fc c3 aa 
18 83 c7 09 00 02 0e 00 fa 92 92 65 c7 00 80 fc c3 af e7 6f c7 00 00 
..)......w.. ..".k.....c...................e.......o...

Client->GAME [10:13:16 07/15/09] packet size: 1 CRYPTED, Flags: 7f ServerSeq: 3840 ClientSeq: 4037
02 
.

GAME->Client [10:13:16 07/15/09] packet size: 38 CRYPTED, Flags: 7f ServerSeq: 3953 ClientSeq: 3844
02 03 29 00 02 0c 0e 12 95 77 c7 00 20 8a c4 22 8c 6b c7 09 00 02 0c ff 92 92 65 c7 00 80 fc c3 
af e7 6f c7 00 00 
..)......w.. ..".k........e.......o...

Client->GAME [10:13:16 07/15/09] packet size: 1 CRYPTED, Flags: 7f ServerSeq: 3841 ClientSeq: 4038
02 
.

GAME->Client [10:13:16 07/15/09] packet size: 37 CRYPTED, Flags: 7f ServerSeq: 3954 ClientSeq: 3845
02 03 29 00 02 0c 04 12 95 77 c7 00 20 8a c4 22 8c 6b c7 17 00 02 08 11 eb 82 c7 00 80 fc c3 4a 
26 81 c7 00 00 
..)......w.. ..".k.............J&....

Client->GAME [10:13:16 07/15/09] packet size: 1 CRYPTED, Flags: 7f ServerSeq: 3842 ClientSeq: 4039
02 
.

GAME->Client [10:13:16 07/15/09] packet size: 60 CRYPTED, Flags: 7f ServerSeq: 3955 ClientSeq: 3845
02 03 35 00 02 08 35 a6 83 c7 00 80 fc c3 75 3b 83 c7 29 00 02 0c fa 12 95 77 c7 00 20 8a c4 22 
8c 6b c7 09 00 02 2c 00 40 00 00 00 10 ff 92 92 65 c7 00 80 fc c3 af e7 6f c7 00 00 
..5...5.......u;..)......w.. ..".k....,.@.......e.......o...

Client->GAME [10:13:16 07/15/09] packet size: 1 CRYPTED, Flags: 7f ServerSeq: 3843 ClientSeq: 4040
02 
.

GAME->Client [10:13:17 07/15/09] packet size: 41 CRYPTED, Flags: 7f ServerSeq: 3956 ClientSeq: 3847
82 29 b2 f6 48 03 29 00 02 0c f0 12 95 77 c7 00 20 8a c4 22 8c 6b c7 19 00 02 08 a4 48 64 c7 00 
80 fc c3 ac 9f 6c c7 00 00 
.)..H.)......w.. ..".k......Hd.......l...

Client->GAME [10:13:17 07/15/09] packet size: 1 CRYPTED, Flags: 7f ServerSeq: 3844 ClientSeq: 4041
02 
.

GAME->Client [10:13:17 07/15/09] packet size: 56 CRYPTED, Flags: 7f ServerSeq: 3957 ClientSeq: 3848
02 03 29 00 02 0c e6 12 95 77 c7 00 20 8a c4 22 8c 6b c7 17 00 02 0c 32 22 cb 82 c7 00 80 fc c3 
4d 1b 81 c7 06 00 02 0e 01 d6 5d bc 78 c7 00 20 8a c4 48 ac 6a c7 00 00 
..)......w.. ..".k.....2".......M.........].x.. ..H.j...

Client->GAME [10:13:17 07/15/09] packet size: 13 CRYPTED, Flags: 7f ServerSeq: 3844 ClientSeq: 4042
02 04 01 00 3f 01 06 81 51 2f 00 73 00 
....?...Q/.s.

Client->GAME [10:13:17 07/15/09] packet size: 1 CRYPTED, Flags: 7f ServerSeq: 3845 ClientSeq: 4043
02 
.

GAME->Client [10:13:17 07/15/09] packet size: 69 CRYPTED, Flags: 7f ServerSeq: 3958 ClientSeq: 3849
02 03 29 00 02 0c dc 12 95 77 c7 00 20 8a c4 22 8c 6b c7 1f 00 02 08 02 5b 79 c7 00 80 fc c3 5b 
82 84 c7 0c 00 02 08 60 71 84 c7 00 80 fc c3 3f b2 6e c7 0b 00 02 08 f7 33 79 c7 00 80 fc c3 b2 
d6 83 c7 00 00 
..)......w.. ..".k......[y.....[.......`q......?.n......3y...........

Client->GAME [10:13:17 07/15/09] packet size: 1 CRYPTED, Flags: 7f ServerSeq: 3846 ClientSeq: 4044
02 
.

GAME->Client [10:13:17 07/15/09] packet size: 69 CRYPTED, Flags: 7f ServerSeq: 3959 ClientSeq: 3850
02 03 29 00 02 0c d2 12 95 77 c7 00 20 8a c4 22 8c 6b c7 17 00 02 2e 00 40 00 00 00 10 01 32 e3 
b5 82 c7 00 80 fc c3 fe 13 81 c7 06 00 02 2e 00 40 00 00 00 10 05 d1 44 d9 78 c7 00 20 8a c4 f5 
9a 6a c7 00 00 
..)......w.. ..".k......@.....2.................@......D.x.. ....j...

Client->GAME [10:13:17 07/15/09] packet size: 1 CRYPTED, Flags: 7f ServerSeq: 3847 ClientSeq: 4045
02 
.

GAME->Client [10:13:17 07/15/09] packet size: 40 CRYPTED, Flags: 7f ServerSeq: 3960 ClientSeq: 3852
02 03 29 00 02 0e 00 c8 12 95 77 c7 00 20 8a c4 22 8c 6b c7 06 00 02 0e 05 c7 44 d9 78 c7 00 20 
8a c4 f5 9a 6a c7 00 00 
..).......w.. ..".k.......D.x.. ....j...

Client->GAME [10:13:17 07/15/09] packet size: 1 CRYPTED, Flags: 7f ServerSeq: 3848 ClientSeq: 4046
02 
.

GAME->Client [10:13:17 07/15/09] packet size: 90 CRYPTED, Flags: 7f ServerSeq: 3961 ClientSeq: 3853
02 03 29 00 02 0e 00 c1 12 95 77 c7 00 20 8a c4 22 8c 6b c7 19 00 02 0c fc 1f 4b 64 c7 00 80 fc 
c3 3e 2f 6c c7 0e 00 02 08 59 44 83 c7 00 80 fc c3 1d 20 83 c7 0c 00 02 0e 04 a8 e0 86 84 c7 00 
80 fc c3 9b d6 6e c7 06 00 02 0c bd 44 d9 78 c7 00 20 8a c4 f5 9a 6a c7 00 00 
..).......w.. ..".k.......Kd.....>/l.....YD....... ..................n......D.x.. ....j...

Client->GAME [10:13:17 07/15/09] packet size: 1 CRYPTED, Flags: 7f ServerSeq: 3849 ClientSeq: 4047
02 
.

GAME->Client [10:13:17 07/15/09] packet size: 55 CRYPTED, Flags: 7f ServerSeq: 3962 ClientSeq: 3854
02 03 17 00 02 08 f9 95 82 c7 00 80 fc c3 03 09 81 c7 0c 00 02 0e 04 b2 e0 86 84 c7 00 80 fc c3 
9b d6 6e c7 06 00 02 0c b3 44 d9 78 c7 00 20 8a c4 f5 9a 6a c7 00 00 
..................................n......D.x.. ....j...

Client->GAME [10:13:17 07/15/09] packet size: 1 CRYPTED, Flags: 7f ServerSeq: 3850 ClientSeq: 4048
02 
.

GAME->Client [10:13:17 07/15/09] packet size: 73 CRYPTED, Flags: 7f ServerSeq: 3963 ClientSeq: 3855
02 03 35 00 02 08 6b 6b 83 c7 00 80 fc c3 4e f7 82 c7 17 00 02 0e 05 2d ae 90 82 c7 00 80 fc c3 
1e 07 81 c7 0c 00 02 0c bc e0 86 84 c7 00 80 fc c3 9b d6 6e c7 06 00 02 0e 00 a9 44 d9 78 c7 00 
20 8a c4 f5 9a 6a c7 00 00 
..5...kk......N........-...........................n.......D.x.. ....j...

Client->GAME [10:13:17 07/15/09] packet size: 1 CRYPTED, Flags: 7f ServerSeq: 3851 ClientSeq: 4049
02 
.

GAME->Client [10:13:18 07/15/09] packet size: 78 CRYPTED, Flags: 7f ServerSeq: 3964 ClientSeq: 3840
02 03 2f 00 02 02 04 19 00 02 08 bd 51 64 c7 00 80 fc c3 0c ec 6b c7 17 00 02 0e 05 23 ae 90 82 
c7 00 80 fc c3 1e 07 81 c7 0c 00 02 0c c6 e0 86 84 c7 00 80 fc c3 9b d6 6e c7 06 00 02 0e 00 9f 
44 d9 78 c7 00 20 8a c4 f5 9a 6a c7 00 00 
../.........Qd.......k......#...........................n.......D.x.. ....j...

Client->GAME [10:13:18 07/15/09] packet size: 1 CRYPTED, Flags: 7f ServerSeq: 3852 ClientSeq: 4050
02 
.

GAME->Client [10:13:18 07/15/09] packet size: 94 CRYPTED, Flags: 7f ServerSeq: 3965 ClientSeq: 3841
82 4d b2 f6 48 03 2f 00 02 0e 04 15 fd 86 76 c7 50 75 0c c4 1a 81 79 c7 1f 00 02 0c 90 0e 99 79 
c7 00 80 fc c3 ba ca 84 c7 17 00 02 0c 19 ae 90 82 c7 00 80 fc c3 1e 07 81 c7 0c 00 02 0c d0 e0 
86 84 c7 00 80 fc c3 9b d6 6e c7 06 00 02 0c 9d 44 d9 78 c7 00 20 8a c4 f5 9a 6a c7 00 00 
.M..H./.......v.Pu....y........y.........................................n......D.x.. ....j...

Client->GAME [10:13:18 07/15/09] packet size: 1 CRYPTED, Flags: 7f ServerSeq: 3853 ClientSeq: 4051
02 
.

GAME->Client [10:13:18 07/15/09] packet size: 74 CRYPTED, Flags: 7f ServerSeq: 3966 ClientSeq: 3842
02 03 2f 00 02 0e 01 1f 3a 7f 76 c7 b0 18 0b c4 f2 78 79 c7 17 00 02 0c 0f ae 90 82 c7 00 80 fc 
c3 1e 07 81 c7 10 00 02 0e 05 c8 cd 12 77 c7 00 20 8a c4 0d 8a 6a c7 0c 00 02 0c da e0 86 84 c7 
00 80 fc c3 9b d6 6e c7 00 00 
../.....:.v......xy..........................w.. ....j................n...

Client->GAME [10:13:18 07/15/09] packet size: 1 CRYPTED, Flags: 7f ServerSeq: 3854 ClientSeq: 4052
02 
.

GAME->Client [10:13:18 07/15/09] packet size: 111 CRYPTED, Flags: 7f ServerSeq: 3967 ClientSeq: 3843
02 03 2f 00 02 0e 01 29 06 6d 76 c7 50 e7 07 c4 cb 6b 79 c7 25 00 02 02 05 1f 00 02 08 c8 aa 79 
c7 00 80 fc c3 67 df 84 c7 17 00 02 0c 05 ae 90 82 c7 00 80 fc c3 1e 07 81 c7 10 00 02 0e 05 be 
cd 12 77 c7 00 20 8a c4 0d 8a 6a c7 0c 00 02 0c e4 e0 86 84 c7 00 80 fc c3 9b d6 6e c7 0b 00 02 
08 4b cd 79 c7 00 80 fc c3 d4 18 84 c7 00 00 
../....).mv.P....ky.%..........y.....g............................w.. ....j................n....
.K.y...........

Client->GAME [10:13:18 07/15/09] packet size: 1 CRYPTED, Flags: 7f ServerSeq: 3855 ClientSeq: 4053
02 
.

GAME->Client [10:13:18 07/15/09] packet size: 91 CRYPTED, Flags: 7f ServerSeq: 3968 ClientSeq: 3844
02 03 2f 00 02 0c 2b 73 59 76 c7 20 78 04 c4 b4 60 79 c7 25 00 02 0e 05 3d 64 36 84 c7 00 80 fc 
c3 b6 d3 80 c7 17 00 02 0c fb ae 90 82 c7 00 80 fc c3 1e 07 81 c7 10 00 02 0e 01 b4 83 1d 77 c7 
00 20 8a c4 4c 8d 6a c7 0c 00 02 0c ee e0 86 84 c7 00 80 fc c3 9b d6 6e c7 00 00 
../...+sYv. x...`y.%....=d6...................................w.. ..L.j................n...

Client->GAME [10:13:18 07/15/09] packet size: 14 CRYPTED, Flags: 7f ServerSeq: 3840 ClientSeq: 4054
02 04 01 00 40 01 07 40 2f 00 73 00 01 6b 
....@..@/.s..k

GAME->Client [10:13:18 07/15/09] packet size: 99 CRYPTED, Flags: 7f ServerSeq: 3969 ClientSeq: 3845
02 03 25 00 02 0c 33 64 36 84 c7 00 80 fc c3 b6 d3 80 c7 17 00 02 0c f1 ae 90 82 c7 00 80 fc c3 
1e 07 81 c7 10 00 02 0e 01 aa 72 31 77 c7 00 20 8a c4 a4 97 6a c7 0e 00 02 08 1d 9e 83 c7 00 80 
fc c3 75 26 83 c7 0c 00 02 0c f8 e0 86 84 c7 00 80 fc c3 9b d6 6e c7 07 00 04 80 80 80 80 80 01 
10 00 00 
..%...3d6.................................r1w.. ....j.............u&.................n..........
...

Client->GAME [10:13:18 07/15/09] packet size: 1 CRYPTED, Flags: 7f ServerSeq: 3841 ClientSeq: 4055
02 
.

GAME->Client [10:13:18 07/15/09] packet size: 177 CRYPTED, Flags: 7f ServerSeq: 3970 ClientSeq: 3846
02 03 02 00 03 01 0c 00 80 80 80 80 80 80 01 00 00 10 01 25 00 02 0c 29 64 36 84 c7 00 80 fc c3 
b6 d3 80 c7 17 00 02 0e 00 e7 ae 90 82 c7 00 80 fc c3 1e 07 81 c7 10 00 02 0c a8 26 44 77 c7 00 
20 8a c4 23 a4 6a c7 0c 00 02 0e 00 02 e0 86 84 c7 00 80 fc c3 9b d6 6e c7 00 00 04 02 01 aa 02 
16 80 bc 1d 00 88 00 00 9e 02 00 00 72 00 b0 ff ff ff 00 00 00 00 00 16 80 bc 15 00 89 00 00 9e 
02 00 00 70 00 b0 ff ff ff 00 00 00 00 00 01 ac 02 02 4e 01 1c 47 00 03 00 01 02 44 00 00 00 00 
00 4a 00 51 00 84 00 78 00 1a 00 06 00 00 00 00 00 
...................%...)d6.................................&Dw.. ..#.j.................n........
............r......................p..............N..G.....D.....J.Q...x.........

Client->GAME [10:13:18 07/15/09] packet size: 1 CRYPTED, Flags: 7f ServerSeq: 3842 ClientSeq: 4056
02 
.

GAME->Client [10:13:18 07/15/09] packet size: 218 CRYPTED, Flags: 7f ServerSeq: 3971 ClientSeq: 3846
02 03 01 00 0c 37 00 a1 cd ab 02 05 00 00 00 8c 81 c7 ee c0 00 00 00 00 e8 33 7f c0 00 00 40 7f 
01 2a ef c0 5f 46 1d 1e 2b 00 00 35 00 02 08 a1 30 83 c7 00 80 fc c3 27 b3 82 c7 2f 00 04 80 80 
80 80 80 80 02 00 00 10 00 25 00 02 0c 1f 64 36 84 c7 00 80 fc c3 b6 d3 80 c7 1f 00 02 0e 05 8b 
ac c9 79 c7 00 80 fc c3 9d 03 85 c7 17 00 02 0e 00 dd ae 90 82 c7 00 80 fc c3 1e 07 81 c7 0e 00 
02 2a 00 40 00 00 00 10 01 95 b4 83 c7 00 80 fc c3 d6 27 83 c7 0c 00 02 0e 00 0b e0 86 84 c7 00 
80 fc c3 9b d6 6e c7 00 00 04 01 01 ae 03 06 46 2f 00 73 00 01 1c 47 00 03 00 01 02 44 00 00 00 
00 00 4a 00 51 00 84 00 78 00 1a 00 04 00 00 00 00 00 07 40 2f 00 73 00 00 6b 
.....7...................3....@..*.._F..+..5....0......'.../.............%....d6................
..y..............................*.@..............'..................n.........F/.s...G.....D...
..J.Q...x..........@/.s..k

Client->GAME [10:13:18 07/15/09] packet size: 1 CRYPTED, Flags: 7f ServerSeq: 3843 ClientSeq: 4057
02 
.

GAME->Client [10:13:18 07/15/09] packet size: 391 CRYPTED, Flags: 7f ServerSeq: 3972 ClientSeq: 3847
02 03 02 00 02 80 84 28 80 80 80 80 01 00 00 10 01 01 00 02 a7 00 2b 00 01 00 00 00 8c 81 c7 ee 
c0 00 00 00 00 e8 33 7f c0 00 00 40 7f 01 2a ef c0 01 00 00 00 03 00 00 00 02 00 f3 00 2f 00 73 
00 01 01 02 a3 02 9a 02 00 cd c1 41 00 30 b8 c0 cc 92 2c 43 00 6c 98 40 00 00 20 c1 c4 bb 07 42 
01 00 01 00 13 01 00 00 a3 02 34 05 35 05 03 14 52 00 00 8b 0b 00 24 54 52 00 00 8b 0b 00 24 67 
23 00 00 8b 0b 00 24 00 00 00 00 00 00 00 00 00 00 00 00 00 00 00 00 44 00 00 00 34 00 00 00 00 
10 00 10 00 00 00 00 01 00 00 00 00 00 00 00 01 00 00 00 00 00 00 00 c7 09 00 00 2f 00 04 80 80 
80 80 80 80 03 06 08 00 00 00 00 10 00 25 00 02 0c 19 64 36 84 c7 00 80 fc c3 b6 d3 80 c7 1f 00 
02 0e 05 85 ac c9 79 c7 00 80 fc c3 9d 03 85 c7 17 00 02 0e 00 d9 ae 90 82 c7 00 80 fc c3 1e 07 
81 c7 12 00 01 08 04 40 d3 23 76 c7 00 80 fc c3 79 a3 78 c7 0e 00 02 0e 01 be 96 bb 83 c7 00 80 
fc c3 2e 28 83 c7 00 00 04 01 01 b1 01 59 45 00 00 01 00 01 00 03 00 01 02 44 00 00 00 00 00 4a 
00 51 00 84 00 78 00 00 00 00 01 02 34 00 00 00 00 00 47 00 60 00 37 00 46 00 00 00 00 00 01 2f 
00 73 00 2f 00 73 00 00 00 00 00 01 08 00 00 00 00 00 00 00 00 00 00 a7 00 b1 ff 72 47 1d 1e 00 
00 00 00 c7 09 00 00 
.......(..............+...............3....@..*............../.s...........A.0....,C.l.@.. ....B
..........4.5...R.....$TR.....$g#.....$................D...4.............................../....
.............%....d6..................y................................@.#v.....y.x.............
...(.........YE..........D.....J.Q...x......4.....G.`.7.F....../.s./.s.....................rG...
.......

GAME->Client [10:13:19 07/15/09] packet size: 73 CRYPTED, Flags: 7f ServerSeq: 3973 ClientSeq: 3848
02 03 25 00 02 0c 0f 64 36 84 c7 00 80 fc c3 b6 d3 80 c7 1f 00 02 0e 05 7b ac c9 79 c7 00 80 fc 
c3 9d 03 85 c7 19 00 02 08 c1 64 64 c7 00 80 fc c3 f8 2a 6b c7 0e 00 02 0e 01 bd ce c6 83 c7 00 
80 fc c3 02 29 83 c7 00 00 
..%....d6...............{..y..............dd......*k................)....

Client->GAME [10:13:19 07/15/09] packet size: 1 CRYPTED, Flags: 7f ServerSeq: 3844 ClientSeq: 4058
02 
.

Client->GAME [10:13:19 07/15/09] packet size: 1 CRYPTED, Flags: 7f ServerSeq: 3845 ClientSeq: 4059
02 
.

GAME->Client [10:13:19 07/15/09] packet size: 42 CRYPTED, Flags: 7f ServerSeq: 3974 ClientSeq: 3849
82 71 b2 f6 48 03 25 00 02 0c 05 64 36 84 c7 00 80 fc c3 b6 d3 80 c7 1f 00 02 0c 71 ac c9 79 c7 
00 80 fc c3 9d 03 85 c7 00 00 
.q..H.%....d6..............q..y...........

Client->GAME [10:13:19 07/15/09] packet size: 1 CRYPTED, Flags: 7f ServerSeq: 3846 ClientSeq: 4060
02 
.

GAME->Client [10:13:19 07/15/09] packet size: 54 CRYPTED, Flags: 7f ServerSeq: 3975 ClientSeq: 3851
02 03 25 00 02 0c fb 64 36 84 c7 00 80 fc c3 b6 d3 80 c7 1f 00 02 0c 67 ac c9 79 c7 00 80 fc c3 
9d 03 85 c7 0b 00 02 08 33 4f 7a c7 00 80 fc c3 db 50 84 c7 00 00 
..%....d6..............g..y.............3Oz......P....

Client->GAME [10:13:19 07/15/09] packet size: 1 CRYPTED, Flags: 7f ServerSeq: 3847 ClientSeq: 4061
02 
.

GAME->Client [10:13:19 07/15/09] packet size: 38 CRYPTED, Flags: 7f ServerSeq: 3976 ClientSeq: 3852
02 03 25 00 02 0c f1 64 36 84 c7 00 80 fc c3 b6 d3 80 c7 1f 00 02 0c 5d ac c9 79 c7 00 80 fc c3 
9d 03 85 c7 00 00 
..%....d6..............]..y...........

Client->GAME [10:13:19 07/15/09] packet size: 1 CRYPTED, Flags: 7f ServerSeq: 3848 ClientSeq: 4062
02 
.

GAME->Client [10:13:19 07/15/09] packet size: 54 CRYPTED, Flags: 7f ServerSeq: 3977 ClientSeq: 3853
02 03 25 00 02 0c e7 64 36 84 c7 00 80 fc c3 b6 d3 80 c7 1f 00 02 0c 53 ac c9 79 c7 00 80 fc c3 
9d 03 85 c7 10 00 02 08 17 c0 77 c7 00 20 8a c4 f4 f6 6a c7 00 00 
..%....d6..............S..y...............w.. ....j...

Client->GAME [10:13:19 07/15/09] packet size: 1 CRYPTED, Flags: 7f ServerSeq: 3849 ClientSeq: 4063
02 
.

GAME->Client [10:13:19 07/15/09] packet size: 273 CRYPTED, Flags: 7f ServerSeq: 3978 ClientSeq: 3854
02 03 45 00 06 0e 05 9f 28 03 79 c7 00 20 8a c4 3f 33 6e c7 80 80 80 80 80 80 01 12 08 00 00 29 
00 06 0c 7c 12 95 77 c7 00 20 8a c4 22 8c 6b c7 80 80 80 80 80 80 01 12 08 00 00 25 00 02 0e 01 
dd a4 3a 84 c7 00 80 fc c3 0b d0 80 c7 1f 00 02 0e 00 49 ac c9 79 c7 00 80 fc c3 9d 03 85 c7 1b 
00 02 0e 05 85 1e 5d 65 c7 00 80 fc c3 17 32 6a c7 13 00 06 0c 04 d0 79 77 c7 00 80 fc c3 fc 77 
82 c7 80 80 80 80 80 80 01 12 08 00 00 11 00 06 0c b6 90 dc 72 c7 00 80 fc c3 f7 d8 77 c7 80 80 
80 80 80 80 01 12 08 00 00 10 00 06 0e 00 7b 17 c0 77 c7 00 20 8a c4 f4 f6 6a c7 80 80 80 80 80 
80 01 12 08 00 00 0e 00 02 08 f2 fe 83 c7 00 80 fc c3 75 2c 83 c7 06 00 06 0c 78 44 d9 78 c7 00 
20 8a c4 f5 9a 6a c7 80 80 80 80 80 80 01 12 08 00 00 05 00 06 0e 04 b6 f4 b7 71 c7 00 80 fc c3 
9c a6 79 c7 80 80 80 80 80 80 01 12 08 00 00 00 00 
..E.....(.y.. ..?3n............)...|..w.. ..".k............%......:...............I..y..........
......]e......2j.......yw......w....................r.......w.................{..w.. ....j......
..................u,......xD.x.. ....j....................q.......y..............

Client->GAME [10:13:19 07/15/09] packet size: 1 CRYPTED, Flags: 7f ServerSeq: 3850 ClientSeq: 4064
02 
.

GAME->Client [10:13:19 07/15/09] packet size: 242 CRYPTED, Flags: 7f ServerSeq: 3979 ClientSeq: 3855
02 03 25 00 02 0e 01 d3 58 44 84 c7 00 80 fc c3 63 ca 80 c7 1f 00 02 0e 00 3f ac c9 79 c7 00 80 
fc c3 9d 03 85 c7 1b 00 02 0e 01 7b be 5b 65 c7 00 80 fc c3 83 48 6a c7 19 00 02 0c fb 43 72 64 
c7 00 80 fc c3 a4 a4 6a c7 10 00 06 0e 00 7b 17 c0 77 c7 00 20 8a c4 f4 f6 6a c7 ff 00 00 00 10 
00 00 00 00 00 01 ff 00 00 00 00 00 00 00 00 00 00 00 00 00 00 00 00 00 00 00 00 00 00 00 00 00 
00 03 ff 00 00 00 00 00 00 00 00 58 02 00 00 00 00 16 00 00 00 00 00 00 ff 00 00 00 00 00 00 00 
00 00 00 00 00 00 00 00 00 00 00 00 00 00 00 00 00 00 00 00 00 00 00 01 00 58 02 ff 00 00 00 00 
00 00 00 00 f0 1a 00 00 00 00 00 00 ff 00 00 00 00 00 00 00 00 00 00 00 00 83 09 00 58 37 08 00 
00 1f 12 08 00 00 00 00 00 00 22 00 00 00 00 00 00 00 
..%.....XD......c........?..y..............{.[e......Hj......Crd.......j......{..w.. ....j......
...........................................X.............................................X......
............................X7............".......

Client->GAME [10:13:19 07/15/09] packet size: 1 CRYPTED, Flags: 7f ServerSeq: 3851 ClientSeq: 4065
02 
.

GAME->Client [10:13:19 07/15/09] packet size: 383 CRYPTED, Flags: 7f ServerSeq: 3980 ClientSeq: 3855
02 03 45 00 06 2e 00 40 00 00 00 10 05 9f 28 03 79 c7 00 20 8a c4 3f 33 6e c7 ff 00 00 00 10 00 
00 00 00 00 01 ff 00 00 00 00 00 00 00 00 00 00 00 00 00 00 00 00 00 00 00 00 00 00 00 00 00 00 
03 ff 00 00 00 00 00 00 00 00 71 02 00 00 00 00 17 00 00 00 00 00 00 ff 00 00 00 00 00 00 00 00 
00 00 00 00 00 00 00 00 00 00 00 00 00 00 00 00 00 00 00 00 00 00 01 00 71 02 ff 00 00 00 00 00 
00 00 00 ec 1a 00 00 4c 0a 00 28 ff 11 00 00 00 00 00 00 00 00 00 00 00 83 09 00 58 37 08 00 00 
1f 12 08 00 00 00 00 00 00 22 00 00 00 00 00 35 00 02 08 44 f1 82 c7 00 80 fc c3 b2 69 82 c7 29 
00 06 2c 00 40 00 00 00 10 7c 12 95 77 c7 00 20 8a c4 22 8c 6b c7 ff 00 00 00 10 00 00 00 00 00 
01 ff 00 00 00 00 00 00 00 00 00 00 00 00 00 00 00 00 00 00 00 00 00 00 00 00 00 00 02 ff 00 00 
00 00 00 00 00 00 84 03 00 00 00 00 16 00 00 00 00 00 00 ff 00 00 00 00 00 00 00 00 00 00 00 00 
00 00 00 00 00 00 00 00 00 00 00 00 00 00 00 00 00 00 01 00 84 03 ff 00 00 00 00 00 00 00 00 c7 
09 00 00 4c 0a 00 28 ff 12 00 00 00 00 00 00 00 00 00 00 00 84 09 00 58 37 08 00 00 1f 12 08 00 
00 00 00 00 00 22 00 00 00 00 00 25 00 02 0e 01 d2 82 4e 84 c7 00 80 fc c3 94 c5 80 c7 00 00 
..E....@......(.y.. ..?3n.................................................q.....................
........................q..............L..(................X7............".....5...D........i..)
..,.@....|..w.. ..".k...........................................................................
...................................L..(................X7............".....%......N............

Client->GAME [10:13:20 07/15/09] packet size: 1 CRYPTED, Flags: 7f ServerSeq: 3852 ClientSeq: 4066
02 
.

GAME->Client [10:13:20 07/15/09] packet size: 54 CRYPTED, Flags: 7f ServerSeq: 3981 ClientSeq: 3841
02 03 1f 00 02 0c 3a ac c9 79 c7 00 80 fc c3 9d 03 85 c7 1b 00 02 0c 73 68 4e 65 c7 00 80 fc c3 
82 73 6a c7 19 00 02 08 3a 77 64 c7 00 80 fc c3 e1 77 6a c7 00 00 
......:..y.............shNe......sj.....:wd......wj...

Client->GAME [10:13:20 07/15/09] packet size: 1 CRYPTED, Flags: 7f ServerSeq: 3853 ClientSeq: 4067
02 
.

GAME->Client [10:13:20 07/15/09] packet size: 14 CRYPTED, Flags: 7f ServerSeq: 3982 ClientSeq: 3842
02 03 45 00 04 80 80 80 80 80 01 12 00 00 
..E...........

Client->GAME [10:13:20 07/15/09] packet size: 1 CRYPTED, Flags: 7f ServerSeq: 3854 ClientSeq: 4068
02 
.

GAME->Client [10:13:20 07/15/09] packet size: 35 CRYPTED, Flags: 7f ServerSeq: 3983 ClientSeq: 3843
82 95 b2 f6 48 03 25 00 02 0c d1 31 6d 84 c7 00 80 fc c3 87 b7 80 c7 0b 00 04 80 80 80 80 80 01 
12 00 00 
....H.%....1m......................

GAME->Client [10:13:20 07/15/09] packet size: 187 CRYPTED, Flags: 7f ServerSeq: 3984 ClientSeq: 3844
02 03 19 00 02 0e 04 05 2e 7c 64 c7 00 80 fc c3 35 4b 6a c7 0b 00 06 08 86 e8 7a c7 00 80 fc c3 
fc 92 84 c7 ff 00 00 00 10 00 00 00 00 00 01 ff 00 00 00 00 00 00 00 00 00 00 00 00 00 00 00 00 
00 00 00 00 00 00 00 00 00 00 02 ff 00 00 00 00 00 00 00 00 84 03 00 00 00 00 16 00 00 00 00 00 
00 ff 00 00 00 00 00 00 00 00 00 00 00 00 00 00 00 00 00 00 00 00 00 00 00 00 00 00 00 00 00 00 
01 00 84 03 ff 00 00 00 00 00 00 00 00 c7 09 00 00 4c 0a 00 28 ff 12 00 00 00 00 00 00 00 00 00 
00 00 85 09 00 58 37 08 00 00 1f 07 08 00 00 00 00 00 00 22 00 00 00 00 00 00 00 
.........|d.....5Kj.......z.....................................................................
.................................................L..(................X7............".......

Client->GAME [10:13:20 07/15/09] packet size: 1 CRYPTED, Flags: 7f ServerSeq: 3855 ClientSeq: 4069
02 
.

Client->GAME [10:13:20 07/15/09] packet size: 1 CRYPTED, Flags: 7f ServerSeq: 3840 ClientSeq: 4070
02 
.

GAME->Client [10:13:20 07/15/09] packet size: 46 CRYPTED, Flags: 7f ServerSeq: 3985 ClientSeq: 3844
02 03 25 00 02 2e 00 40 00 00 00 10 01 d1 a5 81 84 c7 00 80 fc c3 29 ae 80 c7 19 00 02 0e 04 0f 
2e 7c 64 c7 00 80 fc c3 35 4b 6a c7 00 00 
..%....@..............)..........|d.....5Kj...

Client->GAME [10:13:20 07/15/09] packet size: 1 CRYPTED, Flags: 7f ServerSeq: 3841 ClientSeq: 4071
02 
.

GAME->Client [10:13:20 07/15/09] packet size: 319 CRYPTED, Flags: 7f ServerSeq: 3986 ClientSeq: 3845
02 03 45 00 02 0e 00 75 28 03 79 c7 00 20 8a c4 3f 33 6e c7 2b 00 03 00 00 00 bc b1 c5 ee c0 00 
00 00 00 36 97 7f c0 00 00 70 63 19 1d ef c0 02 00 00 00 00 00 00 00 01 01 02 00 00 a3 02 00 b2 
1b 41 00 c0 e6 3e cf a3 8a 42 00 b2 1b c1 00 c0 e6 be cf a3 8a c2 00 00 02 00 9e 16 00 00 cf f8 
a3 0f 52 0e 02 9f 59 00 00 8b 0b 00 24 8c 28 00 00 8b 0b 00 24 e1 4f 00 00 8b 0b 00 24 00 00 00 
00 00 00 00 00 00 00 00 00 00 00 00 00 52 00 00 00 88 00 00 00 00 10 00 10 00 00 00 00 00 00 00 
00 00 00 00 00 00 00 00 00 00 00 00 00 c7 09 00 00 01 00 00 00 bc b1 c5 ee c0 00 00 00 00 36 97 
7f c0 00 00 70 63 19 1d ef c0 19 00 02 0e 04 19 2e 7c 64 c7 00 80 fc c3 35 4b 6a c7 17 00 04 80 
80 80 80 80 01 12 0e 00 02 08 c4 58 84 c7 00 80 fc c3 fa 31 83 c7 05 00 02 0e 00 c9 f4 b7 71 c7 
00 80 fc c3 9c a6 79 c7 00 00 04 01 01 b2 01 2f 47 00 00 00 01 00 00 00 00 00 00 80 00 00 00 00 
00 00 00 00 1a 00 03 00 00 00 01 00 00 00 00 01 03 00 00 00 00 00 80 00 00 00 00 00 00 00 00 
..E....u(.y.. ..?3n.+..............6.....pc......................A...>...B......................
..R...Y.....$.(.....$.O.....$................R................................................6.
....pc...........|d.....5Kj................X.......1..........q.......y......../G...............
...............................

GAME->Client [10:13:20 07/15/09] packet size: 177 CRYPTED, Flags: 7f ServerSeq: 3987 ClientSeq: 3847
02 03 02 00 02 80 04 50 25 00 02 08 19 96 84 c7 00 80 fc c3 ca a4 80 c7 1b 00 02 08 14 24 65 c7 
00 80 fc c3 a4 f3 6a c7 19 00 02 0c 23 2e 7c 64 c7 00 80 fc c3 35 4b 6a c7 12 00 01 08 00 48 0e 
00 02 0c be fe 63 84 c7 00 80 fc c3 aa 32 83 c7 00 00 04 01 01 b3 01 59 45 01 00 02 00 01 00 00 
00 01 00 52 00 00 00 00 80 41 00 3e 00 10 00 26 00 00 00 02 01 03 88 00 00 00 00 80 4e 00 50 00 
0b 00 38 00 00 00 00 00 01 2f 00 73 00 2f 00 73 00 00 00 00 00 08 00 00 00 00 00 00 00 05 00 27 
00 b6 00 aa ff fd 5c 1d 1e 00 00 00 00 c7 09 00 00 
.......P%....................$e.......j.....#.|d.....5Kj......H......c.......2.........YE.......
...R.....A.>...&............N.P...8....../.s./.s...............'......\..........

Client->GAME [10:13:20 07/15/09] packet size: 1 CRYPTED, Flags: 7e ServerSeq: 3843 ClientSeq: 4072
02 
.

GAME->Client [10:13:20 07/15/09] packet size: 121 CRYPTED, Flags: 7f ServerSeq: 3988 ClientSeq: 3847
02 03 45 00 02 2e 00 40 00 00 00 10 00 75 28 03 79 c7 00 20 8a c4 3f 33 6e c7 35 00 02 08 d6 b5 
82 c7 00 80 fc c3 12 26 82 c7 33 00 02 0e 05 03 70 db 62 c7 00 80 fc c3 25 e0 6f c7 25 00 02 0e 
04 d2 5b a0 84 c7 00 80 fc c3 17 a0 80 c7 19 00 02 0c 2d 2e 7c 64 c7 00 80 fc c3 35 4b 6a c7 05 
00 02 2e 00 40 00 00 00 10 00 c9 f4 b7 71 c7 00 80 fc c3 9c a6 79 c7 00 00 
..E....@.....u(.y.. ..?3n.5............&..3.....p.b.....%.o.%.....[...............-.|d.....5Kj..
....@........q.......y...

Client->GAME [10:13:20 07/15/09] packet size: 1 CRYPTED, Flags: 7d ServerSeq: 3844 ClientSeq: 4073
02 
.

GAME->Client [10:13:21 07/15/09] packet size: 302 CRYPTED, Flags: 7f ServerSeq: 3989 ClientSeq: 3848
02 03 33 00 02 0e 05 f9 70 db 62 c7 00 80 fc c3 25 e0 6f c7 2b 00 03 00 00 00 bc b1 c5 ee c0 00 
00 00 00 36 97 7f c0 00 00 70 63 19 1d ef c0 02 00 00 00 00 00 00 00 01 01 02 00 00 a3 02 00 b2 
1b 41 00 c0 e6 3e cf a3 8a 42 00 b2 1b c1 00 c0 e6 be cf a3 8a c2 00 00 02 00 9e 16 00 00 cf f8 
a3 0f 52 0e 02 9f 59 00 00 8b 0b 00 24 8c 28 00 00 8b 0b 00 24 e1 4f 00 00 8b 0b 00 24 00 00 00 
00 00 00 00 00 00 00 00 00 00 00 00 00 52 00 00 00 88 00 00 00 00 10 00 10 00 00 00 00 00 00 00 
00 00 00 00 00 00 00 00 00 00 00 00 00 c7 09 00 00 01 00 00 00 bc b1 c5 ee c0 00 00 00 00 36 97 
7f c0 00 00 70 63 19 1d ef c0 25 00 02 0e 04 dc 5b a0 84 c7 00 80 fc c3 17 a0 80 c7 19 00 02 0c 
37 2e 7c 64 c7 00 80 fc c3 35 4b 6a c7 17 00 04 80 80 80 80 80 01 12 00 00 04 01 01 b2 01 2f 47 
00 00 00 01 00 00 00 00 00 00 80 00 00 00 00 00 00 00 00 1a 00 03 00 00 00 01 00 00 00 00 01 03 
00 00 00 00 00 80 00 00 00 00 00 00 00 00 
..3.....p.b.....%.o.+..............6.....pc......................A...>...B......................
..R...Y.....$.(.....$.O.....$................R................................................6.
....pc....%.....[...............7.|d.....5Kj................../G................................
..............

Client->GAME [10:13:21 07/15/09] packet size: 1 CRYPTED, Flags: 7b ServerSeq: 3845 ClientSeq: 4074
02 
.

GAME->Client [10:13:21 07/15/09] packet size: 55 CRYPTED, Flags: 7f ServerSeq: 3990 ClientSeq: 3849
02 03 33 00 02 0c ef 70 db 62 c7 00 80 fc c3 25 e0 6f c7 25 00 02 0c e6 5b a0 84 c7 00 80 fc c3 
17 a0 80 c7 19 00 02 0c 41 2e 7c 64 c7 00 80 fc c3 35 4b 6a c7 00 00 
..3....p.b.....%.o.%....[...............A.|d.....5Kj...

Client->GAME [10:13:21 07/15/09] packet size: 1 CRYPTED, Flags: 77 ServerSeq: 3846 ClientSeq: 4075
02 
.

GAME->Client [10:13:21 07/15/09] packet size: 136 CRYPTED, Flags: 7f ServerSeq: 3991 ClientSeq: 3850
02 03 33 00 06 0e 00 af 70 db 62 c7 00 80 fc c3 25 e0 6f c7 80 80 80 80 80 80 01 12 08 00 00 25 
00 02 0c f0 5b a0 84 c7 00 80 fc c3 17 a0 80 c7 1b 00 06 0e 00 a5 60 0b 65 c7 00 80 fc c3 6a 3e 
6b c7 80 80 80 80 80 80 01 12 08 00 00 19 00 06 0c 97 2e 7c 64 c7 00 80 fc c3 35 4b 6a c7 80 80 
80 80 80 80 01 12 08 00 00 09 00 06 0e 05 ae 92 92 65 c7 00 80 fc c3 af e7 6f c7 80 80 80 80 80 
80 01 12 08 00 00 00 00 
..3.....p.b.....%.o............%....[.................`.e.....j>k..................|d.....5Kj...
.................e.......o..............

Client->GAME [10:13:21 07/15/09] packet size: 1 CRYPTED, Flags: 6f ServerSeq: 3847 ClientSeq: 4076
02 
.

GAME->Client [10:13:21 07/15/09] packet size: 208 CRYPTED, Flags: 7f ServerSeq: 3992 ClientSeq: 3851
82 b9 b2 f6 48 03 25 00 02 0c fa 5b a0 84 c7 00 80 fc c3 17 a0 80 c7 1b 00 06 0e 00 a5 60 0b 65 
c7 00 80 fc c3 6a 3e 6b c7 ff 00 00 00 10 00 00 00 00 00 01 ff 00 00 00 00 00 00 00 00 00 00 00 
00 00 00 00 00 00 00 00 00 00 00 00 00 00 00 02 ff 00 00 00 00 00 00 00 00 84 03 00 00 00 00 16 
00 00 00 00 00 00 ff 00 00 00 00 00 00 00 00 00 00 00 00 00 00 00 00 00 00 00 00 00 00 00 00 00 
00 00 00 00 00 01 00 84 03 ff 00 00 00 00 00 00 00 00 c7 09 00 00 4c 0a 00 28 ff 01 00 00 00 00 
00 00 00 00 00 00 00 84 09 00 58 37 08 00 00 1f 12 08 00 00 00 00 00 00 22 00 00 00 00 00 0b 00 
02 08 d3 70 7b c7 00 80 fc c3 c6 cd 84 c7 00 00 
....H.%....[.................`.e.....j>k........................................................
......................................................L..(................X7............".......
...p{...........

Client->GAME [10:13:21 07/15/09] packet size: 1 CRYPTED, Flags: 5f ServerSeq: 3848 ClientSeq: 4077
02 
.

GAME->Client [10:13:21 07/15/09] packet size: 57 CRYPTED, Flags: 7f ServerSeq: 3993 ClientSeq: 3852
02 03 25 00 02 0c 04 5b a0 84 c7 00 80 fc c3 17 a0 80 c7 0e 00 02 0e 05 b9 c0 a1 84 c7 00 80 fc 
c3 64 36 83 c7 0b 00 02 0e 05 9e 56 79 7b c7 00 80 fc c3 72 d1 84 c7 00 00 
..%....[.........................d6........Vy{.....r.....

Client->GAME [10:13:21 07/15/09] packet size: 1 CRYPTED, Flags: 3f ServerSeq: 3849 ClientSeq: 4078
02 
.

GAME->Client [10:13:21 07/15/09] packet size: 64 CRYPTED, Flags: 7f ServerSeq: 3994 ClientSeq: 3853
02 03 02 00 02 80 04 28 25 00 02 0e 00 0e 5b a0 84 c7 00 80 fc c3 17 a0 80 c7 0e 00 02 0e 05 af 
c0 a1 84 c7 00 80 fc c3 64 36 83 c7 0b 00 02 0e 05 94 56 79 7b c7 00 80 fc c3 72 d1 84 c7 00 00 
.......(%.....[.........................d6........Vy{.....r.....

Client->GAME [10:13:21 07/15/09] packet size: 1 CRYPTED, Flags: 7f ServerSeq: 3850 ClientSeq: 4079
02 
.

GAME->Client [10:13:21 07/15/09] packet size: 74 CRYPTED, Flags: 7f ServerSeq: 3995 ClientSeq: 3854
02 03 25 00 02 0e 00 18 5b a0 84 c7 00 80 fc c3 17 a0 80 c7 0e 00 02 0c a5 c0 a1 84 c7 00 80 fc 
c3 64 36 83 c7 0b 00 02 0c 8a 56 79 7b c7 00 80 fc c3 72 d1 84 c7 07 00 02 0e 04 85 60 f8 82 c7 
00 80 fc c3 b1 3f 72 c7 00 00 
..%.....[........................d6.......Vy{.....r.........`........?r...

Client->GAME [10:13:21 07/15/09] packet size: 1 CRYPTED, Flags: 7f ServerSeq: 3851 ClientSeq: 4080
02 
.

GAME->Client [10:13:21 07/15/09] packet size: 74 CRYPTED, Flags: 7f ServerSeq: 3996 ClientSeq: 3855
02 03 25 00 02 0c 1c 5b a0 84 c7 00 80 fc c3 17 a0 80 c7 0e 00 02 0e 00 9b c0 a1 84 c7 00 80 fc 
c3 64 36 83 c7 0b 00 02 0c 80 56 79 7b c7 00 80 fc c3 72 d1 84 c7 07 00 02 0e 04 8f 60 f8 82 c7 
00 80 fc c3 b1 3f 72 c7 00 00 
..%....[.........................d6.......Vy{.....r.........`........?r...

Client->GAME [10:13:21 07/15/09] packet size: 1 CRYPTED, Flags: 7f ServerSeq: 3852 ClientSeq: 4081
02 
.

