Client->GAME [16:47:40 07/14/09] packet size: 1 CRYPTED, Flags: ff ServerSeq: 14 ClientSeq: 39
02 
.

GAME->Client [16:47:40 07/14/09] packet size: 1 CRYPTED, Flags: ff ServerSeq: 31 ClientSeq: 6
02 
.

Client->GAME [16:47:40 07/14/09] packet size: 1 CRYPTED, Flags: 7f ServerSeq: 15 ClientSeq: 40
02 
.

GAME->Client [16:47:41 07/14/09] packet size: 5 CRYPTED, Flags: 7f ServerSeq: 32 ClientSeq: 7
82 4b 0e d8 48 
.K..H

Client->GAME [16:47:41 07/14/09] packet size: 1 CRYPTED, Flags: 7f ServerSeq: 0 ClientSeq: 41
02 
.

Client->GAME [16:47:41 07/14/09] packet size: 17 CRYPTED, Flags: 7f ServerSeq: 0 ClientSeq: 42
02 04 01 00 04 01 0a 80 ff 03 00 00 00 18 00 00 00 
.................

GAME->Client [16:47:42 07/14/09] packet size: 696 CRYPTED, Flags: 7f ServerSeq: 33 ClientSeq: 10
02 04 01 00 8a 1e 16 80 bc 15 00 91 00 00 f7 03 00 00 08 02 00 00 00 00 01 00 00 00 00 16 80 bc 
15 00 92 00 00 f7 03 00 00 07 02 ec ff ff ff 01 00 00 00 00 16 80 bc 15 00 93 00 00 f7 03 00 00 
50 04 00 00 00 00 01 00 00 00 00 16 80 bc 15 00 94 00 00 f7 03 00 00 f4 03 00 00 00 00 01 00 00 
00 00 16 80 bc 15 00 95 00 00 f7 03 00 00 51 04 f6 ff ff ff 01 00 00 00 00 16 80 bc 15 00 96 00 
00 f7 03 00 00 52 04 0f 00 00 00 01 00 00 00 00 16 80 bc 11 00 d2 00 00 00 00 00 00 cb 02 00 00 
00 00 01 00 00 00 00 16 80 bc 56 00 d3 00 00 0a 95 00 00 06 04 02 00 00 00 01 00 00 00 00 16 80 
bc 56 00 d4 00 00 0a 95 00 00 b4 00 11 00 00 00 01 00 00 00 00 16 80 bc 56 00 d5 00 00 0a 95 00 
00 b5 00 11 00 00 00 01 00 00 00 00 16 80 bc 56 00 d6 00 00 0a 95 00 00 07 04 02 00 00 00 01 00 
00 00 00 16 80 bc 56 00 d7 00 00 8a b2 00 00 23 04 02 00 00 00 01 00 00 00 00 16 80 bc 56 00 d8 
00 00 8a b2 00 00 21 04 01 00 00 00 01 00 00 00 00 16 80 bc 56 00 d9 00 00 8a b2 00 00 b4 00 1d 
00 00 00 01 00 00 00 00 16 80 bc 56 00 da 00 00 8a b2 00 00 09 04 1d 00 00 00 01 00 00 00 00 16 
80 bc 56 00 db 00 00 8a b2 00 00 9d 00 1d 00 00 00 01 00 00 00 00 16 80 bc 56 00 dc 00 00 8a b2 
00 00 06 04 01 00 00 00 01 00 00 00 00 16 80 bc 56 00 dd 00 00 24 b3 00 00 89 02 02 00 00 00 01 
00 00 00 00 16 80 bc 56 00 de 00 00 24 b3 00 00 1a 04 01 00 00 00 01 00 00 00 00 16 80 bc 56 00 
df 00 00 24 b3 00 00 b4 00 21 00 00 00 01 00 00 00 00 16 80 bc 56 00 e0 00 00 24 b3 00 00 09 04 
21 00 00 00 01 00 00 00 00 16 80 bc 56 00 e1 00 00 24 b3 00 00 15 04 02 00 00 00 01 00 00 00 00 
16 80 bc 56 00 e2 00 00 24 b3 00 00 b5 00 21 00 00 00 01 00 00 00 00 16 80 bc 56 00 e3 00 00 95 
a7 00 00 b4 00 12 00 00 00 01 00 00 00 00 16 80 bc 56 00 e4 00 00 95 a7 00 00 b5 00 12 00 00 00 
01 00 00 00 00 16 80 bc 56 00 e5 00 00 95 a7 00 00 09 04 12 00 00 00 01 00 00 00 00 16 80 bc 56 
00 e6 00 00 95 a7 00 00 70 00 0f 00 00 00 01 00 00 00 00 16 80 bc 56 00 e7 00 00 2c b3 00 00 17 
04 01 00 00 00 01 00 00 00 00 16 80 bc 56 00 e8 00 00 2c b3 00 00 b4 00 21 00 00 00 01 00 00 00 
00 16 80 bc 56 00 e9 00 00 2c b3 00 00 09 04 21 00 00 00 01 00 00 00 00 
................................................................P...............................
..............Q......................R....................................V.....................
.V......................V......................V......................V........#.............V..
......!.............V......................V......................V......................V......
................V....$.................V....$.................V....$.....!...........V....$.....
!...........V....$.................V....$.....!...........V......................V..............
........V......................V........p.............V....,.................V....,.....!.......
....V....,.....!........

Client->GAME [16:47:42 07/14/09] packet size: 1 CRYPTED, Flags: 7f ServerSeq: 1 ClientSeq: 43
02 
.

GAME->Client [16:47:42 07/14/09] packet size: 700 CRYPTED, Flags: 7f ServerSeq: 34 ClientSeq: 10
82 6f 0e d8 48 04 01 00 a8 1e 16 80 bc 56 00 ea 00 00 2c b3 00 00 12 04 02 00 00 00 01 00 00 00 
00 16 80 bc 56 00 eb 00 00 2c b3 00 00 07 04 02 00 00 00 01 00 00 00 00 16 80 bc 56 00 ec 00 00 
2c b3 00 00 b5 00 21 00 00 00 01 00 00 00 00 16 80 bc 56 00 ed 00 00 c3 b2 00 00 89 02 02 00 00 
00 01 00 00 00 00 16 80 bc 56 00 ee 00 00 c3 b2 00 00 21 04 02 00 00 00 01 00 00 00 00 16 80 bc 
56 00 ef 00 00 c3 b2 00 00 b4 00 1f 00 00 00 01 00 00 00 00 16 80 bc 56 00 f0 00 00 c3 b2 00 00 
09 04 1f 00 00 00 01 00 00 00 00 16 80 bc 56 00 f1 00 00 c3 b2 00 00 1e 04 01 00 00 00 01 00 00 
00 00 16 80 bc 56 00 f2 00 00 c3 b2 00 00 9d 00 1f 00 00 00 01 00 00 00 00 16 80 bc 55 00 f3 00 
00 02 00 00 00 cc 00 0c 00 00 00 01 00 00 00 00 16 80 bc 55 00 f4 00 00 0b 00 00 00 37 02 96 00 
00 00 01 00 00 00 00 16 80 bc 55 00 f5 00 00 2d 00 00 00 23 04 0a 00 00 00 01 00 00 00 00 16 80 
bc 55 00 f6 00 00 2d 00 00 00 20 04 0a 00 00 00 01 00 00 00 00 16 80 bc 55 00 f7 00 00 2d 00 00 
00 19 04 05 00 00 00 01 00 00 00 00 16 80 bc 55 00 f8 00 00 2d 00 00 00 42 04 05 00 00 00 01 00 
00 00 00 16 80 bc 55 00 f9 00 00 34 00 00 00 83 02 c8 00 00 00 01 00 00 00 00 16 80 bc 55 00 fa 
00 00 4b 00 00 00 1f 04 19 00 00 00 01 00 00 00 00 16 80 bc 55 00 fb 00 00 5f 00 00 00 7c 04 0f 
00 00 00 01 00 00 00 00 16 80 bc 55 00 fc 00 00 5f 00 00 00 07 04 0f 00 00 00 01 00 00 00 00 16 
80 bc 55 00 fd 00 00 62 00 00 00 06 04 01 00 00 00 01 00 00 00 00 16 80 bc 55 00 fe 00 00 62 00 
00 00 15 04 01 00 00 00 01 00 00 00 00 16 80 bc 55 00 ff 00 00 5a 01 00 00 07 04 05 00 00 00 01 
00 00 00 00 16 80 bc 55 00 00 01 00 5a 01 00 00 1d 04 0f 00 00 00 01 00 00 00 00 16 80 bc 55 00 
01 01 00 64 01 00 00 1f 04 05 00 00 00 01 00 00 00 00 16 80 bc 55 00 02 01 00 66 01 00 00 7b 04 
05 00 00 00 01 00 00 00 00 16 80 bc 55 00 03 01 00 66 01 00 00 12 04 0a 00 00 00 01 00 00 00 00 
16 80 bc 55 00 04 01 00 66 01 00 00 06 04 0b 00 00 00 01 00 00 00 00 16 80 bc 55 00 05 01 00 8e 
01 00 00 03 04 05 00 00 00 01 00 00 00 00 16 80 bc 55 00 06 01 00 8e 01 00 00 12 04 0f 00 00 00 
01 00 00 00 00 16 80 bc 55 00 07 01 00 8e 01 00 00 77 04 05 00 00 00 01 00 00 00 00 
.o..H........V....,.................V....,.................V....,.....!...........V.............
.........V........!.............V......................V......................V.................
.....V......................U......................U........7.............U....-...#............
.U....-... .............U....-.................U....-...B.............U....4.................U..
..K.................U...._...|.............U...._.................U....b.................U....b.
................U....Z.................U....Z.................U....d.................U....f...{.
............U....f.................U....f.................U......................U..............
........U........w..........

Client->GAME [16:47:42 07/14/09] packet size: 1 CRYPTED, Flags: 7f ServerSeq: 2 ClientSeq: 44
02 
.

GAME->Client [16:47:42 07/14/09] packet size: 318 CRYPTED, Flags: 7f ServerSeq: 35 ClientSeq: 11
02 04 02 00 c6 03 16 80 bc 55 00 08 01 00 cd 01 00 00 e5 03 05 00 00 00 01 00 00 00 00 16 80 bc 
55 00 09 01 00 cd 01 00 00 73 04 05 00 00 00 01 00 00 00 00 16 80 bc 55 00 0a 01 00 cd 01 00 00 
e3 03 0f 00 00 00 01 00 00 00 00 00 c9 10 16 80 bc 55 00 0b 01 00 d5 01 00 00 e3 03 05 00 00 00 
01 00 00 00 00 16 80 bc 55 00 0c 01 00 36 02 00 00 37 02 0a 00 00 00 01 00 00 00 00 16 80 bc 55 
00 0d 01 00 74 02 00 00 34 02 1e 00 00 00 01 00 00 00 00 04 80 b3 11 00 16 80 bc 45 03 11 00 00 
02 00 00 00 11 00 32 00 00 00 01 00 00 00 00 04 80 b3 35 04 16 80 bc 45 03 35 04 00 62 00 00 00 
35 04 00 00 00 00 01 00 00 00 00 04 80 b3 3d 04 16 80 bc 45 03 3d 04 00 43 00 00 00 3d 04 00 00 
00 00 01 00 00 00 00 04 80 b3 3e 04 16 80 bc 45 03 3e 04 00 4f 01 00 00 3e 04 00 00 00 00 01 00 
00 00 00 04 80 b3 3f 04 16 80 bc 45 03 3f 04 00 64 01 00 00 3f 04 00 00 00 00 01 00 00 00 00 04 
80 b3 40 04 16 80 bc 45 03 40 04 00 d5 01 00 00 40 04 00 00 00 00 01 00 00 00 00 02 81 07 
.........U......................U........s.............U.........................U..............
........U....6...7.............U....t...4..................E..........2...........5....E.5..b...
5.............=....E.=..C...=.............>....E.>..O...>.............?....E.?..d...?...........
..@....E.@......@.............

Client->GAME [16:47:42 07/14/09] packet size: 13 CRYPTED, Flags: 7f ServerSeq: 3 ClientSeq: 45
02 04 01 00 05 01 06 81 08 00 00 00 00 
.............

GAME->Client [16:47:42 07/14/09] packet size: 1 CRYPTED, Flags: 7f ServerSeq: 36 ClientSeq: 13
02 
.

GAME->Client [16:47:43 07/14/09] packet size: 1 CRYPTED, Flags: 7f ServerSeq: 37 ClientSeq: 13
42 
B

Client->GAME [16:47:43 07/14/09] packet size: 1 CRYPTED, Flags: 7f ServerSeq: 5 ClientSeq: 46
42 
B

GAME->Client [16:47:43 07/14/09] packet size: 1 CRYPTED, Flags: 7f ServerSeq: 38 ClientSeq: 13
42 
B

GAME->Client [16:47:43 07/14/09] packet size: 112 CRYPTED, Flags: 0 ServerSeq: 2 ClientSeq: 0
02 04 01 00 03 02 34 2e 07 00 00 00 00 00 00 00 00 00 00 00 64 00 00 2e 00 24 00 00 00 00 00 00 
00 00 00 00 00 00 00 00 00 00 00 0e 00 41 66 74 65 72 57 68 6f 72 75 4e 65 6f 00 34 2e 07 00 00 
00 00 00 00 00 00 00 00 00 64 00 00 2e 00 24 00 00 00 00 00 00 00 00 00 00 00 00 00 00 00 00 00 
0e 00 41 66 74 65 72 57 68 6f 72 75 4e 65 6f 00 
......4.............d....$...................AfterWhoruNeo.4.............d....$.................
..AfterWhoruNeo.

Client->GAME [16:47:43 07/14/09] packet size: 1 CRYPTED, Flags: 2 ServerSeq: 2 ClientSeq: 1
02 
.

GAME->Client [16:47:44 07/14/09] packet size: 138 CRYPTED, Flags: 1 ServerSeq: 3 ClientSeq: 1
02 04 01 00 00 03 6d 06 0e 00 03 00 00 00 d5 10 d8 48 01 42 00 32 00 72 65 73 6f 75 72 63 65 2f 
77 6f 72 6c 64 73 2f 66 69 6e 61 6c 5f 77 6f 72 6c 64 2f 69 6e 74 65 72 6e 61 74 69 6f 6e 61 6c 
2f 69 74 2e 6d 65 74 72 00 29 00 48 61 6c 6c 6f 77 65 65 6e 5f 45 76 65 6e 74 2c 57 69 6e 74 65 
72 33 50 6c 75 73 48 61 6c 6c 6f 77 65 65 6e 54 53 45 43 00 0a 80 e5 e7 cb c0 12 00 00 00 00 0a 
80 e4 e2 97 79 00 00 00 00 00 
......m..........H.B.2.resource/worlds/final_world/international/it.metr.).Halloween_Event,Winte
r3PlusHalloweenTSEC.................y.....

Client->GAME [16:47:44 07/14/09] packet size: 6 CRYPTED, Flags: 5 ServerSeq: 3 ClientSeq: 2
02 05 02 0c 00 00 
......

GAME->Client [16:47:44 07/14/09] packet size: 1 CRYPTED, Flags: 3 ServerSeq: 4 ClientSeq: 2
02 
.

Client->GAME [16:47:47 07/14/09] packet size: 12
00 00 00 00 00 01 04 08 23 df 95 01 
........#...

Client->GAME [16:47:47 07/14/09] packet size: 8 CRYPTED, Flags: 5 ServerSeq: 3 ClientSeq: 3
02 04 01 00 00 01 01 05 
........

GAME->Client [16:47:47 07/14/09] packet size: 12
00 00 00 00 00 01 04 08 23 df 95 01 
........#...

GAME->Client [16:47:48 07/14/09] packet size: 259 CRYPTED, Flags: 7 ServerSeq: 5 ClientSeq: 3
82 65 11 d8 48 03 01 00 0c 0c 00 a9 cd ab 21 8b 81 ff 71 02 00 00 41 6e 64 65 72 73 6f 6e 00 00 
00 00 00 00 00 00 00 00 00 00 00 00 00 00 00 00 00 00 00 00 00 00 98 eb 93 5c 1a 54 68 6f 6d 61 
73 00 00 00 00 00 00 00 00 00 00 00 00 00 00 00 00 00 00 00 00 00 00 00 00 00 00 80 f8 28 0a 0c 
00 f0 20 46 00 00 00 01 8e 81 ff f7 00 31 5e 00 00 ce 67 00 41 66 74 65 72 57 68 6f 72 75 4e 65 
6f 00 00 00 00 00 00 00 00 00 00 00 00 00 00 00 00 00 00 00 00 00 00 c0 a9 bf e2 40 00 00 00 00 
00 44 91 c0 00 00 00 20 f3 4e bf c0 28 0a fd 64 01 00 00 67 00 75 d4 01 00 4b b1 00 00 00 00 73 
1a e9 88 80 60 04 00 02 8e 00 00 00 f7 00 9d 00 00 00 80 d2 50 d3 40 00 00 00 00 00 90 7f c0 00 
00 00 00 5b ea c5 c0 81 ff 32 22 b0 01 00 14 00 89 25 40 5c 1a a0 1c 01 11 00 00 00 67 00 02 00 
00 00 00 
.e..H.........!...q...Anderson...........................\.Thomas............................(..
.. F.........1^...g.AfterWhoruNeo..........................@.....D..... .N..(..d...g.u...K.....s
....`...............P.@............[.....2"......%@\........g......

Client->GAME [16:47:48 07/14/09] packet size: 55 CRYPTED, Flags: 17 ServerSeq: 5 ClientSeq: 4
02 03 02 00 02 60 08 41 6e 64 65 72 73 6f 6e 06 54 68 6f 6d 61 73 00 00 04 01 00 01 05 02 80 be 
07 3f 4e 00 10 00 00 00 08 3e 6b 00 10 00 00 00 00 02 81 48 02 0c 01 
.....`.Anderson.Thomas...........?N......>k........H...

GAME->Client [16:47:48 07/14/09] packet size: 696 CRYPTED, Flags: f ServerSeq: 6 ClientSeq: 4
02 04 01 00 05 1e 16 80 bc 56 00 15 01 00 0a 95 00 00 06 04 02 00 00 00 01 00 00 00 00 16 80 bc 
56 00 16 01 00 0a 95 00 00 b4 00 11 00 00 00 01 00 00 00 00 16 80 bc 56 00 17 01 00 0a 95 00 00 
b5 00 11 00 00 00 01 00 00 00 00 16 80 bc 56 00 18 01 00 0a 95 00 00 07 04 02 00 00 00 01 00 00 
00 00 16 80 bc 56 00 50 01 00 0a 95 00 00 06 04 02 00 00 00 00 00 00 00 00 16 80 bc 56 00 51 01 
00 0a 95 00 00 b4 00 11 00 00 00 00 00 00 00 00 16 80 bc 56 00 52 01 00 0a 95 00 00 b5 00 11 00 
00 00 00 00 00 00 00 16 80 bc 56 00 53 01 00 0a 95 00 00 07 04 02 00 00 00 00 00 00 00 00 16 80 
bc 56 00 19 01 00 8a b2 00 00 23 04 02 00 00 00 01 00 00 00 00 16 80 bc 56 00 1a 01 00 8a b2 00 
00 21 04 01 00 00 00 01 00 00 00 00 16 80 bc 56 00 1b 01 00 8a b2 00 00 b4 00 1d 00 00 00 01 00 
00 00 00 16 80 bc 56 00 1c 01 00 8a b2 00 00 09 04 1d 00 00 00 01 00 00 00 00 16 80 bc 56 00 1d 
01 00 8a b2 00 00 9d 00 1d 00 00 00 01 00 00 00 00 16 80 bc 56 00 1e 01 00 8a b2 00 00 06 04 01 
00 00 00 01 00 00 00 00 16 80 bc 56 00 54 01 00 8a b2 00 00 23 04 02 00 00 00 00 00 00 00 00 16 
80 bc 56 00 55 01 00 8a b2 00 00 21 04 01 00 00 00 00 00 00 00 00 16 80 bc 56 00 56 01 00 8a b2 
00 00 b4 00 1d 00 00 00 00 00 00 00 00 16 80 bc 56 00 57 01 00 8a b2 00 00 09 04 1d 00 00 00 00 
00 00 00 00 16 80 bc 56 00 58 01 00 8a b2 00 00 9d 00 1d 00 00 00 00 00 00 00 00 16 80 bc 56 00 
59 01 00 8a b2 00 00 06 04 01 00 00 00 00 00 00 00 00 16 80 bc 56 00 1f 01 00 24 b3 00 00 89 02 
02 00 00 00 01 00 00 00 00 16 80 bc 56 00 20 01 00 24 b3 00 00 1a 04 01 00 00 00 01 00 00 00 00 
16 80 bc 56 00 21 01 00 24 b3 00 00 b4 00 21 00 00 00 01 00 00 00 00 16 80 bc 56 00 22 01 00 24 
b3 00 00 09 04 21 00 00 00 01 00 00 00 00 16 80 bc 56 00 23 01 00 24 b3 00 00 15 04 02 00 00 00 
01 00 00 00 00 16 80 bc 56 00 24 01 00 24 b3 00 00 b5 00 21 00 00 00 01 00 00 00 00 16 80 bc 56 
00 5a 01 00 24 b3 00 00 89 02 02 00 00 00 00 00 00 00 00 16 80 bc 56 00 5b 01 00 24 b3 00 00 1a 
04 01 00 00 00 00 00 00 00 00 16 80 bc 56 00 5c 01 00 24 b3 00 00 b4 00 21 00 00 00 00 00 00 00 
00 16 80 bc 56 00 5d 01 00 24 b3 00 00 09 04 21 00 00 00 00 00 00 00 00 
.........V......................V......................V......................V.................
.....V.P....................V.Q....................V.R....................V.S...................
.V........#.............V........!.............V......................V......................V..
....................V......................V.T......#.............V.U......!.............V.V....
................V.W....................V.X....................V.Y....................V....$.....
............V. ..$.................V.!..$.....!...........V."..$.....!...........V.#..$.........
........V.$..$.....!...........V.Z..$.................V.[..$.................V.\..$.....!.......
....V.]..$.....!........

GAME->Client [16:47:49 07/14/09] packet size: 719 CRYPTED, Flags: f ServerSeq: 7 ClientSeq: 4
02 03 01 00 0c 57 02 aa cd ab 12 8e 42 72 6f 74 68 65 72 73 20 6f 66 20 44 65 73 74 69 6e 79 20 
48 61 7a 61 72 64 00 00 00 00 00 00 00 10 00 00 22 d4 b2 03 1c 00 c6 01 80 c1 f9 09 00 58 00 00 
00 70 52 c1 d3 40 00 00 00 00 00 10 73 c0 00 00 00 00 76 c7 bc c0 c0 01 83 05 03 a8 12 f4 01 b2 
09 f4 01 07 08 00 00 81 ef 1a 00 00 02 04 15 00 00 01 00 08 50 02 12 15 80 07 da cd ab 02 09 00 
00 00 00 80 62 d3 40 00 00 00 00 00 50 7d c0 00 00 00 00 00 c7 c5 c0 00 00 00 00 60 83 6c bf 00 
00 00 00 12 ef c3 3e 13 00 00 01 00 0c 57 02 a7 cd ab 11 8e 42 72 6f 74 68 65 72 73 20 6f 66 20 
44 65 73 74 69 6e 79 20 46 72 61 74 65 72 00 00 00 00 00 00 00 10 00 00 22 d4 8e ff 1b 00 c6 01 
80 c1 f8 09 00 58 00 00 00 e0 72 e3 ce 40 00 00 00 00 00 c0 57 40 00 00 00 18 5c 1a ca c0 c0 01 
82 03 a8 11 db 01 b2 09 db 01 07 08 00 00 81 ef 1a 00 00 02 04 11 00 00 01 00 0c 57 02 a6 cd ab 
11 8e 42 72 6f 74 68 65 72 73 20 6f 66 20 44 65 73 74 69 6e 79 20 46 72 61 74 65 72 00 00 00 00 
00 00 00 10 00 00 22 d4 ae ff 1b 00 c6 01 80 c1 f9 09 00 58 00 00 00 90 f3 6e cd 40 00 00 00 00 
00 c0 57 40 00 00 00 40 0f a6 ca c0 c0 01 82 03 a8 11 db 01 b2 09 db 01 07 08 00 00 81 ef 1a 00 
00 02 04 0f 00 00 00 00 04 01 00 23 0e 16 80 bc 56 00 5e 01 00 24 b3 00 00 15 04 02 00 00 00 00 
00 00 00 00 16 80 bc 56 00 5f 01 00 24 b3 00 00 b5 00 21 00 00 00 00 00 00 00 00 16 80 bc 56 00 
25 01 00 95 a7 00 00 b4 00 12 00 00 00 01 00 00 00 00 16 80 bc 56 00 26 01 00 95 a7 00 00 b5 00 
12 00 00 00 01 00 00 00 00 16 80 bc 56 00 27 01 00 95 a7 00 00 09 04 12 00 00 00 01 00 00 00 00 
16 80 bc 56 00 28 01 00 95 a7 00 00 70 00 0f 00 00 00 01 00 00 00 00 16 80 bc 56 00 60 01 00 95 
a7 00 00 b4 00 12 00 00 00 00 00 00 00 00 16 80 bc 56 00 61 01 00 95 a7 00 00 b5 00 12 00 00 00 
00 00 00 00 00 16 80 bc 56 00 62 01 00 95 a7 00 00 09 04 12 00 00 00 00 00 00 00 00 16 80 bc 56 
00 63 01 00 95 a7 00 00 70 00 0f 00 00 00 00 00 00 00 00 16 80 bc 56 00 29 01 00 2c b3 00 00 17 
04 01 00 00 00 01 00 00 00 00 16 80 bc 56 00 2a 01 00 2c b3 00 00 b4 00 21 00 00 00 01 00 00 00 
00 16 80 bc 56 00 2b 01 00 2c b3 00 00 09 04 21 00 00 00 01 00 00 00 00 16 80 bc 56 00 2c 01 00 
2c b3 00 00 12 04 02 00 00 00 01 00 00 00 00 
.....W......Brothers of Destiny Hazard.........."............X...pR..@......s.....v.............
....................P...............b.@.....P}.............`.l........>......W......Brothers of 
Destiny Frater.........."............X....r..@......W@....\................................W....
..Brothers of Destiny Frater.........."............X.....n.@......W@...@........................
...........#....V.^..$.................V._..$.....!...........V.%....................V.&........
............V.'....................V.(......p.............V.`....................V.a............
........V.b....................V.c......p.............V.)..,.................V.*..,.....!.......
....V.+..,.....!...........V.,..,..............

Client->GAME [16:47:49 07/14/09] packet size: 1 CRYPTED, Flags: 2f ServerSeq: 6 ClientSeq: 5
02 
.

Client->GAME [16:47:49 07/14/09] packet size: 1 CRYPTED, Flags: 5f ServerSeq: 7 ClientSeq: 6
02 
.

GAME->Client [16:47:49 07/14/09] packet size: 726 CRYPTED, Flags: f ServerSeq: 8 ClientSeq: 4
02 03 01 00 02 13 00 15 00 02 0c a8 94 0a 9e 46 00 80 98 c3 b0 3b e6 c5 01 00 0c 57 02 a8 cd ab 
11 8e 42 72 6f 74 68 65 72 73 20 6f 66 20 44 65 73 74 69 6e 79 20 46 72 61 74 65 72 00 00 00 00 
00 00 00 10 00 00 22 d4 bb ff 1b 00 c6 01 80 c1 f9 09 00 58 00 00 00 20 ef 61 ce 40 00 00 00 00 
00 c0 57 40 00 00 00 f8 98 13 cb c0 c0 01 82 03 a8 11 db 01 b2 09 db 01 07 08 00 00 81 ef 1a 00 
00 02 04 0d 00 00 01 00 0c 57 02 ab cd ab 11 8e 42 72 6f 74 68 65 72 73 20 6f 66 20 44 65 73 74 
69 6e 79 20 4e 65 6d 65 73 69 73 00 00 00 00 00 00 10 00 00 22 d4 88 04 1c 00 c6 01 80 c1 fa 09 
00 58 00 00 00 87 50 83 d0 40 00 00 00 00 00 10 73 c0 00 00 00 20 10 df bf c0 c0 01 82 02 a8 12 
ee 02 b2 09 ee 02 07 08 00 00 81 ef 1a 00 00 02 04 0b 00 00 01 00 0c 57 02 a4 cd ab 11 8e 42 72 
6f 74 68 65 72 73 20 6f 66 20 44 65 73 74 69 6e 79 20 4e 65 6d 65 73 69 73 00 00 00 00 00 00 10 
00 00 22 d4 f2 04 1c 00 c6 01 80 c1 fa 09 00 58 00 00 00 e4 76 e6 d2 40 00 00 00 00 00 90 7f c0 
00 00 00 50 15 9e c9 c0 c0 01 82 02 a8 12 ee 02 b2 09 ee 02 07 08 00 00 81 ef 1a 00 00 02 04 09 
00 00 01 00 0c 57 02 ac cd ab 13 8e 42 72 6f 74 68 65 72 73 20 6f 66 20 44 65 73 74 69 6e 79 20 
4e 65 6d 65 73 69 73 00 00 00 00 00 00 10 00 00 22 d4 a2 04 1c 00 c6 01 80 d1 fb 09 00 58 0a 00 
00 00 d8 a6 ae d3 40 00 00 00 00 00 10 73 c0 00 00 00 40 be cd bc c0 c0 01 83 01 02 a8 12 ee 02 
b2 09 ee 02 07 08 00 00 81 ef 1a 00 00 02 04 07 00 00 00 00 04 01 00 31 0b 16 80 bc 56 00 2d 01 
00 2c b3 00 00 07 04 02 00 00 00 01 00 00 00 00 16 80 bc 56 00 2e 01 00 2c b3 00 00 b5 00 21 00 
00 00 01 00 00 00 00 16 80 bc 56 00 64 01 00 2c b3 00 00 17 04 01 00 00 00 00 00 00 00 00 16 80 
bc 56 00 65 01 00 2c b3 00 00 b4 00 21 00 00 00 00 00 00 00 00 16 80 bc 56 00 66 01 00 2c b3 00 
00 09 04 21 00 00 00 00 00 00 00 00 16 80 bc 56 00 67 01 00 2c b3 00 00 12 04 02 00 00 00 00 00 
00 00 00 16 80 bc 56 00 68 01 00 2c b3 00 00 07 04 02 00 00 00 00 00 00 00 00 16 80 bc 56 00 69 
01 00 2c b3 00 00 b5 00 21 00 00 00 00 00 00 00 00 16 80 bc 56 00 2f 01 00 c3 b2 00 00 89 02 02 
00 00 00 01 00 00 00 00 16 80 bc 56 00 30 01 00 c3 b2 00 00 21 04 02 00 00 00 01 00 00 00 00 16 
80 bc 56 00 31 01 00 c3 b2 00 00 b4 00 1f 00 00 00 01 00 00 00 00 
...............F.....;.....W......Brothers of Destiny Frater.........."............X... .a.@....
..W@.....................................W......Brothers of Destiny Nemesis........."...........
.X....P..@......s.... .................................W......Brothers of Destiny Nemesis.......
.."............X....v..@...........P.................................W......Brothers of Destiny 
Nemesis........."............X........@......s....@....................................1....V.-.
.,.................V....,.....!...........V.d..,.................V.e..,.....!...........V.f..,..
...!...........V.g..,.................V.h..,.................V.i..,.....!...........V./.........
...........V.0......!.............V.1.................

Client->GAME [16:47:49 07/14/09] packet size: 1 CRYPTED, Flags: 3f ServerSeq: 8 ClientSeq: 7
02 
.

GAME->Client [16:47:49 07/14/09] packet size: 708 CRYPTED, Flags: 3f ServerSeq: 9 ClientSeq: 6
82 8d 11 d8 48 03 01 00 0c 57 02 ad cd ab 12 8e 42 72 6f 74 68 65 72 73 20 6f 66 20 44 65 73 74 
69 6e 79 20 48 61 7a 61 72 64 00 00 00 00 00 00 00 10 00 00 22 d4 ae 03 1c 00 c6 01 80 c1 f9 09 
00 58 00 00 00 98 3e 8b d4 40 00 00 00 00 00 10 73 c0 00 00 00 c0 03 58 be c0 c0 01 83 04 03 a8 
12 f4 01 b2 09 f4 01 07 08 00 00 81 ef 1a 00 00 02 04 05 00 00 01 00 0c 57 02 a5 cd ab 13 8e 42 
72 6f 74 68 65 72 73 20 6f 66 20 44 65 73 74 69 6e 79 20 44 6f 6f 6d 00 00 00 00 00 00 00 00 00 
10 00 00 22 d5 01 38 05 1c 00 c6 01 80 c3 fc 09 00 58 4c 0a 00 28 00 00 00 78 94 61 d3 40 00 00 
00 00 00 90 7f c0 00 00 00 50 bc 6b c8 c0 c0 01 82 01 a8 12 e8 03 b2 04 e8 03 07 08 00 00 81 ef 
1a 00 00 02 04 03 00 00 15 00 02 0c 9e 94 0a 9e 46 00 80 98 c3 b0 3b e6 c5 00 00 04 02 00 3c 08 
16 80 bc 56 00 32 01 00 c3 b2 00 00 09 04 1f 00 00 00 01 00 00 00 00 16 80 bc 56 00 33 01 00 c3 
b2 00 00 1e 04 01 00 00 00 01 00 00 00 00 16 80 bc 56 00 34 01 00 c3 b2 00 00 9d 00 1f 00 00 00 
01 00 00 00 00 16 80 bc 56 00 6a 01 00 c3 b2 00 00 89 02 02 00 00 00 00 00 00 00 00 16 80 bc 56 
00 6b 01 00 c3 b2 00 00 21 04 02 00 00 00 00 00 00 00 00 16 80 bc 56 00 6c 01 00 c3 b2 00 00 b4 
00 1f 00 00 00 00 00 00 00 00 16 80 bc 56 00 6d 01 00 c3 b2 00 00 09 04 1f 00 00 00 00 00 00 00 
00 16 80 bc 56 00 6e 01 00 c3 b2 00 00 1e 04 01 00 00 00 00 00 00 00 00 00 44 0c 16 80 bc 56 00 
6f 01 00 c3 b2 00 00 9d 00 1f 00 00 00 00 00 00 00 00 16 80 bc 15 00 70 01 00 11 00 00 00 ab 00 
0d 00 00 00 00 00 00 00 00 16 80 bc 15 00 71 01 00 11 00 00 00 0a 02 4d 00 00 00 00 00 00 00 00 
16 80 bc 15 00 72 01 00 11 00 00 00 f2 03 34 00 00 00 00 00 00 00 00 16 80 bc 15 00 73 01 00 11 
00 00 00 ed 03 4d 00 00 00 00 00 00 00 00 16 80 bc 15 00 74 01 00 11 00 00 00 9f 00 19 00 00 00 
00 00 00 00 00 16 80 bc 15 00 75 01 00 11 00 00 00 f1 03 34 00 00 00 00 00 00 00 00 16 80 bc 15 
00 76 01 00 11 00 00 00 0c 02 34 00 00 00 00 00 00 00 00 16 80 bc 15 00 77 01 00 11 00 00 00 b7 
00 4d 00 00 00 00 00 00 00 00 16 80 bc 15 00 78 01 00 11 00 00 00 f3 03 46 00 00 00 00 00 00 00 
00 0b 80 bd 05 11 00 00 00 00 00 00 01 16 80 bc 15 00 70 01 00 11 00 00 00 ab 00 0d 00 00 00 01 
00 00 00 00 
....H....W......Brothers of Destiny Hazard.........."............X....>..@......s......X........
........................W......Brothers of Destiny Doom............"..8..........XL..(...x.a.@..
.........P.k....................................F.....;.......<....V.2....................V.3...
.................V.4....................V.j....................V.k......!.............V.l.......
.............V.m....................V.n..................D....V.o......................p........
..............q........M.............r........4.............s........M.............t............
..........u........4.............v........4.............w........M.............x........F.......
..................p.................

Client->GAME [16:47:49 07/14/09] packet size: 1 CRYPTED, Flags: 7f ServerSeq: 9 ClientSeq: 8
02 
.

GAME->Client [16:47:49 07/14/09] packet size: 706 CRYPTED, Flags: 7f ServerSeq: 10 ClientSeq: 7
02 03 01 00 02 13 00 05 00 02 0c b8 f5 59 a4 46 00 80 98 c3 1e c0 f2 c5 15 00 02 0c 94 94 0a 9e 
46 00 80 98 c3 b0 3b e6 c5 00 00 04 01 00 50 1e 16 80 bc 15 00 71 01 00 11 00 00 00 0a 02 4d 00 
00 00 01 00 00 00 00 16 80 bc 15 00 72 01 00 11 00 00 00 f2 03 34 00 00 00 01 00 00 00 00 16 80 
bc 15 00 73 01 00 11 00 00 00 ed 03 4d 00 00 00 01 00 00 00 00 16 80 bc 15 00 74 01 00 11 00 00 
00 9f 00 19 00 00 00 01 00 00 00 00 16 80 bc 15 00 75 01 00 11 00 00 00 f1 03 34 00 00 00 01 00 
00 00 00 16 80 bc 15 00 76 01 00 11 00 00 00 0c 02 34 00 00 00 01 00 00 00 00 16 80 bc 15 00 77 
01 00 11 00 00 00 b7 00 4d 00 00 00 01 00 00 00 00 16 80 bc 15 00 78 01 00 11 00 00 00 f3 03 46 
00 00 00 01 00 00 00 00 04 80 b3 11 00 16 80 bc 45 03 11 00 00 02 00 00 00 11 00 32 00 00 00 01 
00 00 00 00 16 80 bc 55 00 35 01 00 02 00 00 00 cc 00 0c 00 00 00 01 00 00 00 00 08 80 b2 11 00 
32 00 08 02 16 80 bc 45 03 11 00 00 02 00 00 00 11 00 32 00 00 00 00 00 00 00 00 16 80 bc 55 00 
79 01 00 02 00 00 00 cc 00 0c 00 00 00 00 00 00 00 00 16 80 bc 15 00 7a 01 00 11 00 00 00 ab 00 
0d 00 00 00 00 00 00 00 00 16 80 bc 15 00 7b 01 00 11 00 00 00 0a 02 4d 00 00 00 00 00 00 00 00 
16 80 bc 15 00 7c 01 00 11 00 00 00 f2 03 34 00 00 00 00 00 00 00 00 16 80 bc 15 00 7d 01 00 11 
00 00 00 ed 03 4d 00 00 00 00 00 00 00 00 16 80 bc 15 00 7e 01 00 11 00 00 00 9f 00 19 00 00 00 
00 00 00 00 00 16 80 bc 15 00 7f 01 00 11 00 00 00 f1 03 34 00 00 00 00 00 00 00 00 16 80 bc 15 
00 80 01 00 11 00 00 00 0c 02 34 00 00 00 00 00 00 00 00 16 80 bc 15 00 81 01 00 11 00 00 00 b7 
00 4d 00 00 00 00 00 00 00 00 16 80 bc 15 00 82 01 00 11 00 00 00 f3 03 46 00 00 00 00 00 00 00 
00 16 80 bc 55 00 36 01 00 0b 00 00 00 37 02 96 00 00 00 01 00 00 00 00 16 80 bc 55 00 83 01 00 
0b 00 00 00 37 02 96 00 00 00 00 00 00 00 00 16 80 bc 55 00 37 01 00 2d 00 00 00 23 04 0a 00 00 
00 01 00 00 00 00 16 80 bc 55 00 38 01 00 2d 00 00 00 20 04 0a 00 00 00 01 00 00 00 00 16 80 bc 
55 00 39 01 00 2d 00 00 00 19 04 05 00 00 00 01 00 00 00 00 16 80 bc 55 00 3a 01 00 2d 00 00 00 
42 04 05 00 00 00 01 00 00 00 00 16 80 bc 55 00 84 01 00 2d 00 00 00 23 04 0a 00 00 00 00 00 00 
00 00 
.............Y.F................F.....;.......P......q........M.............r........4..........
...s........M.............t......................u........4.............v........4.............w
........M.............x........F................E..........2...........U.5......................
2......E..........2...........U.y......................z......................{........M........
.....|........4.............}........M.............~...............................4............
..........4......................M......................F...........U.6......7.............U....
....7.............U.7..-...#.............U.8..-... .............U.9..-.................U.:..-...
B.............U....-...#..........

Client->GAME [16:47:49 07/14/09] packet size: 1 CRYPTED, Flags: 7f ServerSeq: 10 ClientSeq: 9
02 
.

GAME->Client [16:47:49 07/14/09] packet size: 691 CRYPTED, Flags: 7f ServerSeq: 11 ClientSeq: 8
02 03 15 00 02 0c 8a 94 0a 9e 46 00 80 98 c3 b0 3b e6 c5 05 00 02 0c c2 f5 59 a4 46 00 80 98 c3 
1e c0 f2 c5 00 00 04 02 00 6e 1c 16 80 bc 55 00 85 01 00 2d 00 00 00 20 04 0a 00 00 00 00 00 00 
00 00 16 80 bc 55 00 86 01 00 2d 00 00 00 19 04 05 00 00 00 00 00 00 00 00 16 80 bc 55 00 87 01 
00 2d 00 00 00 42 04 05 00 00 00 00 00 00 00 00 16 80 bc 55 00 3b 01 00 34 00 00 00 83 02 c8 00 
00 00 01 00 00 00 00 16 80 bc 55 00 88 01 00 34 00 00 00 83 02 c8 00 00 00 00 00 00 00 00 04 80 
b3 3d 04 16 80 bc 45 03 3d 04 00 43 00 00 00 3d 04 00 00 00 00 01 00 00 00 00 08 80 b2 3d 04 00 
00 08 02 16 80 bc 45 03 3d 04 00 43 00 00 00 3d 04 00 00 00 00 00 00 00 00 00 16 80 bc 55 00 3c 
01 00 4b 00 00 00 1f 04 19 00 00 00 01 00 00 00 00 16 80 bc 55 00 89 01 00 4b 00 00 00 1f 04 19 
00 00 00 00 00 00 00 00 16 80 bc 55 00 3d 01 00 5f 00 00 00 7c 04 0f 00 00 00 01 00 00 00 00 16 
80 bc 55 00 3e 01 00 5f 00 00 00 07 04 0f 00 00 00 01 00 00 00 00 16 80 bc 55 00 8a 01 00 5f 00 
00 00 7c 04 0f 00 00 00 00 00 00 00 00 16 80 bc 55 00 8b 01 00 5f 00 00 00 07 04 0f 00 00 00 00 
00 00 00 00 16 80 bc 55 00 3f 01 00 62 00 00 00 06 04 01 00 00 00 01 00 00 00 00 04 80 b3 35 04 
16 80 bc 45 03 35 04 00 62 00 00 00 35 04 00 00 00 00 01 00 00 00 00 16 80 bc 55 00 40 01 00 62 
00 00 00 15 04 01 00 00 00 01 00 00 00 00 16 80 bc 55 00 8c 01 00 62 00 00 00 06 04 01 00 00 00 
00 00 00 00 00 08 80 b2 35 04 00 00 08 02 16 80 bc 45 03 35 04 00 62 00 00 00 35 04 00 00 00 00 
00 00 00 00 00 16 80 bc 55 00 8d 01 00 62 00 00 00 15 04 01 00 00 00 00 00 00 00 00 04 80 b3 3e 
04 16 80 bc 45 03 3e 04 00 4f 01 00 00 3e 04 00 00 00 00 01 00 00 00 00 08 80 b2 3e 04 00 00 08 
02 16 80 bc 45 03 3e 04 00 4f 01 00 00 3e 04 00 00 00 00 00 00 00 00 00 16 80 bc 55 00 41 01 00 
5a 01 00 00 07 04 05 00 00 00 01 00 00 00 00 00 8a 05 16 80 bc 55 00 42 01 00 5a 01 00 00 1d 04 
0f 00 00 00 01 00 00 00 00 16 80 bc 55 00 8e 01 00 5a 01 00 00 07 04 05 00 00 00 00 00 00 00 00 
16 80 bc 55 00 8f 01 00 5a 01 00 00 1d 04 0f 00 00 00 00 00 00 00 00 04 80 b3 3f 04 16 80 bc 45 
03 3f 04 00 64 01 00 00 3f 04 00 00 00 00 01 00 00 00 00 
..........F.....;........Y.F.............n....U....-... .............U....-.................U...
.-...B.............U.;..4.................U....4.................=....E.=..C...=.............=..
......E.=..C...=.............U.<..K.................U....K.................U.=.._...|...........
..U.>.._.................U...._...|.............U...._.................U.?..b.................5.
...E.5..b...5.............U.@..b.................U....b.................5........E.5..b...5.....
........U....b.................>....E.>..O...>.............>........E.>..O...>.............U.A..
Z....................U.B..Z.................U....Z.................U....Z.................?....E
.?..d...?..........

Client->GAME [16:47:49 07/14/09] packet size: 1 CRYPTED, Flags: 7f ServerSeq: 11 ClientSeq: 10
02 
.

GAME->Client [16:47:49 07/14/09] packet size: 711 CRYPTED, Flags: 7f ServerSeq: 12 ClientSeq: 9
02 03 15 00 02 0e 00 80 94 0a 9e 46 00 80 98 c3 b0 3b e6 c5 05 00 02 0c cc f5 59 a4 46 00 80 98 
c3 1e c0 f2 c5 00 00 04 01 00 8f 1f 16 80 bc 55 00 43 01 00 64 01 00 00 1f 04 05 00 00 00 01 00 
00 00 00 08 80 b2 3f 04 00 00 08 02 16 80 bc 45 03 3f 04 00 64 01 00 00 3f 04 00 00 00 00 00 00 
00 00 00 16 80 bc 55 00 90 01 00 64 01 00 00 1f 04 05 00 00 00 00 00 00 00 00 16 80 bc 55 00 44 
01 00 66 01 00 00 7b 04 05 00 00 00 01 00 00 00 00 16 80 bc 55 00 45 01 00 66 01 00 00 12 04 0a 
00 00 00 01 00 00 00 00 16 80 bc 55 00 46 01 00 66 01 00 00 06 04 0b 00 00 00 01 00 00 00 00 16 
80 bc 55 00 91 01 00 66 01 00 00 7b 04 05 00 00 00 00 00 00 00 00 16 80 bc 55 00 92 01 00 66 01 
00 00 12 04 0a 00 00 00 00 00 00 00 00 16 80 bc 55 00 93 01 00 66 01 00 00 06 04 0b 00 00 00 00 
00 00 00 00 16 80 bc 55 00 47 01 00 8e 01 00 00 03 04 05 00 00 00 01 00 00 00 00 16 80 bc 55 00 
48 01 00 8e 01 00 00 12 04 0f 00 00 00 01 00 00 00 00 16 80 bc 55 00 49 01 00 8e 01 00 00 77 04 
05 00 00 00 01 00 00 00 00 16 80 bc 55 00 94 01 00 8e 01 00 00 03 04 05 00 00 00 00 00 00 00 00 
16 80 bc 55 00 95 01 00 8e 01 00 00 12 04 0f 00 00 00 00 00 00 00 00 16 80 bc 55 00 96 01 00 8e 
01 00 00 77 04 05 00 00 00 00 00 00 00 00 16 80 bc 55 00 4a 01 00 cd 01 00 00 e5 03 05 00 00 00 
01 00 00 00 00 16 80 bc 55 00 4b 01 00 cd 01 00 00 73 04 05 00 00 00 01 00 00 00 00 16 80 bc 55 
00 4c 01 00 cd 01 00 00 e3 03 0f 00 00 00 01 00 00 00 00 16 80 bc 55 00 97 01 00 cd 01 00 00 e5 
03 05 00 00 00 00 00 00 00 00 16 80 bc 55 00 98 01 00 cd 01 00 00 73 04 05 00 00 00 00 00 00 00 
00 16 80 bc 55 00 99 01 00 cd 01 00 00 e3 03 0f 00 00 00 00 00 00 00 00 04 80 b3 40 04 16 80 bc 
45 03 40 04 00 d5 01 00 00 40 04 00 00 00 00 01 00 00 00 00 16 80 bc 55 00 4d 01 00 d5 01 00 00 
e3 03 05 00 00 00 01 00 00 00 00 08 80 b2 40 04 00 00 08 02 16 80 bc 45 03 40 04 00 d5 01 00 00 
40 04 00 00 00 00 00 00 00 00 00 16 80 bc 55 00 9a 01 00 d5 01 00 00 e3 03 05 00 00 00 00 00 00 
00 00 16 80 bc 55 00 4e 01 00 36 02 00 00 37 02 0a 00 00 00 01 00 00 00 00 16 80 bc 55 00 9b 01 
00 36 02 00 00 37 02 0a 00 00 00 00 00 00 00 00 16 80 bc 55 00 4f 01 00 74 02 00 00 34 02 1e 00 
00 00 01 00 00 00 00 
...........F.....;........Y.F..................U.C..d.................?........E.?..d...?.......
......U....d.................U.D..f...{.............U.E..f.................U.F..f...............
..U....f...{.............U....f.................U....f.................U.G....................U.
H....................U.I......w.............U......................U......................U.....
...w.............U.J....................U.K......s.............U.L....................U.........
.............U........s.............U......................@....E.@......@.............U.M......
..............@........E.@......@.............U......................U.N..6...7.............U...
.6...7.............U.O..t...4..........

Client->GAME [16:47:49 07/14/09] packet size: 1 CRYPTED, Flags: 7f ServerSeq: 12 ClientSeq: 11
02 
.

GAME->Client [16:47:49 07/14/09] packet size: 710 CRYPTED, Flags: 7f ServerSeq: 13 ClientSeq: 10
02 03 15 00 02 0e 00 76 94 0a 9e 46 00 80 98 c3 b0 3b e6 c5 07 00 02 0e 05 9e 5c dd 9c 46 00 80 
98 c3 98 85 e8 c5 05 00 02 0c d6 f5 59 a4 46 00 80 98 c3 1e c0 f2 c5 00 00 04 01 00 ae 1a 16 80 
bc 55 00 9c 01 00 74 02 00 00 34 02 1e 00 00 00 00 00 00 00 00 16 80 bc 15 00 7a 01 00 11 00 00 
00 ab 00 0d 00 00 00 01 00 00 00 00 16 80 bc 15 00 7b 01 00 11 00 00 00 0a 02 4d 00 00 00 01 00 
00 00 00 16 80 bc 15 00 7c 01 00 11 00 00 00 f2 03 34 00 00 00 01 00 00 00 00 16 80 bc 15 00 7d 
01 00 11 00 00 00 ed 03 4d 00 00 00 01 00 00 00 00 16 80 bc 15 00 7e 01 00 11 00 00 00 9f 00 19 
00 00 00 01 00 00 00 00 16 80 bc 15 00 7f 01 00 11 00 00 00 f1 03 34 00 00 00 01 00 00 00 00 16 
80 bc 15 00 80 01 00 11 00 00 00 0c 02 34 00 00 00 01 00 00 00 00 16 80 bc 15 00 81 01 00 11 00 
00 00 b7 00 4d 00 00 00 01 00 00 00 00 16 80 bc 15 00 82 01 00 11 00 00 00 f3 03 46 00 00 00 01 
00 00 00 00 0b 80 bd 05 11 00 00 00 00 00 00 00 16 80 bc 15 00 9d 01 00 11 00 00 00 ab 00 0d 00 
00 00 00 00 00 00 00 16 80 bc 15 00 9e 01 00 11 00 00 00 0a 02 4d 00 00 00 00 00 00 00 00 16 80 
bc 15 00 9f 01 00 11 00 00 00 f2 03 34 00 00 00 00 00 00 00 00 16 80 bc 15 00 a0 01 00 11 00 00 
00 ed 03 4d 00 00 00 00 00 00 00 00 16 80 bc 15 00 a1 01 00 11 00 00 00 9f 00 19 00 00 00 00 00 
00 00 00 16 80 bc 15 00 a2 01 00 11 00 00 00 f1 03 34 00 00 00 00 00 00 00 00 16 80 bc 15 00 a3 
01 00 11 00 00 00 0c 02 34 00 00 00 00 00 00 00 00 16 80 bc 15 00 a4 01 00 11 00 00 00 b7 00 4d 
00 00 00 00 00 00 00 00 16 80 bc 15 00 a5 01 00 11 00 00 00 f3 03 46 00 00 00 00 00 00 00 00 0b 
80 bd 05 11 00 00 00 00 00 00 01 17 3a 05 00 11 00 0a 00 50 76 50 53 65 72 76 65 72 00 04 00 06 
00 00 00 1d 3a 05 00 17 00 10 00 50 76 50 4d 61 78 53 61 66 65 4c 65 76 65 6c 00 04 00 0f 00 00 
00 3f 3a 05 00 14 00 0d 00 57 52 5f 52 65 7a 45 76 65 6e 74 73 00 29 00 48 61 6c 6c 6f 77 65 65 
6e 5f 45 76 65 6e 74 2c 57 69 6e 74 65 72 33 50 6c 75 73 48 61 6c 6c 6f 77 65 65 6e 54 53 45 43 
00 1b 3a 05 00 19 00 12 00 45 76 65 6e 74 53 6c 6f 74 31 5f 45 66 66 65 63 74 00 00 00 28 3a 05 
00 19 00 12 00 45 76 65 6e 74 53 6c 6f 74 32 5f 45 66 66 65 63 74 00 0d 00 66 6c 79 6d 61 6e 5f 
69 64 6c 65 33 00 
.......v...F.....;........\..F..............Y.F..................U....t...4...............z.....
.................{........M.............|........4.............}........M.............~.........
......................4......................4......................M......................F....
.....................................................M......................4...................
...M.............................................4......................4......................M
......................F.....................:......PvPServer........:......PvPMaxSafeLevel......
.?:......WR_RezEvents.).Halloween_Event,Winter3PlusHalloweenTSEC..:......EventSlot1_Effect...(:.
.....EventSlot2_Effect...flyman_idle3.

Client->GAME [16:47:49 07/14/09] packet size: 1 CRYPTED, Flags: 7f ServerSeq: 13 ClientSeq: 12
02 
.

GAME->Client [16:47:49 07/14/09] packet size: 700 CRYPTED, Flags: 7f ServerSeq: 14 ClientSeq: 11
02 03 15 00 02 0c 75 94 0a 9e 46 00 80 98 c3 b0 3b e6 c5 0d 00 04 80 80 80 80 c0 4c 0a 00 28 01 
01 07 00 02 0e 05 94 5c dd 9c 46 00 80 98 c3 98 85 e8 c5 05 00 02 0c e0 f5 59 a4 46 00 80 98 c3 
1e c0 f2 c5 00 00 04 02 00 c8 01 25 3a 05 00 19 00 12 00 45 76 65 6e 74 53 6c 6f 74 33 5f 45 66 
66 65 63 74 00 0a 00 66 6c 79 5f 76 69 72 75 73 00 00 c9 19 1f 3a 05 00 1b 00 14 00 46 69 78 65 
64 42 69 6e 6b 49 44 4f 76 65 72 72 69 64 65 00 02 00 20 00 16 80 bc 15 00 0e 01 00 f7 03 00 00 
08 02 00 00 00 00 00 00 00 00 00 16 80 bc 15 00 0f 01 00 f7 03 00 00 07 02 ec ff ff ff 00 00 00 
00 00 16 80 bc 15 00 10 01 00 f7 03 00 00 50 04 00 00 00 00 00 00 00 00 00 16 80 bc 15 00 11 01 
00 f7 03 00 00 f4 03 00 00 00 00 00 00 00 00 00 16 80 bc 15 00 12 01 00 f7 03 00 00 51 04 f6 ff 
ff ff 00 00 00 00 00 16 80 bc 15 00 13 01 00 f7 03 00 00 52 04 0f 00 00 00 00 00 00 00 00 16 80 
bc 11 00 14 01 00 00 00 00 00 cb 02 00 00 00 00 00 00 00 00 00 16 80 bc 56 00 50 01 00 0a 95 00 
00 06 04 02 00 00 00 00 00 00 00 00 16 80 bc 56 00 51 01 00 0a 95 00 00 b4 00 11 00 00 00 00 00 
00 00 00 16 80 bc 56 00 52 01 00 0a 95 00 00 b5 00 11 00 00 00 00 00 00 00 00 16 80 bc 56 00 53 
01 00 0a 95 00 00 07 04 02 00 00 00 00 00 00 00 00 16 80 bc 56 00 54 01 00 8a b2 00 00 23 04 02 
00 00 00 00 00 00 00 00 16 80 bc 56 00 55 01 00 8a b2 00 00 21 04 01 00 00 00 00 00 00 00 00 16 
80 bc 56 00 56 01 00 8a b2 00 00 b4 00 1d 00 00 00 00 00 00 00 00 16 80 bc 56 00 57 01 00 8a b2 
00 00 09 04 1d 00 00 00 00 00 00 00 00 16 80 bc 56 00 58 01 00 8a b2 00 00 9d 00 1d 00 00 00 00 
00 00 00 00 16 80 bc 56 00 59 01 00 8a b2 00 00 06 04 01 00 00 00 00 00 00 00 00 16 80 bc 56 00 
5a 01 00 24 b3 00 00 89 02 02 00 00 00 00 00 00 00 00 16 80 bc 56 00 5b 01 00 24 b3 00 00 1a 04 
01 00 00 00 00 00 00 00 00 16 80 bc 56 00 5c 01 00 24 b3 00 00 b4 00 21 00 00 00 00 00 00 00 00 
16 80 bc 56 00 5d 01 00 24 b3 00 00 09 04 21 00 00 00 00 00 00 00 00 16 80 bc 56 00 5e 01 00 24 
b3 00 00 15 04 02 00 00 00 00 00 00 00 00 16 80 bc 56 00 5f 01 00 24 b3 00 00 b5 00 21 00 00 00 
00 00 00 00 00 16 80 bc 56 00 60 01 00 95 a7 00 00 b4 00 12 00 00 00 00 00 00 00 00 
......u...F.....;..........L..(........\..F..............Y.F...............%:......EventSlot3_Ef
fect...fly_virus.....:......FixedBinkIDOverride... .............................................
..............P.............................................Q......................R............
........................V.P....................V.Q....................V.R....................V.S
....................V.T......#.............V.U......!.............V.V....................V.W....
................V.X....................V.Y....................V.Z..$.................V.[..$.....
............V.\..$.....!...........V.]..$.....!...........V.^..$.................V._..$.....!...
........V.`.................

Client->GAME [16:47:49 07/14/09] packet size: 1 CRYPTED, Flags: 7f ServerSeq: 14 ClientSeq: 13
02 
.

