GAME->Client [17:10:13 07/15/09] packet size: 21 CRYPTED, Flags: 7f ServerSeq: 309 ClientSeq: 258
02 03 1b 00 02 0c 65 da 06 6b c7 00 80 fc c3 4b df 5c c7 00 00 
......e..k.....K.\...

Client->GAME [17:10:13 07/15/09] packet size: 1 CRYPTED, Flags: 7f ServerSeq: 261 ClientSeq: 340
02 
.

GAME->Client [17:10:13 07/15/09] packet size: 36 CRYPTED, Flags: 7f ServerSeq: 310 ClientSeq: 259
02 03 35 00 02 08 5b f5 7b c7 00 20 8a c4 9e 24 6d c7 09 00 02 08 17 d0 83 c7 00 80 fc c3 2e 77 
6c c7 00 00 
..5...[.{.. ...$m..............wl...

Client->GAME [17:10:13 07/15/09] packet size: 1 CRYPTED, Flags: 7f ServerSeq: 262 ClientSeq: 341
02 
.

GAME->Client [17:10:13 07/15/09] packet size: 22 CRYPTED, Flags: 7f ServerSeq: 311 ClientSeq: 260
02 03 31 00 02 0e 05 b6 99 75 88 c7 00 80 fc c3 6f ac 73 c7 00 00 
..1......u......o.s...

Client->GAME [17:10:13 07/15/09] packet size: 1 CRYPTED, Flags: 7f ServerSeq: 263 ClientSeq: 342
02 
.

GAME->Client [17:10:13 07/15/09] packet size: 91 CRYPTED, Flags: 7f ServerSeq: 312 ClientSeq: 261
02 03 31 00 02 0e 01 ac 99 75 88 c7 00 80 fc c3 6f ac 73 c7 1d 00 02 2a 03 81 00 8c 2e 00 35 00 
50 00 00 2f aa 78 c7 00 20 8a c4 1f d5 6a c7 19 00 02 08 a3 3a 78 c7 00 20 8a c4 26 b4 6a c7 10 
00 01 ff 00 00 00 00 00 00 00 00 00 00 00 00 00 03 00 00 00 00 35 08 00 00 00 00 
..1......u......o.s....*......5.P../.x.. ....j......:x.. ..&.j.......................5.....

Client->GAME [17:10:13 07/15/09] packet size: 1 CRYPTED, Flags: 7f ServerSeq: 264 ClientSeq: 343
02 
.

GAME->Client [17:10:13 07/15/09] packet size: 67 CRYPTED, Flags: 7f ServerSeq: 313 ClientSeq: 262
02 03 31 00 02 0e 01 a2 5d 7e 88 c7 00 80 fc c3 79 ba 73 c7 23 00 02 0e 05 50 8c 0f 83 c7 00 80 
fc c3 8c ed 70 c7 1d 00 02 2a 03 81 00 8c 2e 00 35 00 50 00 00 2f aa 78 c7 00 20 8a c4 1f d5 6a 
c7 00 00 
..1.....]~......y.s.#....P..........p....*......5.P../.x.. ....j...

Client->GAME [17:10:13 07/15/09] packet size: 1 CRYPTED, Flags: 7f ServerSeq: 265 ClientSeq: 344
02 
.

GAME->Client [17:10:13 07/15/09] packet size: 66 CRYPTED, Flags: 7f ServerSeq: 314 ClientSeq: 263
82 98 74 01 49 03 01 00 01 01 00 10 00 31 00 02 0c 9a 61 85 88 c7 00 80 fc c3 02 cc 73 c7 2f 00 
02 08 e9 e1 7a c7 00 20 8a c4 0f 2c 6e c7 23 00 02 0e 05 46 8c 0f 83 c7 00 80 fc c3 8c ed 70 c7 
00 00 
..t.I........1....a.........s./.....z.. ...,n.#....F..........p...

Client->GAME [17:10:13 07/15/09] packet size: 1 CRYPTED, Flags: 7f ServerSeq: 266 ClientSeq: 345
02 
.

GAME->Client [17:10:13 07/15/09] packet size: 83 CRYPTED, Flags: 7f ServerSeq: 315 ClientSeq: 263
02 03 3b 00 02 08 dc fa 6b c7 00 80 fc c3 12 8a 5d c7 23 00 02 0e 05 3c 8c 0f 83 c7 00 80 fc c3 
8c ed 70 c7 1d 00 02 2a 03 81 00 8c 2e 00 35 00 50 00 00 2f aa 78 c7 00 20 8a c4 1f d5 6a c7 19 
00 02 0e 05 1f f1 14 78 c7 00 20 8a c4 a1 9b 6a c7 00 00 
..;.....k.......].#....<..........p....*......5.P../.x.. ....j.........x.. ....j...

Client->GAME [17:10:13 07/15/09] packet size: 1 CRYPTED, Flags: 7f ServerSeq: 267 ClientSeq: 346
02 
.

GAME->Client [17:10:13 07/15/09] packet size: 39 CRYPTED, Flags: 7f ServerSeq: 316 ClientSeq: 265
02 03 23 00 02 0c 32 8c 0f 83 c7 00 80 fc c3 8c ed 70 c7 19 00 02 0e 05 15 f1 14 78 c7 00 20 8a 
c4 a1 9b 6a c7 00 00 
..#...2..........p.........x.. ....j...

Client->GAME [17:10:14 07/15/09] packet size: 1 CRYPTED, Flags: 7f ServerSeq: 268 ClientSeq: 347
02 
.

GAME->Client [17:10:14 07/15/09] packet size: 107 CRYPTED, Flags: 7f ServerSeq: 317 ClientSeq: 265
02 03 3b 00 02 2a 00 40 00 00 00 10 01 aa 18 6c c7 00 80 fc c3 c7 ab 5d c7 33 00 02 0e 01 a1 d9 
31 6a c7 00 80 fc c3 3a c4 5b c7 23 00 02 0c 28 8c 0f 83 c7 00 80 fc c3 8c ed 70 c7 1d 00 02 2a 
03 81 00 8c 2e 00 35 00 50 00 00 2f aa 78 c7 00 20 8a c4 1f d5 6a c7 19 00 02 0e 05 0b f1 14 78 
c7 00 20 8a c4 a1 9b 6a c7 00 00 
..;..*.@.......l.......].3......1j.....:.[.#...(..........p....*......5.P../.x.. ....j.........x
.. ....j...

Client->GAME [17:10:14 07/15/09] packet size: 1 CRYPTED, Flags: 7f ServerSeq: 269 ClientSeq: 348
02 
.

GAME->Client [17:10:14 07/15/09] packet size: 90 CRYPTED, Flags: 7f ServerSeq: 318 ClientSeq: 266
02 03 35 00 02 08 2f 83 7b c7 00 20 8a c4 7f 99 6c c7 33 00 02 0e 01 ab ac 44 6a c7 00 80 fc c3 
79 d0 5b c7 23 00 02 0c 1e 8c 0f 83 c7 00 80 fc c3 8c ed 70 c7 19 00 02 0c 01 f1 14 78 c7 00 20 
8a c4 a1 9b 6a c7 09 00 02 0e 00 0d 13 b1 83 c7 00 80 fc c3 74 e6 6b c7 00 00 
..5.../.{.. ....l.3......Dj.....y.[.#..............p........x.. ....j...............t.k...

Client->GAME [17:10:14 07/15/09] packet size: 1 CRYPTED, Flags: 7f ServerSeq: 270 ClientSeq: 349
02 
.

GAME->Client [17:10:14 07/15/09] packet size: 91 CRYPTED, Flags: 7f ServerSeq: 319 ClientSeq: 268
02 03 33 00 02 0c ae 03 59 6a c7 00 80 fc c3 18 da 5b c7 23 00 02 0c 14 8c 0f 83 c7 00 80 fc c3 
8c ed 70 c7 19 00 02 0c f7 f1 14 78 c7 00 20 8a c4 a1 9b 6a c7 09 00 02 0e 00 0d 13 b1 83 c7 00 
80 fc c3 74 e6 6b c7 07 00 02 0e 01 33 b3 03 85 c7 00 00 be 42 4e 52 54 c7 00 00 
..3.....Yj.......[.#..............p........x.. ....j...............t.k......3.......BNRT...

Client->GAME [17:10:14 07/15/09] packet size: 1 CRYPTED, Flags: 7f ServerSeq: 271 ClientSeq: 350
02 
.

GAME->Client [17:10:14 07/15/09] packet size: 98 CRYPTED, Flags: 7f ServerSeq: 320 ClientSeq: 268
02 03 35 00 02 2a 00 40 00 00 00 10 01 98 66 7b c7 00 20 8a c4 aa 76 6c c7 23 00 02 0e 00 0a 8c 
0f 83 c7 00 80 fc c3 8c ed 70 c7 19 00 02 0c ed f1 14 78 c7 00 20 8a c4 a1 9b 6a c7 09 00 02 0e 
00 0d 13 b1 83 c7 00 80 fc c3 74 e6 6b c7 07 00 02 0e 05 29 b3 03 85 c7 00 00 be 42 4e 52 54 c7 
00 00 
..5..*.@......f{.. ...vl.#...............p........x.. ....j...............t.k......).......BNRT.
..

Client->GAME [17:10:14 07/15/09] packet size: 1 CRYPTED, Flags: 7f ServerSeq: 256 ClientSeq: 351
02 
.

GAME->Client [17:10:14 07/15/09] packet size: 73 CRYPTED, Flags: 7f ServerSeq: 321 ClientSeq: 270
02 03 31 00 02 08 4a b4 88 c7 00 80 fc c3 82 4a 74 c7 23 00 02 0e 00 01 8c 0f 83 c7 00 80 fc c3 
8c ed 70 c7 19 00 02 0c e3 f1 14 78 c7 00 20 8a c4 a1 9b 6a c7 07 00 02 0e 05 1f b3 03 85 c7 00 
00 be 42 4e 52 54 c7 00 00 
..1...J........Jt.#...............p........x.. ....j..............BNRT...

Client->GAME [17:10:14 07/15/09] packet size: 1 CRYPTED, Flags: 7f ServerSeq: 257 ClientSeq: 352
02 
.

GAME->Client [17:10:14 07/15/09] packet size: 38 CRYPTED, Flags: 7f ServerSeq: 322 ClientSeq: 271
02 03 19 00 02 0c d9 f1 14 78 c7 00 20 8a c4 a1 9b 6a c7 07 00 02 0c 15 b3 03 85 c7 00 00 be 42 
4e 52 54 c7 00 00 
.........x.. ....j.............BNRT...

Client->GAME [17:10:14 07/15/09] packet size: 1 CRYPTED, Flags: 7f ServerSeq: 258 ClientSeq: 353
02 
.

GAME->Client [17:10:14 07/15/09] packet size: 78 CRYPTED, Flags: 7f ServerSeq: 323 ClientSeq: 256
82 aa 74 01 49 03 3b 00 02 08 16 72 6c c7 00 80 fc c3 e8 10 5e c7 2f 00 02 0e 04 c9 e1 95 7b c7 
00 20 8a c4 44 2e 6e c7 19 00 02 0e 00 cf f1 14 78 c7 00 20 8a c4 a1 9b 6a c7 07 00 02 0e 00 0b 
b3 03 85 c7 00 00 be 42 4e 52 54 c7 00 00 
..t.I.;....rl.......^./.......{.. ..D.n.........x.. ....j..............BNRT...

Client->GAME [17:10:14 07/15/09] packet size: 1 CRYPTED, Flags: 7f ServerSeq: 259 ClientSeq: 354
02 
.

GAME->Client [17:10:14 07/15/09] packet size: 58 CRYPTED, Flags: 7f ServerSeq: 324 ClientSeq: 257
02 03 2f 00 02 0e 04 d3 e1 95 7b c7 00 20 8a c4 44 2e 6e c7 19 00 02 0e 00 c5 f1 14 78 c7 00 20 
8a c4 a1 9b 6a c7 07 00 02 0e 00 03 b3 03 85 c7 00 00 be 42 4e 52 54 c7 00 00 
../.......{.. ..D.n.........x.. ....j..............BNRT...

Client->GAME [17:10:14 07/15/09] packet size: 1 CRYPTED, Flags: 7f ServerSeq: 260 ClientSeq: 355
02 
.

GAME->Client [17:10:15 07/15/09] packet size: 89 CRYPTED, Flags: 7f ServerSeq: 325 ClientSeq: 258
02 03 33 00 02 08 0e d3 6a c7 00 80 fc c3 d1 13 5c c7 31 00 02 0c 9b 34 cf 88 c7 00 80 fc c3 a0 
92 74 c7 2f 00 02 0c dd e1 95 7b c7 00 20 8a c4 44 2e 6e c7 1d 00 02 0e 01 e0 2f aa 78 c7 00 20 
8a c4 1f d5 6a c7 19 00 02 0c c1 f1 14 78 c7 00 20 8a c4 a1 9b 6a c7 00 00 
..3.....j.......\.1....4.........t./......{.. ..D.n......./.x.. ....j........x.. ....j...

Client->GAME [17:10:15 07/15/09] packet size: 1 CRYPTED, Flags: 7f ServerSeq: 261 ClientSeq: 356
02 
.

Client->GAME [17:10:15 07/15/09] packet size: 25 CRYPTED, Flags: 7f ServerSeq: 261 ClientSeq: 357
02 04 01 00 31 01 12 81 8e 4b 00 00 00 01 00 00 00 07 00 00 00 03 00 00 00 
....1....K...............

GAME->Client [17:10:15 07/15/09] packet size: 56 CRYPTED, Flags: 7f ServerSeq: 326 ClientSeq: 259
02 03 35 00 02 08 fd 10 7b c7 00 20 8a c4 5a 0e 6c c7 2f 00 02 0e 00 e7 e1 95 7b c7 00 20 8a c4 
44 2e 6e c7 1d 00 02 0e 01 d6 b4 bc 78 c7 00 20 8a c4 6b c8 6a c7 00 00 
..5.....{.. ..Z.l./.......{.. ..D.n.........x.. ..k.j...

Client->GAME [17:10:15 07/15/09] packet size: 1 CRYPTED, Flags: 7f ServerSeq: 262 ClientSeq: 358
02 
.

GAME->Client [17:10:15 07/15/09] packet size: 39 CRYPTED, Flags: 7f ServerSeq: 327 ClientSeq: 260
02 03 2f 00 02 0e 00 ee e1 95 7b c7 00 20 8a c4 44 2e 6e c7 1d 00 02 0c cc c8 d1 78 c7 00 20 8a 
c4 95 c0 6a c7 00 00 
../.......{.. ..D.n........x.. ....j...

Client->GAME [17:10:15 07/15/09] packet size: 1 CRYPTED, Flags: 7f ServerSeq: 263 ClientSeq: 359
02 
.

GAME->Client [17:10:15 07/15/09] packet size: 704 CRYPTED, Flags: 7f ServerSeq: 328 ClientSeq: 262
02 04 01 01 2e 20 16 80 bc 15 00 16 03 00 f7 03 00 00 08 02 00 00 00 00 01 00 00 00 00 16 80 bc 
15 00 17 03 00 f7 03 00 00 07 02 ec ff ff ff 01 00 00 00 00 16 80 bc 15 00 18 03 00 f7 03 00 00 
50 04 00 00 00 00 01 00 00 00 00 16 80 bc 15 00 19 03 00 f7 03 00 00 f4 03 00 00 00 00 01 00 00 
00 00 16 80 bc 15 00 1a 03 00 f7 03 00 00 51 04 f6 ff ff ff 01 00 00 00 00 16 80 bc 15 00 1b 03 
00 f7 03 00 00 52 04 0f 00 00 00 01 00 00 00 00 16 80 bc 11 00 1c 03 00 00 00 00 00 cb 02 00 00 
00 00 01 00 00 00 00 16 80 bc 19 00 1d 03 00 d9 00 00 00 70 02 00 00 00 00 01 00 00 00 00 0b 80 
bd 01 d9 00 04 00 00 f0 41 01 06 80 c1 00 00 c8 00 16 80 bc 1d 00 1e 03 00 70 02 00 00 00 00 00 
00 00 00 01 00 00 00 00 0b 80 bd 05 d9 00 00 00 00 00 00 00 16 80 bc 56 00 63 03 00 0a 95 00 00 
06 04 02 00 00 00 01 00 00 00 00 16 80 bc 56 00 64 03 00 0a 95 00 00 b4 00 11 00 00 00 01 00 00 
00 00 16 80 bc 56 00 65 03 00 0a 95 00 00 b5 00 11 00 00 00 01 00 00 00 00 16 80 bc 56 00 66 03 
00 0a 95 00 00 07 04 02 00 00 00 01 00 00 00 00 16 80 bc 56 00 67 03 00 8a b2 00 00 23 04 02 00 
00 00 01 00 00 00 00 16 80 bc 56 00 68 03 00 8a b2 00 00 21 04 01 00 00 00 01 00 00 00 00 16 80 
bc 56 00 69 03 00 8a b2 00 00 b4 00 1d 00 00 00 01 00 00 00 00 16 80 bc 56 00 6a 03 00 8a b2 00 
00 09 04 1d 00 00 00 01 00 00 00 00 16 80 bc 56 00 6b 03 00 8a b2 00 00 9d 00 1d 00 00 00 01 00 
00 00 00 16 80 bc 56 00 6c 03 00 8a b2 00 00 06 04 01 00 00 00 01 00 00 00 00 16 80 bc 56 00 6d 
03 00 24 b3 00 00 89 02 02 00 00 00 01 00 00 00 00 16 80 bc 56 00 6e 03 00 24 b3 00 00 1a 04 01 
00 00 00 01 00 00 00 00 16 80 bc 56 00 6f 03 00 24 b3 00 00 b4 00 21 00 00 00 01 00 00 00 00 16 
80 bc 56 00 70 03 00 24 b3 00 00 09 04 21 00 00 00 01 00 00 00 00 16 80 bc 56 00 71 03 00 24 b3 
00 00 15 04 02 00 00 00 01 00 00 00 00 16 80 bc 56 00 72 03 00 24 b3 00 00 b5 00 21 00 00 00 01 
00 00 00 00 16 80 bc 56 00 73 03 00 95 a7 00 00 b4 00 12 00 00 00 01 00 00 00 00 16 80 bc 56 00 
74 03 00 95 a7 00 00 b5 00 12 00 00 00 01 00 00 00 00 16 80 bc 56 00 75 03 00 95 a7 00 00 09 04 
12 00 00 00 01 00 00 00 00 16 80 bc 56 00 76 03 00 95 a7 00 00 70 00 0f 00 00 00 01 00 00 00 00 
..... ..........................................................P...............................
..............Q......................R.............................................p............
........A................p.............................V.c....................V.d...............
.....V.e....................V.f....................V.g......#.............V.h......!............
.V.i....................V.j....................V.k....................V.l....................V.m
..$.................V.n..$.................V.o..$.....!...........V.p..$.....!...........V.q..$.
................V.r..$.....!...........V.s....................V.t....................V.u........
............V.v......p..........

Client->GAME [17:10:15 07/15/09] packet size: 1 CRYPTED, Flags: 7f ServerSeq: 264 ClientSeq: 360
02 
.

GAME->Client [17:10:15 07/15/09] packet size: 696 CRYPTED, Flags: 7f ServerSeq: 329 ClientSeq: 263
02 04 01 01 4e 1e 16 80 bc 56 00 77 03 00 2c b3 00 00 17 04 01 00 00 00 01 00 00 00 00 16 80 bc 
56 00 78 03 00 2c b3 00 00 b4 00 21 00 00 00 01 00 00 00 00 16 80 bc 56 00 79 03 00 2c b3 00 00 
09 04 21 00 00 00 01 00 00 00 00 16 80 bc 56 00 7a 03 00 2c b3 00 00 12 04 02 00 00 00 01 00 00 
00 00 16 80 bc 56 00 7b 03 00 2c b3 00 00 07 04 02 00 00 00 01 00 00 00 00 16 80 bc 56 00 7c 03 
00 2c b3 00 00 b5 00 21 00 00 00 01 00 00 00 00 16 80 bc 56 00 7d 03 00 c3 b2 00 00 89 02 02 00 
00 00 01 00 00 00 00 16 80 bc 56 00 7e 03 00 c3 b2 00 00 21 04 02 00 00 00 01 00 00 00 00 16 80 
bc 56 00 7f 03 00 c3 b2 00 00 b4 00 1f 00 00 00 01 00 00 00 00 16 80 bc 56 00 80 03 00 c3 b2 00 
00 09 04 1f 00 00 00 01 00 00 00 00 16 80 bc 56 00 81 03 00 c3 b2 00 00 1e 04 01 00 00 00 01 00 
00 00 00 16 80 bc 56 00 82 03 00 c3 b2 00 00 9d 00 1f 00 00 00 01 00 00 00 00 16 80 bc 55 00 8c 
03 00 02 00 00 00 cc 00 0c 00 00 00 01 00 00 00 00 16 80 bc 55 00 96 03 00 0b 00 00 00 37 02 96 
00 00 00 01 00 00 00 00 16 80 bc 55 00 97 03 00 2d 00 00 00 23 04 0a 00 00 00 01 00 00 00 00 16 
80 bc 55 00 98 03 00 2d 00 00 00 20 04 0a 00 00 00 01 00 00 00 00 16 80 bc 55 00 99 03 00 2d 00 
00 00 19 04 05 00 00 00 01 00 00 00 00 16 80 bc 55 00 9a 03 00 2d 00 00 00 42 04 05 00 00 00 01 
00 00 00 00 16 80 bc 55 00 9b 03 00 34 00 00 00 83 02 c8 00 00 00 01 00 00 00 00 16 80 bc 55 00 
9c 03 00 4b 00 00 00 1f 04 19 00 00 00 01 00 00 00 00 16 80 bc 55 00 9d 03 00 5f 00 00 00 7c 04 
0f 00 00 00 01 00 00 00 00 16 80 bc 55 00 9e 03 00 5f 00 00 00 07 04 0f 00 00 00 01 00 00 00 00 
16 80 bc 55 00 9f 03 00 62 00 00 00 06 04 01 00 00 00 01 00 00 00 00 16 80 bc 55 00 a0 03 00 62 
00 00 00 15 04 01 00 00 00 01 00 00 00 00 16 80 bc 55 00 a1 03 00 5a 01 00 00 07 04 05 00 00 00 
01 00 00 00 00 16 80 bc 55 00 a2 03 00 5a 01 00 00 1d 04 0f 00 00 00 01 00 00 00 00 16 80 bc 55 
00 a3 03 00 64 01 00 00 1f 04 05 00 00 00 01 00 00 00 00 16 80 bc 55 00 a4 03 00 66 01 00 00 7b 
04 05 00 00 00 01 00 00 00 00 16 80 bc 55 00 a5 03 00 66 01 00 00 12 04 0a 00 00 00 01 00 00 00 
00 16 80 bc 55 00 a6 03 00 66 01 00 00 06 04 0b 00 00 00 01 00 00 00 00 
....N....V.w..,.................V.x..,.....!...........V.y..,.....!...........V.z..,............
.....V.{..,.................V.|..,.....!...........V.}....................V.~......!............
.V......................V......................V......................V......................U..
....................U........7.............U....-...#.............U....-... .............U....-.
................U....-...B.............U....4.................U....K.................U...._...|.
............U...._.................U....b.................U....b.................U....Z.........
........U....Z.................U....d.................U....f...{.............U....f.............
....U....f..............

Client->GAME [17:10:15 07/15/09] packet size: 1 CRYPTED, Flags: 7f ServerSeq: 265 ClientSeq: 361
02 
.

GAME->Client [17:10:15 07/15/09] packet size: 712 CRYPTED, Flags: 7f ServerSeq: 330 ClientSeq: 264
02 04 02 01 6c 03 16 80 bc 55 00 a7 03 00 8e 01 00 00 03 04 05 00 00 00 01 00 00 00 00 16 80 bc 
55 00 a8 03 00 8e 01 00 00 12 04 0f 00 00 00 01 00 00 00 00 16 80 bc 55 00 a9 03 00 8e 01 00 00 
77 04 05 00 00 00 01 00 00 00 00 01 6f 1d 16 80 bc 55 00 aa 03 00 cd 01 00 00 e5 03 05 00 00 00 
01 00 00 00 00 16 80 bc 55 00 ab 03 00 cd 01 00 00 73 04 05 00 00 00 01 00 00 00 00 16 80 bc 55 
00 ac 03 00 cd 01 00 00 e3 03 0f 00 00 00 01 00 00 00 00 16 80 bc 55 00 ad 03 00 d5 01 00 00 e3 
03 05 00 00 00 01 00 00 00 00 16 80 bc 55 00 ae 03 00 36 02 00 00 37 02 0a 00 00 00 01 00 00 00 
00 16 80 bc 55 00 af 03 00 74 02 00 00 34 02 1e 00 00 00 01 00 00 00 00 16 80 bc 15 00 b0 03 00 
11 00 00 00 ab 00 0d 00 00 00 01 00 00 00 00 16 80 bc 15 00 b1 03 00 11 00 00 00 0a 02 4d 00 00 
00 01 00 00 00 00 16 80 bc 15 00 b2 03 00 11 00 00 00 f2 03 34 00 00 00 01 00 00 00 00 16 80 bc 
15 00 b3 03 00 11 00 00 00 ed 03 4d 00 00 00 01 00 00 00 00 16 80 bc 15 00 b4 03 00 11 00 00 00 
9f 00 19 00 00 00 01 00 00 00 00 16 80 bc 15 00 b5 03 00 11 00 00 00 f1 03 34 00 00 00 01 00 00 
00 00 16 80 bc 15 00 b6 03 00 11 00 00 00 0c 02 34 00 00 00 01 00 00 00 00 16 80 bc 15 00 b7 03 
00 11 00 00 00 b7 00 4d 00 00 00 01 00 00 00 00 16 80 bc 15 00 b8 03 00 11 00 00 00 f3 03 46 00 
00 00 01 00 00 00 00 0b 80 bd 01 d9 00 04 00 00 f0 41 00 0b 80 bd 05 11 00 00 00 00 00 00 00 16 
80 bc 15 00 b9 03 00 11 00 00 00 ab 00 0c 00 00 00 00 00 00 00 00 16 80 bc 15 00 ba 03 00 11 00 
00 00 0a 02 4b 00 00 00 00 00 00 00 00 16 80 bc 15 00 bb 03 00 11 00 00 00 f2 03 31 00 00 00 00 
00 00 00 00 16 80 bc 15 00 bc 03 00 11 00 00 00 ed 03 4b 00 00 00 00 00 00 00 00 16 80 bc 15 00 
bd 03 00 11 00 00 00 9f 00 19 00 00 00 00 00 00 00 00 16 80 bc 15 00 be 03 00 11 00 00 00 f1 03 
31 00 00 00 00 00 00 00 00 16 80 bc 15 00 bf 03 00 11 00 00 00 0c 02 34 00 00 00 00 00 00 00 00 
16 80 bc 15 00 c0 03 00 11 00 00 00 b7 00 46 00 00 00 00 00 00 00 00 16 80 bc 15 00 c1 03 00 11 
00 00 00 f3 03 46 00 00 00 00 00 00 00 00 0b 80 bd 05 11 00 00 00 00 00 00 01 16 80 bc 15 00 b9 
03 00 11 00 00 00 ab 00 0c 00 00 00 01 00 00 00 00 16 80 bc 15 00 ba 03 00 11 00 00 00 0a 02 4b 
00 00 00 01 00 00 00 00 
....l....U......................U......................U........w...........o....U..............
........U........s.............U......................U......................U....6...7.........
....U....t...4...............................................M......................4...........
...........M.............................................4......................4...............
.......M......................F..................A..............................................
....K......................1......................K.............................................
1......................4......................F......................F..........................
...............................K........

Client->GAME [17:10:15 07/15/09] packet size: 1 CRYPTED, Flags: 7f ServerSeq: 266 ClientSeq: 362
02 
.

GAME->Client [17:10:15 07/15/09] packet size: 338 CRYPTED, Flags: 7f ServerSeq: 331 ClientSeq: 265
02 04 01 01 8c 14 16 80 bc 15 00 bb 03 00 11 00 00 00 f2 03 31 00 00 00 01 00 00 00 00 16 80 bc 
15 00 bc 03 00 11 00 00 00 ed 03 4b 00 00 00 01 00 00 00 00 16 80 bc 15 00 bd 03 00 11 00 00 00 
9f 00 19 00 00 00 01 00 00 00 00 16 80 bc 15 00 be 03 00 11 00 00 00 f1 03 31 00 00 00 01 00 00 
00 00 16 80 bc 15 00 bf 03 00 11 00 00 00 0c 02 34 00 00 00 01 00 00 00 00 16 80 bc 15 00 c0 03 
00 11 00 00 00 b7 00 46 00 00 00 01 00 00 00 00 16 80 bc 15 00 c1 03 00 11 00 00 00 f3 03 46 00 
00 00 01 00 00 00 00 04 80 b3 11 00 16 80 bc 45 03 11 00 00 02 00 00 00 11 00 32 00 00 00 01 00 
00 00 00 04 80 b3 35 04 16 80 bc 45 03 35 04 00 62 00 00 00 35 04 00 00 00 00 01 00 00 00 00 04 
80 b3 3d 04 16 80 bc 45 03 3d 04 00 43 00 00 00 3d 04 00 00 00 00 01 00 00 00 00 04 80 b3 3e 04 
16 80 bc 45 03 3e 04 00 4f 01 00 00 3e 04 00 00 00 00 01 00 00 00 00 04 80 b3 3f 04 16 80 bc 45 
03 3f 04 00 64 01 00 00 3f 04 00 00 00 00 01 00 00 00 00 04 80 b3 40 04 16 80 bc 45 03 40 04 00 
d5 01 00 00 40 04 00 00 00 00 01 00 00 00 00 02 81 07 
....................1......................K.............................................1......
................4......................F......................F................E..........2.....
......5....E.5..b...5.............=....E.=..C...=.............>....E.>..O...>.............?....E
.?..d...?.............@....E.@......@.............

Client->GAME [17:10:15 07/15/09] packet size: 13 CRYPTED, Flags: 7f ServerSeq: 267 ClientSeq: 363
02 04 01 00 32 01 06 81 08 00 00 00 00 
....2........

GAME->Client [17:10:16 07/15/09] packet size: 5 CRYPTED, Flags: 7f ServerSeq: 332 ClientSeq: 267
82 be 74 01 49 
..t.I

Client->GAME [17:10:16 07/15/09] packet size: 1 CRYPTED, Flags: 7f ServerSeq: 268 ClientSeq: 364
02 
.

Client->GAME [17:10:16 07/15/09] packet size: 12
00 00 00 00 00 01 04 08 02 ee b7 01 
............

GAME->Client [17:10:16 07/15/09] packet size: 12
00 00 00 00 00 01 04 08 02 ee b7 01 
............

GAME->Client [17:10:16 07/15/09] packet size: 1 CRYPTED, Flags: 7f ServerSeq: 333 ClientSeq: 268
42 
B

GAME->Client [17:10:16 07/15/09] packet size: 1 CRYPTED, Flags: 7f ServerSeq: 334 ClientSeq: 268
42 
B

Client->GAME [17:10:16 07/15/09] packet size: 1 CRYPTED, Flags: 7f ServerSeq: 270 ClientSeq: 365
42 
B

GAME->Client [17:10:16 07/15/09] packet size: 1 CRYPTED, Flags: 7f ServerSeq: 335 ClientSeq: 268
42 
B

GAME->Client [17:10:16 07/15/09] packet size: 1 CRYPTED, Flags: 7f ServerSeq: 336 ClientSeq: 268
42 
B

Client->GAME [17:10:16 07/15/09] packet size: 13 CRYPTED, Flags: 0 ServerSeq: 0 ClientSeq: 1
22 04 01 00 00 01 06 81 51 00 00 00 00 
".......Q....

GAME->Client [17:10:17 07/15/09] packet size: 72 CRYPTED, Flags: 1 ServerSeq: 2 ClientSeq: 1
02 04 01 00 03 01 41 81 67 17 00 27 00 1c 22 00 c6 01 11 00 00 00 00 00 00 00 37 00 00 08 0e 00 
41 66 74 65 72 57 68 6f 72 75 4e 65 6f 00 0e 00 41 66 74 65 72 57 68 6f 72 75 4e 65 6f 00 02 00 
4b 00 00 00 00 00 00 00 
......A.g..'.."...........7.....AfterWhoruNeo...AfterWhoruNeo...K.......

Client->GAME [17:10:17 07/15/09] packet size: 1 CRYPTED, Flags: 2 ServerSeq: 2 ClientSeq: 2
02 
.

GAME->Client [17:10:17 07/15/09] packet size: 138 CRYPTED, Flags: 3 ServerSeq: 3 ClientSeq: 2
02 04 01 00 00 03 6d 06 0e 00 03 00 00 00 d4 74 01 49 01 42 00 32 00 72 65 73 6f 75 72 63 65 2f 
77 6f 72 6c 64 73 2f 66 69 6e 61 6c 5f 77 6f 72 6c 64 2f 69 6e 74 65 72 6e 61 74 69 6f 6e 61 6c 
2f 69 74 2e 6d 65 74 72 00 29 00 48 61 6c 6c 6f 77 65 65 6e 5f 45 76 65 6e 74 2c 57 69 6e 74 65 
72 33 50 6c 75 73 48 61 6c 6c 6f 77 65 65 6e 54 53 45 43 00 0a 80 e5 e7 cb c0 12 00 00 00 00 0a 
80 e4 bc 58 7a 00 00 00 00 00 
......m........t.I.B.2.resource/worlds/final_world/international/it.metr.).Halloween_Event,Winte
r3PlusHalloweenTSEC................Xz.....

Client->GAME [17:10:17 07/15/09] packet size: 6 CRYPTED, Flags: 5 ServerSeq: 3 ClientSeq: 3
02 05 02 0c 00 00 
......

GAME->Client [17:10:18 07/15/09] packet size: 1 CRYPTED, Flags: 7 ServerSeq: 4 ClientSeq: 3
02 
.

Client->GAME [17:10:21 07/15/09] packet size: 8 CRYPTED, Flags: 5 ServerSeq: 3 ClientSeq: 4
02 04 01 00 01 01 01 05 
........

GAME->Client [17:10:21 07/15/09] packet size: 281 CRYPTED, Flags: f ServerSeq: 5 ClientSeq: 4
82 1a 75 01 49 03 01 00 0c 0c 00 4b cd ab 29 9f 81 ff 71 02 00 00 01 41 6e 64 65 72 73 6f 6e 00 
00 00 00 00 00 00 00 00 00 00 00 00 00 00 00 00 00 00 00 00 00 00 00 02 9c d9 00 00 00 15 6d 98 
1f 54 68 6f 6d 61 73 00 00 00 00 00 00 00 00 00 00 00 00 00 00 00 00 00 00 00 00 00 00 00 00 00 
00 85 0a d7 23 40 ff fc 6f 01 00 02 28 0a 0c 00 f0 20 46 00 00 08 01 ce 81 ff f7 00 31 5e 00 00 
02 ce 67 00 41 66 74 65 72 57 68 6f 72 75 4e 65 6f 00 00 00 00 00 00 00 00 00 00 00 00 00 00 00 
00 00 00 00 00 00 00 20 d6 a7 ea c0 00 00 00 00 00 3c 94 40 00 00 00 60 e9 11 d3 40 28 0a fd 64 
01 00 00 67 00 75 d4 01 00 4b b1 00 00 00 00 73 1a e9 88 80 60 04 00 02 8e 00 00 00 f7 00 dd 00 
00 00 00 00 e6 e4 40 00 00 00 00 00 44 91 c0 00 00 00 00 00 26 b6 c0 81 ff 32 12 1d 0a 00 28 a8 
00 30 03 02 04 00 89 81 58 9a 1f 80 1c 01 11 00 00 00 67 00 02 00 00 00 00 
..u.I......K..)...q....Anderson...............................m..Thomas.........................
....#@..o...(.... F.........1^....g.AfterWhoruNeo...................... .........<.@...`...@(..d
...g.u...K.....s....`.................@.....D.......&....2....(..0......X.........g......

Client->GAME [17:10:22 07/15/09] packet size: 55 CRYPTED, Flags: 17 ServerSeq: 5 ClientSeq: 5
02 03 02 00 02 60 08 41 6e 64 65 72 73 6f 6e 06 54 68 6f 6d 61 73 00 00 04 01 00 02 05 02 80 be 
07 3f 4e 00 10 00 00 00 08 3e 6b 00 10 00 00 00 00 02 81 48 02 0c 01 
.....`.Anderson.Thomas...........?N......>k........H...

GAME->Client [17:10:22 07/15/09] packet size: 729 CRYPTED, Flags: 1f ServerSeq: 6 ClientSeq: 5
02 03 01 00 0c 57 02 4a cd ab 14 8e 47 6f 6c 64 20 42 6c 6f 6f 64 20 45 6e 74 68 75 73 69 61 73 
74 00 00 00 00 00 00 00 00 00 00 00 00 10 00 00 22 d5 01 96 60 1c 00 c6 01 80 c3 d6 09 00 58 4c 
0a 00 28 00 00 00 10 1f 55 e7 40 00 00 00 00 00 44 91 c0 00 00 00 60 09 54 c6 c0 c0 01 83 05 02 
a8 0d 32 02 b2 09 32 02 07 08 00 00 81 b5 02 00 00 02 03 23 00 00 01 00 0c 57 02 4c cd ab 13 8e 
47 6f 6c 64 20 42 6c 6f 6f 64 20 43 68 61 6d 70 69 6f 6e 00 00 00 00 00 00 00 00 00 00 00 00 00 
00 10 00 00 22 d4 a7 61 1c 00 c6 01 80 d1 d7 09 00 58 0a 00 00 00 a8 cb da e6 40 00 00 00 00 00 
44 91 c0 00 00 00 00 53 07 98 c0 c0 01 83 01 01 a8 0d ee 02 b2 04 ee 02 07 08 00 00 81 b5 02 00 
00 02 03 21 00 00 01 00 0c 57 02 4d cd ab 11 8e 47 6f 6c 64 20 42 6c 6f 6f 64 20 45 6e 74 68 75 
73 69 61 73 74 00 00 00 00 00 00 00 00 00 00 00 00 10 00 00 22 d4 a2 60 1c 00 c6 01 80 c1 d6 09 
00 58 00 00 00 a8 53 3d e7 40 00 00 00 00 00 44 91 c0 00 00 00 00 12 b4 9a c0 c0 01 82 02 a8 0d 
32 02 b2 09 32 02 07 08 00 00 81 b5 02 00 00 02 03 1f 00 00 01 00 0c 57 02 4e cd ab 13 8e 47 6f 
6c 64 20 42 6c 6f 6f 64 20 43 68 61 6d 70 69 6f 6e 00 00 00 00 00 00 00 00 00 00 00 00 00 00 10 
00 00 22 d4 60 61 1c 00 c6 01 80 d1 d7 09 00 58 0a 00 00 00 54 3e 3c e5 40 00 00 00 00 00 44 91 
c0 00 00 00 00 94 b0 95 c0 c0 01 83 01 01 a8 0d ee 02 b2 04 ee 02 07 08 00 00 81 b5 02 00 00 02 
03 1d 00 00 01 00 0c 18 0a 3f cd ab 01 01 02 00 00 00 03 00 00 00 00 04 01 00 04 0b 16 80 bc 56 
00 c2 03 00 0a 95 00 00 06 04 02 00 00 00 01 00 00 00 00 16 80 bc 56 00 c3 03 00 0a 95 00 00 b4 
00 11 00 00 00 01 00 00 00 00 16 80 bc 56 00 c4 03 00 0a 95 00 00 b5 00 11 00 00 00 01 00 00 00 
00 16 80 bc 56 00 c5 03 00 0a 95 00 00 07 04 02 00 00 00 01 00 00 00 00 16 80 bc 56 00 06 04 00 
0a 95 00 00 06 04 02 00 00 00 00 00 00 00 00 16 80 bc 56 00 07 04 00 0a 95 00 00 b4 00 11 00 00 
00 00 00 00 00 00 16 80 bc 56 00 08 04 00 0a 95 00 00 b5 00 11 00 00 00 00 00 00 00 00 16 80 bc 
56 00 09 04 00 0a 95 00 00 07 04 02 00 00 00 00 00 00 00 00 16 80 bc 56 00 c6 03 00 8a b2 00 00 
23 04 02 00 00 00 01 00 00 00 00 16 80 bc 56 00 c7 03 00 8a b2 00 00 21 04 01 00 00 00 01 00 00 
00 00 16 80 bc 56 00 c8 03 00 8a b2 00 00 b4 00 1d 00 00 00 01 00 00 00 00 
.....W.J....Gold Blood Enthusiast..............."...`.........XL..(.....U.@.....D.....`.T.......
..2...2............#.....W.L....Gold Blood Champion................."..a.........X........@.....
D......S...........................!.....W.M....Gold Blood Enthusiast..............."..`........
.X....S=.@.....D................2...2..................W.N....Gold Blood Champion...............
..".`a.........X....T><.@.....D..........................................?.....................V
......................V......................V......................V......................V....
..................V......................V......................V......................V........
#.............V........!.............V...................

GAME->Client [17:10:22 07/15/09] packet size: 720 CRYPTED, Flags: 1f ServerSeq: 7 ClientSeq: 5
82 2c 75 01 49 03 01 00 08 a1 1b 42 00 80 14 0e cd ab 02 09 00 00 00 20 9a c4 e3 40 00 00 00 00 
00 3c 91 c0 00 00 00 80 2e 5b bd c0 00 00 00 00 c8 26 74 bf 00 00 00 00 1e f6 99 3e 1b 00 00 01 
00 0c 57 02 4f cd ab 13 8e 47 6f 6c 64 20 42 6c 6f 6f 64 20 42 72 6f 74 68 65 72 00 00 00 00 00 
00 00 00 00 00 00 00 00 00 00 10 00 00 22 d4 cb 5f 1c 00 c6 01 80 d1 d8 09 00 58 0a 00 00 00 b0 
6c 32 e6 40 00 00 00 00 00 44 91 c0 00 00 00 c0 2e 12 a3 c0 c0 01 83 01 03 a8 0d 77 01 b2 09 77 
01 07 08 00 00 81 b5 02 00 00 02 03 19 00 00 01 00 08 50 02 f4 09 e0 03 b3 cd ab 02 09 00 00 00 
00 00 e6 e4 40 00 00 00 00 00 a4 90 c0 00 00 00 00 00 c2 b5 c0 00 00 00 00 00 00 80 3f 00 00 00 
00 2e bd 3b b3 17 00 00 01 00 08 68 95 44 00 80 14 a1 cd ab 02 09 00 00 00 00 80 fe e2 40 00 00 
00 00 00 40 91 c0 00 00 00 00 00 b3 c0 c0 00 00 00 00 f2 04 35 3f 00 00 00 00 f3 04 35 3f 15 00 
00 01 00 0c 57 02 50 cd ab 11 8e 47 6f 6c 64 20 42 6c 6f 6f 64 20 42 72 6f 74 68 65 72 00 00 00 
00 00 00 00 00 00 00 00 00 00 00 00 10 00 00 22 d4 75 5f 1c 00 c6 01 80 c1 d8 09 00 58 00 00 00 
9c 8c a8 e6 40 00 00 00 00 00 44 91 c0 00 00 00 c0 4d 2a a5 c0 c0 01 82 03 a8 0d 77 01 b2 09 77 
01 07 08 00 00 81 b5 02 00 00 02 03 13 00 00 01 00 08 69 95 43 00 80 14 a0 cd ab 02 09 00 00 00 
00 40 a7 e3 40 00 00 00 00 00 40 91 c0 00 00 00 00 00 9a c0 c0 00 00 00 00 f2 04 35 bf 00 00 00 
00 f3 04 35 3f 0b 00 00 01 00 02 18 00 03 00 01 cf 03 75 d4 01 00 03 00 00 00 40 f7 00 f7 00 28 
0a 28 0a 00 00 04 01 00 0f 0a 16 80 bc 56 00 c9 03 00 8a b2 00 00 09 04 1d 00 00 00 01 00 00 00 
00 16 80 bc 56 00 ca 03 00 8a b2 00 00 9d 00 1d 00 00 00 01 00 00 00 00 16 80 bc 56 00 cb 03 00 
8a b2 00 00 06 04 01 00 00 00 01 00 00 00 00 16 80 bc 56 00 0a 04 00 8a b2 00 00 23 04 02 00 00 
00 00 00 00 00 00 16 80 bc 56 00 0b 04 00 8a b2 00 00 21 04 01 00 00 00 00 00 00 00 00 16 80 bc 
56 00 0c 04 00 8a b2 00 00 b4 00 1d 00 00 00 00 00 00 00 00 16 80 bc 56 00 0d 04 00 8a b2 00 00 
09 04 1d 00 00 00 00 00 00 00 00 16 80 bc 56 00 0e 04 00 8a b2 00 00 9d 00 1d 00 00 00 00 00 00 
00 00 16 80 bc 56 00 0f 04 00 8a b2 00 00 06 04 01 00 00 00 00 00 00 00 00 16 80 bc 56 00 cc 03 
00 24 b3 00 00 89 02 02 00 00 00 01 00 00 00 00 
.,u.I......B........... ...@.....<.......[.......&t........>......W.O....Gold Blood Brother.....
.............".._.........X.....l2.@.....D.................w...w..................P.............
....@.......................?......;.......h.D...............@.....@................5?......5?..
....W.P....Gold Blood Brother..................".u_.........X.......@.....D......M*........w...w
..................i.C............@..@.....@................5.......5?.............u.......@....(
.(...........V......................V......................V......................V........#....
.........V........!.............V......................V......................V.................
.....V......................V....$..............

Client->GAME [17:10:22 07/15/09] packet size: 1 CRYPTED, Flags: 2f ServerSeq: 6 ClientSeq: 6
02 
.

Client->GAME [17:10:22 07/15/09] packet size: 1 CRYPTED, Flags: 5f ServerSeq: 7 ClientSeq: 7
02 
.

GAME->Client [17:10:22 07/15/09] packet size: 727 CRYPTED, Flags: 1f ServerSeq: 8 ClientSeq: 5
02 03 01 00 02 14 00 23 00 02 0e 01 82 54 a4 3a 47 00 20 8a c4 d2 ef 32 c6 01 00 02 13 00 21 00 
02 0c a6 a6 c5 36 47 00 20 8a c4 60 c7 c1 c4 01 00 0c 57 02 51 cd ab 11 8e 47 6f 6c 64 20 42 6c 
6f 6f 64 20 43 68 61 6d 70 69 6f 6e 00 00 00 00 00 00 00 00 00 00 00 00 00 00 10 00 00 22 d4 f2 
61 1c 00 c6 01 80 c1 d7 09 00 58 00 00 00 5c 90 6a e6 40 00 00 00 00 00 44 91 c0 00 00 00 00 1e 
b7 aa c0 c0 01 82 01 a8 0d ee 02 b2 04 ee 02 07 08 00 00 81 b5 02 00 00 02 03 11 00 00 01 00 0c 
57 02 52 cd ab 13 8e 47 6f 6c 64 20 42 6c 6f 6f 64 20 45 6e 74 68 75 73 69 61 73 74 00 00 00 00 
00 00 00 00 00 00 00 00 10 00 00 22 d4 17 60 1c 00 c6 01 80 d1 d7 09 00 58 0a 00 00 00 24 a9 0d 
e7 40 00 00 00 00 00 44 91 c0 00 00 00 a0 93 c1 b2 c0 c0 01 83 01 02 a8 0d 32 02 b2 09 32 02 07 
08 00 00 81 b5 02 00 00 02 03 0f 00 00 01 00 0c 57 02 53 cd ab 11 8e 47 6f 6c 64 20 42 6c 6f 6f 
64 20 45 6e 74 68 75 73 69 61 73 74 00 00 00 00 00 00 00 00 00 00 00 00 10 00 00 22 d4 88 60 1c 
00 c6 01 80 c1 d9 09 00 58 00 00 00 18 ed 5a e6 40 00 00 00 00 00 44 91 c0 00 00 00 80 cc b5 a1 
c0 c0 01 82 02 a8 0d 32 02 b2 09 32 02 07 08 00 00 81 b5 02 00 00 02 03 0d 00 00 01 00 0c 57 02 
54 cd ab 12 8e 47 6f 6c 64 20 42 6c 6f 6f 64 20 45 6e 74 68 75 73 69 61 73 74 00 00 00 00 00 00 
00 00 00 00 00 00 10 00 00 22 d4 64 60 1c 00 c6 01 80 c1 d6 09 00 58 00 00 00 ab 25 a6 e4 40 00 
00 00 00 00 44 91 c0 00 00 00 00 f0 87 8d c0 c0 01 83 05 02 a8 0d 32 02 b2 09 32 02 07 08 00 00 
81 b5 02 00 00 02 03 09 00 00 00 00 04 01 00 19 0a 16 80 bc 56 00 cd 03 00 24 b3 00 00 1a 04 01 
00 00 00 01 00 00 00 00 16 80 bc 56 00 ce 03 00 24 b3 00 00 b4 00 21 00 00 00 01 00 00 00 00 16 
80 bc 56 00 cf 03 00 24 b3 00 00 09 04 21 00 00 00 01 00 00 00 00 16 80 bc 56 00 d0 03 00 24 b3 
00 00 15 04 02 00 00 00 01 00 00 00 00 16 80 bc 56 00 d1 03 00 24 b3 00 00 b5 00 21 00 00 00 01 
00 00 00 00 16 80 bc 56 00 10 04 00 24 b3 00 00 89 02 02 00 00 00 00 00 00 00 00 16 80 bc 56 00 
11 04 00 24 b3 00 00 1a 04 01 00 00 00 00 00 00 00 00 16 80 bc 56 00 12 04 00 24 b3 00 00 b4 00 
21 00 00 00 00 00 00 00 00 16 80 bc 56 00 13 04 00 24 b3 00 00 09 04 21 00 00 00 00 00 00 00 00 
16 80 bc 56 00 14 04 00 24 b3 00 00 15 04 02 00 00 00 00 00 00 00 00 
.......#.....T.:G. ....2......!......6G. ..`......W.Q....Gold Blood Champion................."..
a.........X...\.j.@.....D.......................................W.R....Gold Blood Enthusiast....
..........."..`.........X....$...@.....D.................2...2..................W.S....Gold Bloo
d Enthusiast..............."..`.........X.....Z.@.....D................2...2..................W.
T....Gold Blood Enthusiast...............".d`.........X....%..@.....D.................2...2.....
....................V....$.................V....$.....!...........V....$.....!...........V....$.
................V....$.....!...........V....$.................V....$.................V....$.....
!...........V....$.....!...........V....$..............

Client->GAME [17:10:22 07/15/09] packet size: 1 CRYPTED, Flags: 3f ServerSeq: 8 ClientSeq: 8
02 
.

Client->GAME [17:10:22 07/15/09] packet size: 63 CRYPTED, Flags: 3f ServerSeq: 8 ClientSeq: 9
02 04 01 00 07 03 12 80 c9 07 00 c0 0a 00 68 3f 47 00 c0 94 c4 00 00 7a c4 12 80 c9 0e 00 c0 0a 
00 68 3f 47 00 c0 94 c4 00 60 6a c6 12 80 c9 07 00 10 11 00 28 20 47 00 c0 94 c4 00 00 7a 44 
..............h?G......z.........h?G.....`j.........( G......zD

GAME->Client [17:10:22 07/15/09] packet size: 723 CRYPTED, Flags: 7f ServerSeq: 9 ClientSeq: 7
02 03 01 00 02 13 00 09 00 02 0c 5a 2d 31 25 47 00 20 8a c4 80 3f 6c c4 01 00 0c 57 02 55 cd ab 
11 8e 47 6f 6c 64 20 42 6c 6f 6f 64 20 43 68 61 6d 70 69 6f 6e 00 00 00 00 00 00 00 00 00 00 00 
00 00 00 10 00 00 22 d0 61 1c 00 c6 01 80 c1 d7 09 00 58 00 00 00 cc c5 f6 e6 40 00 00 00 00 00 
44 91 c0 00 00 00 c0 25 7f b0 c0 c0 01 83 05 01 a8 0d ee 02 b2 04 ee 02 07 08 00 00 81 b5 02 00 
00 02 03 07 00 00 01 00 08 d0 20 fc 09 e0 03 10 cd ab 08 fd 00 00 00 00 40 5d e7 40 00 00 00 00 
00 44 91 c0 00 00 00 00 00 44 b6 c0 41 6d 65 74 68 79 73 74 00 00 00 00 00 00 00 00 00 00 00 00 
00 00 00 00 00 00 00 00 00 00 00 00 00 00 00 00 00 00 00 00 00 00 00 00 00 00 00 00 00 00 00 00 
00 00 00 00 00 00 00 00 00 00 00 00 02 00 00 3a 00 f9 0a 00 58 00 00 03 00 00 00 00 00 5c 83 6c 
3f 00 00 00 00 17 ef c3 3e 05 00 00 21 00 02 0c a6 68 b3 36 47 00 20 8a c4 50 6d c3 c4 03 00 01 
00 04 00 30 27 47 00 20 8a c4 00 30 b1 c5 00 00 04 01 00 23 12 16 80 bc 56 00 15 04 00 24 b3 00 
00 b5 00 21 00 00 00 00 00 00 00 00 16 80 bc 56 00 d2 03 00 95 a7 00 00 b4 00 12 00 00 00 01 00 
00 00 00 16 80 bc 56 00 d3 03 00 95 a7 00 00 b5 00 12 00 00 00 01 00 00 00 00 16 80 bc 56 00 d4 
03 00 95 a7 00 00 09 04 12 00 00 00 01 00 00 00 00 16 80 bc 56 00 d5 03 00 95 a7 00 00 70 00 0f 
00 00 00 01 00 00 00 00 16 80 bc 56 00 16 04 00 95 a7 00 00 b4 00 12 00 00 00 00 00 00 00 00 16 
80 bc 56 00 17 04 00 95 a7 00 00 b5 00 12 00 00 00 00 00 00 00 00 16 80 bc 56 00 18 04 00 95 a7 
00 00 09 04 12 00 00 00 00 00 00 00 00 16 80 bc 56 00 19 04 00 95 a7 00 00 70 00 0f 00 00 00 00 
00 00 00 00 16 80 bc 56 00 d6 03 00 2c b3 00 00 17 04 01 00 00 00 01 00 00 00 00 16 80 bc 56 00 
d7 03 00 2c b3 00 00 b4 00 21 00 00 00 01 00 00 00 00 16 80 bc 56 00 d8 03 00 2c b3 00 00 09 04 
21 00 00 00 01 00 00 00 00 16 80 bc 56 00 d9 03 00 2c b3 00 00 12 04 02 00 00 00 01 00 00 00 00 
16 80 bc 56 00 da 03 00 2c b3 00 00 07 04 02 00 00 00 01 00 00 00 00 16 80 bc 56 00 db 03 00 2c 
b3 00 00 b5 00 21 00 00 00 01 00 00 00 00 16 80 bc 56 00 1a 04 00 2c b3 00 00 17 04 01 00 00 00 
00 00 00 00 00 16 80 bc 56 00 1b 04 00 2c b3 00 00 b4 00 21 00 00 00 00 00 00 00 00 16 80 bc 56 
00 1c 04 00 2c b3 00 00 09 04 21 00 00 00 00 00 00 00 00 
...........Z-1%G. ...?l....W.U....Gold Blood Champion.................".a.........X.......@.....
D......%.................................. .............@].@.....D.......D..Amethyst............
...............................................:....X........\.l?.......>...!....h.6G. ..Pm.....
...0'G. ...0.......#....V....$.....!...........V......................V......................V..
....................V........p.............V......................V......................V......
................V........p.............V....,.................V....,.....!...........V....,.....
!...........V....,.................V....,.................V....,.....!...........V....,.........
........V....,.....!...........V....,.....!........

Client->GAME [17:10:22 07/15/09] packet size: 1 CRYPTED, Flags: 7f ServerSeq: 9 ClientSeq: 10
02 
.

GAME->Client [17:10:22 07/15/09] packet size: 698 CRYPTED, Flags: 7f ServerSeq: 10 ClientSeq: 8
02 03 01 00 02 14 00 07 00 02 0e 00 f6 2e b6 37 47 00 20 8a c4 2e f9 83 c5 23 00 02 0c 81 65 a2 
3a 47 00 20 8a c4 a0 a3 33 c6 1d 00 02 0e 00 5a 1c 09 2a 47 00 20 8a c4 18 46 b2 c4 09 00 02 0e 
00 50 2d 31 25 47 00 20 8a c4 80 3f 6c c4 00 00 04 02 00 35 0e 16 80 bc 56 00 1d 04 00 2c b3 00 
00 12 04 02 00 00 00 00 00 00 00 00 16 80 bc 56 00 1e 04 00 2c b3 00 00 07 04 02 00 00 00 00 00 
00 00 00 16 80 bc 56 00 1f 04 00 2c b3 00 00 b5 00 21 00 00 00 00 00 00 00 00 16 80 bc 56 00 dc 
03 00 c3 b2 00 00 89 02 02 00 00 00 01 00 00 00 00 16 80 bc 56 00 dd 03 00 c3 b2 00 00 21 04 02 
00 00 00 01 00 00 00 00 16 80 bc 56 00 de 03 00 c3 b2 00 00 b4 00 1f 00 00 00 01 00 00 00 00 16 
80 bc 56 00 df 03 00 c3 b2 00 00 09 04 1f 00 00 00 01 00 00 00 00 16 80 bc 56 00 e0 03 00 c3 b2 
00 00 1e 04 01 00 00 00 01 00 00 00 00 16 80 bc 56 00 e1 03 00 c3 b2 00 00 9d 00 1f 00 00 00 01 
00 00 00 00 16 80 bc 56 00 20 04 00 c3 b2 00 00 89 02 02 00 00 00 00 00 00 00 00 16 80 bc 56 00 
21 04 00 c3 b2 00 00 21 04 02 00 00 00 00 00 00 00 00 16 80 bc 56 00 22 04 00 c3 b2 00 00 b4 00 
1f 00 00 00 00 00 00 00 00 16 80 bc 56 00 23 04 00 c3 b2 00 00 09 04 1f 00 00 00 00 00 00 00 00 
16 80 bc 56 00 24 04 00 c3 b2 00 00 1e 04 01 00 00 00 00 00 00 00 00 00 43 0d 16 80 bc 56 00 25 
04 00 c3 b2 00 00 9d 00 1f 00 00 00 00 00 00 00 00 16 80 bc 15 00 fd 03 00 11 00 00 00 ab 00 0d 
00 00 00 01 00 00 00 00 16 80 bc 15 00 fe 03 00 11 00 00 00 0a 02 4d 00 00 00 01 00 00 00 00 16 
80 bc 15 00 ff 03 00 11 00 00 00 f2 03 34 00 00 00 01 00 00 00 00 16 80 bc 15 00 00 04 00 11 00 
00 00 ed 03 4d 00 00 00 01 00 00 00 00 16 80 bc 15 00 01 04 00 11 00 00 00 9f 00 19 00 00 00 01 
00 00 00 00 16 80 bc 15 00 02 04 00 11 00 00 00 f1 03 34 00 00 00 01 00 00 00 00 16 80 bc 15 00 
03 04 00 11 00 00 00 0c 02 34 00 00 00 01 00 00 00 00 16 80 bc 15 00 04 04 00 11 00 00 00 b7 00 
4d 00 00 00 01 00 00 00 00 16 80 bc 15 00 05 04 00 11 00 00 00 f3 03 46 00 00 00 01 00 00 00 00 
0b 80 bd 05 11 00 00 00 00 00 00 00 16 80 bc 15 00 26 04 00 11 00 00 00 ab 00 0d 00 00 00 00 00 
00 00 00 16 80 bc 15 00 27 04 00 11 00 00 00 0a 02 4d 00 00 00 00 00 00 00 00 
...............7G. ......#....e.:G. ....3......Z..*G. ...F.......P-1%G. ...?l......5....V....,..
...............V....,.................V....,.....!...........V......................V........!..
...........V......................V......................V......................V...............
.......V. ....................V.!......!.............V."....................V.#.................
...V.$..................C....V.%......................................................M.........
.............4......................M.............................................4.............
.........4......................M......................F.........................&..............
........'........M........

Client->GAME [17:10:22 07/15/09] packet size: 1 CRYPTED, Flags: 7f ServerSeq: 10 ClientSeq: 11
02 
.

GAME->Client [17:10:22 07/15/09] packet size: 700 CRYPTED, Flags: 7f ServerSeq: 11 ClientSeq: 10
02 03 21 00 02 0e 04 ac f3 97 36 47 00 20 8a c4 d0 e2 c5 c4 1d 00 02 0e 00 50 1c 09 2a 47 00 20 
8a c4 18 46 b2 c4 0f 00 02 0e 05 13 18 8c 38 47 00 20 8a c4 cb 93 94 c5 09 00 02 0e 00 46 2d 31 
25 47 00 20 8a c4 80 3f 6c c4 07 00 02 0e 00 ed 2e b6 37 47 00 20 8a c4 2e f9 83 c5 00 00 04 01 
00 50 1c 16 80 bc 15 00 28 04 00 11 00 00 00 f2 03 34 00 00 00 00 00 00 00 00 16 80 bc 15 00 29 
04 00 11 00 00 00 ed 03 4d 00 00 00 00 00 00 00 00 16 80 bc 15 00 2a 04 00 11 00 00 00 9f 00 19 
00 00 00 00 00 00 00 00 16 80 bc 15 00 2b 04 00 11 00 00 00 f1 03 34 00 00 00 00 00 00 00 00 16 
80 bc 15 00 2c 04 00 11 00 00 00 0c 02 34 00 00 00 00 00 00 00 00 16 80 bc 15 00 2d 04 00 11 00 
00 00 b7 00 4d 00 00 00 00 00 00 00 00 16 80 bc 15 00 2e 04 00 11 00 00 00 f3 03 46 00 00 00 00 
00 00 00 00 0b 80 bd 05 11 00 00 00 00 00 00 01 16 80 bc 15 00 26 04 00 11 00 00 00 ab 00 0d 00 
00 00 01 00 00 00 00 16 80 bc 15 00 27 04 00 11 00 00 00 0a 02 4d 00 00 00 01 00 00 00 00 16 80 
bc 15 00 28 04 00 11 00 00 00 f2 03 34 00 00 00 01 00 00 00 00 16 80 bc 15 00 29 04 00 11 00 00 
00 ed 03 4d 00 00 00 01 00 00 00 00 16 80 bc 15 00 2a 04 00 11 00 00 00 9f 00 19 00 00 00 01 00 
00 00 00 16 80 bc 15 00 2b 04 00 11 00 00 00 f1 03 34 00 00 00 01 00 00 00 00 16 80 bc 15 00 2c 
04 00 11 00 00 00 0c 02 34 00 00 00 01 00 00 00 00 16 80 bc 15 00 2d 04 00 11 00 00 00 b7 00 4d 
00 00 00 01 00 00 00 00 16 80 bc 15 00 2e 04 00 11 00 00 00 f3 03 46 00 00 00 01 00 00 00 00 04 
80 b3 11 00 16 80 bc 45 03 11 00 00 02 00 00 00 11 00 32 00 00 00 01 00 00 00 00 16 80 bc 55 00 
e2 03 00 02 00 00 00 cc 00 0c 00 00 00 01 00 00 00 00 08 80 b2 11 00 32 00 08 02 16 80 bc 45 03 
11 00 00 02 00 00 00 11 00 32 00 00 00 00 00 00 00 00 16 80 bc 55 00 2f 04 00 02 00 00 00 cc 00 
0c 00 00 00 00 00 00 00 00 16 80 bc 15 00 30 04 00 11 00 00 00 ab 00 0d 00 00 00 00 00 00 00 00 
16 80 bc 15 00 31 04 00 11 00 00 00 0a 02 4d 00 00 00 00 00 00 00 00 16 80 bc 15 00 32 04 00 11 
00 00 00 f2 03 34 00 00 00 00 00 00 00 00 16 80 bc 15 00 33 04 00 11 00 00 00 ed 03 4d 00 00 00 
00 00 00 00 00 16 80 bc 15 00 34 04 00 11 00 00 00 9f 00 19 00 00 00 00 00 00 00 00 
..!.......6G. ...........P..*G. ...F..........8G. ...........F-1%G. ...?l.........7G. ..........
.P......(........4.............)........M.............*......................+........4.........
....,........4.............-........M......................F.........................&..........
............'........M.............(........4.............)........M.............*..............
........+........4.............,........4.............-........M......................F.........
.......E..........2...........U........................2......E..........2...........U./........
..............0......................1........M.............2........4.............3........M...
..........4.................

Client->GAME [17:10:22 07/15/09] packet size: 1 CRYPTED, Flags: 7f ServerSeq: 11 ClientSeq: 12
02 
.

GAME->Client [17:10:22 07/15/09] packet size: 698 CRYPTED, Flags: 7f ServerSeq: 12 ClientSeq: 11
02 03 21 00 02 0e 00 b6 f3 97 36 47 00 20 8a c4 d0 e2 c5 c4 1d 00 06 0c 4b 1c 09 2a 47 00 20 8a 
c4 18 46 b2 c4 80 80 80 80 c0 4c 0a 00 28 01 01 0f 00 02 0e 05 09 18 8c 38 47 00 20 8a c4 cb 93 
94 c5 09 00 06 0c 45 2d 31 25 47 00 20 8a c4 80 3f 6c c4 80 80 80 80 c0 4c 0a 00 28 01 01 00 00 
04 02 00 6c 1a 16 80 bc 15 00 35 04 00 11 00 00 00 f1 03 34 00 00 00 00 00 00 00 00 16 80 bc 15 
00 36 04 00 11 00 00 00 0c 02 34 00 00 00 00 00 00 00 00 16 80 bc 15 00 37 04 00 11 00 00 00 b7 
00 4d 00 00 00 00 00 00 00 00 16 80 bc 15 00 38 04 00 11 00 00 00 f3 03 46 00 00 00 00 00 00 00 
00 16 80 bc 55 00 e3 03 00 0b 00 00 00 37 02 96 00 00 00 01 00 00 00 00 16 80 bc 55 00 39 04 00 
0b 00 00 00 37 02 96 00 00 00 00 00 00 00 00 16 80 bc 55 00 e4 03 00 2d 00 00 00 23 04 0a 00 00 
00 01 00 00 00 00 16 80 bc 55 00 e5 03 00 2d 00 00 00 20 04 0a 00 00 00 01 00 00 00 00 16 80 bc 
55 00 e6 03 00 2d 00 00 00 19 04 05 00 00 00 01 00 00 00 00 16 80 bc 55 00 e7 03 00 2d 00 00 00 
42 04 05 00 00 00 01 00 00 00 00 16 80 bc 55 00 3a 04 00 2d 00 00 00 23 04 0a 00 00 00 00 00 00 
00 00 16 80 bc 55 00 3b 04 00 2d 00 00 00 20 04 0a 00 00 00 00 00 00 00 00 16 80 bc 55 00 3c 04 
00 2d 00 00 00 19 04 05 00 00 00 00 00 00 00 00 16 80 bc 55 00 3d 04 00 2d 00 00 00 42 04 05 00 
00 00 00 00 00 00 00 16 80 bc 55 00 e8 03 00 34 00 00 00 83 02 c8 00 00 00 01 00 00 00 00 16 80 
bc 55 00 3e 04 00 34 00 00 00 83 02 c8 00 00 00 00 00 00 00 00 04 80 b3 3d 04 16 80 bc 45 03 3d 
04 00 43 00 00 00 3d 04 00 00 00 00 01 00 00 00 00 08 80 b2 3d 04 00 00 08 02 16 80 bc 45 03 3d 
04 00 43 00 00 00 3d 04 00 00 00 00 00 00 00 00 00 16 80 bc 55 00 e9 03 00 4b 00 00 00 1f 04 19 
00 00 00 01 00 00 00 00 16 80 bc 55 00 3f 04 00 4b 00 00 00 1f 04 19 00 00 00 00 00 00 00 00 16 
80 bc 55 00 ea 03 00 5f 00 00 00 7c 04 0f 00 00 00 01 00 00 00 00 16 80 bc 55 00 eb 03 00 5f 00 
00 00 07 04 0f 00 00 00 01 00 00 00 00 16 80 bc 55 00 40 04 00 5f 00 00 00 7c 04 0f 00 00 00 00 
00 00 00 00 16 80 bc 55 00 41 04 00 5f 00 00 00 07 04 0f 00 00 00 00 00 00 00 00 00 86 02 16 80 
bc 55 00 ec 03 00 62 00 00 00 06 04 01 00 00 00 01 00 00 00 00 04 80 b3 35 04 
..!.......6G. ..........K..*G. ...F.......L..(..........8G. ..........E-1%G. ...?l......L..(....
...l......5........4.............6........4.............7........M.............8........F.......
....U........7.............U.9......7.............U....-...#.............U....-... .............
U....-.................U....-...B.............U.:..-...#.............U.;..-... .............U.<.
.-.................U.=..-...B.............U....4.................U.>..4.................=....E.=
..C...=.............=........E.=..C...=.............U....K.................U.?..K...............
..U...._...|.............U...._.................U.@.._...|.............U.A.._...................
.U....b.................5.

Client->GAME [17:10:23 07/15/09] packet size: 1 CRYPTED, Flags: 7f ServerSeq: 12 ClientSeq: 13
02 
.

GAME->Client [17:10:23 07/15/09] packet size: 704 CRYPTED, Flags: 7f ServerSeq: 13 ClientSeq: 12
02 03 21 00 02 0e 00 c0 f3 97 36 47 00 20 8a c4 d0 e2 c5 c4 0f 00 06 0c ff 18 8c 38 47 00 20 8a 
c4 cb 93 94 c5 80 80 80 80 c0 4c 0a 00 28 01 01 07 00 04 80 80 80 80 c0 4c 0a 00 28 01 01 00 00 
04 01 00 88 1f 16 80 bc 45 03 35 04 00 62 00 00 00 35 04 00 00 00 00 01 00 00 00 00 16 80 bc 55 
00 ed 03 00 62 00 00 00 15 04 01 00 00 00 01 00 00 00 00 16 80 bc 55 00 42 04 00 62 00 00 00 06 
04 01 00 00 00 00 00 00 00 00 08 80 b2 35 04 00 00 08 02 16 80 bc 45 03 35 04 00 62 00 00 00 35 
04 00 00 00 00 00 00 00 00 00 16 80 bc 55 00 43 04 00 62 00 00 00 15 04 01 00 00 00 00 00 00 00 
00 04 80 b3 3e 04 16 80 bc 45 03 3e 04 00 4f 01 00 00 3e 04 00 00 00 00 01 00 00 00 00 08 80 b2 
3e 04 00 00 08 02 16 80 bc 45 03 3e 04 00 4f 01 00 00 3e 04 00 00 00 00 00 00 00 00 00 16 80 bc 
55 00 ee 03 00 5a 01 00 00 07 04 05 00 00 00 01 00 00 00 00 16 80 bc 55 00 ef 03 00 5a 01 00 00 
1d 04 0f 00 00 00 01 00 00 00 00 16 80 bc 55 00 44 04 00 5a 01 00 00 07 04 05 00 00 00 00 00 00 
00 00 16 80 bc 55 00 45 04 00 5a 01 00 00 1d 04 0f 00 00 00 00 00 00 00 00 04 80 b3 3f 04 16 80 
bc 45 03 3f 04 00 64 01 00 00 3f 04 00 00 00 00 01 00 00 00 00 16 80 bc 55 00 f0 03 00 64 01 00 
00 1f 04 05 00 00 00 01 00 00 00 00 08 80 b2 3f 04 00 00 08 02 16 80 bc 45 03 3f 04 00 64 01 00 
00 3f 04 00 00 00 00 00 00 00 00 00 16 80 bc 55 00 46 04 00 64 01 00 00 1f 04 05 00 00 00 00 00 
00 00 00 16 80 bc 55 00 f1 03 00 66 01 00 00 7b 04 05 00 00 00 01 00 00 00 00 16 80 bc 55 00 f2 
03 00 66 01 00 00 12 04 0a 00 00 00 01 00 00 00 00 16 80 bc 55 00 f3 03 00 66 01 00 00 06 04 0b 
00 00 00 01 00 00 00 00 16 80 bc 55 00 47 04 00 66 01 00 00 7b 04 05 00 00 00 00 00 00 00 00 16 
80 bc 55 00 48 04 00 66 01 00 00 12 04 0a 00 00 00 00 00 00 00 00 16 80 bc 55 00 49 04 00 66 01 
00 00 06 04 0b 00 00 00 00 00 00 00 00 16 80 bc 55 00 f4 03 00 8e 01 00 00 03 04 05 00 00 00 01 
00 00 00 00 16 80 bc 55 00 f5 03 00 8e 01 00 00 12 04 0f 00 00 00 01 00 00 00 00 16 80 bc 55 00 
f6 03 00 8e 01 00 00 77 04 05 00 00 00 01 00 00 00 00 16 80 bc 55 00 4a 04 00 8e 01 00 00 03 04 
05 00 00 00 00 00 00 00 00 16 80 bc 55 00 4b 04 00 8e 01 00 00 12 04 0f 00 00 00 00 00 00 00 00 
..!.......6G. .............8G. ...........L..(..........L..(............E.5..b...5.............U
....b.................U.B..b.................5........E.5..b...5.............U.C..b.............
....>....E.>..O...>.............>........E.>..O...>.............U....Z.................U....Z...
..............U.D..Z.................U.E..Z.................?....E.?..d...?.............U....d..
...............?........E.?..d...?.............U.F..d.................U....f...{.............U..
..f.................U....f.................U.G..f...{.............U.H..f.................U.I..f.
................U......................U......................U........w.............U.J........
............U.K.................

Client->GAME [17:10:23 07/15/09] packet size: 1 CRYPTED, Flags: 7f ServerSeq: 13 ClientSeq: 14
02 
.

GAME->Client [17:10:23 07/15/09] packet size: 707 CRYPTED, Flags: 7f ServerSeq: 14 ClientSeq: 13
02 03 23 00 02 0e 04 87 5c 9f 3a 47 00 20 8a c4 5a de 34 c6 21 00 02 0c c3 f3 97 36 47 00 20 8a 
c4 d0 e2 c5 c4 0f 00 06 0c f5 18 8c 38 47 00 20 8a c4 cb 93 94 c5 ff 00 00 00 10 00 00 00 00 00 
01 ff 00 00 00 00 00 00 00 00 00 00 00 00 00 00 00 00 00 00 00 00 00 00 00 00 00 00 02 ff 00 00 
00 00 00 00 00 00 32 02 00 00 00 00 0d 00 00 00 00 00 00 ff 00 00 00 00 00 00 00 00 00 00 00 00 
00 00 00 00 00 00 00 00 00 00 00 00 00 00 00 00 00 00 01 00 32 02 ff 00 00 00 00 00 00 00 00 b5 
02 00 00 4c 0a 00 28 ff 01 00 00 00 00 00 00 00 00 00 00 00 d7 09 00 58 37 08 00 00 1f 07 08 00 
00 00 00 00 00 22 00 00 00 00 00 00 00 04 01 00 a7 17 16 80 bc 55 00 4c 04 00 8e 01 00 00 77 04 
05 00 00 00 00 00 00 00 00 16 80 bc 55 00 f7 03 00 cd 01 00 00 e5 03 05 00 00 00 01 00 00 00 00 
16 80 bc 55 00 f8 03 00 cd 01 00 00 73 04 05 00 00 00 01 00 00 00 00 16 80 bc 55 00 f9 03 00 cd 
01 00 00 e3 03 0f 00 00 00 01 00 00 00 00 16 80 bc 55 00 4d 04 00 cd 01 00 00 e5 03 05 00 00 00 
00 00 00 00 00 16 80 bc 55 00 4e 04 00 cd 01 00 00 73 04 05 00 00 00 00 00 00 00 00 16 80 bc 55 
00 4f 04 00 cd 01 00 00 e3 03 0f 00 00 00 00 00 00 00 00 04 80 b3 40 04 16 80 bc 45 03 40 04 00 
d5 01 00 00 40 04 00 00 00 00 01 00 00 00 00 16 80 bc 55 00 fa 03 00 d5 01 00 00 e3 03 05 00 00 
00 01 00 00 00 00 08 80 b2 40 04 00 00 08 02 16 80 bc 45 03 40 04 00 d5 01 00 00 40 04 00 00 00 
00 00 00 00 00 00 16 80 bc 55 00 50 04 00 d5 01 00 00 e3 03 05 00 00 00 00 00 00 00 00 16 80 bc 
55 00 fb 03 00 36 02 00 00 37 02 0a 00 00 00 01 00 00 00 00 16 80 bc 55 00 51 04 00 36 02 00 00 
37 02 0a 00 00 00 00 00 00 00 00 16 80 bc 55 00 fc 03 00 74 02 00 00 34 02 1e 00 00 00 01 00 00 
00 00 16 80 bc 55 00 52 04 00 74 02 00 00 34 02 1e 00 00 00 00 00 00 00 00 16 80 bc 15 00 30 04 
00 11 00 00 00 ab 00 0d 00 00 00 01 00 00 00 00 16 80 bc 15 00 31 04 00 11 00 00 00 0a 02 4d 00 
00 00 01 00 00 00 00 16 80 bc 15 00 32 04 00 11 00 00 00 f2 03 34 00 00 00 01 00 00 00 00 16 80 
bc 15 00 33 04 00 11 00 00 00 ed 03 4d 00 00 00 01 00 00 00 00 16 80 bc 15 00 34 04 00 11 00 00 
00 9f 00 19 00 00 00 01 00 00 00 00 16 80 bc 15 00 35 04 00 11 00 00 00 f1 03 34 00 00 00 01 00 
00 00 00 
..#.....\.:G. ..Z.4.!......6G. .............8G. ................................................
......2.............................................2..............L..(................X7.......
....."...............U.L......w.............U......................U........s.............U.....
.................U.M....................U.N......s.............U.O....................@....E.@..
....@.............U......................@........E.@......@.............U.P....................
U....6...7.............U.Q..6...7.............U....t...4.............U.R..t...4...............0.
.....................1........M.............2........4.............3........M.............4.....
.................5........4........

Client->GAME [17:10:23 07/15/09] packet size: 1 CRYPTED, Flags: 7f ServerSeq: 14 ClientSeq: 15
02 
.

GAME->Client [17:10:23 07/15/09] packet size: 721 CRYPTED, Flags: 7f ServerSeq: 15 ClientSeq: 14
02 03 23 00 02 0e 00 91 5c 9f 3a 47 00 20 8a c4 5a de 34 c6 0f 00 06 0c eb 18 8c 38 47 00 20 8a 
c4 cb 93 94 c5 ff 00 00 00 10 00 00 00 00 00 01 ff 00 00 00 00 00 00 00 00 00 00 00 00 00 00 00 
00 00 00 00 00 00 00 00 00 00 00 02 ff 00 00 00 00 00 00 00 00 32 02 00 00 00 00 0d 00 00 00 00 
00 00 ff 00 00 00 00 00 00 00 00 00 00 00 00 00 00 00 00 00 00 00 00 00 00 00 00 00 00 00 00 00 
00 01 00 32 02 ff 00 00 00 00 00 00 00 00 b5 02 00 00 4c 0a 00 28 ff 01 00 00 00 00 00 00 00 00 
00 00 00 d7 09 00 58 37 08 00 00 1f 07 08 00 00 00 00 00 00 22 00 00 00 00 00 00 00 04 02 00 be 
0e 16 80 bc 15 00 36 04 00 11 00 00 00 0c 02 34 00 00 00 01 00 00 00 00 16 80 bc 15 00 37 04 00 
11 00 00 00 b7 00 4d 00 00 00 01 00 00 00 00 16 80 bc 15 00 38 04 00 11 00 00 00 f3 03 46 00 00 
00 01 00 00 00 00 0b 80 bd 05 11 00 00 00 00 00 00 00 16 80 bc 15 00 53 04 00 11 00 00 00 ab 00 
0d 00 00 00 00 00 00 00 00 16 80 bc 15 00 54 04 00 11 00 00 00 0a 02 4d 00 00 00 00 00 00 00 00 
16 80 bc 15 00 55 04 00 11 00 00 00 f2 03 34 00 00 00 00 00 00 00 00 16 80 bc 15 00 56 04 00 11 
00 00 00 ed 03 4d 00 00 00 00 00 00 00 00 16 80 bc 15 00 57 04 00 11 00 00 00 9f 00 19 00 00 00 
00 00 00 00 00 16 80 bc 15 00 58 04 00 11 00 00 00 f1 03 34 00 00 00 00 00 00 00 00 16 80 bc 15 
00 59 04 00 11 00 00 00 0c 02 34 00 00 00 00 00 00 00 00 16 80 bc 15 00 5a 04 00 11 00 00 00 b7 
00 4d 00 00 00 00 00 00 00 00 16 80 bc 15 00 5b 04 00 11 00 00 00 f3 03 46 00 00 00 00 00 00 00 
00 0b 80 bd 05 11 00 00 00 00 00 00 01 00 cc 06 17 3a 05 00 11 00 0a 00 50 76 50 53 65 72 76 65 
72 00 04 00 06 00 00 00 1d 3a 05 00 17 00 10 00 50 76 50 4d 61 78 53 61 66 65 4c 65 76 65 6c 00 
04 00 0f 00 00 00 3f 3a 05 00 14 00 0d 00 57 52 5f 52 65 7a 45 76 65 6e 74 73 00 29 00 48 61 6c 
6c 6f 77 65 65 6e 5f 45 76 65 6e 74 2c 57 69 6e 74 65 72 33 50 6c 75 73 48 61 6c 6c 6f 77 65 65 
6e 54 53 45 43 00 1b 3a 05 00 19 00 12 00 45 76 65 6e 74 53 6c 6f 74 31 5f 45 66 66 65 63 74 00 
00 00 28 3a 05 00 19 00 12 00 45 76 65 6e 74 53 6c 6f 74 32 5f 45 66 66 65 63 74 00 0d 00 66 6c 
79 6d 61 6e 5f 69 64 6c 65 33 00 25 3a 05 00 19 00 12 00 45 76 65 6e 74 53 6c 6f 74 33 5f 45 66 
66 65 63 74 00 0a 00 66 6c 79 5f 76 69 72 75 73 00 
..#.....\.:G. ..Z.4........8G. ......................................................2..........
...................................2..............L..(................X7............"...........
......6........4.............7........M.............8........F.........................S........
..............T........M.............U........4.............V........M.............W............
..........X........4.............Y........4.............Z........M.............[........F.......
.................:......PvPServer........:......PvPMaxSafeLevel.......?:......WR_RezEvents.).Hal
loween_Event,Winter3PlusHalloweenTSEC..:......EventSlot1_Effect...(:......EventSlot2_Effect...fl
yman_idle3.%:......EventSlot3_Effect...fly_virus.

Client->GAME [17:10:23 07/15/09] packet size: 1 CRYPTED, Flags: 7f ServerSeq: 15 ClientSeq: 16
02 
.

GAME->Client [17:10:23 07/15/09] packet size: 704 CRYPTED, Flags: 7f ServerSeq: 16 ClientSeq: 15
02 03 23 00 02 0e 00 9b 5c 9f 3a 47 00 20 8a c4 5a de 34 c6 19 00 02 0e 05 c6 ab dc 30 47 00 20 
8a c4 62 68 15 c5 0f 00 06 0e 00 e1 18 8c 38 47 00 20 8a c4 cb 93 94 c5 ff 00 00 00 10 00 00 00 
00 00 01 ff 00 00 00 00 00 00 00 00 00 00 00 00 00 00 00 00 00 00 00 00 00 00 00 00 00 00 02 ff 
00 00 00 00 00 00 00 00 32 02 00 00 00 00 0d 00 00 00 00 00 00 ff 00 00 00 00 00 00 00 00 00 00 
00 00 00 00 00 00 00 00 00 00 00 00 00 00 00 00 00 00 00 00 01 00 32 02 ff 00 00 00 00 00 00 00 
00 b5 02 00 00 4c 0a 00 28 ff 01 00 00 00 00 00 00 00 00 00 00 00 d7 09 00 58 37 08 00 00 1f 07 
08 00 00 00 00 00 00 22 00 00 00 00 00 00 00 04 01 00 d2 15 1f 3a 05 00 1b 00 14 00 46 69 78 65 
64 42 69 6e 6b 49 44 4f 76 65 72 72 69 64 65 00 02 00 20 00 16 80 bc 15 00 b9 03 00 f7 03 00 00 
08 02 00 00 00 00 00 00 00 00 00 16 80 bc 15 00 ba 03 00 f7 03 00 00 07 02 ec ff ff ff 00 00 00 
00 00 16 80 bc 15 00 bb 03 00 f7 03 00 00 50 04 00 00 00 00 00 00 00 00 00 16 80 bc 15 00 bc 03 
00 f7 03 00 00 f4 03 00 00 00 00 00 00 00 00 00 16 80 bc 15 00 bd 03 00 f7 03 00 00 51 04 f6 ff 
ff ff 00 00 00 00 00 16 80 bc 15 00 be 03 00 f7 03 00 00 52 04 0f 00 00 00 00 00 00 00 00 16 80 
bc 11 00 bf 03 00 00 00 00 00 cb 02 00 00 00 00 00 00 00 00 00 16 80 bc 19 00 c0 03 00 d9 00 00 
00 70 02 00 00 00 00 00 00 00 00 00 16 80 bc 1d 00 c1 03 00 70 02 00 00 00 00 00 00 00 00 00 00 
00 00 00 16 80 bc 56 00 06 04 00 0a 95 00 00 06 04 02 00 00 00 00 00 00 00 00 16 80 bc 56 00 07 
04 00 0a 95 00 00 b4 00 11 00 00 00 00 00 00 00 00 16 80 bc 56 00 08 04 00 0a 95 00 00 b5 00 11 
00 00 00 00 00 00 00 00 16 80 bc 56 00 09 04 00 0a 95 00 00 07 04 02 00 00 00 00 00 00 00 00 16 
80 bc 56 00 0a 04 00 8a b2 00 00 23 04 02 00 00 00 00 00 00 00 00 16 80 bc 56 00 0b 04 00 8a b2 
00 00 21 04 01 00 00 00 00 00 00 00 00 16 80 bc 56 00 0c 04 00 8a b2 00 00 b4 00 1d 00 00 00 00 
00 00 00 00 16 80 bc 56 00 0d 04 00 8a b2 00 00 09 04 1d 00 00 00 00 00 00 00 00 16 80 bc 56 00 
0e 04 00 8a b2 00 00 9d 00 1d 00 00 00 00 00 00 00 00 16 80 bc 56 00 0f 04 00 8a b2 00 00 06 04 
01 00 00 00 00 00 00 00 00 16 80 bc 56 00 10 04 00 24 b3 00 00 89 02 02 00 00 00 00 00 00 00 00 
..#.....\.:G. ..Z.4.........0G. ..bh..........8G. ..............................................
........2.............................................2..............L..(................X7.....
.......".............:......FixedBinkIDOverride... .............................................
..............P.............................................Q......................R............
.................................p..................p.................V......................V..
....................V......................V......................V........#.............V......
..!.............V......................V......................V......................V..........
............V....$..............

Client->GAME [17:10:23 07/15/09] packet size: 1 CRYPTED, Flags: 7f ServerSeq: 0 ClientSeq: 17
02 
.

GAME->Client [17:10:23 07/15/09] packet size: 721 CRYPTED, Flags: 7f ServerSeq: 17 ClientSeq: 0
82 3f 75 01 49 03 23 00 02 0c 9c 5c 9f 3a 47 00 20 8a c4 5a de 34 c6 19 00 02 0e 05 bc ab dc 30 
47 00 20 8a c4 62 68 15 c5 0f 00 06 0e 00 da 18 8c 38 47 00 20 8a c4 cb 93 94 c5 ff 00 00 00 10 
00 00 00 00 00 01 ff 00 00 00 00 00 00 00 00 00 00 00 00 00 00 00 00 00 00 00 00 00 00 00 00 00 
00 02 ff 00 00 00 00 00 00 00 00 32 02 00 00 00 00 0d 00 00 00 00 00 00 ff 00 00 00 00 00 00 00 
00 00 00 00 00 00 00 00 00 00 00 00 00 00 00 00 00 00 00 00 00 00 00 01 00 32 02 ff 00 00 00 00 
00 00 00 00 b5 02 00 00 4c 0a 00 28 ff 01 00 00 00 00 00 00 00 00 00 00 00 d7 09 00 58 37 08 00 
00 1f 07 08 00 00 00 00 00 00 22 00 00 00 00 00 00 00 04 01 00 e7 16 16 80 bc 56 00 11 04 00 24 
b3 00 00 1a 04 01 00 00 00 00 00 00 00 00 16 80 bc 56 00 12 04 00 24 b3 00 00 b4 00 21 00 00 00 
00 00 00 00 00 16 80 bc 56 00 13 04 00 24 b3 00 00 09 04 21 00 00 00 00 00 00 00 00 16 80 bc 56 
00 14 04 00 24 b3 00 00 15 04 02 00 00 00 00 00 00 00 00 16 80 bc 56 00 15 04 00 24 b3 00 00 b5 
00 21 00 00 00 00 00 00 00 00 16 80 bc 56 00 16 04 00 95 a7 00 00 b4 00 12 00 00 00 00 00 00 00 
00 16 80 bc 56 00 17 04 00 95 a7 00 00 b5 00 12 00 00 00 00 00 00 00 00 16 80 bc 56 00 18 04 00 
95 a7 00 00 09 04 12 00 00 00 00 00 00 00 00 16 80 bc 56 00 19 04 00 95 a7 00 00 70 00 0f 00 00 
00 00 00 00 00 00 16 80 bc 56 00 1a 04 00 2c b3 00 00 17 04 01 00 00 00 00 00 00 00 00 16 80 bc 
56 00 1b 04 00 2c b3 00 00 b4 00 21 00 00 00 00 00 00 00 00 16 80 bc 56 00 1c 04 00 2c b3 00 00 
09 04 21 00 00 00 00 00 00 00 00 16 80 bc 56 00 1d 04 00 2c b3 00 00 12 04 02 00 00 00 00 00 00 
00 00 16 80 bc 56 00 1e 04 00 2c b3 00 00 07 04 02 00 00 00 00 00 00 00 00 16 80 bc 56 00 1f 04 
00 2c b3 00 00 b5 00 21 00 00 00 00 00 00 00 00 16 80 bc 56 00 20 04 00 c3 b2 00 00 89 02 02 00 
00 00 00 00 00 00 00 16 80 bc 56 00 21 04 00 c3 b2 00 00 21 04 02 00 00 00 00 00 00 00 00 16 80 
bc 56 00 22 04 00 c3 b2 00 00 b4 00 1f 00 00 00 00 00 00 00 00 16 80 bc 56 00 23 04 00 c3 b2 00 
00 09 04 1f 00 00 00 00 00 00 00 00 16 80 bc 56 00 24 04 00 c3 b2 00 00 1e 04 01 00 00 00 00 00 
00 00 00 16 80 bc 56 00 25 04 00 c3 b2 00 00 9d 00 1f 00 00 00 00 00 00 00 00 16 80 bc 55 00 2f 
04 00 02 00 00 00 cc 00 0c 00 00 00 00 00 00 00 00 
.?u.I.#....\.:G. ..Z.4.........0G. ..bh..........8G. ...........................................
...........2.............................................2..............L..(................X7..
.........."...............V....$.................V....$.....!...........V....$.....!...........V
....$.................V....$.....!...........V......................V......................V....
..................V........p.............V....,.................V....,.....!...........V....,...
..!...........V....,.................V....,.................V....,.....!...........V. ..........
..........V.!......!.............V."....................V.#....................V.$..............
......V.%....................U./.................

Client->GAME [17:10:23 07/15/09] packet size: 25 CRYPTED, Flags: 7f ServerSeq: 0 ClientSeq: 18
02 04 01 00 0a 01 12 80 c9 07 00 10 18 00 e8 00 47 00 c0 94 c4 00 d0 84 c6 
................G........

Client->GAME [17:10:23 07/15/09] packet size: 1 CRYPTED, Flags: 7f ServerSeq: 1 ClientSeq: 19
02 
.

GAME->Client [17:10:23 07/15/09] packet size: 696 CRYPTED, Flags: 7f ServerSeq: 18 ClientSeq: 1
02 03 19 00 02 0c b2 ab dc 30 47 00 20 8a c4 62 68 15 c5 00 00 04 02 00 fd 0a 16 80 bc 55 00 39 
04 00 0b 00 00 00 37 02 96 00 00 00 00 00 00 00 00 16 80 bc 55 00 3a 04 00 2d 00 00 00 23 04 0a 
00 00 00 00 00 00 00 00 16 80 bc 55 00 3b 04 00 2d 00 00 00 20 04 0a 00 00 00 00 00 00 00 00 16 
80 bc 55 00 3c 04 00 2d 00 00 00 19 04 05 00 00 00 00 00 00 00 00 16 80 bc 55 00 3d 04 00 2d 00 
00 00 42 04 05 00 00 00 00 00 00 00 00 16 80 bc 55 00 3e 04 00 34 00 00 00 83 02 c8 00 00 00 00 
00 00 00 00 16 80 bc 55 00 3f 04 00 4b 00 00 00 1f 04 19 00 00 00 00 00 00 00 00 16 80 bc 55 00 
40 04 00 5f 00 00 00 7c 04 0f 00 00 00 00 00 00 00 00 16 80 bc 55 00 41 04 00 5f 00 00 00 07 04 
0f 00 00 00 00 00 00 00 00 16 80 bc 55 00 42 04 00 62 00 00 00 06 04 01 00 00 00 00 00 00 00 00 
01 07 13 16 80 bc 55 00 43 04 00 62 00 00 00 15 04 01 00 00 00 00 00 00 00 00 16 80 bc 55 00 44 
04 00 5a 01 00 00 07 04 05 00 00 00 00 00 00 00 00 16 80 bc 55 00 45 04 00 5a 01 00 00 1d 04 0f 
00 00 00 00 00 00 00 00 16 80 bc 55 00 46 04 00 64 01 00 00 1f 04 05 00 00 00 00 00 00 00 00 16 
80 bc 55 00 47 04 00 66 01 00 00 7b 04 05 00 00 00 00 00 00 00 00 16 80 bc 55 00 48 04 00 66 01 
00 00 12 04 0a 00 00 00 00 00 00 00 00 16 80 bc 55 00 49 04 00 66 01 00 00 06 04 0b 00 00 00 00 
00 00 00 00 16 80 bc 55 00 4a 04 00 8e 01 00 00 03 04 05 00 00 00 00 00 00 00 00 16 80 bc 55 00 
4b 04 00 8e 01 00 00 12 04 0f 00 00 00 00 00 00 00 00 16 80 bc 55 00 4c 04 00 8e 01 00 00 77 04 
05 00 00 00 00 00 00 00 00 16 80 bc 55 00 4d 04 00 cd 01 00 00 e5 03 05 00 00 00 00 00 00 00 00 
16 80 bc 55 00 4e 04 00 cd 01 00 00 73 04 05 00 00 00 00 00 00 00 00 16 80 bc 55 00 4f 04 00 cd 
01 00 00 e3 03 0f 00 00 00 00 00 00 00 00 16 80 bc 55 00 50 04 00 d5 01 00 00 e3 03 05 00 00 00 
00 00 00 00 00 16 80 bc 55 00 51 04 00 36 02 00 00 37 02 0a 00 00 00 00 00 00 00 00 16 80 bc 55 
00 52 04 00 74 02 00 00 34 02 1e 00 00 00 00 00 00 00 00 16 80 bc 15 00 53 04 00 11 00 00 00 ab 
00 0d 00 00 00 00 00 00 00 00 16 80 bc 15 00 54 04 00 11 00 00 00 0a 02 4d 00 00 00 00 00 00 00 
00 16 80 bc 15 00 55 04 00 11 00 00 00 f2 03 34 00 00 00 00 00 00 00 00 
.........0G. ..bh............U.9......7.............U.:..-...#.............U.;..-... ...........
..U.<..-.................U.=..-...B.............U.>..4.................U.?..K.................U.
@.._...|.............U.A.._.................U.B..b....................U.C..b.................U.D
..Z.................U.E..Z.................U.F..d.................U.G..f...{.............U.H..f.
................U.I..f.................U.J....................U.K....................U.L......w.
............U.M....................U.N......s.............U.O....................U.P............
........U.Q..6...7.............U.R..t...4...............S......................T........M.......
......U........4........

Client->GAME [17:10:23 07/15/09] packet size: 1 CRYPTED, Flags: 7f ServerSeq: 2 ClientSeq: 20
02 
.

GAME->Client [17:10:23 07/15/09] packet size: 726 CRYPTED, Flags: 7f ServerSeq: 19 ClientSeq: 2
02 03 23 00 02 2c 00 40 00 00 00 10 9c 5c 9f 3a 47 00 20 8a c4 5a de 34 c6 19 00 02 0c a8 ab dc 
30 47 00 20 8a c4 62 68 15 c5 0f 00 06 2c 00 40 00 00 00 10 da 18 8c 38 47 00 20 8a c4 cb 93 94 
c5 ff 00 00 00 10 00 00 00 00 00 01 ff 00 00 00 00 00 00 00 00 00 00 00 00 00 00 00 00 00 00 00 
00 00 00 00 00 00 00 02 ff 00 00 00 00 00 00 00 00 32 02 00 00 00 00 0d 00 00 00 00 00 00 ff 00 
00 00 00 00 00 00 00 00 00 00 00 00 00 00 00 00 00 00 00 00 00 00 00 00 00 00 00 00 00 01 00 32 
02 ff 00 00 00 00 00 00 00 00 b5 02 00 00 4c 0a 00 28 ff 01 00 00 00 00 00 00 00 00 00 00 00 d7 
09 00 58 37 08 00 00 1f 07 08 00 00 00 00 00 00 22 00 00 00 00 00 00 00 04 01 01 1a 12 16 80 bc 
15 00 56 04 00 11 00 00 00 ed 03 4d 00 00 00 00 00 00 00 00 16 80 bc 15 00 57 04 00 11 00 00 00 
9f 00 19 00 00 00 00 00 00 00 00 16 80 bc 15 00 58 04 00 11 00 00 00 f1 03 34 00 00 00 00 00 00 
00 00 16 80 bc 15 00 59 04 00 11 00 00 00 0c 02 34 00 00 00 00 00 00 00 00 16 80 bc 15 00 5a 04 
00 11 00 00 00 b7 00 4d 00 00 00 00 00 00 00 00 16 80 bc 15 00 5b 04 00 11 00 00 00 f3 03 46 00 
00 00 00 00 00 00 00 06 80 c1 01 00 c8 00 16 80 bc 45 03 11 00 00 02 00 00 00 11 00 32 00 00 00 
00 00 00 00 00 16 80 bc 45 03 35 04 00 62 00 00 00 35 04 00 00 00 00 00 00 00 00 00 16 80 bc 45 
03 3d 04 00 43 00 00 00 3d 04 00 00 00 00 00 00 00 00 00 16 80 bc 45 03 3e 04 00 4f 01 00 00 3e 
04 00 00 00 00 00 00 00 00 00 16 80 bc 45 03 3f 04 00 64 01 00 00 3f 04 00 00 00 00 00 00 00 00 
00 16 80 bc 45 03 40 04 00 d5 01 00 00 40 04 00 00 00 00 00 00 00 00 00 0b 80 bd 05 11 00 00 00 
00 00 00 01 0b 80 bd 05 d9 00 00 00 00 00 00 01 41 81 67 17 00 27 00 1c 22 00 c6 01 11 00 00 00 
00 00 00 00 37 00 00 08 0e 00 41 66 74 65 72 57 68 6f 72 75 4e 65 6f 00 0e 00 41 66 74 65 72 57 
68 6f 72 75 4e 65 6f 00 02 00 4d 00 00 00 00 00 00 00 41 81 67 17 00 27 00 1c 22 00 c6 01 11 00 
00 00 00 00 00 00 37 00 00 08 0e 00 41 66 74 65 72 57 68 6f 72 75 4e 65 6f 00 0e 00 41 66 74 65 
72 57 68 6f 72 75 4e 65 6f 00 02 00 4d 00 00 00 00 00 00 00 41 81 67 17 00 27 00 1c 22 00 c6 01 
11 00 00 00 00 00 00 00 37 00 00 08 0e 00 41 66 74 65 72 57 68 6f 72 75 4e 65 6f 00 0e 00 41 66 
74 65 72 57 68 6f 72 75 4e 65 6f 00 02 00 4d 00 00 00 00 00 00 00 
..#..,.@.....\.:G. ..Z.4........0G. ..bh.....,.@.......8G. .....................................
.................2.............................................2..............L..(..............
..X7............".................V........M.............W......................X........4......
.......Y........4.............Z........M.............[........F..................E..........2...
........E.5..b...5.............E.=..C...=.............E.>..O...>.............E.?..d...?.........
....E.@......@..................................A.g..'.."...........7.....AfterWhoruNeo...AfterW
horuNeo...M.......A.g..'.."...........7.....AfterWhoruNeo...AfterWhoruNeo...M.......A.g..'.."...
........7.....AfterWhoruNeo...AfterWhoruNeo...M.......

Client->GAME [17:10:23 07/15/09] packet size: 1 CRYPTED, Flags: 7f ServerSeq: 3 ClientSeq: 21
02 
.

GAME->Client [17:10:23 07/15/09] packet size: 75 CRYPTED, Flags: 7f ServerSeq: 20 ClientSeq: 4
02 03 19 00 06 0e 00 9e ab dc 30 47 00 20 8a c4 62 68 15 c5 80 80 80 80 c0 4c 0a 00 28 01 01 13 
00 04 80 80 80 80 c0 4c 0a 00 28 01 01 11 00 04 80 80 80 80 c0 4c 0a 00 28 01 01 0d 00 04 80 80 
80 80 c0 4c 0a 00 28 01 01 00 00 
..........0G. ..bh.......L..(..........L..(..........L..(..........L..(....

Client->GAME [17:10:23 07/15/09] packet size: 1 CRYPTED, Flags: 7f ServerSeq: 4 ClientSeq: 22
02 
.

GAME->Client [17:10:24 07/15/09] packet size: 171 CRYPTED, Flags: 7f ServerSeq: 21 ClientSeq: 5
02 03 19 00 06 0e 00 96 ab dc 30 47 00 20 8a c4 62 68 15 c5 ff 00 00 00 10 00 00 00 00 00 01 ff 
00 00 00 00 00 00 00 00 00 00 00 00 00 00 00 00 00 00 00 00 00 00 00 00 00 00 03 ff 00 00 00 00 
00 00 00 00 77 01 00 00 00 00 0d 00 00 00 00 00 00 ff 00 00 00 00 00 00 00 00 00 00 00 00 00 00 
00 00 00 00 00 00 00 00 00 00 00 00 00 00 00 00 01 00 77 01 ff 00 00 00 00 00 00 00 00 b5 02 00 
00 4c 0a 00 28 ff 01 00 00 00 00 00 00 00 00 00 00 00 d8 09 00 58 37 08 00 00 1f 07 08 00 00 00 
00 00 00 22 00 00 00 00 00 00 00 
..........0G. ..bh..................................................w...........................
..................w..............L..(................X7............".......

Client->GAME [17:10:24 07/15/09] packet size: 1 CRYPTED, Flags: 7f ServerSeq: 5 ClientSeq: 23
02 
.

GAME->Client [17:10:24 07/15/09] packet size: 32 CRYPTED, Flags: 7f ServerSeq: 22 ClientSeq: 7
02 03 21 00 04 80 80 80 80 c0 4c 0a 00 28 01 01 1f 00 04 80 80 80 80 c0 4c 0a 00 28 01 01 00 00 
..!.......L..(..........L..(....

Client->GAME [17:10:24 07/15/09] packet size: 1 CRYPTED, Flags: 7f ServerSeq: 6 ClientSeq: 24
02 
.

