Client->GAME [17:09:25 07/15/09] packet size: 25 CRYPTED, Flags: 7f ServerSeq: 3 ClientSeq: 200
02 04 01 00 21 01 12 81 8e 07 00 00 00 03 00 00 00 4b 00 00 00 01 00 00 00 
....!............K.......

GAME->Client [17:09:25 07/15/09] packet size: 39 CRYPTED, Flags: 7f ServerSeq: 180 ClientSeq: 6
02 03 0d 00 02 0c a5 59 6a 27 47 00 20 8a c4 00 7e 9a c4 0b 00 02 0e 00 86 f3 6f 28 47 00 20 8a 
c4 80 cd 39 c3 00 00 
.......Yj'G. ...~.........o(G. ....9...

Client->GAME [17:09:25 07/15/09] packet size: 1 CRYPTED, Flags: 7f ServerSeq: 4 ClientSeq: 201
02 
.

GAME->Client [17:09:25 07/15/09] packet size: 39 CRYPTED, Flags: 7f ServerSeq: 181 ClientSeq: 7
02 03 0d 00 02 0c af 59 6a 27 47 00 20 8a c4 00 7e 9a c4 0b 00 02 0e 00 7c f3 6f 28 47 00 20 8a 
c4 80 cd 39 c3 00 00 
.......Yj'G. ...~.......|.o(G. ....9...

Client->GAME [17:09:25 07/15/09] packet size: 1 CRYPTED, Flags: 7f ServerSeq: 5 ClientSeq: 202
02 
.

GAME->Client [17:09:25 07/15/09] packet size: 704 CRYPTED, Flags: 7f ServerSeq: 182 ClientSeq: 9
02 04 01 01 2d 20 16 80 bc 15 00 73 02 00 f7 03 00 00 08 02 00 00 00 00 01 00 00 00 00 16 80 bc 
15 00 74 02 00 f7 03 00 00 07 02 ec ff ff ff 01 00 00 00 00 16 80 bc 15 00 75 02 00 f7 03 00 00 
50 04 00 00 00 00 01 00 00 00 00 16 80 bc 15 00 76 02 00 f7 03 00 00 f4 03 00 00 00 00 01 00 00 
00 00 16 80 bc 15 00 77 02 00 f7 03 00 00 51 04 f6 ff ff ff 01 00 00 00 00 16 80 bc 15 00 78 02 
00 f7 03 00 00 52 04 0f 00 00 00 01 00 00 00 00 16 80 bc 11 00 79 02 00 00 00 00 00 cb 02 00 00 
00 00 01 00 00 00 00 16 80 bc 19 00 7a 02 00 d9 00 00 00 70 02 00 00 00 00 01 00 00 00 00 0b 80 
bd 01 d9 00 04 00 00 f0 41 01 06 80 c1 00 00 c8 00 16 80 bc 1d 00 7b 02 00 70 02 00 00 00 00 00 
00 00 00 01 00 00 00 00 0b 80 bd 05 d9 00 00 00 00 00 00 00 16 80 bc 56 00 c0 02 00 0a 95 00 00 
06 04 02 00 00 00 01 00 00 00 00 16 80 bc 56 00 c1 02 00 0a 95 00 00 b4 00 11 00 00 00 01 00 00 
00 00 16 80 bc 56 00 c2 02 00 0a 95 00 00 b5 00 11 00 00 00 01 00 00 00 00 16 80 bc 56 00 c3 02 
00 0a 95 00 00 07 04 02 00 00 00 01 00 00 00 00 16 80 bc 56 00 c4 02 00 8a b2 00 00 23 04 02 00 
00 00 01 00 00 00 00 16 80 bc 56 00 c5 02 00 8a b2 00 00 21 04 01 00 00 00 01 00 00 00 00 16 80 
bc 56 00 c6 02 00 8a b2 00 00 b4 00 1d 00 00 00 01 00 00 00 00 16 80 bc 56 00 c7 02 00 8a b2 00 
00 09 04 1d 00 00 00 01 00 00 00 00 16 80 bc 56 00 c8 02 00 8a b2 00 00 9d 00 1d 00 00 00 01 00 
00 00 00 16 80 bc 56 00 c9 02 00 8a b2 00 00 06 04 01 00 00 00 01 00 00 00 00 16 80 bc 56 00 ca 
02 00 24 b3 00 00 89 02 02 00 00 00 01 00 00 00 00 16 80 bc 56 00 cb 02 00 24 b3 00 00 1a 04 01 
00 00 00 01 00 00 00 00 16 80 bc 56 00 cc 02 00 24 b3 00 00 b4 00 21 00 00 00 01 00 00 00 00 16 
80 bc 56 00 cd 02 00 24 b3 00 00 09 04 21 00 00 00 01 00 00 00 00 16 80 bc 56 00 ce 02 00 24 b3 
00 00 15 04 02 00 00 00 01 00 00 00 00 16 80 bc 56 00 cf 02 00 24 b3 00 00 b5 00 21 00 00 00 01 
00 00 00 00 16 80 bc 56 00 d0 02 00 95 a7 00 00 b4 00 12 00 00 00 01 00 00 00 00 16 80 bc 56 00 
d1 02 00 95 a7 00 00 b5 00 12 00 00 00 01 00 00 00 00 16 80 bc 56 00 d2 02 00 95 a7 00 00 09 04 
12 00 00 00 01 00 00 00 00 16 80 bc 56 00 d3 02 00 95 a7 00 00 70 00 0f 00 00 00 01 00 00 00 00 
....- .....s......................t......................u......P...............v...............
.......w......Q...............x......R...............y......................z......p............
........A.............{..p.............................V......................V.................
.....V......................V......................V........#.............V........!............
.V......................V......................V......................V......................V..
..$.................V....$.................V....$.....!...........V....$.....!...........V....$.
................V....$.....!...........V......................V......................V..........
............V........p..........

Client->GAME [17:09:25 07/15/09] packet size: 1 CRYPTED, Flags: 7f ServerSeq: 6 ClientSeq: 203
02 
.

GAME->Client [17:09:25 07/15/09] packet size: 696 CRYPTED, Flags: 7f ServerSeq: 183 ClientSeq: 10
02 04 01 01 4d 1e 16 80 bc 56 00 d4 02 00 2c b3 00 00 17 04 01 00 00 00 01 00 00 00 00 16 80 bc 
56 00 d5 02 00 2c b3 00 00 b4 00 21 00 00 00 01 00 00 00 00 16 80 bc 56 00 d6 02 00 2c b3 00 00 
09 04 21 00 00 00 01 00 00 00 00 16 80 bc 56 00 d7 02 00 2c b3 00 00 12 04 02 00 00 00 01 00 00 
00 00 16 80 bc 56 00 d8 02 00 2c b3 00 00 07 04 02 00 00 00 01 00 00 00 00 16 80 bc 56 00 d9 02 
00 2c b3 00 00 b5 00 21 00 00 00 01 00 00 00 00 16 80 bc 56 00 da 02 00 c3 b2 00 00 89 02 02 00 
00 00 01 00 00 00 00 16 80 bc 56 00 db 02 00 c3 b2 00 00 21 04 02 00 00 00 01 00 00 00 00 16 80 
bc 56 00 dc 02 00 c3 b2 00 00 b4 00 1f 00 00 00 01 00 00 00 00 16 80 bc 56 00 dd 02 00 c3 b2 00 
00 09 04 1f 00 00 00 01 00 00 00 00 16 80 bc 56 00 de 02 00 c3 b2 00 00 1e 04 01 00 00 00 01 00 
00 00 00 16 80 bc 56 00 df 02 00 c3 b2 00 00 9d 00 1f 00 00 00 01 00 00 00 00 16 80 bc 55 00 e9 
02 00 02 00 00 00 cc 00 0c 00 00 00 01 00 00 00 00 16 80 bc 55 00 f3 02 00 0b 00 00 00 37 02 96 
00 00 00 01 00 00 00 00 16 80 bc 55 00 f4 02 00 2d 00 00 00 23 04 0a 00 00 00 01 00 00 00 00 16 
80 bc 55 00 f5 02 00 2d 00 00 00 20 04 0a 00 00 00 01 00 00 00 00 16 80 bc 55 00 f6 02 00 2d 00 
00 00 19 04 05 00 00 00 01 00 00 00 00 16 80 bc 55 00 f7 02 00 2d 00 00 00 42 04 05 00 00 00 01 
00 00 00 00 16 80 bc 55 00 f8 02 00 34 00 00 00 83 02 c8 00 00 00 01 00 00 00 00 16 80 bc 55 00 
f9 02 00 4b 00 00 00 1f 04 19 00 00 00 01 00 00 00 00 16 80 bc 55 00 fa 02 00 5f 00 00 00 7c 04 
0f 00 00 00 01 00 00 00 00 16 80 bc 55 00 fb 02 00 5f 00 00 00 07 04 0f 00 00 00 01 00 00 00 00 
16 80 bc 55 00 fc 02 00 62 00 00 00 06 04 01 00 00 00 01 00 00 00 00 16 80 bc 55 00 fd 02 00 62 
00 00 00 15 04 01 00 00 00 01 00 00 00 00 16 80 bc 55 00 fe 02 00 5a 01 00 00 07 04 05 00 00 00 
01 00 00 00 00 16 80 bc 55 00 ff 02 00 5a 01 00 00 1d 04 0f 00 00 00 01 00 00 00 00 16 80 bc 55 
00 00 03 00 64 01 00 00 1f 04 05 00 00 00 01 00 00 00 00 16 80 bc 55 00 01 03 00 66 01 00 00 7b 
04 05 00 00 00 01 00 00 00 00 16 80 bc 55 00 02 03 00 66 01 00 00 12 04 0a 00 00 00 01 00 00 00 
00 16 80 bc 55 00 03 03 00 66 01 00 00 06 04 0b 00 00 00 01 00 00 00 00 
....M....V....,.................V....,.....!...........V....,.....!...........V....,............
.....V....,.................V....,.....!...........V......................V........!............
.V......................V......................V......................V......................U..
....................U........7.............U....-...#.............U....-... .............U....-.
................U....-...B.............U....4.................U....K.................U...._...|.
............U...._.................U....b.................U....b.................U....Z.........
........U....Z.................U....d.................U....f...{.............U....f.............
....U....f..............

Client->GAME [17:09:25 07/15/09] packet size: 1 CRYPTED, Flags: 7f ServerSeq: 7 ClientSeq: 204
02 
.

GAME->Client [17:09:25 07/15/09] packet size: 712 CRYPTED, Flags: 7f ServerSeq: 184 ClientSeq: 11
02 04 02 01 6b 03 16 80 bc 55 00 04 03 00 8e 01 00 00 03 04 05 00 00 00 01 00 00 00 00 16 80 bc 
55 00 05 03 00 8e 01 00 00 12 04 0f 00 00 00 01 00 00 00 00 16 80 bc 55 00 06 03 00 8e 01 00 00 
77 04 05 00 00 00 01 00 00 00 00 01 6e 1d 16 80 bc 55 00 07 03 00 cd 01 00 00 e5 03 05 00 00 00 
01 00 00 00 00 16 80 bc 55 00 08 03 00 cd 01 00 00 73 04 05 00 00 00 01 00 00 00 00 16 80 bc 55 
00 09 03 00 cd 01 00 00 e3 03 0f 00 00 00 01 00 00 00 00 16 80 bc 55 00 0a 03 00 d5 01 00 00 e3 
03 05 00 00 00 01 00 00 00 00 16 80 bc 55 00 0b 03 00 36 02 00 00 37 02 0a 00 00 00 01 00 00 00 
00 16 80 bc 55 00 0c 03 00 74 02 00 00 34 02 1e 00 00 00 01 00 00 00 00 16 80 bc 15 00 0d 03 00 
11 00 00 00 ab 00 0d 00 00 00 01 00 00 00 00 16 80 bc 15 00 0e 03 00 11 00 00 00 0a 02 4d 00 00 
00 01 00 00 00 00 16 80 bc 15 00 0f 03 00 11 00 00 00 f2 03 34 00 00 00 01 00 00 00 00 16 80 bc 
15 00 10 03 00 11 00 00 00 ed 03 4d 00 00 00 01 00 00 00 00 16 80 bc 15 00 11 03 00 11 00 00 00 
9f 00 19 00 00 00 01 00 00 00 00 16 80 bc 15 00 12 03 00 11 00 00 00 f1 03 34 00 00 00 01 00 00 
00 00 16 80 bc 15 00 13 03 00 11 00 00 00 0c 02 34 00 00 00 01 00 00 00 00 16 80 bc 15 00 14 03 
00 11 00 00 00 b7 00 4d 00 00 00 01 00 00 00 00 16 80 bc 15 00 15 03 00 11 00 00 00 f3 03 46 00 
00 00 01 00 00 00 00 0b 80 bd 01 d9 00 04 00 00 f0 41 00 0b 80 bd 05 11 00 00 00 00 00 00 00 16 
80 bc 15 00 16 03 00 11 00 00 00 ab 00 0c 00 00 00 00 00 00 00 00 16 80 bc 15 00 17 03 00 11 00 
00 00 0a 02 4b 00 00 00 00 00 00 00 00 16 80 bc 15 00 18 03 00 11 00 00 00 f2 03 31 00 00 00 00 
00 00 00 00 16 80 bc 15 00 19 03 00 11 00 00 00 ed 03 4b 00 00 00 00 00 00 00 00 16 80 bc 15 00 
1a 03 00 11 00 00 00 9f 00 19 00 00 00 00 00 00 00 00 16 80 bc 15 00 1b 03 00 11 00 00 00 f1 03 
31 00 00 00 00 00 00 00 00 16 80 bc 15 00 1c 03 00 11 00 00 00 0c 02 34 00 00 00 00 00 00 00 00 
16 80 bc 15 00 1d 03 00 11 00 00 00 b7 00 46 00 00 00 00 00 00 00 00 16 80 bc 15 00 1e 03 00 11 
00 00 00 f3 03 46 00 00 00 00 00 00 00 00 0b 80 bd 05 11 00 00 00 00 00 00 01 16 80 bc 15 00 16 
03 00 11 00 00 00 ab 00 0c 00 00 00 01 00 00 00 00 16 80 bc 15 00 17 03 00 11 00 00 00 0a 02 4b 
00 00 00 01 00 00 00 00 
....k....U......................U......................U........w...........n....U..............
........U........s.............U......................U......................U....6...7.........
....U....t...4...............................................M......................4...........
...........M.............................................4......................4...............
.......M......................F..................A..............................................
....K......................1......................K.............................................
1......................4......................F......................F..........................
...............................K........

Client->GAME [17:09:25 07/15/09] packet size: 1 CRYPTED, Flags: 7f ServerSeq: 8 ClientSeq: 205
02 
.

GAME->Client [17:09:25 07/15/09] packet size: 338 CRYPTED, Flags: 7f ServerSeq: 185 ClientSeq: 12
02 04 01 01 8b 14 16 80 bc 15 00 18 03 00 11 00 00 00 f2 03 31 00 00 00 01 00 00 00 00 16 80 bc 
15 00 19 03 00 11 00 00 00 ed 03 4b 00 00 00 01 00 00 00 00 16 80 bc 15 00 1a 03 00 11 00 00 00 
9f 00 19 00 00 00 01 00 00 00 00 16 80 bc 15 00 1b 03 00 11 00 00 00 f1 03 31 00 00 00 01 00 00 
00 00 16 80 bc 15 00 1c 03 00 11 00 00 00 0c 02 34 00 00 00 01 00 00 00 00 16 80 bc 15 00 1d 03 
00 11 00 00 00 b7 00 46 00 00 00 01 00 00 00 00 16 80 bc 15 00 1e 03 00 11 00 00 00 f3 03 46 00 
00 00 01 00 00 00 00 04 80 b3 11 00 16 80 bc 45 03 11 00 00 02 00 00 00 11 00 32 00 00 00 01 00 
00 00 00 04 80 b3 35 04 16 80 bc 45 03 35 04 00 62 00 00 00 35 04 00 00 00 00 01 00 00 00 00 04 
80 b3 3d 04 16 80 bc 45 03 3d 04 00 43 00 00 00 3d 04 00 00 00 00 01 00 00 00 00 04 80 b3 3e 04 
16 80 bc 45 03 3e 04 00 4f 01 00 00 3e 04 00 00 00 00 01 00 00 00 00 04 80 b3 3f 04 16 80 bc 45 
03 3f 04 00 64 01 00 00 3f 04 00 00 00 00 01 00 00 00 00 04 80 b3 40 04 16 80 bc 45 03 40 04 00 
d5 01 00 00 40 04 00 00 00 00 01 00 00 00 00 02 81 07 
....................1......................K.............................................1......
................4......................F......................F................E..........2.....
......5....E.5..b...5.............=....E.=..C...=.............>....E.>..O...>.............?....E
.?..d...?.............@....E.@......@.............

Client->GAME [17:09:25 07/15/09] packet size: 13 CRYPTED, Flags: 7f ServerSeq: 9 ClientSeq: 206
02 04 01 00 22 01 06 81 08 00 00 00 00 
...."........

GAME->Client [17:09:25 07/15/09] packet size: 1 CRYPTED, Flags: 7f ServerSeq: 186 ClientSeq: 14
02 
.

GAME->Client [17:09:26 07/15/09] packet size: 5 CRYPTED, Flags: 7f ServerSeq: 187 ClientSeq: 14
c2 ad 71 01 49 
..q.I

Client->GAME [17:09:26 07/15/09] packet size: 1 CRYPTED, Flags: 7f ServerSeq: 11 ClientSeq: 207
02 
.

GAME->Client [17:09:26 07/15/09] packet size: 1 CRYPTED, Flags: 7f ServerSeq: 188 ClientSeq: 14
42 
B

GAME->Client [17:09:26 07/15/09] packet size: 1 CRYPTED, Flags: 7f ServerSeq: 189 ClientSeq: 15
42 
B

GAME->Client [17:09:26 07/15/09] packet size: 1 CRYPTED, Flags: 7f ServerSeq: 190 ClientSeq: 15
42 
B

Client->GAME [17:09:26 07/15/09] packet size: 1 CRYPTED, Flags: 7f ServerSeq: 13 ClientSeq: 208
42 
B

GAME->Client [17:09:26 07/15/09] packet size: 1 CRYPTED, Flags: 7f ServerSeq: 191 ClientSeq: 15
42 
B

Client->GAME [17:09:27 07/15/09] packet size: 13 CRYPTED, Flags: 0 ServerSeq: 0 ClientSeq: 1
22 04 01 00 00 01 06 81 51 00 00 00 00 
".......Q....

GAME->Client [17:09:27 07/15/09] packet size: 72 CRYPTED, Flags: 1 ServerSeq: 2 ClientSeq: 1
02 04 01 00 03 01 41 81 67 17 00 27 00 1c 22 00 c6 01 11 00 00 00 00 00 00 00 37 00 00 08 0e 00 
41 66 74 65 72 57 68 6f 72 75 4e 65 6f 00 0e 00 41 66 74 65 72 57 68 6f 72 75 4e 65 6f 00 02 00 
4b 00 00 00 00 00 00 00 
......A.g..'.."...........7.....AfterWhoruNeo...AfterWhoruNeo...K.......

Client->GAME [17:09:27 07/15/09] packet size: 1 CRYPTED, Flags: 2 ServerSeq: 2 ClientSeq: 2
02 
.

GAME->Client [17:09:27 07/15/09] packet size: 140 CRYPTED, Flags: 3 ServerSeq: 3 ClientSeq: 2
02 04 01 00 00 03 6f 06 0e 00 01 00 00 00 b1 71 01 49 01 44 00 34 00 72 65 73 6f 75 72 63 65 2f 
77 6f 72 6c 64 73 2f 66 69 6e 61 6c 5f 77 6f 72 6c 64 2f 73 6c 75 6d 73 5f 62 61 72 72 65 6e 73 
5f 66 75 6c 6c 2e 6d 65 74 72 00 29 00 48 61 6c 6c 6f 77 65 65 6e 5f 45 76 65 6e 74 2c 57 69 6e 
74 65 72 33 50 6c 75 73 48 61 6c 6c 6f 77 65 65 6e 54 53 45 43 00 0a 80 e5 e7 cb c0 12 00 00 00 
00 0a 80 e4 bc 58 7a 00 00 00 00 00 
......o........q.I.D.4.resource/worlds/final_world/slums_barrens_full.metr.).Halloween_Event,Win
ter3PlusHalloweenTSEC................Xz.....

Client->GAME [17:09:28 07/15/09] packet size: 6 CRYPTED, Flags: 5 ServerSeq: 3 ClientSeq: 3
02 05 02 0c 00 00 
......

GAME->Client [17:09:28 07/15/09] packet size: 1 CRYPTED, Flags: 7 ServerSeq: 4 ClientSeq: 3
02 
.

Client->GAME [17:09:31 07/15/09] packet size: 8 CRYPTED, Flags: 5 ServerSeq: 3 ClientSeq: 4
02 04 01 00 01 01 01 05 
........

GAME->Client [17:09:31 07/15/09] packet size: 281 CRYPTED, Flags: f ServerSeq: 5 ClientSeq: 4
82 fd 71 01 49 03 01 00 0c 0c 00 4b cd ab 29 9f 81 ff 71 02 00 00 01 41 6e 64 65 72 73 6f 6e 00 
00 00 00 00 00 00 00 00 00 00 00 00 00 00 00 00 00 00 00 00 00 00 00 02 9c d9 00 00 00 15 6d 98 
1f 54 68 6f 6d 61 73 00 00 00 00 00 00 00 00 00 00 00 00 00 00 00 00 00 00 00 00 00 00 00 00 00 
00 85 0a d7 23 40 ff fc 6f 01 00 02 28 0a 0c 00 f0 20 46 00 00 08 01 ce 81 ff f7 00 31 5e 00 00 
02 ce 67 00 41 66 74 65 72 57 68 6f 72 75 4e 65 6f 00 00 00 00 00 00 00 00 00 00 00 00 00 00 00 
00 00 00 00 00 00 00 20 d6 a7 ea c0 00 00 00 00 00 3c 94 40 00 00 00 60 e9 11 d3 40 28 0a fd 64 
01 00 00 67 00 75 d4 01 00 4b b1 00 00 00 00 73 1a e9 88 80 60 04 00 02 8e 00 00 00 f7 00 dd 00 
00 00 00 80 83 ef c0 00 00 00 00 00 44 91 c0 00 00 00 00 80 4f ec c0 81 ff 32 12 1d 0a 00 28 a8 
00 30 03 02 04 00 89 bf ce 99 1f 80 1c 01 11 00 00 00 67 00 02 00 00 00 00 
..q.I......K..)...q....Anderson...............................m..Thomas.........................
....#@..o...(.... F.........1^....g.AfterWhoruNeo...................... .........<.@...`...@(..d
...g.u...K.....s....`.......................D.......O....2....(..0................g......

Client->GAME [17:09:32 07/15/09] packet size: 55 CRYPTED, Flags: 17 ServerSeq: 5 ClientSeq: 5
02 03 02 00 02 60 08 41 6e 64 65 72 73 6f 6e 06 54 68 6f 6d 61 73 00 00 04 01 00 02 05 02 80 be 
07 3f 4e 00 10 00 00 00 08 3e 6b 00 10 00 00 00 00 02 81 48 02 0c 01 
.....`.Anderson.Thomas...........?N......>k........H...

GAME->Client [17:09:32 07/15/09] packet size: 726 CRYPTED, Flags: 1f ServerSeq: 6 ClientSeq: 5
02 03 01 00 0c 57 02 4c cd ab 11 8e 41 2e 53 2e 50 2e 20 54 72 61 69 6e 65 65 00 00 00 00 00 00 
00 00 00 00 00 00 00 00 00 00 00 00 00 10 00 00 22 d4 20 e7 1a 00 c6 01 80 c1 82 09 00 58 00 00 
80 58 74 51 f0 c0 00 00 00 00 00 44 91 c0 00 00 00 42 5e 83 eb c0 c0 01 82 03 a8 16 58 02 b2 09 
58 02 07 08 00 00 81 f0 1a 00 00 02 05 41 00 00 01 00 0c 57 02 4d cd ab 11 8e 41 2e 53 2e 50 2e 
20 4d 61 73 74 65 72 20 53 65 72 67 65 61 6e 74 00 00 00 00 00 00 00 00 00 00 00 10 00 00 22 d4 
ff ef 1a 00 c6 01 80 c1 c6 06 00 4e 00 00 00 0a f8 9d f0 c0 00 00 00 00 00 c0 57 40 00 00 00 90 
e1 56 ea c0 c0 01 82 03 a8 17 71 02 b2 09 71 02 07 08 00 00 81 ec 1a 00 00 02 05 3f 00 00 01 00 
0c 57 02 f0 cd ab 13 8e 41 2e 53 2e 50 2e 20 4d 61 6a 6f 72 00 00 00 00 00 00 00 00 00 00 00 00 
00 00 00 00 00 00 00 00 00 10 00 00 22 d5 ee b9 f1 1a 00 c6 01 80 c3 87 09 00 58 4c 0a 00 28 00 
00 00 00 e7 35 f1 c0 00 00 00 00 00 90 7f c0 00 00 00 68 d1 6b ee c0 c0 01 82 01 a8 16 b0 04 b2 
04 b0 04 07 08 00 00 81 c7 09 00 00 02 05 3d 00 00 01 00 0c 57 02 4e cd ab 13 8e 41 2e 53 2e 50 
2e 20 4d 61 73 74 65 72 20 53 65 72 67 65 61 6e 74 00 00 00 00 00 00 00 00 00 00 00 10 00 00 22 
d4 58 ef 1a 00 c6 01 80 d1 c6 06 00 4e 0a 00 00 00 4c 8a 6f ed c0 00 00 00 00 00 90 7f c0 00 00 
00 e6 9e b0 eb c0 c0 01 83 01 03 a8 16 58 02 b2 09 58 02 07 08 00 00 81 ec 1a 00 00 02 05 3b 00 
00 01 00 0c 18 0a 4f cd ab 01 01 01 00 00 00 39 00 00 00 00 04 01 00 04 0b 16 80 bc 56 00 1f 03 
00 0a 95 00 00 06 04 02 00 00 00 01 00 00 00 00 16 80 bc 56 00 20 03 00 0a 95 00 00 b4 00 11 00 
00 00 01 00 00 00 00 16 80 bc 56 00 21 03 00 0a 95 00 00 b5 00 11 00 00 00 01 00 00 00 00 16 80 
bc 56 00 22 03 00 0a 95 00 00 07 04 02 00 00 00 01 00 00 00 00 16 80 bc 56 00 63 03 00 0a 95 00 
00 06 04 02 00 00 00 00 00 00 00 00 16 80 bc 56 00 64 03 00 0a 95 00 00 b4 00 11 00 00 00 00 00 
00 00 00 16 80 bc 56 00 65 03 00 0a 95 00 00 b5 00 11 00 00 00 00 00 00 00 00 16 80 bc 56 00 66 
03 00 0a 95 00 00 07 04 02 00 00 00 00 00 00 00 00 16 80 bc 56 00 23 03 00 8a b2 00 00 23 04 02 
00 00 00 01 00 00 00 00 16 80 bc 56 00 24 03 00 8a b2 00 00 21 04 01 00 00 00 01 00 00 00 00 16 
80 bc 56 00 25 03 00 8a b2 00 00 b4 00 1d 00 00 00 01 00 00 00 00 
.....W.L....A.S.P. Trainee......................". ..........X...XtQ.......D.....B^.........X...
X............A.....W.M....A.S.P. Master Sergeant.............."............N..............W@....
.V........q...q............?.....W......A.S.P. Major........................".............XL..(.
....5.............h.k.........................=.....W.N....A.S.P. Master Sergeant.............."
.X..........N....L.o.........................X...X............;.......O........9............V...
...................V. ....................V.!....................V."....................V.c.....
...............V.d....................V.e....................V.f....................V.#......#..
...........V.$......!.............V.%.................

GAME->Client [17:09:33 07/15/09] packet size: 730 CRYPTED, Flags: 1f ServerSeq: 7 ClientSeq: 5
82 10 72 01 49 03 01 00 02 24 00 39 00 01 cf 07 75 d4 01 00 01 00 00 00 40 f7 00 f7 00 28 0a 28 
0a 00 1c 7c c7 00 20 8a c4 00 7c 62 c7 01 00 0c 57 02 f4 cd ab 14 8e 41 2e 53 2e 50 2e 20 57 61 
72 72 61 6e 74 00 00 00 00 00 00 00 00 00 00 00 00 00 00 00 00 00 00 00 10 00 00 22 d5 85 68 f0 
1a 00 c6 01 a0 08 c3 85 09 00 58 4c 0a 00 28 00 00 00 7a 18 c8 f0 c0 00 00 00 00 00 c0 57 40 00 
00 00 fc 26 da ea c0 c0 01 82 02 a8 16 84 03 b2 09 84 03 07 08 00 00 81 c7 09 00 00 02 05 37 00 
00 01 00 0c 57 02 50 cd ab 13 8e 41 2e 53 2e 50 2e 20 57 61 72 72 61 6e 74 00 00 00 00 00 00 00 
00 00 00 00 00 00 00 00 00 00 00 00 10 00 00 22 d4 9c f0 1a 00 c6 01 80 d1 84 09 00 58 0a 00 00 
00 c6 9d 7e ef c0 00 00 00 00 00 44 91 c0 00 00 00 66 91 9b ed c0 c0 01 83 01 02 a8 16 84 03 b2 
09 84 03 07 08 00 00 81 c7 09 00 00 02 05 35 00 00 01 00 0c 57 02 51 cd ab 11 8e 41 2e 53 2e 50 
2e 20 4d 61 73 74 65 72 20 53 65 72 67 65 61 6e 74 00 00 00 00 00 00 00 00 00 00 00 10 00 00 22 
d4 82 ef 1a 00 c6 01 80 c1 83 09 00 58 00 00 f0 a2 9c 3c ed c0 00 00 00 00 00 90 7f c0 00 00 00 
7e fd 69 eb c0 c0 01 82 03 a8 17 71 02 b2 09 71 02 07 08 00 00 81 ec 1a 00 00 02 05 33 00 00 01 
00 0c 57 02 52 cd ab 11 8e 41 2e 53 2e 50 2e 20 54 72 61 69 6e 65 65 00 00 00 00 00 00 00 00 00 
00 00 00 00 00 00 00 00 00 00 10 00 00 22 d4 23 e7 1a 00 c6 01 80 c1 83 09 00 58 00 00 80 8c c6 
2e f0 c0 00 00 00 00 00 44 91 c0 00 00 00 fc 29 84 e9 c0 c0 01 82 03 a8 16 58 02 b2 09 58 02 07 
08 00 00 81 f0 1a 00 00 02 05 2d 00 00 00 00 04 01 00 0f 0a 16 80 bc 56 00 26 03 00 8a b2 00 00 
09 04 1d 00 00 00 01 00 00 00 00 16 80 bc 56 00 27 03 00 8a b2 00 00 9d 00 1d 00 00 00 01 00 00 
00 00 16 80 bc 56 00 28 03 00 8a b2 00 00 06 04 01 00 00 00 01 00 00 00 00 16 80 bc 56 00 67 03 
00 8a b2 00 00 23 04 02 00 00 00 00 00 00 00 00 16 80 bc 56 00 68 03 00 8a b2 00 00 21 04 01 00 
00 00 00 00 00 00 00 16 80 bc 56 00 69 03 00 8a b2 00 00 b4 00 1d 00 00 00 00 00 00 00 00 16 80 
bc 56 00 6a 03 00 8a b2 00 00 09 04 1d 00 00 00 00 00 00 00 00 16 80 bc 56 00 6b 03 00 8a b2 00 
00 9d 00 1d 00 00 00 00 00 00 00 00 16 80 bc 56 00 6c 03 00 8a b2 00 00 06 04 01 00 00 00 00 00 
00 00 00 16 80 bc 56 00 29 03 00 24 b3 00 00 89 02 02 00 00 00 01 00 00 00 00 
..r.I....$.9....u.......@....(.(...|.. ...|b....W......A.S.P. Warrant......................"..h.
..........XL..(...z..........W@....&..........................7.....W.P....A.S.P. Warrant.......
..............."............X......~.......D.....f............................5.....W.Q....A.S.P
. Master Sergeant.............."............X.....<.............~.i........q...q............3...
..W.R....A.S.P. Trainee......................".#..........X.............D......).........X...X..
..........-............V.&....................V.'....................V.(....................V.g.
.....#.............V.h......!.............V.i....................V.j....................V.k.....
...............V.l....................V.)..$..............

Client->GAME [17:09:33 07/15/09] packet size: 1 CRYPTED, Flags: 2f ServerSeq: 6 ClientSeq: 6
02 
.

Client->GAME [17:09:33 07/15/09] packet size: 1 CRYPTED, Flags: 5f ServerSeq: 7 ClientSeq: 7
02 
.

GAME->Client [17:09:33 07/15/09] packet size: 712 CRYPTED, Flags: 1f ServerSeq: 8 ClientSeq: 5
02 03 01 00 0c 57 02 f3 cd ab 13 8e 41 2e 53 2e 50 2e 20 4d 61 73 74 65 72 20 53 65 72 67 65 61 
6e 74 00 00 00 00 00 00 00 00 00 00 00 10 00 00 22 d5 ee 69 ef 1a 00 c6 01 80 c3 83 09 00 58 4c 
0a 00 28 00 00 00 84 88 21 f1 c0 00 00 00 00 00 90 7f c0 00 00 00 a8 0f e7 ee c0 c0 01 82 03 a8 
17 71 02 b2 09 71 02 07 08 00 00 81 ec 1a 00 00 02 05 31 00 00 01 00 0c 57 02 53 cd ab 13 8e 41 
2e 53 2e 50 2e 20 4d 61 73 74 65 72 20 53 65 72 67 65 61 6e 74 00 00 00 00 00 00 00 00 00 00 00 
10 00 00 22 d4 71 ef 1a 00 c6 01 80 d1 c6 06 00 4e 0a 00 00 00 a4 fc 52 ef c0 00 00 00 00 00 44 
91 c0 00 00 00 0c 27 bc ed c0 c0 01 83 01 03 a8 17 71 02 b2 09 71 02 07 08 00 00 81 ec 1a 00 00 
02 05 2f 00 00 01 00 02 13 00 2d 00 02 0c 1c 34 76 81 c7 00 20 8a c4 50 21 4c c7 01 00 0c 57 02 
54 cd ab 13 8e 41 2e 53 2e 50 2e 20 4d 61 6a 6f 72 00 00 00 00 00 00 00 00 00 00 00 00 00 00 00 
00 00 00 00 00 00 10 00 00 22 d4 f4 f1 1a 00 c6 01 80 d1 87 09 00 58 0a 00 00 d0 e7 b0 8a f0 c0 
00 00 00 00 00 90 7f c0 00 00 00 16 4a b6 ed c0 c0 01 83 01 01 a8 16 b0 04 b2 04 b0 04 07 08 00 
00 81 c7 09 00 00 02 05 2b 00 00 01 00 0c 57 02 55 cd ab 13 8e 41 2e 53 2e 50 2e 20 4d 61 73 74 
65 72 20 53 65 72 67 65 61 6e 74 00 00 00 00 00 00 00 00 00 00 00 10 00 00 22 d4 75 ef 1a 00 c6 
01 80 d1 c6 06 00 4e 0a 00 00 00 d4 ea 32 ee c0 00 00 00 00 00 44 91 c0 00 00 00 10 38 18 ec c0 
c0 01 83 01 03 a8 15 3f 02 b2 09 3f 02 07 08 00 00 81 ec 1a 00 00 02 05 29 00 00 00 00 04 01 00 
19 0a 16 80 bc 56 00 2a 03 00 24 b3 00 00 1a 04 01 00 00 00 01 00 00 00 00 16 80 bc 56 00 2b 03 
00 24 b3 00 00 b4 00 21 00 00 00 01 00 00 00 00 16 80 bc 56 00 2c 03 00 24 b3 00 00 09 04 21 00 
00 00 01 00 00 00 00 16 80 bc 56 00 2d 03 00 24 b3 00 00 15 04 02 00 00 00 01 00 00 00 00 16 80 
bc 56 00 2e 03 00 24 b3 00 00 b5 00 21 00 00 00 01 00 00 00 00 16 80 bc 56 00 6d 03 00 24 b3 00 
00 89 02 02 00 00 00 00 00 00 00 00 16 80 bc 56 00 6e 03 00 24 b3 00 00 1a 04 01 00 00 00 00 00 
00 00 00 16 80 bc 56 00 6f 03 00 24 b3 00 00 b4 00 21 00 00 00 00 00 00 00 00 16 80 bc 56 00 70 
03 00 24 b3 00 00 09 04 21 00 00 00 00 00 00 00 00 16 80 bc 56 00 71 03 00 24 b3 00 00 15 04 02 
00 00 00 00 00 00 00 00 
.....W......A.S.P. Master Sergeant.............."..i..........XL..(.....!.......................
.q...q............1.....W.S....A.S.P. Master Sergeant..............".q..........N......R.......D
......'..........q...q............/.......-....4v... ..P!L....W.T....A.S.P. Major...............
........."............X.....................J...........................+.....W.U....A.S.P. Mast
er Sergeant..............".u..........N......2.......D......8..........?...?............).......
.....V.*..$.................V.+..$.....!...........V.,..$.....!...........V.-..$................
.V....$.....!...........V.m..$.................V.n..$.................V.o..$.....!...........V.p
..$.....!...........V.q..$..............

Client->GAME [17:09:33 07/15/09] packet size: 1 CRYPTED, Flags: 3f ServerSeq: 8 ClientSeq: 8
02 
.

GAME->Client [17:09:33 07/15/09] packet size: 723 CRYPTED, Flags: 7f ServerSeq: 9 ClientSeq: 7
02 03 01 00 02 12 00 2b 00 02 08 eb 58 84 c7 00 80 fc c3 ed 9c 6d c7 01 00 02 12 00 29 00 02 08 
17 91 71 c7 00 20 8a c4 4d d7 60 c7 01 00 0c 57 02 56 cd ab 13 8e 41 2e 53 2e 50 2e 20 4d 61 73 
74 65 72 20 53 65 72 67 65 61 6e 74 00 00 00 00 00 00 00 00 00 00 00 10 00 00 22 d4 e1 ef 1a 00 
c6 01 80 d1 c6 06 00 4e 0a 00 00 00 3c 31 81 ee c0 00 00 00 00 00 90 7f c0 00 00 20 31 2d 29 ef 
c0 c0 01 83 01 03 a8 17 71 02 b2 09 71 02 07 08 00 00 81 ec 1a 00 00 02 05 27 00 00 01 00 0c 57 
02 57 cd ab 10 8e 41 2e 53 2e 50 2e 20 53 65 72 67 65 61 6e 74 00 00 00 00 00 00 00 00 00 00 00 
00 00 00 00 00 00 00 10 00 00 22 d0 e8 1a 00 c6 01 80 c1 85 09 00 58 00 00 00 00 20 9d f0 c0 00 
00 00 00 00 c0 57 40 00 00 00 04 ec 8d ea c0 c0 01 82 02 a8 16 84 03 b2 09 84 03 07 08 00 00 81 
f0 1a 00 00 02 05 25 00 00 01 00 0c 57 02 58 cd ab 11 8e 41 2e 53 2e 50 2e 20 57 61 72 72 61 6e 
74 00 00 00 00 00 00 00 00 00 00 00 00 00 00 00 00 00 00 00 10 00 00 22 d4 8b f0 1a 00 c6 01 80 
c1 84 09 00 58 00 00 c0 1e cf 78 f0 c0 00 00 00 00 00 90 7f c0 00 00 00 5e 6b fd ed c0 c0 01 82 
02 a8 16 84 03 b2 09 84 03 07 08 00 00 81 c7 09 00 00 02 05 23 00 00 01 00 0c 57 02 f1 cd ab 12 
8e 41 2e 53 2e 50 2e 20 54 72 61 69 6e 65 65 00 00 00 00 00 00 00 00 00 00 00 00 00 00 00 00 00 
00 00 10 00 00 22 d4 4b e7 1a 00 c6 01 a0 e4 c1 82 09 00 58 00 00 00 8c b2 2b f1 c0 00 00 00 00 
00 90 7f c0 00 00 00 60 8b 58 ee c0 c0 01 82 03 a8 16 58 02 b2 09 58 02 07 08 00 00 81 f0 1a 00 
00 02 05 21 00 00 00 00 04 01 00 23 0a 16 80 bc 56 00 72 03 00 24 b3 00 00 b5 00 21 00 00 00 00 
00 00 00 00 16 80 bc 56 00 2f 03 00 95 a7 00 00 b4 00 12 00 00 00 01 00 00 00 00 16 80 bc 56 00 
30 03 00 95 a7 00 00 b5 00 12 00 00 00 01 00 00 00 00 16 80 bc 56 00 31 03 00 95 a7 00 00 09 04 
12 00 00 00 01 00 00 00 00 16 80 bc 56 00 32 03 00 95 a7 00 00 70 00 0f 00 00 00 01 00 00 00 00 
16 80 bc 56 00 73 03 00 95 a7 00 00 b4 00 12 00 00 00 00 00 00 00 00 16 80 bc 56 00 74 03 00 95 
a7 00 00 b5 00 12 00 00 00 00 00 00 00 00 16 80 bc 56 00 75 03 00 95 a7 00 00 09 04 12 00 00 00 
00 00 00 00 00 16 80 bc 56 00 76 03 00 95 a7 00 00 70 00 0f 00 00 00 00 00 00 00 00 16 80 bc 56 
00 33 03 00 2c b3 00 00 17 04 01 00 00 00 01 00 00 00 00 
.......+....X........m......).....q.. ..M.`....W.V....A.S.P. Master Sergeant..............".....
.......N....<1............. 1-).........q...q............'.....W.W....A.S.P. Sergeant...........
.........."...........X.... .........W@...............................%.....W.X....A.S.P. Warran
t......................"............X.....x.............^k..........................#.....W.....
.A.S.P. Trainee......................".K...........X.....+.............`.X........X...X.........
...!.......#....V.r..$.....!...........V./....................V.0....................V.1........
............V.2......p.............V.s....................V.t....................V.u............
........V.v......p.............V.3..,..............

Client->GAME [17:09:33 07/15/09] packet size: 1 CRYPTED, Flags: 7f ServerSeq: 9 ClientSeq: 9
02 
.

GAME->Client [17:09:33 07/15/09] packet size: 732 CRYPTED, Flags: 7f ServerSeq: 10 ClientSeq: 8
02 03 01 00 08 90 05 fe 04 d0 0f c6 cd ab 02 11 00 00 00 00 e0 fa f0 c0 00 00 00 40 51 59 a3 40 
00 00 00 00 40 7d ea c0 00 00 00 00 60 83 6c bf 00 00 00 00 12 ef c3 3e 1f 00 00 01 00 0c 57 02 
59 cd ab 11 8e 41 2e 53 2e 50 2e 20 54 72 61 69 6e 65 65 00 00 00 00 00 00 00 00 00 00 00 00 00 
00 00 00 00 00 00 10 00 00 22 d4 69 e7 1a 00 c6 01 80 c1 83 09 00 58 00 00 00 e8 ef 3f ef c0 00 
00 00 00 00 44 91 c0 00 00 00 8a 5d 62 ed c0 c0 01 82 03 a8 16 58 02 b2 09 58 02 07 08 00 00 81 
f0 1a 00 00 02 05 1d 00 00 01 00 0c 57 02 5a cd ab 12 8e 41 2e 53 2e 50 2e 20 4d 61 73 74 65 72 
20 53 65 72 67 65 61 6e 74 00 00 00 00 00 00 00 00 00 00 00 10 00 00 22 d4 0a ef 1a 00 c6 01 80 
c1 83 09 00 58 00 00 00 bc 31 a6 ed c0 00 00 00 00 00 90 7f c0 00 00 00 a8 a4 6d eb c0 c0 01 83 
04 03 a8 16 58 02 b2 09 58 02 07 08 00 00 81 ec 1a 00 00 02 05 1b 00 00 01 00 0c 57 02 5b cd ab 
13 8e 41 2e 53 2e 50 2e 20 57 61 72 72 61 6e 74 00 00 00 00 00 00 00 00 00 00 00 00 00 00 00 00 
00 00 00 10 00 00 22 d4 97 f0 1a 00 c6 01 80 d1 85 09 00 58 0a 00 00 00 d4 2b 1d ef c0 00 00 00 
00 00 44 91 c0 00 00 00 52 bb a0 ed c0 c0 01 83 01 02 a8 16 84 03 b2 09 84 03 07 08 00 00 81 c7 
09 00 00 02 05 19 00 00 01 00 08 50 02 f3 0c 60 4f 25 cd ab 02 09 00 00 00 00 80 83 ef c0 00 00 
00 00 00 ac 90 c0 00 00 00 00 00 43 ec c0 00 00 00 00 00 00 80 3f 00 00 00 00 2e bd 3b b3 0b 00 
00 00 00 04 01 00 2d 0c 16 80 bc 56 00 34 03 00 2c b3 00 00 b4 00 21 00 00 00 01 00 00 00 00 16 
80 bc 56 00 35 03 00 2c b3 00 00 09 04 21 00 00 00 01 00 00 00 00 16 80 bc 56 00 36 03 00 2c b3 
00 00 12 04 02 00 00 00 01 00 00 00 00 16 80 bc 56 00 37 03 00 2c b3 00 00 07 04 02 00 00 00 01 
00 00 00 00 16 80 bc 56 00 38 03 00 2c b3 00 00 b5 00 21 00 00 00 01 00 00 00 00 16 80 bc 56 00 
77 03 00 2c b3 00 00 17 04 01 00 00 00 00 00 00 00 00 16 80 bc 56 00 78 03 00 2c b3 00 00 b4 00 
21 00 00 00 00 00 00 00 00 16 80 bc 56 00 79 03 00 2c b3 00 00 09 04 21 00 00 00 00 00 00 00 00 
16 80 bc 56 00 7a 03 00 2c b3 00 00 12 04 02 00 00 00 00 00 00 00 00 16 80 bc 56 00 7b 03 00 2c 
b3 00 00 07 04 02 00 00 00 00 00 00 00 00 16 80 bc 56 00 7c 03 00 2c b3 00 00 b5 00 21 00 00 00 
00 00 00 00 00 16 80 bc 56 00 39 03 00 c3 b2 00 00 89 02 02 00 00 00 01 00 00 00 00 
...........................@QY.@....@}......`.l........>......W.Y....A.S.P. Trainee.............
.........".i..........X.....?.......D......]b........X...X..................W.Z....A.S.P. Master
 Sergeant.............."............X....1................m.........X...X..................W.[..
..A.S.P. Warrant......................"............X.....+........D.....R.......................
...........P...`O%.........................C.........?......;.........-....V.4..,.....!.........
..V.5..,.....!...........V.6..,.................V.7..,.................V.8..,.....!...........V.
w..,.................V.x..,.....!...........V.y..,.....!...........V.z..,.................V.{..,
.................V.|..,.....!...........V.9.................

Client->GAME [17:09:33 07/15/09] packet size: 1 CRYPTED, Flags: 7f ServerSeq: 10 ClientSeq: 10
02 
.

GAME->Client [17:09:33 07/15/09] packet size: 721 CRYPTED, Flags: 7f ServerSeq: 11 ClientSeq: 9
02 03 01 00 02 14 00 1b 00 02 0e 04 14 8e 31 6d c7 00 80 fc c3 25 6d 5b c7 01 00 02 12 00 19 00 
02 08 65 f5 78 c7 00 20 8a c4 d8 18 6d c7 01 00 0c 57 02 5c cd ab 11 8e 41 2e 53 2e 50 2e 20 53 
65 72 67 65 61 6e 74 00 00 00 00 00 00 00 00 00 00 00 00 00 00 00 00 00 00 10 00 00 22 d4 fd e8 
1a 00 c6 01 80 c1 84 09 00 58 00 00 00 e8 f4 a6 ed c0 00 00 00 00 00 90 7f c0 00 00 00 f4 c4 73 
eb c0 c0 01 82 02 a8 16 84 03 b2 09 84 03 07 08 00 00 81 f0 1a 00 00 02 05 17 00 00 01 00 0c 57 
02 5d cd ab 10 8e 41 2e 53 2e 50 2e 20 57 61 72 72 61 6e 74 00 00 00 00 00 00 00 00 00 00 00 00 
00 00 00 00 00 00 00 10 00 00 22 d0 f0 1a 00 c6 01 80 c1 84 09 00 58 00 00 00 00 80 58 ed c0 00 
00 00 00 00 90 7f c0 00 00 00 4c 53 63 e9 c0 c0 01 82 02 a8 16 84 03 b2 09 84 03 07 08 00 00 81 
c7 09 00 00 02 05 15 00 00 01 00 0c 57 02 5e cd ab 10 8e 41 2e 53 2e 50 2e 20 4d 61 73 74 65 72 
20 53 65 72 67 65 61 6e 74 00 00 00 00 00 00 00 00 00 00 00 10 00 00 22 d0 ef 1a 00 c6 01 80 c1 
83 09 00 58 00 00 00 00 20 9d f0 c0 00 00 00 00 00 c0 57 40 00 00 00 18 b9 88 ea c0 c0 01 82 03 
a8 16 58 02 b2 09 58 02 07 08 00 00 81 ec 1a 00 00 02 05 13 00 00 01 00 0c 57 02 5f cd ab 11 8e 
41 2e 53 2e 50 2e 20 54 72 61 69 6e 65 65 00 00 00 00 00 00 00 00 00 00 00 00 00 00 00 00 00 00 
00 10 00 00 22 d4 94 e7 1a 00 c6 01 80 c1 c6 06 00 4e 00 00 00 c8 68 86 ee c0 00 00 00 00 00 90 
7f c0 00 00 40 60 b9 03 ef c0 c0 01 82 03 a8 16 58 02 b2 09 58 02 07 08 00 00 81 f0 1a 00 00 02 
05 11 00 00 00 00 04 01 00 39 0a 16 80 bc 56 00 3a 03 00 c3 b2 00 00 21 04 02 00 00 00 01 00 00 
00 00 16 80 bc 56 00 3b 03 00 c3 b2 00 00 b4 00 1f 00 00 00 01 00 00 00 00 16 80 bc 56 00 3c 03 
00 c3 b2 00 00 09 04 1f 00 00 00 01 00 00 00 00 16 80 bc 56 00 3d 03 00 c3 b2 00 00 1e 04 01 00 
00 00 01 00 00 00 00 16 80 bc 56 00 3e 03 00 c3 b2 00 00 9d 00 1f 00 00 00 01 00 00 00 00 16 80 
bc 56 00 7d 03 00 c3 b2 00 00 89 02 02 00 00 00 00 00 00 00 00 16 80 bc 56 00 7e 03 00 c3 b2 00 
00 21 04 02 00 00 00 00 00 00 00 00 16 80 bc 56 00 7f 03 00 c3 b2 00 00 b4 00 1f 00 00 00 00 00 
00 00 00 16 80 bc 56 00 80 03 00 c3 b2 00 00 09 04 1f 00 00 00 00 00 00 00 00 16 80 bc 56 00 81 
03 00 c3 b2 00 00 1e 04 01 00 00 00 00 00 00 00 00 
..............1m.....%m[..........e.x.. ....m....W.\....A.S.P. Sergeant....................."...
.........X.....................s...............................W.]....A.S.P. Warrant............
.........."...........X.....X.............LSc...............................W.^....A.S.P. Master
 Sergeant.............."...........X.... .........W@..............X...X..................W._....
A.S.P. Trainee......................"............N....h.............@`..........X...X...........
.........9....V.:......!.............V.;....................V.<....................V.=..........
..........V.>....................V.}....................V.~......!.............V................
......V......................V...................

Client->GAME [17:09:33 07/15/09] packet size: 1 CRYPTED, Flags: 7f ServerSeq: 11 ClientSeq: 11
02 
.

GAME->Client [17:09:33 07/15/09] packet size: 718 CRYPTED, Flags: 7f ServerSeq: 12 ClientSeq: 10
02 03 01 00 0c 57 02 60 cd ab 11 8e 41 2e 53 2e 50 2e 20 4d 61 73 74 65 72 20 53 65 72 67 65 61 
6e 74 00 00 00 00 00 00 00 00 00 00 00 10 00 00 22 d4 83 ef 1a 00 c6 01 80 c1 83 09 00 58 00 00 
00 98 38 5b ed c0 00 00 00 00 00 90 7f c0 00 00 00 38 03 68 e9 c0 c0 01 82 03 a8 16 58 02 b2 09 
58 02 07 08 00 00 81 ec 1a 00 00 02 05 20 00 00 01 00 0c 57 02 61 cd ab 13 8e 41 2e 53 2e 50 2e 
20 4d 61 73 74 65 72 20 53 65 72 67 65 61 6e 74 00 00 00 00 00 00 00 00 00 00 00 10 00 00 22 d4 
bb ef 1a 00 c6 01 80 d1 c6 06 00 4e 0a 00 00 00 fc a9 a6 ed c0 00 00 00 00 00 90 7f c0 00 00 00 
e8 ba 6c e9 c0 c0 01 83 01 03 a8 16 58 02 b2 09 58 02 07 08 00 00 81 ec 1a 00 00 02 05 0f 00 00 
01 00 0c 57 02 62 cd ab 11 8e 41 2e 53 2e 50 2e 20 54 72 61 69 6e 65 65 00 00 00 00 00 00 00 00 
00 00 00 00 00 00 00 00 00 00 00 10 00 00 22 d4 f9 e7 1a 00 c6 01 80 c1 83 09 00 58 00 00 c0 f8 
1f 61 f0 c0 00 00 00 00 00 90 7f c0 00 00 00 6e 45 f1 ed c0 c0 01 82 03 a8 17 71 02 b2 09 71 02 
07 08 00 00 81 ec 1a 00 00 02 05 0d 00 00 01 00 0c 57 02 63 cd ab 13 8e 41 2e 53 2e 50 2e 20 4d 
61 73 74 65 72 20 53 65 72 67 65 61 6e 74 00 00 00 00 00 00 00 00 00 00 00 10 00 00 22 d4 52 ef 
1a 00 c6 01 80 d1 c6 06 00 4e 0a 00 00 80 e8 52 71 f0 c0 00 00 00 00 00 90 7f c0 00 00 00 a8 47 
c1 ed c0 c0 01 83 01 03 a8 16 58 02 b2 09 58 02 07 08 00 00 81 ec 1a 00 00 02 05 09 00 00 00 00 
04 01 00 43 0c 16 80 bc 56 00 82 03 00 c3 b2 00 00 9d 00 1f 00 00 00 00 00 00 00 00 16 80 bc 15 
00 5a 03 00 11 00 00 00 ab 00 0d 00 00 00 01 00 00 00 00 16 80 bc 15 00 5b 03 00 11 00 00 00 0a 
02 4d 00 00 00 01 00 00 00 00 16 80 bc 15 00 5c 03 00 11 00 00 00 f2 03 34 00 00 00 01 00 00 00 
00 16 80 bc 15 00 5d 03 00 11 00 00 00 ed 03 4d 00 00 00 01 00 00 00 00 16 80 bc 15 00 5e 03 00 
11 00 00 00 9f 00 19 00 00 00 01 00 00 00 00 16 80 bc 15 00 5f 03 00 11 00 00 00 f1 03 34 00 00 
00 01 00 00 00 00 16 80 bc 15 00 60 03 00 11 00 00 00 0c 02 34 00 00 00 01 00 00 00 00 16 80 bc 
15 00 61 03 00 11 00 00 00 b7 00 4d 00 00 00 01 00 00 00 00 16 80 bc 15 00 62 03 00 11 00 00 00 
f3 03 46 00 00 00 01 00 00 00 00 0b 80 bd 05 11 00 00 00 00 00 00 00 16 80 bc 15 00 83 03 00 11 
00 00 00 ab 00 0d 00 00 00 00 00 00 00 00 
.....W.`....A.S.P. Master Sergeant.............."............X....8[.............8.h........X...
X............ .....W.a....A.S.P. Master Sergeant.............."............N....................
..l.........X...X..................W.b....A.S.P. Trainee......................"............X....
.a.............nE.........q...q..................W.c....A.S.P. Master Sergeant..............".R.
.........N.....Rq..............G..........X...X....................C....V.......................
.Z......................[........M.............\........4.............]........M.............^..
...................._........4.............`........4.............a........M.............b......
..F...........................................

Client->GAME [17:09:33 07/15/09] packet size: 1 CRYPTED, Flags: 7f ServerSeq: 12 ClientSeq: 12
02 
.

GAME->Client [17:09:33 07/15/09] packet size: 718 CRYPTED, Flags: 7f ServerSeq: 13 ClientSeq: 11
02 03 01 00 02 13 00 20 00 02 0c 84 c5 d9 6a c7 00 80 fc c3 1a 40 4b c7 01 00 02 12 00 0f 00 02 
08 a6 4b 6d c7 00 80 fc c3 98 68 4b c7 01 00 0c 57 02 64 cd ab 11 8e 41 2e 53 2e 50 2e 20 57 61 
72 72 61 6e 74 00 00 00 00 00 00 00 00 00 00 00 00 00 00 00 00 00 00 00 10 00 00 22 d4 f0 f0 1a 
00 c6 01 80 c1 84 09 00 58 00 00 00 cc b7 ce f0 c0 00 00 00 00 00 c0 57 40 00 00 00 40 3d 99 ea 
c0 c0 01 82 02 a8 16 84 03 b2 09 84 03 07 08 00 00 81 c7 09 00 00 02 05 07 00 00 01 00 0c 57 02 
65 cd ab 11 8e 41 2e 53 2e 50 2e 20 4d 61 73 74 65 72 20 53 65 72 67 65 61 6e 74 00 00 00 00 00 
00 00 00 00 00 00 10 00 00 22 d4 13 ef 1a 00 c6 01 80 c1 c6 06 00 4e 00 00 00 2a e7 c9 f0 c0 00 
00 00 00 00 c0 57 40 00 00 00 c8 59 42 ea c0 c0 01 82 03 a8 16 58 02 b2 09 58 02 07 08 00 00 81 
ec 1a 00 00 02 05 05 00 00 01 00 0c 57 02 66 cd ab 13 8e 41 2e 53 2e 50 2e 20 57 61 72 72 61 6e 
74 00 00 00 00 00 00 00 00 00 00 00 00 00 00 00 00 00 00 00 10 00 00 22 d4 c2 f0 1a 00 c6 01 80 
d1 84 09 00 58 0a 00 00 00 b0 38 9c ed c0 00 00 00 00 00 90 7f c0 00 00 00 38 5d 47 eb c0 c0 01 
83 01 02 a8 16 84 03 b2 09 84 03 07 08 00 00 81 c7 09 00 00 02 05 03 00 00 00 00 04 01 00 4f 0f 
16 80 bc 15 00 84 03 00 11 00 00 00 0a 02 4d 00 00 00 00 00 00 00 00 16 80 bc 15 00 85 03 00 11 
00 00 00 f2 03 34 00 00 00 00 00 00 00 00 16 80 bc 15 00 86 03 00 11 00 00 00 ed 03 4d 00 00 00 
00 00 00 00 00 16 80 bc 15 00 87 03 00 11 00 00 00 9f 00 19 00 00 00 00 00 00 00 00 16 80 bc 15 
00 88 03 00 11 00 00 00 f1 03 34 00 00 00 00 00 00 00 00 16 80 bc 15 00 89 03 00 11 00 00 00 0c 
02 34 00 00 00 00 00 00 00 00 16 80 bc 15 00 8a 03 00 11 00 00 00 b7 00 4d 00 00 00 00 00 00 00 
00 16 80 bc 15 00 8b 03 00 11 00 00 00 f3 03 46 00 00 00 00 00 00 00 00 0b 80 bd 05 11 00 00 00 
00 00 00 01 16 80 bc 15 00 83 03 00 11 00 00 00 ab 00 0d 00 00 00 01 00 00 00 00 16 80 bc 15 00 
84 03 00 11 00 00 00 0a 02 4d 00 00 00 01 00 00 00 00 16 80 bc 15 00 85 03 00 11 00 00 00 f2 03 
34 00 00 00 01 00 00 00 00 16 80 bc 15 00 86 03 00 11 00 00 00 ed 03 4d 00 00 00 01 00 00 00 00 
16 80 bc 15 00 87 03 00 11 00 00 00 9f 00 19 00 00 00 01 00 00 00 00 16 80 bc 15 00 88 03 00 11 
00 00 00 f1 03 34 00 00 00 01 00 00 00 00 
....... ......j......@K...........Km......hK....W.d....A.S.P. Warrant......................"....
........X..............W@...@=................................W.e....A.S.P. Master Sergeant.....
........."............N...*..........W@....YB........X...X..................W.f....A.S.P. Warran
t......................"............X.....8..............8]G..................................O.
..............M......................4......................M...................................
..........4......................4......................M......................F................
.........................................M......................4......................M........
.....................................4........

Client->GAME [17:09:33 07/15/09] packet size: 1 CRYPTED, Flags: 7f ServerSeq: 13 ClientSeq: 13
02 
.

GAME->Client [17:09:33 07/15/09] packet size: 711 CRYPTED, Flags: 7f ServerSeq: 14 ClientSeq: 12
02 03 01 00 02 12 00 03 00 02 08 3b f8 6c c7 00 80 fc c3 89 39 5a c7 3d 00 02 0e 04 be 38 af 89 
c7 00 80 fc c3 8b 5e 73 c7 3b 00 02 0c 59 0d f9 6a c7 00 80 fc c3 ac dd 5d c7 35 00 02 08 eb 57 
7c c7 00 20 8a c4 3e 58 6d c7 31 00 02 0e 05 5f 80 0f 89 c7 00 80 fc c3 00 37 77 c7 2f 00 02 0e 
04 a3 14 90 7a c7 00 20 8a c4 41 f6 6d c7 2b 00 02 0e 00 12 b6 5f 84 c7 00 80 fc c3 09 72 6d c7 
27 00 02 08 1c 56 74 c7 00 80 fc c3 fc f6 78 c7 1b 00 02 0c 32 8e 31 6d c7 00 80 fc c3 25 6d 5b 
c7 00 00 04 01 00 5e 19 16 80 bc 15 00 89 03 00 11 00 00 00 0c 02 34 00 00 00 01 00 00 00 00 16 
80 bc 15 00 8a 03 00 11 00 00 00 b7 00 4d 00 00 00 01 00 00 00 00 16 80 bc 15 00 8b 03 00 11 00 
00 00 f3 03 46 00 00 00 01 00 00 00 00 04 80 b3 11 00 16 80 bc 45 03 11 00 00 02 00 00 00 11 00 
32 00 00 00 01 00 00 00 00 16 80 bc 55 00 3f 03 00 02 00 00 00 cc 00 0c 00 00 00 01 00 00 00 00 
08 80 b2 11 00 32 00 08 02 16 80 bc 45 03 11 00 00 02 00 00 00 11 00 32 00 00 00 00 00 00 00 00 
16 80 bc 55 00 8c 03 00 02 00 00 00 cc 00 0c 00 00 00 00 00 00 00 00 16 80 bc 15 00 8d 03 00 11 
00 00 00 ab 00 0d 00 00 00 00 00 00 00 00 16 80 bc 15 00 8e 03 00 11 00 00 00 0a 02 4d 00 00 00 
00 00 00 00 00 16 80 bc 15 00 8f 03 00 11 00 00 00 f2 03 34 00 00 00 00 00 00 00 00 16 80 bc 15 
00 90 03 00 11 00 00 00 ed 03 4d 00 00 00 00 00 00 00 00 16 80 bc 15 00 91 03 00 11 00 00 00 9f 
00 19 00 00 00 00 00 00 00 00 16 80 bc 15 00 92 03 00 11 00 00 00 f1 03 34 00 00 00 00 00 00 00 
00 16 80 bc 15 00 93 03 00 11 00 00 00 0c 02 34 00 00 00 00 00 00 00 00 16 80 bc 15 00 94 03 00 
11 00 00 00 b7 00 4d 00 00 00 00 00 00 00 00 16 80 bc 15 00 95 03 00 11 00 00 00 f3 03 46 00 00 
00 00 00 00 00 00 16 80 bc 55 00 40 03 00 0b 00 00 00 37 02 96 00 00 00 01 00 00 00 00 16 80 bc 
55 00 96 03 00 0b 00 00 00 37 02 96 00 00 00 00 00 00 00 00 16 80 bc 55 00 41 03 00 2d 00 00 00 
23 04 0a 00 00 00 01 00 00 00 00 16 80 bc 55 00 42 03 00 2d 00 00 00 20 04 0a 00 00 00 01 00 00 
00 00 16 80 bc 55 00 43 03 00 2d 00 00 00 19 04 05 00 00 00 01 00 00 00 00 16 80 bc 55 00 44 03 
00 2d 00 00 00 42 04 05 00 00 00 01 00 00 00 00 16 80 bc 55 00 97 03 00 2d 00 00 00 23 04 0a 00 
00 00 00 00 00 00 00 
...........;.l......9Z.=.....8........^s.;...Y..j.......].5....W|.. ..>Xm.1...._.........7w./...
....z.. ..A.m.+......_.......rm.'....Vt.......x.....2.1m.....%m[......^...............4.........
.............M......................F................E..........2...........U.?.................
.....2......E..........2...........U........................................................M...
...................4......................M.............................................4.......
...............4......................M......................F...........U.@......7.............
U........7.............U.A..-...#.............U.B..-... .............U.C..-.................U.D.
.-...B.............U....-...#..........

Client->GAME [17:09:33 07/15/09] packet size: 1 CRYPTED, Flags: 7f ServerSeq: 14 ClientSeq: 14
02 
.

GAME->Client [17:09:34 07/15/09] packet size: 706 CRYPTED, Flags: 7f ServerSeq: 15 ClientSeq: 13
02 03 3d 00 02 0e 04 c8 38 af 89 c7 00 80 fc c3 8b 5e 73 c7 31 00 02 0e 00 55 80 0f 89 c7 00 80 
fc c3 00 37 77 c7 2f 00 02 0e 04 ad 14 90 7a c7 00 20 8a c4 41 f6 6d c7 2b 00 02 0e 00 1c b6 5f 
84 c7 00 80 fc c3 09 72 6d c7 1b 00 02 0c 3c 8e 31 6d c7 00 80 fc c3 25 6d 5b c7 0f 00 02 0e 05 
b5 17 6d 6d c7 00 80 fc c3 00 6d 4b c7 09 00 02 08 e4 6b 83 c7 00 80 fc c3 5d 26 6e c7 00 00 04 
02 00 77 0f 16 80 bc 55 00 98 03 00 2d 00 00 00 20 04 0a 00 00 00 00 00 00 00 00 16 80 bc 55 00 
99 03 00 2d 00 00 00 19 04 05 00 00 00 00 00 00 00 00 16 80 bc 55 00 9a 03 00 2d 00 00 00 42 04 
05 00 00 00 00 00 00 00 00 16 80 bc 55 00 45 03 00 34 00 00 00 83 02 c8 00 00 00 01 00 00 00 00 
16 80 bc 55 00 9b 03 00 34 00 00 00 83 02 c8 00 00 00 00 00 00 00 00 04 80 b3 3d 04 16 80 bc 45 
03 3d 04 00 43 00 00 00 3d 04 00 00 00 00 01 00 00 00 00 08 80 b2 3d 04 00 00 08 02 16 80 bc 45 
03 3d 04 00 43 00 00 00 3d 04 00 00 00 00 00 00 00 00 00 16 80 bc 55 00 46 03 00 4b 00 00 00 1f 
04 19 00 00 00 01 00 00 00 00 16 80 bc 55 00 9c 03 00 4b 00 00 00 1f 04 19 00 00 00 00 00 00 00 
00 16 80 bc 55 00 47 03 00 5f 00 00 00 7c 04 0f 00 00 00 01 00 00 00 00 16 80 bc 55 00 48 03 00 
5f 00 00 00 07 04 0f 00 00 00 01 00 00 00 00 16 80 bc 55 00 9d 03 00 5f 00 00 00 7c 04 0f 00 00 
00 00 00 00 00 00 16 80 bc 55 00 9e 03 00 5f 00 00 00 07 04 0f 00 00 00 00 00 00 00 00 00 86 0e 
16 80 bc 55 00 49 03 00 62 00 00 00 06 04 01 00 00 00 01 00 00 00 00 04 80 b3 35 04 16 80 bc 45 
03 35 04 00 62 00 00 00 35 04 00 00 00 00 01 00 00 00 00 16 80 bc 55 00 4a 03 00 62 00 00 00 15 
04 01 00 00 00 01 00 00 00 00 16 80 bc 55 00 9f 03 00 62 00 00 00 06 04 01 00 00 00 00 00 00 00 
00 08 80 b2 35 04 00 00 08 02 16 80 bc 45 03 35 04 00 62 00 00 00 35 04 00 00 00 00 00 00 00 00 
00 16 80 bc 55 00 a0 03 00 62 00 00 00 15 04 01 00 00 00 00 00 00 00 00 04 80 b3 3e 04 16 80 bc 
45 03 3e 04 00 4f 01 00 00 3e 04 00 00 00 00 01 00 00 00 00 08 80 b2 3e 04 00 00 08 02 16 80 bc 
45 03 3e 04 00 4f 01 00 00 3e 04 00 00 00 00 00 00 00 00 00 16 80 bc 55 00 4b 03 00 5a 01 00 00 
07 04 05 00 00 00 01 00 00 00 00 16 80 bc 55 00 4c 03 00 5a 01 00 00 1d 04 0f 00 00 00 01 00 00 
00 00 
..=.....8........^s.1....U.........7w./.......z.. ..A.m.+......_.......rm.....<.1m.....%m[......
..mm......mK......k......]&n......w....U....-... .............U....-.................U....-...B.
............U.E..4.................U....4.................=....E.=..C...=.............=........E
.=..C...=.............U.F..K.................U....K.................U.G.._...|.............U.H..
_.................U...._...|.............U...._....................U.I..b.................5....E
.5..b...5.............U.J..b.................U....b.................5........E.5..b...5.........
....U....b.................>....E.>..O...>.............>........E.>..O...>.............U.K..Z...
..............U.L..Z..............

GAME->Client [17:09:34 07/15/09] packet size: 710 CRYPTED, Flags: 7f ServerSeq: 16 ClientSeq: 13
82 22 72 01 49 03 3d 00 02 0e 04 d2 38 af 89 c7 00 80 fc c3 8b 5e 73 c7 3b 00 02 2e 00 40 00 00 
00 10 01 59 f7 d3 6a c7 00 80 fc c3 1e f7 5d c7 35 00 02 2a 00 40 00 00 00 10 01 06 74 7c c7 00 
20 8a c4 5b 7b 6d c7 31 00 02 0e 00 4b 80 0f 89 c7 00 80 fc c3 00 37 77 c7 2f 00 02 0e 04 b7 14 
90 7a c7 00 20 8a c4 41 f6 6d c7 2b 00 02 0e 00 1f b6 5f 84 c7 00 80 fc c3 09 72 6d c7 27 00 02 
2a 00 40 00 00 00 10 01 b8 74 74 c7 00 80 fc c3 09 d6 78 c7 1b 00 02 0c 46 8e 31 6d c7 00 80 fc 
c3 25 6d 5b c7 0f 00 02 0e 00 ab 17 6d 6d c7 00 80 fc c3 00 6d 4b c7 03 00 02 2a 00 40 00 00 00 
10 01 1f 25 6d c7 00 80 fc c3 c7 36 5a c7 00 00 04 01 00 94 17 16 80 bc 55 00 a1 03 00 5a 01 00 
00 07 04 05 00 00 00 00 00 00 00 00 16 80 bc 55 00 a2 03 00 5a 01 00 00 1d 04 0f 00 00 00 00 00 
00 00 00 04 80 b3 3f 04 16 80 bc 45 03 3f 04 00 64 01 00 00 3f 04 00 00 00 00 01 00 00 00 00 16 
80 bc 55 00 4d 03 00 64 01 00 00 1f 04 05 00 00 00 01 00 00 00 00 08 80 b2 3f 04 00 00 08 02 16 
80 bc 45 03 3f 04 00 64 01 00 00 3f 04 00 00 00 00 00 00 00 00 00 16 80 bc 55 00 a3 03 00 64 01 
00 00 1f 04 05 00 00 00 00 00 00 00 00 16 80 bc 55 00 4e 03 00 66 01 00 00 7b 04 05 00 00 00 01 
00 00 00 00 16 80 bc 55 00 4f 03 00 66 01 00 00 12 04 0a 00 00 00 01 00 00 00 00 16 80 bc 55 00 
50 03 00 66 01 00 00 06 04 0b 00 00 00 01 00 00 00 00 16 80 bc 55 00 a4 03 00 66 01 00 00 7b 04 
05 00 00 00 00 00 00 00 00 16 80 bc 55 00 a5 03 00 66 01 00 00 12 04 0a 00 00 00 00 00 00 00 00 
16 80 bc 55 00 a6 03 00 66 01 00 00 06 04 0b 00 00 00 00 00 00 00 00 16 80 bc 55 00 51 03 00 8e 
01 00 00 03 04 05 00 00 00 01 00 00 00 00 16 80 bc 55 00 52 03 00 8e 01 00 00 12 04 0f 00 00 00 
01 00 00 00 00 16 80 bc 55 00 53 03 00 8e 01 00 00 77 04 05 00 00 00 01 00 00 00 00 16 80 bc 55 
00 a7 03 00 8e 01 00 00 03 04 05 00 00 00 00 00 00 00 00 16 80 bc 55 00 a8 03 00 8e 01 00 00 12 
04 0f 00 00 00 00 00 00 00 00 16 80 bc 55 00 a9 03 00 8e 01 00 00 77 04 05 00 00 00 00 00 00 00 
00 16 80 bc 55 00 54 03 00 cd 01 00 00 e5 03 05 00 00 00 01 00 00 00 00 16 80 bc 55 00 55 03 00 
cd 01 00 00 73 04 05 00 00 00 01 00 00 00 00 16 80 bc 55 00 56 03 00 cd 01 00 00 e3 03 0f 00 00 
00 01 00 00 00 00 
."r.I.=.....8........^s.;....@.....Y..j.......].5..*.@......t|.. ..[{m.1....K.........7w./......
.z.. ..A.m.+......_.......rm.'..*.@......tt.......x.....F.1m.....%m[........mm......mK....*.@...
...%m......6Z...........U....Z.................U....Z.................?....E.?..d...?...........
..U.M..d.................?........E.?..d...?.............U....d.................U.N..f...{......
.......U.O..f.................U.P..f.................U....f...{.............U....f..............
...U....f.................U.Q....................U.R....................U.S......w.............U
......................U......................U........w.............U.T....................U.U..
....s.............U.V.................

Client->GAME [17:09:34 07/15/09] packet size: 63 CRYPTED, Flags: 7f ServerSeq: 15 ClientSeq: 15
02 04 01 00 07 03 12 80 c9 07 00 80 10 00 38 47 c7 00 80 13 c4 00 94 8e c7 12 80 c9 03 00 80 1c 
00 94 18 c7 00 00 48 44 00 d8 56 c7 12 80 c9 14 00 80 1c 00 38 47 c7 00 00 20 41 00 d8 56 c7 
..............8G......................HD..V.........8G... A..V.

Client->GAME [17:09:34 07/15/09] packet size: 1 CRYPTED, Flags: 7f ServerSeq: 0 ClientSeq: 16
02 
.

GAME->Client [17:09:34 07/15/09] packet size: 697 CRYPTED, Flags: 7f ServerSeq: 17 ClientSeq: 14
02 03 3d 00 02 0c dc 38 af 89 c7 00 80 fc c3 8b 5e 73 c7 31 00 02 0e 00 44 80 0f 89 c7 00 80 fc 
c3 00 37 77 c7 2f 00 02 0c c1 14 90 7a c7 00 20 8a c4 41 f6 6d c7 1b 00 02 0c 50 8e 31 6d c7 00 
80 fc c3 25 6d 5b c7 0f 00 02 0e 00 a1 17 6d 6d c7 00 80 fc c3 00 6d 4b c7 00 00 04 01 00 ab 1c 
16 80 bc 55 00 aa 03 00 cd 01 00 00 e5 03 05 00 00 00 00 00 00 00 00 16 80 bc 55 00 ab 03 00 cd 
01 00 00 73 04 05 00 00 00 00 00 00 00 00 16 80 bc 55 00 ac 03 00 cd 01 00 00 e3 03 0f 00 00 00 
00 00 00 00 00 04 80 b3 40 04 16 80 bc 45 03 40 04 00 d5 01 00 00 40 04 00 00 00 00 01 00 00 00 
00 16 80 bc 55 00 57 03 00 d5 01 00 00 e3 03 05 00 00 00 01 00 00 00 00 08 80 b2 40 04 00 00 08 
02 16 80 bc 45 03 40 04 00 d5 01 00 00 40 04 00 00 00 00 00 00 00 00 00 16 80 bc 55 00 ad 03 00 
d5 01 00 00 e3 03 05 00 00 00 00 00 00 00 00 16 80 bc 55 00 58 03 00 36 02 00 00 37 02 0a 00 00 
00 01 00 00 00 00 16 80 bc 55 00 ae 03 00 36 02 00 00 37 02 0a 00 00 00 00 00 00 00 00 16 80 bc 
55 00 59 03 00 74 02 00 00 34 02 1e 00 00 00 01 00 00 00 00 16 80 bc 55 00 af 03 00 74 02 00 00 
34 02 1e 00 00 00 00 00 00 00 00 16 80 bc 15 00 8d 03 00 11 00 00 00 ab 00 0d 00 00 00 01 00 00 
00 00 16 80 bc 15 00 8e 03 00 11 00 00 00 0a 02 4d 00 00 00 01 00 00 00 00 16 80 bc 15 00 8f 03 
00 11 00 00 00 f2 03 34 00 00 00 01 00 00 00 00 16 80 bc 15 00 90 03 00 11 00 00 00 ed 03 4d 00 
00 00 01 00 00 00 00 16 80 bc 15 00 91 03 00 11 00 00 00 9f 00 19 00 00 00 01 00 00 00 00 16 80 
bc 15 00 92 03 00 11 00 00 00 f1 03 34 00 00 00 01 00 00 00 00 16 80 bc 15 00 93 03 00 11 00 00 
00 0c 02 34 00 00 00 01 00 00 00 00 16 80 bc 15 00 94 03 00 11 00 00 00 b7 00 4d 00 00 00 01 00 
00 00 00 16 80 bc 15 00 95 03 00 11 00 00 00 f3 03 46 00 00 00 01 00 00 00 00 0b 80 bd 05 11 00 
00 00 00 00 00 00 16 80 bc 15 00 b0 03 00 11 00 00 00 ab 00 0d 00 00 00 00 00 00 00 00 16 80 bc 
15 00 b1 03 00 11 00 00 00 0a 02 4d 00 00 00 00 00 00 00 00 16 80 bc 15 00 b2 03 00 11 00 00 00 
f2 03 34 00 00 00 00 00 00 00 00 16 80 bc 15 00 b3 03 00 11 00 00 00 ed 03 4d 00 00 00 00 00 00 
00 00 16 80 bc 15 00 b4 03 00 11 00 00 00 9f 00 19 00 00 00 00 00 00 00 00 
..=....8........^s.1....D.........7w./......z.. ..A.m.....P.1m.....%m[........mm......mK........
...U......................U........s.............U......................@....E.@......@.........
....U.W....................@........E.@......@.............U......................U.X..6...7....
.........U....6...7.............U.Y..t...4.............U....t...4...............................
................M......................4......................M.................................
............4......................4......................M......................F..............
...........................................M......................4......................M......
.........................

Client->GAME [17:09:34 07/15/09] packet size: 1 CRYPTED, Flags: 7f ServerSeq: 1 ClientSeq: 17
02 
.

GAME->Client [17:09:34 07/15/09] packet size: 719 CRYPTED, Flags: 7f ServerSeq: 18 ClientSeq: 0
02 03 3d 00 02 0c e6 38 af 89 c7 00 80 fc c3 8b 5e 73 c7 35 00 02 08 29 90 7c c7 00 20 8a c4 84 
9e 6d c7 2f 00 02 0e 00 cb 14 90 7a c7 00 20 8a c4 41 f6 6d c7 2d 00 02 02 8c 29 00 02 08 af 58 
71 c7 00 20 8a c4 cd 99 61 c7 1b 00 02 0e 00 5a 8e 31 6d c7 00 80 fc c3 25 6d 5b c7 19 00 02 08 
ad 49 79 c7 00 20 8a c4 f0 9d 6d c7 0f 00 02 0c 9e 17 6d 6d c7 00 80 fc c3 00 6d 4b c7 03 00 02 
08 11 52 6d c7 00 80 fc c3 04 34 5a c7 00 00 04 02 00 c7 05 16 80 bc 15 00 b5 03 00 11 00 00 00 
f1 03 34 00 00 00 00 00 00 00 00 16 80 bc 15 00 b6 03 00 11 00 00 00 0c 02 34 00 00 00 00 00 00 
00 00 16 80 bc 15 00 b7 03 00 11 00 00 00 b7 00 4d 00 00 00 00 00 00 00 00 16 80 bc 15 00 b8 03 
00 11 00 00 00 f3 03 46 00 00 00 00 00 00 00 00 0b 80 bd 05 11 00 00 00 00 00 00 01 00 cc 10 17 
3a 05 00 11 00 0a 00 50 76 50 53 65 72 76 65 72 00 04 00 06 00 00 00 1d 3a 05 00 17 00 10 00 50 
76 50 4d 61 78 53 61 66 65 4c 65 76 65 6c 00 04 00 0f 00 00 00 3f 3a 05 00 14 00 0d 00 57 52 5f 
52 65 7a 45 76 65 6e 74 73 00 29 00 48 61 6c 6c 6f 77 65 65 6e 5f 45 76 65 6e 74 2c 57 69 6e 74 
65 72 33 50 6c 75 73 48 61 6c 6c 6f 77 65 65 6e 54 53 45 43 00 1b 3a 05 00 19 00 12 00 45 76 65 
6e 74 53 6c 6f 74 31 5f 45 66 66 65 63 74 00 00 00 28 3a 05 00 19 00 12 00 45 76 65 6e 74 53 6c 
6f 74 32 5f 45 66 66 65 63 74 00 0d 00 66 6c 79 6d 61 6e 5f 69 64 6c 65 33 00 25 3a 05 00 19 00 
12 00 45 76 65 6e 74 53 6c 6f 74 33 5f 45 66 66 65 63 74 00 0a 00 66 6c 79 5f 76 69 72 75 73 00 
1f 3a 05 00 1b 00 14 00 46 69 78 65 64 42 69 6e 6b 49 44 4f 76 65 72 72 69 64 65 00 02 00 20 00 
16 80 bc 15 00 16 03 00 f7 03 00 00 08 02 00 00 00 00 00 00 00 00 00 16 80 bc 15 00 17 03 00 f7 
03 00 00 07 02 ec ff ff ff 00 00 00 00 00 16 80 bc 15 00 18 03 00 f7 03 00 00 50 04 00 00 00 00 
00 00 00 00 00 16 80 bc 15 00 19 03 00 f7 03 00 00 f4 03 00 00 00 00 00 00 00 00 00 16 80 bc 15 
00 1a 03 00 f7 03 00 00 51 04 f6 ff ff ff 00 00 00 00 00 16 80 bc 15 00 1b 03 00 f7 03 00 00 52 
04 0f 00 00 00 00 00 00 00 00 16 80 bc 11 00 1c 03 00 00 00 00 00 cb 02 00 00 00 00 00 00 00 00 
00 16 80 bc 19 00 1d 03 00 d9 00 00 00 70 02 00 00 00 00 00 00 00 00 00 16 80 bc 1d 00 1e 03 00 
70 02 00 00 00 00 00 00 00 00 00 00 00 00 00 
..=....8........^s.5...).|.. ....m./.......z.. ..A.m.-....)....Xq.. ....a......Z.1m.....%m[.....
.Iy.. ....m.......mm......mK......Rm......4Z......................4......................4......
................M......................F........................:......PvPServer........:......P
vPMaxSafeLevel.......?:......WR_RezEvents.).Halloween_Event,Winter3PlusHalloweenTSEC..:......Eve
ntSlot1_Effect...(:......EventSlot2_Effect...flyman_idle3.%:......EventSlot3_Effect...fly_virus.
.:......FixedBinkIDOverride... ...........................................................P.....
........................................Q......................R................................
.............p..................p..............

Client->GAME [17:09:34 07/15/09] packet size: 1 CRYPTED, Flags: 7f ServerSeq: 2 ClientSeq: 18
02 
.

GAME->Client [17:09:34 07/15/09] packet size: 711 CRYPTED, Flags: 7f ServerSeq: 19 ClientSeq: 1
02 03 3d 00 02 0c f0 38 af 89 c7 00 80 fc c3 8b 5e 73 c7 2f 00 02 0e 00 d5 14 90 7a c7 00 20 8a 
c4 41 f6 6d c7 2d 00 02 02 00 1b 00 02 0e 00 64 8e 31 6d c7 00 80 fc c3 25 6d 5b c7 00 00 04 01 
00 dc 1c 16 80 bc 56 00 63 03 00 0a 95 00 00 06 04 02 00 00 00 00 00 00 00 00 16 80 bc 56 00 64 
03 00 0a 95 00 00 b4 00 11 00 00 00 00 00 00 00 00 16 80 bc 56 00 65 03 00 0a 95 00 00 b5 00 11 
00 00 00 00 00 00 00 00 16 80 bc 56 00 66 03 00 0a 95 00 00 07 04 02 00 00 00 00 00 00 00 00 16 
80 bc 56 00 67 03 00 8a b2 00 00 23 04 02 00 00 00 00 00 00 00 00 16 80 bc 56 00 68 03 00 8a b2 
00 00 21 04 01 00 00 00 00 00 00 00 00 16 80 bc 56 00 69 03 00 8a b2 00 00 b4 00 1d 00 00 00 00 
00 00 00 00 16 80 bc 56 00 6a 03 00 8a b2 00 00 09 04 1d 00 00 00 00 00 00 00 00 16 80 bc 56 00 
6b 03 00 8a b2 00 00 9d 00 1d 00 00 00 00 00 00 00 00 16 80 bc 56 00 6c 03 00 8a b2 00 00 06 04 
01 00 00 00 00 00 00 00 00 16 80 bc 56 00 6d 03 00 24 b3 00 00 89 02 02 00 00 00 00 00 00 00 00 
16 80 bc 56 00 6e 03 00 24 b3 00 00 1a 04 01 00 00 00 00 00 00 00 00 16 80 bc 56 00 6f 03 00 24 
b3 00 00 b4 00 21 00 00 00 00 00 00 00 00 16 80 bc 56 00 70 03 00 24 b3 00 00 09 04 21 00 00 00 
00 00 00 00 00 16 80 bc 56 00 71 03 00 24 b3 00 00 15 04 02 00 00 00 00 00 00 00 00 16 80 bc 56 
00 72 03 00 24 b3 00 00 b5 00 21 00 00 00 00 00 00 00 00 16 80 bc 56 00 73 03 00 95 a7 00 00 b4 
00 12 00 00 00 00 00 00 00 00 16 80 bc 56 00 74 03 00 95 a7 00 00 b5 00 12 00 00 00 00 00 00 00 
00 16 80 bc 56 00 75 03 00 95 a7 00 00 09 04 12 00 00 00 00 00 00 00 00 16 80 bc 56 00 76 03 00 
95 a7 00 00 70 00 0f 00 00 00 00 00 00 00 00 16 80 bc 56 00 77 03 00 2c b3 00 00 17 04 01 00 00 
00 00 00 00 00 00 16 80 bc 56 00 78 03 00 2c b3 00 00 b4 00 21 00 00 00 00 00 00 00 00 16 80 bc 
56 00 79 03 00 2c b3 00 00 09 04 21 00 00 00 00 00 00 00 00 16 80 bc 56 00 7a 03 00 2c b3 00 00 
12 04 02 00 00 00 00 00 00 00 00 16 80 bc 56 00 7b 03 00 2c b3 00 00 07 04 02 00 00 00 00 00 00 
00 00 16 80 bc 56 00 7c 03 00 2c b3 00 00 b5 00 21 00 00 00 00 00 00 00 00 16 80 bc 56 00 7d 03 
00 c3 b2 00 00 89 02 02 00 00 00 00 00 00 00 00 16 80 bc 56 00 7e 03 00 c3 b2 00 00 21 04 02 00 
00 00 00 00 00 00 00 
..=....8........^s./.......z.. ..A.m.-.........d.1m.....%m[...........V.c....................V.d
....................V.e....................V.f....................V.g......#.............V.h....
..!.............V.i....................V.j....................V.k....................V.l........
............V.m..$.................V.n..$.................V.o..$.....!...........V.p..$.....!...
........V.q..$.................V.r..$.....!...........V.s....................V.t................
....V.u....................V.v......p.............V.w..,.................V.x..,.....!...........
V.y..,.....!...........V.z..,.................V.{..,.................V.|..,.....!...........V.}.
...................V.~......!..........

Client->GAME [17:09:34 07/15/09] packet size: 1 CRYPTED, Flags: 7f ServerSeq: 3 ClientSeq: 19
02 
.

GAME->Client [17:09:34 07/15/09] packet size: 697 CRYPTED, Flags: 7f ServerSeq: 20 ClientSeq: 2
02 03 3d 00 02 0c fa 38 af 89 c7 00 80 fc c3 8b 5e 73 c7 27 00 02 08 f8 b1 74 c7 00 80 fc c3 1a 
94 78 c7 1b 00 02 0c 65 8e 31 6d c7 00 80 fc c3 25 6d 5b c7 0f 00 04 80 80 80 80 c0 4c 0a 00 28 
01 01 00 00 04 02 00 f8 0f 16 80 bc 56 00 7f 03 00 c3 b2 00 00 b4 00 1f 00 00 00 00 00 00 00 00 
16 80 bc 56 00 80 03 00 c3 b2 00 00 09 04 1f 00 00 00 00 00 00 00 00 16 80 bc 56 00 81 03 00 c3 
b2 00 00 1e 04 01 00 00 00 00 00 00 00 00 16 80 bc 56 00 82 03 00 c3 b2 00 00 9d 00 1f 00 00 00 
00 00 00 00 00 16 80 bc 55 00 8c 03 00 02 00 00 00 cc 00 0c 00 00 00 00 00 00 00 00 16 80 bc 55 
00 96 03 00 0b 00 00 00 37 02 96 00 00 00 00 00 00 00 00 16 80 bc 55 00 97 03 00 2d 00 00 00 23 
04 0a 00 00 00 00 00 00 00 00 16 80 bc 55 00 98 03 00 2d 00 00 00 20 04 0a 00 00 00 00 00 00 00 
00 16 80 bc 55 00 99 03 00 2d 00 00 00 19 04 05 00 00 00 00 00 00 00 00 16 80 bc 55 00 9a 03 00 
2d 00 00 00 42 04 05 00 00 00 00 00 00 00 00 16 80 bc 55 00 9b 03 00 34 00 00 00 83 02 c8 00 00 
00 00 00 00 00 00 16 80 bc 55 00 9c 03 00 4b 00 00 00 1f 04 19 00 00 00 00 00 00 00 00 16 80 bc 
55 00 9d 03 00 5f 00 00 00 7c 04 0f 00 00 00 00 00 00 00 00 16 80 bc 55 00 9e 03 00 5f 00 00 00 
07 04 0f 00 00 00 00 00 00 00 00 16 80 bc 55 00 9f 03 00 62 00 00 00 06 04 01 00 00 00 00 00 00 
00 00 01 07 0c 16 80 bc 55 00 a0 03 00 62 00 00 00 15 04 01 00 00 00 00 00 00 00 00 16 80 bc 55 
00 a1 03 00 5a 01 00 00 07 04 05 00 00 00 00 00 00 00 00 16 80 bc 55 00 a2 03 00 5a 01 00 00 1d 
04 0f 00 00 00 00 00 00 00 00 16 80 bc 55 00 a3 03 00 64 01 00 00 1f 04 05 00 00 00 00 00 00 00 
00 16 80 bc 55 00 a4 03 00 66 01 00 00 7b 04 05 00 00 00 00 00 00 00 00 16 80 bc 55 00 a5 03 00 
66 01 00 00 12 04 0a 00 00 00 00 00 00 00 00 16 80 bc 55 00 a6 03 00 66 01 00 00 06 04 0b 00 00 
00 00 00 00 00 00 16 80 bc 55 00 a7 03 00 8e 01 00 00 03 04 05 00 00 00 00 00 00 00 00 16 80 bc 
55 00 a8 03 00 8e 01 00 00 12 04 0f 00 00 00 00 00 00 00 00 16 80 bc 55 00 a9 03 00 8e 01 00 00 
77 04 05 00 00 00 00 00 00 00 00 16 80 bc 55 00 aa 03 00 cd 01 00 00 e5 03 05 00 00 00 00 00 00 
00 00 16 80 bc 55 00 ab 03 00 cd 01 00 00 73 04 05 00 00 00 00 00 00 00 00 
..=....8........^s.'.....t.......x.....e.1m.....%m[.........L..(............V...................
...V......................V......................V......................U......................U
........7.............U....-...#.............U....-... .............U....-.................U....
-...B.............U....4.................U....K.................U...._...|.............U...._...
..............U....b....................U....b.................U....Z.................U....Z....
.............U....d.................U....f...{.............U....f.................U....f........
.........U......................U......................U........w.............U.................
.....U........s..........

Client->GAME [17:09:34 07/15/09] packet size: 1 CRYPTED, Flags: 7f ServerSeq: 4 ClientSeq: 20
02 
.

GAME->Client [17:09:34 07/15/09] packet size: 666 CRYPTED, Flags: 7f ServerSeq: 21 ClientSeq: 3
02 03 3d 00 02 0c 04 38 af 89 c7 00 80 fc c3 8b 5e 73 c7 29 00 02 0e 05 6b 2a 4c 71 c7 00 20 8a 
c4 fb c4 61 c7 21 00 02 02 04 19 00 02 0c 96 88 6d 79 c7 00 20 8a c4 14 d7 6d c7 00 00 04 01 01 
13 18 16 80 bc 55 00 ac 03 00 cd 01 00 00 e3 03 0f 00 00 00 00 00 00 00 00 16 80 bc 55 00 ad 03 
00 d5 01 00 00 e3 03 05 00 00 00 00 00 00 00 00 16 80 bc 55 00 ae 03 00 36 02 00 00 37 02 0a 00 
00 00 00 00 00 00 00 16 80 bc 55 00 af 03 00 74 02 00 00 34 02 1e 00 00 00 00 00 00 00 00 16 80 
bc 15 00 b0 03 00 11 00 00 00 ab 00 0d 00 00 00 00 00 00 00 00 16 80 bc 15 00 b1 03 00 11 00 00 
00 0a 02 4d 00 00 00 00 00 00 00 00 16 80 bc 15 00 b2 03 00 11 00 00 00 f2 03 34 00 00 00 00 00 
00 00 00 16 80 bc 15 00 b3 03 00 11 00 00 00 ed 03 4d 00 00 00 00 00 00 00 00 16 80 bc 15 00 b4 
03 00 11 00 00 00 9f 00 19 00 00 00 00 00 00 00 00 16 80 bc 15 00 b5 03 00 11 00 00 00 f1 03 34 
00 00 00 00 00 00 00 00 16 80 bc 15 00 b6 03 00 11 00 00 00 0c 02 34 00 00 00 00 00 00 00 00 16 
80 bc 15 00 b7 03 00 11 00 00 00 b7 00 4d 00 00 00 00 00 00 00 00 16 80 bc 15 00 b8 03 00 11 00 
00 00 f3 03 46 00 00 00 00 00 00 00 00 06 80 c1 01 00 c8 00 16 80 bc 45 03 11 00 00 02 00 00 00 
11 00 32 00 00 00 00 00 00 00 00 16 80 bc 45 03 35 04 00 62 00 00 00 35 04 00 00 00 00 00 00 00 
00 00 16 80 bc 45 03 3d 04 00 43 00 00 00 3d 04 00 00 00 00 00 00 00 00 00 16 80 bc 45 03 3e 04 
00 4f 01 00 00 3e 04 00 00 00 00 00 00 00 00 00 16 80 bc 45 03 3f 04 00 64 01 00 00 3f 04 00 00 
00 00 00 00 00 00 00 16 80 bc 45 03 40 04 00 d5 01 00 00 40 04 00 00 00 00 00 00 00 00 00 0b 80 
bd 05 11 00 00 00 00 00 00 01 0b 80 bd 05 d9 00 00 00 00 00 00 01 41 81 67 17 00 27 00 1c 22 00 
c6 01 11 00 00 00 00 00 00 00 37 00 00 08 0e 00 41 66 74 65 72 57 68 6f 72 75 4e 65 6f 00 0e 00 
41 66 74 65 72 57 68 6f 72 75 4e 65 6f 00 02 00 4d 00 00 00 00 00 00 00 41 81 67 17 00 27 00 1c 
22 00 c6 01 11 00 00 00 00 00 00 00 37 00 00 08 0e 00 41 66 74 65 72 57 68 6f 72 75 4e 65 6f 00 
0e 00 41 66 74 65 72 57 68 6f 72 75 4e 65 6f 00 02 00 4d 00 00 00 00 00 00 00 
..=....8........^s.)....k*Lq.. ....a.!..........my.. ....m...........U......................U...
...................U....6...7.............U....t...4............................................
...M......................4......................M.............................................4
......................4......................M......................F..................E........
..2...........E.5..b...5.............E.=..C...=.............E.>..O...>.............E.?..d...?...
..........E.@......@..................................A.g..'.."...........7.....AfterWhoruNeo...
AfterWhoruNeo...M.......A.g..'.."...........7.....AfterWhoruNeo...AfterWhoruNeo...M.......

Client->GAME [17:09:34 07/15/09] packet size: 63 CRYPTED, Flags: 7f ServerSeq: 4 ClientSeq: 21
02 04 01 00 0a 03 12 80 c9 07 00 e0 27 00 4c 9a c7 00 00 20 41 00 c4 86 c7 12 80 c9 03 00 30 57 
00 4c 9a c7 00 00 48 44 00 f4 08 c7 12 80 c9 0b 00 30 57 00 4c 9a c7 00 00 20 41 00 b8 08 c7 
............'.L.... A.........0W.L....HD.........0W.L.... A....

Client->GAME [17:09:34 07/15/09] packet size: 1 CRYPTED, Flags: 7f ServerSeq: 5 ClientSeq: 22
02 
.

GAME->Client [17:09:34 07/15/09] packet size: 144 CRYPTED, Flags: 7f ServerSeq: 22 ClientSeq: 4
02 03 3d 00 02 0c 0e 38 af 89 c7 00 80 fc c3 8b 5e 73 c7 3b 00 02 08 9a 64 6a c7 00 80 fc c3 86 
43 5e c7 29 00 02 0e 05 61 2a 4c 71 c7 00 20 8a c4 fb c4 61 c7 21 00 02 0e 01 55 a8 58 89 c7 00 
80 fc c3 ef c9 72 c7 00 00 04 01 01 2b 01 41 81 67 17 00 27 00 1c 22 00 c6 01 11 00 00 00 00 00 
00 00 37 00 00 08 0e 00 41 66 74 65 72 57 68 6f 72 75 4e 65 6f 00 0e 00 41 66 74 65 72 57 68 6f 
72 75 4e 65 6f 00 02 00 4d 00 00 00 00 00 00 00 
..=....8........^s.;....dj......C^.)....a*Lq.. ....a.!....U.X........r......+.A.g..'..".........
..7.....AfterWhoruNeo...AfterWhoruNeo...M.......

Client->GAME [17:09:34 07/15/09] packet size: 1 CRYPTED, Flags: 7f ServerSeq: 6 ClientSeq: 23
02 
.

GAME->Client [17:09:34 07/15/09] packet size: 75 CRYPTED, Flags: 7f ServerSeq: 23 ClientSeq: 6
02 03 3d 00 02 0e 01 18 18 ac 89 c7 00 80 fc c3 30 55 73 c7 29 00 02 0c 57 2a 4c 71 c7 00 20 8a 
c4 fb c4 61 c7 21 00 02 0e 01 5f 18 50 89 c7 00 80 fc c3 5a d8 72 c7 09 00 02 0e 05 4c 2f 1f 83 
c7 00 80 fc c3 7c 6c 6e c7 00 00 
..=.............0Us.)...W*Lq.. ....a.!...._.P......Z.r......L/.......|ln...

Client->GAME [17:09:34 07/15/09] packet size: 1 CRYPTED, Flags: 7f ServerSeq: 7 ClientSeq: 24
02 
.

