Client->GAME [17:10:46 07/15/09] packet size: 25 CRYPTED, Flags: 7f ServerSeq: 11 ClientSeq: 161
02 04 01 00 21 01 12 81 8e 07 00 00 00 03 00 00 00 4b 00 00 00 01 00 00 00 
....!............K.......

Client->GAME [17:10:46 07/15/09] packet size: 1 CRYPTED, Flags: 7f ServerSeq: 12 ClientSeq: 162
02 
.

GAME->Client [17:10:46 07/15/09] packet size: 704 CRYPTED, Flags: 7f ServerSeq: 141 ClientSeq: 2
02 04 01 01 2d 20 16 80 bc 15 00 b9 03 00 f7 03 00 00 08 02 00 00 00 00 01 00 00 00 00 16 80 bc 
15 00 ba 03 00 f7 03 00 00 07 02 ec ff ff ff 01 00 00 00 00 16 80 bc 15 00 bb 03 00 f7 03 00 00 
50 04 00 00 00 00 01 00 00 00 00 16 80 bc 15 00 bc 03 00 f7 03 00 00 f4 03 00 00 00 00 01 00 00 
00 00 16 80 bc 15 00 bd 03 00 f7 03 00 00 51 04 f6 ff ff ff 01 00 00 00 00 16 80 bc 15 00 be 03 
00 f7 03 00 00 52 04 0f 00 00 00 01 00 00 00 00 16 80 bc 11 00 bf 03 00 00 00 00 00 cb 02 00 00 
00 00 01 00 00 00 00 16 80 bc 19 00 c0 03 00 d9 00 00 00 70 02 00 00 00 00 01 00 00 00 00 0b 80 
bd 01 d9 00 04 00 00 f0 41 01 06 80 c1 00 00 c8 00 16 80 bc 1d 00 c1 03 00 70 02 00 00 00 00 00 
00 00 00 01 00 00 00 00 0b 80 bd 05 d9 00 00 00 00 00 00 00 16 80 bc 56 00 06 04 00 0a 95 00 00 
06 04 02 00 00 00 01 00 00 00 00 16 80 bc 56 00 07 04 00 0a 95 00 00 b4 00 11 00 00 00 01 00 00 
00 00 16 80 bc 56 00 08 04 00 0a 95 00 00 b5 00 11 00 00 00 01 00 00 00 00 16 80 bc 56 00 09 04 
00 0a 95 00 00 07 04 02 00 00 00 01 00 00 00 00 16 80 bc 56 00 0a 04 00 8a b2 00 00 23 04 02 00 
00 00 01 00 00 00 00 16 80 bc 56 00 0b 04 00 8a b2 00 00 21 04 01 00 00 00 01 00 00 00 00 16 80 
bc 56 00 0c 04 00 8a b2 00 00 b4 00 1d 00 00 00 01 00 00 00 00 16 80 bc 56 00 0d 04 00 8a b2 00 
00 09 04 1d 00 00 00 01 00 00 00 00 16 80 bc 56 00 0e 04 00 8a b2 00 00 9d 00 1d 00 00 00 01 00 
00 00 00 16 80 bc 56 00 0f 04 00 8a b2 00 00 06 04 01 00 00 00 01 00 00 00 00 16 80 bc 56 00 10 
04 00 24 b3 00 00 89 02 02 00 00 00 01 00 00 00 00 16 80 bc 56 00 11 04 00 24 b3 00 00 1a 04 01 
00 00 00 01 00 00 00 00 16 80 bc 56 00 12 04 00 24 b3 00 00 b4 00 21 00 00 00 01 00 00 00 00 16 
80 bc 56 00 13 04 00 24 b3 00 00 09 04 21 00 00 00 01 00 00 00 00 16 80 bc 56 00 14 04 00 24 b3 
00 00 15 04 02 00 00 00 01 00 00 00 00 16 80 bc 56 00 15 04 00 24 b3 00 00 b5 00 21 00 00 00 01 
00 00 00 00 16 80 bc 56 00 16 04 00 95 a7 00 00 b4 00 12 00 00 00 01 00 00 00 00 16 80 bc 56 00 
17 04 00 95 a7 00 00 b5 00 12 00 00 00 01 00 00 00 00 16 80 bc 56 00 18 04 00 95 a7 00 00 09 04 
12 00 00 00 01 00 00 00 00 16 80 bc 56 00 19 04 00 95 a7 00 00 70 00 0f 00 00 00 01 00 00 00 00 
....- ..........................................................P...............................
..............Q......................R.............................................p............
........A................p.............................V......................V.................
.....V......................V......................V........#.............V........!............
.V......................V......................V......................V......................V..
..$.................V....$.................V....$.....!...........V....$.....!...........V....$.
................V....$.....!...........V......................V......................V..........
............V........p..........

Client->GAME [17:10:46 07/15/09] packet size: 1 CRYPTED, Flags: 7f ServerSeq: 13 ClientSeq: 163
02 
.

GAME->Client [17:10:46 07/15/09] packet size: 696 CRYPTED, Flags: 7f ServerSeq: 142 ClientSeq: 2
02 04 01 01 4d 1e 16 80 bc 56 00 1a 04 00 2c b3 00 00 17 04 01 00 00 00 01 00 00 00 00 16 80 bc 
56 00 1b 04 00 2c b3 00 00 b4 00 21 00 00 00 01 00 00 00 00 16 80 bc 56 00 1c 04 00 2c b3 00 00 
09 04 21 00 00 00 01 00 00 00 00 16 80 bc 56 00 1d 04 00 2c b3 00 00 12 04 02 00 00 00 01 00 00 
00 00 16 80 bc 56 00 1e 04 00 2c b3 00 00 07 04 02 00 00 00 01 00 00 00 00 16 80 bc 56 00 1f 04 
00 2c b3 00 00 b5 00 21 00 00 00 01 00 00 00 00 16 80 bc 56 00 20 04 00 c3 b2 00 00 89 02 02 00 
00 00 01 00 00 00 00 16 80 bc 56 00 21 04 00 c3 b2 00 00 21 04 02 00 00 00 01 00 00 00 00 16 80 
bc 56 00 22 04 00 c3 b2 00 00 b4 00 1f 00 00 00 01 00 00 00 00 16 80 bc 56 00 23 04 00 c3 b2 00 
00 09 04 1f 00 00 00 01 00 00 00 00 16 80 bc 56 00 24 04 00 c3 b2 00 00 1e 04 01 00 00 00 01 00 
00 00 00 16 80 bc 56 00 25 04 00 c3 b2 00 00 9d 00 1f 00 00 00 01 00 00 00 00 16 80 bc 55 00 2f 
04 00 02 00 00 00 cc 00 0c 00 00 00 01 00 00 00 00 16 80 bc 55 00 39 04 00 0b 00 00 00 37 02 96 
00 00 00 01 00 00 00 00 16 80 bc 55 00 3a 04 00 2d 00 00 00 23 04 0a 00 00 00 01 00 00 00 00 16 
80 bc 55 00 3b 04 00 2d 00 00 00 20 04 0a 00 00 00 01 00 00 00 00 16 80 bc 55 00 3c 04 00 2d 00 
00 00 19 04 05 00 00 00 01 00 00 00 00 16 80 bc 55 00 3d 04 00 2d 00 00 00 42 04 05 00 00 00 01 
00 00 00 00 16 80 bc 55 00 3e 04 00 34 00 00 00 83 02 c8 00 00 00 01 00 00 00 00 16 80 bc 55 00 
3f 04 00 4b 00 00 00 1f 04 19 00 00 00 01 00 00 00 00 16 80 bc 55 00 40 04 00 5f 00 00 00 7c 04 
0f 00 00 00 01 00 00 00 00 16 80 bc 55 00 41 04 00 5f 00 00 00 07 04 0f 00 00 00 01 00 00 00 00 
16 80 bc 55 00 42 04 00 62 00 00 00 06 04 01 00 00 00 01 00 00 00 00 16 80 bc 55 00 43 04 00 62 
00 00 00 15 04 01 00 00 00 01 00 00 00 00 16 80 bc 55 00 44 04 00 5a 01 00 00 07 04 05 00 00 00 
01 00 00 00 00 16 80 bc 55 00 45 04 00 5a 01 00 00 1d 04 0f 00 00 00 01 00 00 00 00 16 80 bc 55 
00 46 04 00 64 01 00 00 1f 04 05 00 00 00 01 00 00 00 00 16 80 bc 55 00 47 04 00 66 01 00 00 7b 
04 05 00 00 00 01 00 00 00 00 16 80 bc 55 00 48 04 00 66 01 00 00 12 04 0a 00 00 00 01 00 00 00 
00 16 80 bc 55 00 49 04 00 66 01 00 00 06 04 0b 00 00 00 01 00 00 00 00 
....M....V....,.................V....,.....!...........V....,.....!...........V....,............
.....V....,.................V....,.....!...........V. ....................V.!......!............
.V."....................V.#....................V.$....................V.%....................U./
....................U.9......7.............U.:..-...#.............U.;..-... .............U.<..-.
................U.=..-...B.............U.>..4.................U.?..K.................U.@.._...|.
............U.A.._.................U.B..b.................U.C..b.................U.D..Z.........
........U.E..Z.................U.F..d.................U.G..f...{.............U.H..f.............
....U.I..f..............

Client->GAME [17:10:46 07/15/09] packet size: 1 CRYPTED, Flags: 7f ServerSeq: 14 ClientSeq: 164
02 
.

GAME->Client [17:10:47 07/15/09] packet size: 712 CRYPTED, Flags: 7f ServerSeq: 143 ClientSeq: 3
02 04 02 01 6b 03 16 80 bc 55 00 4a 04 00 8e 01 00 00 03 04 05 00 00 00 01 00 00 00 00 16 80 bc 
55 00 4b 04 00 8e 01 00 00 12 04 0f 00 00 00 01 00 00 00 00 16 80 bc 55 00 4c 04 00 8e 01 00 00 
77 04 05 00 00 00 01 00 00 00 00 01 6e 1d 16 80 bc 55 00 4d 04 00 cd 01 00 00 e5 03 05 00 00 00 
01 00 00 00 00 16 80 bc 55 00 4e 04 00 cd 01 00 00 73 04 05 00 00 00 01 00 00 00 00 16 80 bc 55 
00 4f 04 00 cd 01 00 00 e3 03 0f 00 00 00 01 00 00 00 00 16 80 bc 55 00 50 04 00 d5 01 00 00 e3 
03 05 00 00 00 01 00 00 00 00 16 80 bc 55 00 51 04 00 36 02 00 00 37 02 0a 00 00 00 01 00 00 00 
00 16 80 bc 55 00 52 04 00 74 02 00 00 34 02 1e 00 00 00 01 00 00 00 00 16 80 bc 15 00 53 04 00 
11 00 00 00 ab 00 0d 00 00 00 01 00 00 00 00 16 80 bc 15 00 54 04 00 11 00 00 00 0a 02 4d 00 00 
00 01 00 00 00 00 16 80 bc 15 00 55 04 00 11 00 00 00 f2 03 34 00 00 00 01 00 00 00 00 16 80 bc 
15 00 56 04 00 11 00 00 00 ed 03 4d 00 00 00 01 00 00 00 00 16 80 bc 15 00 57 04 00 11 00 00 00 
9f 00 19 00 00 00 01 00 00 00 00 16 80 bc 15 00 58 04 00 11 00 00 00 f1 03 34 00 00 00 01 00 00 
00 00 16 80 bc 15 00 59 04 00 11 00 00 00 0c 02 34 00 00 00 01 00 00 00 00 16 80 bc 15 00 5a 04 
00 11 00 00 00 b7 00 4d 00 00 00 01 00 00 00 00 16 80 bc 15 00 5b 04 00 11 00 00 00 f3 03 46 00 
00 00 01 00 00 00 00 0b 80 bd 01 d9 00 04 00 00 f0 41 00 0b 80 bd 05 11 00 00 00 00 00 00 00 16 
80 bc 15 00 5c 04 00 11 00 00 00 ab 00 0c 00 00 00 00 00 00 00 00 16 80 bc 15 00 5d 04 00 11 00 
00 00 0a 02 4b 00 00 00 00 00 00 00 00 16 80 bc 15 00 5e 04 00 11 00 00 00 f2 03 31 00 00 00 00 
00 00 00 00 16 80 bc 15 00 5f 04 00 11 00 00 00 ed 03 4b 00 00 00 00 00 00 00 00 16 80 bc 15 00 
60 04 00 11 00 00 00 9f 00 19 00 00 00 00 00 00 00 00 16 80 bc 15 00 61 04 00 11 00 00 00 f1 03 
31 00 00 00 00 00 00 00 00 16 80 bc 15 00 62 04 00 11 00 00 00 0c 02 34 00 00 00 00 00 00 00 00 
16 80 bc 15 00 63 04 00 11 00 00 00 b7 00 46 00 00 00 00 00 00 00 00 16 80 bc 15 00 64 04 00 11 
00 00 00 f3 03 46 00 00 00 00 00 00 00 00 0b 80 bd 05 11 00 00 00 00 00 00 01 16 80 bc 15 00 5c 
04 00 11 00 00 00 ab 00 0c 00 00 00 01 00 00 00 00 16 80 bc 15 00 5d 04 00 11 00 00 00 0a 02 4b 
00 00 00 01 00 00 00 00 
....k....U.J....................U.K....................U.L......w...........n....U.M............
........U.N......s.............U.O....................U.P....................U.Q..6...7.........
....U.R..t...4...............S......................T........M.............U........4...........
..V........M.............W......................X........4.............Y........4.............Z.
.......M.............[........F..................A..................\......................]....
....K.............^........1............._........K.............`......................a........
1.............b........4.............c........F.............d........F.........................\
......................]........K........

Client->GAME [17:10:47 07/15/09] packet size: 1 CRYPTED, Flags: 7f ServerSeq: 15 ClientSeq: 165
02 
.

GAME->Client [17:10:47 07/15/09] packet size: 342 CRYPTED, Flags: 7f ServerSeq: 144 ClientSeq: 4
82 bd 76 01 49 04 01 01 8b 14 16 80 bc 15 00 5e 04 00 11 00 00 00 f2 03 31 00 00 00 01 00 00 00 
00 16 80 bc 15 00 5f 04 00 11 00 00 00 ed 03 4b 00 00 00 01 00 00 00 00 16 80 bc 15 00 60 04 00 
11 00 00 00 9f 00 19 00 00 00 01 00 00 00 00 16 80 bc 15 00 61 04 00 11 00 00 00 f1 03 31 00 00 
00 01 00 00 00 00 16 80 bc 15 00 62 04 00 11 00 00 00 0c 02 34 00 00 00 01 00 00 00 00 16 80 bc 
15 00 63 04 00 11 00 00 00 b7 00 46 00 00 00 01 00 00 00 00 16 80 bc 15 00 64 04 00 11 00 00 00 
f3 03 46 00 00 00 01 00 00 00 00 04 80 b3 11 00 16 80 bc 45 03 11 00 00 02 00 00 00 11 00 32 00 
00 00 01 00 00 00 00 04 80 b3 35 04 16 80 bc 45 03 35 04 00 62 00 00 00 35 04 00 00 00 00 01 00 
00 00 00 04 80 b3 3d 04 16 80 bc 45 03 3d 04 00 43 00 00 00 3d 04 00 00 00 00 01 00 00 00 00 04 
80 b3 3e 04 16 80 bc 45 03 3e 04 00 4f 01 00 00 3e 04 00 00 00 00 01 00 00 00 00 04 80 b3 3f 04 
16 80 bc 45 03 3f 04 00 64 01 00 00 3f 04 00 00 00 00 01 00 00 00 00 04 80 b3 40 04 16 80 bc 45 
03 40 04 00 d5 01 00 00 40 04 00 00 00 00 01 00 00 00 00 02 81 07 
..v.I..........^........1............._........K.............`......................a........1..
...........b........4.............c........F.............d........F................E..........2.
..........5....E.5..b...5.............=....E.=..C...=.............>....E.>..O...>.............?.
...E.?..d...?.............@....E.@......@.............

Client->GAME [17:10:47 07/15/09] packet size: 13 CRYPTED, Flags: 7f ServerSeq: 0 ClientSeq: 166
02 04 01 00 22 01 06 81 08 00 00 00 00 
...."........

GAME->Client [17:10:47 07/15/09] packet size: 1 CRYPTED, Flags: 7f ServerSeq: 145 ClientSeq: 6
02 
.

GAME->Client [17:10:47 07/15/09] packet size: 1 CRYPTED, Flags: 7f ServerSeq: 146 ClientSeq: 6
42 
B

GAME->Client [17:10:48 07/15/09] packet size: 1 CRYPTED, Flags: 7f ServerSeq: 147 ClientSeq: 6
42 
B

GAME->Client [17:10:48 07/15/09] packet size: 1 CRYPTED, Flags: 7f ServerSeq: 148 ClientSeq: 6
42 
B

GAME->Client [17:10:48 07/15/09] packet size: 5 CRYPTED, Flags: 7f ServerSeq: 149 ClientSeq: 6
c2 cf 76 01 49 
..v.I

Client->GAME [17:10:48 07/15/09] packet size: 1 CRYPTED, Flags: 7f ServerSeq: 5 ClientSeq: 167
02 
.

Client->GAME [17:10:48 07/15/09] packet size: 1 CRYPTED, Flags: 7f ServerSeq: 5 ClientSeq: 168
42 
B

GAME->Client [17:10:48 07/15/09] packet size: 1 CRYPTED, Flags: 7f ServerSeq: 150 ClientSeq: 6
42 
B

GAME->Client [17:10:48 07/15/09] packet size: 1 CRYPTED, Flags: 7f ServerSeq: 151 ClientSeq: 7
42 
B

Client->GAME [17:10:48 07/15/09] packet size: 13 CRYPTED, Flags: 0 ServerSeq: 0 ClientSeq: 1
22 04 01 00 00 01 06 81 51 00 00 00 00 
".......Q....

GAME->Client [17:10:49 07/15/09] packet size: 72 CRYPTED, Flags: 1 ServerSeq: 2 ClientSeq: 1
02 04 01 00 03 01 41 81 67 17 00 27 00 1c 22 00 c6 01 11 00 00 00 00 00 00 00 37 00 00 08 0e 00 
41 66 74 65 72 57 68 6f 72 75 4e 65 6f 00 0e 00 41 66 74 65 72 57 68 6f 72 75 4e 65 6f 00 02 00 
4b 00 00 00 00 00 00 00 
......A.g..'.."...........7.....AfterWhoruNeo...AfterWhoruNeo...K.......

Client->GAME [17:10:49 07/15/09] packet size: 1 CRYPTED, Flags: 2 ServerSeq: 2 ClientSeq: 2
02 
.

GAME->Client [17:10:49 07/15/09] packet size: 140 CRYPTED, Flags: 3 ServerSeq: 3 ClientSeq: 2
02 04 01 00 00 03 6f 06 0e 00 01 00 00 00 ce 76 01 49 01 44 00 34 00 72 65 73 6f 75 72 63 65 2f 
77 6f 72 6c 64 73 2f 66 69 6e 61 6c 5f 77 6f 72 6c 64 2f 73 6c 75 6d 73 5f 62 61 72 72 65 6e 73 
5f 66 75 6c 6c 2e 6d 65 74 72 00 29 00 48 61 6c 6c 6f 77 65 65 6e 5f 45 76 65 6e 74 2c 57 69 6e 
74 65 72 33 50 6c 75 73 48 61 6c 6c 6f 77 65 65 6e 54 53 45 43 00 0a 80 e5 e7 cb c0 12 00 00 00 
00 0a 80 e4 bc 58 7a 00 00 00 00 00 
......o........v.I.D.4.resource/worlds/final_world/slums_barrens_full.metr.).Halloween_Event,Win
ter3PlusHalloweenTSEC................Xz.....

Client->GAME [17:10:49 07/15/09] packet size: 6 CRYPTED, Flags: 5 ServerSeq: 3 ClientSeq: 3
02 05 02 0c 00 00 
......

Client->GAME [17:10:49 07/15/09] packet size: 8 CRYPTED, Flags: 5 ServerSeq: 3 ClientSeq: 4
02 04 01 00 01 01 01 05 
........

GAME->Client [17:10:50 07/15/09] packet size: 277 CRYPTED, Flags: f ServerSeq: 4 ClientSeq: 4
02 03 01 00 0c 0c 00 6b cd ab 29 9f 81 ff 71 02 00 00 01 41 6e 64 65 72 73 6f 6e 00 00 00 00 00 
00 00 00 00 00 00 00 00 00 00 00 00 00 00 00 00 00 00 00 02 9c d9 00 00 00 15 6d 98 1f 54 68 6f 
6d 61 73 00 00 00 00 00 00 00 00 00 00 00 00 00 00 00 00 00 00 00 00 00 00 00 00 00 00 85 0a d7 
23 40 ff fc 6f 01 00 02 28 0a 0c 00 f0 20 46 00 00 08 01 ce 81 ff f7 00 31 5e 00 00 02 ce 67 00 
41 66 74 65 72 57 68 6f 72 75 4e 65 6f 00 00 00 00 00 00 00 00 00 00 00 00 00 00 00 00 00 00 00 
00 00 00 20 d6 a7 ea c0 00 00 00 00 00 3c 94 40 00 00 00 60 e9 11 d3 40 28 0a fd 64 01 00 00 67 
00 75 d4 01 00 4b b1 00 00 00 00 73 1a e9 88 80 60 04 00 02 8e 00 00 00 f7 00 dd 00 00 00 00 80 
83 ef c0 00 00 00 00 00 44 91 c0 00 00 00 00 80 4f ec c0 81 ff 32 12 1d 0a 00 28 a8 00 30 03 02 
04 00 89 e3 1a 9b 1f 80 1c 01 11 00 00 00 67 00 02 00 00 00 00 
.......k..)...q....Anderson...............................m..Thomas.............................
#@..o...(.... F.........1^....g.AfterWhoruNeo...................... .........<.@...`...@(..d...g
.u...K.....s....`.......................D.......O....2....(..0................g......

Client->GAME [17:10:51 07/15/09] packet size: 55 CRYPTED, Flags: b ServerSeq: 4 ClientSeq: 5
02 03 02 00 02 60 08 41 6e 64 65 72 73 6f 6e 06 54 68 6f 6d 61 73 00 00 04 01 00 02 05 02 80 be 
07 3f 4e 00 10 00 00 00 08 3e 6b 00 10 00 00 00 00 02 81 48 02 0c 01 
.....`.Anderson.Thomas...........?N......>k........H...

GAME->Client [17:10:51 07/15/09] packet size: 730 CRYPTED, Flags: 1f ServerSeq: 5 ClientSeq: 5
82 fc 76 01 49 03 01 00 0c 57 02 6c cd ab 13 8e 41 2e 53 2e 50 2e 20 54 72 61 69 6e 65 65 00 00 
00 00 00 00 00 00 00 00 00 00 00 00 00 00 00 00 00 10 00 00 22 d4 e5 e7 1a 00 c6 01 80 d1 c6 06 
00 4e 0a 00 00 40 44 09 66 f0 c0 00 00 00 00 00 90 7f c0 00 00 00 28 5e aa ed c0 c0 01 83 01 03 
a8 17 71 02 b2 09 71 02 07 08 00 00 81 ec 1a 00 00 02 05 1f 00 00 01 00 0c 57 02 6d cd ab 13 8e 
41 2e 53 2e 50 2e 20 57 61 72 72 61 6e 74 00 00 00 00 00 00 00 00 00 00 00 00 00 00 00 00 00 00 
00 10 00 00 22 d4 9f f0 1a 00 c6 01 80 d1 85 09 00 58 0a 00 00 00 68 db b9 ed c0 00 00 00 00 00 
90 7f c0 00 00 00 b4 de 71 e9 c0 c0 01 83 01 02 a8 16 84 03 b2 09 84 03 07 08 00 00 81 c7 09 00 
00 02 05 1d 00 00 01 00 0c 57 02 6e cd ab 13 8e 41 2e 53 2e 50 2e 20 4d 61 6a 6f 72 00 00 00 00 
00 00 00 00 00 00 00 00 00 00 00 00 00 00 00 00 00 10 00 00 22 d4 47 f1 1a 00 c6 01 80 d1 86 09 
00 58 0a 00 00 c0 08 b8 77 f0 c0 00 00 00 00 00 90 7f c0 00 00 00 38 7a a4 ed c0 c0 01 83 01 01 
a8 16 b0 04 b2 04 b0 04 07 08 00 00 81 c7 09 00 00 02 05 1b 00 00 01 00 0c 57 02 f1 cd ab 12 8e 
41 2e 53 2e 50 2e 20 54 72 61 69 6e 65 65 00 00 00 00 00 00 00 00 00 00 00 00 00 00 00 00 00 00 
00 10 00 00 22 d4 ac e7 1a 00 c6 01 a0 e4 c1 82 09 00 58 00 00 00 0c 80 1b f1 c0 00 00 00 00 00 
90 7f c0 00 00 00 e0 f4 76 ee c0 c0 01 82 03 a8 16 58 02 b2 09 58 02 07 08 00 00 81 f0 1a 00 00 
02 05 19 00 00 01 00 0c 18 0a 4f cd ab 01 01 02 00 00 00 05 00 00 00 00 04 01 00 04 0b 16 80 bc 
56 00 65 04 00 0a 95 00 00 06 04 02 00 00 00 01 00 00 00 00 16 80 bc 56 00 66 04 00 0a 95 00 00 
b4 00 11 00 00 00 01 00 00 00 00 16 80 bc 56 00 67 04 00 0a 95 00 00 b5 00 11 00 00 00 01 00 00 
00 00 16 80 bc 56 00 68 04 00 0a 95 00 00 07 04 02 00 00 00 01 00 00 00 00 16 80 bc 56 00 a9 04 
00 0a 95 00 00 06 04 02 00 00 00 00 00 00 00 00 16 80 bc 56 00 aa 04 00 0a 95 00 00 b4 00 11 00 
00 00 00 00 00 00 00 16 80 bc 56 00 ab 04 00 0a 95 00 00 b5 00 11 00 00 00 00 00 00 00 00 16 80 
bc 56 00 ac 04 00 0a 95 00 00 07 04 02 00 00 00 00 00 00 00 00 16 80 bc 56 00 69 04 00 8a b2 00 
00 23 04 02 00 00 00 01 00 00 00 00 16 80 bc 56 00 6a 04 00 8a b2 00 00 21 04 01 00 00 00 01 00 
00 00 00 16 80 bc 56 00 6b 04 00 8a b2 00 00 b4 00 1d 00 00 00 01 00 00 00 00 
..v.I....W.l....A.S.P. Trainee......................"............N...@D.f.............(^........
..q...q..................W.m....A.S.P. Warrant......................"............X....h.........
........q................................W.n....A.S.P. Major........................".G.........
.X......w.............8z.................................W......A.S.P. Trainee..................
....".............X.....................v........X...X....................O.....................
V.e....................V.f....................V.g....................V.h....................V...
...................V......................V......................V......................V.i.....
.#.............V.j......!.............V.k.................

GAME->Client [17:10:51 07/15/09] packet size: 729 CRYPTED, Flags: 1f ServerSeq: 6 ClientSeq: 5
02 03 01 00 02 13 00 1d 00 02 0c a0 d0 d6 6d c7 00 80 fc c3 ea 96 4b c7 01 00 0c 57 02 6f cd ab 
10 8e 41 2e 53 2e 50 2e 20 4d 61 73 74 65 72 20 53 65 72 67 65 61 6e 74 00 00 00 00 00 00 00 00 
00 00 00 10 00 00 22 d0 ef 1a 00 c6 01 80 c1 82 09 00 58 00 00 00 00 a0 5e f0 c0 00 00 00 00 00 
90 7f c0 00 00 00 aa a5 c3 ed c0 c0 01 82 03 a8 16 58 02 b2 09 58 02 07 08 00 00 81 ec 1a 00 00 
02 05 17 00 00 01 00 0c 57 02 70 cd ab 11 8e 41 2e 53 2e 50 2e 20 57 61 72 72 61 6e 74 00 00 00 
00 00 00 00 00 00 00 00 00 00 00 00 00 00 00 00 10 00 00 22 d4 85 f0 1a 00 c6 01 80 c1 85 09 00 
58 00 00 80 fd 68 60 f0 c0 00 00 00 00 00 90 7f c0 00 00 00 36 6e a7 ed c0 c0 01 82 02 a8 16 84 
03 b2 09 84 03 07 08 00 00 81 c7 09 00 00 02 05 15 00 00 01 00 0c 57 02 71 cd ab 13 8e 41 2e 53 
2e 50 2e 20 54 72 61 69 6e 65 65 00 00 00 00 00 00 00 00 00 00 00 00 00 00 00 00 00 00 00 10 00 
00 22 d4 9b e7 1a 00 c6 01 80 d1 82 09 00 58 0a 00 00 00 34 60 6e ee c0 00 00 00 00 00 90 7f c0 
00 00 80 a3 96 0f ef c0 c0 01 83 01 03 a8 16 58 02 b2 09 58 02 07 08 00 00 81 f0 1a 00 00 02 05 
13 00 00 01 00 08 90 05 fe 04 d0 0f c6 cd ab 02 11 00 00 00 00 e0 fa f0 c0 00 00 00 40 51 59 a3 
40 00 00 00 00 40 7d ea c0 00 00 00 00 60 83 6c bf 00 00 00 00 12 ef c3 3e 11 00 00 01 00 08 50 
02 f3 0c 60 4f 25 cd ab 02 09 00 00 00 00 80 83 ef c0 00 00 00 00 00 ac 90 c0 00 00 00 00 00 43 
ec c0 00 00 00 00 00 00 80 3f 00 00 00 00 2e bd 3b b3 0d 00 00 01 00 02 14 00 05 00 01 cf 00 75 
d4 01 00 01 00 00 00 40 f7 00 f7 00 00 00 04 01 00 0f 0a 16 80 bc 56 00 6c 04 00 8a b2 00 00 09 
04 1d 00 00 00 01 00 00 00 00 16 80 bc 56 00 6d 04 00 8a b2 00 00 9d 00 1d 00 00 00 01 00 00 00 
00 16 80 bc 56 00 6e 04 00 8a b2 00 00 06 04 01 00 00 00 01 00 00 00 00 16 80 bc 56 00 ad 04 00 
8a b2 00 00 23 04 02 00 00 00 00 00 00 00 00 16 80 bc 56 00 ae 04 00 8a b2 00 00 21 04 01 00 00 
00 00 00 00 00 00 16 80 bc 56 00 af 04 00 8a b2 00 00 b4 00 1d 00 00 00 00 00 00 00 00 16 80 bc 
56 00 b0 04 00 8a b2 00 00 09 04 1d 00 00 00 00 00 00 00 00 16 80 bc 56 00 b1 04 00 8a b2 00 00 
9d 00 1d 00 00 00 00 00 00 00 00 16 80 bc 56 00 b2 04 00 8a b2 00 00 06 04 01 00 00 00 00 00 00 
00 00 16 80 bc 56 00 6f 04 00 24 b3 00 00 89 02 02 00 00 00 01 00 00 00 00 
..............m.......K....W.o....A.S.P. Master Sergeant.............."...........X.....^.......
.................X...X..................W.p....A.S.P. Warrant......................"............
X....h`.............6n................................W.q....A.S.P. Trainee.....................
."............X....4`n.........................X...X........................................@QY.
@....@}......`.l........>......P...`O%.........................C.........?......;..............u
.......@..............V.l....................V.m....................V.n....................V....
....#.............V........!.............V......................V......................V........
..............V......................V.o..$..............

Client->GAME [17:10:51 07/15/09] packet size: 1 CRYPTED, Flags: 17 ServerSeq: 5 ClientSeq: 6
02 
.

Client->GAME [17:10:51 07/15/09] packet size: 1 CRYPTED, Flags: 2f ServerSeq: 6 ClientSeq: 7
02 
.

GAME->Client [17:10:51 07/15/09] packet size: 716 CRYPTED, Flags: 1f ServerSeq: 7 ClientSeq: 5
02 03 01 00 02 13 00 1d 00 02 0c 9f 9d de 6d c7 00 80 fc c3 1c 9f 4b c7 01 00 0c 57 02 72 cd ab 
12 8e 41 2e 53 2e 50 2e 20 4d 61 6a 6f 72 00 00 00 00 00 00 00 00 00 00 00 00 00 00 00 00 00 00 
00 00 00 10 00 00 22 d4 1e f1 1a 00 c6 01 80 c1 86 09 00 58 00 00 80 03 5b 2b f0 c0 00 00 00 00 
00 44 91 c0 00 00 00 c8 3d 5f e9 c0 c0 01 83 04 01 a8 16 b0 04 b2 04 b0 04 07 08 00 00 81 c7 09 
00 00 02 05 0f 00 00 01 00 0c 57 02 73 cd ab 13 8e 41 2e 53 2e 50 2e 20 4d 61 73 74 65 72 20 53 
65 72 67 65 61 6e 74 00 00 00 00 00 00 00 00 00 00 00 10 00 00 22 d4 a5 ef 1a 00 c6 01 80 d1 83 
09 00 58 0a 00 00 00 cc 5c 7c ed c0 00 00 00 00 00 90 7f c0 00 00 00 e0 e8 6b e9 c0 c0 01 83 01 
03 a8 16 58 02 b2 09 58 02 07 08 00 00 81 ec 1a 00 00 02 05 0b 00 00 01 00 0c 57 02 f4 cd ab 14 
8e 41 2e 53 2e 50 2e 20 57 61 72 72 61 6e 74 00 00 00 00 00 00 00 00 00 00 00 00 00 00 00 00 00 
00 00 10 00 00 22 d5 86 68 f0 1a 00 c6 01 a0 08 c3 85 09 00 58 4c 0a 00 28 00 00 00 7a 18 c8 f0 
c0 00 00 00 00 00 c0 57 40 00 00 00 fc 26 da ea c0 c0 01 82 02 a8 16 84 03 b2 09 84 03 07 08 00 
00 81 c7 09 00 00 02 05 09 00 00 01 00 0c 57 02 f0 cd ab 14 8e 41 2e 53 2e 50 2e 20 4d 61 6a 6f 
72 00 00 00 00 00 00 00 00 00 00 00 00 00 00 00 00 00 00 00 00 00 10 00 00 22 d5 ef 12 f1 1a 00 
c6 01 80 c3 87 09 00 58 4c 0a 00 28 00 00 00 82 50 28 f1 c0 00 00 00 00 00 90 7f c0 00 00 00 c0 
7b b6 ee c0 c0 01 83 05 01 a8 16 b0 04 b2 04 b0 04 07 08 00 00 81 c7 09 00 00 02 05 07 00 00 00 
00 04 01 00 19 0a 16 80 bc 56 00 70 04 00 24 b3 00 00 1a 04 01 00 00 00 01 00 00 00 00 16 80 bc 
56 00 71 04 00 24 b3 00 00 b4 00 21 00 00 00 01 00 00 00 00 16 80 bc 56 00 72 04 00 24 b3 00 00 
09 04 21 00 00 00 01 00 00 00 00 16 80 bc 56 00 73 04 00 24 b3 00 00 15 04 02 00 00 00 01 00 00 
00 00 16 80 bc 56 00 74 04 00 24 b3 00 00 b5 00 21 00 00 00 01 00 00 00 00 16 80 bc 56 00 b3 04 
00 24 b3 00 00 89 02 02 00 00 00 00 00 00 00 00 16 80 bc 56 00 b4 04 00 24 b3 00 00 1a 04 01 00 
00 00 00 00 00 00 00 16 80 bc 56 00 b5 04 00 24 b3 00 00 b4 00 21 00 00 00 00 00 00 00 00 16 80 
bc 56 00 b6 04 00 24 b3 00 00 09 04 21 00 00 00 00 00 00 00 00 16 80 bc 56 00 b7 04 00 24 b3 00 
00 15 04 02 00 00 00 00 00 00 00 00 
..............m.......K....W.r....A.S.P. Major........................"............X....[+......
.D......=_................................W.s....A.S.P. Master Sergeant.............."..........
..X.....\|...............k.........X...X..................W......A.S.P. Warrant.................
....."..h...........XL..(...z..........W@....&................................W......A.S.P. Majo
r........................".............XL..(....P(..............{...............................
.........V.p..$.................V.q..$.....!...........V.r..$.....!...........V.s..$............
.....V.t..$.....!...........V....$.................V....$.................V....$.....!..........
.V....$.....!...........V....$..............

Client->GAME [17:10:51 07/15/09] packet size: 1 CRYPTED, Flags: 5f ServerSeq: 7 ClientSeq: 8
02 
.

GAME->Client [17:10:51 07/15/09] packet size: 712 CRYPTED, Flags: 7f ServerSeq: 8 ClientSeq: 7
02 03 01 00 02 13 00 0f 00 02 0c 2d d8 5a 81 c7 00 20 8a c4 ee f9 4a c7 01 00 02 13 00 0b 00 02 
0c a4 ac f8 6b c7 00 80 fc c3 25 71 4b c7 01 00 02 14 00 07 00 02 0e 05 03 84 42 89 c7 00 80 fc 
c3 de b3 75 c7 01 00 0c 57 02 f3 cd ab 13 8e 41 2e 53 2e 50 2e 20 4d 61 73 74 65 72 20 53 65 72 
67 65 61 6e 74 00 00 00 00 00 00 00 00 00 00 00 10 00 00 22 d5 ef b9 ef 1a 00 c6 01 80 c3 83 09 
00 58 4c 0a 00 28 00 00 00 a4 87 08 f1 c0 00 00 00 00 00 90 7f c0 00 00 00 f8 af 7a ee c0 c0 01 
82 03 a8 17 71 02 b2 09 71 02 07 08 00 00 81 ec 1a 00 00 02 05 03 00 00 1d 00 02 0c 9f 11 f6 6d 
c7 00 80 fc c3 58 b7 4b c7 05 00 01 00 07 28 0a 28 0a 00 1c 7c c7 00 20 8a c4 00 7c 62 c7 00 00 
04 01 00 23 15 16 80 bc 56 00 b8 04 00 24 b3 00 00 b5 00 21 00 00 00 00 00 00 00 00 16 80 bc 56 
00 75 04 00 95 a7 00 00 b4 00 12 00 00 00 01 00 00 00 00 16 80 bc 56 00 76 04 00 95 a7 00 00 b5 
00 12 00 00 00 01 00 00 00 00 16 80 bc 56 00 77 04 00 95 a7 00 00 09 04 12 00 00 00 01 00 00 00 
00 16 80 bc 56 00 78 04 00 95 a7 00 00 70 00 0f 00 00 00 01 00 00 00 00 16 80 bc 56 00 b9 04 00 
95 a7 00 00 b4 00 12 00 00 00 00 00 00 00 00 16 80 bc 56 00 ba 04 00 95 a7 00 00 b5 00 12 00 00 
00 00 00 00 00 00 16 80 bc 56 00 bb 04 00 95 a7 00 00 09 04 12 00 00 00 00 00 00 00 00 16 80 bc 
56 00 bc 04 00 95 a7 00 00 70 00 0f 00 00 00 00 00 00 00 00 16 80 bc 56 00 79 04 00 2c b3 00 00 
17 04 01 00 00 00 01 00 00 00 00 16 80 bc 56 00 7a 04 00 2c b3 00 00 b4 00 21 00 00 00 01 00 00 
00 00 16 80 bc 56 00 7b 04 00 2c b3 00 00 09 04 21 00 00 00 01 00 00 00 00 16 80 bc 56 00 7c 04 
00 2c b3 00 00 12 04 02 00 00 00 01 00 00 00 00 16 80 bc 56 00 7d 04 00 2c b3 00 00 07 04 02 00 
00 00 01 00 00 00 00 16 80 bc 56 00 7e 04 00 2c b3 00 00 b5 00 21 00 00 00 01 00 00 00 00 16 80 
bc 56 00 bd 04 00 2c b3 00 00 17 04 01 00 00 00 00 00 00 00 00 16 80 bc 56 00 be 04 00 2c b3 00 
00 b4 00 21 00 00 00 00 00 00 00 00 16 80 bc 56 00 bf 04 00 2c b3 00 00 09 04 21 00 00 00 00 00 
00 00 00 16 80 bc 56 00 c0 04 00 2c b3 00 00 12 04 02 00 00 00 00 00 00 00 00 16 80 bc 56 00 c1 
04 00 2c b3 00 00 07 04 02 00 00 00 00 00 00 00 00 16 80 bc 56 00 c2 04 00 2c b3 00 00 b5 00 21 
00 00 00 00 00 00 00 00 
...........-.Z... ....J.............k.....%qK.............B........u....W......A.S.P. Master Ser
geant..............".............XL..(.....................z........q...q......................m
.....X.K......(.(...|.. ...|b......#....V....$.....!...........V.u....................V.v.......
.............V.w....................V.x......p.............V......................V.............
.........V......................V........p.............V.y..,.................V.z..,.....!......
.....V.{..,.....!...........V.|..,.................V.}..,.................V.~..,.....!..........
.V....,.................V....,.....!...........V....,.....!...........V....,.................V..
..,.................V....,.....!........

Client->GAME [17:10:51 07/15/09] packet size: 1 CRYPTED, Flags: 3f ServerSeq: 8 ClientSeq: 9
02 
.

GAME->Client [17:10:51 07/15/09] packet size: 707 CRYPTED, Flags: 7f ServerSeq: 9 ClientSeq: 8
02 03 1d 00 02 0e 04 ab a2 06 6e c7 00 80 fc c3 e9 c7 4b c7 1b 00 02 08 80 8e 83 c7 00 80 fc c3 
37 34 6d c7 13 00 02 08 9d ab 73 c7 00 80 fc c3 3e c5 78 c7 0f 00 02 0c 43 d8 5a 81 c7 00 20 8a 
c4 ee f9 4a c7 07 00 02 0e 01 ed cf 47 89 c7 00 80 fc c3 d8 9e 75 c7 00 00 04 02 00 38 0b 16 80 
bc 56 00 7f 04 00 c3 b2 00 00 89 02 02 00 00 00 01 00 00 00 00 16 80 bc 56 00 80 04 00 c3 b2 00 
00 21 04 02 00 00 00 01 00 00 00 00 16 80 bc 56 00 81 04 00 c3 b2 00 00 b4 00 1f 00 00 00 01 00 
00 00 00 16 80 bc 56 00 82 04 00 c3 b2 00 00 09 04 1f 00 00 00 01 00 00 00 00 16 80 bc 56 00 83 
04 00 c3 b2 00 00 1e 04 01 00 00 00 01 00 00 00 00 16 80 bc 56 00 84 04 00 c3 b2 00 00 9d 00 1f 
00 00 00 01 00 00 00 00 16 80 bc 56 00 c3 04 00 c3 b2 00 00 89 02 02 00 00 00 00 00 00 00 00 16 
80 bc 56 00 c4 04 00 c3 b2 00 00 21 04 02 00 00 00 00 00 00 00 00 16 80 bc 56 00 c5 04 00 c3 b2 
00 00 b4 00 1f 00 00 00 00 00 00 00 00 16 80 bc 56 00 c6 04 00 c3 b2 00 00 09 04 1f 00 00 00 00 
00 00 00 00 16 80 bc 56 00 c7 04 00 c3 b2 00 00 1e 04 01 00 00 00 00 00 00 00 00 00 43 10 16 80 
bc 56 00 c8 04 00 c3 b2 00 00 9d 00 1f 00 00 00 00 00 00 00 00 16 80 bc 15 00 a0 04 00 11 00 00 
00 ab 00 0d 00 00 00 01 00 00 00 00 16 80 bc 15 00 a1 04 00 11 00 00 00 0a 02 4d 00 00 00 01 00 
00 00 00 16 80 bc 15 00 a2 04 00 11 00 00 00 f2 03 34 00 00 00 01 00 00 00 00 16 80 bc 15 00 a3 
04 00 11 00 00 00 ed 03 4d 00 00 00 01 00 00 00 00 16 80 bc 15 00 a4 04 00 11 00 00 00 9f 00 19 
00 00 00 01 00 00 00 00 16 80 bc 15 00 a5 04 00 11 00 00 00 f1 03 34 00 00 00 01 00 00 00 00 16 
80 bc 15 00 a6 04 00 11 00 00 00 0c 02 34 00 00 00 01 00 00 00 00 16 80 bc 15 00 a7 04 00 11 00 
00 00 b7 00 4d 00 00 00 01 00 00 00 00 16 80 bc 15 00 a8 04 00 11 00 00 00 f3 03 46 00 00 00 01 
00 00 00 00 0b 80 bd 05 11 00 00 00 00 00 00 00 16 80 bc 15 00 c9 04 00 11 00 00 00 ab 00 0d 00 
00 00 00 00 00 00 00 16 80 bc 15 00 ca 04 00 11 00 00 00 0a 02 4d 00 00 00 00 00 00 00 00 16 80 
bc 15 00 cb 04 00 11 00 00 00 f2 03 34 00 00 00 00 00 00 00 00 16 80 bc 15 00 cc 04 00 11 00 00 
00 ed 03 4d 00 00 00 00 00 00 00 00 16 80 bc 15 00 cd 04 00 11 00 00 00 9f 00 19 00 00 00 00 00 
00 00 00 
..........n.......K.............74m.......s.....>.x.....C.Z... ....J........G........u......8...
.V......................V........!.............V......................V......................V..
....................V......................V......................V........!.............V......
................V......................V....................C....V..............................
..........................M......................4......................M.......................
......................4......................4......................M......................F....
.....................................................M......................4...................
...M...............................

