Client->MRGN [17:18:51 07/04/09] packet size: 317
81 3b 01 03 00 36 01 aa bf 88 b5 39 00 14 ff d8 46 e2 7c 9e b6 ca b2 86 c7 e1 90 bd 46 ff 60 6d 
7f 8d db 6d 64 b9 59 54 2f f9 fe 1f ec ef f2 fe 61 cb 5a 04 76 58 2e e7 5f 83 0e 2c f3 f8 48 ee 
b5 93 22 c3 92 19 a3 11 86 9f d8 3c 8d 28 0e 5e ed 75 ae 3d 2b 7d 00 9c 0f 9a 8c 62 10 6f 51 ed 
2c 68 39 ca b0 0f 47 c4 74 90 0d fe 6d 77 d9 e0 66 6d fe cc 22 a9 9b c1 f0 0b 52 ea e2 b2 8f ef 
ee f3 f0 b9 f9 67 61 01 b0 f8 99 00 6c 75 69 7a 34 35 38 39 00 00 00 00 00 00 00 00 00 00 00 00 
00 00 00 00 00 00 00 00 00 00 00 00 00 00 01 00 00 00 00 8b bb 4f 4a 00 00 00 00 00 00 00 00 00 
00 00 00 00 00 00 00 00 00 00 00 00 00 00 00 00 00 00 00 00 00 00 00 00 11 98 ee 6b 9d 8a b8 0c 
91 5f 3d bc 15 28 31 fc 6f 3f 28 50 70 f1 3f 6e ca 24 32 bf c6 58 79 b0 fd c3 fc c5 2a 5f 55 1d 
01 50 f7 c5 09 48 60 bd f7 73 30 bc c9 16 d7 9d 40 3b 87 7c f4 75 58 bd 95 1a 3d 98 45 be 94 94 
e3 99 5f 4e 63 b8 e4 07 7b e1 d7 80 89 f5 9c e6 00 f8 dd 5e f2 a2 5e c8 27 c8 3d 86 26 
.;...6.....9....F.|.........F.`m...md.YT/.......a.Z.vX.._..,..H..."........<.(.^.u.=+}.....b.oQ.
,h9...G.t...mw..fm..".....R..........ga.....luiz4589.................................OJ.........
...........................k....._=..(1.o?(Pp.?n.$2..Xy.....*_U..P...H`..s0.....@;.|.uX...=.E...
.._Nc...{..........^..^.'.=.&

MRGN->Client [17:18:51 07/04/09] packet size: 102
65 02 03 00 60 00 29 e6 0e 3b 4e 1f 9d ee 15 93 08 f8 db b0 3e ed 50 0d 12 e4 01 80 bc 83 9e 2b 
f9 02 cc 9b 7c 71 27 94 93 cd 43 a4 75 cd d7 cd cb 50 04 8e 58 ce 71 8a ba 7e 7a 0e 3e a0 8a 17 
d5 5b a8 65 8d 24 00 cd cf 0f df 8f 51 12 ae 69 4f 6b 8e 7d 07 fa 23 de 62 45 42 26 07 30 b8 0a 
ec dc 39 59 e7 3e 
e...`.)..;N.........>.P........+....|q'...C.u....P..X.q..~z.>....[.e.$......Q..iOk.}..#.bEB&.0..
..9Y.>

Client->MRGN [17:18:51 07/04/09] packet size: 49
30 c8 6c 19 5b d8 1e 72 17 f9 00 9c bc 5d 19 d5 b6 5c b9 47 4c 04 2d d1 9f 36 e3 81 90 70 04 e0 
01 6b e7 57 72 e3 73 21 cd 9d f7 2e f0 d3 de 12 c9 
0.l.[..r.....]...\.GL.-..6...p...k.Wr.s!.........

MRGN->Client [17:18:51 07/04/09] packet size: 33
20 97 58 93 dc a7 59 63 1d 46 9d fb d9 4e 33 60 10 41 76 20 5f 8a 82 16 01 6c a0 da d9 fd 74 99 
44 
 .X...Yc.F...N3`.Av _....l....t.D

Client->MRGN [17:18:51 07/04/09] packet size: 65
40 d0 72 6a 2c 6d 35 c6 e6 16 65 fa d9 10 1b 1d e3 30 24 05 6d 98 1e e4 65 94 34 63 48 fa 44 ab 
6e 5c 1c 75 66 30 ec 79 ae ad 4b 23 a4 6e 19 c2 63 56 84 50 56 78 90 05 d2 b5 82 d7 ac cb 61 01 
a2 
@.rj,m5...e......0$.m...e.4cH.D.n\.uf0.y..K#.n..cV.PVx........a..

MRGN->Client [17:18:52 07/04/09] packet size: 49
30 20 39 3a 05 d0 7b 8c 29 35 15 cf e9 55 11 16 e3 f5 c1 d3 9e 86 cd 5f df a5 71 bd 9d 55 b9 7c 
9e bf 31 1a 2a b3 85 08 03 c3 34 d0 9d 26 e3 47 6a 
0 9:..{.)5...U........._..q..U.|..1.*.....4..&.Gj

Client->MRGN [17:18:52 07/04/09] packet size: 49
30 35 26 85 80 36 a4 64 ac 47 1e 90 91 8a ac ce 9d 2a 3b a5 4e c6 e9 50 fa 73 7e b5 36 39 3b 5c 
ae 3c 9b 77 31 d3 aa 46 dc bd 50 ac c6 8f 06 17 91 
05&..6.d.G.......*;.N..P.s~.69;\.<.w1..F..P......

MRGN->Client [17:18:52 07/04/09] packet size: 65
40 00 da 93 b7 f4 83 f1 25 b7 06 29 91 4b 1c 14 90 98 a3 90 e3 21 0d 94 d6 91 61 0e b1 4e 57 c0 
f1 6a ff 22 ba 40 c0 01 23 ec 62 77 79 ef 26 5a 02 44 89 c5 36 55 e6 b0 25 f7 dc 5c df e5 81 c7 
7c 
@.......%..).K.......!....a..NW..j.".@..#.bwy.&Z.D..6U..%..\....|

Client->MRGN [17:18:52 07/04/09] packet size: 65
40 1e 34 32 db 6c f0 55 7a 55 47 b0 2d 0a 97 e3 a0 05 30 69 0f d4 33 ad 23 bb 8c 31 08 ef 3b 4d 
40 72 05 27 0b 23 06 ff 77 90 27 ae dd cc 12 df 08 13 48 0f 30 7c ff f8 a4 e4 27 4c 54 1b 32 a2 
36 
@.42.l.UzUG.-.....0i..3.#..1..;M@r.'.#..w.'.......H.0|....'LT.2.6

MRGN->Client [17:18:52 07/04/09] packet size: 6
00 00 00 00 00 00 
......

MRGN->Client [17:18:53 07/04/09] packet size: 49
30 7e 2e 13 f5 87 30 e6 24 ad 07 6c 5a 88 0c 81 c2 62 f2 74 ef 16 27 9d 31 52 d1 3a 90 bc 85 be 
94 51 9b ba 94 1d 88 16 0e 1f 47 8f 09 6f 1b 2b c7 
0~....0.$..lZ....b.t..'.1R.:.....Q........G..o.+.

MRGN->Client [17:18:53 07/04/09] packet size: 6
00 00 00 00 00 00 
......

MRGN->Client [17:18:53 07/04/09] packet size: 6
00 00 00 00 00 00 
......

